source,target,user_id,label
0,1,[432898],SG
0,2,[264679],SG
0,3,"[149886, 176750, 226924, 273864, 288714, 303696, 472947, 913899, 923982]",SG
1,3,[432898],SG
0,8,[474879],SG
3,8,"[149886, 215374, 288714, 303696, 343202, 432898, 472947, 516389, 913899]",SG
4,8,[923982],SG
5,8,[226924],SG
6,8,"[176750, 915090]",SG
0,11,[301967],SG
4,11,"[132519, 180230, 205800, 273864, 312415]",SG
5,11,[132519],SG
6,11,"[273864, 355812]",SG
7,11,"[438114, 711978]",SG
9,11,"[147391, 188309, 188588, 280880, 465308, 866133, 911734, 997163]",SG
10,11,"[131516, 717621, 866133]",SG
0,12,[317586],SG
3,12,[468551],SG
4,12,[273864],SG
5,12,[264679],SG
6,12,[273864],SG
7,12,"[288714, 923982]",SG
8,12,"[149886, 215374, 226924, 226985, 288714, 472947, 626547, 913899, 923982]",SG
9,12,[176750],SG
0,16,[223109],SG
4,16,"[106174, 465004]",SG
5,16,"[106174, 465004]",SG
7,16,"[402831, 820248]",SG
9,16,[285090],SG
11,16,"[188588, 465308, 717621, 911734]",SG
12,16,"[116517, 215374, 423611]",SG
13,16,"[717621, 911734]",SG
14,16,[478530],SG
0,19,"[146032, 178285, 223109]",SG
3,19,"[150269, 278491]",SG
4,19,[465004],SG
5,19,[465004],SG
8,19,"[303696, 343202]",SG
11,19,[273864],SG
12,19,"[116517, 149886, 176750, 215374, 226924, 273864, 317586, 423611, 468551, 538133, 626547, 913899, 923982]",SG
13,19,[149886],SG
0,21,[580829],SG
5,21,[365367],SG
7,21,[598886],SG
8,21,[266177],SG
9,21,"[209276, 345624]",SG
11,21,"[273864, 301967, 911734]",SG
12,21,"[273864, 317586]",SG
13,21,"[423878, 805158, 911734]",SG
14,21,[476566],SG
1,4,"[132519, 221900, 465308]",SG
2,4,"[221900, 274953, 280880, 476566]",SG
3,4,"[273864, 923982]",SG
1,5,"[114932, 132519, 332635, 574109]",SG
2,5,"[200898, 264679]",SG
3,5,[226924],SG
1,6,"[221900, 285090, 355812]",SG
2,6,"[221900, 280880]",SG
3,6,"[176750, 273864]",SG
1,7,"[251114, 397953, 438114, 866133]",SG
2,7,"[355661, 478530, 866133]",SG
3,7,[288714],SG
4,7,"[262442, 274953, 412666, 476566, 530327, 598886, 711978, 923982]",SG
6,7,"[120286, 390199, 598886, 915090]",SG
1,10,[717621],SG
2,10,"[482512, 534619]",SG
4,10,[957568],SG
5,10,"[195808, 332635, 957568]",SG
7,10,"[131516, 231893, 274953, 355661, 478530, 866133, 915090]",SG
8,10,[915090],SG
2,9,[482512],SG
4,9,"[147391, 280880, 345624, 465308, 835363]",SG
5,9,"[188309, 332635]",SG
6,9,"[147391, 280880, 285090, 835363]",SG
7,9,"[188588, 866133, 911734, 997163]",SG
8,9,[176750],SG
2,14,[498303],SG
4,14,[132519],SG
5,14,"[132519, 264679]",SG
7,14,[476566],SG
9,14,"[108228, 866133]",SG
10,14,"[115022, 478530, 534619, 866133, 1005767, 1059459]",SG
2,15,[145478],SG
4,15,[460243],SG
6,15,[460243],SG
7,15,[417444],SG
9,15,[482512],SG
10,15,"[231893, 274953, 355661, 482512]",SG
11,15,"[180230, 188309, 188588, 866133]",SG
14,15,"[476566, 478530, 534619, 866133, 1005767, 1059459]",SG
2,17,[145478],SG
4,17,[460243],SG
5,17,"[200898, 499127]",SG
6,17,[460243],SG
7,17,"[251114, 397953]",SG
8,17,[227628],SG
10,17,[336247],SG
11,17,"[131516, 180230, 188309, 309886]",SG
12,17,"[226924, 626547]",SG
13,17,"[114932, 274132, 390199, 519327, 574109, 578902, 867805]",SG
14,17,[1005767],SG
2,28,[876768],SG
14,28,[498303],SG
15,28,[355661],SG
16,28,"[285090, 402831, 524668]",SG
17,28,[397953],SG
18,28,"[278491, 355661, 957568]",SG
19,28,[278491],SG
20,28,"[397953, 957568]",SG
22,28,"[226924, 273864]",SG
23,28,"[164308, 180230, 206416, 273864, 711978]",SG
24,28,"[133917, 365367, 538133]",SG
3,18,[278491],SG
4,18,[206416],SG
5,18,[206416],SG
7,18,"[120286, 412666]",SG
8,18,[516389],SG
9,18,[332635],SG
10,18,"[231893, 332635, 355661, 957568]",SG
11,18,"[132519, 147391, 205800]",SG
12,18,"[176750, 913899]",SG
13,18,"[193191, 384542, 874591]",SG
14,18,[132519],SG
4,13,[874591],SG
5,13,"[114932, 264679, 274132, 574109]",SG
6,13,[874591],SG
7,13,"[288714, 390199, 438114, 578902]",SG
8,13,"[149886, 288714]",SG
9,13,[911734],SG
10,13,"[717621, 915090]",SG
4,24,[130184],SG
9,24,[835363],SG
10,24,[133917],SG
15,24,"[482512, 508797]",SG
16,24,"[120248, 465308, 820248]",SG
17,24,"[131516, 227628, 508797, 574109]",SG
18,24,"[147391, 193191]",SG
20,24,[997163],SG
21,24,"[266177, 301967, 365367]",SG
22,24,"[115334, 176750, 274953, 538133]",SG
23,24,"[115022, 115334, 176750, 262442, 274953, 343202, 476566, 1004644]",SG
4,25,"[221900, 625091]",SG
6,25,"[221900, 223786]",SG
8,25,[432898],SG
11,25,"[157246, 312415]",SG
14,25,[437974],SG
15,25,"[355661, 535838]",SG
16,25,"[106174, 285090, 524668, 535838]",SG
17,25,"[114932, 274132, 499127, 519327, 867805]",SG
18,25,"[120286, 132519, 278491, 332635, 355661, 384542]",SG
19,25,"[146032, 278491]",SG
20,25,"[120286, 332635]",SG
21,25,"[209276, 423878]",SG
22,25,"[149886, 178285, 273864, 317586]",SG
23,25,"[119521, 179416, 188588, 206416, 273864, 317586, 711978, 866133, 1030140]",SG
24,25,"[115022, 130184, 133917, 259132, 476566, 482512, 508797, 997163, 1004644, 1029987]",SG
7,20,"[120286, 262442, 397953, 412666, 530327]",SG
9,20,"[332635, 345624]",SG
10,20,"[332635, 957568]",SG
11,20,"[188588, 273864, 309886, 711978, 866133, 911734, 997163]",SG
12,20,"[273864, 317586]",SG
13,20,"[390199, 874591, 911734]",SG
14,20,[866133],SG
8,26,"[432898, 474879]",SG
12,26,[288714],SG
13,26,[288714],SG
16,26,"[116517, 524668]",SG
18,26,[278491],SG
19,26,"[116517, 278491]",SG
22,26,"[149886, 178285, 215374, 226924, 236344, 303696, 317586, 913899, 923982]",SG
23,26,[317586],SG
24,26,"[176750, 274953, 538133]",SG
10,23,[164308],SG
11,23,"[280880, 438114]",SG
13,23,[438114],SG
14,23,[115022],SG
15,23,"[180230, 188588, 231893, 274953, 476566, 866133]",SG
16,23,[188588],SG
17,23,"[180230, 309886, 390199, 1004644]",SG
18,23,"[176750, 206416, 231893, 412666, 874591]",SG
19,23,"[176750, 273864, 317586, 343202]",SG
20,23,"[179416, 188588, 262442, 273864, 309886, 317586, 390199, 412666, 530327, 711978, 866133, 874591, 1030140]",SG
21,23,"[273864, 317586, 476566, 598886, 1030140]",SG
10,32,[195808],SG
21,32,"[580829, 805158]",SG
23,32,[530327],SG
24,32,[115334],SG
25,32,"[223786, 259132, 273864, 524668, 535838, 1030140, 1163901]",SG
26,32,"[524668, 538133]",SG
27,32,"[131516, 273864]",SG
28,32,"[273864, 524668, 538133]",SG
11,27,[312415],SG
14,27,[498303],SG
15,27,"[417444, 478530]",SG
16,27,[478530],SG
18,27,[332635],SG
20,27,[332635],SG
22,27,[273864],SG
23,27,"[188588, 231893, 273864, 390199, 866133]",SG
24,27,"[115022, 131516, 266177, 274953, 508797]",SG
11,40,[355812],SG
17,40,[200898],SG
25,40,[384542],SG
29,40,"[530327, 1030140]",SG
30,40,[215374],SG
31,40,[530327],SG
32,40,"[530327, 1030140]",SG
33,40,[273864],SG
34,40,"[133917, 188588, 1005767, 1163901]",SG
35,40,"[119521, 133917, 188588, 273864, 309886]",SG
12,22,"[226985, 472947]",SG
15,22,[274953],SG
16,22,[215374],SG
17,22,[226924],SG
18,22,"[176750, 913899]",SG
19,22,"[149886, 176750, 178285, 215374, 226924, 273864, 303696, 317586, 468551, 538133, 913899, 923982]",SG
20,22,"[273864, 317586]",SG
21,22,"[273864, 317586]",SG
14,34,[108228],SG
15,34,[1005767],SG
17,34,[1005767],SG
25,34,"[133917, 393439]",SG
27,34,[390199],SG
28,34,"[133917, 876768]",SG
29,34,"[145478, 157246, 188588, 520056]",SG
31,34,"[188588, 189769, 478530, 717621]",SG
32,34,"[195808, 1163901]",SG
15,29,[145478],SG
16,29,"[843577, 1031383]",SG
17,29,"[145478, 336247, 626547]",SG
18,29,[205800],SG
19,29,[626547],SG
21,29,[805158],SG
22,29,[226985],SG
23,29,"[280880, 438114, 530327, 874591]",SG
24,29,"[120248, 262442, 465308]",SG
25,29,"[132519, 157246, 179416, 188588, 209276, 221900, 259132, 273864, 285090, 432898, 437974, 482512, 508797, 625091, 711978, 997163, 1030140]",SG
26,29,"[176750, 226924, 274953, 432898]",SG
27,29,"[188588, 231893, 273864, 274953, 508797, 520056]",SG
28,29,"[164308, 226924, 273864, 285090, 711978]",SG
15,31,"[460243, 1059459]",SG
16,31,"[189769, 717621]",SG
17,31,[460243],SG
23,31,[530327],SG
24,31,[262442],SG
25,31,"[188588, 312415, 332635, 355661, 476566, 482512, 508797]",SG
26,31,[274953],SG
27,31,"[188588, 231893, 274953, 312415, 332635, 417444, 478530, 508797]",SG
28,31,"[164308, 355661]",SG
16,30,"[465004, 843577]",SG
18,30,[516389],SG
19,30,[465004],SG
21,30,[580829],SG
22,30,[226985],SG
24,30,[343202],SG
25,30,"[146032, 149886, 273864, 278491, 317586, 625091, 1216244]",SG
26,30,"[116517, 149886, 176750, 215374, 226924, 278491, 288714, 317586, 538133, 923982, 1216244]",SG
27,30,[273864],SG
28,30,"[226924, 273864, 278491, 538133]",SG
16,33,[223109],SG
19,33,"[150269, 223109]",SG
25,33,[178285],SG
26,33,"[178285, 236344, 303696, 474879]",SG
29,33,"[176750, 226924, 273864, 432898, 625091, 626547, 843577, 1031383]",SG
30,33,"[149886, 176750, 226924, 273864, 278491, 317586, 343202, 465004, 538133, 625091, 843577, 923982]",SG
32,33,"[273864, 538133]",SG
16,35,[223109],SG
19,35,[223109],SG
20,35,[345624],SG
21,35,[345624],SG
23,35,[309886],SG
24,35,"[147391, 193191, 820248]",SG
25,35,"[119521, 120286, 130184, 133917, 1029987]",SG
28,35,"[133917, 180230]",SG
29,35,"[157246, 176750, 188588, 209276, 259132, 273864, 274953, 280880, 285090, 520056, 625091, 711978, 997163]",SG
30,35,"[176750, 273864, 343202, 625091, 923982]",SG
31,35,"[188588, 274953, 476566]",SG
32,35,"[115334, 259132, 273864]",SG
16,38,[423611],SG
19,38,[423611],SG
29,38,"[226985, 530327]",SG
30,38,"[116517, 146032, 226985, 288714, 1216244]",SG
31,38,[530327],SG
32,38,[530327],SG
33,38,"[149886, 176750, 226924, 273864, 278491, 303696, 317586, 432898, 465004, 538133, 923982, 1031383]",SG
35,38,"[176750, 273864, 274953, 923982]",SG
16,42,[423611],SG
19,42,[423611],SG
25,42,"[106174, 114932, 115022, 206416, 423878]",SG
27,42,[115022],SG
28,42,[206416],SG
29,42,"[132519, 221900, 262442, 874591]",SG
30,42,[146032],SG
31,42,[262442],SG
32,42,[524668],SG
33,42,[843577],SG
34,42,[520056],SG
35,42,"[147391, 259132, 520056, 997163]",SG
17,36,"[251114, 578902]",SG
24,36,"[301967, 574109]",SG
25,36,[499127],SG
27,36,[498303],SG
28,36,"[402831, 498303, 957568]",SG
29,36,[120248],SG
30,36,[580829],SG
32,36,"[223786, 580829]",SG
33,36,"[176750, 226924, 432898, 1031383]",SG
34,36,"[108228, 145478, 189769, 393439, 717621]",SG
35,36,"[176750, 193191, 285090]",SG
17,37,[200898],SG
24,37,[835363],SG
25,37,[206416],SG
28,37,[206416],SG
29,37,"[179416, 221900, 437974, 438114, 530327, 1030140]",SG
31,37,"[332635, 530327]",SG
32,37,"[530327, 1030140]",SG
33,37,[317586],SG
34,37,"[188588, 390199]",SG
35,37,"[147391, 188588, 209276, 259132, 274953, 280880, 285090, 309886, 345624, 711978, 1029987]",SG
17,41,[251114],SG
25,41,[115022],SG
27,41,"[115022, 498303]",SG
28,41,[498303],SG
29,41,"[164308, 262442]",SG
31,41,"[164308, 262442, 332635, 355661]",SG
34,41,"[133917, 145478, 188588, 189769, 390199, 520056]",SG
35,41,"[133917, 180230, 188588, 274953, 520056]",SG
24,39,[301967],SG
25,39,"[519327, 867805]",SG
29,39,"[164308, 336247, 805158]",SG
31,39,"[164308, 355661, 460243]",SG
32,39,"[535838, 805158]",SG
33,39,"[149886, 625091, 626547, 923982]",SG
34,39,[390199],SG
35,39,"[120286, 180230, 274953, 345624, 625091, 820248, 923982, 1029987]",SG
24,45,[227628],SG
33,45,"[150269, 223109, 236344]",SG
35,45,[223109],SG
37,45,[530327],SG
38,45,"[278491, 530327, 1216244]",SG
40,45,[530327],SG
43,45,"[116517, 146032, 149886, 176750, 215374, 226924, 288714, 317586, 538133, 626547, 923982]",SG
29,44,[482512],SG
31,44,[482512],SG
32,44,[131516],SG
34,44,[876768],SG
36,44,"[251114, 393439, 432898]",SG
37,44,"[274953, 711978]",SG
38,44,"[274953, 423611, 432898]",SG
39,44,"[274953, 625091]",SG
40,44,[119521],SG
41,44,"[251114, 274953]",SG
42,44,[423611],SG
31,46,[1059459],SG
34,46,[478530],SG
36,46,"[145478, 189769, 498303]",SG
37,46,[188588],SG
40,46,"[133917, 188588]",SG
41,46,"[133917, 145478, 188588, 189769, 262442, 498303]",SG
42,46,"[132519, 262442]",SG
43,46,[303696],SG
44,46,[274953],SG
33,43,[474879],SG
36,43,"[176750, 226924]",SG
37,43,[317586],SG
38,43,"[116517, 146032, 149886, 176750, 226924, 273864, 288714, 303696, 317586, 423611, 538133, 923982]",SG
39,43,"[149886, 626547, 923982]",SG
40,43,"[215374, 273864]",SG
42,43,"[146032, 423611]",SG
