source,target,user_id,label
0,48,187833,4
0,173,427250,4
44,173,"270220, 314647, 427096, 573259, 602580, 616689, 739860, 751640",4
47,173,314647,4
48,173,187833,4
51,173,118478,4
142,173,"903640, 957469",4
143,173,"110899, 425954, 464331, 903640, 957469",2
1,26,622027,4
2,26,"622027, 754685",4
4,26,"622027, 754685",4
5,26,622027,4
6,26,"622027, 754685",4
7,26,"555714, 565366",4
8,26,"555714, 565366",4
9,26,"555714, 565366, 622027, 754685",4
10,26,"555714, 565366, 761107",4
11,26,622027,4
1,30,622027,4
2,30,"622027, 754685",4
4,30,"622027, 754685",4
5,30,622027,4
6,30,"622027, 754685",4
7,30,"555714, 565366",4
8,30,"555714, 565366",4
9,30,"555714, 565366, 622027, 754685",4
10,30,"555714, 565366",4
11,30,622027,4
1,31,752568,4
2,31,"752568, 754685",4
4,31,"752568, 754685",4
5,31,"471775, 752568",4
6,31,"752568, 754685",4
7,31,752568,4
8,31,752568,4
9,31,"471775, 752568, 754685",4
10,31,752568,4
11,31,"471775, 752568",4
1,32,263990,4
1,33,622027,4
2,33,"622027, 754685",4
4,33,"622027, 754685",4
5,33,622027,4
6,33,"622027, 754685",4
7,33,555714,4
8,33,555714,4
9,33,"555714, 622027, 754685",4
10,33,"555714, 849812",4
11,33,622027,4
1,43,752568,4
2,43,"752568, 754685",4
4,43,"752568, 754685",4
5,43,"471775, 752568",4
6,43,"752568, 754685",4
7,43,752568,4
8,43,752568,4
9,43,"471775, 752568, 754685",4
10,43,752568,4
11,43,"471775, 752568",4
1,52,622027,4
2,52,"428202, 622027, 754685",4
3,52,610249,4
4,52,"584447, 622027, 754685",4
5,52,"471775, 622027",4
6,52,"584447, 610249, 622027, 754685",2
7,52,"428202, 555714, 565366, 584447",4
8,52,"428202, 555714, 565366, 584447",4
9,52,"428202, 471775, 555714, 565366, 584447, 622027, 754685",4
10,52,"428202, 555714, 565366, 584447",4
11,52,"471775, 622027",4
1,53,"622027, 752568",4
2,53,"622027, 752568, 754685",4
4,53,"584447, 622027, 752568, 754685",2
5,53,"471775, 622027, 752568",4
6,53,"584447, 622027, 752568, 754685",2
7,53,"584447, 752568",4
8,53,"363692, 584447, 752568",4
9,53,"471775, 519469, 584447, 622027, 752568, 754685",4
10,53,"535929, 584447, 735292, 752568, 761107, 849812",4
11,53,"471775, 622027, 752568",4
1,54,622027,4
2,54,"622027, 754685",4
4,54,"584447, 622027, 754685",4
5,54,"471775, 622027",4
6,54,"584447, 622027, 754685",4
7,54,584447,4
8,54,584447,4
9,54,"471775, 584447, 622027, 754685",4
10,54,584447,4
11,54,"471775, 622027",4
1,60,622027,4
2,60,"622027, 754685",4
4,60,"584447, 622027, 754685",4
5,60,622027,4
6,60,"584447, 622027, 754685",4
7,60,584447,4
8,60,584447,4
9,60,"584447, 622027, 754685",4
10,60,"584447, 849812",4
11,60,622027,4
1,61,622027,4
2,61,"622027, 754685",4
3,61,610249,4
4,61,"584447, 622027, 754685",4
5,61,622027,4
6,61,"584447, 610249, 622027, 754685",2
7,61,"555714, 565366, 584447",4
8,61,"555714, 565366, 584447",4
9,61,"555714, 565366, 584447, 622027, 754685",4
10,61,"555714, 565366, 584447",4
11,61,622027,4
1,62,622027,4
2,62,"622027, 754685",4
3,62,610249,4
4,62,"584447, 622027, 754685",4
5,62,622027,4
6,62,"584447, 610249, 622027, 754685",2
7,62,"555714, 565366, 584447",4
8,62,"555714, 565366, 584447",4
9,62,"555714, 565366, 584447, 622027, 754685",4
10,62,"555714, 565366, 584447, 849812",4
11,62,622027,4
1,63,622027,4
2,63,"622027, 754685",4
4,63,"584447, 622027, 754685",4
5,63,622027,4
6,63,"584447, 622027, 754685",4
7,63,584447,4
8,63,584447,4
9,63,"584447, 622027, 754685",4
10,63,"584447, 761107, 849812",4
11,63,622027,4
1,64,622027,4
2,64,"428202, 622027, 754685",4
3,64,610249,4
4,64,"584447, 622027, 754685",4
5,64,622027,4
6,64,"584447, 610249, 622027, 754685",2
7,64,"428202, 555714, 565366, 584447",4
8,64,"428202, 555714, 565366, 584447",4
9,64,"428202, 555714, 565366, 584447, 622027, 754685",4
10,64,"428202, 555714, 565366, 584447, 761107, 849812",4
11,64,622027,4
1,65,622027,4
2,65,"428202, 622027, 754685",4
3,65,610249,4
4,65,"584447, 622027, 754685",4
5,65,622027,4
6,65,"584447, 610249, 622027, 754685",2
7,65,"428202, 555714, 565366, 584447",4
8,65,"428202, 555714, 565366, 584447",4
9,65,"428202, 555714, 565366, 584447, 622027, 754685",4
10,65,"428202, 555714, 565366, 584447",4
11,65,622027,4
1,66,622027,4
2,66,"622027, 754685",4
3,66,610249,4
4,66,"584447, 622027, 754685",4
5,66,622027,4
6,66,"584447, 610249, 622027, 754685",2
7,66,"555714, 565366, 584447",4
8,66,"555714, 565366, 584447",4
9,66,"555714, 565366, 584447, 622027, 754685",4
10,66,"555714, 565366, 584447",4
11,66,622027,4
1,67,622027,4
2,67,"622027, 754685",4
3,67,610249,4
4,67,"584447, 622027, 754685",4
5,67,622027,4
6,67,"584447, 610249, 622027, 754685",2
7,67,"555714, 565366, 584447",4
8,67,"555714, 565366, 584447",4
9,67,"555714, 565366, 584447, 622027, 754685",4
10,67,"555714, 565366, 584447",4
11,67,622027,4
1,68,622027,4
2,68,"622027, 754685",4
3,68,610249,4
4,68,"584447, 622027, 754685",4
5,68,622027,4
6,68,"584447, 610249, 622027, 754685",2
7,68,"555714, 565366, 584447",4
8,68,"555714, 565366, 584447",4
9,68,"555714, 565366, 584447, 622027, 754685",4
10,68,"555714, 565366, 584447, 849812",4
11,68,622027,4
1,71,622027,4
2,71,"622027, 754685",4
4,71,"584447, 622027, 754685",4
5,71,622027,4
6,71,"584447, 622027, 754685",4
7,71,584447,4
8,71,584447,4
9,71,"584447, 622027, 754685",4
10,71,"584447, 849812",4
11,71,622027,4
2,13,428202,4
5,13,471775,4
7,13,428202,4
8,13,428202,4
9,13,"428202, 471775, 521885",4
10,13,428202,4
11,13,471775,4
2,14,428202,4
5,14,471775,4
7,14,428202,4
8,14,428202,4
9,14,"428202, 471775",4
10,14,428202,4
11,14,471775,4
2,17,428202,4
7,17,428202,4
8,17,428202,4
9,17,428202,4
10,17,428202,4
2,18,754685,4
4,18,754685,4
6,18,754685,4
9,18,754685,4
2,19,428202,4
7,19,428202,4
8,19,428202,4
9,19,428202,4
10,19,428202,4
2,23,428202,4
5,23,471775,4
7,23,428202,4
8,23,428202,4
9,23,"428202, 471775",4
10,23,428202,4
11,23,471775,4
2,24,428202,4
7,24,428202,4
8,24,428202,4
9,24,428202,4
10,24,428202,4
2,36,428202,4
7,36,428202,4
8,36,428202,4
9,36,428202,4
10,36,428202,4
2,37,754685,4
3,37,610249,4
4,37,"584447, 754685",4
6,37,"584447, 610249, 754685",4
7,37,584447,4
8,37,584447,4
9,37,"584447, 754685",4
10,37,"584447, 849812",4
2,41,754685,4
4,41,754685,4
5,41,471775,4
6,41,754685,4
9,41,"471775, 754685",4
11,41,471775,4
2,49,754685,4
4,49,754685,4
5,49,471775,4
6,49,754685,4
9,49,"471775, 754685",4
11,49,471775,4
2,57,754685,4
4,57,754685,4
6,57,754685,4
9,57,754685,4
2,72,754685,4
4,72,754685,4
6,72,754685,4
9,72,754685,4
3,34,610249,4
6,34,610249,4
3,35,610249,4
6,35,610249,4
3,38,610249,4
6,38,610249,4
5,21,471775,4
9,21,471775,4
11,21,471775,4
5,22,471775,4
9,22,471775,4
11,22,471775,4
5,25,471775,4
9,25,471775,4
11,25,471775,4
5,28,471775,4
9,28,471775,4
11,28,471775,4
5,29,471775,4
9,29,471775,4
11,29,471775,4
5,42,471775,4
9,42,471775,4
11,42,471775,4
5,55,"471775, 519887",4
9,55,"471775, 519887",4
11,55,"471775, 519887",4
5,56,471775,4
9,56,471775,4
11,56,471775,4
5,76,548624,4
7,76,548624,4
8,76,548624,4
9,76,548624,4
10,76,548624,4
11,76,548624,4
5,90,548624,4
7,90,548624,4
8,90,548624,4
9,90,548624,4
10,90,548624,4
11,90,548624,4
5,92,548624,4
7,92,548624,4
8,92,548624,4
9,92,548624,4
10,92,548624,4
11,92,548624,4
26,92,761107,4
53,92,761107,4
63,92,761107,4
64,92,761107,4
5,99,548624,4
7,99,548624,4
8,99,548624,4
9,99,548624,4
10,99,548624,4
11,99,548624,4
13,99,"471775, 521885, 971894",4
14,99,471775,4
21,99,471775,4
22,99,471775,4
23,99,471775,4
25,99,"471775, 971894",4
27,99,971894,4
28,99,471775,4
29,99,471775,4
31,99,471775,4
40,99,971894,4
41,99,471775,4
42,99,471775,4
43,99,471775,4
49,99,"471775, 971894",4
52,99,471775,4
53,99,"471775, 619437",4
54,99,471775,4
55,99,"471775, 971894",4
56,99,471775,4
57,99,971894,4
59,99,971894,4
67,99,971894,4
70,99,971894,4
5,101,548624,4
7,101,548624,4
8,101,548624,4
9,101,548624,4
10,101,548624,4
11,101,548624,4
12,101,911614,4
13,101,"471775, 521885, 971894",4
14,101,471775,4
15,101,911614,4
16,101,911614,4
20,101,911614,4
21,101,471775,4
22,101,471775,4
23,101,471775,4
24,101,911614,4
25,101,"471775, 971894",4
27,101,971894,4
28,101,471775,4
29,101,471775,4
31,101,471775,4
36,101,911614,4
39,101,911614,4
40,101,971894,4
41,101,471775,4
42,101,"471775, 911614",4
43,101,471775,4
49,101,"471775, 971894",4
52,101,471775,4
53,101,471775,4
54,101,471775,4
55,101,"471775, 971894",4
56,101,471775,4
57,101,"911614, 971894",4
59,101,971894,4
67,101,971894,4
70,101,971894,4
5,102,548624,4
7,102,548624,4
8,102,548624,4
9,102,548624,4
10,102,548624,4
11,102,548624,4
13,102,"471775, 521885, 971894",4
14,102,471775,4
21,102,471775,4
22,102,471775,4
23,102,471775,4
25,102,"471775, 971894",4
27,102,971894,4
28,102,471775,4
29,102,471775,4
31,102,471775,4
40,102,971894,4
41,102,471775,4
42,102,471775,4
43,102,471775,4
49,102,"471775, 971894",4
52,102,471775,4
53,102,471775,4
54,102,471775,4
55,102,"471775, 971894",4
56,102,471775,4
57,102,971894,4
59,102,971894,4
67,102,971894,4
70,102,971894,4
5,103,548624,4
7,103,548624,4
8,103,548624,4
9,103,548624,4
10,103,548624,4
11,103,548624,4
13,103,"428202, 471775, 521885, 971894",4
14,103,"428202, 471775",4
17,103,428202,4
19,103,428202,4
21,103,471775,4
22,103,471775,4
23,103,"428202, 471775",4
24,103,428202,4
25,103,"471775, 971894",4
27,103,971894,4
28,103,471775,4
29,103,471775,4
31,103,471775,4
36,103,"428202, 468837",4
40,103,971894,4
41,103,471775,4
42,103,471775,4
43,103,471775,4
49,103,"471775, 971894",4
52,103,"428202, 471775",4
53,103,471775,4
54,103,471775,4
55,103,"471775, 971894",4
56,103,471775,4
57,103,"468837, 971894",4
59,103,971894,4
64,103,428202,4
65,103,428202,4
67,103,971894,4
70,103,971894,4
12,73,"400722, 715341",4
13,73,428202,4
14,73,428202,4
16,73,"400722, 715341",4
17,73,"428202, 715341",4
19,73,"428202, 715341",4
23,73,428202,4
24,73,"400722, 428202, 715341",4
36,73,428202,4
52,73,"428202, 715341",4
55,73,715341,4
56,73,715341,4
57,73,"400722, 715341",4
59,73,715341,4
64,73,428202,4
65,73,428202,4
69,73,715341,4
70,73,715341,4
72,73,715341,4
12,75,400722,4
13,75,"428202, 471775, 521885, 971894",4
14,75,"428202, 471775",4
16,75,400722,4
17,75,428202,4
19,75,428202,4
21,75,471775,4
22,75,471775,4
23,75,"428202, 471775",4
24,75,"400722, 428202",4
25,75,"471775, 971894",4
27,75,971894,4
28,75,471775,4
29,75,471775,4
31,75,471775,4
36,75,"428202, 468837",4
40,75,971894,4
41,75,471775,4
42,75,471775,4
43,75,471775,4
49,75,"471775, 971894",4
52,75,"428202, 471775",4
53,75,471775,4
54,75,471775,4
55,75,"471775, 971894",4
56,75,471775,4
57,75,"400722, 468837, 971894",4
59,75,971894,4
64,75,428202,4
65,75,428202,4
67,75,971894,4
70,75,971894,4
12,77,"400722, 715341",4
13,77,428202,4
14,77,428202,4
16,77,"400722, 715341",4
17,77,"428202, 715341",4
19,77,"428202, 715341",4
23,77,428202,4
24,77,"400722, 428202, 715341",4
36,77,428202,4
52,77,"428202, 715341",4
55,77,715341,4
56,77,715341,4
57,77,"400722, 715341",4
59,77,715341,4
64,77,428202,4
65,77,428202,4
69,77,715341,4
70,77,715341,4
72,77,715341,4
12,79,400722,4
13,79,"428202, 471775, 971894",4
14,79,"428202, 471775",4
16,79,400722,4
17,79,428202,4
19,79,428202,4
20,79,516496,4
21,79,"471775, 516496",4
22,79,471775,4
23,79,"428202, 471775",4
24,79,"400722, 428202",4
25,79,"471775, 516496, 971894",4
27,79,971894,4
28,79,"471775, 516496",4
29,79,471775,4
31,79,471775,4
36,79,428202,4
39,79,516496,4
40,79,"516496, 971894",4
41,79,471775,4
42,79,471775,4
43,79,471775,4
49,79,"471775, 971894",4
52,79,"428202, 471775",4
53,79,471775,4
54,79,471775,4
55,79,"471775, 971894",4
56,79,471775,4
57,79,"400722, 971894",4
59,79,"516496, 971894",4
64,79,428202,4
65,79,428202,4
67,79,971894,4
70,79,971894,4
12,80,"400722, 715341",4
13,80,428202,4
14,80,428202,4
16,80,"400722, 715341",4
17,80,"428202, 715341",4
19,80,"428202, 715341",4
20,80,516496,4
21,80,516496,4
23,80,428202,4
24,80,"400722, 428202, 715341",4
25,80,516496,4
28,80,516496,4
36,80,428202,4
39,80,516496,4
40,80,516496,4
52,80,"428202, 715341",4
55,80,715341,4
56,80,715341,4
57,80,"400722, 715341",4
59,80,"516496, 715341",4
64,80,428202,4
65,80,428202,4
69,80,715341,4
70,80,715341,4
72,80,715341,4
12,81,400722,4
13,81,"428202, 471775, 971894",4
14,81,"428202, 471775",4
16,81,400722,4
17,81,428202,4
19,81,428202,4
21,81,471775,4
22,81,471775,4
23,81,"428202, 471775",4
24,81,"400722, 428202",4
25,81,"471775, 971894",4
27,81,971894,4
28,81,471775,4
29,81,471775,4
31,81,471775,4
36,81,428202,4
40,81,971894,4
41,81,471775,4
42,81,471775,4
43,81,471775,4
49,81,"471775, 971894",4
52,81,"428202, 471775",4
53,81,471775,4
54,81,471775,4
55,81,"471775, 971894",4
56,81,471775,4
57,81,"400722, 971894",4
59,81,971894,4
64,81,428202,4
65,81,428202,4
67,81,971894,4
70,81,971894,4
12,89,911614,4
13,89,521885,4
15,89,911614,4
16,89,911614,4
20,89,911614,4
24,89,911614,4
36,89,911614,4
39,89,911614,4
42,89,911614,4
57,89,911614,4
59,89,156096,4
12,91,400722,4
13,91,428202,4
14,91,428202,4
16,91,400722,4
17,91,428202,4
19,91,428202,4
20,91,516496,4
21,91,516496,4
23,91,428202,4
24,91,"400722, 428202",4
25,91,516496,4
28,91,516496,4
36,91,428202,4
39,91,516496,4
40,91,516496,4
52,91,428202,4
57,91,400722,4
59,91,516496,4
64,91,428202,4
65,91,428202,4
12,94,"400722, 715341",4
13,94,"428202, 471775, 971894",4
14,94,"428202, 471775",4
16,94,"400722, 715341",4
17,94,"428202, 715341",4
19,94,"428202, 715341",4
21,94,471775,4
22,94,471775,4
23,94,"428202, 471775",4
24,94,"400722, 428202, 715341",4
25,94,"471775, 971894",4
27,94,971894,4
28,94,471775,4
29,94,471775,4
31,94,471775,4
36,94,428202,4
40,94,971894,4
41,94,471775,4
42,94,471775,4
43,94,471775,4
49,94,"471775, 971894",4
52,94,"428202, 471775, 715341",4
53,94,471775,4
54,94,471775,4
55,94,"471775, 715341, 971894",4
56,94,"471775, 715341",4
57,94,"400722, 715341, 971894",4
59,94,"715341, 971894",4
64,94,428202,4
65,94,428202,4
67,94,971894,4
69,94,715341,4
70,94,"715341, 971894",4
72,94,715341,4
12,226,294115,4
13,226,294115,4
14,226,294115,4
16,226,294115,4
17,226,294115,4
19,226,294115,4
23,226,294115,4
24,226,294115,4
27,226,294115,4
40,226,294115,4
52,226,294115,4
53,226,294115,4
54,226,294115,4
57,226,294115,4
72,226,294115,4
147,226,"468837, 471775, 963615",4
148,226,963615,4
149,226,963615,4
153,226,468837,4
161,226,963615,4
162,226,963615,4
163,226,963615,4
164,226,"468837, 471775",4
169,226,"468837, 471775, 719763, 963615",4
170,226,719763,4
177,226,963615,4
178,226,"468837, 471775",4
179,226,963615,4
180,226,963615,4
181,226,"363692, 468837, 471775",4
189,226,719763,4
12,228,294115,4
13,228,294115,4
14,228,294115,4
16,228,294115,4
17,228,294115,4
19,228,294115,4
23,228,294115,4
24,228,294115,4
27,228,294115,4
40,228,294115,4
52,228,294115,4
53,228,294115,4
54,228,294115,4
57,228,294115,4
72,228,294115,4
140,228,428202,4
147,228,"468837, 471775, 963615",4
148,228,963615,4
149,228,"416219, 963615",4
150,228,584447,4
152,228,"416219, 849812",4
153,228,"468837, 584447",4
154,228,584447,4
156,228,584447,4
157,228,849812,4
158,228,584447,4
159,228,584447,4
160,228,584447,4
161,228,963615,4
162,228,963615,4
163,228,963615,4
164,228,"416219, 468837, 471775",4
165,228,416219,4
166,228,849812,4
167,228,849812,4
169,228,"416219, 468837, 471775, 584447, 719763, 963615",4
170,228,"584447, 719763",4
177,228,"416219, 963615",4
178,228,"416219, 468837, 471775, 584447",4
179,228,"416219, 963615",4
180,228,"416219, 963615",4
181,228,"416219, 468837, 471775, 519885, 584447, 849812",4
182,228,"416219, 849812",4
183,228,416219,4
184,228,416219,4
185,228,416219,4
186,228,416219,4
187,228,584447,4
188,228,584447,4
189,228,"519885, 584447, 719763",4
190,228,"416219, 849812",4
191,228,"519885, 584447",4
12,230,294115,4
13,230,294115,4
14,230,294115,4
16,230,294115,4
17,230,294115,4
19,230,294115,4
23,230,294115,4
24,230,294115,4
27,230,294115,4
40,230,294115,4
52,230,294115,4
53,230,294115,4
54,230,294115,4
57,230,294115,4
72,230,294115,4
147,230,"468837, 471775, 963615",4
148,230,963615,4
149,230,963615,4
153,230,468837,4
161,230,963615,4
162,230,963615,4
163,230,963615,4
164,230,"468837, 471775",4
169,230,"468837, 471775, 719763, 963615",4
170,230,719763,4
177,230,963615,4
178,230,"468837, 471775",4
179,230,963615,4
180,230,963615,4
181,230,"468837, 471775",4
189,230,719763,4
12,232,294115,4
13,232,294115,4
14,232,294115,4
16,232,294115,4
17,232,294115,4
19,232,294115,4
23,232,294115,4
24,232,294115,4
27,232,294115,4
40,232,294115,4
52,232,"294115, 545984",4
53,232,294115,4
54,232,294115,4
55,232,545984,4
56,232,545984,4
57,232,"294115, 545984",4
59,232,545984,4
69,232,545984,4
70,232,545984,4
72,232,"294115, 545984",4
73,232,715341,4
77,232,715341,4
80,232,715341,4
94,232,715341,4
127,232,518902,4
137,232,518902,4
138,232,518902,4
147,232,"468837, 471775, 963615",4
148,232,963615,4
149,232,963615,4
153,232,"468837, 505859",4
155,232,505859,4
161,232,963615,4
162,232,963615,4
163,232,963615,4
164,232,"468837, 471775, 505859",4
169,232,"468837, 471775, 505859, 719763, 963615",4
170,232,"505859, 719763",4
177,232,"505859, 963615",4
178,232,"468837, 471775",4
179,232,"505859, 519887, 963615",4
180,232,"505859, 963615",4
181,232,"468837, 471775",4
183,232,"505859, 519887",4
184,232,"505859, 519887",4
185,232,505859,4
186,232,"505859, 519887",4
189,232,"505859, 719763",4
190,232,505859,4
12,235,294115,4
13,235,294115,4
14,235,294115,4
16,235,294115,4
17,235,294115,4
19,235,294115,4
23,235,294115,4
24,235,294115,4
27,235,294115,4
40,235,294115,4
52,235,"294115, 545984",4
53,235,294115,4
54,235,294115,4
55,235,545984,4
56,235,545984,4
57,235,"294115, 545984",4
59,235,545984,4
69,235,545984,4
70,235,545984,4
72,235,"294115, 545984",4
73,235,715341,4
77,235,715341,4
80,235,715341,4
94,235,715341,4
127,235,518902,4
137,235,518902,4
138,235,518902,4
147,235,471775,4
164,235,471775,4
169,235,"471775, 719763",4
170,235,719763,4
178,235,471775,4
181,235,471775,4
189,235,719763,4
12,237,294115,4
13,237,294115,4
14,237,294115,4
16,237,294115,4
17,237,294115,4
19,237,294115,4
23,237,294115,4
24,237,294115,4
27,237,294115,4
40,237,294115,4
52,237,"294115, 545984",4
53,237,294115,4
54,237,294115,4
55,237,545984,4
56,237,545984,4
57,237,"294115, 545984",4
59,237,545984,4
69,237,545984,4
70,237,545984,4
72,237,"294115, 545984",4
73,237,715341,4
77,237,715341,4
80,237,715341,4
94,237,715341,4
127,237,518902,4
137,237,518902,4
138,237,518902,4
147,237,471775,4
149,237,400722,4
150,237,455008,4
153,237,911614,4
155,237,911614,4
158,237,455008,4
159,237,455008,4
160,237,455008,4
161,237,911614,4
162,237,911614,4
163,237,911614,4
164,237,"471775, 911614",4
169,237,"455008, 471775, 719763",4
170,237,"400722, 719763",4
178,237,471775,4
179,237,911614,4
181,237,471775,4
183,237,911614,4
184,237,911614,4
186,237,911614,4
189,237,719763,4
12,238,294115,4
13,238,294115,4
14,238,294115,4
16,238,294115,4
17,238,294115,4
19,238,294115,4
23,238,294115,4
24,238,294115,4
27,238,294115,4
40,238,294115,4
52,238,294115,4
53,238,294115,4
54,238,294115,4
57,238,294115,4
72,238,294115,4
147,238,471775,4
164,238,471775,4
169,238,"471775, 719763",4
170,238,719763,4
178,238,471775,4
181,238,"363692, 471775",4
189,238,719763,4
12,239,294115,4
13,239,294115,4
14,239,294115,4
16,239,294115,4
17,239,294115,4
19,239,294115,4
23,239,294115,4
24,239,294115,4
27,239,294115,4
40,239,294115,4
52,239,"294115, 545984",4
53,239,294115,4
54,239,294115,4
55,239,545984,4
56,239,545984,4
57,239,"294115, 545984",4
59,239,545984,4
69,239,545984,4
70,239,545984,4
72,239,"294115, 545984",4
73,239,715341,4
77,239,715341,4
80,239,715341,4
94,239,715341,4
127,239,518902,4
134,239,916245,4
137,239,518902,4
138,239,518902,4
147,239,471775,4
164,239,471775,4
166,239,263913,4
169,239,"471775, 719763",4
170,239,719763,4
171,239,263913,4
178,239,471775,4
181,239,"363692, 471775",4
183,239,263913,4
188,239,540247,4
189,239,719763,4
12,240,294115,4
13,240,294115,4
14,240,294115,4
16,240,294115,4
17,240,294115,4
19,240,294115,4
23,240,294115,4
24,240,294115,4
27,240,294115,4
40,240,294115,4
52,240,294115,4
53,240,294115,4
54,240,294115,4
57,240,294115,4
72,240,294115,4
147,240,471775,4
164,240,471775,4
169,240,"471775, 719763",4
170,240,719763,4
178,240,471775,4
181,240,"363692, 471775, 619437",4
182,240,619437,4
189,240,719763,4
190,240,619437,4
12,241,294115,4
13,241,294115,4
14,241,294115,4
16,241,294115,4
17,241,294115,4
19,241,294115,4
23,241,294115,4
24,241,294115,4
27,241,294115,4
40,241,294115,4
52,241,294115,4
53,241,294115,4
54,241,294115,4
57,241,294115,4
72,241,294115,4
147,241,471775,4
164,241,471775,4
169,241,"471775, 719763",4
170,241,719763,4
178,241,471775,4
181,241,471775,4
189,241,719763,4
13,74,"428202, 471775, 521885, 971894",4
14,74,"428202, 471775",4
17,74,428202,4
19,74,428202,4
21,74,471775,4
22,74,471775,4
23,74,"428202, 471775",4
24,74,428202,4
25,74,"471775, 971894",4
27,74,971894,4
28,74,471775,4
29,74,471775,4
31,74,471775,4
36,74,"428202, 468837",4
40,74,971894,4
41,74,471775,4
42,74,471775,4
43,74,471775,4
49,74,"471775, 971894",4
52,74,"428202, 471775",4
53,74,471775,4
54,74,471775,4
55,74,"471775, 971894",4
56,74,471775,4
57,74,"468837, 971894",4
59,74,971894,4
64,74,428202,4
65,74,428202,4
67,74,971894,4
70,74,971894,4
13,83,971894,4
25,83,971894,4
26,83,565366,4
27,83,971894,4
30,83,565366,4
40,83,971894,4
49,83,971894,4
52,83,565366,4
55,83,971894,4
57,83,971894,4
59,83,971894,4
61,83,565366,4
62,83,565366,4
64,83,565366,4
65,83,565366,4
66,83,565366,4
67,83,"565366, 971894",4
68,83,565366,4
70,83,971894,4
13,93,971894,4
25,93,971894,4
26,93,"565366, 761107",4
27,93,971894,4
30,93,565366,4
31,93,752568,4
33,93,849812,4
37,93,849812,4
40,93,971894,4
43,93,752568,4
49,93,971894,4
52,93,565366,4
53,93,"619437, 752568, 761107, 849812",4
55,93,971894,4
57,93,971894,4
59,93,971894,4
60,93,849812,4
61,93,565366,4
62,93,"565366, 849812",4
63,93,"761107, 849812",4
64,93,"565366, 761107, 849812",4
65,93,565366,4
66,93,565366,4
67,93,"565366, 971894",4
68,93,"565366, 849812",4
70,93,971894,4
71,93,849812,4
13,98,471775,4
14,98,471775,4
17,98,519885,4
18,98,754685,4
19,98,519885,4
21,98,471775,4
22,98,471775,4
23,98,471775,4
24,98,519885,4
25,98,471775,4
26,98,"754685, 761107",4
28,98,471775,4
29,98,471775,4
30,98,754685,4
31,98,"471775, 519885, 752568, 754685",2
33,98,"754685, 849812",4
37,98,"754685, 849812",4
41,98,"471775, 519885, 754685",4
42,98,471775,4
43,98,"471775, 519885, 752568, 754685",4
49,98,"471775, 519885, 719763, 754685",4
52,98,"471775, 519885, 754685",4
53,98,"471775, 519469, 519885, 619437, 735292, 749414, 752568, 754685, 761107, 849812",4
54,98,"471775, 519885, 754685",4
55,98,"471775, 519885",4
56,98,"471775, 519885",4
57,98,754685,4
60,98,"754685, 849812",4
61,98,754685,4
62,98,"754685, 849812",4
63,98,"519885, 754685, 761107, 849812",4
64,98,"519885, 754685, 761107, 849812",4
65,98,"519885, 754685",4
66,98,754685,4
67,98,754685,4
68,98,"754685, 849812",4
71,98,"754685, 849812",4
72,98,754685,4
13,100,471775,4
14,100,471775,4
21,100,471775,4
22,100,471775,4
23,100,471775,4
25,100,471775,4
28,100,471775,4
29,100,471775,4
31,100,471775,4
41,100,471775,4
42,100,471775,4
43,100,471775,4
49,100,471775,4
52,100,471775,4
53,100,"471775, 619437",4
54,100,471775,4
55,100,471775,4
56,100,471775,4
13,105,"471775, 971894",4
14,105,471775,4
21,105,471775,4
22,105,471775,4
23,105,471775,4
25,105,"471775, 971894",4
27,105,971894,4
28,105,471775,4
29,105,471775,4
31,105,471775,4
40,105,971894,4
41,105,471775,4
42,105,471775,4
43,105,471775,4
49,105,"471775, 971894",4
52,105,471775,4
53,105,471775,4
54,105,471775,4
55,105,"471775, 971894",4
56,105,471775,4
57,105,971894,4
59,105,971894,4
67,105,971894,4
70,105,971894,4
13,107,971894,4
25,107,971894,4
26,107,"555714, 565366, 761107",4
27,107,971894,4
30,107,"555714, 565366",4
33,107,555714,4
40,107,971894,4
49,107,971894,4
52,107,"555714, 565366",4
53,107,"619437, 761107",4
55,107,971894,4
57,107,971894,4
59,107,971894,4
61,107,"555714, 565366",4
62,107,"555714, 565366",4
63,107,761107,4
64,107,"555714, 565366, 761107",4
65,107,"555714, 565366",4
66,107,"555714, 565366",4
67,107,"555714, 565366, 971894",4
68,107,"555714, 565366",4
70,107,971894,4
13,108,971894,4
25,108,971894,4
26,108,"565366, 761107",4
27,108,971894,4
30,108,565366,4
40,108,971894,4
49,108,971894,4
52,108,565366,4
53,108,"619437, 761107",4
55,108,971894,4
57,108,971894,4
59,108,971894,4
61,108,565366,4
62,108,565366,4
63,108,761107,4
64,108,"565366, 761107",4
65,108,565366,4
66,108,565366,4
67,108,"565366, 971894",4
68,108,565366,4
70,108,971894,4
13,109,"428202, 471775, 971894",4
14,109,"428202, 471775",4
17,109,428202,4
19,109,428202,4
21,109,471775,4
22,109,471775,4
23,109,"428202, 471775",4
24,109,428202,4
25,109,"471775, 971894",4
27,109,971894,4
28,109,471775,4
29,109,471775,4
31,109,471775,4
36,109,428202,4
40,109,971894,4
41,109,471775,4
42,109,471775,4
43,109,471775,4
49,109,"471775, 971894",4
52,109,"428202, 471775",4
53,109,"471775, 619437",4
54,109,471775,4
55,109,"471775, 971894",4
56,109,471775,4
57,109,971894,4
59,109,971894,4
64,109,428202,4
65,109,428202,4
67,109,971894,4
70,109,971894,4
13,110,471775,4
14,110,471775,4
21,110,471775,4
22,110,471775,4
23,110,471775,4
25,110,471775,4
28,110,471775,4
29,110,471775,4
31,110,471775,4
41,110,471775,4
42,110,471775,4
43,110,471775,4
49,110,471775,4
52,110,471775,4
53,110,"471775, 619437",4
54,110,471775,4
55,110,471775,4
56,110,471775,4
13,111,"471775, 971894",4
14,111,471775,4
20,111,516496,4
21,111,"471775, 516496",4
22,111,471775,4
23,111,471775,4
25,111,"471775, 516496, 971894",4
27,111,971894,4
28,111,"471775, 516496",4
29,111,471775,4
31,111,471775,4
39,111,516496,4
40,111,"516496, 971894",4
41,111,471775,4
42,111,471775,4
43,111,471775,4
49,111,"471775, 971894",4
52,111,471775,4
53,111,"471775, 619437",4
54,111,471775,4
55,111,"471775, 971894",4
56,111,471775,4
57,111,971894,4
59,111,"516496, 971894",4
67,111,971894,4
70,111,971894,4
13,112,"428202, 971894",4
14,112,428202,4
17,112,428202,4
18,112,754685,4
19,112,428202,4
23,112,428202,4
24,112,428202,4
25,112,971894,4
26,112,"565366, 622027, 754685, 761107",2
27,112,971894,4
30,112,"565366, 622027, 754685",4
31,112,754685,4
33,112,"622027, 754685",4
36,112,428202,4
37,112,754685,4
40,112,971894,4
41,112,754685,4
43,112,754685,4
49,112,"754685, 971894",4
52,112,"428202, 565366, 622027, 754685",4
53,112,"619437, 622027, 754685, 761107",4
54,112,"622027, 754685",4
55,112,971894,4
57,112,"754685, 971894",4
59,112,971894,4
60,112,"622027, 754685",4
61,112,"565366, 622027, 754685",4
62,112,"565366, 622027, 754685",4
63,112,"622027, 754685, 761107",4
64,112,"428202, 565366, 622027, 754685, 761107",4
65,112,"428202, 565366, 622027, 754685",4
66,112,"565366, 622027, 754685",4
67,112,"565366, 622027, 754685, 971894",4
68,112,"565366, 622027, 754685",4
70,112,971894,4
71,112,"622027, 754685",4
72,112,754685,4
13,125,455008,4
28,125,455008,4
29,125,455008,4
36,125,455008,4
42,125,455008,4
74,125,"471775, 971894",4
75,125,"471775, 971894",4
79,125,"471775, 971894",4
81,125,"471775, 971894",4
83,125,971894,4
93,125,971894,4
94,125,"471775, 971894",4
98,125,471775,4
99,125,"471775, 971894",4
100,125,471775,4
101,125,"471775, 971894",4
102,125,"471775, 971894",4
103,125,"471775, 971894",4
105,125,"471775, 971894",4
107,125,971894,4
108,125,971894,4
109,125,"471775, 971894",4
110,125,471775,4
111,125,"471775, 971894",4
112,125,971894,4
120,125,535929,4
13,128,455008,4
14,128,552972,4
15,128,552972,4
19,128,552972,4
22,128,552972,4
28,128,"455008, 552972",4
29,128,455008,4
36,128,455008,4
42,128,455008,4
53,128,552972,4
74,128,"471775, 971894",4
75,128,"471775, 971894",4
79,128,"471775, 971894",4
81,128,"471775, 971894",4
83,128,971894,4
93,128,971894,4
94,128,"471775, 971894",4
98,128,471775,4
99,128,"471775, 971894",4
100,128,471775,4
101,128,"471775, 971894",4
102,128,"471775, 971894",4
103,128,"471775, 971894",4
105,128,"471775, 971894",4
107,128,971894,4
108,128,971894,4
109,128,"471775, 971894",4
110,128,471775,4
111,128,"471775, 971894",4
112,128,971894,4
14,135,552972,4
15,135,552972,4
19,135,552972,4
22,135,552972,4
28,135,552972,4
53,135,552972,4
74,135,"471775, 971894",4
75,135,"471775, 971894",4
77,135,963615,4
79,135,"471775, 971894",4
81,135,"471775, 971894",4
83,135,971894,4
89,135,963615,4
93,135,971894,4
94,135,"471775, 971894",4
98,135,"471775, 963615",4
99,135,"471775, 963615, 971894",4
100,135,"471775, 963615",4
101,135,"471775, 963615, 971894",4
102,135,"471775, 963615, 971894",4
103,135,"471775, 963615, 971894",4
105,135,"471775, 971894",4
107,135,971894,4
108,135,971894,4
109,135,"471775, 971894",4
110,135,471775,4
111,135,"471775, 971894",4
112,135,971894,4
14,137,552972,4
15,137,552972,4
19,137,552972,4
22,137,552972,4
28,137,552972,4
53,137,552972,4
73,137,518902,4
75,137,518902,4
77,137,518902,4
79,137,518902,4
80,137,518902,4
81,137,518902,4
91,137,518902,4
94,137,518902,4
113,137,263913,4
120,137,619437,4
14,138,552972,4
15,138,552972,4
19,138,552972,4
22,138,552972,4
28,138,552972,4
53,138,552972,4
73,138,518902,4
74,138,471775,4
75,138,"471775, 518902",4
77,138,"518902, 963615",4
79,138,"471775, 518902",4
80,138,518902,4
81,138,"471775, 518902",4
89,138,"911614, 963615",4
91,138,518902,4
94,138,"471775, 518902",4
98,138,"471775, 963615",4
99,138,"471775, 963615",4
100,138,"471775, 963615",4
101,138,"471775, 911614, 963615",4
102,138,"471775, 963615",4
103,138,"471775, 963615",4
105,138,471775,4
109,138,471775,4
110,138,471775,4
111,138,471775,4
14,139,552972,4
15,139,552972,4
19,139,552972,4
22,139,552972,4
28,139,552972,4
53,139,552972,4
74,139,471775,4
75,139,471775,4
77,139,963615,4
79,139,471775,4
81,139,471775,4
89,139,963615,4
94,139,471775,4
98,139,"471775, 963615",4
99,139,"471775, 963615",4
100,139,"471775, 963615",4
101,139,"471775, 963615",4
102,139,"471775, 963615",4
103,139,"471775, 963615",4
105,139,471775,4
109,139,471775,4
110,139,471775,4
111,139,471775,4
120,139,619437,4
18,104,754685,4
26,104,"754685, 761107",4
30,104,754685,4
31,104,754685,4
33,104,754685,4
37,104,754685,4
41,104,754685,4
43,104,754685,4
49,104,754685,4
52,104,754685,4
53,104,"619437, 754685, 761107",4
54,104,754685,4
57,104,754685,4
60,104,754685,4
61,104,754685,4
62,104,754685,4
63,104,"754685, 761107",4
64,104,"754685, 761107",4
65,104,754685,4
66,104,754685,4
67,104,754685,4
68,104,754685,4
71,104,754685,4
72,104,754685,4
25,117,158639,4
55,117,519887,4
26,82,"565366, 761107",4
30,82,565366,4
33,82,849812,4
37,82,849812,4
52,82,565366,4
53,82,"761107, 849812",4
60,82,849812,4
61,82,565366,4
62,82,"565366, 849812",4
63,82,"761107, 849812",4
64,82,"565366, 761107, 849812",4
65,82,565366,4
66,82,565366,4
67,82,565366,4
68,82,"565366, 849812",4
71,82,849812,4
26,84,"565366, 622027, 761107",4
30,84,"565366, 622027",4
33,84,"622027, 849812",4
37,84,849812,4
52,84,"565366, 622027",4
53,84,"622027, 761107, 849812",4
54,84,622027,4
60,84,"622027, 849812",4
61,84,"565366, 622027",4
62,84,"565366, 622027, 849812",4
63,84,"622027, 761107, 849812",4
64,84,"565366, 622027, 761107, 849812",4
65,84,"565366, 622027",4
66,84,"565366, 622027",4
67,84,"565366, 622027",4
68,84,"565366, 622027, 849812",4
71,84,"622027, 849812",4
26,85,"555714, 565366, 622027, 761107",2
30,85,"555714, 565366, 622027",4
33,85,"555714, 622027",4
52,85,"555714, 565366, 622027",4
53,85,"622027, 761107",4
54,85,622027,4
60,85,622027,4
61,85,"555714, 565366, 622027",4
62,85,"555714, 565366, 622027",4
63,85,"622027, 761107",4
64,85,"555714, 565366, 622027, 761107",4
65,85,"555714, 565366, 622027",4
66,85,"555714, 565366, 622027",4
67,85,"555714, 565366, 622027",4
68,85,"555714, 565366, 622027",4
71,85,622027,4
26,86,"565366, 622027, 761107",4
30,86,"565366, 622027",4
33,86,622027,4
52,86,"565366, 622027",4
53,86,"622027, 761107",4
54,86,622027,4
60,86,622027,4
61,86,"565366, 622027",4
62,86,"565366, 622027",4
63,86,"622027, 761107",4
64,86,"565366, 622027, 761107",4
65,86,"565366, 622027",4
66,86,"565366, 622027",4
67,86,"565366, 622027",4
68,86,"565366, 622027",4
71,86,622027,4
26,87,"555714, 565366, 761107",4
30,87,"555714, 565366",4
33,87,"555714, 849812",4
37,87,849812,4
52,87,"555714, 565366",4
53,87,"761107, 849812",4
60,87,849812,4
61,87,"555714, 565366",4
62,87,"555714, 565366, 849812",4
63,87,"761107, 849812",4
64,87,"555714, 565366, 761107, 849812",4
65,87,"555714, 565366",4
66,87,"555714, 565366",4
67,87,"555714, 565366",4
68,87,"555714, 565366, 849812",4
71,87,849812,4
26,88,"555714, 565366, 761107",4
30,88,"555714, 565366",4
33,88,555714,4
52,88,"555714, 565366",4
53,88,761107,4
61,88,"555714, 565366",4
62,88,"555714, 565366",4
63,88,761107,4
64,88,"555714, 565366, 761107",4
65,88,"555714, 565366",4
66,88,"555714, 565366",4
67,88,"555714, 565366",4
68,88,"555714, 565366",4
26,106,761107,4
31,106,752568,4
33,106,849812,4
37,106,849812,4
43,106,752568,4
53,106,"619437, 752568, 761107, 849812",4
60,106,849812,4
62,106,849812,4
63,106,"761107, 849812",4
64,106,"761107, 849812",4
68,106,849812,4
71,106,849812,4
32,113,263990,4
90,113,"241017, 263913",4
32,115,263990,4
34,120,610249,4
35,120,610249,4
37,120,610249,4
38,120,610249,4
52,120,610249,4
53,120,535929,4
61,120,610249,4
62,120,610249,4
64,120,610249,4
65,120,610249,4
66,120,610249,4
67,120,610249,4
68,120,610249,4
73,120,428202,4
74,120,"428202, 993844",4
75,120,"428202, 993844",4
76,120,548624,4
77,120,428202,4
79,120,428202,4
80,120,428202,4
81,120,428202,4
82,120,"761107, 849812",4
84,120,"761107, 849812",4
85,120,761107,4
86,120,761107,4
87,120,"761107, 849812",4
88,120,761107,4
90,120,548624,4
91,120,428202,4
92,120,"548624, 761107",4
93,120,"619437, 752568, 761107, 849812",4
94,120,428202,4
98,120,"519469, 619437, 735292, 749414, 752568, 754685, 761107, 849812, 993844, 1014685",4
99,120,"548624, 619437",4
100,120,619437,4
101,120,548624,4
102,120,548624,4
103,120,"428202, 548624, 993844",4
104,120,"619437, 754685, 761107",4
106,120,"619437, 752568, 761107, 849812",4
107,120,"619437, 761107",4
108,120,"619437, 761107",4
109,120,"428202, 619437",4
110,120,619437,4
111,120,619437,4
112,120,"428202, 619437, 754685, 761107",4
36,133,505859,4
52,133,505859,4
57,133,505859,4
72,133,505859,4
77,133,963615,4
89,133,963615,4
98,133,963615,4
99,133,963615,4
100,133,963615,4
101,133,963615,4
102,133,963615,4
103,133,963615,4
37,150,584447,4
52,150,584447,4
53,150,584447,4
54,150,584447,4
60,150,584447,4
61,150,584447,4
62,150,584447,4
63,150,584447,4
64,150,584447,4
65,150,584447,4
66,150,584447,4
67,150,584447,4
68,150,584447,4
71,150,584447,4
125,150,455008,4
128,150,455008,4
140,150,1037646,4
37,153,584447,4
52,153,584447,4
53,153,584447,4
54,153,584447,4
60,153,584447,4
61,153,584447,4
62,153,584447,4
63,153,584447,4
64,153,584447,4
65,153,584447,4
66,153,584447,4
67,153,584447,4
68,153,584447,4
71,153,584447,4
133,153,505859,4
138,153,911614,4
140,153,468837,4
37,154,584447,4
52,154,584447,4
53,154,584447,4
54,154,584447,4
60,154,584447,4
61,154,584447,4
62,154,584447,4
63,154,584447,4
64,154,584447,4
65,154,584447,4
66,154,584447,4
67,154,584447,4
68,154,584447,4
71,154,584447,4
140,154,1037646,4
37,156,584447,4
52,156,584447,4
53,156,584447,4
54,156,584447,4
60,156,584447,4
61,156,584447,4
62,156,584447,4
63,156,584447,4
64,156,584447,4
65,156,584447,4
66,156,584447,4
67,156,584447,4
68,156,584447,4
71,156,584447,4
37,158,584447,4
52,158,584447,4
53,158,584447,4
54,158,584447,4
60,158,584447,4
61,158,584447,4
62,158,584447,4
63,158,584447,4
64,158,584447,4
65,158,584447,4
66,158,584447,4
67,158,584447,4
68,158,584447,4
71,158,584447,4
125,158,"455008, 971894",4
128,158,"455008, 971894",4
135,158,971894,4
37,159,584447,4
52,159,584447,4
53,159,584447,4
54,159,584447,4
60,159,584447,4
61,159,584447,4
62,159,584447,4
63,159,584447,4
64,159,584447,4
65,159,584447,4
66,159,584447,4
67,159,584447,4
68,159,584447,4
71,159,584447,4
125,159,455008,4
128,159,455008,4
37,160,584447,4
52,160,584447,4
53,160,584447,4
54,160,584447,4
60,160,584447,4
61,160,584447,4
62,160,584447,4
63,160,584447,4
64,160,584447,4
65,160,584447,4
66,160,584447,4
67,160,584447,4
68,160,584447,4
71,160,584447,4
125,160,455008,4
128,160,455008,4
37,169,584447,4
52,169,584447,4
53,169,584447,4
54,169,584447,4
60,169,584447,4
61,169,584447,4
62,169,584447,4
63,169,584447,4
64,169,584447,4
65,169,584447,4
66,169,584447,4
67,169,584447,4
68,169,584447,4
71,169,584447,4
98,169,719763,4
118,169,993844,4
120,169,993844,4
124,169,993844,4
125,169,"416219, 455008, 471775",4
126,169,963615,4
127,169,963615,4
128,169,"455008, 471775",4
133,169,"505859, 963615",4
134,169,"416219, 471775",4
135,169,"471775, 963615",4
136,169,"416219, 963615",4
138,169,"416219, 471775, 963615",4
139,169,"471775, 963615",4
140,169,"468837, 471775",4
37,170,584447,4
52,170,584447,4
53,170,584447,4
54,170,584447,4
60,170,584447,4
61,170,584447,4
62,170,584447,4
63,170,584447,4
64,170,584447,4
65,170,584447,4
66,170,584447,4
67,170,584447,4
68,170,584447,4
71,170,584447,4
73,170,400722,4
75,170,400722,4
77,170,400722,4
79,170,400722,4
80,170,400722,4
81,170,400722,4
91,170,400722,4
94,170,400722,4
98,170,719763,4
133,170,505859,4
37,178,584447,4
52,178,584447,4
53,178,584447,4
54,178,584447,4
60,178,584447,4
61,178,584447,4
62,178,584447,4
63,178,584447,4
64,178,584447,4
65,178,584447,4
66,178,584447,4
67,178,584447,4
68,178,584447,4
71,178,584447,4
118,178,993844,4
120,178,993844,4
124,178,993844,4
125,178,"416219, 471775",4
128,178,471775,4
134,178,"416219, 471775",4
135,178,471775,4
136,178,416219,4
138,178,"416219, 471775",4
139,178,471775,4
140,178,"468837, 471775",4
37,181,584447,4
52,181,584447,4
53,181,"363692, 584447",4
54,181,584447,4
60,181,584447,4
61,181,584447,4
62,181,584447,4
63,181,584447,4
64,181,584447,4
65,181,584447,4
66,181,584447,4
67,181,584447,4
68,181,584447,4
71,181,584447,4
118,181,"849812, 993844",4
120,181,"849812, 993844",4
124,181,"555714, 849812, 993844",4
125,181,"416219, 471775, 535929",4
128,181,471775,4
129,181,519885,4
130,181,619437,4
131,181,"1014685, 1036452",4
134,181,"416219, 471775",4
135,181,471775,4
136,181,416219,4
137,181,619437,4
138,181,"416219, 471775",4
139,181,"471775, 619437",4
140,181,"468837, 471775, 519885, 619437, 752568, 1007975, 1014685, 1036452, 1037646, 1047955, 1048011",4
37,187,584447,4
52,187,584447,4
53,187,584447,4
54,187,584447,4
60,187,584447,4
61,187,584447,4
62,187,584447,4
63,187,584447,4
64,187,584447,4
65,187,584447,4
66,187,584447,4
67,187,584447,4
68,187,584447,4
71,187,584447,4
120,187,"548624, 761107",4
140,187,1037646,4
37,188,584447,4
52,188,584447,4
53,188,584447,4
54,188,584447,4
60,188,584447,4
61,188,584447,4
62,188,584447,4
63,188,584447,4
64,188,584447,4
65,188,584447,4
66,188,584447,4
67,188,584447,4
68,188,584447,4
71,188,584447,4
115,188,540247,4
140,188,1037646,4
37,189,584447,4
52,189,584447,4
53,189,584447,4
54,189,584447,4
60,189,584447,4
61,189,584447,4
62,189,584447,4
63,189,584447,4
64,189,584447,4
65,189,584447,4
66,189,584447,4
67,189,584447,4
68,189,584447,4
71,189,584447,4
82,189,565366,4
83,189,565366,4
84,189,565366,4
85,189,565366,4
86,189,565366,4
87,189,565366,4
88,189,565366,4
93,189,565366,4
98,189,719763,4
107,189,565366,4
108,189,565366,4
112,189,565366,4
118,189,754685,4
120,189,"610249, 754685",4
124,189,"555714, 754685",4
125,189,971894,4
128,189,971894,4
129,189,519885,4
131,189,1014685,4
133,189,505859,4
135,189,971894,4
140,189,"519885, 1014685, 1047955, 1048011",4
37,191,584447,4
52,191,584447,4
53,191,584447,4
54,191,584447,4
60,191,584447,4
61,191,584447,4
62,191,584447,4
63,191,584447,4
64,191,584447,4
65,191,584447,4
66,191,584447,4
67,191,584447,4
68,191,584447,4
71,191,584447,4
124,191,555714,4
129,191,519885,4
131,191,1014685,4
140,191,"519885, 1014685, 1047955, 1048011",4
44,143,"110899, 464331",4
122,143,425954,4
44,219,"244827, 681522",4
47,219,681522,4
173,219,"114666, 118478, 149963, 187833, 199984, 235297, 270220, 314647, 368080, 403445, 425954, 427096, 427250, 464331, 573259, 602580, 604098, 607784, 612824, 616689, 739860, 751640, 903640, 957469, 1095891",4
175,219,"425954, 903640",4
44,256,421137,4
173,256,110899,4
219,256,"108938, 114666, 118478, 127790, 133892, 149963, 187833, 199984, 235297, 244827, 270220, 275782, 292347, 314647, 368080, 403445, 425954, 427096, 427250, 438350, 464331, 483533, 523545, 602580, 604098, 607784, 612824, 616689, 739860, 751640, 903640, 915181, 957469, 999796, 1061637, 1095891, 1163691, 1167207, 1168767, 1171591, 1198352",4
45,119,"616225, 734723",4
50,119,"616225, 734723",4
51,119,"616225, 734723",4
58,119,734723,4
96,119,979705,4
45,123,734723,4
50,123,734723,4
51,123,734723,4
58,123,734723,4
48,122,600388,4
96,122,425954,4
55,116,519887,4
73,116,428202,4
74,116,"428202, 521885",4
75,116,"428202, 521885",4
77,116,428202,4
79,116,428202,4
80,116,428202,4
81,116,428202,4
89,116,521885,4
91,116,428202,4
94,116,428202,4
99,116,521885,4
101,116,521885,4
102,116,521885,4
103,116,"428202, 521885",4
109,116,428202,4
112,116,428202,4
73,127,518902,4
75,127,518902,4
77,127,"518902, 963615",4
79,127,518902,4
80,127,518902,4
81,127,518902,4
89,127,963615,4
91,127,518902,4
94,127,518902,4
98,127,963615,4
99,127,963615,4
100,127,963615,4
101,127,963615,4
102,127,963615,4
103,127,963615,4
113,127,263990,4
115,127,263990,4
73,149,400722,4
75,149,400722,4
77,149,400722,4
79,149,400722,4
80,149,400722,4
81,149,400722,4
91,149,400722,4
94,149,400722,4
125,149,416219,4
126,149,963615,4
127,149,963615,4
133,149,963615,4
134,149,416219,4
135,149,963615,4
136,149,"416219, 963615",4
138,149,"416219, 963615",4
139,149,963615,4
73,206,715341,4
77,206,715341,4
80,206,715341,4
94,206,715341,4
126,206,263990,4
127,206,263990,4
131,206,263990,4
147,206,963615,4
148,206,963615,4
149,206,963615,4
161,206,963615,4
162,206,963615,4
163,206,963615,4
169,206,963615,4
177,206,963615,4
179,206,963615,4
180,206,963615,4
188,206,540247,4
74,118,993844,4
75,118,993844,4
82,118,849812,4
84,118,849812,4
87,118,849812,4
93,118,849812,4
98,118,"754685, 849812, 993844",4
103,118,993844,4
104,118,754685,4
106,118,849812,4
112,118,754685,4
74,124,993844,4
75,124,993844,4
82,124,849812,4
84,124,849812,4
85,124,555714,4
87,124,"555714, 849812",4
88,124,555714,4
93,124,849812,4
98,124,"754685, 849812, 993844",4
103,124,993844,4
104,124,754685,4
106,124,849812,4
107,124,555714,4
112,124,754685,4
74,134,471775,4
75,134,471775,4
79,134,471775,4
81,134,471775,4
94,134,471775,4
98,134,471775,4
99,134,471775,4
100,134,471775,4
101,134,471775,4
102,134,471775,4
103,134,471775,4
105,134,471775,4
109,134,471775,4
110,134,471775,4
111,134,471775,4
74,140,"468837, 471775",4
75,140,"468837, 471775",4
79,140,471775,4
81,140,471775,4
94,140,471775,4
98,140,"471775, 519885",4
99,140,471775,4
100,140,471775,4
101,140,471775,4
102,140,471775,4
103,140,"468837, 471775",4
105,140,471775,4
109,140,471775,4
110,140,471775,4
111,140,471775,4
114,140,1037646,4
116,140,428202,4
118,140,1037646,4
120,140,"428202, 519469, 619437, 735292, 749414, 752568, 1007975, 1014685, 1034094, 1036452, 1037646",4
124,140,1037646,4
77,126,963615,4
89,126,963615,4
98,126,963615,4
99,126,963615,4
100,126,963615,4
101,126,963615,4
102,126,963615,4
103,126,963615,4
113,126,263990,4
115,126,263990,4
77,136,963615,4
89,136,963615,4
98,136,963615,4
99,136,963615,4
100,136,963615,4
101,136,963615,4
102,136,963615,4
103,136,963615,4
78,131,984430,4
110,131,984430,4
113,131,263990,4
115,131,263990,4
120,131,"1014685, 1036452",4
79,263,516496,4
80,263,516496,4
91,263,516496,4
111,263,516496,4
242,263,1179385,4
247,263,1179385,4
79,279,516496,4
80,279,516496,4
91,279,516496,4
111,279,516496,4
181,279,535929,4
203,279,263990,4
205,279,263990,4
206,279,"263990, 715341",4
218,279,263990,4
232,279,715341,4
235,279,715341,4
237,279,715341,4
239,279,715341,4
242,279,"294115, 545984, 1179385",4
247,279,"294115, 1179385",4
250,279,545984,4
84,129,622027,4
85,129,622027,4
86,129,622027,4
98,129,519885,4
112,129,622027,4
89,267,156096,4
192,267,468837,4
193,267,468837,4
203,267,263990,4
205,267,263990,4
206,267,263990,4
218,267,"263990, 468837",4
226,267,468837,4
228,267,468837,4
230,267,468837,4
232,267,468837,4
242,267,"545984, 963615",4
249,267,963615,4
250,267,"545984, 963615",4
96,175,123777,4
142,175,903640,4
143,175,"425954, 903640",4
96,176,123777,4
113,171,241017,4
137,171,263913,4
116,179,519887,4
117,179,519887,4
125,179,416219,4
126,179,963615,4
127,179,963615,4
133,179,"505859, 963615",4
134,179,416219,4
135,179,963615,4
136,179,"416219, 963615",4
138,179,"416219, 911614, 963615",4
139,179,963615,4
116,183,519887,4
117,183,519887,4
125,183,416219,4
133,183,505859,4
134,183,416219,4
136,183,416219,4
137,183,263913,4
138,183,"416219, 911614",4
116,184,519887,4
117,184,519887,4
125,184,416219,4
133,184,505859,4
134,184,416219,4
136,184,416219,4
138,184,"416219, 911614",4
116,186,519887,4
117,186,519887,4
125,186,416219,4
133,186,505859,4
134,186,416219,4
136,186,416219,4
138,186,"416219, 911614",4
116,268,521885,4
246,268,1121384,4
249,268,1121384,4
117,130,158639,4
120,130,619437,4
118,152,849812,4
120,152,849812,4
124,152,849812,4
125,152,416219,4
134,152,416219,4
136,152,416219,4
138,152,416219,4
118,157,849812,4
120,157,849812,4
124,157,"555714, 849812",4
131,157,1014685,4
140,157,"1014685, 1048011",4
118,166,849812,4
120,166,849812,4
124,166,849812,4
137,166,263913,4
118,167,849812,4
120,167,"761107, 849812",4
124,167,"555714, 849812",4
131,167,1014685,4
140,167,"1014685, 1048011",4
118,182,849812,4
120,182,849812,4
124,182,849812,4
125,182,416219,4
130,182,619437,4
134,182,416219,4
136,182,416219,4
137,182,619437,4
138,182,416219,4
139,182,619437,4
140,182,619437,4
118,190,849812,4
120,190,849812,4
124,190,849812,4
125,190,416219,4
130,190,619437,4
133,190,505859,4
134,190,416219,4
136,190,416219,4
137,190,619437,4
138,190,416219,4
139,190,619437,4
140,190,619437,4
119,144,"979705, 988692, 998545",4
123,144,"988692, 998545",4
119,172,"616225, 734723",4
123,172,734723,4
144,172,"998545, 1058591",4
119,174,734723,4
123,174,734723,4
144,174,"979705, 988692, 998545, 1058591",4
122,142,600388,4
124,151,555714,4
140,151,1048011,4
125,147,471775,4
126,147,963615,4
127,147,963615,4
128,147,471775,4
133,147,963615,4
134,147,471775,4
135,147,"471775, 963615",4
136,147,963615,4
138,147,"471775, 963615",4
139,147,"471775, 963615",4
140,147,"468837, 471775",4
125,164,"416219, 471775",4
128,164,471775,4
133,164,505859,4
134,164,"416219, 471775",4
135,164,471775,4
136,164,416219,4
138,164,"416219, 471775, 911614",4
139,164,471775,4
140,164,"468837, 471775",4
125,165,416219,4
134,165,416219,4
136,165,416219,4
138,165,416219,4
125,177,416219,4
126,177,963615,4
127,177,963615,4
133,177,"505859, 963615",4
134,177,416219,4
135,177,963615,4
136,177,"416219, 963615",4
138,177,"416219, 963615",4
139,177,963615,4
125,180,416219,4
126,180,963615,4
127,180,963615,4
133,180,"505859, 963615",4
134,180,416219,4
135,180,963615,4
136,180,"416219, 963615",4
138,180,"416219, 963615",4
139,180,963615,4
125,185,416219,4
133,185,505859,4
134,185,416219,4
136,185,416219,4
138,185,416219,4
126,148,963615,4
127,148,963615,4
133,148,963615,4
135,148,963615,4
136,148,963615,4
138,148,963615,4
139,148,963615,4
126,161,963615,4
127,161,963615,4
133,161,963615,4
135,161,963615,4
136,161,963615,4
138,161,"911614, 963615",4
139,161,963615,4
126,162,963615,4
127,162,963615,4
133,162,963615,4
135,162,963615,4
136,162,963615,4
138,162,"911614, 963615",4
139,162,963615,4
126,163,963615,4
127,163,963615,4
133,163,963615,4
135,163,963615,4
136,163,963615,4
138,163,"911614, 963615",4
139,163,963615,4
126,203,263990,4
127,203,263990,4
131,203,263990,4
126,205,263990,4
127,205,263990,4
131,205,263990,4
126,218,263990,4
127,218,263990,4
131,218,263990,4
147,218,"468837, 963615",4
148,218,963615,4
149,218,963615,4
153,218,"468837, 505859",4
155,218,505859,4
161,218,963615,4
162,218,963615,4
163,218,963615,4
164,218,"468837, 505859",4
169,218,"468837, 505859, 963615",4
170,218,505859,4
177,218,"505859, 963615",4
178,218,468837,4
179,218,"505859, 963615",4
180,218,"505859, 963615",4
181,218,468837,4
183,218,505859,4
184,218,505859,4
185,218,505859,4
186,218,505859,4
189,218,505859,4
190,218,505859,4
128,195,552972,4
131,195,984430,4
135,195,552972,4
137,195,552972,4
138,195,552972,4
139,195,552972,4
166,195,263913,4
171,195,263913,4
181,195,519885,4
183,195,263913,4
189,195,519885,4
191,195,519885,4
128,197,552972,4
135,197,552972,4
137,197,552972,4
138,197,552972,4
139,197,552972,4
147,197,963615,4
148,197,963615,4
149,197,"400722, 963615",4
152,197,849812,4
157,197,849812,4
161,197,963615,4
162,197,963615,4
163,197,963615,4
166,197,849812,4
167,197,849812,4
169,197,963615,4
170,197,400722,4
177,197,963615,4
179,197,963615,4
180,197,963615,4
181,197,"519885, 849812",4
182,197,849812,4
189,197,519885,4
190,197,849812,4
191,197,519885,4
128,200,552972,4
135,200,552972,4
137,200,552972,4
138,200,552972,4
139,200,552972,4
150,200,584447,4
153,200,584447,4
154,200,584447,4
156,200,584447,4
158,200,584447,4
159,200,584447,4
160,200,584447,4
169,200,"584447, 719763",4
170,200,"584447, 719763",4
178,200,584447,4
181,200,"519885, 584447",4
187,200,584447,4
188,200,584447,4
189,200,"519885, 584447, 719763",4
191,200,"519885, 584447",4
129,252,622027,4
151,252,555714,4
157,252,555714,4
167,252,555714,4
181,252,"555714, 1036452",4
189,252,555714,4
191,252,555714,4
192,252,584447,4
193,252,"584447, 1034094",4
200,252,584447,4
204,252,584447,4
208,252,584447,4
209,252,584447,4
214,252,584447,4
215,252,584447,4
216,252,584447,4
217,252,1082751,4
227,252,"1007975, 1047955, 1048011, 1082751",4
228,252,584447,4
231,252,1082751,4
233,252,"1014685, 1048011, 1082751",4
234,252,1082751,4
236,252,"1048011, 1082751",4
130,246,158639,4
146,246,1121384,4
131,208,984430,4
150,208,584447,4
153,208,584447,4
154,208,584447,4
156,208,584447,4
158,208,584447,4
159,208,584447,4
160,208,584447,4
169,208,584447,4
170,208,584447,4
178,208,584447,4
181,208,584447,4
187,208,584447,4
188,208,584447,4
189,208,584447,4
191,208,584447,4
133,155,505859,4
138,155,911614,4
140,193,1034094,4
147,193,468837,4
149,193,416219,4
150,193,"584447, 1037646",4
152,193,416219,4
153,193,"468837, 584447",4
154,193,"584447, 1037646",4
156,193,584447,4
158,193,584447,4
159,193,584447,4
160,193,584447,4
164,193,"416219, 468837",4
165,193,416219,4
169,193,"416219, 468837, 584447, 993844",4
170,193,584447,4
177,193,416219,4
178,193,"416219, 468837, 584447, 993844",4
179,193,416219,4
180,193,416219,4
181,193,"416219, 468837, 584447, 993844, 1037646",4
182,193,416219,4
183,193,416219,4
184,193,416219,4
185,193,416219,4
186,193,416219,4
187,193,"584447, 1037646",4
188,193,"584447, 1037646",4
189,193,584447,4
190,193,416219,4
191,193,584447,4
140,227,519469,4
147,227,471775,4
150,227,1037646,4
151,227,1048011,4
152,227,849812,4
154,227,1037646,4
157,227,"849812, 1048011",4
164,227,471775,4
166,227,849812,4
167,227,"849812, 1048011",4
169,227,"471775, 719763",4
170,227,719763,4
178,227,471775,4
181,227,"471775, 519885, 619437, 752568, 849812, 1007975, 1037646, 1047955, 1048011, 1082751",4
182,227,"619437, 849812",4
187,227,1037646,4
188,227,1037646,4
189,227,"519885, 719763, 1047955, 1048011",4
190,227,"619437, 849812",4
191,227,"519885, 1047955, 1048011",4
140,273,735292,4
167,273,761107,4
187,273,761107,4
195,273,519885,4
197,273,519885,4
200,273,519885,4
215,273,519885,4
227,273,519885,4
228,273,519885,4
233,273,519885,4
236,273,519885,4
245,273,"555714, 1007975",4
252,273,"555714, 1007975, 1014685, 1082751",4
142,222,600388,4
175,222,"123777, 1071032",4
176,222,123777,4
146,249,1121384,4
195,249,263913,4
196,249,263913,4
197,249,963615,4
198,249,263913,4
199,249,963615,4
201,249,263913,4
202,249,963615,4
204,249,963615,4
206,249,963615,4
212,249,263913,4
214,249,963615,4
218,249,963615,4
226,249,963615,4
228,249,963615,4
230,249,963615,4
232,249,963615,4
239,249,263913,4
147,192,468837,4
149,192,416219,4
150,192,584447,4
152,192,416219,4
153,192,"468837, 584447, 911614",4
154,192,584447,4
155,192,911614,4
156,192,584447,4
158,192,584447,4
159,192,584447,4
160,192,584447,4
161,192,911614,4
162,192,911614,4
163,192,911614,4
164,192,"416219, 468837, 911614",4
165,192,416219,4
169,192,"416219, 468837, 584447",4
170,192,584447,4
177,192,416219,4
178,192,"416219, 468837, 584447",4
179,192,"416219, 911614",4
180,192,416219,4
181,192,"416219, 468837, 584447",4
182,192,416219,4
183,192,"416219, 911614",4
184,192,"416219, 911614",4
185,192,416219,4
186,192,"416219, 911614",4
187,192,584447,4
188,192,584447,4
189,192,584447,4
190,192,416219,4
191,192,584447,4
147,199,963615,4
148,199,963615,4
149,199,963615,4
153,199,505859,4
155,199,505859,4
161,199,963615,4
162,199,963615,4
163,199,963615,4
164,199,505859,4
169,199,"505859, 963615",4
170,199,505859,4
177,199,"505859, 963615",4
179,199,"505859, 963615",4
180,199,"505859, 963615",4
183,199,505859,4
184,199,505859,4
185,199,505859,4
186,199,505859,4
188,199,540247,4
189,199,505859,4
190,199,505859,4
147,202,963615,4
148,202,963615,4
149,202,963615,4
153,202,505859,4
155,202,505859,4
161,202,963615,4
162,202,963615,4
163,202,963615,4
164,202,505859,4
169,202,"505859, 963615",4
170,202,505859,4
177,202,"505859, 963615",4
179,202,"505859, 963615",4
180,202,"505859, 963615",4
183,202,505859,4
184,202,505859,4
185,202,505859,4
186,202,505859,4
189,202,505859,4
190,202,505859,4
147,204,963615,4
148,204,963615,4
149,204,963615,4
150,204,584447,4
153,204,"505859, 584447",4
154,204,584447,4
155,204,505859,4
156,204,584447,4
158,204,584447,4
159,204,584447,4
160,204,584447,4
161,204,963615,4
162,204,963615,4
163,204,963615,4
164,204,505859,4
169,204,"505859, 584447, 963615",4
170,204,"505859, 584447",4
177,204,"505859, 963615",4
178,204,584447,4
179,204,"505859, 963615",4
180,204,"505859, 963615",4
181,204,584447,4
183,204,505859,4
184,204,505859,4
185,204,505859,4
186,204,505859,4
187,204,584447,4
188,204,"540247, 584447",4
189,204,"505859, 584447",4
190,204,505859,4
191,204,584447,4
147,214,963615,4
148,214,963615,4
149,214,963615,4
150,214,584447,4
153,214,"505859, 584447",4
154,214,584447,4
155,214,505859,4
156,214,584447,4
158,214,584447,4
159,214,584447,4
160,214,584447,4
161,214,963615,4
162,214,963615,4
163,214,963615,4
164,214,505859,4
169,214,"505859, 584447, 963615",4
170,214,"505859, 584447",4
177,214,"505859, 963615",4
178,214,584447,4
179,214,"505859, 963615",4
180,214,"505859, 963615",4
181,214,584447,4
183,214,505859,4
184,214,505859,4
185,214,505859,4
186,214,505859,4
187,214,584447,4
188,214,584447,4
189,214,"505859, 584447",4
190,214,505859,4
191,214,584447,4
149,201,400722,4
166,201,263913,4
170,201,400722,4
171,201,263913,4
183,201,263913,4
149,234,416219,4
152,234,416219,4
164,234,416219,4
165,234,416219,4
169,234,"416219, 993844",4
177,234,416219,4
178,234,"416219, 993844",4
179,234,416219,4
180,234,416219,4
181,234,"416219, 993844, 1082751",4
182,234,416219,4
183,234,416219,4
184,234,416219,4
185,234,416219,4
186,234,416219,4
190,234,416219,4
150,207,455008,4
153,207,911614,4
155,207,911614,4
158,207,455008,4
159,207,455008,4
160,207,455008,4
161,207,911614,4
162,207,911614,4
163,207,911614,4
164,207,911614,4
169,207,455008,4
179,207,911614,4
181,207,619437,4
182,207,619437,4
183,207,911614,4
184,207,911614,4
186,207,911614,4
190,207,619437,4
150,209,584447,4
153,209,"584447, 911614",4
154,209,584447,4
155,209,911614,4
156,209,584447,4
158,209,"584447, 971894",4
159,209,584447,4
160,209,584447,4
161,209,911614,4
162,209,911614,4
163,209,911614,4
164,209,911614,4
169,209,"584447, 993844",4
170,209,584447,4
178,209,"584447, 993844",4
179,209,911614,4
181,209,"584447, 993844",4
183,209,911614,4
184,209,911614,4
186,209,911614,4
187,209,584447,4
188,209,584447,4
189,209,"584447, 971894",4
191,209,584447,4
150,215,584447,4
153,215,584447,4
154,215,584447,4
156,215,584447,4
158,215,584447,4
159,215,584447,4
160,215,584447,4
169,215,"584447, 719763",4
170,215,"584447, 719763",4
178,215,584447,4
181,215,"519885, 584447",4
187,215,584447,4
188,215,584447,4
189,215,"519885, 584447, 719763",4
191,215,"519885, 584447",4
150,216,584447,4
153,216,584447,4
154,216,584447,4
156,216,584447,4
158,216,584447,4
159,216,584447,4
160,216,584447,4
169,216,584447,4
170,216,584447,4
178,216,584447,4
181,216,584447,4
187,216,584447,4
188,216,584447,4
189,216,584447,4
191,216,584447,4
151,233,1048011,4
157,233,"1014685, 1048011",4
167,233,"1014685, 1048011",4
169,233,993844,4
178,233,993844,4
181,233,"519885, 993844, 1014685, 1048011, 1082751",4
189,233,"519885, 1014685, 1048011",4
191,233,"519885, 1014685, 1048011",4
151,236,1048011,4
157,236,1048011,4
167,236,1048011,4
181,236,"519885, 1048011, 1082751",4
189,236,"519885, 1048011",4
191,236,"519885, 1048011",4
151,245,555714,4
157,245,555714,4
167,245,555714,4
181,245,555714,4
189,245,555714,4
191,245,555714,4
192,245,584447,4
193,245,584447,4
200,245,584447,4
204,245,584447,4
208,245,584447,4
209,245,584447,4
214,245,584447,4
215,245,584447,4
216,245,584447,4
227,245,1007975,4
228,245,584447,4
166,196,263913,4
169,196,719763,4
170,196,719763,4
171,196,263913,4
183,196,263913,4
189,196,719763,4
166,198,263913,4
169,198,719763,4
170,198,719763,4
171,198,263913,4
183,198,263913,4
189,198,719763,4
166,212,263913,4
169,212,719763,4
170,212,719763,4
171,212,263913,4
183,212,263913,4
189,212,719763,4
169,217,993844,4
178,217,993844,4
181,217,"993844, 1082751",4
169,231,993844,4
178,231,993844,4
181,231,"993844, 1082751",4
171,271,241017,4
181,271,535929,4
187,271,548624,4
195,271,984430,4
203,271,263990,4
205,271,263990,4
206,271,263990,4
208,271,984430,4
218,271,263990,4
172,220,"734723, 1058591",4
174,220,"734723, 1058591",4
172,221,"734723, 998545, 1058591",4
174,221,"734723, 979705, 998545, 1058591",4
172,223,998545,4
174,223,998545,4
172,224,734723,4
174,224,734723,4
172,225,734723,4
174,225,734723,4
172,254,616225,4
174,254,988692,4
220,254,734723,4
221,254,"734723, 979705, 998545",4
223,254,998545,4
224,254,734723,4
225,254,734723,4
172,257,616225,4
220,257,734723,4
221,257,"734723, 998545",4
222,257,1071032,4
223,257,998545,4
224,257,734723,4
225,257,734723,4
172,260,616225,4
220,260,734723,4
221,260,"734723, 998545",4
223,260,998545,4
224,260,734723,4
225,260,734723,4
173,270,588437,4
219,270,"573259, 1167617",4
256,270,"108938, 110899, 114666, 118478, 127790, 133892, 187833, 199984, 235297, 244827, 270220, 275782, 292347, 314647, 368080, 403445, 421137, 425954, 427096, 427250, 438350, 464331, 483533, 602580, 604098, 607784, 612824, 616689, 739860, 751640, 903640, 915181, 957469, 999796, 1061637, 1095891, 1163691, 1167207, 1168767, 1171591, 1198352, 1237802",4
174,255,988692,4
220,255,734723,4
221,255,"734723, 979705",4
224,255,734723,4
225,255,734723,4
181,269,535929,4
203,269,263990,4
205,269,263990,4
206,269,263990,4
209,269,971894,4
218,269,263990,4
192,261,468837,4
193,261,468837,4
199,261,540247,4
204,261,540247,4
206,261,540247,4
218,261,468837,4
226,261,468837,4
228,261,468837,4
230,261,468837,4
232,261,468837,4
239,261,540247,4
242,261,1179385,4
247,261,1179385,4
192,265,468837,4
193,265,468837,4
218,265,468837,4
226,265,468837,4
228,265,468837,4
230,265,468837,4
232,265,468837,4
242,265,"545984, 963615",4
249,265,963615,4
250,265,"545984, 963615",4
192,266,468837,4
193,266,468837,4
218,266,468837,4
226,266,468837,4
228,266,468837,4
230,266,468837,4
232,266,468837,4
242,266,"545984, 963615",4
249,266,963615,4
250,266,"545984, 963615",4
192,272,468837,4
193,272,468837,4
218,272,468837,4
226,272,468837,4
228,272,468837,4
230,272,468837,4
232,272,468837,4
242,272,"545984, 963615",4
249,272,963615,4
250,272,"545984, 963615",4
192,280,911614,4
207,280,911614,4
209,280,911614,4
237,280,911614,4
268,280,1121384,4
192,282,911614,4
207,282,911614,4
209,282,911614,4
237,282,911614,4
250,282,719763,4
261,282,1179385,4
263,282,1179385,4
279,282,1179385,4
192,284,416219,4
193,284,416219,4
228,284,416219,4
234,284,416219,4
247,284,916245,4
261,284,1179385,4
263,284,1179385,4
267,284,156096,4
279,284,"294115, 1179385",4
195,247,263913,4
196,247,263913,4
198,247,263913,4
201,247,263913,4
212,247,263913,4
226,247,294115,4
228,247,294115,4
230,247,294115,4
232,247,294115,4
235,247,294115,4
237,247,294115,4
238,247,294115,4
239,247,"263913, 294115, 916245",4
240,247,294115,4
241,247,294115,4
195,264,519885,4
197,264,519885,4
200,264,519885,4
215,264,519885,4
227,264,519885,4
228,264,519885,4
233,264,519885,4
236,264,519885,4
245,264,555714,4
252,264,"555714, 1034094",4
195,285,552972,4
197,285,552972,4
200,285,552972,4
226,285,471775,4
227,285,471775,4
228,285,471775,4
230,285,471775,4
232,285,471775,4
235,285,471775,4
237,285,471775,4
238,285,471775,4
239,285,471775,4
240,285,471775,4
241,285,471775,4
264,285,1034094,4
273,285,1014685,4
196,250,719763,4
197,250,963615,4
198,250,719763,4
199,250,963615,4
200,250,719763,4
202,250,963615,4
204,250,963615,4
206,250,963615,4
212,250,719763,4
214,250,963615,4
215,250,719763,4
218,250,963615,4
226,250,"719763, 963615",4
227,250,719763,4
228,250,"719763, 963615",4
230,250,"719763, 963615",4
232,250,"545984, 719763, 963615",4
235,250,"545984, 719763",4
237,250,"545984, 719763",4
238,250,719763,4
239,250,"545984, 719763",4
240,250,719763,4
241,250,719763,4
197,242,963615,4
199,242,963615,4
202,242,963615,4
204,242,963615,4
206,242,963615,4
214,242,963615,4
218,242,963615,4
226,242,"294115, 963615",4
228,242,"294115, 963615",4
230,242,"294115, 963615",4
232,242,"294115, 545984, 963615",4
235,242,"294115, 545984",4
237,242,"294115, 545984",4
238,242,294115,4
239,242,"294115, 545984",4
240,242,294115,4
241,242,294115,4
197,305,400722,4
201,305,400722,4
232,305,518902,4
235,305,518902,4
237,305,"400722, 518902",4
239,305,518902,4
261,305,540247,4
279,305,715341,4
282,305,1179385,4
284,305,"156096, 294115, 416219, 916245, 1179385",4
207,297,455008,4
237,297,455008,4
263,297,516496,4
279,297,"516496, 715341",4
282,297,1179385,4
284,297,1179385,4
219,291,681522,4
256,291,523545,4
270,291,"108938, 110899, 114666, 118478, 127790, 133892, 187833, 199984, 235297, 244827, 270220, 292347, 314647, 368080, 403445, 421137, 425954, 427096, 427250, 438350, 464331, 483533, 588437, 602580, 612824, 616689, 739860, 751640, 915181, 957469, 999796, 1061637, 1095891, 1163691, 1167207, 1167617, 1168767, 1171591, 1198352, 1237802",4
275,291,957469,4
276,291,"187833, 957469",4
278,291,"270220, 957469, 1061637",4
220,289,1058591,4
221,289,1058591,4
277,289,988692,4
221,251,998545,4
222,251,"123777, 1071032",4
223,251,998545,4
229,243,"552846, 1166148, 1205586",4
229,259,"460228, 552846, 1166148, 1205586",2
232,304,518902,4
235,304,518902,4
237,304,518902,4
239,304,518902,4
243,274,"552846, 1166148",4
259,274,"460228, 552846, 1166148",4
243,288,1205586,4
259,288,1205586,4
274,288,"460228, 552846, 1166148",4
246,298,158639,4
279,298,715341,4
280,298,911614,4
282,298,"911614, 1179385",4
284,298,1179385,4
247,286,263913,4
249,286,263913,4
250,281,719763,4
265,281,963615,4
266,281,963615,4
267,281,963615,4
272,281,963615,4
251,275,"123777, 1071032",4
256,275,"903640, 957469",4
257,275,1071032,4
251,276,123777,4
256,276,"187833, 903640, 957469",4
251,277,998545,4
254,277,"734723, 988692, 998545",4
255,277,"734723, 988692",4
257,277,"734723, 998545",4
260,277,"734723, 998545",4
251,278,123777,4
256,278,"270220, 903640, 957469, 1061637",4
256,303,149963,4
270,303,275782,4
291,303,"108938, 110899, 114666, 118478, 127790, 133892, 187833, 235297, 244827, 270220, 292347, 314647, 403445, 421137, 425954, 427096, 427250, 464331, 483533, 523545, 588437, 602580, 612824, 616689, 681522, 739860, 751640, 957469, 1061637, 1095891, 1163691, 1167207, 1167617, 1168767, 1171591, 1198352, 1237802",4
269,295,971894,4
280,295,911614,4
282,295,"911614, 1179385",4
284,295,1179385,4
273,283,1014685,4
275,290,"123777, 1071032",4
276,290,123777,4
278,290,123777,4
281,299,963615,4
284,299,294115,4
284,293,294115,4
284,296,294115,4
284,300,294115,4
288,306,"552846, 1205586",4
290,301,1071032,4
291,301,"127790, 602580",4
291,302,"127790, 602580, 915181, 1061637, 1167207",4
