,CUST_ID,SEX,AGE,DEPARTEMENT
0,5,M,35-49,92
1,100419,M,50-65,60
2,101199,M,50-65,51
3,101292,M,35-49,13
4,101540,M,35-49,76
5,101603,M,50-65,56
6,101909,M,50-65,44
7,102153,M,35-49,77
8,102352,M,50-65,33
9,103240,M,50-65,38
10,103512,M,35-49,31
11,104182,M,50-65,14
12,104790,M,35-49,59
13,104797,F,50-65,02
14,105101,M,50-65,93
15,105351,M,50-65,59
16,105477,M,50-65,84
17,106157,M,35-49,08
18,106937,M,50-65,04
19,107030,M,35-49,59
20,107130,M,35-49,60
21,107379,M,50-65,08
22,107467,M,50-65,44
23,108154,M,35-49,49
24,108938,M,50-65,59
25,109218,M,35-49,69
26,109620,M,35-49,69
27,109702,M,35-49,27
28,109725,M,35-49,48
29,109920,M,35-49,74
30,109997,F,50-65,27
31,110260,M,50-65,08
32,110899,M,35-49,59
33,111270,M,35-49,69
34,112041,M,35-49,78
35,112044,M,35-49,59
36,112049,M,35-49,91
37,112465,M,50-65,35
38,112638,M,50-65,94
39,112823,M,50-65,13
40,112833,M,50-65,94
41,112843,M,50-65,37
42,113487,M,50-65,78
43,114251,M,50-65,50
44,114666,M,35-49,59
45,114741,F,35-49,53
46,115001,M,50-65,75
47,116450,M,50-65,28
48,116528,M,35-49,69
49,116631,M,50-65,77
50,116969,M,50-65,59
51,117148,M,35-49,57
52,117565,M,50-65,45
53,117674,M,50-65,44
54,117944,M,50-65,44
55,118478,M,50-65,59
56,119642,M,50-65,45
57,119697,M,50-65,70
58,120327,M,35-49,37
59,121488,M,50-65,17
60,122183,M,50-65,17
61,122586,M,50-65,23
62,123289,M,50-65,38
63,123459,M,35-49,60
64,123476,M,50-65,94
65,123777,M,50-65,59
66,124383,M,35-49,91
67,124627,M,50-65,56
68,124985,M,35-49,38
69,125034,M,50-65,38
70,125683,M,50-65,01
71,126509,M,35-49,71
72,126756,M,35-49,17
73,126804,M,35-49,93
74,127006,M,35-49,35
75,127017,M,50-65,57
76,127413,M,50-65,91
77,127760,M,50-65,78
78,127766,M,50-65,51
79,127780,M,35-49,49
80,127790,M,50-65,59
81,128108,M,50-65,94
82,128216,M,50-65,76
83,128350,M,50-65,38
84,128420,M,50-65,28
85,128793,M,50-65,35
86,128859,M,35-49,59
87,129056,M,35-49,67
88,129426,M,35-49,60
89,130016,M,50-65,13
90,130181,M,35-49,59
91,130413,M,50-65,28
92,130710,M,50-65,63
93,130838,M,35-49,33
94,131001,M,50-65,83
95,131007,M,50-65,49
96,131014,M,50-65,33
97,131410,M,50-65,83
98,131411,M,50-65,38
99,131535,M,50-65,42
100,132375,M,50-65,33
101,132464,M,50-65,95
102,133794,M,50-65,06
103,133805,M,50-65,35
104,133892,M,50-65,59
105,134339,F,35-49,21
106,134681,M,35-49,38
107,134749,M,50-65,14
108,134753,M,35-49,44
109,135262,M,50-65,60
110,135340,M,35-49,69
111,135722,M,50-65,11
112,136801,M,50-65,21
113,137065,M,35-49,92
114,137391,M,50-65,62
115,138391,M,50-65,93
116,138453,M,35-49,51
117,138559,M,50-65,11
118,138577,M,50-65,44
119,138629,M,35-49,33
120,138632,F,50-65,69
121,139787,M,35-49,71
122,140592,M,35-49,01
123,140929,M,50-65,07
124,141352,M,35-49,38
125,141443,M,50-65,38
126,141633,M,35-49,72
127,141642,M,50-65,80
128,141838,M,50-65,35
129,143143,M,35-49,93
130,144017,M,35-49,77
131,144018,M,50-65,14
132,144594,M,50-65,17
133,144641,M,50-65,91
134,145180,M,50-65,69
135,145218,M,35-49,10
136,145422,M,50-65,78
137,145498,M,35-49,44
138,145880,M,35-49,38
139,146004,M,50-65,33
140,146596,M,35-49,60
141,146894,M,35-49,76
142,146980,M,35-49,76
143,147150,M,50-65,37
144,147752,M,50-65,19
145,148510,M,35-49,77
146,149097,M,35-49,56
147,149255,M,50-65,35
148,149717,M,35-49,56
149,150153,M,35-49,45
150,150173,M,50-65,56
151,150179,M,50-65,69
152,150405,M,50-65,76
153,151741,M,50-65,02
154,152558,M,35-49,74
155,152642,M,35-49,16
156,152939,M,50-65,13
157,153569,M,50-65,86
158,153731,M,35-49,59
159,154223,M,35-49,45
160,154278,M,35-49,28
161,155614,M,50-65,67
162,155680,M,35-49,56
163,155926,M,50-65,43
164,156096,M,35-49,78
165,156366,M,35-49,59
166,156442,M,50-65,69
167,156529,M,50-65,38
168,156634,M,35-49,62
169,157403,M,35-49,33
170,157783,M,35-49,95
171,157902,M,50-65,94
172,158259,M,50-65,69
173,158377,M,35-49,88
174,158500,F,50-65,69
175,158503,M,50-65,69
176,158617,M,50-65,30
177,158639,M,50-65,78
178,158646,M,50-65,39
179,159915,M,35-49,35
180,160197,M,35-49,01
181,161112,M,50-65,56
182,161194,M,35-49,35
183,161366,M,50-65,52
184,161523,M,35-49,35
185,161620,M,50-65,77
186,161748,M,50-65,88
187,161807,M,50-65,86
188,163515,M,50-65,62
189,163848,M,50-65,93
190,164050,M,50-65,33
191,165350,M,50-65,95
192,165775,M,50-65,92
193,166178,M,50-65,28
194,166235,M,35-49,30
195,166535,F,50-65,07
196,167059,M,50-65,44
197,167759,M,35-49,27
198,167890,M,35-49,45
199,168172,M,35-49,68
200,168995,M,35-49,94
201,169398,M,50-65,29
202,169511,M,50-65,94
203,169933,M,50-65,67
204,171222,M,50-65,62
205,172691,M,50-65,51
206,173045,M,50-65,22
207,173522,M,50-65,37
208,173602,M,50-65,28
209,173792,F,50-65,67
210,174129,M,35-49,26
211,174246,M,50-65,77
212,174862,M,50-65,64
213,175804,M,35-49,80
214,176006,M,35-49,41
215,176214,M,50-65,76
216,176294,M,35-49,10
217,176813,M,35-49,35
218,176836,M,50-65,70
219,176940,M,50-65,59
220,177513,M,50-65,69
221,177780,M,50-65,33
222,178271,M,50-65,42
223,178712,M,35-49,44
224,178784,M,50-65,63
225,179179,M,35-49,77
226,179379,M,50-65,69
227,179654,M,50-65,69
228,179843,M,50-65,61
229,179988,M,35-49,62
230,180420,M,35-49,29
231,180615,M,35-49,45
232,180618,M,50-65,37
233,180655,M,35-49,10
234,181842,M,35-49,57
235,183375,M,50-65,69
236,183963,M,50-65,91
237,184103,M,50-65,13
238,184167,F,50-65,85
239,184881,M,35-49,44
240,185114,M,50-65,77
241,185192,M,50-65,35
242,185380,M,35-49,28
243,185655,M,35-49,95
244,185708,M,50-65,60
245,186390,M,35-49,26
246,186396,M,50-65,69
247,186971,M,50-65,94
248,187300,M,35-49,62
249,187604,M,35-49,60
250,187833,M,50-65,59
251,187912,F,50-65,33
252,188474,M,50-65,28
253,189175,M,50-65,86
254,190322,M,35-49,87
255,190337,M,50-65,01
256,190477,M,35-49,38
257,191305,M,35-49,35
258,191353,F,35-49,45
259,191561,M,50-65,59
260,191894,M,50-65,85
261,191954,M,35-49,80
262,192427,F,35-49,77
263,193256,M,35-49,44
264,193494,M,35-49,44
265,193691,F,35-49,69
266,194992,M,50-65,95
267,195083,M,50-65,84
268,196163,M,50-65,58
269,196420,M,35-49,60
270,196694,M,35-49,31
271,197141,M,50-65,85
272,199517,M,50-65,84
273,199523,M,35-49,73
274,199604,M,50-65,56
275,199646,M,50-65,69
276,199656,M,50-65,59
277,199886,M,35-49,33
278,199926,M,35-49,77
279,199984,M,50-65,59
280,200152,M,50-65,69
281,200336,M,50-65,14
282,200393,M,50-65,27
283,200677,M,50-65,44
284,200870,M,50-65,55
285,200995,M,35-49,92
286,201216,M,35-49,22
287,201489,M,35-49,72
288,201497,M,35-49,94
289,201977,M,35-49,68
290,202406,M,35-49,35
291,203439,M,35-49,13
292,203689,M,35-49,63
293,204029,M,50-65,78
294,204037,M,50-65,59
295,205077,M,35-49,44
296,205109,M,50-65,62
297,205176,M,35-49,21
298,205486,M,50-65,37
299,205979,M,50-65,03
300,206051,M,35-49,18
301,206661,M,50-65,44
302,207479,M,50-65,76
303,207629,M,35-49,35
304,207934,M,50-65,21
305,207936,M,50-65,75
306,208716,M,50-65,26
307,209362,M,50-65,47
308,209671,M,50-65,60
309,209688,M,50-65,61
310,209755,M,35-49,62
311,210093,M,50-65,37
312,210290,M,35-49,56
313,210355,M,35-49,59
314,211013,M,50-65,24
315,211087,M,50-65,92
316,211249,F,50-65,62
317,211983,F,35-49,18
318,212285,M,50-65,91
319,212317,M,35-49,55
320,212519,M,50-65,06
321,213362,M,50-65,59
322,214000,M,50-65,44
323,214487,M,35-49,29
324,214802,M,35-49,91
325,214894,F,35-49,44
326,215962,M,50-65,54
327,216341,M,35-49,60
328,216399,M,50-65,13
329,217195,M,50-65,57
330,217265,M,35-49,60
331,217342,M,35-49,51
332,217347,M,50-65,33
333,217582,M,50-65,83
334,217635,M,50-65,18
335,217903,M,50-65,38
336,218210,M,50-65,68
337,218475,M,50-65,70
338,219547,M,50-65,44
339,219676,M,35-49,42
340,221271,M,50-65,76
341,222253,M,50-65,44
342,222481,M,35-49,67
343,223681,M,50-65,45
344,223987,M,50-65,38
345,224494,M,50-65,89
346,224623,M,50-65,91
347,225737,M,50-65,63
348,225837,M,35-49,25
349,226033,M,35-49,73
350,226528,M,50-65,91
351,226621,M,50-65,78
352,227755,M,35-49,77
353,227879,M,50-65,38
354,231288,M,50-65,54
355,231613,M,35-49,10
356,231814,M,35-49,76
357,231901,M,35-49,21
358,232620,M,50-65,44
359,233569,M,35-49,59
360,234024,M,50-65,92
361,234628,M,50-65,45
362,234690,M,35-49,91
363,234929,M,35-49,56
364,235018,M,35-49,60
365,235062,M,50-65,33
366,235297,M,50-65,59
367,235462,M,35-49,59
368,235780,M,50-65,14
369,235789,M,50-65,86
370,236349,M,50-65,76
371,236457,M,50-65,64
372,237148,M,50-65,80
373,237910,M,50-65,81
374,237911,M,35-49,33
375,238321,M,50-65,93
376,238446,M,50-65,85
377,238728,M,50-65,33
378,239166,M,50-65,77
379,239243,M,50-65,33
380,239263,M,50-65,27
381,240369,M,35-49,38
382,240524,M,50-65,41
383,240560,M,50-65,13
384,240815,F,35-49,51
385,240832,M,50-65,73
386,241317,M,50-65,60
387,241876,M,35-49,22
388,242494,M,50-65,13
389,242571,M,50-65,44
390,242587,M,35-49,76
391,242596,M,50-65,60
392,242901,M,50-65,70
393,243130,M,35-49,62
394,243262,M,35-49,63
395,243310,M,35-49,85
396,243368,M,50-65,29
397,243422,M,50-65,62
398,244007,M,50-65,01
399,244081,M,50-65,77
400,244169,M,50-65,77
401,244585,M,50-65,69
402,244822,M,50-65,78
403,244827,M,35-49,59
404,245439,M,50-65,27
405,245916,M,50-65,61
406,245952,M,50-65,33
407,246360,M,50-65,68
408,246580,M,50-65,67
409,246691,M,50-65,71
410,246710,M,50-65,56
411,247074,M,50-65,01
412,247435,M,50-65,94
413,247691,M,50-65,72
414,247704,M,35-49,33
415,247711,M,35-49,45
416,248029,M,50-65,33
417,248049,M,50-65,27
418,248714,M,35-49,47
419,249335,M,50-65,45
420,249512,M,50-65,38
421,250022,M,50-65,78
422,250766,M,35-49,35
423,250989,M,35-49,16
424,251532,M,50-65,77
425,251784,M,50-65,02
426,251807,M,50-65,95
427,252464,M,50-65,75
428,252569,M,35-49,77
429,252628,M,35-49,17
430,253080,M,50-65,33
431,253419,M,50-65,29
432,253502,M,35-49,91
433,253889,M,50-65,77
434,254144,M,50-65,79
435,254276,M,50-65,06
436,254508,M,50-65,60
437,254902,M,50-65,77
438,255580,M,50-65,28
439,255738,M,35-49,93
440,255780,M,35-49,17
441,255825,M,35-49,14
442,255991,M,50-65,37
443,256106,M,35-49,29
444,257318,M,35-49,77
445,258075,M,50-65,33
446,258108,M,35-49,33
447,258179,M,35-49,30
448,258536,M,50-65,95
449,258840,F,50-65,92
450,259090,M,35-49,35
451,260004,M,50-65,38
452,260089,M,50-65,50
453,260531,M,35-49,01
454,260860,M,50-65,31
455,260870,M,50-65,43
456,260928,M,35-49,17
457,261204,M,35-49,17
458,261408,M,50-65,23
459,261940,M,50-65,68
460,262184,M,35-49,89
461,262637,M,35-49,33
462,262712,M,50-65,14
463,263030,M,35-49,59
464,263090,M,50-65,77
465,263135,M,35-49,33
466,263262,M,50-65,62
467,263275,M,50-65,95
468,263374,M,35-49,49
469,263391,M,35-49,13
470,263913,M,50-65,78
471,263990,F,50-65,78
472,264104,M,35-49,28
473,265643,M,35-49,50
474,266069,M,50-65,84
475,266240,M,35-49,67
476,266251,M,35-49,28
477,266420,M,50-65,77
478,266546,M,35-49,56
479,266725,M,35-49,76
480,266878,M,50-65,62
481,266909,M,50-65,39
482,267298,F,50-65,60
483,267459,M,35-49,28
484,267853,M,50-65,11
485,268571,M,50-65,92
486,268638,M,50-65,84
487,268817,M,50-65,44
488,269231,M,50-65,95
489,269422,M,50-65,33
490,269865,M,35-49,31
491,270044,M,50-65,57
492,270064,M,50-65,10
493,270220,M,50-65,59
494,270390,M,50-65,28
495,270668,M,35-49,35
496,270838,M,35-49,44
497,271088,M,35-49,38
498,271390,M,50-65,77
499,271498,M,50-65,68
500,271869,M,50-65,77
501,272409,M,50-65,91
502,272870,F,50-65,44
503,273040,M,35-49,74
504,274094,M,50-65,69
505,274841,M,50-65,69
506,274908,M,50-65,25
507,275349,M,50-65,60
508,275644,F,50-65,59
509,275671,M,50-65,51
510,275782,M,50-65,59
511,277205,M,50-65,67
512,277484,M,50-65,08
513,277744,M,50-65,59
514,278431,M,50-65,67
515,278763,M,50-65,78
516,279300,M,50-65,28
517,279413,M,50-65,22
518,280105,M,50-65,67
519,280798,M,35-49,95
520,280802,M,50-65,72
521,280995,M,35-49,37
522,281209,M,35-49,33
523,281242,M,50-65,14
524,281452,M,35-49,33
525,281493,M,35-49,33
526,281689,M,35-49,44
527,281741,M,50-65,69
528,281926,M,35-49,33
529,281989,M,35-49,40
530,282624,M,35-49,78
531,282974,M,35-49,80
532,283251,M,35-49,70
533,283502,M,35-49,78
534,283699,M,50-65,92
535,283851,M,35-49,01
536,284251,M,35-49,95
537,284878,M,35-49,90
538,285394,M,35-49,34
539,285524,M,35-49,46
540,285664,M,50-65,13
541,285767,M,50-65,44
542,286055,M,50-65,22
543,286138,M,50-65,93
544,286399,M,35-49,93
545,286448,M,35-49,66
546,286667,M,50-65,33
547,286764,M,50-65,02
548,286962,M,35-49,38
549,287567,M,50-65,37
550,287724,M,35-49,84
551,288169,M,50-65,56
552,288207,M,50-65,13
553,288225,M,35-49,33
554,288796,M,35-49,60
555,289408,M,50-65,77
556,289489,M,35-49,91
557,289696,M,50-65,84
558,290844,M,35-49,42
559,291158,M,50-65,77
560,291258,M,35-49,18
561,291629,M,35-49,62
562,291893,M,35-49,29
563,291910,M,35-49,86
564,292028,M,35-49,37
565,292255,M,50-65,82
566,292347,M,35-49,59
567,292497,M,50-65,95
568,292757,M,50-65,27
569,292980,M,50-65,71
570,293010,M,35-49,17
571,293226,M,35-49,69
572,293879,M,35-49,21
573,294113,M,50-65,83
574,294115,M,35-49,78
575,294402,M,50-65,94
576,294410,F,50-65,95
577,294875,M,35-49,28
578,294969,M,50-65,59
579,295095,M,35-49,91
580,295415,M,35-49,13
581,295630,M,35-49,42
582,296867,M,35-49,75
583,297151,M,50-65,21
584,297581,M,50-65,31
585,297767,F,35-49,01
586,297821,M,35-49,62
587,298889,M,35-49,38
588,299120,M,35-49,76
589,300960,M,35-49,33
590,302269,M,35-49,78
591,302612,M,50-65,86
592,302992,M,35-49,44
593,304503,M,50-65,67
594,304549,M,50-65,59
595,304872,M,35-49,17
596,305184,M,35-49,71
597,305646,M,50-65,89
598,306075,M,50-65,94
599,306345,M,50-65,77
600,307114,M,50-65,25
601,307302,F,50-65,13
602,307358,M,35-49,35
603,307441,M,50-65,94
604,307443,M,50-65,92
605,307948,M,35-49,95
606,308236,M,35-49,69
607,308942,M,50-65,91
608,309153,M,50-65,59
609,310804,F,35-49,64
610,310853,M,35-49,67
611,310913,M,35-49,22
612,311141,M,50-65,69
613,312209,F,35-49,63
614,312549,M,35-49,67
615,312825,M,35-49,80
616,313095,M,35-49,07
617,313393,M,50-65,22
618,313492,M,50-65,25
619,313596,M,35-49,19
620,314234,M,35-49,78
621,314427,M,35-49,05
622,314550,M,35-49,75
623,314790,M,35-49,25
624,315149,M,50-65,89
625,315705,M,50-65,77
626,316072,F,50-65,94
627,316583,M,50-65,95
628,317401,M,50-65,69
629,318585,M,35-49,72
630,318746,M,35-49,93
631,318950,M,35-49,44
632,319024,M,50-65,33
633,319295,M,50-65,28
634,319710,M,35-49,69
635,319995,M,35-49,25
636,320418,M,35-49,34
637,320603,M,35-49,75
638,320822,M,35-49,57
639,320943,M,35-49,38
640,321570,M,50-65,56
641,321611,M,50-65,70
642,321888,M,35-49,57
643,322109,M,35-49,27
644,322212,M,50-65,49
645,322347,M,35-49,28
646,322520,M,35-49,59
647,322571,F,35-49,88
648,322846,M,35-49,85
649,322977,M,50-65,59
650,323274,M,35-49,95
651,323687,M,35-49,30
652,324546,M,35-49,35
653,324884,M,35-49,64
654,325003,M,50-65,17
655,325831,M,35-49,78
656,325886,M,35-49,44
657,326530,M,50-65,52
658,326690,M,35-49,63
659,326883,M,50-65,39
660,326976,M,35-49,42
661,327034,M,50-65,78
662,327067,M,50-65,49
663,327176,F,50-65,33
664,327303,M,35-49,72
665,327457,M,35-49,80
666,327511,M,35-49,01
667,327843,M,50-65,62
668,327910,M,50-65,80
669,328009,M,35-49,35
670,328084,M,35-49,91
671,328260,M,50-65,47
672,328616,M,35-49,67
673,328728,M,50-65,56
674,328854,M,50-65,91
675,329162,M,35-49,95
676,329181,M,35-49,94
677,329270,M,35-49,17
678,329564,M,35-49,95
679,329694,M,50-65,72
680,330422,M,35-49,67
681,330770,M,50-65,52
682,330801,M,35-49,44
683,331688,M,50-65,44
684,331812,M,50-65,61
685,332256,F,35-49,38
686,332381,M,35-49,61
687,333228,F,35-49,94
688,333635,M,35-49,69
689,333676,M,35-49,77
690,333982,M,50-65,69
691,334241,M,35-49,44
692,334762,M,35-49,95
693,334860,M,50-65,59
694,335544,M,50-65,59
695,336115,M,50-65,33
696,336440,M,35-49,45
697,336457,M,35-49,62
698,336719,M,35-49,39
699,337033,M,35-49,67
700,337247,M,35-49,44
701,337430,M,35-49,54
702,337827,M,35-49,62
703,337867,M,35-49,77
704,338130,M,35-49,69
705,338531,M,35-49,60
706,338698,M,50-65,83
707,338973,M,35-49,17
708,340193,M,35-49,73
709,340702,F,50-65,85
710,341767,M,35-49,60
711,341866,M,35-49,78
712,341990,M,35-49,78
713,342132,M,35-49,86
714,342447,M,35-49,67
715,342574,M,35-49,89
716,342704,M,35-49,18
717,343472,M,35-49,84
718,343915,M,50-65,69
719,343970,M,35-49,78
720,344227,M,35-49,13
721,344698,M,35-49,73
722,344981,M,35-49,32
723,345081,M,35-49,83
724,345223,F,35-49,51
725,345446,M,35-49,34
726,345704,M,35-49,29
727,345790,M,35-49,63
728,345812,M,35-49,33
729,345830,M,35-49,34
730,346380,M,50-65,59
731,346539,M,35-49,77
732,346609,M,50-65,95
733,347093,M,50-65,75
734,347094,M,50-65,77
735,347397,M,35-49,91
736,347643,F,50-65,58
737,347675,M,35-49,51
738,347737,M,35-49,91
739,347947,M,35-49,33
740,348193,M,35-49,67
741,348218,M,35-49,13
742,348256,M,50-65,91
743,348257,M,35-49,28
744,349073,M,35-49,35
745,349380,M,50-65,78
746,350049,F,35-49,94
747,350100,M,50-65,91
748,350143,M,35-49,78
749,350191,M,35-49,44
750,350865,M,35-49,54
751,351108,M,35-49,92
752,351200,M,35-49,33
753,351376,M,35-49,42
754,351455,M,35-49,59
755,351686,M,35-49,59
756,351978,M,35-49,91
757,352224,M,50-65,34
758,353646,M,35-49,45
759,353800,M,35-49,65
760,354139,M,50-65,40
761,354997,M,50-65,55
762,355131,M,35-49,37
763,355680,M,35-49,71
764,355733,M,35-49,67
765,355862,M,35-49,69
766,356173,M,50-65,56
767,356552,M,35-49,28
768,356883,M,50-65,31
769,359156,M,50-65,56
770,359166,M,35-49,43
771,359170,M,35-49,65
772,359177,M,50-65,07
773,359361,M,35-49,89
774,359596,M,50-65,40
775,359880,F,35-49,69
776,360214,M,35-49,29
777,360297,M,50-65,78
778,360409,M,50-65,77
779,360606,M,35-49,10
780,361586,M,35-49,69
781,361654,M,35-49,44
782,361700,M,35-49,84
783,362507,M,50-65,13
784,363070,M,50-65,91
785,363093,M,35-49,59
786,363369,M,35-49,30
787,363405,M,35-49,33
788,363669,M,50-65,34
789,363682,M,50-65,17
790,363683,M,50-65,95
791,363684,M,50-65,95
792,363694,M,35-49,30
793,363701,M,50-65,77
794,363979,M,35-49,86
795,365039,M,50-65,43
796,366082,M,50-65,93
797,366088,M,50-65,69
798,366089,M,35-49,92
799,366090,F,35-49,69
800,366227,M,35-49,44
801,366473,M,35-49,67
802,366480,M,35-49,95
803,366882,M,50-65,35
804,366953,M,50-65,76
805,367609,M,35-49,79
806,368080,M,50-65,59
807,368098,M,50-65,93
808,368151,M,50-65,67
809,368811,F,35-49,63
810,370234,M,35-49,38
811,370851,M,50-65,21
812,370884,M,50-65,31
813,370976,M,35-49,60
814,371336,M,35-49,62
815,371850,M,35-49,90
816,372110,M,50-65,26
817,373080,M,50-65,71
818,373974,M,35-49,51
819,374044,M,35-49,91
820,374353,M,50-65,54
821,374988,F,35-49,35
822,375053,M,35-49,58
823,375490,M,50-65,33
824,375648,M,35-49,13
825,375654,F,35-49,47
826,375830,M,35-49,93
827,375841,M,50-65,44
828,376007,M,35-49,33
829,376894,M,50-65,68
830,378368,M,35-49,93
831,378547,M,50-65,10
832,380150,M,50-65,78
833,380161,F,50-65,75
834,380995,M,50-65,31
835,381066,M,35-49,14
836,381070,M,50-65,35
837,381294,M,35-49,59
838,381637,M,50-65,91
839,381774,M,50-65,59
840,381820,M,35-49,60
841,381903,M,50-65,31
842,381965,M,50-65,62
843,382015,M,50-65,52
844,382963,M,35-49,14
845,383360,M,50-65,83
846,383651,M,35-49,75
847,384660,M,35-49,72
848,385043,M,35-49,82
849,385415,M,35-49,08
850,385672,M,50-65,62
851,387069,M,35-49,56
852,387220,F,50-65,59
853,387264,M,50-65,49
854,387331,F,35-49,93
855,388009,M,35-49,67
856,388411,M,50-65,53
857,388793,M,35-49,44
858,388823,M,35-49,91
859,389171,F,35-49,33
860,389683,M,35-49,69
861,390255,M,50-65,95
862,390331,F,35-49,60
863,390458,M,35-49,56
864,390556,M,35-49,58
865,390663,M,35-49,33
866,391256,M,35-49,91
867,391482,M,35-49,86
868,392347,M,35-49,46
869,392453,M,50-65,35
870,392517,M,50-65,01
871,392543,M,50-65,01
872,392698,M,35-49,50
873,392706,M,50-65,78
874,392930,M,35-49,31
875,393365,F,35-49,92
876,393517,M,35-49,13
877,395697,M,35-49,50
878,396457,M,35-49,03
879,396497,M,50-65,95
880,396810,M,35-49,56
881,396865,M,50-65,14
882,397298,M,35-49,44
883,397537,M,35-49,74
884,397849,M,50-65,68
885,398714,M,35-49,01
886,398776,M,35-49,84
887,399050,M,50-65,91
888,399102,M,35-49,95
889,399106,M,50-65,94
890,399108,M,35-49,95
891,399237,M,35-49,67
892,399549,F,50-65,95
893,399876,M,35-49,67
894,400471,M,35-49,93
895,400687,M,35-49,77
896,400717,M,50-65,79
897,400722,M,50-65,78
898,400826,M,35-49,51
899,400827,F,35-49,59
900,401292,M,35-49,60
901,401345,M,35-49,51
902,401865,M,35-49,08
903,402390,M,50-65,28
904,402575,M,35-49,57
905,402706,F,35-49,42
906,403434,M,35-49,17
907,403940,M,35-49,69
908,404011,M,50-65,01
909,404238,M,35-49,37
910,404382,M,35-49,19
911,405350,M,35-49,94
912,405679,F,35-49,18
913,405865,F,35-49,12
914,406229,M,50-65,91
915,406798,M,50-65,33
916,406799,M,50-65,60
917,407087,M,35-49,75
918,407211,M,35-49,54
919,407567,M,50-65,93
920,407622,M,50-65,85
921,407656,M,35-49,27
922,407672,F,35-49,42
923,408345,M,35-49,10
924,408552,M,50-65,66
925,408818,M,35-49,77
926,409523,M,35-49,92
927,409638,M,35-49,84
928,409669,M,35-49,91
929,409859,M,50-65,77
930,409877,M,35-49,84
931,410011,M,50-65,77
932,410125,M,35-49,35
933,410148,M,50-65,37
934,410597,M,50-65,35
935,411205,M,50-65,63
936,411405,M,35-49,67
937,411446,M,50-65,31
938,411475,F,35-49,30
939,411545,F,50-65,28
940,411688,M,35-49,67
941,413410,M,35-49,69
942,413475,M,35-49,67
943,414346,M,50-65,74
944,414395,M,50-65,01
945,414465,M,35-49,59
946,415244,M,50-65,44
947,415335,M,35-49,60
948,415337,M,50-65,93
949,415473,F,50-65,95
950,415634,M,35-49,27
951,415677,M,35-49,95
952,415746,M,50-65,68
953,416091,F,50-65,26
954,416213,M,50-65,38
955,416219,M,50-65,78
956,416421,M,35-49,94
957,416488,M,50-65,95
958,416529,M,35-49,01
959,417020,M,50-65,33
960,418102,M,35-49,82
961,418215,M,35-49,37
962,418480,M,50-65,86
963,418869,M,35-49,77
964,418933,M,35-49,30
965,419372,F,35-49,33
966,419376,F,35-49,67
967,420055,F,50-65,38
968,421074,M,35-49,29
969,421137,M,35-49,59
970,421138,M,35-49,71
971,421547,M,35-49,45
972,422025,M,50-65,69
973,422135,M,35-49,69
974,422249,M,35-49,69
975,422446,M,50-65,22
976,422783,M,35-49,34
977,422795,M,50-65,92
978,422956,M,50-65,67
979,423335,M,35-49,33
980,423465,M,50-65,68
981,423574,M,35-49,59
982,423653,M,50-65,62
983,423808,M,35-49,86
984,424154,M,35-49,77
985,425172,F,50-65,30
986,425246,M,35-49,69
987,425584,M,50-65,77
988,425619,M,35-49,02
989,425711,M,35-49,69
990,425954,M,35-49,59
991,426654,M,35-49,37
992,426786,M,35-49,08
993,426806,M,35-49,60
994,426989,M,50-65,13
995,427096,M,35-49,59
996,427250,M,35-49,59
997,427277,M,50-65,91
998,427469,M,35-49,92
999,427635,M,35-49,10
1000,427683,M,35-49,94
1001,427779,M,35-49,78
1002,428201,M,50-65,95
1003,428202,M,50-65,78
1004,428203,M,50-65,92
1005,428404,M,35-49,02
1006,428431,M,35-49,89
1007,428440,F,35-49,75
1008,428811,M,35-49,21
1009,428820,M,35-49,78
1010,429013,M,50-65,77
1011,429163,M,50-65,33
1012,429349,M,35-49,35
1013,429399,M,35-49,92
1014,429595,M,35-49,62
1015,430076,M,35-49,28
1016,430733,M,35-49,62
1017,430881,F,35-49,01
1018,431041,M,35-49,61
1019,431079,M,50-65,30
1020,431610,F,35-49,28
1021,431644,M,50-65,29
1022,432122,M,35-49,62
1023,432152,M,50-65,84
1024,432384,M,50-65,45
1025,432427,M,35-49,33
1026,433016,F,35-49,64
1027,433231,M,50-65,79
1028,433648,M,35-49,45
1029,433684,M,35-49,77
1030,433986,M,35-49,77
1031,434066,M,50-65,56
1032,434249,M,35-49,89
1033,434448,M,35-49,49
1034,434790,M,35-49,10
1035,435755,M,50-65,56
1036,436978,M,35-49,35
1037,437010,M,35-49,93
1038,437629,M,50-65,35
1039,437657,M,35-49,60
1040,437922,F,35-49,69
1041,438011,M,50-65,35
1042,438086,M,50-65,21
1043,438342,M,35-49,92
1044,438350,F,50-65,59
1045,438377,M,35-49,78
1046,438532,M,50-65,71
1047,439146,M,35-49,67
1048,439383,M,35-49,80
1049,439989,M,50-65,40
1050,440167,M,50-65,02
1051,440223,M,50-65,71
1052,440774,M,35-49,90
1053,441375,M,50-65,33
1054,441502,M,50-65,29
1055,441515,M,50-65,22
1056,442321,M,35-49,41
1057,442532,M,35-49,72
1058,443163,F,50-65,85
1059,443313,M,35-49,95
1060,443402,M,50-65,33
1061,443939,M,35-49,62
1062,443964,M,35-49,95
1063,444004,F,50-65,14
1064,444021,M,35-49,44
1065,444099,M,35-49,76
1066,444555,M,35-49,62
1067,444842,M,35-49,33
1068,444943,M,50-65,14
1069,445481,M,50-65,59
1070,446043,M,35-49,80
1071,446067,F,35-49,80
1072,446075,M,50-65,41
1073,446751,M,50-65,13
1074,447811,M,35-49,77
1075,447844,M,50-65,28
1076,448146,M,35-49,69
1077,448307,M,35-49,64
1078,448770,M,35-49,95
1079,448855,M,50-65,41
1080,448863,M,35-49,76
1081,448891,M,35-49,94
1082,449017,M,35-49,13
1083,449025,M,35-49,92
1084,449300,M,35-49,56
1085,449488,M,50-65,59
1086,449490,M,35-49,45
1087,449531,M,50-65,80
1088,450199,M,35-49,93
1089,450607,M,35-49,89
1090,450807,M,50-65,01
1091,451120,M,35-49,76
1092,451363,M,35-49,59
1093,451548,M,35-49,60
1094,451958,M,50-65,75
1095,452275,M,50-65,82
1096,452403,M,35-49,33
1097,452767,M,35-49,25
1098,453037,M,50-65,78
1099,453042,M,50-65,94
1100,453081,M,50-65,60
1101,453595,M,50-65,94
1102,453754,M,50-65,31
1103,455283,M,50-65,37
1104,455707,M,35-49,60
1105,456400,M,50-65,28
1106,456892,M,35-49,78
1107,457123,M,35-49,44
1108,457399,M,35-49,42
1109,457455,M,50-65,85
1110,457573,M,35-49,28
1111,457604,M,35-49,23
1112,458098,M,35-49,78
1113,458874,F,35-49,91
1114,459084,M,50-65,85
1115,459560,M,35-49,13
1116,459751,M,35-49,49
1117,459802,M,35-49,79
1118,459864,M,35-49,89
1119,459913,F,35-49,45
1120,460228,M,35-49,62
1121,461126,M,50-65,01
1122,461279,M,50-65,94
1123,461529,M,35-49,56
1124,461956,M,50-65,54
1125,462192,M,35-49,21
1126,462524,M,50-65,60
1127,462992,M,35-49,93
1128,463053,F,35-49,77
1129,463253,M,35-49,78
1130,463510,M,35-49,80
1131,463580,M,35-49,21
1132,464043,M,50-65,38
1133,464118,M,35-49,93
1134,464331,M,50-65,59
1135,464392,M,50-65,83
1136,464461,M,50-65,44
1137,464464,M,50-65,13
1138,464494,M,50-65,57
1139,464538,M,35-49,77
1140,465082,M,50-65,77
1141,465370,M,50-65,33
1142,465567,M,50-65,38
1143,465574,M,35-49,23
1144,465787,M,50-65,26
1145,466918,M,35-49,31
1146,466946,M,50-65,78
1147,467106,M,50-65,60
1148,467347,M,35-49,92
1149,467352,M,50-65,74
1150,467589,M,35-49,38
1151,467607,M,50-65,50
1152,468156,M,35-49,77
1153,468390,M,35-49,28
1154,468426,M,50-65,07
1155,468541,M,50-65,79
1156,468550,M,35-49,45
1157,468837,M,35-49,78
1158,468839,M,35-49,94
1159,468904,M,35-49,38
1160,469179,F,35-49,01
1161,469308,M,50-65,57
1162,469331,M,50-65,54
1163,470389,M,50-65,57
1164,470857,M,50-65,67
1165,470965,M,50-65,26
1166,471400,M,35-49,38
1167,471775,M,50-65,78
1168,471922,M,35-49,33
1169,472132,M,35-49,35
1170,472454,F,35-49,85
1171,472712,M,50-65,69
1172,472839,M,35-49,17
1173,473071,M,50-65,91
1174,473095,M,35-49,58
1175,473227,M,35-49,69
1176,473743,M,35-49,35
1177,474235,M,35-49,02
1178,475764,M,50-65,23
1179,476469,M,35-49,77
1180,476536,M,35-49,91
1181,476582,M,35-49,71
1182,477755,F,35-49,24
1183,478111,M,35-49,33
1184,478153,F,35-49,94
1185,478541,M,35-49,61
1186,479352,M,50-65,56
1187,479372,M,50-65,91
1188,479778,M,35-49,30
1189,479865,M,50-65,93
1190,479940,M,50-65,29
1191,479941,F,50-65,91
1192,479974,M,35-49,01
1193,479987,M,50-65,93
1194,480361,M,35-49,07
1195,480823,M,35-49,17
1196,481480,M,35-49,38
1197,482128,M,35-49,45
1198,482163,M,50-65,94
1199,482422,M,35-49,93
1200,482466,M,50-65,75
1201,482684,M,35-49,77
1202,483176,M,35-49,31
1203,483182,M,35-49,91
1204,483222,M,35-49,41
1205,483533,M,35-49,59
1206,483667,M,35-49,77
1207,484216,M,35-49,69
1208,484254,M,35-49,71
1209,485526,M,35-49,49
1210,485723,M,50-65,92
1211,485836,M,35-49,91
1212,485998,M,50-65,23
1213,486271,M,35-49,28
1214,486463,M,35-49,69
1215,486628,M,50-65,06
1216,486750,M,35-49,24
1217,486964,M,50-65,38
1218,487276,M,35-49,54
1219,487743,F,35-49,21
1220,487876,F,35-49,51
1221,488237,M,35-49,64
1222,488350,M,35-49,21
1223,488447,M,50-65,38
1224,488747,M,35-49,42
1225,489059,M,50-65,77
1226,489060,F,50-65,85
1227,489061,M,50-65,93
1228,489451,M,35-49,75
1229,489490,M,35-49,25
1230,489790,M,35-49,77
1231,490162,M,35-49,37
1232,490340,M,35-49,44
1233,490363,M,50-65,56
1234,490610,M,35-49,31
1235,490669,M,50-65,35
1236,490738,M,35-49,57
1237,490753,M,35-49,65
1238,490766,M,50-65,13
1239,491453,M,35-49,93
1240,491643,M,35-49,51
1241,492512,M,35-49,89
1242,492633,M,35-49,71
1243,492636,M,35-49,68
1244,492702,M,35-49,81
1245,493791,M,35-49,35
1246,493868,M,35-49,91
1247,493869,M,50-65,41
1248,494144,M,50-65,33
1249,494949,M,35-49,40
1250,495397,M,50-65,34
1251,495576,M,50-65,33
1252,495895,M,35-49,29
1253,496467,M,50-65,59
1254,497575,M,35-49,88
1255,497672,M,35-49,69
1256,497678,F,35-49,33
1257,498045,M,35-49,26
1258,499373,M,35-49,38
1259,499943,M,35-49,85
1260,500235,M,35-49,38
1261,500505,M,35-49,52
1262,500754,M,35-49,33
1263,500937,M,50-65,02
1264,501760,M,35-49,38
1265,502162,M,50-65,94
1266,503167,M,35-49,13
1267,503252,M,35-49,56
1268,503530,M,50-65,30
1269,503901,M,50-65,05
1270,503933,M,50-65,33
1271,504221,M,35-49,77
1272,504776,M,35-49,60
1273,505626,M,35-49,62
1274,505823,,35-49,62
1275,505856,F,35-49,92
1276,505857,M,50-65,14
1277,505861,M,35-49,41
1278,505932,M,35-49,45
1279,506037,M,50-65,57
1280,506323,M,35-49,69
1281,506766,M,35-49,76
1282,507120,M,50-65,56
1283,507229,M,35-49,92
1284,508724,M,35-49,28
1285,509445,M,50-65,45
1286,509651,M,50-65,71
1287,510060,M,35-49,62
1288,510137,M,35-49,39
1289,510895,M,35-49,95
1290,511144,M,35-49,37
1291,511464,M,50-65,07
1292,511467,F,35-49,01
1293,511471,M,35-49,43
1294,511527,M,35-49,62
1295,512121,M,35-49,69
1296,512441,M,35-49,28
1297,513715,M,35-49,93
1298,513884,M,50-65,44
1299,514397,M,50-65,84
1300,514408,M,35-49,50
1301,514486,M,35-49,82
1302,515119,M,35-49,58
1303,515563,M,35-49,12
1304,515567,F,50-65,94
1305,515573,M,35-49,77
1306,515578,M,35-49,91
1307,515579,M,50-65,08
1308,515581,M,50-65,61
1309,515892,M,35-49,44
1310,516423,M,35-49,38
1311,516566,M,50-65,95
1312,516569,M,50-65,93
1313,516570,M,50-65,92
1314,516578,M,50-65,78
1315,516584,M,35-49,93
1316,516588,M,50-65,91
1317,516595,M,50-65,95
1318,517238,M,50-65,64
1319,517347,M,35-49,93
1320,517509,M,50-65,92
1321,517526,F,50-65,92
1322,518246,M,35-49,91
1323,518247,M,35-49,77
1324,518302,M,50-65,94
1325,518304,M,35-49,93
1326,518698,M,50-65,76
1327,518706,M,35-49,95
1328,518708,M,50-65,92
1329,518709,F,35-49,49
1330,518717,M,50-65,45
1331,518730,M,35-49,95
1332,518734,M,50-65,49
1333,518735,M,50-65,19
1334,518739,M,35-49,52
1335,518755,M,35-49,24
1336,518757,M,50-65,60
1337,518760,M,50-65,37
1338,518847,M,35-49,56
1339,518860,M,35-49,49
1340,518867,M,50-65,94
1341,518876,M,50-65,67
1342,518877,M,35-49,47
1343,518887,M,50-65,95
1344,518890,M,50-65,60
1345,518891,M,35-49,93
1346,518902,M,50-65,78
1347,518903,M,35-49,77
1348,518906,M,50-65,95
1349,518908,M,35-49,91
1350,518911,M,35-49,78
1351,518918,F,50-65,12
1352,518919,M,50-65,94
1353,518920,M,50-65,42
1354,518925,M,50-65,45
1355,518932,M,35-49,94
1356,518935,M,50-65,91
1357,518939,M,50-65,91
1358,518969,M,35-49,91
1359,518971,M,35-49,37
1360,519240,M,50-65,23
1361,519375,F,35-49,75
1362,519377,M,35-49,28
1363,519462,M,50-65,31
1364,519465,M,35-49,75
1365,519481,M,35-49,45
1366,519484,M,50-65,91
1367,519489,M,35-49,60
1368,519492,M,50-65,93
1369,519493,M,35-49,28
1370,519503,M,50-65,94
1371,519509,M,50-65,91
1372,519517,M,50-65,95
1373,519521,F,50-65,10
1374,519522,M,50-65,93
1375,519523,F,50-65,93
1376,519885,M,35-49,78
1377,520039,M,35-49,71
1378,520041,M,35-49,59
1379,520101,M,35-49,93
1380,520103,M,35-49,33
1381,520113,M,50-65,94
1382,520250,F,35-49,56
1383,520450,M,50-65,33
1384,520640,M,35-49,92
1385,520651,M,35-49,41
1386,520654,M,50-65,35
1387,520657,F,50-65,93
1388,520660,M,50-65,75
1389,520683,F,50-65,75
1390,520684,M,50-65,51
1391,520690,M,50-65,95
1392,520691,M,35-49,95
1393,520696,F,50-65,92
1394,520697,M,35-49,75
1395,520705,M,35-49,94
1396,520710,M,50-65,08
1397,520713,M,50-65,51
1398,520726,M,35-49,75
1399,521016,M,35-49,92
1400,521158,M,35-49,13
1401,521182,M,50-65,72
1402,521185,F,50-65,93
1403,521186,F,50-65,91
1404,521191,M,50-65,78
1405,521254,M,35-49,33
1406,521454,M,35-49,28
1407,521892,M,50-65,95
1408,521896,M,50-65,91
1409,521900,F,50-65,22
1410,521932,M,50-65,92
1411,521966,M,50-65,57
1412,522353,M,50-65,93
1413,522436,F,50-65,29
1414,522444,M,50-65,77
1415,522862,M,35-49,07
1416,522884,M,35-49,58
1417,522897,M,50-65,93
1418,523273,M,35-49,59
1419,523382,F,50-65,94
1420,523502,M,35-49,58
1421,523545,M,35-49,59
1422,523561,M,35-49,44
1423,523641,M,35-49,54
1424,524509,F,35-49,38
1425,524777,M,50-65,62
1426,524782,M,35-49,77
1427,525095,M,35-49,60
1428,525730,M,50-65,62
1429,525732,M,50-65,85
1430,525736,M,50-65,77
1431,525773,M,50-65,13
1432,525940,F,35-49,77
1433,526027,M,35-49,33
1434,526391,M,50-65,94
1435,526393,M,50-65,94
1436,526399,M,35-49,78
1437,526401,M,50-65,75
1438,526403,M,35-49,13
1439,526405,M,50-65,29
1440,526518,M,35-49,72
1441,526592,M,35-49,69
1442,526930,M,50-65,50
1443,526931,M,50-65,92
1444,526942,M,50-65,29
1445,526943,F,50-65,41
1446,526944,M,35-49,17
1447,526983,F,50-65,36
1448,526985,M,50-65,07
1449,526990,M,35-49,05
1450,526993,M,50-65,94
1451,526999,M,35-49,76
1452,527005,M,50-65,17
1453,527222,M,50-65,34
1454,527568,M,50-65,91
1455,527595,M,50-65,94
1456,527604,M,50-65,75
1457,527907,M,50-65,95
1458,528143,M,35-49,13
1459,528196,M,50-65,75
1460,528199,M,35-49,56
1461,528218,F,50-65,91
1462,528219,F,50-65,29
1463,528560,M,35-49,35
1464,528700,M,50-65,78
1465,528712,M,50-65,26
1466,528817,M,50-65,51
1467,529439,M,35-49,75
1468,529441,M,50-65,95
1469,529454,F,50-65,93
1470,529464,M,35-49,77
1471,529730,M,35-49,13
1472,530413,M,35-49,30
1473,531054,M,35-49,13
1474,531077,M,50-65,03
1475,531296,M,35-49,37
1476,531391,M,35-49,06
1477,531405,M,50-65,39
1478,531406,M,35-49,62
1479,531725,M,35-49,33
1480,532116,M,35-49,68
1481,532131,M,50-65,67
1482,532331,M,35-49,77
1483,532338,M,50-65,94
1484,532340,M,50-65,94
1485,532342,M,50-65,37
1486,532345,M,50-65,77
1487,532347,M,35-49,33
1488,532348,M,50-65,75
1489,532350,M,50-65,41
1490,532748,M,35-49,63
1491,533022,M,50-65,37
1492,533044,M,50-65,94
1493,533207,M,50-65,79
1494,533775,M,50-65,77
1495,533943,M,50-65,13
1496,534080,M,50-65,08
1497,534256,M,35-49,76
1498,534460,M,50-65,37
1499,534464,F,35-49,95
1500,534701,M,35-49,92
1501,535322,M,50-65,71
1502,535413,M,50-65,78
1503,535595,F,35-49,44
1504,535926,M,35-49,91
1505,535927,M,35-49,28
1506,535929,M,50-65,78
1507,535932,M,35-49,77
1508,535940,M,35-49,95
1509,536200,M,50-65,79
1510,536329,M,35-49,35
1511,536334,M,50-65,78
1512,536341,M,50-65,92
1513,536343,M,50-65,75
1514,536545,M,35-49,35
1515,537367,M,50-65,91
1516,537550,M,35-49,75
1517,538224,M,50-65,08
1518,538232,M,35-49,14
1519,538233,M,35-49,95
1520,538247,M,50-65,77
1521,538252,M,50-65,91
1522,538680,M,35-49,92
1523,539066,F,35-49,32
1524,539194,M,35-49,04
1525,539206,M,35-49,94
1526,539245,M,35-49,93
1527,539333,M,35-49,62
1528,539579,M,50-65,85
1529,539702,M,35-49,28
1530,540062,M,50-65,01
1531,540120,M,35-49,22
1532,540247,M,50-65,78
1533,540502,F,50-65,02
1534,540519,M,35-49,93
1535,540569,M,50-65,77
1536,540996,M,35-49,44
1537,541109,F,50-65,33
1538,541190,M,50-65,56
1539,541853,M,35-49,94
1540,541870,M,50-65,28
1541,542074,M,50-65,13
1542,542081,M,50-65,10
1543,542084,M,35-49,07
1544,542088,M,50-65,57
1545,542185,M,50-65,08
1546,542772,M,50-65,93
1547,542873,M,35-49,35
1548,542938,M,35-49,92
1549,543238,M,35-49,77
1550,543636,M,35-49,77
1551,543638,M,50-65,83
1552,543738,M,50-65,91
1553,543854,M,35-49,27
1554,545343,F,50-65,17
1555,545944,M,35-49,62
1556,545953,M,50-65,38
1557,545970,M,50-65,22
1558,546105,M,50-65,77
1559,546127,M,50-65,01
1560,546439,M,35-49,16
1561,546698,M,50-65,85
1562,546702,M,50-65,34
1563,546707,M,50-65,60
1564,546711,M,50-65,17
1565,546837,M,50-65,94
1566,546923,M,50-65,69
1567,547451,M,35-49,38
1568,548013,M,50-65,60
1569,548095,M,50-65,75
1570,548154,M,35-49,77
1571,548624,M,50-65,78
1572,548629,M,50-65,93
1573,548683,M,35-49,66
1574,549004,M,35-49,74
1575,549053,M,50-65,95
1576,549666,M,35-49,18
1577,549924,M,50-65,79
1578,549932,M,50-65,77
1579,549936,M,50-65,53
1580,549953,M,35-49,49
1581,550800,M,35-49,50
1582,550801,M,50-65,94
1583,550806,F,50-65,37
1584,550856,M,50-65,89
1585,550961,F,35-49,50
1586,551152,M,50-65,01
1587,551638,M,35-49,77
1588,552178,M,50-65,22
1589,552179,M,35-49,34
1590,552314,M,35-49,44
1591,552642,M,50-65,71
1592,552953,M,35-49,86
1593,552954,M,50-65,66
1594,553032,M,35-49,93
1595,553055,M,35-49,69
1596,553825,M,35-49,89
1597,553897,M,35-49,77
1598,554187,M,35-49,93
1599,554189,M,35-49,29
1600,554195,M,50-65,91
1601,554207,M,35-49,69
1602,554339,M,35-49,45
1603,554350,M,35-49,05
1604,554354,M,50-65,45
1605,554360,M,50-65,77
1606,554517,M,35-49,35
1607,554910,M,50-65,77
1608,555263,M,50-65,75
1609,555563,M,35-49,91
1610,555598,M,50-65,67
1611,555714,M,35-49,78
1612,555751,M,35-49,45
1613,555806,M,50-65,59
1614,555834,M,50-65,36
1615,556023,M,50-65,44
1616,556169,M,50-65,26
1617,556301,M,50-65,78
1618,556516,M,50-65,92
1619,556562,M,35-49,77
1620,556942,M,35-49,76
1621,557125,M,35-49,91
1622,557358,M,35-49,08
1623,557568,M,50-65,76
1624,557622,M,35-49,89
1625,558045,M,35-49,31
1626,558236,M,50-65,93
1627,558580,M,50-65,77
1628,558902,M,35-49,45
1629,559009,M,35-49,07
1630,559392,M,50-65,21
1631,559499,M,35-49,95
1632,559838,M,35-49,28
1633,560351,M,50-65,53
1634,560352,M,35-49,91
1635,560363,F,35-49,89
1636,560663,M,50-65,60
1637,560700,M,35-49,95
1638,561059,M,35-49,83
1639,561071,M,50-65,24
1640,561352,M,35-49,38
1641,562577,M,50-65,94
1642,562894,M,50-65,56
1643,563471,M,50-65,92
1644,564195,M,35-49,91
1645,564384,M,50-65,21
1646,564813,F,35-49,35
1647,564861,M,35-49,18
1648,565011,M,50-65,01
1649,565094,M,35-49,38
1650,565267,M,35-49,17
1651,565366,M,35-49,78
1652,565368,M,35-49,28
1653,565681,M,50-65,35
1654,565769,M,35-49,01
1655,565777,M,35-49,74
1656,566714,M,50-65,38
1657,567220,M,35-49,59
1658,567371,M,35-49,84
1659,567410,M,50-65,88
1660,567649,M,35-49,78
1661,567728,M,35-49,92
1662,567962,M,50-65,13
1663,568502,M,50-65,79
1664,568551,M,50-65,37
1665,568833,M,35-49,15
1666,569060,M,50-65,24
1667,569241,M,50-65,89
1668,569501,M,35-49,78
1669,569790,M,50-65,94
1670,569887,M,35-49,56
1671,570063,M,50-65,92
1672,570314,M,35-49,64
1673,570488,M,35-49,77
1674,570642,M,35-49,85
1675,570918,M,35-49,77
1676,570920,M,35-49,94
1677,570934,F,35-49,86
1678,571662,M,35-49,91
1679,572060,M,35-49,69
1680,572084,M,50-65,73
1681,572292,M,35-49,79
1682,572787,M,50-65,75
1683,573142,M,35-49,91
1684,573151,M,35-49,92
1685,573329,F,50-65,35
1686,573395,M,35-49,95
1687,573477,M,50-65,78
1688,573488,M,35-49,80
1689,573646,M,50-65,60
1690,573668,M,35-49,76
1691,574273,M,35-49,37
1692,574975,M,35-49,01
1693,575063,M,35-49,33
1694,575082,M,50-65,94
1695,575388,M,50-65,26
1696,575459,M,50-65,62
1697,575673,M,35-49,95
1698,575677,M,35-49,72
1699,575744,M,35-49,45
1700,575872,M,35-49,16
1701,575874,M,35-49,13
1702,575876,M,35-49,33
1703,575965,M,35-49,82
1704,576301,M,35-49,78
1705,576324,M,35-49,95
1706,576327,M,35-49,78
1707,576707,M,50-65,35
1708,577104,M,35-49,77
1709,577233,M,35-49,37
1710,577278,M,35-49,55
1711,577792,M,50-65,47
1712,580561,M,35-49,76
1713,580730,M,35-49,54
1714,581328,M,35-49,33
1715,581804,M,50-65,67
1716,582985,M,35-49,77
1717,583563,M,35-49,61
1718,583581,M,50-65,95
1719,583693,M,35-49,33
1720,583711,M,35-49,79
1721,583999,M,50-65,94
1722,584222,M,35-49,76
1723,584447,M,50-65,78
1724,584635,F,50-65,75
1725,584680,M,35-49,71
1726,584828,M,35-49,60
1727,584953,M,50-65,13
1728,585299,M,50-65,29
1729,585306,M,50-65,06
1730,585587,M,35-49,25
1731,585590,M,35-49,17
1732,585878,F,35-49,78
1733,585972,M,35-49,01
1734,586166,M,50-65,83
1735,586799,M,35-49,94
1736,586801,M,35-49,95
1737,587280,M,35-49,44
1738,587993,M,50-65,45
1739,588150,F,50-65,91
1740,588423,M,35-49,79
1741,588437,M,50-65,59
1742,588712,M,35-49,22
1743,589116,M,35-49,75
1744,589145,M,35-49,35
1745,589940,M,35-49,62
1746,590127,M,35-49,77
1747,590787,M,35-49,81
1748,590841,M,35-49,71
1749,590843,M,35-49,34
1750,590931,M,35-49,69
1751,591000,M,50-65,31
1752,591066,M,35-49,91
1753,591144,F,50-65,05
1754,591253,M,50-65,76
1755,591310,M,50-65,91
1756,591547,M,50-65,93
1757,591689,M,35-49,82
1758,591704,M,35-49,78
1759,591925,M,50-65,59
1760,592061,M,35-49,77
1761,592191,M,50-65,08
1762,592382,M,35-49,76
1763,592542,M,35-49,16
1764,592543,F,35-49,76
1765,592710,M,35-49,88
1766,592813,M,50-65,95
1767,594600,F,35-49,33
1768,594892,M,35-49,75
1769,594936,F,35-49,38
1770,595582,M,35-49,93
1771,595673,M,50-65,94
1772,595862,M,50-65,95
1773,595876,F,35-49,77
1774,596204,M,50-65,93
1775,596380,M,50-65,41
1776,596445,M,50-65,52
1777,596530,F,50-65,66
1778,596734,M,35-49,28
1779,596735,F,35-49,33
1780,596746,M,50-65,05
1781,597041,F,35-49,28
1782,597239,M,35-49,83
1783,597925,M,35-49,13
1784,598117,M,35-49,37
1785,598146,M,35-49,77
1786,598907,M,50-65,75
1787,599629,F,35-49,35
1788,599717,M,35-49,67
1789,599798,M,50-65,83
1790,599817,M,35-49,31
1791,600388,M,35-49,59
1792,600448,M,50-65,13
1793,600506,M,35-49,95
1794,600703,M,35-49,45
1795,600810,M,35-49,82
1796,600844,M,35-49,25
1797,600878,M,35-49,37
1798,600892,M,50-65,28
1799,600984,M,35-49,67
1800,601014,M,35-49,67
1801,601130,M,35-49,94
1802,601285,M,35-49,33
1803,601387,F,35-49,61
1804,601582,M,35-49,85
1805,601630,M,50-65,77
1806,601851,M,35-49,71
1807,602018,M,35-49,07
1808,602165,M,50-65,93
1809,602170,M,35-49,45
1810,602186,M,35-49,77
1811,602313,M,50-65,93
1812,603143,M,50-65,79
1813,603340,M,50-65,56
1814,603341,F,50-65,33
1815,603391,M,50-65,62
1816,603577,M,35-49,33
1817,603663,M,35-49,75
1818,603785,M,50-65,13
1819,603903,M,35-49,89
1820,604005,M,35-49,73
1821,604098,M,50-65,59
1822,604472,M,50-65,29
1823,604509,M,35-49,45
1824,604515,M,35-49,28
1825,604835,M,50-65,83
1826,604891,M,50-65,33
1827,605050,M,50-65,13
1828,605068,M,50-65,07
1829,605069,M,35-49,62
1830,605093,M,35-49,19
1831,605161,M,50-65,28
1832,605178,M,50-65,33
1833,605420,M,50-65,69
1834,605666,M,35-49,33
1835,605723,M,35-49,60
1836,605738,M,35-49,71
1837,606109,M,50-65,69
1838,606248,M,35-49,93
1839,606289,M,35-49,67
1840,606571,M,35-49,49
1841,606668,M,50-65,72
1842,607008,M,35-49,95
1843,607010,M,50-65,67
1844,607152,M,35-49,51
1845,607168,M,35-49,71
1846,607445,M,50-65,13
1847,607551,M,35-49,13
1848,607552,M,35-49,79
1849,607784,M,35-49,59
1850,607839,M,35-49,95
1851,607874,F,35-49,08
1852,608044,M,35-49,94
1853,608405,M,35-49,77
1854,608595,M,35-49,37
1855,608890,M,50-65,69
1856,608909,M,35-49,92
1857,608914,M,50-65,93
1858,608949,M,35-49,21
1859,609207,M,35-49,32
1860,609389,M,35-49,31
1861,609481,M,50-65,22
1862,609933,M,35-49,72
1863,610129,M,35-49,88
1864,610249,M,35-49,78
1865,610257,M,35-49,54
1866,610264,M,35-49,05
1867,610499,M,35-49,33
1868,610553,M,35-49,14
1869,611147,M,50-65,71
1870,611300,M,35-49,67
1871,611701,M,50-65,45
1872,612111,F,35-49,33
1873,612267,M,35-49,91
1874,612402,M,35-49,67
1875,612525,M,35-49,59
1876,612930,M,50-65,75
1877,612963,M,35-49,77
1878,613049,M,50-65,07
1879,613109,M,50-65,67
1880,613110,M,35-49,67
1881,613223,M,50-65,35
1882,613290,M,50-65,44
1883,613881,F,35-49,38
1884,614460,M,50-65,94
1885,614719,M,35-49,84
1886,614720,M,50-65,34
1887,614829,M,35-49,33
1888,615573,M,50-65,95
1889,615875,M,35-49,77
1890,615941,M,50-65,31
1891,615942,M,50-65,94
1892,616100,M,35-49,94
1893,616225,M,35-49,59
1894,616688,M,35-49,38
1895,616689,M,35-49,59
1896,616701,M,50-65,51
1897,616702,M,35-49,33
1898,617075,M,35-49,67
1899,617205,M,35-49,33
1900,617207,M,50-65,87
1901,617315,M,50-65,33
1902,618366,M,35-49,89
1903,618471,M,50-65,95
1904,618592,M,50-65,05
1905,618593,M,35-49,77
1906,618599,M,35-49,45
1907,618719,M,50-65,22
1908,618722,M,50-65,91
1909,618864,M,50-65,43
1910,619155,M,35-49,83
1911,619322,M,35-49,78
1912,619363,M,50-65,17
1913,619364,M,35-49,67
1914,619394,M,50-65,57
1915,619437,M,35-49,78
1916,619611,F,35-49,42
1917,619691,M,35-49,82
1918,620309,M,35-49,60
1919,620580,M,50-65,72
1920,620583,M,50-65,93
1921,620822,M,35-49,74
1922,621020,M,35-49,62
1923,621160,F,35-49,17
1924,621175,M,35-49,07
1925,621275,M,35-49,13
1926,621432,M,50-65,50
1927,621629,M,35-49,93
1928,621895,M,35-49,53
1929,622027,M,35-49,78
1930,622153,M,50-65,94
1931,622168,M,50-65,93
1932,622842,M,50-65,69
1933,622848,M,50-65,45
1934,623133,M,50-65,69
1935,623352,M,50-65,16
1936,623363,M,50-65,29
1937,623364,M,35-49,33
1938,624187,M,50-65,95
1939,624733,M,50-65,51
1940,625076,M,35-49,38
1941,625137,M,35-49,94
1942,625241,M,50-65,40
1943,625734,M,35-49,63
1944,625745,M,35-49,57
1945,625781,M,35-49,91
1946,625942,M,35-49,33
1947,626266,M,50-65,89
1948,626931,M,35-49,38
1949,627242,M,50-65,60
1950,630029,M,50-65,95
1951,630288,M,50-65,31
1952,630496,M,50-65,07
1953,632008,M,50-65,44
1954,635053,M,35-49,93
1955,637523,M,35-49,95
1956,641012,M,50-65,72
1957,641540,M,35-49,42
1958,642767,M,50-65,53
1959,645689,M,50-65,08
1960,650496,M,50-65,34
1961,658045,M,50-65,69
1962,661154,M,35-49,33
1963,663739,M,50-65,69
1964,665855,M,35-49,91
1965,667563,M,50-65,93
1966,668624,M,35-49,75
1967,669341,M,35-49,93
1968,673330,M,50-65,95
1969,675403,M,35-49,41
1970,676084,M,35-49,45
1971,678534,F,35-49,67
1972,680000,M,50-65,91
1973,680791,M,50-65,59
1974,681139,M,50-65,93
1975,681522,M,50-65,59
1976,681529,M,50-65,83
1977,685986,M,50-65,67
1978,687083,F,50-65,40
1979,687908,M,35-49,28
1980,689693,M,35-49,67
1981,692295,M,35-49,82
1982,692327,M,50-65,49
1983,692472,M,35-49,49
1984,692574,M,35-49,67
1985,692718,M,50-65,94
1986,692959,M,50-65,28
1987,693156,M,35-49,93
1988,693643,M,50-65,53
1989,693855,M,35-49,75
1990,693860,M,35-49,91
1991,693944,M,50-65,12
1992,694066,M,50-65,77
1993,695136,M,50-65,94
1994,695186,M,35-49,62
1995,695345,M,35-49,95
1996,696120,M,50-65,62
1997,696121,M,50-65,34
1998,696167,M,50-65,45
1999,696416,M,35-49,93
2000,696694,M,50-65,75
2001,697484,M,35-49,10
2002,699617,F,50-65,33
2003,700180,F,35-49,89
2004,701265,F,50-65,95
2005,701510,M,50-65,91
2006,701555,M,50-65,13
2007,702035,F,35-49,22
2008,702377,F,35-49,35
2009,705483,M,35-49,13
2010,705666,M,35-49,86
2011,706375,M,35-49,51
2012,706843,M,35-49,76
2013,708713,M,50-65,69
2014,709645,M,50-65,65
2015,709690,M,50-65,93
2016,710517,M,50-65,31
2017,711466,M,35-49,77
2018,711573,M,50-65,75
2019,711632,F,50-65,69
2020,712395,M,50-65,06
2021,713989,M,50-65,45
2022,714312,M,35-49,42
2023,714367,M,35-49,13
2024,714420,M,50-65,94
2025,714833,M,50-65,59
2026,715273,M,50-65,05
2027,715537,M,50-65,51
2028,716035,M,50-65,83
2029,716105,M,35-49,51
2030,717110,M,35-49,13
2031,718005,M,35-49,05
2032,718030,M,35-49,95
2033,718176,M,35-49,67
2034,718183,F,50-65,33
2035,718512,M,35-49,45
2036,718591,M,35-49,93
2037,719763,M,35-49,78
2038,725052,M,50-65,78
2039,725218,M,35-49,17
2040,725728,M,50-65,42
2041,725864,M,35-49,08
2042,726618,M,50-65,56
2043,730909,M,35-49,35
2044,732111,M,35-49,70
2045,733646,F,35-49,60
2046,733682,M,35-49,33
2047,734723,M,35-49,59
2048,735201,M,35-49,34
2049,735264,M,50-65,83
2050,737332,M,50-65,51
2051,737788,M,50-65,50
2052,738913,F,35-49,33
2053,738934,M,35-49,07
2054,739244,F,50-65,76
2055,740052,M,35-49,60
2056,740274,M,35-49,60
2057,741245,M,50-65,33
2058,741610,M,50-65,29
2059,742395,M,50-65,13
2060,742904,M,35-49,49
2061,744111,M,35-49,67
2062,744113,M,35-49,60
2063,744267,M,35-49,83
2064,744585,M,50-65,84
2065,744594,M,35-49,69
2066,744705,M,35-49,26
2067,745939,M,35-49,26
2068,746014,M,35-49,38
2069,746415,M,35-49,73
2070,746435,M,50-65,31
2071,747893,F,35-49,44
2072,748075,M,35-49,89
2073,749038,M,50-65,59
2074,749357,M,35-49,53
2075,749412,F,35-49,34
2076,749669,M,35-49,67
2077,749762,M,50-65,42
2078,749767,M,35-49,69
2079,751438,M,35-49,60
2080,751640,M,35-49,59
2081,752128,M,35-49,95
2082,752568,M,50-65,78
2083,753130,M,50-65,45
2084,753491,M,35-49,11
2085,754679,M,35-49,69
2086,755155,M,50-65,91
2087,756058,M,35-49,67
2088,758395,M,35-49,78
2089,758594,M,35-49,78
2090,759553,F,35-49,26
2091,759572,F,35-49,92
2092,759626,M,50-65,62
2093,760005,M,35-49,33
2094,761105,M,35-49,33
2095,762454,M,50-65,07
2096,762624,M,35-49,91
2097,763162,M,50-65,95
2098,763284,M,35-49,27
2099,763809,M,35-49,67
2100,763810,M,35-49,18
2101,764630,M,35-49,33
2102,765047,M,35-49,92
2103,765049,M,50-65,84
2104,770058,M,50-65,13
2105,770952,M,35-49,01
2106,771617,M,35-49,71
2107,771783,M,50-65,79
2108,773753,M,50-65,95
2109,773830,M,35-49,72
2110,774432,M,35-49,29
2111,774557,M,50-65,92
2112,774665,M,35-49,42
2113,774666,M,50-65,84
2114,776443,M,50-65,44
2115,776703,M,50-65,95
2116,777581,M,50-65,33
2117,777750,M,50-65,38
2118,778140,F,35-49,33
2119,778276,M,35-49,83
2120,778326,M,50-65,45
2121,778675,M,50-65,38
2122,779524,M,35-49,59
2123,779601,M,35-49,72
2124,780794,M,50-65,63
2125,784985,M,35-49,93
2126,786504,M,35-49,59
2127,786522,M,50-65,91
2128,788723,M,50-65,93
2129,791343,M,50-65,94
2130,792302,M,50-65,94
2131,793656,M,35-49,28
2132,794732,M,50-65,93
2133,795229,M,50-65,77
2134,795414,M,35-49,31
2135,795553,M,50-65,24
2136,796125,M,35-49,38
2137,796194,M,35-49,40
2138,796398,M,35-49,35
2139,796823,M,50-65,17
2140,796906,M,50-65,31
2141,798640,M,50-65,33
2142,798831,M,50-65,78
2143,798985,M,35-49,13
2144,800243,M,35-49,35
2145,800723,M,50-65,33
2146,802819,M,35-49,60
2147,804775,M,35-49,13
2148,805056,M,50-65,33
2149,805158,M,50-65,38
2150,806597,M,35-49,78
2151,807993,M,50-65,76
2152,808119,M,50-65,44
2153,808358,M,35-49,85
2154,809570,M,50-65,76
2155,809768,F,35-49,13
2156,810754,F,35-49,33
2157,811391,M,50-65,50
2158,812724,M,50-65,13
2159,813046,M,35-49,23
2160,813411,M,50-65,30
2161,814730,M,35-49,46
2162,815076,M,50-65,38
2163,816094,M,50-65,07
2164,816986,M,35-49,74
2165,817189,M,35-49,21
2166,817283,M,35-49,60
2167,818656,M,35-49,76
2168,819320,M,50-65,62
2169,819872,M,35-49,78
2170,819880,M,35-49,44
2171,820301,M,50-65,26
2172,820683,M,35-49,30
2173,820927,M,35-49,69
2174,821544,F,35-49,42
2175,821610,M,35-49,64
2176,822606,M,35-49,53
2177,824435,M,35-49,44
2178,824488,M,35-49,93
2179,824850,M,50-65,92
2180,824851,M,50-65,56
2181,824852,M,50-65,93
2182,825546,M,50-65,24
2183,825598,M,50-65,02
2184,826063,M,35-49,69
2185,826203,M,35-49,33
2186,826244,M,50-65,01
2187,826726,M,50-65,13
2188,826912,M,50-65,13
2189,827281,M,35-49,58
2190,827528,M,35-49,60
2191,827786,M,50-65,56
2192,828032,M,35-49,56
2193,828274,F,50-65,13
2194,828478,M,35-49,35
2195,828590,M,50-65,44
2196,828983,M,35-49,29
2197,829309,M,50-65,48
2198,829411,F,35-49,33
2199,830201,M,35-49,78
2200,831306,M,50-65,83
2201,831513,M,35-49,05
2202,831739,M,50-65,40
2203,833835,M,35-49,77
2204,834109,M,50-65,13
2205,834139,M,35-49,47
2206,834215,M,35-49,44
2207,836185,F,50-65,56
2208,836324,F,50-65,49
2209,836923,F,35-49,75
2210,837724,M,50-65,43
2211,837728,M,35-49,31
2212,837765,F,35-49,13
2213,837805,F,35-49,86
2214,838148,M,35-49,01
2215,838190,M,35-49,59
2216,838643,M,35-49,13
2217,838674,M,35-49,56
2218,839413,M,35-49,34
2219,840069,M,50-65,62
2220,840071,M,50-65,77
2221,840072,M,50-65,93
2222,840132,M,50-65,13
2223,840193,M,50-65,48
2224,840283,M,35-49,93
2225,840541,M,50-65,82
2226,840570,M,50-65,84
2227,840770,F,35-49,75
2228,840942,M,35-49,18
2229,840944,M,50-65,94
2230,841339,M,50-65,14
2231,841894,M,50-65,45
2232,841896,M,35-49,93
2233,842315,M,35-49,38
2234,842317,M,50-65,91
2235,842341,M,50-65,69
2236,842471,M,35-49,77
2237,842771,M,50-65,50
2238,842893,M,50-65,05
2239,843076,M,50-65,75
2240,843377,F,50-65,49
2241,843529,M,35-49,05
2242,843685,M,35-49,83
2243,845042,M,35-49,33
2244,845178,M,35-49,94
2245,845488,M,35-49,74
2246,845498,M,50-65,22
2247,845718,M,50-65,51
2248,845755,M,50-65,01
2249,845767,M,50-65,65
2250,845827,M,35-49,38
2251,846428,M,35-49,67
2252,846505,M,35-49,38
2253,846507,M,35-49,77
2254,847088,M,35-49,38
2255,847429,F,50-65,05
2256,847791,M,35-49,18
2257,847935,M,35-49,13
2258,848176,F,35-49,87
2259,848260,M,35-49,30
2260,848368,M,50-65,38
2261,848372,M,50-65,44
2262,848412,M,50-65,13
2263,848681,M,50-65,56
2264,848988,F,50-65,91
2265,849078,M,50-65,42
2266,849140,M,35-49,94
2267,849171,M,35-49,77
2268,849306,M,35-49,13
2269,849610,M,50-65,38
2270,849812,M,35-49,78
2271,849837,M,50-65,91
2272,849937,M,35-49,69
2273,858501,M,50-65,93
2274,859944,M,50-65,69
2275,860932,M,35-49,93
2276,863448,M,50-65,78
2277,863528,M,35-49,60
2278,863771,M,35-49,95
2279,863900,M,35-49,89
2280,863993,M,35-49,78
2281,864106,M,35-49,94
2282,864207,M,35-49,31
2283,864555,M,50-65,54
2284,865095,M,35-49,89
2285,865116,M,35-49,92
2286,866259,M,35-49,14
2287,866434,M,35-49,18
2288,867226,M,35-49,86
2289,867846,M,35-49,10
2290,868297,M,35-49,02
2291,868370,M,50-65,77
2292,868524,M,35-49,28
2293,868576,M,35-49,88
2294,868597,M,50-65,33
2295,868915,M,35-49,60
2296,869889,M,35-49,30
2297,870272,M,50-65,45
2298,871013,M,35-49,67
2299,871302,M,35-49,67
2300,871376,M,50-65,77
2301,871492,M,35-49,44
2302,871656,M,35-49,29
2303,871723,M,35-49,30
2304,871727,M,50-65,26
2305,871796,M,35-49,92
2306,874430,M,35-49,62
2307,874436,F,50-65,50
2308,875430,M,50-65,77
2309,876211,F,35-49,33
2310,876268,M,35-49,68
2311,876495,M,35-49,34
2312,877319,M,35-49,89
2313,878967,M,35-49,26
2314,880157,M,50-65,64
2315,881085,M,35-49,30
2316,882460,M,50-65,28
2317,883509,M,35-49,65
2318,883548,M,50-65,23
2319,883912,M,50-65,93
2320,884406,M,35-49,86
2321,884453,M,35-49,37
2322,884547,M,35-49,35
2323,884581,M,50-65,84
2324,885174,M,50-65,91
2325,886041,M,35-49,35
2326,887253,M,50-65,31
2327,887744,M,35-49,63
2328,887767,M,35-49,18
2329,888342,F,35-49,56
2330,888550,M,50-65,01
2331,889706,M,50-65,13
2332,890640,F,50-65,35
2333,890774,M,35-49,49
2334,891917,M,35-49,59
2335,892136,M,50-65,13
2336,892930,M,50-65,67
2337,893165,M,35-49,23
2338,893803,M,35-49,95
2339,894042,F,35-49,93
2340,894159,M,35-49,34
2341,895327,M,50-65,61
2342,896002,M,35-49,84
2343,897467,M,35-49,13
2344,897493,F,50-65,35
2345,897583,M,50-65,83
2346,897790,M,50-65,35
2347,897940,M,50-65,67
2348,898171,M,35-49,33
2349,898397,M,35-49,12
2350,898677,M,35-49,93
2351,898838,M,50-65,94
2352,898873,M,50-65,94
2353,898989,M,35-49,43
2354,899132,M,50-65,62
2355,899312,F,35-49,83
2356,899510,M,35-49,95
2357,899653,M,35-49,67
2358,899701,M,35-49,95
2359,899887,M,50-65,22
2360,900199,M,50-65,77
2361,900223,M,50-65,68
2362,900790,M,35-49,93
2363,900811,M,50-65,95
2364,900829,M,35-49,35
2365,901201,M,35-49,28
2366,901303,M,50-65,83
2367,901321,M,35-49,92
2368,901352,M,35-49,13
2369,901480,M,35-49,59
2370,901833,F,35-49,44
2371,902149,M,35-49,42
2372,902181,M,35-49,54
2373,902406,M,50-65,55
2374,902696,M,35-49,78
2375,902803,M,50-65,03
2376,902972,F,50-65,13
2377,903038,M,50-65,73
2378,903140,F,50-65,69
2379,903412,M,35-49,67
2380,903593,M,50-65,35
2381,903674,M,35-49,89
2382,904522,F,50-65,38
2383,905422,M,35-49,92
2384,906218,M,50-65,72
2385,906456,M,50-65,92
2386,906465,F,35-49,22
2387,907747,M,35-49,93
2388,908366,M,50-65,51
2389,908578,M,50-65,67
2390,908676,M,35-49,64
2391,908689,F,35-49,92
2392,908857,M,50-65,24
2393,909063,M,35-49,75
2394,909112,M,35-49,69
2395,909310,M,50-65,88
2396,909604,M,35-49,05
2397,909954,M,35-49,77
2398,910066,F,35-49,93
2399,910581,M,50-65,38
2400,910611,M,35-49,38
2401,911521,M,50-65,93
2402,911614,M,35-49,78
2403,911868,M,35-49,69
2404,912033,M,50-65,06
2405,912268,M,35-49,94
2406,912731,M,50-65,18
2407,912822,M,50-65,08
2408,913356,F,50-65,27
2409,914110,M,50-65,71
2410,914821,M,35-49,38
2411,914902,M,50-65,35
2412,915263,M,35-49,35
2413,915281,M,35-49,54
2414,915428,M,35-49,42
2415,916008,M,35-49,16
2416,916083,M,35-49,25
2417,916144,M,50-65,14
2418,916154,M,50-65,54
2419,916245,M,35-49,78
2420,916425,M,35-49,91
2421,916697,M,50-65,83
2422,916713,M,35-49,69
2423,917112,M,50-65,33
2424,917435,M,35-49,95
2425,918070,M,35-49,77
2426,918508,M,35-49,92
2427,918631,M,35-49,86
2428,918686,M,35-49,72
2429,919230,M,50-65,33
2430,919347,M,35-49,60
2431,920065,M,35-49,28
2432,921800,M,50-65,31
2433,921812,M,50-65,55
2434,921915,M,50-65,92
2435,922085,M,35-49,62
2436,922975,M,50-65,08
2437,923084,M,50-65,13
2438,923340,M,35-49,38
2439,923562,M,50-65,67
2440,923609,M,35-49,69
2441,924132,M,35-49,17
2442,924254,M,35-49,78
2443,924464,M,35-49,63
2444,924629,M,50-65,49
2445,925024,M,35-49,01
2446,925155,M,35-49,39
2447,925455,M,35-49,38
2448,925979,M,35-49,29
2449,927970,F,35-49,60
2450,928730,M,35-49,35
2451,928735,M,50-65,26
2452,928862,F,50-65,35
2453,930078,M,50-65,75
2454,930497,M,35-49,91
2455,931711,M,50-65,92
2456,932584,M,50-65,78
2457,932804,M,35-49,03
2458,933034,M,35-49,31
2459,933480,M,35-49,91
2460,934216,M,35-49,62
2461,934249,M,35-49,93
2462,935335,M,35-49,92
2463,936231,M,50-65,38
2464,936300,M,50-65,13
2465,936591,F,50-65,07
2466,937046,M,35-49,38
2467,937386,M,35-49,37
2468,937585,M,35-49,69
2469,937934,M,50-65,43
2470,937944,M,35-49,13
2471,938011,M,35-49,94
2472,938092,M,50-65,13
2473,940342,M,35-49,38
2474,940807,M,35-49,29
2475,941202,M,50-65,36
2476,941284,F,50-65,01
2477,942527,M,35-49,95
2478,942638,M,35-49,75
2479,942807,M,50-65,67
2480,942898,M,50-65,58
2481,943444,M,50-65,95
2482,946827,M,35-49,44
2483,946895,F,35-49,69
2484,947896,M,35-49,91
2485,948427,M,35-49,34
2486,948564,M,35-49,33
2487,948630,M,50-65,43
2488,949339,F,50-65,33
2489,949361,M,35-49,83
2490,949867,M,35-49,27
2491,949994,M,50-65,33
2492,950377,M,50-65,85
2493,950442,M,35-49,93
2494,950501,M,35-49,32
2495,950520,M,35-49,01
2496,950733,M,50-65,13
2497,951008,M,35-49,33
2498,951163,M,50-65,92
2499,951827,F,35-49,33
2500,951867,M,35-49,78
2501,952068,M,35-49,93
2502,952251,F,35-49,83
2503,952352,M,35-49,67
2504,952479,M,35-49,77
2505,952703,F,50-65,78
2506,953181,M,35-49,30
2507,953206,M,50-65,92
2508,953408,M,50-65,35
2509,953567,F,50-65,28
2510,954069,M,35-49,01
2511,954843,M,35-49,91
2512,955267,M,50-65,62
2513,955272,M,50-65,13
2514,955533,M,35-49,62
2515,955579,M,35-49,92
2516,955927,M,50-65,31
2517,956287,M,35-49,90
2518,956300,M,50-65,13
2519,956322,M,50-65,69
2520,956416,F,50-65,46
2521,957066,M,50-65,69
2522,957240,M,35-49,78
2523,957367,M,50-65,10
2524,957469,M,35-49,59
2525,957515,M,35-49,38
2526,957850,M,35-49,95
2527,958235,M,50-65,06
2528,958606,M,35-49,78
2529,958646,M,35-49,93
2530,959051,M,35-49,31
2531,959288,M,50-65,67
2532,959379,M,35-49,24
2533,959519,M,50-65,13
2534,959529,M,35-49,42
2535,959838,M,35-49,44
2536,959985,M,50-65,93
2537,960189,M,35-49,93
2538,960468,M,50-65,91
2539,960992,M,35-49,17
2540,961209,M,35-49,33
2541,961297,M,35-49,91
2542,961534,M,50-65,52
2543,961568,F,35-49,33
2544,962150,M,35-49,12
2545,962274,M,35-49,06
2546,962500,M,35-49,95
2547,963303,M,50-65,59
2548,963615,M,50-65,78
2549,964210,M,50-65,33
2550,964291,M,50-65,95
2551,964747,M,35-49,95
2552,964900,M,35-49,77
2553,964957,M,35-49,54
2554,965330,M,50-65,78
2555,966252,M,35-49,37
2556,966500,F,35-49,83
2557,966535,M,35-49,51
2558,966950,F,50-65,83
2559,967002,F,35-49,33
2560,967118,F,50-65,75
2561,967233,M,35-49,75
2562,967288,M,35-49,60
2563,967375,M,35-49,02
2564,967922,M,50-65,65
2565,967945,M,50-65,08
2566,968250,M,35-49,95
2567,968293,M,35-49,69
2568,968430,F,50-65,95
2569,968656,M,50-65,94
2570,968965,M,35-49,38
2571,968979,M,35-49,34
2572,969212,M,50-65,34
2573,969220,M,35-49,36
2574,970942,M,50-65,08
2575,971173,M,50-65,45
2576,971440,M,35-49,59
2577,971548,M,35-49,08
2578,971894,M,35-49,78
2579,972010,F,50-65,36
2580,972399,M,35-49,93
2581,972607,M,50-65,60
2582,972912,M,50-65,08
2583,973185,F,35-49,35
2584,975043,M,50-65,50
2585,975428,M,35-49,28
2586,975886,M,50-65,82
2587,976374,M,35-49,28
2588,976520,M,35-49,91
2589,976910,M,35-49,77
2590,977017,M,50-65,91
2591,977029,M,35-49,69
2592,977729,M,35-49,45
2593,977855,M,35-49,63
2594,978552,M,35-49,78
2595,978909,M,35-49,34
2596,979495,M,50-65,94
2597,979905,M,35-49,56
2598,980116,M,35-49,38
2599,980178,M,35-49,45
2600,980275,M,35-49,69
2601,980302,M,35-49,75
2602,980996,M,50-65,44
2603,981320,M,35-49,08
2604,981726,M,35-49,69
2605,982040,M,35-49,75
2606,982345,M,50-65,94
2607,982367,M,50-65,95
2608,982533,M,50-65,94
2609,982698,M,35-49,33
2610,982725,M,35-49,69
2611,982824,M,50-65,82
2612,982982,M,35-49,31
2613,983150,F,50-65,43
2614,983420,M,35-49,38
2615,983583,M,50-65,93
2616,983709,M,35-49,08
2617,983853,F,35-49,26
2618,984226,M,50-65,60
2619,984250,M,50-65,82
2620,984253,M,35-49,31
2621,984272,M,50-65,13
2622,984430,M,35-49,78
2623,984658,M,35-49,26
2624,985084,M,35-49,05
2625,985351,M,50-65,93
2626,985797,M,50-65,91
2627,985829,F,35-49,22
2628,985944,M,50-65,13
2629,986271,M,35-49,38
2630,986327,F,35-49,45
2631,986474,M,50-65,33
2632,986588,M,50-65,27
2633,986646,M,50-65,13
2634,986779,M,35-49,62
2635,986787,M,35-49,93
2636,987364,M,50-65,69
2637,987525,M,35-49,13
2638,987968,M,50-65,91
2639,988363,M,35-49,33
2640,988692,M,35-49,59
2641,988704,M,35-49,38
2642,988804,M,35-49,26
2643,989411,M,50-65,42
2644,989958,M,35-49,08
2645,989983,M,35-49,14
2646,990362,M,35-49,31
2647,991066,M,35-49,92
2648,991373,M,35-49,49
2649,991565,M,35-49,69
2650,991802,M,35-49,37
2651,993455,M,35-49,93
2652,993843,M,35-49,03
2653,993855,M,50-65,34
2654,994445,M,35-49,01
2655,995513,M,35-49,78
2656,995542,M,50-65,31
2657,996040,M,35-49,69
2658,997787,M,50-65,69
2659,998175,M,35-49,28
2660,998356,M,35-49,08
2661,998545,M,35-49,59
2662,998644,M,35-49,95
2663,998692,M,35-49,34
2664,999234,M,50-65,29
2665,999319,M,50-65,13
2666,999360,M,35-49,11
2667,999796,M,35-49,59
2668,1000061,F,50-65,30
2669,1000642,M,50-65,46
2670,1000989,M,35-49,13
2671,1001351,M,50-65,08
2672,1001357,F,50-65,19
2673,1001378,M,35-49,33
2674,1001492,M,35-49,56
2675,1001725,M,50-65,91
2676,1001837,M,50-65,59
2677,1001897,M,35-49,82
2678,1003476,M,50-65,85
2679,1004660,M,35-49,69
2680,1005074,M,35-49,51
2681,1005386,M,35-49,94
2682,1005501,F,35-49,60
2683,1005654,M,35-49,25
2684,1005799,M,35-49,33
2685,1005947,F,35-49,26
2686,1006078,M,35-49,69
2687,1006079,M,35-49,56
2688,1006248,M,50-65,54
2689,1006740,M,50-65,35
2690,1006988,M,35-49,91
2691,1007975,M,35-49,78
2692,1008295,M,50-65,45
2693,1008471,M,35-49,28
2694,1008599,M,35-49,25
2695,1008762,M,50-65,69
2696,1009489,M,50-65,33
2697,1009963,M,35-49,08
2698,1010382,M,35-49,28
2699,1010901,M,35-49,01
2700,1011065,M,50-65,46
2701,1011318,M,35-49,75
2702,1012423,M,35-49,57
2703,1013674,M,35-49,22
2704,1013705,M,35-49,95
2705,1014234,M,50-65,62
2706,1014301,M,50-65,93
2707,1014649,M,35-49,42
2708,1015337,M,35-49,62
2709,1015494,F,50-65,14
2710,1015741,M,35-49,44
2711,1015860,M,35-49,94
2712,1016010,M,50-65,63
2713,1016301,M,35-49,28
2714,1016423,M,35-49,34
2715,1016686,F,35-49,13
2716,1016951,M,35-49,38
2717,1017330,M,35-49,08
2718,1017531,M,50-65,56
2719,1017582,M,50-65,08
2720,1018051,M,50-65,80
2721,1018054,M,50-65,05
2722,1018546,M,50-65,28
2723,1018562,M,35-49,42
2724,1019213,M,35-49,43
2725,1019373,M,50-65,93
2726,1022397,M,35-49,49
2727,1023522,M,35-49,95
2728,1024287,M,35-49,95
2729,1024632,M,35-49,30
2730,1025300,M,35-49,69
2731,1025341,M,50-65,56
2732,1025650,F,35-49,08
2733,1026106,M,50-65,93
2734,1026408,M,35-49,76
2735,1026642,M,35-49,52
2736,1026911,M,50-65,93
2737,1027056,M,50-65,13
2738,1027365,M,35-49,51
2739,1027839,M,50-65,29
2740,1027994,M,35-49,33
2741,1027999,M,50-65,02
2742,1028379,M,50-65,45
2743,1028768,M,35-49,78
2744,1028899,M,35-49,35
2745,1029412,M,35-49,54
2746,1029470,M,50-65,34
2747,1029490,M,35-49,28
2748,1029656,M,50-65,34
2749,1030230,M,50-65,86
2750,1030237,M,35-49,95
2751,1030889,M,50-65,62
2752,1030956,M,35-49,94
2753,1031166,F,35-49,69
2754,1031668,M,35-49,69
2755,1031723,M,50-65,31
2756,1032523,M,50-65,14
2757,1033058,M,35-49,60
2758,1033109,M,35-49,38
2759,1033602,M,50-65,43
2760,1034094,M,35-49,78
2761,1034259,M,35-49,13
2762,1034296,M,35-49,93
2763,1034415,M,35-49,94
2764,1034512,M,35-49,71
2765,1034776,M,50-65,75
2766,1035024,M,35-49,46
2767,1035115,M,50-65,43
2768,1035613,M,35-49,89
2769,1036373,M,50-65,69
2770,1036452,M,35-49,78
2771,1037157,M,35-49,60
2772,1037529,F,35-49,77
2773,1037531,M,35-49,31
2774,1037823,M,35-49,13
2775,1039204,M,50-65,19
2776,1039745,M,35-49,93
2777,1039886,M,35-49,37
2778,1040021,F,35-49,95
2779,1040159,M,50-65,34
2780,1040999,M,50-65,03
2781,1042827,M,35-49,59
2782,1043600,M,50-65,75
2783,1043801,M,35-49,38
2784,1044071,M,35-49,94
2785,1044118,M,50-65,06
2786,1045034,M,50-65,88
2787,1045080,M,50-65,93
2788,1045120,M,50-65,78
2789,1045656,M,35-49,28
2790,1045786,M,50-65,83
2791,1045906,M,35-49,78
2792,1046162,M,50-65,51
2793,1046439,M,35-49,35
2794,1046785,M,35-49,57
2795,1047062,M,50-65,56
2796,1047400,M,35-49,85
2797,1047538,M,35-49,64
2798,1047721,M,50-65,08
2799,1048011,M,35-49,78
2800,1048655,M,35-49,03
2801,1048925,M,35-49,46
2802,1049074,M,50-65,78
2803,1049467,M,35-49,77
2804,1050313,M,35-49,92
2805,1050759,M,35-49,08
2806,1050771,M,50-65,66
2807,1050812,M,35-49,64
2808,1050863,M,50-65,69
2809,1053185,M,35-49,36
2810,1053575,M,50-65,25
2811,1053941,M,50-65,91
2812,1054154,M,50-65,44
2813,1054390,M,35-49,29
2814,1054685,M,35-49,62
2815,1054902,M,35-49,78
2816,1054907,M,50-65,77
2817,1055391,M,35-49,64
2818,1055781,M,35-49,45
2819,1055846,M,50-65,92
2820,1056074,M,50-65,45
2821,1056140,M,35-49,83
2822,1056508,M,35-49,78
2823,1056623,M,35-49,59
2824,1056708,M,50-65,75
2825,1056974,M,50-65,08
2826,1057067,M,50-65,08
2827,1057317,M,35-49,91
2828,1057919,M,50-65,28
2829,1058237,M,50-65,94
2830,1058493,M,50-65,30
2831,1058532,M,50-65,44
2832,1058591,M,50-65,59
2833,1058723,M,50-65,77
2834,1058930,M,50-65,33
2835,1059104,M,50-65,67
2836,1059164,M,50-65,33
2837,1060326,M,35-49,91
2838,1060600,M,50-65,57
2839,1060883,M,35-49,51
2840,1061138,M,50-65,13
2841,1061194,M,35-49,16
2842,1061225,M,35-49,95
2843,1061729,M,35-49,13
2844,1062947,M,35-49,76
2845,1063143,M,50-65,59
2846,1063299,M,35-49,94
2847,1063480,M,35-49,33
2848,1063516,M,35-49,95
2849,1063810,M,35-49,36
2850,1063897,M,35-49,95
2851,1064099,M,35-49,34
2852,1064363,M,35-49,43
2853,1064511,M,35-49,90
2854,1065156,F,35-49,41
2855,1065177,M,50-65,69
2856,1065536,M,50-65,42
2857,1066357,M,50-65,30
2858,1066628,M,50-65,59
2859,1066632,M,35-49,77
2860,1066889,M,35-49,59
2861,1067371,M,35-49,17
2862,1067420,F,35-49,91
2863,1067953,M,35-49,22
2864,1068155,M,35-49,14
2865,1068448,M,50-65,59
2866,1068453,M,35-49,03
2867,1068522,M,35-49,69
2868,1069542,M,35-49,33
2869,1069590,M,50-65,44
2870,1070423,M,35-49,93
2871,1070438,M,35-49,84
2872,1070878,M,50-65,95
2873,1070936,M,35-49,13
2874,1071032,F,35-49,59
2875,1071678,M,50-65,73
2876,1071733,M,35-49,28
2877,1071840,M,35-49,94
2878,1072074,M,35-49,25
2879,1072129,M,35-49,17
2880,1072140,M,50-65,37
2881,1072341,M,50-65,13
2882,1072662,M,35-49,13
2883,1073333,M,50-65,34
2884,1073530,M,35-49,06
2885,1073834,M,35-49,85
2886,1074094,M,35-49,75
2887,1074442,M,50-65,25
2888,1074461,M,35-49,28
2889,1075812,M,50-65,31
2890,1076124,M,50-65,23
2891,1076184,F,50-65,75
2892,1076557,M,50-65,13
2893,1077180,M,50-65,01
2894,1077643,M,50-65,13
2895,1078072,M,50-65,13
2896,1078096,M,35-49,51
2897,1078522,M,35-49,56
2898,1078600,M,35-49,71
2899,1080024,M,50-65,33
2900,1080046,M,35-49,45
2901,1080375,M,50-65,42
2902,1080914,M,35-49,95
2903,1081038,F,35-49,44
2904,1081069,M,35-49,62
2905,1081138,M,50-65,13
2906,1081570,M,50-65,33
2907,1081572,M,50-65,91
2908,1081653,M,50-65,29
2909,1082413,M,50-65,63
2910,1082751,M,35-49,78
2911,1083391,M,35-49,10
2912,1083710,F,50-65,29
2913,1085007,M,35-49,95
2914,1085208,M,35-49,34
2915,1085580,M,50-65,38
2916,1086873,M,35-49,13
2917,1088149,M,50-65,91
2918,1088462,M,50-65,54
2919,1088621,M,50-65,54
2920,1089270,M,50-65,13
2921,1089409,M,35-49,59
2922,1089469,M,50-65,60
2923,1089664,M,35-49,35
2924,1089908,M,35-49,62
2925,1090707,M,50-65,45
2926,1090818,M,35-49,59
2927,1091256,F,35-49,18
2928,1091338,M,50-65,93
2929,1092420,M,35-49,78
2930,1093944,M,35-49,11
2931,1095357,M,35-49,94
2932,1095384,M,50-65,33
2933,1095891,M,35-49,59
2934,1097128,M,50-65,49
2935,1097861,M,35-49,78
2936,1098254,M,35-49,77
2937,1098332,M,50-65,19
2938,1098502,M,35-49,13
2939,1098785,M,50-65,77
2940,1099038,M,35-49,45
2941,1099079,M,35-49,59
2942,1099610,M,35-49,36
2943,1100312,M,35-49,45
2944,1100671,M,50-65,94
2945,1100970,M,35-49,13
2946,1101072,M,35-49,23
2947,1101183,M,50-65,31
2948,1101741,M,35-49,60
2949,1102068,M,50-65,75
2950,1102698,M,35-49,69
2951,1103346,M,50-65,29
2952,1103450,M,35-49,59
2953,1104335,M,50-65,75
2954,1104630,M,50-65,86
2955,1104819,M,35-49,93
2956,1105970,M,35-49,13
2957,1106235,M,35-49,93
2958,1106534,M,50-65,33
2959,1106903,M,50-65,13
2960,1107242,M,35-49,94
2961,1107311,M,50-65,38
2962,1108018,M,35-49,93
2963,1108188,M,50-65,31
2964,1108222,M,50-65,62
2965,1108230,M,35-49,13
2966,1108290,M,35-49,35
2967,1108579,M,35-49,62
2968,1108766,M,50-65,78
2969,1108861,M,35-49,69
2970,1109106,M,35-49,95
2971,1109200,F,35-49,56
2972,1109656,M,50-65,07
2973,1110112,M,35-49,31
2974,1110264,M,35-49,77
2975,1110888,M,35-49,92
2976,1111843,M,50-65,25
2977,1111852,M,35-49,85
2978,1111988,F,35-49,71
2979,1112147,M,35-49,92
2980,1112907,F,50-65,29
2981,1113856,M,50-65,78
2982,1115749,M,35-49,93
2983,1115797,M,35-49,94
2984,1118029,M,35-49,28
2985,1120031,F,35-49,28
2986,1121384,M,50-65,78
2987,1121412,M,50-65,02
2988,1121734,M,35-49,08
2989,1122327,M,35-49,13
2990,1122529,M,35-49,28
2991,1125167,M,50-65,43
2992,1125655,M,50-65,33
2993,1127539,M,35-49,91
2994,1128389,M,35-49,91
2995,1151161,M,35-49,94
2996,1151564,M,50-65,13
2997,1151586,M,35-49,77
2998,1152211,M,35-49,93
2999,1152376,M,50-65,38
3000,1152434,M,35-49,59
3001,1153106,M,50-65,22
3002,1153548,M,50-65,86
3003,1153766,M,50-65,66
3004,1154068,M,35-49,69
3005,1154207,M,50-65,59
3006,1154762,F,35-49,14
3007,1155422,F,35-49,59
3008,1155569,M,35-49,77
3009,1155740,M,35-49,26
3010,1157953,M,35-49,08
3011,1158401,M,35-49,92
3012,1158423,M,50-65,34
3013,1158520,M,35-49,77
3014,1158597,M,35-49,93
3015,1159262,F,35-49,60
3016,1159369,M,35-49,48
3017,1160369,M,50-65,62
3018,1161085,M,50-65,82
3019,1161167,M,35-49,33
3020,1161300,M,35-49,26
3021,1161366,M,50-65,22
3022,1161583,M,50-65,45
3023,1161857,M,35-49,84
3024,1161884,M,35-49,05
3025,1162032,M,35-49,33
3026,1162191,M,35-49,78
3027,1162193,M,50-65,59
3028,1162576,M,35-49,21
3029,1162973,M,35-49,51
3030,1163100,M,50-65,83
3031,1163104,M,35-49,69
3032,1163291,F,35-49,75
3033,1163323,M,35-49,08
3034,1163691,M,35-49,59
3035,1163858,M,35-49,95
3036,1164567,M,35-49,33
3037,1165127,M,35-49,25
3038,1165631,M,35-49,38
3039,1166276,M,50-65,33
3040,1166433,M,50-65,78
3041,1167167,M,35-49,33
3042,1167207,M,35-49,59
3043,1167617,M,50-65,59
3044,1167917,M,35-49,92
3045,1167922,M,50-65,67
3046,1168767,M,35-49,59
3047,1168874,F,35-49,13
3048,1168930,M,50-65,25
3049,1169176,M,35-49,13
3050,1169951,M,35-49,95
3051,1170112,M,50-65,25
3052,1170733,M,50-65,08
3053,1171591,M,50-65,59
3054,1171598,M,35-49,94
3055,1171628,M,50-65,33
3056,1171822,M,35-49,90
3057,1172089,M,35-49,50
3058,1172121,F,50-65,78
3059,1172825,M,35-49,94
3060,1173704,M,35-49,13
3061,1174627,M,50-65,16
3062,1175158,M,35-49,94
3063,1175721,M,35-49,38
3064,1176527,M,35-49,93
3065,1176738,,35-49,61
3066,1176839,M,50-65,43
3067,1177292,M,35-49,95
3068,1177526,M,50-65,34
3069,1178298,M,35-49,28
3070,1178452,M,35-49,13
3071,1180756,M,35-49,59
3072,1180801,M,35-49,45
3073,1181544,M,50-65,01
3074,1181856,M,35-49,94
3075,1182333,M,35-49,64
3076,1183390,M,50-65,94
3077,1184771,M,35-49,01
3078,1184900,M,35-49,33
3079,1185154,F,35-49,34
3080,1185366,F,35-49,28
3081,1185746,M,35-49,69
3082,1186191,M,35-49,76
3083,1187019,M,35-49,01
3084,1187754,M,50-65,17
3085,1189027,M,35-49,33
3086,1189252,M,35-49,04
3087,1190072,M,35-49,26
3088,1190078,M,35-49,75
3089,1191345,M,35-49,14
3090,1191501,M,35-49,25
3091,1193710,M,35-49,08
3092,1193968,M,35-49,30
3093,1194141,M,35-49,96
3094,1194921,M,35-49,67
3095,1194929,M,35-49,93
3096,1197059,M,50-65,63
3097,1197076,F,35-49,17
3098,1197735,M,50-65,08
3099,1198352,M,35-49,59
3100,1198491,M,35-49,81
3101,1198505,M,50-65,77
3102,1200171,M,35-49,91
3103,1200328,M,35-49,91
3104,1201560,M,35-49,29
3105,1201724,M,50-65,31
3106,1202092,M,35-49,93
3107,1202374,F,50-65,36
3108,1202425,M,50-65,17
3109,1202592,M,50-65,62
3110,1204778,M,35-49,56
3111,1204882,M,35-49,38
3112,1205435,M,35-49,33
3113,1205877,M,50-65,06
3114,1206265,M,35-49,80
3115,1207241,M,50-65,67
3116,1208476,M,35-49,22
3117,1208682,M,50-65,56
3118,1209303,M,50-65,21
3119,1209550,M,35-49,42
3120,1210104,M,35-49,67
3121,1210198,M,50-65,92
3122,1212486,M,50-65,04
3123,1212631,M,35-49,95
3124,1214219,M,35-49,04
3125,1214773,M,35-49,61
3126,1214956,M,50-65,27
3127,1215408,M,35-49,91
3128,1217530,M,35-49,60
3129,1218626,M,35-49,54
3130,1219331,M,35-49,17
3131,1219367,M,35-49,02
3132,1219866,M,35-49,16
3133,1219951,M,50-65,08
3134,1221019,M,50-65,93
3135,1222500,M,50-65,93
3136,1222965,M,35-49,67
3137,1222991,M,50-65,43
3138,1223009,M,35-49,93
3139,1224716,M,35-49,44
3140,1227629,M,50-65,54
3141,1227782,M,35-49,76
3142,1228258,M,35-49,28
3143,1229222,M,35-49,25
3144,1232540,M,35-49,35
3145,1232725,M,35-49,77
3146,1232878,M,50-65,19
3147,1234971,M,50-65,68
3148,1235206,M,35-49,59
3149,1235511,F,50-65,44
3150,1235516,M,50-65,29
3151,1236504,M,50-65,27
3152,1236684,M,50-65,53
3153,1236713,M,35-49,53
3154,1237802,M,35-49,59
3155,1239358,M,35-49,06
3156,1240909,M,35-49,33
3157,1241730,M,50-65,72
3158,1242417,M,35-49,08
3159,1243473,M,35-49,44
3160,1246048,F,35-49,77
3161,1246113,M,35-49,62
3162,1246606,M,50-65,13
