,CUST_ID,SEX,AGE,DEPARTEMENT
0,100202,M,50-65,78
1,100715,F,50-65,78
2,101105,M,50-65,62
3,101185,M,50-65,59
4,101205,M,35-49,78
5,101392,M,35-49,78
6,101682,M,50-65,78
7,101749,M,50-65,38
8,101763,M,50-65,78
9,102136,M,50-65,33
10,103371,M,50-65,78
11,103922,M,50-65,33
12,104293,M,50-65,59
13,104345,M,35-49,59
14,104626,M,50-65,59
15,105377,M,35-49,59
16,105649,M,35-49,38
17,106150,M,50-65,78
18,106351,M,35-49,78
19,106845,F,35-49,21
20,107030,M,35-49,59
21,107724,F,50-65,38
22,107936,M,50-65,59
23,108228,M,50-65,38
24,108765,M,50-65,78
25,108938,M,50-65,59
26,109051,M,50-65,58
27,109828,M,>65,62
28,110349,M,50-65,78
29,110899,M,35-49,59
30,111299,F,>65,62
31,111320,F,50-65,21
32,111383,M,>65,33
33,111432,M,50-65,59
34,111668,M,35-49,62
35,111828,M,50-65,33
36,111906,M,35-49,58
37,112041,M,35-49,78
38,112044,M,35-49,59
39,112161,M,50-65,78
40,112455,M,35-49,39
41,113036,M,50-65,62
42,113297,M,35-49,33
43,113487,M,50-65,78
44,113595,M,50-65,78
45,113725,M,50-65,78
46,113875,M,35-49,58
47,114078,F,35-49,21
48,114666,M,35-49,59
49,114995,M,50-65,78
50,115022,M,50-65,38
51,115068,M,35-49,62
52,116517,M,50-65,38
53,116969,M,50-65,59
54,117321,M,50-65,78
55,117850,M,35-49,51
56,118229,M,50-65,59
57,118478,M,50-65,59
58,120461,M,>65,06
59,120981,M,50-65,78
60,121128,M,50-65,59
61,121147,M,50-65,62
62,121222,M,50-65,59
63,121590,M,50-65,58
64,121730,M,50-65,51
65,122130,M,50-65,78
66,122194,F,50-65,78
67,122953,F,50-65,62
68,123499,M,35-49,78
69,123801,M,35-49,62
70,123949,M,50-65,59
71,124464,M,50-65,51
72,124681,M,35-49,38
73,124784,M,35-49,62
74,124913,M,>65,21
75,124985,M,35-49,38
76,125579,M,50-65,59
77,126035,M,50-65,62
78,126059,M,35-49,59
79,126217,M,35-49,06
80,127376,M,50-65,21
81,127790,M,50-65,59
82,128083,M,50-65,51
83,128265,M,50-65,78
84,128896,M,50-65,78
85,129001,M,50-65,59
86,129318,M,50-65,79
87,129390,M,50-65,33
88,129748,M,50-65,51
89,129865,F,35-49,59
90,130366,M,35-49,62
91,130464,M,35-49,38
92,131014,M,50-65,33
93,131208,M,50-65,62
94,131325,M,>65,78
95,131494,M,50-65,78
96,131514,M,50-65,78
97,131516,M,50-65,38
98,131554,M,50-65,33
99,131862,M,35-49,38
100,132253,M,<35,38
101,132260,M,35-49,78
102,132519,M,50-65,38
103,132739,M,50-65,78
104,132966,M,35-49,51
105,133014,F,50-65,59
106,133892,M,50-65,59
107,133917,M,50-65,38
108,134035,M,35-49,78
109,134483,M,35-49,06
110,134527,M,35-49,59
111,134691,M,35-49,78
112,135414,M,35-49,33
113,136688,M,35-49,78
114,137060,M,35-49,58
115,137677,M,50-65,62
116,137806,M,35-49,62
117,138058,M,50-65,62
118,138170,M,50-65,59
119,138325,M,50-65,51
120,138395,M,35-49,33
121,138794,M,50-65,33
122,139038,M,50-65,59
123,139113,M,50-65,62
124,140121,M,50-65,51
125,140183,M,50-65,33
126,140480,M,35-49,62
127,140566,M,50-65,38
128,140578,M,35-49,59
129,140911,M,35-49,78
130,140919,M,50-65,33
131,141181,M,35-49,59
132,141196,M,50-65,78
133,141648,M,35-49,78
134,141887,M,50-65,78
135,142122,M,35-49,78
136,142418,M,50-65,58
137,143739,F,>65,21
138,144164,M,35-49,59
139,144223,F,35-49,62
140,144465,M,50-65,78
141,144834,M,50-65,59
142,145215,M,35-49,38
143,145467,M,35-49,62
144,145566,M,50-65,51
145,145592,M,35-49,38
146,145875,M,35-49,59
147,145974,M,35-49,59
148,146201,M,35-49,51
149,146314,M,35-49,78
150,146540,M,50-65,78
151,146720,M,50-65,78
152,147391,M,50-65,38
153,147495,F,50-65,78
154,147896,M,35-49,59
155,149020,M,50-65,62
156,149299,M,35-49,59
157,149358,F,35-49,62
158,149886,M,50-65,38
159,150303,F,35-49,78
160,151702,M,50-65,51
161,153003,M,35-49,33
162,153656,M,35-49,59
163,153850,M,50-65,62
164,153963,M,35-49,78
165,154052,M,35-49,78
166,154084,M,35-49,33
167,154132,M,50-65,38
168,154248,M,35-49,78
169,154300,M,50-65,59
170,154953,M,<35,58
171,154982,M,50-65,62
172,155855,M,35-49,21
173,156096,M,35-49,78
174,156268,M,50-65,78
175,156366,M,35-49,59
176,156490,M,<35,58
177,156514,M,35-49,78
178,156708,M,50-65,33
179,156715,M,<35,59
180,157047,M,35-49,78
181,157573,F,50-65,06
182,158369,M,>65,21
183,158939,M,50-65,59
184,159219,M,35-49,62
185,159554,M,50-65,38
186,159567,M,50-65,38
187,159875,F,35-49,62
188,160892,M,35-49,59
189,160952,M,50-65,58
190,161206,M,50-65,78
191,161742,M,35-49,38
192,161861,M,<35,21
193,162055,M,35-49,62
194,162567,M,50-65,59
195,163869,M,35-49,38
196,164593,M,50-65,78
197,165785,M,50-65,78
198,166603,M,35-49,78
199,166799,M,50-65,59
200,167097,M,35-49,78
201,167298,M,50-65,78
202,168983,M,50-65,78
203,169564,M,50-65,62
204,170102,M,35-49,59
205,170515,M,>65,62
206,170782,M,35-49,59
207,170884,M,35-49,59
208,171002,M,50-65,78
209,171396,M,50-65,62
210,171706,M,50-65,59
211,171799,M,50-65,33
212,172277,M,50-65,59
213,172457,F,50-65,59
214,172679,M,50-65,78
215,173319,M,50-65,51
216,173410,M,35-49,62
217,174525,M,50-65,78
218,174537,M,35-49,59
219,174604,M,35-49,21
220,174617,M,50-65,62
221,175030,F,50-65,51
222,175111,M,35-49,78
223,175456,M,50-65,78
224,175596,M,50-65,78
225,176750,M,50-65,38
226,176862,M,35-49,59
227,176911,M,50-65,38
228,177933,M,50-65,78
229,178316,F,35-49,21
230,178797,M,50-65,62
231,178862,F,50-65,59
232,179122,F,50-65,38
233,179210,F,35-49,51
234,179724,M,35-49,58
235,179750,M,35-49,59
236,180273,M,50-65,33
237,180374,M,50-65,59
238,180493,M,>65,06
239,181027,M,50-65,59
240,182535,M,50-65,78
241,183834,M,35-49,78
242,184045,M,50-65,78
243,184791,M,50-65,78
244,184841,M,35-49,59
245,185798,M,50-65,58
246,185934,M,50-65,59
247,186567,F,50-65,78
248,187833,M,50-65,59
249,187947,M,50-65,21
250,188028,F,50-65,78
251,188309,M,50-65,38
252,188482,M,35-49,38
253,188537,M,50-65,78
254,189419,M,50-65,33
255,189637,M,50-65,78
256,190081,F,<35,38
257,190629,M,>65,62
258,190868,M,35-49,78
259,191307,M,50-65,59
260,191561,M,50-65,59
261,192277,M,50-65,06
262,192516,M,35-49,62
263,192624,M,35-49,78
264,193056,M,35-49,33
265,193219,F,50-65,21
266,193223,M,50-65,06
267,193469,M,50-65,78
268,193677,M,35-49,51
269,194407,M,35-49,58
270,195197,M,50-65,59
271,195200,M,35-49,62
272,195791,M,50-65,78
273,195864,M,50-65,78
274,196163,M,50-65,58
275,196232,M,50-65,51
276,197380,M,50-65,78
277,198355,M,35-49,38
278,198525,M,35-49,06
279,199285,M,35-49,78
280,199656,M,50-65,59
281,199673,M,50-65,59
282,199769,M,50-65,78
283,199984,M,50-65,59
284,200564,M,50-65,59
285,200887,M,50-65,78
286,201127,M,35-49,51
287,201322,M,35-49,33
288,201887,M,50-65,78
289,202124,M,35-49,78
290,202371,M,35-49,78
291,203366,M,50-65,62
292,203487,M,50-65,78
293,204013,M,35-49,58
294,204046,M,50-65,33
295,204068,M,35-49,62
296,204400,M,50-65,78
297,204431,M,50-65,59
298,204764,M,50-65,62
299,204886,M,>65,78
300,204947,M,35-49,78
301,205109,M,50-65,62
302,205515,M,>65,58
303,205668,M,35-49,78
304,205683,M,50-65,33
305,205800,M,50-65,38
306,206111,M,35-49,33
307,206416,M,50-65,38
308,207033,M,50-65,59
309,207287,M,50-65,78
310,207999,F,35-49,62
311,208010,M,50-65,69
312,208744,M,50-65,33
313,208883,M,50-65,21
314,209850,M,35-49,78
315,209988,M,35-49,38
316,210355,M,35-49,59
317,211149,M,50-65,51
318,212581,M,50-65,59
319,213461,M,50-65,58
320,213803,M,35-49,10
321,214517,M,35-49,78
322,214946,M,50-65,33
323,215374,M,50-65,38
324,215571,F,35-49,59
325,215782,M,50-65,21
326,215849,M,50-65,38
327,215998,M,35-49,62
328,217323,M,50-65,59
329,217726,M,50-65,78
330,217797,M,50-65,78
331,218865,M,50-65,78
332,219557,F,>65,59
333,219957,M,35-49,38
334,220023,M,50-65,21
335,221900,M,50-65,38
336,222000,M,50-65,51
337,222001,M,50-65,59
338,222204,M,50-65,38
339,222403,M,50-65,78
340,222422,F,50-65,21
341,222650,M,50-65,78
342,222847,M,35-49,58
343,223124,F,>65,62
344,223161,M,50-65,58
345,223293,M,35-49,06
346,223641,M,50-65,33
347,223769,F,50-65,51
348,223802,M,35-49,62
349,224522,M,50-65,62
350,225015,M,>65,78
351,225183,M,50-65,59
352,225597,F,50-65,78
353,225819,M,35-49,79
354,226056,M,50-65,59
355,226924,M,50-65,38
356,227723,M,50-65,58
357,229711,M,50-65,33
358,230094,M,50-65,78
359,230440,M,35-49,78
360,231687,M,50-65,38
361,231859,M,35-49,62
362,232016,M,>65,78
363,232029,M,50-65,59
364,233135,M,50-65,59
365,234017,M,50-65,59
366,234661,M,50-65,59
367,235302,F,35-49,33
368,235462,M,35-49,59
369,236355,F,50-65,59
370,237181,M,50-65,58
371,237374,M,35-49,62
372,237582,M,35-49,33
373,238828,M,35-49,78
374,238857,M,50-65,79
375,238881,M,50-65,51
376,238925,M,35-49,77
377,239186,M,50-65,62
378,239503,M,50-65,78
379,239730,M,50-65,59
380,239835,M,50-65,59
381,240151,M,50-65,62
382,240562,M,50-65,59
383,241230,M,>65,33
384,241262,F,50-65,06
385,241388,M,35-49,59
386,241558,M,35-49,59
387,242569,M,>65,51
388,242971,M,50-65,59
389,243592,M,50-65,62
390,244024,M,50-65,78
391,244198,M,50-65,59
392,244827,M,35-49,59
393,245356,M,50-65,62
394,246558,M,50-65,59
395,247304,M,35-49,78
396,247624,M,50-65,06
397,247730,M,50-65,59
398,247735,M,35-49,78
399,247754,M,50-65,78
400,248295,M,50-65,21
401,248530,M,35-49,51
402,248676,M,35-49,62
403,249926,M,35-49,33
404,250397,M,>65,59
405,251002,M,>65,59
406,251287,M,50-65,62
407,251307,M,35-49,59
408,251568,M,>65,59
409,252444,M,50-65,59
410,252901,M,50-65,78
411,253171,M,50-65,62
412,253172,M,>65,06
413,253466,M,35-49,79
414,253598,M,35-49,06
415,254815,M,50-65,78
416,254986,M,50-65,59
417,256395,M,>65,78
418,256540,M,50-65,33
419,257026,M,50-65,59
420,257552,M,50-65,78
421,257663,M,35-49,58
422,257995,M,35-49,59
423,258020,M,50-65,59
424,258038,M,35-49,59
425,258366,M,50-65,59
426,258523,M,50-65,78
427,259381,M,50-65,78
428,259866,M,50-65,33
429,259945,M,50-65,62
430,260131,M,50-65,58
431,261185,M,50-65,78
432,261223,M,50-65,59
433,261384,M,35-49,33
434,261750,F,50-65,38
435,261761,M,35-49,59
436,262086,M,35-49,78
437,263293,M,50-65,78
438,263913,M,50-65,78
439,263990,F,50-65,78
440,264012,M,50-65,59
441,264151,M,35-49,59
442,264679,M,50-65,38
443,265084,M,50-65,79
444,265485,M,50-65,78
445,265739,M,50-65,59
446,266150,M,50-65,62
447,266265,M,50-65,59
448,266488,M,35-49,62
449,266716,M,50-65,59
450,267277,M,50-65,33
451,267956,M,50-65,78
452,268342,M,35-49,51
453,268359,M,50-65,59
454,268921,M,>65,33
455,269417,M,35-49,78
456,269732,M,50-65,59
457,270220,M,50-65,59
458,270370,M,35-49,51
459,270517,M,50-65,62
460,271265,M,35-49,33
461,272123,M,50-65,59
462,272301,M,35-49,78
463,272307,M,50-65,51
464,272583,M,50-65,58
465,272651,M,35-49,38
466,273694,M,50-65,78
467,273829,M,35-49,78
468,273864,M,50-65,38
469,274391,F,35-49,78
470,274836,M,50-65,59
471,275145,F,35-49,06
472,275298,M,35-49,59
473,275425,M,50-65,38
474,275684,M,35-49,33
475,276275,M,>65,33
476,277744,M,50-65,59
477,278763,M,50-65,78
478,279676,M,>65,06
479,280194,M,50-65,59
480,280400,M,35-49,78
481,280693,M,35-49,62
482,280766,M,<35,58
483,280868,M,35-49,78
484,280880,M,50-65,38
485,281256,M,<35,78
486,281274,M,<35,59
487,281988,M,50-65,59
488,283194,M,50-65,33
489,283553,F,50-65,78
490,283918,M,35-49,59
491,284549,M,50-65,79
492,284704,F,35-49,59
493,284718,F,50-65,78
494,285334,F,50-65,38
495,285365,M,50-65,38
496,285995,M,50-65,33
497,286035,M,35-49,59
498,286321,M,<35,79
499,286890,M,35-49,78
500,286999,F,>65,62
501,287308,M,50-65,33
502,287468,M,50-65,33
503,287608,M,50-65,33
504,288213,M,35-49,62
505,288466,M,50-65,06
506,288540,F,35-49,78
507,288714,M,50-65,38
508,288842,M,<35,59
509,289065,M,35-49,21
510,289106,M,35-49,78
511,289246,M,35-49,59
512,289822,M,35-49,78
513,290045,M,50-65,62
514,290288,F,50-65,78
515,290616,M,50-65,33
516,291022,M,35-49,78
517,291344,M,35-49,07
518,291752,M,35-49,59
519,292347,M,35-49,59
520,292856,M,35-49,06
521,292888,M,50-65,59
522,293851,M,35-49,59
523,293878,F,50-65,59
524,293965,M,50-65,59
525,294412,M,35-49,78
526,294838,M,50-65,62
527,295086,M,35-49,58
528,295124,M,50-65,78
529,296054,F,50-65,51
530,296219,M,35-49,59
531,296815,M,35-49,62
532,296939,F,50-65,78
533,297354,M,35-49,59
534,297420,M,35-49,78
535,297431,M,50-65,59
536,297718,M,35-49,59
537,298245,M,50-65,51
538,298450,M,35-49,78
539,298548,M,50-65,51
540,298742,M,<35,59
541,299397,M,35-49,38
542,299637,M,50-65,78
543,299907,M,35-49,62
544,300136,M,35-49,62
545,300145,M,35-49,78
546,300218,M,50-65,80
547,301157,M,35-49,06
548,302336,F,50-65,38
549,302709,M,<35,38
550,303450,M,50-65,62
551,303934,M,35-49,62
552,304012,M,50-65,59
553,304298,M,35-49,78
554,304554,M,35-49,38
555,305006,M,50-65,78
556,305264,M,35-49,59
557,305370,M,50-65,78
558,305516,M,<35,33
559,305678,M,50-65,62
560,306030,M,35-49,78
561,306257,M,50-65,59
562,306731,M,50-65,78
563,307536,M,<35,59
564,307874,M,50-65,78
565,307966,M,50-65,33
566,308900,M,35-49,78
567,308992,M,35-49,62
568,309153,M,50-65,59
569,309563,M,50-65,62
570,309792,M,35-49,62
571,309947,M,35-49,58
572,310155,M,50-65,62
573,310170,M,35-49,33
574,310380,M,35-49,58
575,310581,M,50-65,78
576,310920,M,<35,59
577,311654,M,50-65,78
578,312256,M,50-65,59
579,312856,M,35-49,38
580,313130,M,<35,78
581,313439,M,50-65,33
582,313574,F,35-49,59
583,313887,M,50-65,78
584,314138,M,35-49,38
585,314234,M,35-49,78
586,314356,M,35-49,59
587,314494,F,35-49,78
588,314647,M,<35,59
589,314652,M,>65,62
590,314666,M,<35,59
591,315486,F,50-65,38
592,315504,M,35-49,58
593,315579,M,35-49,78
594,315727,M,50-65,59
595,315762,M,35-49,33
596,315774,M,35-49,07
597,316042,M,35-49,79
598,316085,F,>65,06
599,316368,M,35-49,62
600,316884,M,35-49,59
601,316959,M,50-65,78
602,317176,F,>65,62
603,317586,M,50-65,38
604,317644,M,35-49,62
605,318300,M,35-49,38
606,318322,M,50-65,59
607,318677,M,35-49,59
608,319461,M,50-65,58
609,319824,M,35-49,58
610,320316,M,35-49,78
611,320493,F,35-49,59
612,321145,M,>65,62
613,321172,M,35-49,59
614,321198,M,50-65,78
615,321348,M,35-49,80
616,321965,M,35-49,62
617,322061,M,50-65,33
618,322207,M,35-49,78
619,322520,M,35-49,59
620,322537,M,50-65,62
621,322776,M,35-49,78
622,323051,M,50-65,78
623,323804,M,50-65,78
624,324104,M,35-49,62
625,324156,F,<35,59
626,324352,M,35-49,62
627,325265,M,35-49,59
628,325309,M,35-49,79
629,325354,M,50-65,78
630,325508,F,35-49,62
631,325622,M,<35,62
632,326027,F,<35,21
633,326190,M,35-49,33
634,326485,M,<35,78
635,326520,M,35-49,59
636,327351,M,50-65,51
637,327554,M,35-49,78
638,327617,F,50-65,62
639,328019,M,50-65,78
640,328876,M,35-49,06
641,328952,M,50-65,78
642,329014,M,50-65,62
643,329769,M,50-65,78
644,330312,M,35-49,62
645,331214,M,50-65,33
646,331420,M,<35,51
647,331511,M,35-49,59
648,332078,M,35-49,78
649,332432,M,50-65,62
650,332788,M,50-65,59
651,333183,M,<35,78
652,333423,M,35-49,78
653,333465,F,50-65,78
654,333472,M,>65,62
655,333530,M,35-49,33
656,333899,M,50-65,51
657,334544,M,>65,21
658,334634,M,35-49,78
659,335097,M,50-65,62
660,335544,M,50-65,59
661,335918,M,35-49,62
662,336107,M,35-49,33
663,336312,M,50-65,78
664,336514,M,35-49,62
665,336730,M,35-49,62
666,336921,M,35-49,62
667,337309,M,50-65,33
668,337406,M,35-49,78
669,337592,M,35-49,33
670,338042,M,35-49,62
671,338619,M,35-49,58
672,339119,M,35-49,06
673,339159,M,35-49,40
674,339428,M,<35,62
675,339445,M,50-65,62
676,339505,M,50-65,78
677,339517,F,35-49,59
678,339524,M,50-65,51
679,339606,M,35-49,62
680,339885,M,35-49,51
681,340253,M,50-65,59
682,340311,M,35-49,33
683,340892,F,35-49,21
684,341101,M,50-65,78
685,341173,M,50-65,59
686,341270,M,35-49,62
687,341341,M,50-65,33
688,341582,M,35-49,78
689,341697,M,35-49,78
690,341866,M,35-49,78
691,341989,M,35-49,59
692,342688,M,35-49,62
693,343312,M,50-65,59
694,343979,M,35-49,78
695,344106,M,35-49,38
696,344262,F,50-65,78
697,344469,M,50-65,82
698,344630,M,50-65,62
699,345108,M,50-65,62
700,345926,F,50-65,62
701,346106,M,50-65,78
702,346950,M,50-65,78
703,347476,M,35-49,21
704,347516,M,35-49,78
705,347715,M,50-65,62
706,348380,M,50-65,59
707,348780,F,>65,62
708,348809,M,35-49,62
709,348833,M,35-49,06
710,348948,M,50-65,78
711,348997,M,50-65,78
712,349622,M,35-49,59
713,350143,M,35-49,78
714,350390,M,35-49,38
715,350719,M,50-65,78
716,350767,M,35-49,33
717,350965,M,35-49,62
718,351013,M,50-65,78
719,351040,M,35-49,59
720,351599,F,50-65,59
721,351686,M,35-49,59
722,351920,M,35-49,78
723,352108,M,35-49,38
724,352255,M,35-49,62
725,352527,M,35-49,78
726,352539,M,50-65,33
727,352928,M,50-65,62
728,352980,M,35-49,78
729,353175,M,50-65,78
730,353681,M,35-49,21
731,353744,M,<35,78
732,353820,M,35-49,78
733,354659,M,50-65,59
734,355520,M,50-65,59
735,355592,F,50-65,38
736,355661,M,50-65,38
737,355812,M,50-65,38
738,355942,M,>65,62
739,355952,F,50-65,59
740,356320,M,35-49,78
741,356721,M,50-65,62
742,356945,M,<35,38
743,357905,F,35-49,62
744,358089,F,50-65,62
745,358113,F,35-49,38
746,358331,M,35-49,78
747,358497,M,35-49,62
748,358782,F,50-65,78
749,359007,M,35-49,38
750,359239,F,50-65,62
751,361022,M,35-49,59
752,361024,M,35-49,80
753,361281,M,>65,62
754,361677,M,50-65,59
755,361859,M,35-49,59
756,362310,M,35-49,78
757,362768,M,50-65,59
758,363093,M,35-49,59
759,363690,M,>65,78
760,363733,M,35-49,78
761,364367,M,50-65,21
762,364672,M,50-65,24
763,364804,M,50-65,59
764,364930,M,50-65,59
765,365174,M,35-49,59
766,365690,M,35-49,78
767,365989,M,50-65,62
768,366154,F,50-65,51
769,366241,M,35-49,33
770,366422,M,35-49,62
771,366974,M,<35,62
772,367391,M,35-49,21
773,367405,M,50-65,50
774,367518,F,35-49,58
775,368080,M,50-65,59
776,368495,M,>65,33
777,368517,M,50-65,58
778,368624,M,35-49,62
779,369391,M,35-49,51
780,369769,M,50-65,21
781,371266,F,50-65,38
782,371498,M,35-49,62
783,371690,M,50-65,33
784,371866,M,50-65,33
785,372212,M,50-65,79
786,372225,M,50-65,06
787,372524,M,50-65,78
788,373276,F,35-49,59
789,373743,M,<35,62
790,374383,M,50-65,59
791,374511,M,35-49,78
792,374604,M,35-49,58
793,374677,M,35-49,62
794,375108,M,50-65,33
795,375519,M,50-65,78
796,375618,M,>65,62
797,376091,F,<35,80
798,376207,F,50-65,59
799,376431,M,50-65,59
800,376752,F,35-49,33
801,376847,M,50-65,33
802,377365,M,35-49,33
803,377445,M,50-65,78
804,377599,M,35-49,79
805,377790,M,50-65,78
806,378650,M,35-49,78
807,378893,M,<35,59
808,379021,M,35-49,06
809,379359,M,50-65,62
810,380236,M,50-65,38
811,380689,M,35-49,62
812,381294,M,35-49,59
813,381310,M,50-65,24
814,381313,M,35-49,33
815,381585,M,50-65,59
816,381774,M,50-65,59
817,381808,M,35-49,78
818,381915,M,35-49,78
819,382117,M,35-49,38
820,382985,M,35-49,78
821,383172,M,50-65,21
822,383464,M,50-65,78
823,383585,M,50-65,78
824,383805,M,50-65,78
825,383912,M,35-49,88
826,384017,F,50-65,06
827,384413,F,35-49,78
828,385979,M,35-49,62
829,386709,M,50-65,38
830,386748,M,35-49,06
831,387239,M,35-49,39
832,387267,M,50-65,62
833,387373,M,35-49,62
834,387532,M,50-65,78
835,387862,M,35-49,59
836,388367,F,35-49,62
837,388716,M,35-49,42
838,388739,M,50-65,33
839,388999,M,35-49,78
840,389285,M,35-49,59
841,389628,M,50-65,21
842,390199,M,50-65,38
843,390217,M,35-49,33
844,390808,M,>65,62
845,390982,M,35-49,62
846,391675,M,50-65,78
847,392504,M,35-49,62
848,392706,M,50-65,78
849,392932,M,50-65,62
850,393314,M,<35,62
851,393980,M,<35,62
852,394135,M,35-49,58
853,394811,M,35-49,58
854,395023,M,35-49,59
855,396088,M,35-49,38
856,398960,M,35-49,59
857,399114,F,35-49,78
858,399356,M,<35,59
859,399682,M,35-49,62
860,400253,M,35-49,38
861,400662,M,50-65,78
862,400788,M,35-49,33
863,401053,M,35-49,59
864,401082,M,50-65,62
865,402886,M,50-65,59
866,403184,M,50-65,62
867,403445,M,<35,59
868,403759,M,35-49,59
869,403828,M,50-65,59
870,404347,M,35-49,62
871,404535,M,<35,80
872,404628,M,35-49,78
873,404674,F,35-49,78
874,404827,M,<35,62
875,406484,M,35-49,33
876,406989,M,50-65,78
877,407030,M,35-49,59
878,407134,M,35-49,62
879,407276,M,35-49,58
880,407466,F,<35,78
881,407912,M,50-65,06
882,408037,F,50-65,59
883,408175,M,35-49,62
884,408382,M,<35,59
885,411679,M,50-65,62
886,411926,M,50-65,59
887,412247,M,35-49,62
888,413192,M,35-49,59
889,415780,M,50-65,58
890,416219,M,50-65,78
891,416657,M,50-65,38
892,416684,M,35-49,21
893,416959,M,35-49,38
894,417564,M,<35,62
895,418129,M,35-49,78
896,418229,M,<35,51
897,419062,M,<35,62
898,419307,M,50-65,33
899,419439,M,50-65,78
900,419470,M,50-65,58
901,419573,F,35-49,33
902,419594,M,35-49,59
903,419983,M,35-49,78
904,420016,M,50-65,78
905,420839,M,50-65,59
906,421796,M,50-65,59
907,422151,M,35-49,59
908,422630,F,50-65,38
909,422933,M,35-49,59
910,423513,F,35-49,62
911,423574,M,35-49,59
912,423611,M,50-65,38
913,423878,M,50-65,38
914,424321,M,35-49,62
915,424857,M,50-65,40
916,424865,M,35-49,62
917,425522,M,35-49,59
918,425686,M,35-49,62
919,425951,M,35-49,78
920,425954,M,35-49,59
921,427096,M,35-49,59
922,427250,M,35-49,59
923,427408,M,35-49,58
924,427662,F,50-65,21
925,428462,M,35-49,59
926,428651,M,35-49,62
927,428793,M,<35,58
928,429092,M,50-65,59
929,429748,M,<35,62
930,429826,M,35-49,33
931,430159,M,50-65,33
932,432122,M,35-49,62
933,432312,M,<35,40
934,432995,M,35-49,06
935,433003,M,<35,59
936,433174,M,35-49,59
937,433359,F,35-49,78
938,434197,M,<35,78
939,434481,M,35-49,21
940,434667,M,>65,38
941,435091,M,35-49,59
942,435733,M,50-65,59
943,436180,F,35-49,33
944,436940,M,50-65,62
945,438169,M,35-49,59
946,438350,F,50-65,59
947,439081,M,>65,06
948,439171,M,35-49,06
949,439252,M,50-65,21
950,440578,M,<35,78
951,441047,M,35-49,06
952,442178,M,35-49,33
953,443377,M,50-65,78
954,443448,F,50-65,38
955,443524,M,50-65,78
956,445147,M,35-49,62
957,445207,M,<35,62
958,445370,M,<35,78
959,445522,M,35-49,59
960,445612,M,>65,62
961,446067,F,35-49,80
962,446165,F,>65,62
963,446308,M,35-49,62
964,446391,M,35-49,21
965,446830,M,35-49,78
966,446878,M,35-49,62
967,446979,M,<35,62
968,447011,M,50-65,59
969,447321,M,35-49,78
970,447717,M,35-49,62
971,448108,M,35-49,59
972,448228,M,50-65,78
973,448392,M,35-49,78
974,448585,M,<35,78
975,448590,M,35-49,38
976,448779,M,<35,78
977,449358,M,50-65,78
978,449488,M,50-65,59
979,449531,M,50-65,80
980,449584,M,35-49,38
981,449925,M,35-49,59
982,450524,M,35-49,78
983,450548,M,35-49,38
984,450648,M,35-49,33
985,450717,F,50-65,06
986,451363,M,35-49,59
987,451658,M,35-49,59
988,451669,M,35-49,62
989,451685,M,35-49,59
990,452774,M,35-49,59
991,452878,M,<35,78
992,453193,M,35-49,59
993,453207,M,35-49,78
994,453449,F,50-65,21
995,453834,M,35-49,38
996,454907,M,50-65,21
997,455008,M,50-65,78
998,455312,M,50-65,59
999,456150,F,35-49,38
1000,456219,M,35-49,21
1001,458098,M,35-49,78
1002,458651,M,35-49,78
1003,458921,M,35-49,38
1004,459345,M,35-49,62
1005,459432,M,50-65,62
1006,460228,M,35-49,62
1007,460608,F,35-49,59
1008,460649,M,>65,59
1009,460884,M,50-65,33
1010,460889,M,<35,38
1011,461473,F,35-49,78
1012,461624,M,35-49,33
1013,462037,M,50-65,78
1014,462236,F,50-65,38
1015,462697,M,50-65,62
1016,462727,M,<35,59
1017,463253,M,35-49,78
1018,463488,M,35-49,59
1019,463550,M,<35,79
1020,463851,M,35-49,88
1021,463903,M,35-49,38
1022,463969,M,<35,62
1023,464243,M,50-65,59
1024,464331,M,50-65,59
1025,464519,M,50-65,78
1026,464558,M,<35,62
1027,464605,M,50-65,62
1028,464753,M,35-49,06
1029,464835,M,<35,33
1030,464842,M,35-49,38
1031,465145,M,35-49,62
1032,465370,M,50-65,33
1033,466075,M,<35,78
1034,466214,M,<35,62
1035,466946,M,50-65,78
1036,467509,F,50-65,21
1037,468467,M,50-65,62
1038,468551,M,50-65,38
1039,468745,M,35-49,58
1040,468749,M,<35,06
1041,468837,M,35-49,78
1042,469049,M,50-65,62
1043,469167,M,35-49,80
1044,469254,M,50-65,78
1045,469896,M,35-49,78
1046,470042,M,35-49,38
1047,470065,M,50-65,59
1048,470752,M,50-65,78
1049,470805,M,35-49,33
1050,471775,M,50-65,78
1051,472493,M,35-49,62
1052,472871,M,35-49,59
1053,473077,M,35-49,59
1054,473263,M,50-65,30
1055,474401,M,<35,62
1056,474598,M,50-65,78
1057,474673,M,35-49,59
1058,475078,M,<35,38
1059,475440,M,50-65,62
1060,475454,M,50-65,33
1061,476702,M,<35,33
1062,477279,M,<35,33
1063,477413,M,35-49,62
1064,477469,F,50-65,78
1065,477565,M,35-49,62
1066,477648,M,35-49,62
1067,477692,M,35-49,78
1068,478530,M,50-65,38
1069,478604,M,35-49,78
1070,478898,M,<35,62
1071,479114,M,50-65,62
1072,479256,M,50-65,51
1073,479753,M,35-49,58
1074,480033,M,35-49,59
1075,480193,M,50-65,62
1076,480255,F,35-49,59
1077,480899,M,35-49,58
1078,481388,M,35-49,62
1079,481424,M,50-65,62
1080,481450,F,<35,33
1081,482313,M,<35,59
1082,482352,M,35-49,78
1083,482649,M,<35,38
1084,483369,M,>65,21
1085,483402,M,<35,78
1086,483533,M,35-49,59
1087,483550,M,<35,21
1088,483791,M,<35,78
1089,484511,F,35-49,62
1090,484879,M,>65,58
1091,484910,M,50-65,59
1092,485052,M,35-49,21
1093,485101,M,35-49,38
1094,485289,M,<35,59
1095,485828,F,<35,38
1096,485938,M,<35,59
1097,486075,M,50-65,21
1098,486524,M,35-49,59
1099,487374,M,50-65,58
1100,487513,M,35-49,78
1101,488496,M,35-49,58
1102,488638,M,<35,38
1103,489993,M,35-49,62
1104,490114,M,50-65,59
1105,490250,F,35-49,62
1106,490737,M,35-49,38
1107,491154,M,35-49,62
1108,492488,M,35-49,62
1109,492536,M,35-49,78
1110,493553,M,35-49,21
1111,493937,M,35-49,59
1112,495371,F,<35,33
1113,495387,M,50-65,78
1114,495544,M,<35,79
1115,496594,F,50-65,33
1116,496602,F,50-65,59
1117,496885,F,35-49,62
1118,497232,M,50-65,62
1119,497772,M,50-65,59
1120,498041,F,35-49,62
1121,498326,M,50-65,39
1122,498529,M,35-49,58
1123,498969,M,<35,78
1124,499303,M,35-49,78
1125,500586,M,50-65,62
1126,500694,M,35-49,38
1127,500716,M,35-49,79
1128,500915,M,50-65,33
1129,501913,M,35-49,78
1130,502104,M,50-65,62
1131,502397,M,35-49,33
1132,502470,M,<35,62
1133,502556,M,35-49,38
1134,502923,M,35-49,59
1135,502974,M,35-49,78
1136,503126,M,35-49,78
1137,503953,M,35-49,59
1138,504538,M,35-49,58
1139,504984,M,50-65,62
1140,505787,M,35-49,59
1141,505859,M,>65,78
1142,506013,M,35-49,62
1143,506588,M,35-49,59
1144,506632,M,35-49,38
1145,507563,M,35-49,59
1146,507835,M,35-49,59
1147,507911,M,35-49,62
1148,508075,M,50-65,62
1149,509007,M,50-65,58
1150,509386,M,50-65,62
1151,510060,M,35-49,62
1152,510669,M,35-49,21
1153,510973,M,35-49,62
1154,511024,M,50-65,62
1155,511129,M,50-65,33
1156,511792,M,35-49,62
1157,512170,M,<35,06
1158,512355,M,35-49,78
1159,512483,M,50-65,62
1160,513037,F,35-49,33
1161,513469,M,35-49,78
1162,513907,M,35-49,33
1163,514478,M,50-65,51
1164,515602,M,<35,78
1165,515788,M,35-49,59
1166,516505,M,<35,51
1167,517461,M,35-49,78
1168,517916,M,35-49,62
1169,518075,M,35-49,78
1170,518130,M,50-65,62
1171,518439,M,35-49,38
1172,518488,M,35-49,59
1173,518892,M,<35,59
1174,518902,M,50-65,78
1175,518911,M,35-49,78
1176,519059,M,50-65,59
1177,519137,M,<35,38
1178,519232,M,35-49,33
1179,519261,M,<35,38
1180,519452,M,50-65,62
1181,519469,M,>65,78
1182,519885,M,35-49,78
1183,519950,M,50-65,62
1184,520939,M,50-65,79
1185,521191,M,50-65,78
1186,521461,M,35-49,78
1187,521837,M,<35,51
1188,522400,F,<35,78
1189,523099,M,35-49,78
1190,523242,M,<35,58
1191,523545,M,35-49,59
1192,523822,M,<35,06
1193,524222,M,35-49,38
1194,524648,M,35-49,59
1195,524910,M,35-49,38
1196,525118,M,50-65,58
1197,525441,F,50-65,33
1198,525481,M,35-49,78
1199,525660,M,<35,33
1200,525806,M,35-49,33
1201,526088,M,50-65,78
1202,526400,M,50-65,59
1203,526488,M,35-49,51
1204,526976,M,35-49,78
1205,527199,M,35-49,59
1206,527677,M,35-49,38
1207,527976,F,50-65,62
1208,528008,M,35-49,59
1209,528165,M,35-49,59
1210,528271,M,35-49,59
1211,528757,M,50-65,06
1212,528821,M,35-49,33
1213,528848,M,<35,38
1214,529492,F,35-49,59
1215,529602,M,35-49,59
1216,529805,M,50-65,78
1217,530055,M,35-49,06
1218,530862,M,<35,62
1219,530944,M,35-49,78
1220,531250,M,<35,38
1221,531554,M,35-49,62
1222,532007,M,<35,62
1223,533587,M,<35,62
1224,533789,M,<35,62
1225,534063,M,50-65,62
1226,534619,M,50-65,38
1227,535243,M,<35,38
1228,535413,M,50-65,78
1229,535690,F,50-65,62
1230,535895,M,<35,33
1231,535916,M,50-65,59
1232,535929,M,50-65,78
1233,536284,F,50-65,78
1234,536669,M,50-65,62
1235,536854,F,35-49,59
1236,537066,F,<35,33
1237,537653,F,<35,62
1238,537872,M,<35,78
1239,537976,M,<35,78
1240,538286,M,35-49,33
1241,538304,F,<35,59
1242,538955,M,50-65,59
1243,539054,M,35-49,78
1244,539324,M,50-65,78
1245,539446,M,<35,38
1246,539572,M,>65,38
1247,539741,M,<35,33
1248,539813,M,35-49,51
1249,540247,M,50-65,78
1250,540798,M,<35,33
1251,541417,M,50-65,59
1252,542513,M,<35,78
1253,542908,M,<35,59
1254,542971,M,50-65,59
1255,543214,M,35-49,59
1256,543430,M,50-65,62
1257,544077,M,<35,62
1258,544206,M,35-49,59
1259,544281,M,35-49,38
1260,544950,M,50-65,62
1261,545944,M,35-49,62
1262,546132,F,35-49,62
1263,546453,M,50-65,62
1264,546628,M,<35,62
1265,546750,M,<35,78
1266,546986,M,35-49,78
1267,547328,M,35-49,78
1268,547482,M,35-49,78
1269,547651,M,50-65,33
1270,548063,M,35-49,33
1271,548690,M,35-49,78
1272,548976,F,<35,62
1273,549038,M,35-49,62
1274,549392,M,50-65,62
1275,549403,M,50-65,78
1276,550293,M,35-49,78
1277,550387,M,35-49,21
1278,550646,M,50-65,78
1279,550676,M,35-49,59
1280,550893,M,35-49,06
1281,551179,M,35-49,33
1282,552027,M,50-65,78
1283,552282,M,<35,62
1284,552824,M,50-65,59
1285,552904,M,35-49,58
1286,553151,M,35-49,78
1287,553463,M,50-65,78
1288,554567,M,50-65,51
1289,554586,M,35-49,51
1290,555013,M,<35,59
1291,555241,F,35-49,58
1292,555398,M,35-49,38
1293,555704,M,>65,62
1294,555714,M,35-49,78
1295,555793,M,35-49,05
1296,555991,F,35-49,62
1297,556024,M,50-65,80
1298,556062,M,<35,62
1299,556676,F,<35,78
1300,557170,M,35-49,62
1301,557270,M,>65,38
1302,557537,M,35-49,59
1303,557636,M,<35,62
1304,558182,M,50-65,58
1305,558424,M,<35,79
1306,558639,M,<35,62
1307,558641,M,<35,62
1308,559009,M,35-49,07
1309,559504,M,<35,58
1310,560139,M,<35,78
1311,560291,M,35-49,38
1312,560369,M,35-49,62
1313,560373,M,50-65,62
1314,560803,F,<35,62
1315,561724,M,<35,78
1316,562031,M,35-49,59
1317,562199,M,35-49,78
1318,562434,M,35-49,06
1319,562758,M,35-49,33
1320,563064,M,35-49,78
1321,563152,F,35-49,21
1322,563386,M,35-49,21
1323,563600,M,35-49,59
1324,563868,M,50-65,59
1325,564534,F,35-49,62
1326,564995,M,<35,59
1327,565366,M,35-49,78
1328,565546,M,35-49,51
1329,565955,M,50-65,78
1330,566225,M,35-49,62
1331,566430,M,50-65,62
1332,567220,M,35-49,59
1333,567223,F,<35,38
1334,567649,M,35-49,78
1335,568132,M,50-65,62
1336,568796,M,50-65,33
1337,569912,M,35-49,59
1338,569977,M,50-65,78
1339,570060,M,<35,62
1340,570299,M,<35,33
1341,570365,M,50-65,59
1342,570723,M,35-49,33
1343,570894,M,35-49,59
1344,571913,M,50-65,51
1345,572285,M,35-49,80
1346,572850,M,50-65,62
1347,574409,M,35-49,38
1348,574634,M,35-49,78
1349,574649,M,35-49,38
1350,574757,M,50-65,78
1351,574979,M,50-65,33
1352,574988,M,<35,38
1353,575287,M,35-49,62
1354,575459,M,50-65,62
1355,575826,M,35-49,78
1356,576380,M,35-49,06
1357,576981,M,35-49,62
1358,578038,M,50-65,06
1359,579194,F,35-49,78
1360,579243,F,35-49,62
1361,579353,M,35-49,78
1362,579539,M,35-49,33
1363,580256,M,35-49,33
1364,580384,M,35-49,62
1365,581042,M,50-65,58
1366,581043,F,35-49,58
1367,581622,M,35-49,62
1368,583156,M,<35,33
1369,584126,M,35-49,38
1370,584167,M,50-65,62
1371,584447,M,50-65,78
1372,584986,M,35-49,78
1373,585369,M,35-49,59
1374,587703,M,<35,62
1375,588268,M,35-49,78
1376,588320,M,35-49,33
1377,588423,M,35-49,79
1378,588437,M,50-65,59
1379,588699,M,50-65,62
1380,589209,M,50-65,62
1381,589322,M,35-49,62
1382,589325,M,35-49,58
1383,589952,M,35-49,62
1384,591465,M,50-65,78
1385,591620,M,<35,58
1386,591832,M,<35,33
1387,592368,F,35-49,21
1388,592510,M,35-49,58
1389,592647,M,<35,78
1390,592916,F,50-65,51
1391,593459,M,35-49,62
1392,593782,M,<35,59
1393,594027,M,35-49,78
1394,594063,M,35-49,78
1395,594535,M,35-49,38
1396,595004,F,35-49,62
1397,595081,M,50-65,59
1398,596052,M,50-65,59
1399,596217,M,50-65,59
1400,596228,M,<35,38
1401,596619,M,<35,78
1402,597001,M,35-49,06
1403,597247,M,35-49,78
1404,597442,M,35-49,59
1405,598520,M,35-49,62
1406,598989,M,35-49,59
1407,599245,M,50-65,78
1408,599279,M,35-49,62
1409,599725,M,35-49,38
1410,599919,M,<35,59
1411,600143,M,50-65,62
1412,600263,M,<35,62
1413,600607,M,50-65,62
1414,600773,M,35-49,78
1415,601588,M,35-49,78
1416,601900,M,50-65,51
1417,601940,M,35-49,62
1418,601992,M,>65,58
1419,602018,M,35-49,07
1420,602293,M,<35,78
1421,602481,M,35-49,38
1422,602580,M,<35,59
1423,602814,M,<35,59
1424,603391,M,50-65,62
1425,604098,M,50-65,59
1426,604772,M,50-65,06
1427,605153,M,35-49,78
1428,605261,M,35-49,33
1429,605523,M,50-65,78
1430,605844,M,35-49,33
1431,606446,M,<35,80
1432,606450,M,50-65,51
1433,606632,M,50-65,59
1434,606879,M,<35,59
1435,606922,M,35-49,78
1436,607089,M,35-49,06
1437,607223,M,<35,78
1438,607784,M,35-49,59
1439,608228,M,<35,38
1440,608795,F,35-49,62
1441,609205,M,<35,78
1442,609478,M,35-49,58
1443,610037,F,35-49,59
1444,610249,M,35-49,78
1445,610365,M,50-65,59
1446,611397,M,35-49,59
1447,611456,M,50-65,78
1448,612824,M,<35,59
1449,614578,M,35-49,59
1450,614909,M,50-65,59
1451,615217,M,35-49,62
1452,615241,F,35-49,59
1453,615570,M,35-49,62
1454,615790,F,50-65,79
1455,615811,F,50-65,38
1456,616081,M,<35,78
1457,616225,M,35-49,59
1458,616565,M,35-49,59
1459,616689,M,35-49,59
1460,616924,M,50-65,78
1461,618835,F,50-65,59
1462,618866,M,<35,21
1463,619437,M,35-49,78
1464,619463,M,<35,59
1465,619574,M,35-49,62
1466,620005,M,35-49,79
1467,620532,M,<35,59
1468,621843,M,50-65,62
1469,622174,M,50-65,06
1470,622586,M,35-49,78
1471,623370,M,50-65,38
1472,623440,M,35-49,62
1473,623517,F,35-49,62
1474,624033,M,35-49,62
1475,624367,M,35-49,59
1476,624519,M,<35,59
1477,625131,M,<35,58
1478,625483,M,<35,38
1479,625943,M,35-49,51
1480,626070,M,35-49,59
1481,626162,M,<35,59
1482,626293,M,<35,59
1483,626335,M,35-49,80
1484,628778,M,50-65,51
1485,631244,M,50-65,38
1486,634282,M,50-65,59
1487,638210,M,35-49,62
1488,647988,M,35-49,59
1489,653292,M,35-49,62
1490,657916,M,35-49,06
1491,658355,M,50-65,59
1492,662972,M,50-65,78
1493,663763,M,50-65,51
1494,663848,M,35-49,59
1495,668724,M,35-49,51
1496,674245,M,35-49,59
1497,675569,M,35-49,38
1498,681522,M,50-65,59
1499,681566,M,<35,78
1500,684785,M,35-49,51
1501,685619,M,35-49,21
1502,697228,M,<35,78
1503,697825,M,35-49,58
1504,698889,M,35-49,62
1505,699477,M,35-49,62
1506,699965,F,35-49,62
1507,700038,F,35-49,62
1508,700863,M,50-65,62
1509,703617,M,<35,38
1510,703679,M,35-49,62
1511,704816,M,<35,79
1512,709409,M,35-49,80
1513,711341,M,<35,78
1514,715147,M,50-65,78
1515,716095,M,<35,59
1516,716869,M,<35,78
1517,717186,M,<35,51
1518,717621,M,50-65,38
1519,719194,M,<35,59
1520,719340,M,50-65,78
1521,719763,M,35-49,78
1522,721265,M,50-65,07
1523,723771,M,35-49,51
1524,724230,M,50-65,78
1525,725406,M,50-65,59
1526,729727,M,35-49,62
1527,731074,M,50-65,78
1528,731930,M,35-49,59
1529,732714,M,35-49,06
1530,733528,F,50-65,78
1531,734723,M,35-49,59
1532,734827,F,50-65,62
1533,735561,M,35-49,78
1534,738412,M,<35,78
1535,738639,M,35-49,62
1536,738892,M,>65,59
1537,739512,F,35-49,59
1538,739860,M,<35,59
1539,740276,M,50-65,59
1540,741223,M,35-49,79
1541,741468,M,35-49,78
1542,741648,M,<35,59
1543,742006,M,35-49,33
1544,743028,M,<35,80
1545,745257,M,<35,78
1546,745339,M,35-49,59
1547,745508,M,50-65,78
1548,746930,M,35-49,62
1549,747609,M,50-65,78
1550,748294,M,35-49,06
1551,748914,M,35-49,58
1552,749038,M,50-65,59
1553,749466,M,50-65,38
1554,749724,M,35-49,78
1555,749773,M,35-49,78
1556,750189,M,35-49,59
1557,751399,F,35-49,78
1558,751640,M,35-49,59
1559,752203,M,35-49,78
1560,752568,M,50-65,78
1561,752912,M,50-65,59
1562,753456,M,35-49,78
1563,754685,M,35-49,78
1564,756073,M,35-49,33
1565,756204,M,35-49,33
1566,756427,F,35-49,38
1567,756591,M,50-65,78
1568,756621,M,35-49,78
1569,756895,M,35-49,33
1570,758123,M,<35,38
1571,758197,M,35-49,62
1572,758478,M,35-49,59
1573,758594,M,35-49,78
1574,758819,F,35-49,38
1575,759495,M,50-65,62
1576,760240,M,35-49,59
1577,761277,M,<35,78
1578,761697,M,50-65,59
1579,762412,M,35-49,06
1580,764009,M,35-49,59
1581,764487,M,50-65,62
1582,765564,M,50-65,62
1583,765800,M,35-49,78
1584,768034,M,50-65,59
1585,769023,M,<35,78
1586,770844,M,50-65,51
1587,772088,F,35-49,78
1588,772616,M,<35,59
1589,773468,F,50-65,62
1590,773493,M,35-49,38
1591,773804,F,35-49,78
1592,775182,M,<35,59
1593,776007,M,<35,78
1594,776247,M,50-65,78
1595,778466,M,35-49,62
1596,778698,M,35-49,62
1597,779784,M,35-49,38
1598,780125,M,35-49,21
1599,780709,M,50-65,62
1600,783906,M,<35,59
1601,787610,M,50-65,62
1602,789167,M,50-65,59
1603,791569,M,35-49,59
1604,794248,M,35-49,78
1605,794611,M,35-49,62
1606,794675,M,35-49,06
1607,794721,M,35-49,62
1608,796188,F,50-65,06
1609,796552,M,50-65,33
1610,797398,M,35-49,33
1611,797618,M,50-65,33
1612,798464,M,35-49,59
1613,798831,M,50-65,78
1614,798943,M,50-65,21
1615,801007,M,35-49,38
1616,802670,M,50-65,51
1617,804391,M,50-65,78
1618,804528,M,50-65,78
1619,804991,M,50-65,39
1620,805158,M,50-65,38
1621,805459,M,35-49,33
1622,807708,M,50-65,78
1623,808622,M,>65,06
1624,808909,M,50-65,33
1625,809954,M,>65,21
1626,814206,M,50-65,33
1627,815181,M,50-65,59
1628,815881,M,>65,78
1629,817038,M,50-65,62
1630,818420,F,50-65,58
1631,818643,M,50-65,62
1632,819522,M,50-65,06
1633,821001,M,50-65,33
1634,822265,M,50-65,06
1635,822437,M,50-65,62
1636,824931,M,35-49,33
1637,825311,M,50-65,78
1638,827072,M,<35,78
1639,827344,M,35-49,33
1640,828612,M,35-49,78
1641,830520,F,<35,59
1642,831250,F,50-65,06
1643,832102,M,35-49,59
1644,832733,F,35-49,78
1645,833102,M,35-49,38
1646,833255,F,50-65,62
1647,834134,M,35-49,78
1648,835212,M,35-49,59
1649,836821,M,35-49,51
1650,837001,M,35-49,59
1651,837831,M,35-49,78
1652,838066,M,<35,62
1653,838190,M,35-49,59
1654,838612,M,50-65,33
1655,839184,M,<35,62
1656,839662,M,50-65,59
1657,840790,M,50-65,59
1658,841816,M,50-65,59
1659,842170,M,>65,38
1660,842240,M,50-65,78
1661,842314,M,50-65,78
1662,842941,M,50-65,59
1663,844047,M,50-65,62
1664,844279,M,35-49,62
1665,845238,M,35-49,62
1666,846545,M,<35,38
1667,847693,M,50-65,78
1668,849181,M,35-49,59
1669,849812,M,35-49,78
1670,849882,M,<35,59
1671,852509,M,50-65,59
1672,860385,M,<35,59
1673,863202,M,50-65,33
1674,863491,F,50-65,62
1675,863647,M,35-49,59
1676,863705,M,50-65,38
1677,864534,M,<35,38
1678,864992,M,50-65,62
1679,865207,M,35-49,06
1680,865852,M,35-49,80
1681,865871,M,<35,62
1682,866133,M,50-65,38
1683,866185,M,50-65,59
1684,866385,M,50-65,59
1685,866455,F,35-49,59
1686,866605,M,35-49,62
1687,866805,M,<35,51
1688,867332,M,35-49,62
1689,867553,M,50-65,59
1690,867719,M,35-49,78
1691,867960,M,35-49,79
1692,868830,M,<35,38
1693,869320,F,50-65,59
1694,869888,M,<35,78
1695,870293,M,<35,33
1696,871314,M,<35,33
1697,872009,M,35-49,38
1698,872909,F,<35,78
1699,872921,F,50-65,58
1700,872971,F,<35,59
1701,873625,M,<35,78
1702,873712,M,35-49,62
1703,874128,M,35-49,79
1704,875691,M,50-65,59
1705,876531,M,35-49,62
1706,877676,M,35-49,62
1707,878894,M,<35,62
1708,879040,M,50-65,59
1709,879068,M,35-49,62
1710,879125,M,35-49,33
1711,879166,M,35-49,59
1712,879507,M,35-49,59
1713,879726,M,35-49,62
1714,880018,M,35-49,62
1715,880558,M,35-49,59
1716,880747,F,35-49,78
1717,881389,M,35-49,62
1718,881754,M,50-65,80
1719,882992,F,35-49,78
1720,883978,M,<35,51
1721,884176,M,35-49,62
1722,884245,M,35-49,78
1723,884542,M,35-49,59
1724,884749,M,35-49,62
1725,885828,M,35-49,59
1726,886050,M,50-65,78
1727,886876,M,<35,78
1728,887722,M,35-49,78
1729,888404,M,50-65,39
1730,889372,F,35-49,59
1731,890216,M,35-49,78
1732,890276,M,35-49,78
1733,890351,M,50-65,33
1734,892083,M,35-49,62
1735,892098,M,35-49,58
1736,892554,M,50-65,79
1737,893116,M,<35,59
1738,893132,M,<35,33
1739,893758,M,<35,78
1740,894695,M,35-49,33
1741,896048,M,35-49,62
1742,896260,M,35-49,62
1743,896272,M,50-65,59
1744,897079,M,50-65,78
1745,897112,M,<35,38
1746,897154,M,35-49,78
1747,897326,M,35-49,58
1748,897826,M,>65,06
1749,898413,M,<35,59
1750,898484,M,50-65,62
1751,899017,F,35-49,33
1752,899152,M,>65,21
1753,899788,M,35-49,06
1754,899949,M,<35,38
1755,901480,M,35-49,59
1756,902624,M,35-49,79
1757,903051,M,<35,62
1758,903640,M,<35,59
1759,904633,M,<35,59
1760,904772,M,35-49,59
1761,905059,M,50-65,78
1762,905482,M,<35,59
1763,906631,M,50-65,59
1764,906775,M,50-65,38
1765,907465,M,35-49,59
1766,908076,M,35-49,78
1767,908504,M,50-65,78
1768,910897,M,35-49,79
1769,911475,M,35-49,06
1770,911734,M,50-65,38
1771,911887,M,35-49,62
1772,913872,M,35-49,59
1773,913899,M,50-65,38
1774,913998,M,35-49,79
1775,915181,M,50-65,59
1776,915275,M,50-65,59
1777,915453,M,50-65,58
1778,915947,M,35-49,38
1779,917073,F,35-49,06
1780,918260,M,50-65,78
1781,918416,M,<35,78
1782,918855,M,35-49,38
1783,918922,M,35-49,27
1784,919805,M,50-65,59
1785,922085,M,35-49,62
1786,922122,M,50-65,06
1787,922214,M,35-49,33
1788,923740,M,35-49,62
1789,923982,M,50-65,38
1790,924203,F,50-65,51
1791,924214,M,<35,79
1792,924231,M,35-49,06
1793,924447,M,50-65,59
1794,924491,M,35-49,59
1795,924671,M,35-49,59
1796,926491,M,50-65,59
1797,927319,M,35-49,33
1798,928931,M,35-49,62
1799,929267,M,50-65,78
1800,929431,M,35-49,58
1801,930297,M,35-49,78
1802,930308,M,35-49,51
1803,932279,M,35-49,59
1804,932389,M,35-49,78
1805,934189,M,35-49,80
1806,934392,M,35-49,78
1807,934545,M,50-65,79
1808,935817,F,35-49,62
1809,936731,M,35-49,21
1810,939722,F,<35,62
1811,939835,M,35-49,38
1812,940391,M,<35,62
1813,941247,M,35-49,06
1814,942179,F,35-49,62
1815,943482,M,35-49,59
1816,945563,M,50-65,59
1817,946107,M,<35,58
1818,946440,M,35-49,59
1819,949285,M,35-49,38
1820,949782,M,35-49,62
1821,949836,F,35-49,78
1822,950781,M,<35,59
1823,951912,M,35-49,06
1824,952141,M,35-49,62
1825,952954,M,35-49,59
1826,953088,M,50-65,59
1827,953867,F,50-65,78
1828,953991,M,35-49,33
1829,954307,M,35-49,78
1830,955102,M,50-65,62
1831,955120,M,50-65,58
1832,955263,M,<35,78
1833,955533,M,35-49,62
1834,956000,M,35-49,62
1835,956307,M,35-49,62
1836,956320,M,35-49,59
1837,956341,M,50-65,78
1838,956580,F,<35,78
1839,956686,F,35-49,38
1840,956935,M,35-49,78
1841,956992,F,35-49,33
1842,957469,M,35-49,59
1843,957568,M,50-65,38
1844,957813,M,<35,11
1845,960713,M,50-65,62
1846,961337,F,35-49,80
1847,961444,M,<35,59
1848,961949,M,<35,78
1849,963585,M,<35,62
1850,963615,M,50-65,78
1851,963812,F,50-65,33
1852,964075,M,50-65,33
1853,964485,M,<35,51
1854,964899,M,50-65,78
1855,964919,M,35-49,21
1856,964983,M,35-49,62
1857,965172,M,<35,78
1858,965400,M,35-49,33
1859,965663,M,35-49,06
1860,966233,M,50-65,78
1861,967612,M,35-49,78
1862,969099,M,<35,78
1863,969236,M,35-49,59
1864,969405,F,<35,38
1865,970021,M,<35,38
1866,970438,M,50-65,59
1867,970562,F,<35,62
1868,971686,M,<35,78
1869,971894,M,35-49,78
1870,973075,M,50-65,59
1871,974536,M,35-49,58
1872,975486,M,35-49,59
1873,975791,F,<35,62
1874,975853,M,50-65,59
1875,976717,M,35-49,59
1876,977224,M,35-49,59
1877,978356,F,<35,78
1878,979326,F,35-49,78
1879,979782,M,<35,62
1880,981371,M,35-49,38
1881,983577,M,50-65,59
1882,984430,M,35-49,78
1883,984551,M,35-49,62
1884,985590,M,<35,38
1885,986410,M,35-49,59
1886,987648,M,<35,78
1887,987750,M,<35,78
1888,987792,M,<35,59
1889,988004,M,35-49,62
1890,988692,M,35-49,59
1891,988971,M,35-49,58
1892,989025,M,<35,78
1893,989745,M,35-49,38
1894,990538,M,<35,78
1895,991528,M,35-49,59
1896,992130,M,50-65,78
1897,992235,M,50-65,62
1898,992699,M,<35,62
1899,993844,M,<35,78
1900,994004,M,<35,62
1901,995076,M,<35,62
1902,995311,M,35-49,58
1903,995860,M,>65,07
1904,996363,M,35-49,51
1905,996421,M,<35,38
1906,996454,M,50-65,59
1907,996790,M,<35,78
1908,997163,M,50-65,38
1909,997283,M,35-49,59
1910,998545,M,35-49,59
1911,999584,M,50-65,78
1912,999796,M,35-49,59
1913,1000572,M,35-49,59
1914,1001471,M,35-49,33
1915,1001837,M,50-65,59
1916,1003499,M,<35,78
1917,1005767,M,50-65,38
1918,1005776,M,<35,07
1919,1007307,F,<35,33
1920,1007975,M,35-49,78
1921,1008376,M,<35,78
1922,1008413,M,35-49,78
1923,1009010,M,<35,59
1924,1010656,F,35-49,62
1925,1011380,F,50-65,21
1926,1014033,M,50-65,78
1927,1014685,M,<35,78
1928,1014944,M,50-65,06
1929,1014979,M,<35,78
1930,1015043,M,<35,78
1931,1015214,M,35-49,59
1932,1015386,F,35-49,06
1933,1015959,M,35-49,38
1934,1016700,M,35-49,62
1935,1017280,F,<35,59
1936,1019250,M,35-49,78
1937,1019603,M,35-49,59
1938,1022103,F,35-49,78
1939,1022740,M,50-65,33
1940,1023595,M,50-65,38
1941,1025269,M,35-49,58
1942,1026225,M,35-49,78
1943,1026496,M,<35,59
1944,1027170,M,35-49,59
1945,1027704,M,>65,59
1946,1027715,M,<35,78
1947,1028470,M,<35,59
1948,1029030,M,50-65,59
1949,1029318,M,<35,38
1950,1029970,M,35-49,59
1951,1030310,M,35-49,78
1952,1030391,M,<35,06
1953,1030936,M,50-65,58
1954,1031280,M,35-49,59
1955,1031553,M,35-49,59
1956,1031992,M,35-49,38
1957,1032002,M,35-49,59
1958,1033497,M,50-65,78
1959,1034014,M,50-65,78
1960,1034465,F,35-49,62
1961,1034610,F,35-49,62
1962,1034683,M,<35,59
1963,1034783,M,35-49,78
1964,1035023,M,<35,62
1965,1035774,M,<35,58
1966,1036212,M,35-49,62
1967,1036452,M,35-49,78
1968,1036736,M,35-49,78
1969,1036807,M,<35,33
1970,1037646,M,<35,78
1971,1038520,M,<35,78
1972,1039249,M,35-49,33
1973,1039714,M,50-65,59
1974,1039853,F,35-49,62
1975,1040091,M,50-65,59
1976,1041551,M,35-49,59
1977,1042707,M,35-49,59
1978,1042827,M,35-49,59
1979,1043027,M,35-49,78
1980,1043083,M,<35,59
1981,1043765,M,35-49,78
1982,1043904,F,<35,78
1983,1044348,F,35-49,62
1984,1044582,M,35-49,78
1985,1044697,F,35-49,59
1986,1045083,M,<35,59
1987,1045705,M,50-65,78
1988,1046200,M,<35,38
1989,1047109,M,<35,62
1990,1047955,M,<35,78
1991,1048011,M,35-49,78
1992,1048291,F,50-65,38
1993,1048305,M,35-49,59
1994,1050325,F,35-49,59
1995,1050603,M,35-49,59
1996,1052000,M,35-49,59
1997,1052503,M,<35,78
1998,1052919,M,>65,33
1999,1053208,M,50-65,59
2000,1053405,M,<35,79
2001,1053473,M,35-49,51
2002,1053562,M,35-49,78
2003,1054709,M,<35,62
2004,1054887,M,<35,78
2005,1055071,M,50-65,58
2006,1055101,M,<35,06
2007,1055722,M,35-49,38
2008,1056892,M,35-49,62
2009,1057307,M,35-49,78
2010,1057456,M,35-49,59
2011,1057511,M,50-65,62
2012,1057667,M,<35,78
2013,1058036,M,<35,59
2014,1058185,M,35-49,38
2015,1058415,M,35-49,78
2016,1058591,M,50-65,59
2017,1058945,M,<35,62
2018,1059343,M,35-49,78
2019,1059459,M,50-65,38
2020,1059674,M,35-49,59
2021,1059954,M,<35,78
2022,1060604,F,<35,78
2023,1060608,M,<35,78
2024,1061200,M,<35,59
2025,1061637,M,<35,59
2026,1062047,M,<35,62
2027,1062264,F,50-65,58
2028,1062941,M,35-49,80
2029,1063143,M,50-65,59
2030,1063883,M,<35,38
2031,1065028,M,50-65,59
2032,1065517,M,50-65,62
2033,1066192,M,<35,38
2034,1066512,M,50-65,78
2035,1066625,M,35-49,33
2036,1066859,M,<35,78
2037,1067131,F,<35,78
2038,1068315,M,35-49,59
2039,1068613,M,35-49,59
2040,1068889,M,<35,59
2041,1069182,M,50-65,51
2042,1069245,M,50-65,62
2043,1070069,M,<35,07
2044,1070412,M,<35,62
2045,1070513,M,50-65,59
2046,1071032,F,35-49,59
2047,1074445,M,<35,06
2048,1077913,F,<35,62
2049,1079464,M,35-49,59
2050,1080244,M,35-49,62
2051,1080578,M,<35,33
2052,1082060,M,35-49,59
2053,1082751,M,35-49,78
2054,1083396,M,35-49,59
2055,1083441,M,35-49,78
2056,1084492,M,<35,78
2057,1085088,M,35-49,62
2058,1086500,M,35-49,06
2059,1086750,M,35-49,59
2060,1087105,M,<35,38
2061,1087572,M,35-49,78
2062,1088554,M,35-49,79
2063,1088671,M,<35,06
2064,1089040,M,35-49,59
2065,1089824,M,<35,58
2066,1089901,M,<35,06
2067,1089932,M,<35,78
2068,1092210,M,35-49,59
2069,1093004,M,50-65,78
2070,1095891,M,35-49,59
2071,1098635,F,<35,59
2072,1098732,M,35-49,78
2073,1099079,M,35-49,59
2074,1099716,F,35-49,59
2075,1104666,M,<35,06
2076,1105240,M,<35,62
2077,1106966,M,50-65,59
2078,1108055,M,<35,78
2079,1112122,M,35-49,78
