,CUST_ID,SEX,AGE,DEPARTEMENT
0,107030,M,35-49,59
1,108938,M,50-65,59
2,110899,M,35-49,59
3,114666,M,35-49,59
4,118478,M,50-65,59
5,123777,M,50-65,59
6,127760,M,50-65,78
7,127790,M,50-65,59
8,133070,M,50-65,62
9,133892,M,50-65,59
10,149963,M,50-65,59
11,156634,M,35-49,62
12,167694,F,50-65,59
13,169564,M,50-65,62
14,171222,M,50-65,62
15,187833,M,50-65,59
16,199984,M,50-65,59
17,205109,M,50-65,62
18,216255,F,50-65,78
19,235297,M,50-65,59
20,235462,M,35-49,59
21,241017,M,35-49,78
22,244827,M,35-49,59
23,251568,M,>65,59
24,263913,M,50-65,78
25,263990,F,50-65,78
26,270220,M,50-65,59
27,275782,M,50-65,59
28,278763,M,50-65,78
29,281283,M,<35,78
30,290794,M,50-65,78
31,292347,M,35-49,59
32,294115,M,35-49,78
33,305678,M,50-65,62
34,309153,M,50-65,59
35,314647,M,<35,59
36,322520,M,35-49,59
37,329014,M,50-65,62
38,336730,M,35-49,62
39,348255,M,50-65,78
40,351686,M,35-49,59
41,363692,M,50-65,78
42,364658,M,35-49,78
43,368080,M,50-65,59
44,370988,M,35-49,59
45,372970,M,<35,59
46,376091,F,<35,80
47,380150,M,50-65,78
48,400722,M,50-65,78
49,403445,M,<35,59
50,415279,M,50-65,59
51,416219,M,50-65,78
52,421070,M,50-65,78
53,421137,M,35-49,59
54,425954,M,35-49,59
55,427096,M,35-49,59
56,427250,M,35-49,59
57,428202,M,50-65,78
58,432305,M,35-49,59
59,438350,F,50-65,59
60,451363,M,35-49,59
61,456892,M,35-49,78
62,460228,M,35-49,62
63,464331,M,50-65,59
64,468837,M,35-49,78
65,469829,M,50-65,78
66,471775,M,50-65,78
67,483533,M,35-49,59
68,489055,M,50-65,78
69,490024,M,50-65,78
70,505859,M,>65,78
71,508618,M,<35,78
72,516496,M,<35,78
73,518902,M,50-65,78
74,519469,M,>65,78
75,519885,M,35-49,78
76,519887,M,50-65,78
77,521885,M,50-65,78
78,521982,M,35-49,59
79,523545,M,35-49,59
80,526400,M,50-65,59
81,528367,M,35-49,59
82,528700,M,50-65,78
83,535929,M,50-65,78
84,536334,M,50-65,78
85,540247,M,50-65,78
86,542073,M,50-65,78
87,542084,M,35-49,07
88,545984,M,35-49,78
89,548624,M,50-65,78
90,552846,M,<35,62
91,552972,M,50-65,78
92,553832,M,35-49,78
93,554673,M,<35,59
94,555714,M,35-49,78
95,556301,M,50-65,78
96,563837,M,35-49,78
97,565366,M,35-49,78
98,567971,M,35-49,59
99,574634,M,35-49,78
100,576327,M,35-49,78
101,578639,M,35-49,78
102,584447,M,50-65,78
103,585878,F,35-49,78
104,588437,M,50-65,59
105,594666,M,50-65,59
106,600388,M,35-49,59
107,602580,M,<35,59
108,602649,M,<35,78
109,604098,M,50-65,59
110,607784,M,35-49,59
111,610037,F,35-49,59
112,610249,M,35-49,78
113,612824,M,<35,59
114,614220,M,<35,78
115,616225,M,35-49,59
116,616689,M,35-49,59
117,619437,M,35-49,78
118,622013,M,35-49,59
119,622027,M,35-49,78
120,681522,M,50-65,59
121,715341,M,50-65,78
122,719763,M,35-49,78
123,734723,M,35-49,59
124,735292,M,<35,78
125,739860,M,<35,59
126,746930,M,35-49,62
127,749038,M,50-65,59
128,749414,M,35-49,78
129,751356,M,35-49,78
130,751640,M,35-49,59
131,752568,M,50-65,78
132,754685,M,35-49,78
133,754772,M,<35,78
134,754776,M,35-49,78
135,758594,M,35-49,78
136,761107,M,<35,78
137,772088,F,35-49,78
138,779524,M,35-49,59
139,786504,M,35-49,59
140,828469,M,35-49,59
141,838190,M,35-49,59
142,840055,M,35-49,78
143,842240,M,50-65,78
144,842314,M,50-65,78
145,849340,F,35-49,62
146,849812,M,35-49,78
147,860435,M,35-49,59
148,863993,M,35-49,78
149,865290,M,50-65,59
150,867332,M,35-49,62
151,872971,F,<35,59
152,902696,M,35-49,78
153,903640,M,<35,59
154,908778,M,50-65,78
155,911614,M,35-49,78
156,911665,M,<35,78
157,913363,M,50-65,42
158,913872,M,35-49,59
159,915181,M,50-65,59
160,916245,M,35-49,78
161,957240,M,35-49,78
162,957469,M,35-49,59
163,958765,M,35-49,59
164,963615,M,50-65,78
165,964774,M,<35,78
166,965330,M,50-65,78
167,971440,M,35-49,59
168,971686,M,<35,78
169,971894,M,35-49,78
170,972937,M,<35,78
171,975522,M,35-49,78
172,979705,M,<35,59
173,984430,M,35-49,78
174,988692,M,35-49,59
175,989025,M,<35,78
176,993844,M,<35,78
177,994504,M,<35,78
178,995513,M,35-49,78
179,995860,M,>65,07
180,998545,M,35-49,59
181,999796,M,35-49,59
182,1001550,M,50-65,78
183,1007975,M,35-49,78
184,1008376,M,<35,78
185,1014685,M,<35,78
186,1015043,M,<35,78
187,1034094,M,35-49,78
188,1036452,M,35-49,78
189,1037646,M,<35,78
190,1040091,M,50-65,59
191,1042827,M,35-49,59
192,1043402,M,35-49,78
193,1045120,M,50-65,78
194,1045705,M,50-65,78
195,1047955,M,<35,78
196,1048011,M,35-49,78
197,1054006,M,<35,78
198,1058591,M,50-65,59
199,1060608,M,<35,78
200,1061637,M,<35,59
201,1071032,F,35-49,59
202,1082751,M,35-49,78
203,1095891,M,35-49,59
204,1097861,M,35-49,78
205,1103098,M,<35,59
206,1113856,M,50-65,78
207,1152434,M,35-49,59
208,1155422,F,35-49,59
209,1162193,M,50-65,59
210,1163180,M,<35,78
211,1163691,M,35-49,59
212,1166148,M,<35,62
213,1167207,M,35-49,59
214,1167617,M,50-65,59
215,1168767,M,35-49,59
216,1171502,M,<35,78
217,1171591,M,50-65,59
218,1173969,M,<35,59
219,1179263,M,<35,59
220,1179385,M,<35,78
221,1180366,M,35-49,59
222,1180756,M,35-49,59
223,1196697,M,<35,59
224,1198352,M,35-49,59
225,1205586,M,<35,62
226,1206265,M,35-49,80
227,1221607,M,50-65,59
228,1236675,M,<35,59
229,1237802,M,35-49,59
