source,target,user_id
0,46,1027715
0,47,346289
0,95,346289
3,48,"1198352,612824,107030,235297"
4,47,346289
4,48,"1198352,612824,235297"
4,95,346289
5,45,"1171591,1095891,1163691,739860,244827"
5,47,"1171591,1095891,1163691,739860,244827"
5,48,"1171591,1095891,616689,1198352,1163691,612824,903640,739860,127790,1166148,156634,957469,1180756,244827,603391,1205586,1168767,746930,368080,607784,235297,270220,114666"
5,49,"1171591,1095891,1163691,739860,244827"
5,83,"616689,603391"
5,84,"616689,603391"
5,95,"616689,603391"
6,48,"1198352,612824,235297"
22,59,995860
22,68,995860
22,69,"995860,1082751,1179263"
22,85,1082751
22,86,1082751
22,89,"1082751,1179263"
22,90,995860
25,59,988692
25,68,988692
25,69,"988692,1179263"
25,89,"998545,1179263"
25,94,988692
27,69,1082751
27,85,1082751
27,86,"531053,1082751"
27,89,"531053,1082751"
28,47,346289
28,75,305678
28,95,346289
36,59,555714
36,86,531053
36,89,531053
39,59,988692
39,68,988692
39,69,988692
39,94,988692
40,46,470752
40,67,348948
41,69,"1014685,1082751"
41,79,1014685
41,85,"1014685,1082751"
41,86,1082751
41,89,1082751
43,75,176862
0,101,591109
0,104,"188588,609497,591109"
0,105,591109
0,106,591109
1,103,278491
1,124,171799
1,129,873625
2,107,897112
5,108,403445
5,109,403445
5,110,"751640,427096,292347,187833,464331,602580,403445"
7,116,1215438
17,103,410397
21,129,"184841,873625"
27,133,1007975
35,107,1105168
35,129,873625
38,103,410397
38,146,179988
41,133,1007975
45,110,"739860,1171591,118478,1095891"
46,117,193333
47,110,"739860,1171591,118478,1095891"
48,108,"957469,108938"
48,109,957469
48,110,"739860,957469,607784,1171591,483533,118478,1095891,616689,133892,421137,1198352,235297,127790,205109,1166148,1205586,1167207,1168767,460228,612824,156634,114666"
49,110,"739860,1171591,118478,1095891"
50,114,372038
50,143,361281
50,144,480373
51,107,315579
57,114,372038
58,114,372038
58,125,401551
59,130,988692
59,148,988692
60,143,361281
61,143,361281
68,130,988692
68,148,988692
69,130,"988692,1082751,1014685"
69,133,1014685
69,134,1014685
69,139,1036452
69,148,988692
73,101,599279
74,125,401551
75,114,372038
75,125,401551
76,114,372038
76,125,401551
79,130,1014685
79,133,1014685
79,134,1014685
79,139,1036452
80,145,680791
80,149,680791
83,110,"616689,205109"
84,110,"616689,205109"
85,130,"1082751,1014685"
85,133,"574634,1014685"
85,134,1014685
86,130,1082751
89,130,1082751
89,148,998545
94,130,988692
94,148,988692
95,110,616689
96,144,480373
98,107,315579
99,107,315579
100,140,535929
0,152,447321
1,171,1019603
5,158,552846
7,170,120286
9,164,546857
9,196,280966
10,156,475803
11,164,546857
12,163,211111
19,152,447321
20,170,120286
28,187,624828
31,156,400788
31,173,400788
31,174,400788
37,187,624828
45,155,244827
46,159,487798
47,155,244827
48,155,244827
48,158,"603391,999796"
48,161,603391
48,172,903640
48,177,903640
49,155,244827
50,180,454219
58,180,344157
58,181,477520
59,169,995860
67,164,961949
68,169,995860
69,169,995860
75,180,344157
75,181,477520
76,180,344157
76,181,477520
83,158,603391
83,161,603391
84,158,603391
84,161,603391
86,184,"531053,1162191"
89,184,531053
90,169,995860
91,159,869865
92,183,963615
95,158,603391
95,161,603391
96,156,881500
96,181,477520
98,183,963615
100,183,521885
100,197,521885
101,159,173319
108,158,108938
108,172,957469
108,177,957469
108,189,403445
109,172,957469
109,177,957469
109,189,403445
110,158,"607784,1171591,118478,1095891,127790,205109,1166148,460228,156634,114666"
110,161,"133892,421137"
110,172,"957469,187833"
110,177,957469
110,189,"205109,403445"
115,159,173319
116,159,173319
130,169,"1082751,1014685"
130,184,1082751
133,169,1014685
134,169,1014685
146,154,179988
146,160,179988
2,202,281256
10,216,527677
18,226,864313
21,216,527677
28,226,864313
31,222,836821
38,226,864313
46,201,500694
46,224,470752
47,206,1061637
48,206,"127760,270220,368080"
52,211,369391
52,212,542397
55,207,528757
55,219,528757
59,217,555714
71,211,369391
83,206,127760
84,206,127760
91,207,528757
91,219,528757
101,228,878894
102,200,105649
103,208,500915
104,201,508797
107,202,897112
110,206,"483533,616689,235297,1167207"
112,201,485421
112,211,485421
112,212,485421
113,200,343449
114,201,825168
117,213,463253
117,215,463253
120,213,463253
120,215,463253
129,216,184841
130,229,"988692,1058591"
132,200,625091
132,207,625091
132,208,625091
133,217,1007975
136,216,716095
136,222,"563868,716095"
141,226,153534
148,223,998545
148,229,"988692,998545"
152,201,426511
155,206,244827
158,206,"118478,999796,108938"
158,210,"205109,552846"
161,206,133892
161,210,"133892,421137"
165,211,1163690
169,217,1082751
169,221,1014685
169,223,1082751
172,225,187833
184,217,1082751
184,223,1082751
184,230,531053
189,206,403445
189,210,205109
1,256,339445
2,235,606450
4,269,308992
11,249,364804
15,231,460889
29,261,195200
45,241,1163691
46,260,237374
47,241,1163691
48,241,"1180756,427250,1163691"
49,241,1163691
51,232,132253
51,233,132253
51,235,"132253,732484"
51,236,132253
53,249,835212
55,243,301402
57,248,498529
93,262,556301
96,256,339428
96,257,339428
102,233,164593
104,232,450524
110,231,329014
110,241,"739860,751640,1198352,1168767,464331,612824,425954"
110,268,329014
110,269,329014
129,265,873625
139,253,761107
143,256,511024
147,252,897154
152,231,545865
152,232,545865
152,234,273864
157,233,455312
157,251,455312
158,231,127790
158,241,"607784,1171591,1095891,127790"
158,243,156634
159,234,869865
172,241,"957469,903640"
174,257,1061200
177,241,"957469,903640"
180,256,344157
180,261,454219
181,249,477520
183,255,294115
183,262,294115
183,263,294115
183,273,963615
206,241,"244827,483533,133892,1061637,235297,1237802,1167207,108938,403445"
210,241,"133892,421137"
217,253,1082751
217,264,"1007975,1082751"
217,274,"1007975,1082751"
221,264,1014685
221,274,1014685
223,253,"998545,1082751"
223,264,"998545,1082751"
223,274,1082751
225,241,187833
229,253,998545
229,264,998545
230,264,531053
0,280,600407
0,291,312415
1,303,463969
3,303,463969
17,291,312415
18,291,312415
22,297,1047955
22,310,1047955
46,293,1027715
48,283,"1236675,261384"
48,318,261384
50,285,1216244
52,284,437974
54,279,549038
54,303,461997
55,284,437974
56,284,437974
67,294,348948
68,283,1103098
68,296,734723
68,306,734723
80,298,596217
94,296,734723
94,306,734723
101,319,599279
102,277,356945
103,278,410397
104,280,188588
107,280,274953
109,283,915181
110,283,"427096,602580,292347"
111,280,1111303
118,292,575826
121,280,1111303
152,293,447321
156,311,400788
156,312,881500
158,283,460228
173,311,400788
174,311,400788
184,306,1162191
196,277,280966
201,300,890276
202,282,897112
206,283,"999796,270220"
213,294,463253
213,295,463253
215,294,463253
215,295,463253
222,311,836821
224,280,470752
224,300,890276
224,313,470752
225,318,446043
229,296,988692
229,310,988692
231,283,329014
234,278,273864
235,282,239844
241,283,"739860,751640,957469,607784,838190,1171591,483533,1095891,427250,133892,1198352,421137,235297,1237802,1168767,108938,1163691,187833,464331,612824,903640,403445"
241,316,"187833,612824,403445"
243,283,156634
253,296,"998545,1082751"
253,306,1082751
255,301,"715341,468837"
255,305,468837
255,309,715341
255,314,715341
256,312,339445
262,301,715341
262,309,715341
262,314,715341
263,301,715341
263,309,715341
263,314,715341
264,296,"998545,1082751,1014685"
264,298,"1007975,1014685"
264,302,531053
264,306,1082751
264,310,1014685
266,303,130366
268,283,329014
269,277,308992
269,283,329014
269,318,308992
271,296,735292
271,299,735292
271,301,468837
271,305,468837
272,301,468837
272,305,468837
273,301,468837
273,305,"963615,468837"
273,307,963615
273,308,963615
274,296,"1082751,1014685"
274,298,"1007975,1014685"
274,306,1082751
274,310,1014685
0,327,111958
1,332,999970
1,339,999970
2,321,553151
13,321,223220
13,324,223220
13,326,223220
31,324,1015669
46,330,414193
50,342,511792
56,320,499303
62,329,320498
65,331,506632
92,345,971894
100,345,971894
101,322,429530
101,326,535916
104,326,535916
105,326,535916
106,326,535916
116,330,493464
121,326,535916
122,326,535916
123,326,535916
125,321,899788
126,336,541689
127,321,899788
143,340,462819
144,342,480373
158,323,"1166148,114666"
164,327,157246
164,328,546857
164,333,949568
169,334,995860
179,341,475855
180,325,584471
182,327,420839
182,328,420839
182,331,420839
185,321,911475
200,324,105649
202,321,896292
202,324,896292
202,326,896292
206,323,616689
208,321,896292
208,324,896292
208,326,896292
209,321,896292
209,324,896292
209,326,896292
210,323,552846
221,334,519885
222,337,563868
229,351,1058591
231,321,545865
231,323,127790
232,321,545865
232,326,132253
233,324,518762
233,326,132253
235,326,132253
236,326,132253
241,323,"244827,1061637,127790,1167207,425954"
252,339,897154
257,337,1061200
259,324,518762
259,328,973330
265,332,873625
265,339,"873625,804528"
277,320,374383
278,324,479474
283,323,"957469,1095891,427250,133892,1198352,314647,235297,1237802,999796,1168767,108938,270220,292347,1163691,187833,460228,602580,903640,156634,403445"
290,328,"332850,358331"
294,331,463253
295,331,463253
296,351,998545
301,338,468837
301,343,"715341,468837"
301,348,715341
301,349,715341
305,338,468837
305,343,468837
305,350,963615
307,350,963615
308,350,963615
309,343,715341
309,348,715341
309,349,715341
314,343,715341
314,348,715341
314,349,"715341,491449"
316,323,"187833,403445"
319,347,575459
51,358,"762882,762882,1037370"
51,365,"762882,762882"
101,365,591109
102,362,1029030
102,365,1029030
104,362,106150
104,365,591109
105,365,591109
106,365,591109
124,357,171799
143,366,361281
152,363,252547
155,372,109730
162,356,567321
162,363,567321
162,364,567321
188,372,109730
189,372,109730
191,375,1163180
199,375,1163180
202,356,281256
204,367,586233
210,372,205109
232,356,450524
232,365,195864
233,367,176750
249,364,397272
254,357,121128
255,371,294115
255,374,294115
262,371,294115
262,374,294115
263,371,294115
263,374,294115
276,371,156096
278,358,1003499
280,356,188588
280,358,1003499
282,358,"897112,1003499"
283,361,"838190,427096,483533,464331"
302,369,531053
303,368,"330312,463969"
317,365,483161
321,356,545865
323,361,"957469,1095891,427250,616689,1061637,314647,235297,1237802,127790,1168767,108938,270220,1163691,187833,602580,156634,425954,114666,403445"
340,366,536214
345,369,971894
347,370,575459
46,376,433003
46,388,433003
46,389,433003
46,390,433003
60,376,433003
60,388,433003
60,389,433003
60,390,433003
78,377,180952
91,392,"275978,275978"
91,393,"275978,275978"
101,376,496238
101,408,496238
102,376,614173
110,380,1205586
111,387,448590
125,387,1168652
125,393,401551
154,383,179988
154,393,179988
154,409,179988
156,381,538955
160,383,179988
160,393,179988
160,409,179988
162,389,1163901
164,376,113725
164,393,113725
164,394,113725
181,408,101299
200,381,625091
200,387,625091
200,396,1047905
206,379,127760
206,380,118478
207,381,625091
207,387,625091
208,381,625091
208,387,625091
216,396,"1047905,310170"
232,378,174617
232,382,1063971
232,389,1063971
233,382,1063971
233,389,1063971
235,382,1063971
235,389,1063971
236,382,1063971
236,389,1063971
237,389,127538
249,389,835212
256,400,339428
257,400,339428
260,393,580123
260,415,237374
277,377,308992
277,401,308992
277,402,308992
277,403,308992
280,376,470752
280,418,470752
283,380,"739860,751640,1171591,1167617,421137,612824"
293,378,447321
293,389,447321
293,391,447321
296,395,988692
308,406,1075943
310,395,988692
311,381,400788
311,400,"899725,400788"
313,376,470752
313,418,470752
315,399,911614
315,410,911614
315,411,911614
315,417,911614
316,380,612824
317,400,899725
318,377,308992
318,401,308992
318,402,308992
318,403,308992
323,380,"133892,1198352,1166148,1167207,552846"
326,382,132253
326,389,132253
327,383,551098
332,381,873625
332,396,873625
334,395,995860
334,397,995860
334,398,995860
334,407,995860
337,400,563868
339,381,873625
339,396,873625
341,389,"475855,472493"
341,394,472493
341,415,217297
350,399,963615
350,406,963615
350,412,963615
352,414,417692
357,378,121128
357,389,121128
361,377,838190
361,380,"957469,838190,681522,427096,483533,1095891,616689,314647,235297,127790,108938,270220,1163691,187833,602580,156634,425954,114666"
361,402,483533
363,376,252547
363,388,252547
363,389,252547
363,390,252547
365,413,483161
372,377,205109
372,401,205109
372,402,205109
372,403,205109
8,422,288685
13,451,1067295
14,446,439383
46,440,230440
48,424,107030
54,432,165402
75,451,176862
101,419,133917
102,420,298742
102,427,482352
132,419,133917
139,433,1036452
151,456,112041
177,426,480562
201,425,388905
204,442,570060
216,431,184841
216,438,716095
221,433,994488
222,438,716095
235,421,1058749
244,419,132739
246,419,526976
246,425,526976
246,426,526976
266,442,550117
278,420,"968496,273864"
278,428,273864
278,432,968496
283,424,133070
289,419,607089
298,437,596217
311,438,836821
318,439,446043
321,440,553151
323,424,"554673,460228"
324,454,375104
327,419,157246
328,428,716605
337,438,1061200
342,442,480373
356,419,188588
358,421,1003499
361,424,"1237802,464331,403445"
361,439,1061637
362,426,1029030
362,430,1029030
365,426,1029030
365,430,1029030
366,427,380944
369,433,971894
376,443,470752
377,424,838190
379,424,127760
380,424,"739860,957469,838190,1171591,118478,483533,1095891,133892,314647,235297,127790,1166148,270220,1163691,612824,156634,114666"
380,439,751640
395,429,1171502
395,433,"988692,1171502"
395,434,"988692,1054006"
395,435,988692
395,452,"988692,1171502"
396,431,1047905
397,429,1171502
397,433,1171502
397,452,1171502
398,429,1171502
398,433,1171502
398,452,1171502
399,445,"911614,719763"
399,453,719763
402,424,483533
407,434,1054006
410,445,"911614,719763"
410,453,719763
411,445,"911614,719763"
411,453,719763
412,445,719763
412,453,719763
417,445,911614
418,443,470752
15,458,499532
16,460,1068315
26,482,283016
26,493,283016
47,460,427779
47,481,427779
48,459,523545
61,458,252901
61,460,252901
103,479,318322
104,457,541453
105,458,371168
105,467,371168
159,457,487798
164,471,295041
173,483,111432
200,460,343449
207,461,528757
207,474,528757
219,461,528757
219,474,528757
227,481,584447
249,488,477520
277,483,518800
283,459,915181
291,457,745144
296,475,1014685
298,475,1014685
300,485,316368
310,475,1014685
321,457,217726
321,474,217726
323,459,199984
323,462,199984
339,478,897154
339,487,"897154,804528"
346,489,570490
356,457,570365
359,457,570365
360,457,570365
361,459,1168767
367,460,"176750,586233"
367,478,176750
367,479,176750
376,457,433003
377,458,308992
380,459,"427096,616689,1205586,1167207,187833,602580"
381,460,"538955,400788"
381,479,873625
381,487,873625
388,457,433003
389,457,"433003,1133552"
389,468,835212
390,457,433003
394,465,1159082
395,473,995860
395,475,995860
395,476,995860
395,477,995860
395,484,995860
396,479,873625
396,487,873625
397,473,"995860,693691"
397,475,"995860,693691"
397,476,"995860,693691"
397,477,"995860,693691"
397,481,693691
397,484,995860
398,473,995860
398,475,995860
398,476,995860
398,477,995860
398,484,995860
400,460,400788
401,458,308992
402,458,308992
403,458,308992
405,465,1159082
407,473,"995860,693691"
407,475,"995860,693691"
407,476,"995860,693691"
407,477,"995860,693691"
407,481,693691
407,484,995860
414,482,191426
414,493,191426
424,459,"739860,957469,838190,1171591,554673,118478,314647,235297,127790,1166148,1163691,460228,464331,133070,612824,156634,114666,403445"
424,462,127760
429,473,1171502
429,475,1171502
429,476,1171502
429,477,1171502
429,480,1171502
429,484,1171502
429,486,1171502
433,473,1171502
433,475,"988692,1171502,994488"
433,476,1171502
433,477,1171502
433,480,"1171502,994488"
433,484,1171502
433,486,1171502
433,493,988692
434,475,988692
434,493,988692
435,475,988692
435,493,988692
437,473,552972
437,475,552972
437,476,552972
437,477,552972
439,459,"751640,1061637"
443,471,470752
451,490,176862
452,473,"552972,1171502"
452,475,"552972,988692,1171502"
452,476,"552972,1171502"
452,477,"552972,1171502"
452,480,1171502
452,484,1171502
452,486,1171502
452,493,988692
1,558,794690
1,597,900910
1,611,492488
3,579,149963
4,579,149963
5,579,149963
6,579,149963
10,515,351013
11,611,492488
13,611,492488
17,523,130019
19,587,341101
21,505,626163
21,516,626163
21,518,626163
29,542,387373
29,653,387373
30,513,594866
45,568,1109186
45,611,1109186
45,621,1109186
46,520,184660
46,523,113875
46,534,1217273
46,574,245076
47,573,346289
47,662,346289
47,663,346289
47,676,346289
47,677,346289
50,515,473727
50,516,425951
50,519,543430
50,557,109363
50,602,543430
50,603,543430
53,544,352980
53,580,352980
53,625,1234579
53,631,1234579
53,635,1234579
53,637,1234579
53,640,352980
53,641,352980
60,527,381808
63,515,473727
65,515,473727
71,507,560724
73,509,413192
73,595,704970
73,672,413192
75,589,305419
80,661,518759
92,656,518911
95,573,346289
95,662,346289
95,663,346289
95,676,346289
95,677,346289
102,514,535454
102,542,1159100
102,556,157047
102,617,157047
102,620,157047
102,651,535454
102,653,535454
104,498,768034
104,503,768034
104,504,489485
104,507,768034
104,513,"827072,464842"
104,521,"489485,902666,550893"
104,524,"489485,827072,464842"
104,526,489485
104,527,"827072,464842,550893"
104,528,"827072,464842"
104,546,550893
104,554,550893
104,557,550893
104,598,"489485,229711"
104,601,489485
104,604,489485
104,605,489485
105,520,985590
107,515,1105168
107,529,616355
107,645,1105168
109,579,100194
111,556,157047
111,617,157047
111,620,157047
113,556,157047
113,617,157047
113,620,157047
118,581,1073949
125,513,464842
125,523,380881
125,524,464842
125,527,464842
125,528,464842
132,495,453834
132,498,453834
132,500,453834
132,501,453834
132,508,453834
132,509,453834
132,510,453834
132,511,453834
132,512,453834
132,530,453834
132,532,453834
132,533,453834
132,534,453834
132,537,453834
132,538,453834
132,539,453834
132,540,453834
132,541,453834
132,545,453834
132,547,453834
132,548,453834
132,549,453834
132,550,453834
132,551,453834
132,554,453834
132,555,453834
132,558,453834
132,559,453834
132,560,453834
132,561,453834
132,562,453834
132,563,453834
132,564,453834
132,565,453834
132,566,453834
136,529,616355
140,596,863993
140,620,863993
140,622,863993
141,600,117912
144,514,535454
144,651,535454
144,653,535454
145,650,680791
145,671,680791
146,596,1032078
149,650,680791
149,671,680791
152,504,467594
152,505,609205
152,521,467594
152,522,609205
152,524,"467594,609205"
152,526,467594
152,691,609205
153,504,487374
153,513,1041694
155,569,1206265
155,573,556062
155,576,1206265
155,582,1206265
155,585,1206265
156,517,393980
156,542,475803
156,590,393980
156,593,393980
156,679,393980
156,680,393980
162,520,188040
162,536,330072
164,505,609205
164,522,609205
164,524,609205
164,691,609205
179,503,917858
179,520,917858
179,524,917858
179,525,917858
180,517,393980
180,590,393980
180,593,393980
180,679,393980
180,680,393980
188,663,288795
188,676,288795
188,677,288795
190,553,460711
200,515,480366
200,517,756895
206,582,368080
209,544,1224008
211,507,369391
211,515,480366
213,518,385630
213,536,385630
213,542,385630
213,543,385630
214,503,557428
214,609,557428
214,613,557428
214,614,557428
232,523,323804
235,516,732484
235,520,606450
235,522,732484
235,529,732484
237,507,333729
237,521,188558
237,523,323804
238,664,241017
239,523,323804
242,523,323804
243,611,446878
244,523,323804
245,523,323804
247,523,323804
248,664,141207
250,627,564071
250,634,564071
250,635,564071
254,503,359007
254,609,359007
254,613,359007
254,614,359007
255,655,1179385
255,656,1179385
255,657,1179385
262,655,1179385
262,656,1179385
262,657,1179385
262,681,556301
262,687,556301
263,655,1179385
263,656,1179385
263,657,1179385
267,688,113487
270,664,241017
270,688,113487
271,655,1179385
271,656,1179385
271,657,1179385
272,655,1179385
272,656,1179385
272,657,1179385
277,618,318300
278,517,1239591
280,521,"274953,490823"
281,521,445147
281,523,506588
283,569,588437
283,576,588437
283,582,588437
283,585,588437
284,504,275401
284,521,275401
284,524,275401
284,526,275401
285,531,516890
287,495,568132
293,589,1027715
294,606,1235378
294,628,348948
304,521,445147
304,522,578715
315,674,490024
319,503,599279
319,587,599279
319,591,599279
319,651,599279
319,654,599279
320,636,171103
321,503,616924
321,518,896292
321,523,416537
321,524,896292
321,529,896292
321,536,896292
321,542,896292
321,543,896292
321,544,896292
323,505,292347
323,568,292347
323,569,244827
323,575,292347
323,576,244827
323,578,292347
323,582,"999796,244827,292347"
323,584,292347
323,585,244827
323,647,244827
324,503,1238615
324,504,"479474,105649"
324,515,479474
324,518,"479474,896292"
324,524,896292
324,529,896292
324,536,896292
324,542,896292
324,543,896292
324,544,896292
324,609,1238615
324,613,1238615
324,614,1238615
324,630,479474
324,632,479474
326,518,896292
326,524,896292
326,529,896292
326,536,896292
326,542,896292
326,543,896292
326,544,896292
327,504,420839
327,521,420839
327,524,420839
327,526,420839
327,610,420839
327,613,420839
327,618,420839
328,504,"546857,420839"
328,505,358331
328,521,420839
328,524,420839
328,526,420839
328,588,332850
328,610,420839
328,611,358331
328,613,"420839,358331"
328,618,420839
328,630,546857
328,631,773493
328,632,546857
330,594,414193
331,504,420839
331,521,420839
331,524,420839
331,526,420839
331,599,506632
331,610,420839
331,613,420839
331,618,420839
331,631,506632
333,536,1070303
333,588,108805
333,626,1070303
333,627,1070303
335,636,171103
336,639,108765
339,522,1030310
339,640,1030310
339,669,1030310
353,531,199673
356,529,"281256,966445"
357,515,171799
357,516,1176543
357,529,966445
357,645,1176543
358,529,"897112,966445"
358,556,897112
358,557,897112
360,544,298450
360,618,298450
360,619,298450
362,504,106150
362,521,106150
362,524,106150
362,526,106150
364,633,397272
365,521,497223
366,507,560369
366,519,361281
366,612,560369
366,613,560369
366,615,560369
366,644,361281
366,645,361281
367,516,1176543
367,645,1176543
368,542,330312
371,647,294115
371,658,294115
372,573,109730
374,647,294115
374,655,416219
374,656,416219
374,657,416219
374,658,294115
374,674,348255
376,522,831848
376,619,113725
377,503,412833
377,569,529805
378,521,447321
378,624,447321
380,567,1198352
380,573,"1198352,552846"
380,575,421137
380,582,"1198352,108938"
380,583,1198352
381,519,295124
381,524,1030971
381,553,1030971
381,557,1030971
381,644,295124
381,645,295124
383,531,1151882
389,499,904772
389,521,"447321,904772"
389,523,904772
389,547,1163901
389,557,145478
389,624,447321
391,521,447321
391,624,447321
391,627,484507
393,619,113725
394,619,113725
396,602,310170
399,686,963615
400,514,563868
402,578,804991
402,676,804991
405,503,1197029
405,642,1197029
406,686,963615
412,686,963615
413,498,483161
415,513,217297
415,523,237374
415,679,237374
419,520,625753
419,521,526976
419,522,607089
419,524,188588
419,557,132739
419,598,526976
419,604,526976
419,605,526976
420,495,599725
420,514,298742
420,516,273864
420,597,599725
420,599,599725
421,514,1058749
421,520,1058749
421,529,1058749
423,520,625753
424,500,1237802
424,567,1095891
424,568,1237802
424,569,1237802
424,573,1095891
424,575,1237802
424,576,1237802
424,577,1237802
424,579,1186493
424,580,133892
424,582,"1095891,133892,1237802"
424,583,1095891
424,584,1237802
424,585,1237802
425,521,526976
425,598,526976
425,604,526976
425,605,526976
426,521,526976
426,598,526976
426,604,526976
426,605,526976
428,505,371498
428,516,273864
428,631,371498
428,632,371498
430,522,305264
431,514,1047905
431,515,184841
433,649,1036452
433,682,1036452
438,515,"1061200,716095"
438,665,"1061200,836821"
439,624,583933
442,514,480373
442,651,480373
442,653,480373
444,660,"520059,309153"
444,687,"520059,309153"
444,689,"520059,309153"
446,660,"520059,309153"
446,687,"520059,309153"
446,689,"520059,309153"
447,660,"520059,309153"
447,687,"520059,309153"
447,689,"520059,309153"
456,521,112041
456,688,112041
456,691,112041
457,521,487798
458,507,308992
458,576,308992
458,578,308992
458,676,308992
459,499,739860
459,500,464331
459,549,751640
459,567,"1171591,460228,554673"
459,568,"838190,464331"
459,569,"751640,616689,739860,1061637,957469,1205586,187833,464331,133070"
459,570,"1163691,127790,403445"
459,572,"751640,156634,1167207"
459,573,"1171591,460228,554673"
459,574,"739860,314647"
459,575,"838190,199984,464331"
459,576,"751640,616689,739860,1061637,957469,1205586,187833,464331,133070"
459,577,464331
459,579,"1163691,127790,403445"
459,581,"751640,156634"
459,582,"751640,1171591,616689,1163691,612824,739860,838190,1061637,127790,156634,957469,427096,314647,1205586,1168767,187833,460228,464331,554673,133070,403445"
459,583,"1171591,460228,554673"
459,584,"838190,464331"
459,585,"751640,616689,739860,1061637,957469,1205586,187833,464331,133070"
459,586,"1163691,127790,403445"
459,663,187833
459,676,187833
459,677,187833
460,515,400788
460,532,978488
460,646,427779
460,665,400788
462,575,199984
462,581,127760
462,607,127760
465,498,1159082
465,508,1159082
465,510,1159082
465,511,1159082
467,536,314126
471,684,470752
473,649,1171502
475,649,1171502
476,649,1171502
477,649,1171502
478,517,897154
478,669,975853
479,515,318322
480,649,1171502
481,646,"584447,427779"
484,649,1171502
486,649,1171502
487,517,897154
487,659,804528
1,723,341341
1,726,1210145
1,732,434088
9,728,711978
14,716,887624
14,738,887624
16,716,345301
23,728,711978
24,728,711978
30,728,711978
32,728,711978
33,728,711978
97,771,405901
101,692,397295
101,693,397295
101,694,397295
101,705,142309
104,692,397295
104,693,397295
104,694,397295
104,717,352108
105,692,397295
105,693,397295
105,694,397295
105,735,498303
106,692,397295
106,693,397295
106,694,397295
118,705,142309
119,705,142309
140,759,535929
140,769,535929
140,777,535929
140,782,535929
141,726,459345
141,754,459345
141,756,459345
142,692,397295
142,693,397295
142,694,397295
152,696,475601
152,712,351078
152,725,351078
163,696,539054
163,740,539054
163,741,539054
164,744,622174
177,736,823956
183,764,349380
186,693,204764
197,764,349380
200,726,901879
200,732,226985
203,732,226985
204,723,296286
204,725,598989
204,732,226985
206,770,1045120
220,728,469049
226,723,153534
230,768,521191
231,700,530327
231,722,530327
231,725,530327
231,744,259132
232,693,973987
232,718,262442
232,729,262442
232,731,262442
232,765,454794
233,722,164593
233,723,550372
237,698,103922
239,696,543323
240,705,525815
240,709,525815
240,714,525815
240,715,525815
242,705,376043
242,738,376043
242,743,376043
255,759,1241616
255,763,1241616
256,723,511024
256,745,511024
256,771,511024
271,759,1241616
271,763,1241616
272,759,1241616
272,763,1241616
277,722,356945
302,763,508618
328,698,277301
332,732,999970
332,762,999970
338,750,326603
339,732,999970
339,762,999970
341,779,653292
344,706,1010411
349,759,505859
351,708,468426
352,706,1010411
353,706,1010411
356,696,545865
356,716,567321
363,716,567321
364,716,567321
370,779,575459
371,766,1162193
376,727,1005793
380,704,1167617
380,710,1167617
380,712,681522
380,713,"1167617,110899,681522"
380,770,110899
381,692,422118
381,698,1240460
381,726,473077
381,727,473077
381,758,1240460
416,694,412068
424,712,107030
424,713,483533
437,768,471775
445,764,911614
445,773,719763
453,773,719763
457,748,745144
458,727,252901
459,713,"602580,235297,114666"
459,721,235297
460,727,252901
460,762,176750
473,766,995860
473,768,995860
475,757,994488
475,766,995860
475,768,"995860,1014685"
475,769,994488
475,780,994488
476,766,995860
476,768,995860
477,766,995860
477,768,995860
478,762,176750
479,762,176750
480,757,994488
480,769,994488
480,780,994488
484,766,995860
484,768,995860
490,783,176862
495,758,599725
498,707,1159082
498,740,1159082
498,743,1159082
500,713,464331
508,707,1159082
508,740,1159082
508,743,1159082
510,707,1159082
510,740,1159082
510,743,1159082
511,707,1159082
511,740,1159082
511,743,1159082
521,719,550893
521,722,274953
521,744,274953
521,752,784065
524,700,188588
527,719,550893
531,700,199673
531,703,1151882
531,722,516890
546,719,550893
549,711,751640
553,744,492336
554,719,550893
557,719,550893
567,713,"1171591,1095891,1198352,460228,351686"
567,729,1171591
567,730,1171591
568,713,"838190,464331"
569,709,588437
569,711,751640
569,713,"616689,588437,187833,464331"
570,713,"127790,403445"
572,711,751640
572,713,"156634,1167207"
573,713,"1171591,1095891,1198352,460228,351686,552846"
573,729,1171591
573,730,1171591
575,713,"838190,421137,464331"
576,709,588437
576,711,751640
576,713,"616689,588437,187833,464331"
577,713,464331
578,730,804991
579,713,"127790,403445"
581,711,751640
581,713,156634
582,709,588437
582,711,751640
582,713,"1171591,1095891,616689,1198352,612824,838190,588437,127790,156634,427096,187833,460228,351686,464331,368080,403445"
582,729,1171591
582,730,1171591
583,713,"1171591,1095891,1198352,460228,351686"
583,729,1171591
583,730,1171591
584,713,"838190,464331"
585,709,588437
585,711,751640
585,713,"616689,588437,187833,464331"
586,713,"127790,403445"
588,760,108805
597,758,599725
599,758,599725
602,762,310170
611,733,446878
624,760,328876
628,716,348948
646,768,427779
649,757,1171502
649,766,1171502
649,767,1171502
650,775,680791
655,764,576327
656,764,576327
657,764,576327
663,713,187833
671,775,680791
676,713,187833
676,730,804991
677,713,187833
684,693,470752
684,700,470752
684,701,470752
684,733,470752
684,736,470752
684,760,470752
686,759,963615
686,764,963615
686,775,963615
686,777,963615
686,778,963615
688,773,113487
1,793,844897
19,822,252184
46,785,332635
55,817,876531
74,826,596052
102,788,432898
104,804,342699
109,788,432898
118,823,448779
119,823,427283
122,823,427283
131,800,308900
150,823,448779
196,841,309563
201,785,474699
201,817,474699
201,818,474699
214,805,833186
219,796,779784
232,785,286306
237,793,451669
257,834,171740
260,818,555151
278,785,977640
280,787,1111303
280,796,1111303
280,799,1111303
280,801,1111303
320,784,297113
320,801,1169281
321,785,"315504,911475"
321,806,197752
321,817,197752
321,821,197752
324,784,1015669
328,801,1169281
328,806,197752
328,817,197752
328,821,197752
329,801,1169281
330,806,197752
330,817,197752
330,821,197752
375,835,1163180
382,786,132253
387,791,1168652
389,786,132253
392,790,403177
427,784,317586
431,827,1060821
432,784,317586
439,811,446043
446,790,439383
459,810,523545
465,849,250022
468,795,154084
495,789,1177294
495,795,1177294
496,809,557537
496,816,557537
498,789,1177294
498,795,1177294
499,809,557537
499,816,557537
500,789,1177294
500,795,1177294
500,796,563904
500,809,557537
500,816,557537
501,789,1177294
501,795,1177294
502,809,557537
502,816,557537
503,803,616924
505,804,371498
513,789,464842
513,798,464842
513,799,464842
514,797,519137
514,802,1058749
514,827,"1047905,1058749"
515,834,400788
516,794,893132
520,802,1058749
520,827,1058749
524,789,464842
524,798,464842
524,799,464842
524,804,760146
527,789,464842
527,798,464842
527,799,464842
528,789,464842
528,798,464842
528,799,464842
529,784,281256
529,785,281256
529,786,"897112,281256"
529,802,1058749
529,827,1058749
545,789,1177294
545,795,1177294
546,809,557537
546,816,557537
547,789,1177294
547,795,1177294
547,809,557537
547,816,557537
548,789,1177294
548,795,1177294
549,789,1177294
549,795,1177294
549,809,557537
549,816,557537
550,789,1177294
550,795,1177294
550,809,557537
550,816,557537
551,789,1177294
551,795,1177294
552,809,557537
552,816,557537
556,786,897112
557,786,897112
569,810,"957469,1061637"
570,810,1163691
576,810,"957469,1061637"
579,810,1163691
582,810,"957469,1061637,1163691"
585,810,"957469,1061637"
586,810,1163691
591,803,625100
609,800,1244683
609,814,1244683
631,804,371498
632,804,371498
646,832,995513
647,829,294115
655,830,"1179385,416219"
655,836,"1179385,416219"
655,837,"1179385,416219"
656,830,"1179385,416219"
656,836,"1179385,416219"
656,837,"1179385,416219"
657,830,"1179385,416219"
657,836,"1179385,416219"
657,837,"1179385,416219"
658,829,294115
661,845,518759
661,846,518759
665,834,"836821,400788"
686,843,560559
695,789,493372
695,809,493372
698,789,493372
698,809,493372
703,813,1151882
709,810,588437
712,810,107030
713,810,"588437,552846,460228,602580,156634"
716,789,493372
716,809,493372
718,789,493372
718,809,493372
719,789,493372
719,809,493372
728,789,493372
728,809,493372
729,789,493372
729,809,493372
731,789,493372
731,809,493372
731,844,566430
732,784,434444
732,833,434444
756,784,434444
756,833,434444
757,812,1241765
759,829,963615
759,830,963615
759,845,963615
763,839,733681
764,829,963615
764,830,"963615,576327"
764,836,576327
764,837,576327
764,842,576327
764,843,576327
764,845,"963615,349380"
764,846,349380
767,812,1235206
767,829,1235206
768,832,521191
768,839,521191
770,810,1045120
773,828,113487
773,849,113487
775,829,963615
775,830,963615
775,845,963615
777,829,963615
777,830,963615
777,845,963615
778,829,963615
778,830,963615
778,845,963615
46,889,447717
104,853,504975
121,903,477001
131,851,394811
131,857,394811
131,858,394811
139,876,1173969
148,876,1173969
152,850,147052
152,860,147052
152,861,147052
152,862,147052
153,867,807093
169,876,1180366
169,881,1180366
169,883,1180366
200,851,163523
285,860,1150209
292,850,575826
298,888,1007975
298,892,1007975
322,869,144417
330,864,1012481
332,865,509835
352,887,901075
358,852,1037370
360,871,579353
376,850,1176580
376,868,1176580
376,869,1176580
378,860,121128
389,860,121128
400,882,339428
433,890,971894
433,897,971894
437,902,596217
450,858,580256
450,880,580256
454,882,981371
457,850,745446
457,864,482999
457,889,1116420
458,850,745446
460,851,1068315
460,875,586233
460,880,586233
460,882,1068315
473,883,131005
475,878,988692
475,900,988692
475,901,988692
493,878,988692
493,900,988692
493,901,988692
500,853,1237802
500,854,1237802
500,855,1237802
500,856,1237802
504,860,482649
507,854,308992
507,894,308992
507,895,308992
515,851,"313887,165076"
515,880,184841
515,882,1061200
517,880,897154
529,852,966445
568,853,1237802
568,854,1237802
568,855,1237802
568,856,1237802
569,853,1237802
569,854,1237802
569,855,1237802
569,856,1237802
574,855,314647
575,853,1237802
575,854,1237802
575,855,1237802
575,856,1237802
576,853,1237802
576,854,"308992,1237802"
576,855,1237802
576,856,1237802
576,894,308992
576,895,308992
577,853,1237802
577,854,1237802
577,855,1237802
577,856,1237802
578,854,308992
578,894,308992
578,895,308992
582,853,"1237802,1168767"
582,854,"1237802,1168767"
582,855,"314647,1237802,1168767"
582,856,"1237802,1168767"
582,868,1168767
582,894,1168767
582,895,1168767
584,853,1237802
584,854,1237802
584,855,1237802
584,856,1237802
585,853,1237802
585,854,1237802
585,855,1237802
585,856,1237802
594,861,414193
596,898,863993
618,850,318300
620,898,863993
622,898,863993
624,867,583933
646,885,584447
646,900,584447
665,882,1061200
676,854,308992
676,894,308992
676,895,308992
711,855,751640
713,855,"838190,427096,1171591,483533,616689,1198352,235297,127790,187833,612824,403445"
713,895,114666
721,855,235297
729,855,1171591
730,855,1171591
736,889,823956
759,892,535929
764,897,911614
768,888,1014685
768,902,1014685
769,892,535929
773,884,456892
774,884,456892
777,892,535929
779,870,575459
782,892,535929
810,853,602580
810,854,602580
810,855,"957469,1061637,552846,602580,156634"
810,856,602580
812,859,"1241765,1235206"
812,888,1235206
829,859,1235206
829,876,963615
829,878,"963615,294115"
829,879,963615
829,881,294115
829,883,294115
829,885,294115
829,886,294115
829,888,1235206
829,890,294115
829,900,294115
829,901,294115
830,876,"963615,1179385,576327"
830,878,"963615,1179385,576327"
830,879,"963615,1179385,576327"
830,883,576327
830,885,576327
830,886,576327
830,890,576327
830,897,"1179385,576327"
830,898,576327
830,900,1179385
830,901,1179385
832,892,1018051
836,876,"1179385,576327"
836,878,"1179385,576327"
836,879,"1179385,576327"
836,883,576327
836,885,576327
836,886,576327
836,890,576327
836,897,"1179385,576327"
836,898,576327
836,900,1179385
836,901,1179385
837,876,"1179385,576327"
837,878,"1179385,576327"
837,879,"1179385,576327"
837,883,576327
837,885,576327
837,886,576327
837,890,576327
837,897,"1179385,576327"
837,898,576327
837,900,1179385
837,901,1179385
839,899,733681
839,904,"1182349,733681"
842,876,576327
842,878,576327
842,879,576327
842,883,576327
842,885,576327
842,886,576327
842,890,576327
842,897,576327
842,898,576327
843,876,576327
843,878,576327
843,879,576327
843,883,576327
843,885,576327
843,886,576327
843,890,576327
843,897,576327
843,898,576327
845,876,963615
845,878,963615
845,879,963615
846,902,541193
1,905,881662
8,919,287608
12,919,287608
14,919,287608
14,920,1000560
50,917,833102
56,920,150817
57,917,833102
58,917,833102
152,922,457077
171,905,1019603
188,931,610441
191,921,"296455,296455"
199,921,"296455,296455"
200,917,407307
232,906,482512
232,914,1189972
232,937,1189972
241,932,671878
242,914,1189972
242,937,1189972
244,914,1189972
244,937,1189972
245,914,1189972
245,937,1189972
258,914,1189972
258,937,"1189972,1233005"
282,907,686919
283,912,1236675
286,913,787610
351,942,1058591
380,912,425954
381,916,1196500
394,919,263477
399,925,519887
399,936,519887
419,906,409846
422,910,288685
440,907,553151
457,906,570365
457,916,570365
457,940,570365
459,912,118478
460,905,538955
460,916,538955
460,917,538955
485,930,316368
499,912,739860
515,905,"1105168,716095"
515,917,923982
522,906,578715
522,923,1030310
522,930,1030310
542,917,387373
544,923,352980
569,912,"739860,1206265"
574,912,739860
576,912,"739860,1206265"
579,912,149963
579,918,299083
580,923,352980
582,912,"739860,108938,1206265"
585,912,"739860,1206265"
640,923,"1030310,352980"
640,930,1030310
641,923,352980
645,905,1105168
653,917,387373
656,925,518911
656,935,518911
658,926,540247
669,923,1030310
669,930,"1030310,975853"
693,919,470752
693,939,470752
696,906,545865
698,906,277301
700,919,470752
700,939,470752
701,919,470752
701,939,470752
704,909,365174
713,912,"1095891,421137"
713,932,110899
716,939,348948
726,905,473077
727,905,473077
728,916,469049
730,911,804991
730,931,804991
730,932,804991
733,919,470752
733,939,470752
736,919,470752
736,939,470752
740,920,379139
744,939,622174
746,927,306607
757,924,994488
757,934,994488
757,936,994488
760,919,470752
760,939,470752
769,924,994488
769,934,994488
769,936,994488
770,932,110899
780,924,994488
780,934,994488
780,936,994488
786,907,897112
789,922,1197850
804,918,371498
810,908,460228
810,911,460228
810,912,"107030,1163691,460228"
810,931,460228
810,932,460228
811,932,446043
853,912,"1237802,1168767"
854,912,"1237802,1168767"
855,908,616689
855,911,616689
855,912,"751640,957469,838190,427096,1171591,616689,1061637,1198352,314647,235297,1237802,127790,1168767,552846,612824,156634,403445"
855,928,127790
856,912,"1237802,1168767"
857,915,347246
868,912,1168767
876,924,963615
876,925,"963615,576327"
876,933,963615
876,934,576327
878,924,"988692,963615"
878,925,"988692,963615,294115,576327"
878,933,"963615,294115"
878,934,"988692,576327"
878,935,988692
878,936,988692
878,938,294115
879,924,963615
879,925,"963615,576327"
879,933,963615
879,934,576327
881,925,294115
881,933,294115
881,938,294115
883,925,"294115,576327"
883,933,294115
883,934,576327
883,938,294115
884,933,428820
884,938,428820
885,925,"294115,576327"
885,933,294115
885,934,576327
885,938,294115
885,941,584447
886,925,"294115,576327"
886,933,294115
886,934,576327
886,938,294115
888,942,1014685
890,925,"294115,576327"
890,933,294115
890,934,576327
890,938,294115
891,942,602649
894,912,1168767
894,915,347246
895,912,"1168767,114666"
897,925,576327
897,934,576327
898,925,576327
898,934,576327
899,941,733681
900,924,988692
900,925,"988692,294115"
900,933,294115
900,934,988692
900,935,988692
900,936,988692
900,938,294115
900,941,584447
901,924,988692
901,925,"988692,294115"
901,933,294115
901,934,988692
901,935,988692
901,936,988692
901,938,294115
902,942,1014685
904,941,733681
50,944,558934
50,946,558934
88,966,916245
129,944,594278
147,944,594278
158,948,603391
161,948,603391
203,944,523515
232,950,327015
277,951,199576
283,948,275782
361,948,427250
365,972,518226
382,945,"1063971,1120736"
389,943,1168051
389,945,1063971
404,965,455008
417,965,455008
424,948,270220
505,948,292347
507,943,589952
516,945,732484
520,943,"251114,578038"
522,945,732484
529,945,732484
568,948,292347
573,946,346289
573,964,346289
575,948,292347
575,964,146208
578,948,292347
580,948,133892
582,948,"133892,292347"
584,948,292347
612,943,589952
613,943,589952
615,943,589952
632,953,518843
662,946,346289
662,964,346289
663,946,346289
663,964,346289
676,946,346289
676,964,346289
677,946,346289
677,964,346289
712,948,681522
713,948,"681522,1167207,464331"
716,944,247066
716,951,247066
719,943,550893
759,963,"505859,536334"
759,970,536334
759,973,536334
760,953,108805
775,957,680791
784,944,281256
785,944,281256
786,944,281256
794,944,423611
810,948,1045120
810,964,1045120
830,958,416219
832,959,995513
832,961,995513
832,962,995513
832,970,995513
832,971,995513
836,958,416219
837,958,416219
841,972,309563
853,960,602580
854,960,602580
855,948,"483533,187833"
855,960,602580
856,960,602580
876,957,1173969
876,965,1173969
876,968,1173969
897,958,911614
899,961,1099079
899,963,1099079
899,970,1099079
899,971,1099079
904,961,1099079
904,963,1099079
904,970,1099079
904,971,1099079
906,943,578715
908,948,"616689,460228"
911,948,"616689,460228"
911,964,804991
912,948,"739860,751640,957469,427096,1171591,1236675,118478,616689,1198352,314647,235297,1237802,127790,1168767,108938,1163691,460228,156634,425954,114666"
912,964,127790
917,952,407307
919,943,470752
919,953,470752
923,956,1030310
924,957,"988692,963615"
924,958,"988692,963615"
924,965,988692
924,966,988692
924,967,988692
924,968,988692
925,957,"988692,963615"
925,958,"988692,963615,576327"
925,965,"988692,576327"
925,966,"988692,576327"
925,967,"988692,576327"
925,968,988692
928,948,127790
928,964,127790
930,956,"1030310,975853"
931,948,460228
931,964,804991
932,948,460228
932,964,804991
933,957,963615
933,958,963615
934,957,988692
934,958,"988692,576327"
934,965,"988692,576327"
934,966,"988692,576327"
934,967,"988692,576327"
934,968,988692
935,957,988692
935,958,988692
935,965,988692
935,966,988692
935,967,988692
935,968,988692
936,957,988692
936,958,988692
936,965,988692
936,966,988692
936,967,988692
936,968,988692
939,943,470752
939,953,"470752,348948"
0,979,1039714
1,979,1039714
2,979,1039714
29,998,829305
77,983,523099
104,974,240562
119,991,541417
152,974,274836
153,974,274836
154,974,274836
156,981,536074
180,998,1121072
183,1010,521885
183,1012,521885
197,1010,521885
197,1012,521885
201,974,500694
201,975,500694
201,976,500694
201,981,500694
201,982,500694
226,988,864313
226,999,864313
249,987,364804
279,997,549038
284,990,1085762
301,992,518902
301,1011,518902
303,998,130366
312,983,339445
334,993,519885
334,1014,519885
342,984,332432
342,997,332432
343,992,715341
343,993,715341
343,994,715341
343,995,715341
343,1010,715341
345,1008,565366
348,992,715341
348,993,715341
348,994,715341
348,995,715341
348,1010,715341
349,992,715341
349,993,715341
349,994,715341
349,995,715341
349,1010,715341
371,994,156096
377,975,366567
389,974,472493
389,983,472493
389,984,472493
389,985,472493
394,974,472493
394,983,472493
394,984,472493
394,985,472493
401,977,436986
401,1000,436986
401,1001,436986
401,1002,436986
413,981,175869
415,974,813375
415,983,813375
415,984,813375
415,985,813375
442,998,570060
461,990,528757
474,990,528757
503,1009,917858
504,974,420839
507,977,369391
507,990,369391
517,976,540798
520,976,606450
520,984,177933
520,1009,917858
521,974,420839
521,988,526976
522,974,607089
523,974,1037190
523,1009,237374
524,974,420839
524,1009,917858
525,1009,917858
526,974,420839
542,999,330312
556,974,157047
558,999,794690
581,1000,127760
588,986,247304
598,988,526976
604,988,526976
605,988,526976
607,1000,127760
610,974,420839
613,974,420839
617,974,157047
618,974,420839
620,974,157047
631,986,773493
653,999,507197
679,1009,237374
691,974,1037190
692,982,422118
692,990,397295
693,990,397295
694,976,307039
694,979,307039
694,980,307039
694,990,397295
713,978,"336730,351686"
713,1001,336730
722,975,516890
722,981,516890
745,999,445207
786,976,132253
802,976,1058749
827,976,1058749
828,1005,113487
834,975,400788
834,1004,"836821,400788"
849,1005,113487
853,974,504975
854,977,308992
854,1000,308992
854,1001,308992
854,1002,308992
859,992,1235206
859,993,1235206
859,994,1235206
859,995,1235206
859,1011,1235206
865,982,1031383
870,1013,575459
882,999,339428
888,992,1235206
888,993,1235206
888,994,1235206
888,995,1235206
888,1011,1235206
890,1010,971894
894,977,308992
894,1000,308992
894,1001,308992
894,1002,308992
895,977,308992
895,1000,308992
895,1001,308992
895,1002,308992
897,1010,971894
912,978,"1095891,612824,403445"
917,988,833102
925,992,"519887,518911"
925,1007,518911
926,1003,540247
932,978,110899
935,992,518911
935,1007,518911
936,992,519887
941,996,733681
941,1008,733681
943,979,470752
943,982,470752
944,976,281256
948,977,114666
948,978,"739860,751640,957469,427096,1045120,1171591,1236675,118478,616689,427250,603391,133892,1198352,314647,235297,127790,1168767,270220,1163691,464331,156634,425954,114666"
948,1001,1045120
953,979,470752
953,982,470752
957,989,"988692,963615,1173969"
957,992,"988692,963615"
957,993,"988692,1173969"
957,994,988692
957,995,988692
957,996,988692
957,1007,1173969
957,1008,988692
957,1011,988692
958,989,"988692,963615"
958,992,"988692,963615,576327"
958,993,"988692,576327"
958,994,"988692,576327"
958,995,"988692,576327"
958,996,988692
958,1003,576327
958,1007,576327
958,1008,988692
958,1010,576327
958,1011,988692
958,1012,"911614,576327"
958,1014,"911614,576327"
960,978,602580
961,996,1099079
963,996,1099079
963,1007,505859
963,1010,536334
964,978,"1045120,127790"
964,1001,"804991,1045120"
965,989,"988692,1173969"
965,992,"988692,576327"
965,993,"988692,576327,1173969"
965,994,"988692,576327"
965,995,"988692,576327"
965,996,988692
965,1003,576327
965,1007,"576327,1173969"
965,1008,988692
965,1010,576327
965,1011,988692
965,1012,576327
965,1014,576327
966,989,988692
966,992,"988692,576327"
966,993,"988692,576327"
966,994,"988692,916245,576327"
966,995,"988692,576327"
966,996,988692
966,1003,576327
966,1007,576327
966,1008,988692
966,1010,576327
966,1011,988692
966,1012,576327
966,1014,576327
967,989,988692
967,992,"988692,576327"
967,993,"988692,576327"
967,994,"988692,576327"
967,995,"988692,576327"
967,996,988692
967,1003,576327
967,1007,576327
967,1008,988692
967,1010,576327
967,1011,988692
967,1012,576327
967,1014,576327
968,989,"988692,1173969"
968,992,988692
968,993,"988692,1173969"
968,994,988692
968,995,988692
968,996,988692
968,1007,1173969
968,1008,988692
968,1011,988692
970,996,1099079
970,1010,536334
971,996,1099079
973,1010,536334
46,1019,450776
46,1027,450776
53,1026,184838
143,1043,353337
248,1032,498529
261,1043,195200
282,1018,239844
312,1043,558639
312,1048,392932
325,1043,584471
335,1016,343869
335,1021,343869
335,1022,343869
335,1025,343869
335,1026,343869
335,1029,343869
335,1030,343869
335,1031,343869
335,1032,343869
358,1018,"762882,762882"
365,1016,195864
365,1018,"762882,762882"
377,1019,162055
383,1026,179988
393,1026,179988
401,1019,162055
402,1019,162055
403,1019,162055
409,1026,179988
504,1033,546857
507,1033,1113308
510,1025,152797
513,1035,892868
514,1042,480373
515,1029,171799
518,1021,385630
518,1029,385630
518,1031,385630
524,1016,204804
524,1021,204804
524,1022,204804
524,1035,204804
536,1021,385630
536,1029,385630
536,1031,385630
542,1021,385630
542,1029,385630
542,1031,385630
543,1021,385630
543,1029,385630
543,1031,385630
569,1020,244827
576,1020,244827
582,1020,244827
585,1020,244827
590,1025,152797
592,1025,152797
609,1016,1047587
609,1017,1047587
609,1018,1047587
613,1035,892868
616,1035,892868
630,1026,129105
630,1033,546857
632,1033,546857
647,1020,244827
649,1041,1036452
651,1042,480373
653,1042,480373
655,1038,1097861
674,1038,1097861
682,1041,1036452
699,1026,655024
726,1043,459345
754,1043,459345
756,1043,459345
788,1027,432898
826,1031,596052
884,1044,456892
891,1038,1090134
891,1044,1090134
903,1033,573223
907,1018,897112
909,1042,299907
943,1016,1168051
943,1025,1168051
943,1026,1168051
945,1018,1063971
948,1020,"108938,187833"
953,1033,518843
959,1034,"995513,1008376"
959,1040,1008376
961,1034,"995513,1008376"
961,1040,1008376
962,1034,"995513,1008376"
962,1040,1008376
970,1034,995513
971,1034,995513
973,1034,1008376
973,1040,1008376
977,1020,114666
978,1020,"739860,751640,957469,1045120,1171591,118478,1095891,616689,427250,603391,133892,1198352,314647,235297,127790,1168767,1163691,464331,612824,156634,425954,114666,403445"
978,1046,"1045120,1168767"
989,1036,1173969
989,1038,963615
989,1040,988692
989,1041,988692
989,1044,963615
992,1024,1235206
992,1036,"518902,576327"
992,1037,"518902,576327"
992,1038,"963615,518902,576327"
992,1039,"518902,576327"
992,1040,988692
992,1041,988692
992,1044,963615
993,1024,1235206
993,1036,"576327,1173969"
993,1037,576327
993,1038,576327
993,1039,576327
993,1040,988692
993,1041,988692
994,1024,1235206
994,1036,576327
994,1037,576327
994,1038,576327
994,1039,576327
994,1040,988692
994,1041,988692
995,1024,1235206
995,1036,576327
995,1037,576327
995,1038,576327
995,1039,576327
995,1040,988692
995,1041,988692
996,1024,1099079
996,1034,1176603
996,1040,"988692,1099079"
996,1041,988692
996,1045,1099079
1001,1020,1045120
1001,1046,"1045120,804991"
1003,1036,576327
1003,1037,"540247,576327"
1003,1038,576327
1003,1039,576327
1007,1036,"576327,1173969"
1007,1037,576327
1007,1038,576327
1007,1039,576327
1008,1040,988692
1008,1041,988692
1010,1036,576327
1010,1037,576327
1010,1038,576327
1010,1039,576327
1010,1041,536334
1010,1045,536334
1010,1047,536334
1011,1024,1235206
1011,1036,518902
1011,1037,518902
1011,1038,518902
1011,1039,518902
1011,1040,988692
1011,1041,988692
1012,1036,576327
1012,1037,576327
1012,1038,576327
1012,1039,576327
1014,1036,576327
1014,1037,576327
1014,1038,576327
1014,1039,576327
8,1055,1044582
101,1052,185339
104,1052,185339
105,1052,185339
106,1052,185339
157,1050,606741
167,1050,606741
174,1050,606741
225,1056,971143
239,1055,258382
284,1054,219957
290,1057,192635
335,1058,876693
366,1061,447143
377,1057,180952
399,1071,1152114
404,1071,1152114
442,1067,550117
485,1066,1056892
488,1065,477520
503,1052,359007
504,1052,467594
504,1060,467594
505,1057,1166747
515,1050,351013
517,1064,844055
520,1068,1210893
521,1052,"467594,112041"
521,1060,467594
524,1052,"467594,1030971"
524,1060,467594
526,1052,467594
526,1060,467594
553,1052,1030971
557,1052,1030971
569,1074,133070
573,1075,109730
576,1074,133070
582,1074,133070
585,1074,133070
607,1059,251477
609,1052,359007
609,1068,1210893
613,1052,359007
614,1052,359007
618,1068,1210893
633,1052,374485
647,1073,200726
688,1052,112041
691,1052,112041
707,1053,1159082
707,1065,1159082
707,1066,1159082
717,1058,352108
740,1053,1159082
740,1065,1159082
740,1066,1159082
743,1053,1159082
743,1065,1159082
743,1066,1159082
758,1054,599725
789,1052,1177294
795,1052,1177294
896,1076,294969
907,1051,686919
912,1056,421137
943,1063,578715
946,1066,119510
957,1070,680791
973,1070,436587
976,1051,281256
978,1056,110899
979,1052,470752
981,1063,466214
982,1052,470752
994,1073,916245
996,1069,733681
998,1064,570060
998,1066,130366
998,1067,829305
999,1063,445207
999,1064,339428
999,1067,330312
1008,1069,733681
1009,1065,237374
1010,1070,521885
1010,1071,521885
1010,1073,521885
1012,1070,521885
1012,1071,521885
1012,1073,521885
1018,1051,762882
1020,1056,"957469,1171591,118478,235297,1168767,108938,1163691,187833,464331,156634"
1024,1069,1116587
1036,1071,576327
1036,1073,576327
1037,1071,576327
1037,1073,576327
1038,1071,576327
1038,1073,576327
1039,1071,576327
1039,1073,576327
1041,1069,1116587
1042,1061,480373
1043,1067,"459345,195200"
1046,1056,1168767
1046,1075,804991
9,1089,397622
15,1092,825683
23,1092,825683
64,1080,287131
75,1099,305678
104,1079,808909
181,1102,593459
196,1099,380689
211,1115,175203
324,1081,"518762,970916"
324,1092,488638
369,1100,428202
369,1117,428202
369,1118,428202
389,1084,317870
427,1081,482352
427,1087,482352
460,1081,343449
460,1089,343449
460,1090,343449
461,1077,327874
461,1080,327874
461,1081,327874
466,1077,888764
466,1086,888764
466,1087,888764
466,1104,888764
466,1105,888764
467,1077,327874
467,1080,327874
467,1081,327874
468,1078,835212
469,1077,327874
469,1080,327874
469,1081,327874
470,1077,327874
470,1080,327874
470,1081,327874
479,1101,873625
485,1077,371575
487,1101,873625
503,1079,1115939
504,1077,105649
504,1109,123777
520,1079,1115939
521,1102,445147
524,1079,1115939
525,1079,1115939
536,1079,881409
536,1087,881409
536,1088,881409
567,1085,554673
573,1085,554673
581,1077,1073949
581,1096,1073949
581,1104,1073949
582,1085,554673
583,1085,554673
587,1079,341101
590,1096,383170
590,1098,383170
594,1078,490190
599,1078,506632
627,1095,564071
631,1078,506632
634,1095,564071
635,1095,564071
658,1109,123777
678,1096,383170
678,1098,383170
679,1096,383170
679,1098,383170
680,1096,383170
680,1098,383170
696,1079,465285
699,1077,160378
700,1113,199673
700,1114,199673
701,1091,545598
705,1077,525815
708,1078,927343
709,1077,525815
712,1080,351078
712,1086,351078
714,1077,525815
715,1077,525815
723,1103,153534
725,1080,351078
725,1086,351078
734,1118,826258
765,1091,545598
767,1119,1045030
769,1119,1045030
771,1099,405901
785,1078,605261
801,1078,605261
803,1078,605261
803,1102,665107
827,1090,1047905
827,1101,1047905
841,1102,665107
850,1079,1176580
851,1086,394811
857,1086,394811
858,1086,394811
860,1088,121128
868,1079,1176580
869,1079,1176580
880,1081,897154
880,1101,184841
912,1085,838190
919,1078,287608
920,1086,150817
925,1108,294115
933,1108,294115
938,1108,294115
942,1117,1058591
944,1081,558934
946,1081,558934
948,1085,"483533,403184,1237802"
958,1108,416219
972,1088,309563
972,1102,518226
972,1105,309563
974,1079,607089
976,1082,606450
978,1085,"427096,270220"
987,1078,364804
1005,1109,307921
1005,1110,307921
1006,1109,307921
1006,1110,307921
1015,1109,307921
1015,1110,307921
1016,1079,1047587
1016,1081,1047587
1016,1082,1047587
1017,1079,1047587
1017,1081,1047587
1017,1082,1047587
1018,1079,1047587
1018,1081,1047587
1018,1082,1047587
1020,1085,"751640,1095891,133892,1198352,127790"
1024,1111,1235206
1034,1100,995513
1040,1108,988692
1040,1111,988692
1041,1108,988692
1041,1111,988692
1042,1103,"616767,299907"
1044,1110,456892
1047,1100,1035944
1047,1119,1035944
1056,1085,"957469,1171591,118478,235297,1168767,108938,187833,464331,156634"
1069,1100,733681
1069,1107,"1017496,1116587,733681"
1069,1113,733681
1069,1114,"1017496,733681"
1069,1116,733681
1069,1117,733681
1069,1118,733681
1074,1085,133070
0,1128,197718
113,1132,460754
113,1147,460754
186,1139,1035023
209,1122,1225683
260,1143,1080244
291,1123,560331
291,1128,560331
357,1127,624033
357,1142,624033
366,1141,536214
376,1120,287831
376,1134,287831
388,1120,287831
388,1134,287831
389,1120,287831
389,1134,287831
390,1120,287831
390,1134,287831
457,1122,433003
471,1130,375519
498,1136,483161
518,1120,478155
519,1153,361281
542,1125,161425
588,1132,384386
590,1147,880018
590,1152,880018
611,1131,492488
644,1153,361281
645,1153,361281
654,1139,362814
660,1146,309153
660,1148,309153
666,1136,598439
667,1136,598439
668,1136,598439
687,1146,309153
687,1148,309153
689,1146,309153
689,1148,309153
696,1129,539054
699,1138,608352
700,1125,530327
722,1125,530327
722,1149,356945
725,1125,530327
740,1129,539054
741,1129,539054
762,1137,176750
850,1140,332286
889,1140,332286
905,1120,"716095,881662"
905,1137,716095
912,1124,149963
918,1128,371498
937,1126,1233005
948,1126,749584
949,1125,863202
974,1122,240562
974,1128,240562
974,1129,240562
974,1143,472493
977,1123,308992
978,1124,351686
978,1144,351686
978,1145,351686
983,1143,472493
984,1143,472493
985,1143,472493
998,1153,1121072
1000,1123,308992
1001,1123,308992
1002,1123,308992
1013,1146,617055
1015,1146,617055
1018,1121,897112
1021,1120,385630
1026,1136,129105
1029,1120,385630
1031,1120,385630
1036,1150,518902
1037,1138,540247
1037,1150,518902
1038,1150,518902
1039,1150,518902
1043,1153,584471
1048,1147,1090323
1051,1121,281256
1052,1122,112041
1053,1147,1159082
1056,1124,"421137,1163691"
1061,1139,480373
1064,1125,339428
1064,1137,339428
1064,1139,844055
1064,1153,339428
1065,1147,1159082
1066,1123,1056892
1066,1147,1159082
1067,1153,330312
1070,1150,521885
1071,1150,521885
1073,1150,521885
1079,1121,1047587
1079,1122,607089
1081,1121,1047587
1082,1121,1047587
1085,1124,"751640,1171591,1095891,235297,127790,1168767,108938,187833,464331,156634"
1085,1144,"1095891,270220,187833"
1085,1145,"1095891,187833"
1099,1154,305678
1108,1150,416219
26,1188,307210
75,1175,964983
118,1159,1200839
118,1173,1200839
182,1188,665738
200,1174,1068889
260,1171,939408
286,1166,459432
286,1183,459432
348,1178,516496
376,1155,614173
385,1158,805164
457,1155,124681
457,1158,508067
461,1177,549238
483,1181,111432
488,1165,409935
488,1176,409935
488,1183,409935
504,1155,350390
505,1162,478470
515,1157,784400
515,1164,480366
521,1172,447321
522,1156,1149164
522,1168,1149164
522,1170,1149164
624,1172,447321
627,1172,484507
659,1185,804528
693,1175,973987
700,1155,1035440
700,1156,1035440
700,1157,1035440
700,1175,1035440
700,1176,1035440
727,1176,688836
732,1174,999970
732,1185,999970
733,1158,446878
746,1171,594535
762,1174,999970
762,1185,999970
770,1160,531587
779,1179,653292
785,1168,911475
789,1155,493372
789,1168,493372
789,1169,493372
789,1181,493372
806,1162,197752
806,1169,197752
809,1155,493372
809,1168,493372
809,1169,493372
809,1181,493372
817,1162,197752
817,1169,197752
821,1162,197752
821,1169,197752
851,1157,1068315
851,1181,1068315
858,1158,1200836
859,1167,612525
859,1186,"1241765,612525"
861,1164,414193
872,1171,497169
876,1178,1179385
878,1178,1179385
879,1178,1179385
882,1157,1068315
882,1163,981371
882,1181,1068315
897,1178,1179385
900,1178,1179385
901,1178,1179385
905,1170,538955
916,1170,538955
917,1170,538955
941,1186,584447
945,1156,732484
948,1160,681522
949,1165,153490
956,1156,1030310
956,1164,1030310
956,1165,1030310
988,1165,832718
1016,1173,529602
1020,1160,114666
1038,1187,963615
1044,1187,963615
1052,1175,1041523
1057,1175,1041523
1058,1175,1041523
1063,1158,578715
1066,1176,130366
1072,1183,1054705
1073,1184,200726
1078,1168,490190
1085,1160,"554673,118478"
1088,1175,309563
1090,1174,1047905
1091,1164,462727
1101,1174,"184841,873625,1047905"
1101,1185,873625
1102,1175,445147
1105,1175,309563
1107,1167,1017496
1111,1167,1235206
1111,1182,1235206
1114,1167,1017496
1115,1164,462727
1115,1183,175203
1124,1160,"1171591,127790,108938,187833,464331,156634"
1144,1160,"270220,187833"
1145,1160,187833
1150,1182,416219
516,1189,1176543
645,1189,1176543
1048,1190,392932
1180,1190,572292
