source,target,user_id
1,4,"911475,342376"
2,6,"735292,761107,535929,908778"
3,6,"584447,622027"
2,9,849812
6,9,"761107,619437,526400,908778,584447"
0,29,464331
0,31,427096
0,32,"110899,739860"
0,35,464331
0,36,"110899,739860,427096,464331"
1,25,152806
1,37,152806
2,50,"428202,428202"
3,50,"428202,428202,471775,616225"
3,51,"754685,616225"
3,52,"754685,519469"
3,53,471775
4,25,348380
4,26,599235
5,12,408175
5,30,408175
5,31,408175
5,32,619574
6,51,622027
6,52,"840055,535929"
8,25,463253
9,51,"584447,908778,849812"
9,52,"761107,415279"
1,55,151893
27,56,608653
42,57,170035
2,59,574634
6,59,735292
9,59,"619437,754772"
50,59,"734723,471775"
51,59,"734723,908778,849812"
52,59,"734723,519469,761107"
53,59,471775
4,63,"579001,476509"
8,60,419058
8,63,450524
9,64,902696
10,60,200047
11,60,200047
12,60,200047
13,60,200047
21,61,101392
22,61,432898
23,61,307536
25,60,607089
25,63,562907
29,60,"200047,607089"
30,60,200047
31,60,200047
31,61,307536
33,61,"139038,307536"
34,60,607089
38,60,200047
39,60,200047
39,62,309792
40,60,"345181,200047"
40,61,307536
41,60,200047
41,61,307536
43,62,309792
50,64,958765
51,64,754685
52,64,"752568,519885,754685"
56,60,608653
59,64,"734723,779524,761107,964774,619437,735292"
0,79,460228
1,65,286476
2,89,548624
3,89,548624
4,67,369391
4,68,416080
4,72,419944
4,81,369391
4,83,369391
4,84,369391
7,69,897112
7,70,"606450,325354"
7,74,897112
7,82,470042
8,82,159082
10,65,828612
10,66,347476
10,86,453193
11,66,347476
11,75,563868
11,86,453193
12,66,347476
12,68,"447368,433622,794611"
12,77,344483
12,86,"453193,275398"
12,88,794611
13,66,347476
13,86,453193
14,66,347476
14,86,453193
15,66,"453834,347476,309153"
15,86,453193
16,66,347476
16,86,453193
17,66,347476
17,80,314647
17,86,453193
18,66,347476
18,86,453193
19,66,347476
19,86,453193
20,66,347476
20,86,453193
21,65,481388
21,66,274400
21,67,459070
21,74,446817
21,75,"563868,574409"
21,76,387373
21,77,480366
21,78,543243
21,81,459070
21,83,459070
21,84,459070
22,68,447368
22,72,505984
22,77,"505984,344483"
23,65,273864
23,68,447368
23,73,249024
23,75,"563868,554567"
23,77,344483
23,78,528271
24,65,732484
24,69,732484
24,70,732484
24,74,732484
24,75,732484
24,77,454219
25,66,617647
25,69,617647
25,71,617647
25,72,422261
25,73,134631
26,65,"221900,419594"
26,69,419594
26,70,419594
26,72,"505984,447321"
26,77,505984
27,68,293965
27,69,293965
27,70,"199285,125579"
27,73,"487885,293965"
27,76,264679
27,85,293965
28,65,732484
28,67,348387
28,69,732484
28,70,732484
28,72,"166603,454083"
28,73,298450
28,74,732484
28,75,732484
28,85,467594
29,66,"606283,510973,529805,274400"
29,68,101205
29,79,"616689,421137"
29,82,622143
29,86,453193
30,65,"244024,375108"
30,68,447368
30,78,881500
30,86,453193
31,68,447368
31,70,199285
31,79,"751640,751640"
31,80,"314647,270220"
31,86,453193
32,73,298450
32,78,138296
32,79,579124
32,80,"602580,739860,314647"
32,86,453193
33,66,274400
33,68,447368
34,70,199285
34,73,298450
35,79,"270517,616689,421137"
35,80,"145875,612824,191561,251568"
35,83,145875
36,79,"751640,751640,616689,421137,296486,579124"
36,80,"602580,739860,314647,270220"
37,65,"280880,381808"
37,68,470752
37,88,470752
38,66,"606283,510973,529805"
38,78,171799
39,65,107936
39,66,424321
39,67,492152
39,85,492152
39,87,492152
40,65,374604
40,66,768034
40,68,247735
41,66,"606283,510973,529805"
42,65,"102086,247754"
42,80,251568
42,82,622143
42,86,453193
43,86,453193
44,65,336921
44,79,425954
44,80,314647
44,86,453193
45,68,317644
45,78,138296
45,80,314647
45,86,453193
46,78,138296
46,80,314647
46,82,622143
46,86,453193
48,76,600101
49,73,298450
49,79,296486
49,80,270220
50,89,610249
51,89,610249
52,89,535929
55,66,871178
55,67,616924
55,70,425686
55,77,536669
56,66,308393
56,67,567649
56,81,567649
56,83,567649
56,84,567649
57,67,339606
58,67,486268
58,68,141636
59,89,849812
60,65,"844535,445207"
60,66,329675
60,67,320242
60,68,607089
60,69,"433003,607089"
60,73,607089
60,81,445207
61,65,392932
61,66,"307536,480524"
61,67,975187
61,74,"307536,480524"
61,75,"893132,176750,101392"
61,76,"307536,480524"
61,81,975187
61,83,975187
61,84,975187
62,65,445207
62,67,194842
62,81,"194842,445207"
62,83,194842
62,84,194842
62,88,194842
62,90,371498
63,65,"426731,445207"
63,71,568070
63,81,445207
64,89,"964774,975522,1014685,619437,754685,994504,761107,734723"
4,92,911475
21,92,181027
25,91,445147
25,94,716902
29,91,"445147,501066"
29,94,118606
31,92,600263
34,91,445147
48,93,392937
50,96,"428202,616225"
51,96,616225
55,91,869865
59,96,"965330,519469"
60,91,200047
64,96,971440
65,92,273864
66,91,321135
66,93,957568
66,95,332850
67,92,"836821,238881"
67,93,369391
67,95,369391
68,91,607089
68,98,247735
69,91,"359007,607089"
71,91,543323
72,92,447321
72,94,954512
73,91,607089
74,92,836821
75,94,130464
77,92,836821
80,97,551846
81,93,369391
81,95,369391
81,97,303808
82,94,470042
83,93,369391
83,95,369391
84,93,369391
84,95,369391
87,97,955310
89,96,"734723,988692,998545,975522,964774,979705,548624,761107,1014685,619437,754685"
1,99,186974
4,99,"322207,380689,464842"
4,100,322207
4,101,322207
4,103,322207
9,104,749414
15,103,117321
21,100,228704
25,99,152806
25,103,348380
26,99,"106150,795345,465110,866133"
26,105,465110
30,99,"106150,795345,866133"
34,99,"106150,795345,866133"
37,99,152806
48,99,465110
48,105,465110
60,99,250397
61,100,139038
64,104,"735292,752568"
65,100,"502923,368624"
65,101,579353
65,102,224478
66,99,570365
66,100,"480524,307536,274400"
66,102,510627
66,105,"510627,466214"
67,99,"293992,348387,616924"
67,100,348387
67,101,348387
67,103,173319
68,100,330312
68,102,528757
68,105,470752
69,99,433003
69,101,897112
69,102,510627
69,105,510627
70,99,"332432,139113"
70,100,"325354,139113"
70,101,"606450,139113"
71,99,970021
71,102,510627
71,105,510627
72,99,"448585,602293,166603"
73,99,578038
74,100,"330312,502923,458921,480524,307536"
74,101,897112
74,103,458921
75,100,"554567,502923"
76,100,"480524,905016,307536"
77,100,454219
78,100,"184841,330312"
82,105,575826
88,105,470752
89,104,849812
91,99,"543323,501066,535916,607089,609205"
91,102,869865
91,103,"282261,535916"
92,99,447321
92,100,"181027,923982,447321"
92,101,447321
92,105,447321
94,103,954512
95,105,247704
96,104,"734723,988692,975522,1036452,964774,428202,971440,979705,616225,1034094,1014685"
12,106,473077
12,110,473077
14,110,881389
21,106,343312
25,110,756856
28,107,521461
58,107,379272
58,110,379272
59,111,471775
65,108,732484
65,110,298548
67,107,315504
68,108,570723
68,110,561615
69,108,732484
70,108,732484
74,108,732484
75,108,732484
78,106,"171799,605523"
78,110,566577
82,109,159082
91,107,359007
92,106,"482313,836821,558934"
92,107,372811
96,111,"998545,1007975,619437"
99,107,"250397,352108,607089,957813,578038"
99,108,139113
99,109,492413
100,106,"188482,307536"
100,108,"506588,139113"
100,110,307536
101,107,142372
101,108,"897112,606450,139113"
104,111,"988692,735292,964774,428202,971440,979705,1054006,749414,1034094,1014685,752568,1043402"
1,114,428148
4,117,441047
22,113,181964
25,114,145215
51,118,913872
60,112,508067
60,113,585369
61,112,493464
61,113,302709
61,115,302709
61,116,493464
62,115,309792
64,118,519885
65,112,419594
65,113,"502556,165785"
65,115,405901
65,116,533921
66,112,350390
66,114,270415
66,116,168983
66,117,539508
67,112,549049
67,113,"390982,964485"
67,117,622269
68,112,416080
68,115,"288466,443377"
68,116,141887
68,117,575459
69,112,"154248,549049,251654,419594,545590"
69,114,270415
70,112,"199285,419594"
71,112,193056
71,114,270415
72,112,549049
74,112,251654
75,113,"176750,966062"
77,113,128265
81,117,575459
85,117,539508
86,117,539508
90,115,371498
91,112,"515602,200047"
91,117,200047
92,113,247851
95,117,332850
96,118,519469
99,112,"1027715,866133"
99,115,616924
100,112,1027715
100,113,"599670,139038"
101,112,1027715
102,117,224478
105,112,470752
105,115,470752
106,113,"836821,473077"
107,112,"359007,957813"
108,114,"897112,553151,606450,732484"
110,112,756856
110,113,473077
111,118,"735292,964774,428202,1045705,979705,1058591,1054006,1007975,1014685,619437"
1,130,472871
9,128,526400
10,123,568132
10,125,"469049,568132"
10,129,154897
12,123,408175
14,123,568132
14,125,568132
14,129,154897
15,123,568132
15,125,568132
15,129,154897
16,123,568132
16,125,568132
16,129,154897
25,119,482512
25,130,309563
26,119,121128
27,119,318300
28,119,377365
28,127,745446
29,137,464331
29,138,464331
30,123,408175
30,129,386149
31,119,318300
31,123,408175
32,122,619574
32,130,619574
32,133,619574
32,134,619574
32,135,619574
34,119,318300
35,137,464331
35,138,464331
36,137,464331
36,138,464331
37,119,870293
38,122,827344
38,123,568132
38,125,"881847,568132"
39,119,131514
39,123,568132
39,125,568132
48,127,453207
50,128,578639
53,128,578639
54,128,"578639,468837"
55,124,"570060,615217"
57,119,142122
60,119,"594063,608653"
61,121,282188
62,130,544950
62,133,544950
62,134,544950
62,135,544950
63,126,379139
65,121,392932
65,123,156096
65,126,445207
65,127,144465
65,129,124913
65,130,"235232,445207"
66,119,"296815,289246"
66,123,"768034,379534"
66,127,768034
66,131,289246
67,119,339606
67,123,"555704,335097,518075"
67,125,555704
67,130,339606
68,123,514931
68,125,622767
68,130,973987
68,133,973987
68,134,973987
68,135,973987
69,119,296815
69,130,297431
70,120,144834
70,122,125579
70,131,366033
71,119,"177933,296815"
73,131,964983
73,133,964983
77,124,339428
79,136,127790
79,137,"607784,127790"
79,138,607784
80,132,832102
80,137,832102
80,138,832102
81,126,445207
81,130,445207
85,119,467594
86,138,453193
87,132,832102
87,137,832102
87,138,832102
90,123,353744
91,119,195864
91,130,445147
96,128,1037646
99,119,"890216,433003,570365"
99,122,"543323,166603,433003"
99,123,"604772,433003"
99,126,890216
99,130,"322207,166603,447321"
99,131,"332432,609205"
100,120,228704
100,121,"502923,211606,103371"
100,122,228704
100,123,211606
100,124,"184841,211606,228704"
100,130,"558639,322207,447321"
101,120,634282
101,130,"322207,447321"
103,129,794721
103,130,322207
104,128,1036452
105,127,575826
105,130,447321
106,119,307536
106,121,"564995,171799"
106,126,188482
107,119,"250397,542513,607089"
107,122,"250397,542513,607089"
107,123,"250397,315504,542513,462697,607089"
110,119,307536
111,128,"1047955,752568"
112,119,957813
112,122,957813
112,123,957813
112,130,"1027715,470752,200047"
112,131,"1027715,470752"
113,121,"836821,390982"
113,124,302709
114,119,"428148,200564"
114,120,"897112,428148,553151,606450"
114,121,428148
114,131,428148
115,124,302709
115,130,470752
115,131,470752
117,130,200047
118,128,"995860,428202,519885,1058591,1007975,1014685,619437"
0,158,604098
0,170,604098
0,171,449488
5,140,615114
5,160,437007
5,181,578978
8,167,605261
10,140,158554
10,141,258366
10,160,460711
10,178,460884
10,195,460884
11,140,158554
11,160,"699477,460711"
11,178,490737
11,182,413192
11,186,237582
12,140,158554
12,141,520071
12,151,288119
12,160,460711
12,183,527838
13,140,158554
13,160,460711
14,139,123777
14,140,158554
14,160,"699477,460711"
14,178,490737
14,182,413192
14,195,348809
15,140,"158554,204013,909107"
15,160,460711
15,170,204013
15,172,204013
15,173,204013
16,140,158554
16,160,460711
17,140,158554
17,160,"699477,460711"
17,178,490737
17,182,413192
18,140,158554
18,160,"699477,460711"
18,178,490737
18,182,413192
19,140,158554
19,160,460711
20,140,158554
20,160,460711
21,142,620532
21,151,620532
21,156,620532
23,140,461875
23,142,"109363,461875"
23,144,461875
23,145,461875
23,151,109363
23,156,109363
24,141,280194
24,152,280194
24,153,280194
24,155,280194
26,142,543430
26,146,409846
26,147,359909
29,139,123777
29,141,258366
29,147,871314
29,151,366711
29,182,413192
29,193,776030
30,141,258366
30,151,502013
30,152,509386
30,171,509386
30,175,509386
30,177,509386
31,170,335918
31,177,361022
31,182,413192
32,139,123777
32,140,192058
32,146,237374
32,158,110899
32,161,508075
32,182,413192
32,183,237374
32,186,192058
32,187,192058
33,140,225819
33,142,225819
33,144,225819
33,145,225819
36,158,110899
38,170,588699
39,153,355812
39,160,765564
40,140,400788
40,141,"761035,330991"
40,151,342688
40,152,330991
40,153,330991
40,155,330991
40,160,342688
40,164,342688
40,165,342688
40,175,761035
40,176,761035
42,140,158554
42,141,258366
43,140,158554
43,141,258366
44,140,158554
44,170,335918
45,140,"158554,365989"
46,141,258366
46,170,335918
47,140,114176
47,147,871314
48,152,509386
48,171,509386
48,175,509386
48,177,509386
49,147,871314
49,152,509386
49,171,509386
49,175,509386
49,177,509386
55,140,912494
55,141,880018
55,176,287867
55,187,287867
57,141,880018
60,141,538955
60,143,538955
60,144,538955
60,146,507911
60,161,538955
60,162,538955
60,184,538955
63,185,"382117,450524"
65,139,247754
65,140,"898398,247754"
65,141,"403828,137677,560373,247754"
65,152,"381808,107936,102086"
65,160,369769
65,161,137677
65,162,137677
65,171,427283
65,173,124784
65,175,"403828,374604"
65,176,403828
65,181,898398
65,183,898398
65,195,122503
66,140,"932372,899949,310155,199576,529805,149020"
66,141,"593390,452286"
66,144,297113
66,146,489485
66,147,537708
66,160,"424321,310155,149020"
66,161,593390
66,162,"310155,593390,149020"
66,163,"310155,149020"
66,170,497232
66,173,594866
66,178,576380
66,186,199576
66,187,199576
66,188,"453834,149020"
66,189,149020
66,190,149020
66,193,489485
66,194,510973
66,195,899949
67,140,"328019,953213,464243,622174,915453"
67,141,"913577,397622,313674,563904,449358,367948,540268"
67,151,328019
67,152,185798
67,153,328019
67,154,328019
67,160,548967
67,161,185798
67,164,185798
67,166,328019
67,168,328019
67,171,540268
67,172,540268
67,174,953213
67,176,953213
67,178,622174
67,179,622174
67,182,"397622,449358"
67,187,397622
68,139,101205
68,140,"101205,478470,579398,231331,120768"
68,141,"250153,404236,101205,499303"
68,144,497798
68,147,141636
68,152,404236
68,153,404236
68,155,404236
68,179,"541417,794611"
68,193,478470
69,147,883223
69,179,131494
73,141,131554
73,147,"298450,419307"
74,140,231331
74,144,297113
74,152,984551
75,143,101392
76,140,"387373,584471"
76,142,"387373,264679,584471,132260"
76,143,226924
76,144,"297113,387373,584471"
76,145,"387373,584471"
76,146,264679
76,150,264679
76,151,"264679,584471,132260"
76,153,584471
76,154,584471
76,156,"264679,584471,132260"
76,157,264679
76,196,584471
77,140,"591897,407307"
77,181,407307
78,140,231331
78,170,504538
79,151,451363
79,152,751640
79,158,"451363,422933,460228,118478"
79,159,"751640,600143,324104"
79,160,"422933,118478"
79,161,351686
79,174,422933
79,181,460228
79,184,351686
79,186,451363
80,151,251568
80,158,"739860,123801,253171,513268,314647,251568"
80,159,"145875,304391"
80,160,"513268,314647"
80,166,513268
81,141,137677
81,147,899788
81,161,137677
81,162,137677
82,153,257995
82,158,750189
82,168,257995
83,159,145875
85,140,149020
85,141,593390
85,160,149020
85,161,593390
85,162,"593390,149020"
85,163,149020
85,188,149020
85,189,149020
85,190,149020
86,140,149020
86,141,593390
86,160,149020
86,161,593390
86,162,"593390,149020"
86,163,149020
86,170,243592
86,188,149020
86,189,149020
86,190,149020
88,140,"899949,622174"
88,178,"576380,622174"
88,179,"622174,794611"
88,195,899949
90,140,509394
91,146,"200887,868830,615774"
91,160,200887
91,192,488496
92,140,262604
92,142,262604
92,144,"262604,273864,372638"
92,145,262604
92,156,600263
94,142,130464
94,146,531554
94,160,130464
96,180,"993844,1040091"
97,184,942775
99,141,"293992,464842"
99,143,293992
99,144,293992
99,146,"448585,970021"
99,147,"299397,464842"
99,148,464842
99,151,448585
99,157,448585
99,170,448585
99,174,448585
99,177,448585
100,139,368624
100,141,241558
100,142,368624
100,143,"330312,108526,368624"
100,144,181027
100,150,325354
101,150,873625
102,140,510627
102,147,243783
102,166,528757
103,141,"348380,286554"
103,167,286554
103,168,286554
103,175,348380
103,176,348380
103,182,348380
103,187,597464
103,191,597464
104,180,"734723,849812"
105,140,510627
105,172,466214
106,140,102120
106,142,"256962,102120"
106,144,102120
106,145,102120
106,146,240151
106,160,240151
106,173,240151
107,141,"578038,440924"
107,147,"578038,440924"
107,148,"578038,440924"
108,143,139113
108,147,139113
108,150,139113
109,152,835212
109,169,537872
110,140,561615
111,180,988692
112,140,"350390,359007,419594"
112,144,515602
112,146,"350390,359007,199285"
112,147,"985590,866133"
112,148,"350390,359007,515602"
112,149,"350390,359007"
112,150,515602
113,140,"407955,833102"
113,141,502556
113,142,"833102,473077"
113,143,"502556,128265"
113,144,"502556,833102"
113,145,833102
113,160,407955
113,162,407955
113,163,407955
113,166,833102
113,168,833102
114,147,145215
114,150,"732484,1050419"
115,141,"371498,205683,443377,503081"
115,152,443377
115,153,443377
115,155,443377
115,167,371498
115,168,371498
115,185,371498
115,187,503081
115,191,443377
116,174,533921
116,194,533921
117,139,575459
117,140,"328876,224478"
117,151,"441047,224478"
117,153,224478
117,154,224478
117,166,224478
117,168,224478
117,170,224478
117,172,224478
117,178,"328876,575459"
117,179,328876
118,180,"913872,1045705"
119,139,607089
119,140,607089
119,141,"607089,339606"
119,142,307536
119,146,607089
119,147,"250397,607089,500694"
119,148,"121128,607089"
119,149,607089
119,157,200564
119,166,870293
119,174,"131514,607089,570365"
119,175,607089
119,176,607089
119,181,433003
119,184,250397
119,191,121128
119,194,1001471
119,195,131514
120,142,"897112,1030310"
120,146,"897112,1030310,144834"
120,150,"897112,1030310,553151,606450,1003499"
121,140,502923
121,141,390982
121,142,"252901,595081,502923,171799"
121,143,392932
121,144,"502923,836821"
121,145,502923
121,152,390982
121,153,390982
121,155,390982
121,186,595081
122,139,607089
122,140,"125579,607089"
122,141,"607089,827344"
122,146,"125579,166603,607089"
122,147,"250397,607089"
122,148,"125579,607089"
122,149,"125579,607089"
122,160,125579
122,162,125579
122,163,125579
122,174,607089
122,175,607089
122,176,607089
122,181,"125579,433003"
122,182,619574
122,184,250397
123,139,"607089,462697"
123,140,"607089,462697"
123,141,"607089,462697"
123,146,607089
123,147,"250397,607089"
123,148,607089
123,149,607089
123,174,607089
123,175,"607089,185934"
123,176,607089
123,181,433003
123,182,412247
123,184,"250397,412247"
123,186,768034
123,192,1025269
124,144,570060
126,140,539446
127,179,575826
127,186,768034
128,139,"619437,752568"
128,160,752568
128,161,752568
128,180,"526400,995860,1014685,619437,1037646,1048011,1060608,1058591"
128,192,752568
128,193,752568
129,140,124913
129,151,1038520
130,140,322207
130,141,"339606,462727"
130,143,462727
130,144,462727
130,146,"322207,166603,445147,1027715"
130,148,"322207,470752"
130,149,322207
130,161,462727
130,162,462727
130,168,470752
130,169,470752
130,172,544950
130,179,470752
130,182,619574
130,184,324352
130,185,"322207,470752"
130,188,1027715
131,146,"964983,1027715"
131,147,"332432,209850"
131,148,"1054887,470752"
131,167,209850
131,168,470752
131,169,"209850,470752"
131,171,332432
131,178,615570
131,179,470752
131,181,653292
131,185,470752
131,188,1027715
132,159,832102
133,146,964983
133,172,544950
133,178,615570
133,182,619574
133,184,324352
134,172,544950
134,182,619574
134,184,324352
135,172,544950
135,182,619574
135,184,324352
136,151,588437
136,158,"588437,114666"
136,160,588437
136,164,588437
136,165,588437
136,174,588437
136,183,114666
137,151,588437
137,158,"588437,607784,114666"
137,159,832102
137,160,588437
137,164,588437
137,165,588437
137,174,588437
137,183,114666
138,158,607784
138,159,832102
21,198,428793
25,204,295601
26,197,171090
33,197,626070
33,199,626070
51,202,584447
52,202,957240
56,199,351712
65,199,196163
66,197,132519
66,199,430018
66,203,"118817,822265"
67,197,614173
70,201,344106
75,205,511792
78,198,281256
78,204,881500
89,202,535929
91,197,541453
95,203,141648
97,199,303808
99,197,"106150,416984,829768,501066"
99,199,416984
99,200,416984
99,201,416984
101,198,579353
107,197,372572
111,202,471775
112,197,493464
112,198,756856
116,197,493464
119,197,"195864,542513"
119,201,"267277,440578"
121,198,103371
122,197,542513
123,197,542513
124,204,339428
126,200,445207
128,202,"1036452,1007975"
130,197,447321
130,199,447321
130,200,445207
130,203,447321
139,197,607089
139,202,752568
139,205,368624
140,197,607089
140,200,622174
140,203,622174
141,197,"607089,578038"
141,198,"280194,390982,138058,538955"
141,199,"269417,560373"
141,200,"269417,371498,137677"
142,205,368624
143,198,538955
143,204,330312
143,205,368624
144,198,"836821,538955"
146,197,607089
147,197,"866133,607089,500694,578038"
148,197,"607089,578038"
149,197,607089
150,197,325354
152,198,"280194,390982"
153,198,"280194,390982"
155,198,"280194,390982"
156,198,468467
156,205,468467
160,199,884176
160,202,752568
161,198,538955
161,200,137677
161,202,752568
162,198,538955
162,200,137677
167,200,371498
168,200,371498
172,203,466214
174,197,607089
175,197,607089
176,197,607089
178,200,622174
178,203,622174
179,200,622174
179,203,622174
180,202,"995860,526400,1008376,1037646,989025,1082751,1014685,416219"
184,198,538955
185,200,371498
192,198,488496
192,202,752568
193,202,752568
0,236,187833
0,240,187833
0,259,187833
0,260,"187833,235462,403445"
2,239,555714
2,264,555714
3,239,555714
3,264,555714
6,264,363692
10,206,"285803,251002"
10,209,"285803,251002"
10,210,"766358,285803,251002"
10,211,"285803,251002"
10,214,"285803,251002"
10,215,"285803,251002"
10,216,"285803,251002"
10,218,"285803,251002"
10,219,"285803,251002"
10,220,"285803,251002"
10,221,"285803,251002"
10,241,251002
10,242,251002
10,244,251002
10,245,251002
11,206,251002
11,209,251002
11,210,251002
11,211,251002
11,214,251002
11,215,251002
11,216,251002
11,217,436693
11,218,251002
11,219,251002
11,220,251002
11,221,251002
11,241,251002
11,242,251002
11,244,251002
11,245,251002
12,206,"323920,251002,167298"
12,207,323920
12,208,323920
12,209,"323920,251002,167298"
12,210,"323920,251002,167298"
12,211,"323920,251002,167298"
12,212,"323920,247708"
12,213,323920
12,214,"323920,251002"
12,215,"323920,251002"
12,216,"323920,251002"
12,217,323920
12,218,"323920,251002"
12,219,"323920,251002"
12,220,"323920,251002"
12,221,"323920,251002"
12,241,251002
12,242,251002
12,244,251002
12,245,251002
13,206,251002
13,209,251002
13,210,251002
13,211,251002
13,214,251002
13,215,251002
13,216,251002
13,218,251002
13,219,251002
13,220,251002
13,221,251002
13,241,251002
13,242,251002
13,244,251002
13,245,251002
14,230,375104
15,210,619942
15,242,526047
17,218,905810
17,230,905810
17,231,905810
21,229,527677
24,228,355203
26,223,599235
27,226,305678
28,222,419033
29,224,563799
29,229,527677
29,240,"432305,864160"
29,259,432305
29,260,432305
29,262,561007
29,265,239799
30,217,752203
30,229,103019
30,232,365900
30,240,681522
30,257,573259
31,259,297364
31,260,427096
33,229,527677
35,239,261384
35,240,"432305,864160"
35,250,261384
35,259,432305
35,260,432305
36,240,"432305,485938,681522,864160"
36,257,573259
36,259,432305
36,260,"432305,427096"
37,226,305678
37,253,133022
42,217,436693
43,240,681522
44,217,436693
44,218,905810
44,226,305678
44,230,905810
44,231,905810
45,218,905810
45,230,905810
45,231,905810
46,240,681522
48,241,426139
55,227,560369
55,258,194469
57,246,547968
58,261,241533
60,222,355402
60,223,180230
62,236,592510
62,239,552282
65,218,566430
65,222,323804
65,223,460243
65,227,560291
65,229,571913
65,232,"323804,445612,828612,890800"
65,233,453384
65,234,756204
65,237,323804
65,238,844535
65,244,874591
66,206,254395
66,208,347476
66,209,165109
66,225,"805164,426511"
66,227,465004
66,232,"476652,257832"
66,233,932438
66,244,907710
67,224,479797
67,228,498529
67,235,"594027,518800"
67,236,227723
67,244,459070
67,251,498529
67,255,594027
68,215,458098
68,217,317644
68,223,293965
68,224,433622
68,225,"340253,917858"
68,233,376043
68,235,917858
68,237,917858
68,251,458098
69,222,323804
69,223,293965
69,225,"209659,429530"
69,232,323804
69,236,227723
69,237,323804
70,222,323804
70,232,323804
70,237,323804
71,222,198355
71,232,198355
71,235,199937
71,237,198355
71,241,198355
71,246,198355
71,248,198355
72,226,454083
72,236,227723
73,210,487885
73,223,293965
74,232,476652
75,228,"893132,480373"
75,229,146201
75,230,"563868,574409"
75,242,893132
75,247,893132
75,250,146201
75,266,563868
76,227,349622
76,230,191747
76,232,476652
76,241,349622
76,243,600101
76,247,349622
77,228,586233
77,230,480366
77,244,480366
77,247,480366
78,227,195200
78,228,528271
78,229,"524408,897326,222000"
78,233,528271
78,238,528271
79,239,296486
79,257,425954
79,260,"616689,425954"
80,239,191561
80,240,612824
80,259,612824
80,260,"602580,612824,270220"
81,215,458098
81,228,498529
81,235,594027
81,244,459070
81,251,"498529,458098"
81,255,594027
82,223,188309
83,228,498529
83,235,594027
83,244,459070
83,251,498529
83,252,956935
83,255,594027
84,228,498529
84,235,594027
84,244,459070
84,251,498529
84,255,594027
85,206,760240
85,209,760240
85,210,760240
85,211,760240
85,223,293965
85,232,760240
85,233,760240
85,235,760240
90,222,335156
91,224,298245
92,266,238881
93,224,298245
94,224,"298245,118606"
94,261,470042
95,224,298245
95,234,277301
98,224,384261
98,232,247735
98,243,298041
99,224,"465110,535916"
99,234,465110
99,237,465110
99,243,465110
99,246,465110
99,248,465110
99,250,465110
99,263,465110
100,229,458921
103,224,535916
103,226,287831
103,229,458921
103,236,287831
103,237,287831
103,253,287831
105,224,465110
105,234,465110
105,237,465110
105,243,465110
105,246,465110
105,248,465110
105,250,465110
105,263,465110
106,222,482313
106,227,"557487,482313"
106,228,453918
106,230,343312
107,209,269732
107,214,269732
107,215,562758
107,218,269732
107,219,269732
107,229,521461
107,233,562758
107,236,562758
107,237,352108
111,264,998545
112,222,549049
112,223,545865
112,224,193056
112,228,981371
112,235,332635
112,266,981371
113,225,585369
113,227,165785
113,230,139038
113,231,181964
113,255,139038
113,266,176750
116,235,490492
117,232,332850
118,264,979705
119,223,"467594,890216"
119,224,450623
119,225,479753
119,233,"467594,890216"
119,235,479753
119,237,"479753,467594,890216"
119,248,142122
119,256,890216
119,262,491803
120,207,1087105
120,229,228704
120,257,1087105
120,258,1087105
120,261,1087105
121,228,282188
121,229,456040
121,242,282188
121,247,282188
122,214,912460
122,222,912460
122,225,479753
122,226,912460
122,229,228704
122,232,842170
122,235,479753
122,237,479753
122,254,549038
122,255,939408
123,208,156096
123,224,315504
123,225,479753
123,235,479753
123,236,130640
123,237,479753
123,251,156096
124,227,302709
124,229,"184841,615217,228704"
125,223,159219
126,223,890216
126,233,890216
126,237,890216
126,256,890216
128,264,"578639,1047955,519885,468837"
130,224,309563
130,227,404347
130,237,973987
130,254,549038
130,255,939408
131,223,609205
131,224,1080244
133,224,1080244
133,227,404347
133,237,973987
133,254,549038
133,255,939408
134,227,404347
134,237,973987
134,254,549038
134,255,939408
135,227,404347
135,237,973987
135,254,549038
135,255,939408
137,240,464331
137,259,464331
137,260,464331
138,206,453193
138,207,453193
138,208,453193
138,209,453193
138,210,453193
138,211,453193
138,212,453193
138,213,453193
138,214,453193
138,215,453193
138,216,453193
138,217,453193
138,218,453193
138,219,453193
138,220,453193
138,221,453193
138,240,464331
138,257,453193
138,258,453193
138,259,"453193,464331"
138,260,464331
139,214,172631
139,233,462697
139,246,340311
139,254,575459
140,206,348948
140,208,250963
140,209,348948
140,210,"348948,250963"
140,211,348948
140,212,250963
140,213,250963
140,214,"172631,348948"
140,215,348948
140,216,348948
140,218,348948
140,219,348948
140,220,348948
140,221,348948
140,222,376431
140,224,125579
140,225,419594
140,229,"488638,833102"
140,232,"154953,568859"
140,233,462697
140,234,837799
140,235,"141681,492313,898398"
140,236,"958708,1016700,294838"
140,241,"827754,755136"
140,242,114176
140,249,884542
140,250,"350965,204013"
140,261,"827754,348948"
140,262,348948
141,207,883606
141,212,"258366,769479"
141,214,"172631,520071"
141,217,258366
141,218,258366
141,226,140183
141,227,502556
141,230,880018
141,233,462697
141,234,"397622,711978"
141,241,502556
141,242,191426
141,243,217797
141,244,880018
141,247,"502556,880018"
142,223,1030310
142,226,897112
142,227,595081
142,228,"307536,620532"
142,229,"149886,488638,833102,161742"
142,230,"127536,262086"
142,231,"897112,318322,528008"
142,232,595081
142,238,"595081,473077"
142,241,595081
142,247,595081
142,248,595081
143,223,139113
143,227,"502556,101392"
143,228,"128265,226924"
143,229,392932
143,241,502556
143,247,502556
144,227,502556
144,228,372638
144,229,"181027,488638,833102"
144,236,273864
144,241,502556
144,247,502556
144,252,614578
145,229,"488638,833102"
146,217,550893
146,222,376431
146,223,1030310
146,224,"507911,174617,125579,1027715"
146,225,615774
146,226,"448585,897112,868830"
146,231,897112
147,209,145215
147,222,299397
147,223,"871314,359909,139113"
147,224,298450
147,225,308273
147,226,266150
147,242,871314
147,246,871314
147,255,286035
148,222,376431
148,224,"125579,470752"
148,234,470752
148,237,470752
148,263,470752
149,222,376431
149,224,125579
150,223,"1030310,139113"
150,226,"897112,1043027"
150,231,897112
150,245,1043027
150,246,1043027
151,208,540788
151,224,441047
151,226,448585
151,228,620532
151,229,149886
151,231,437840
151,232,"241897,927249"
151,233,215782
151,235,366711
151,237,381313
151,239,588437
151,249,"579607,884542"
151,252,170293
151,257,"342688,251568"
151,258,588437
151,260,"588437,451363,251568"
152,240,199984
152,259,199984
152,260,"751640,199984"
153,223,257995
153,233,257995
153,237,257995
153,249,884542
153,252,614578
154,249,884542
156,228,620532
156,229,149886
156,230,"497772,204947"
156,235,497772
156,238,497772
156,252,614578
156,266,1061200
157,226,"448585,200564"
158,239,"110899,588437,460228,607784"
158,240,"604098,114666"
158,257,"314647,251568,118478"
158,258,"110899,588437,607784"
158,259,"604098,114666"
158,260,"110899,739860,588437,451363,427250,314647,607784,251568,118478,604098,114666"
159,260,"751640,957469"
160,206,348948
160,209,348948
160,210,348948
160,211,348948
160,214,348948
160,215,348948
160,216,348948
160,217,594114
160,218,348948
160,219,348948
160,220,348948
160,221,348948
160,224,125579
160,232,568859
160,236,1016700
160,239,588437
160,249,884542
160,257,"342688,314647,118478"
160,258,588437
160,260,"588437,314647,118478"
160,261,348948
160,262,348948
161,239,351686
162,206,348948
162,209,348948
162,210,348948
162,211,348948
162,214,348948
162,215,348948
162,216,348948
162,218,348948
162,219,348948
162,220,348948
162,221,348948
162,224,125579
162,232,568859
162,236,1016700
162,242,461611
162,249,884542
162,261,348948
162,262,348948
163,206,348948
163,209,348948
163,210,348948
163,211,348948
163,214,348948
163,215,348948
163,216,348948
163,218,348948
163,219,348948
163,220,348948
163,221,348948
163,224,125579
163,232,568859
163,236,1016700
163,249,884542
163,261,348948
163,262,348948
164,239,588437
164,249,884542
164,257,342688
164,258,588437
164,260,588437
165,239,588437
165,249,884542
165,257,342688
165,258,588437
165,260,588437
166,229,833102
166,234,528757
166,243,528757
166,248,528757
166,250,528757
167,240,130532
167,248,605261
168,208,594535
168,223,257995
168,224,470752
168,228,594535
168,229,"594535,833102"
168,233,257995
168,234,470752
168,237,"470752,257995"
168,252,614578
168,263,470752
168,265,594535
169,224,470752
169,234,470752
169,237,470752
169,263,470752
170,226,448585
170,234,588699
170,240,604098
170,250,204013
170,259,604098
170,260,604098
171,214,449488
172,250,204013
173,234,1046200
173,249,884542
173,250,"350965,204013,124784"
173,265,1046200
174,226,448585
174,232,154953
174,234,131514
174,239,588437
174,258,588437
174,260,588437
174,263,131514
175,234,374604
175,240,111737
176,232,154953
177,226,448585
178,206,"348948,490737"
178,209,"348948,490737"
178,210,"348948,490737"
178,211,"348948,490737"
178,212,460884
178,214,348948
178,215,348948
178,216,348948
178,218,348948
178,219,348948
178,220,348948
178,221,348948
178,249,490737
178,254,575459
178,261,348948
178,262,348948
179,206,348948
179,209,348948
179,210,348948
179,211,348948
179,214,348948
179,215,348948
179,216,348948
179,218,348948
179,219,348948
179,220,348948
179,221,348948
179,224,470752
179,234,470752
179,237,470752
179,261,348948
179,262,"575826,348948"
179,263,470752
181,224,"125579,433003"
181,235,898398
181,239,460228
182,234,397622
183,235,898398
183,240,114666
183,259,114666
183,260,114666
184,239,351686
185,224,470752
185,225,450524
185,234,470752
185,235,"523356,450524"
185,237,"470752,450524"
185,241,827754
185,261,"827754,382117"
185,263,470752
186,206,768034
186,207,768034
186,208,768034
186,209,768034
186,210,768034
186,211,768034
186,212,768034
186,213,768034
186,214,768034
186,215,768034
186,216,768034
186,217,768034
186,218,768034
186,219,768034
186,220,768034
186,221,768034
186,227,595081
186,229,488638
186,232,595081
186,238,595081
186,241,595081
186,247,595081
186,248,595081
186,260,451363
187,229,488638
187,234,397622
188,217,594114
188,224,1027715
188,234,1046200
188,236,1016700
188,265,1046200
189,217,594114
189,236,1016700
190,217,594114
190,236,1016700
191,208,594535
191,214,172631
191,228,594535
191,229,594535
191,265,594535
194,217,209794
195,212,460884
195,234,131514
195,241,496856
195,243,348809
195,263,131514
197,222,"607089,171090"
197,223,468749
197,224,"447321,1035275,866133"
197,232,"607089,171090"
197,234,866133
197,237,"607089,171090,866133"
197,244,541453
197,249,607089
198,226,579353
198,227,"428793,836821"
198,229,281256
198,230,313887
198,232,836821
198,233,468467
198,234,281256
198,238,"281256,836821"
198,249,488496
198,266,836821
199,224,447321
199,232,293944
202,264,"1007975,1008376,1014685,1082751,536334"
203,224,447321
203,262,822265
204,229,"511024,339428"
204,234,339428
204,238,339428
204,266,339428
205,233,468467
0,274,292347
22,268,485901
22,270,485901
22,272,485901
26,268,485901
26,270,485901
26,272,485901
37,267,131348
65,268,481388
66,273,449890
67,271,975187
70,267,130769
70,271,425686
71,271,206111
81,271,975187
83,271,975187
84,271,975187
99,267,208423
100,268,1015669
102,273,120286
106,268,"482352,558934"
107,271,478530
111,276,1015043
115,270,405901
117,267,817595
117,270,817595
117,271,817595
118,275,749038
121,268,211606
123,268,211606
124,268,211606
139,275,619437
140,267,132253
140,268,132253
140,269,132253
141,267,350732
142,268,171799
142,269,430159
146,267,132253
146,268,132253
146,269,132253
146,271,237374
148,267,132253
148,268,132253
148,269,132253
149,267,132253
149,268,132253
149,269,132253
150,269,1003499
152,267,350732
153,267,350732
155,267,350732
174,267,570365
180,275,619437
180,276,849812
183,271,237374
197,267,"106150,532781"
197,269,325354
198,270,538955
202,275,1037646
210,271,487885
222,267,323804
222,268,"482313,482313"
224,267,"125579,433003"
225,267,209659
226,267,325450
226,269,897112
227,268,"482313,482313,836821"
227,270,836821
227,272,836821
228,268,893132
228,272,"298742,452545"
229,267,281256
229,268,"571913,385630,281256"
229,269,281256
229,272,833102
231,269,897112
232,267,323804
232,268,836821
232,270,836821
232,272,836821
234,267,281256
234,268,281256
234,269,281256
236,267,325450
236,270,"266879,875771"
236,274,187833
237,267,"323804,325450"
238,267,"281256,156644"
238,268,"281256,836821,473077"
238,269,281256
238,270,836821
238,272,836821
239,274,351686
240,274,"681522,199984,187833,604098,114666"
242,268,893132
247,267,156644
247,268,893132
248,267,156644
253,269,1072489
257,274,"118478,1095891,314647,425954"
259,274,"199984,187833,604098,114666"
260,274,"751640,427096,118478,1095891,427250,314647,199984,187833,604098,602580,425954,114666"
264,275,"754776,519885,979705,860435,1007975,1082751,1152434"
264,276,"860435,1082751,1152434"
266,268,836821
266,270,836821
266,272,836821
1,277,604625
21,277,146585
29,283,244827
35,283,244827
36,283,244827
64,285,"995513,719763"
65,277,160378
65,280,449280
66,280,536487
67,280,"560724,621358"
68,280,408382
73,287,759495
79,283,389285
88,284,484507
92,277,911475
93,281,369391
95,281,369391
100,282,923982
108,279,506588
113,286,282802
114,279,686919
118,285,519469
119,281,177933
126,277,188482
130,287,813375
131,287,366033
132,283,108938
133,287,813375
134,287,813375
135,287,813375
136,283,108938
137,283,108938
140,277,359007
141,278,105649
142,278,252901
144,277,515602
146,277,359007
146,287,445147
147,277,250397
148,277,"515602,359007"
149,277,359007
150,277,515602
150,279,"553151,606450"
152,278,105649
153,278,105649
155,278,105649
157,277,244550
180,285,"734723,1058591,1048011"
182,278,105649
184,277,250397
185,278,105649
187,280,315579
189,277,482649
195,280,911887
198,278,390982
202,285,"995860,471775,752568"
203,277,383170
204,278,330312
206,284,348948
209,284,348948
210,284,348948
211,284,348948
214,284,348948
215,284,348948
216,284,348948
218,284,348948
219,284,348948
220,284,348948
221,284,348948
222,277,607089
223,277,609205
223,281,"1030310,468749"
224,277,"274953,470752,866133,447321"
224,281,450623
224,284,"465110,470752,447321"
225,280,450524
227,278,502556
229,278,897326
229,282,"536971,150448"
229,286,339428
230,278,313887
230,282,191747
230,286,563868
232,277,607089
234,277,"470752,866133"
234,284,"465110,470752"
234,286,339428
235,280,"193807,450524"
237,277,"470752,866133,352108,607089"
237,280,450524
237,284,"465110,470752"
238,286,339428
239,281,552282
239,283,"607784,483533,1061637"
240,283,"432305,464331,612824"
241,278,502556
243,284,465110
246,284,465110
247,278,502556
248,284,465110
249,277,607089
250,284,465110
258,277,193871
258,283,607784
259,283,"432305,464331,612824"
260,283,"957469,607784,432305,616689,451363,270220,235462,464331,368080,612824,403445"
261,284,348948
262,284,348948
263,277,470752
263,284,"465110,470752"
264,285,998545
266,278,"176750,238881"
266,286,"176750,563868,1061200,339428"
267,277,"125579,281256"
267,278,281256
267,279,281256
267,281,"106150,130769"
267,284,125579
268,277,281256
268,278,"385630,281256,836821"
268,279,281256
268,280,385630
268,282,385630
268,286,"836821,1015669"
269,277,281256
269,278,"281256,325354"
269,279,"897112,281256"
269,280,325354
269,282,325354
270,278,836821
270,286,836821
272,278,836821
272,286,836821
274,283,"751640,1171591,118478,1095891,427250,1167617,314647,199984,1168767,1163691,187833,604098,602580,425954,114666,292347"
275,285,"614220,1152434"
276,285,"614220,849812,1152434"
5,294,339524
28,290,484135
60,288,419058
65,291,361695
66,291,376854
66,296,219965
67,288,742338
68,288,358331
68,291,501913
74,288,742338
77,288,742338
81,288,"358331,742338"
83,288,742338
84,288,742338
100,298,454219
112,288,901399
112,289,327452
112,292,496456
113,289,964485
116,288,515047
116,293,445481
121,289,"486023,328952"
125,289,622767
126,292,156705
127,291,745446
130,292,398225
133,292,398225
134,292,398225
135,292,398225
136,293,127790
137,293,127790
140,288,120768
140,289,461875
140,291,"149020,510627"
140,296,328876
140,298,584471
141,291,"415780,913577"
142,289,461875
142,290,130464
142,298,584471
143,291,546750
143,298,955102
144,289,"461875,497798"
144,291,497798
144,298,584471
145,289,461875
145,298,584471
146,292,489485
147,288,899788
147,294,899788
147,295,899788
150,290,"1050419,732484"
151,293,423574
151,298,584471
152,298,955102
153,294,716605
153,298,584471
154,298,584471
156,298,"955102,584471"
158,293,423574
160,290,130464
160,291,149020
162,291,149020
163,291,149020
174,293,162567
178,296,328876
179,296,328876
188,291,149020
189,291,149020
190,291,149020
193,292,489485
196,298,584471
197,288,"614173,542513"
198,289,153850
199,289,"153850,126718,879507"
200,294,371498
200,296,622174
203,296,622174
204,298,881500
205,289,153850
222,288,549049
223,288,545865
225,292,"419594,805164"
227,298,195200
228,289,372638
230,298,565260
231,289,"317586,1068315"
232,291,445612
233,288,462697
234,291,588699
236,289,317586
236,294,592510
238,289,317586
239,293,"261384,460228"
242,295,712041
246,288,324441
247,289,447143
250,293,261384
254,298,549038
259,293,149963
260,293,739860
264,297,1047955
266,289,716095
267,289,532781
268,289,"481388,171799,558934"
268,291,171799
269,288,1072489
270,294,319484
270,296,319484
272,289,298742
274,293,427096
275,297,"979705,1113856"
276,297,"1015043,1153425"
277,288,"274953,250397,125579,281256,470752,376147,607089,609205"
277,289,"274953,281256"
277,290,"274953,281256"
277,294,470752
277,295,470752
277,296,"125579,470752"
278,288,281256
278,289,"281256,836821"
278,290,281256
279,288,281256
279,289,281256
279,290,"897112,281256,553151,506588,606450,686919"
283,293,"751640,957469,607784,244827,1171591,432305,483533,118478,1095891,427250,133892,1061637,314647,451363,1166148,1167207,1168767,108938,270220,1163691,187833,464331,368080,612824,903640,425954,114666,403445,292347"
284,288,"125579,470752"
284,294,470752
284,295,470752
284,296,"125579,470752"
285,297,"734723,995860,995513,471775,1058591,1152434,1048011"
286,289,836821
1,307,541273
40,303,195246
44,305,161394
65,301,380881
67,299,141778
68,299,"476566,383912"
68,306,460099
71,301,202371
91,300,185183
100,303,429092
107,306,845834
120,304,634282
140,299,310155
140,303,502923
142,303,"502923,153970"
143,302,208744
144,303,502923
145,303,502923
146,300,256540
146,307,531554
147,307,287608
151,305,205109
152,307,835212
158,305,205109
159,305,746930
160,299,310155
162,299,310155
163,299,310155
168,306,112161
184,305,746930
191,306,112161
197,300,"382985,578038"
200,306,137677
223,301,139113
223,303,139113
223,304,139113
223,307,890216
224,300,353820
224,301,309563
225,300,429530
226,302,579353
227,303,"101392,864534"
229,303,109910
233,307,890216
234,299,837799
235,299,492313
237,300,578715
237,301,973987
237,302,578715
237,304,578715
237,307,890216
241,306,829955
256,307,890216
257,305,251568
260,305,251568
267,300,"325450,570365"
269,304,"616355,1003499,968700"
270,302,538955
277,299,450776
277,300,359007
277,302,188482
278,302,"385630,105649,252901"
280,302,385630
282,302,385630
283,305,"616689,521982,1198352,523545,199984,604098,602580"
286,303,563868
288,299,470752
288,300,"545865,470752"
288,301,470752
288,304,281256
288,306,470752
288,307,470752
289,302,532781
289,304,281256
290,304,"897112,281256,606450"
293,305,"739860,751640,607784,427096,244827,1171591,118478,427250,133892,1061637,261384,314647,235297,451363,127790,1166148,1205586,1167207,1168767,270220,552846,1163691,187833,460228,464331,368080,612824,425954,114666"
294,299,470752
294,300,470752
294,301,470752
294,306,470752
294,307,470752
295,299,470752
295,300,470752
295,301,470752
295,306,470752
295,307,470752
296,299,470752
296,300,470752
296,301,470752
296,306,470752
296,307,470752
42,308,366177
67,308,197678
79,311,421137
82,320,794248
91,310,425149
99,313,186974
109,312,591465
111,315,1034094
112,309,867699
115,309,616924
119,309,377365
119,314,304298
126,313,397289
128,315,528700
130,317,387532
130,318,387532
130,319,387532
131,309,259947
133,309,259947
140,308,400788
140,309,350390
140,312,495076
141,309,832718
146,309,350390
147,309,832718
148,309,"350390,832718"
149,309,350390
151,316,351455
151,318,351455
159,311,603391
161,309,832718
161,317,213412
161,318,213412
161,319,213412
162,309,832718
171,311,603391
173,309,594866
180,315,988692
197,309,"195864,372572"
202,315,584447
206,311,915181
223,309,299637
225,309,917858
229,308,"538133,511024"
229,312,538133
232,308,476652
232,312,329426
233,308,908076
233,314,468467
233,320,468467
235,309,917858
237,309,917858
239,311,110899
239,315,555714
251,312,203373
255,312,289822
257,311,915181
258,311,110899
260,311,110899
264,315,"555714,1014685"
275,315,1007975
277,309,911475
277,313,911475
278,308,176750
286,308,"176750,1015669,339428"
288,309,"274953,419058,600407"
288,313,419058
289,308,"327452,716095,372638"
289,309,274953
290,309,274953
290,310,686919
293,311,"957469,1045120,1095891,275782,108938,403445,292347"
297,315,"734723,995860,1047955"
299,309,470752
300,309,"545865,359007,470752"
301,309,"973987,470752"
302,308,105649
304,308,281256
304,309,281256
304,310,"897112,281256,606450,1003499"
305,311,"739860,751640,607784,1180756,427096,1171591,251568,118478,616689,133892,1061637,1198352,314647,235297,127790,205109,1166148,1205586,1168767,270220,552846,187833,460228,464331,368080,602580,612824,156634,114666"
306,309,470752
307,309,470752
307,314,890216
1,329,184838
7,330,165402
8,329,211111
8,330,165402
17,335,510225
17,338,510225
27,321,591109
51,337,622027
56,338,477520
60,336,357820
65,336,341101
66,328,356217
66,332,460889
66,333,280966
67,336,320242
68,321,193333
68,331,876531
69,321,197718
69,322,313472
75,322,421208
76,322,341341
92,322,"401971,618347"
93,328,152797
95,329,113725
97,338,179988
103,333,323046
106,322,274742
109,321,111958
112,321,406056
113,322,463550
122,321,346289
122,325,346289
124,330,461997
126,329,105047
129,325,308992
130,321,346289
130,325,346289
140,332,401082
140,334,506632
141,328,"430886,499303"
141,331,499303
142,322,"543430,109363"
144,322,881662
146,321,447717
146,322,240151
146,338,964983
147,321,1039714
147,322,1039714
147,323,1039714
148,321,121128
150,322,873625
151,322,109363
152,328,430886
152,331,499991
152,332,381808
153,328,430886
155,328,430886
156,322,109363
156,328,364804
157,330,194077
160,322,240151
166,334,506632
168,334,506632
170,331,338042
173,322,240151
174,321,287754
174,328,948321
191,321,121128
193,328,948321
195,331,338042
197,321,"932650,500694"
198,321,487798
198,322,"594278,339445,1019603"
198,338,864313
201,329,406750
202,337,"1036452,989025"
204,322,339445
204,338,864313
205,322,511792
222,321,230440
223,321,113875
223,333,113875
224,321,1027715
226,321,305264
226,338,305678
228,322,480373
228,334,226924
228,335,498529
229,322,456040
229,334,527677
229,335,163869
230,322,278491
231,322,118554
234,331,528757
234,333,"397622,711978"
235,321,332635
239,326,567220
241,328,827754
242,329,349408
243,331,528757
245,321,305264
246,321,305264
248,331,528757
250,331,528757
251,328,546857
251,333,546857
251,335,498529
254,326,567220
261,328,827754
262,328,546857
262,333,546857
267,321,433003
267,323,132253
267,332,433003
268,322,473077
268,323,132253
269,323,132253
271,321,237374
272,322,"535243,833102"
272,335,833102
273,331,120286
275,337,"1082751,1179263"
276,337,1082751
277,321,"447321,245076,866133"
277,336,447321
278,322,502556
280,323,315579
280,336,252184
281,328,369391
282,322,463969
282,324,463969
283,326,235462
284,321,447321
284,336,"252184,545368,447321"
289,322,"171799,558934"
289,334,1068315
290,323,"553151,732484"
290,335,410397
290,338,410397
291,322,171799
293,324,149963
293,325,149963
293,326,"483533,999796,149963,903640"
293,327,149963
294,328,371498
295,323,712041
297,337,979705
298,322,"955102,454219"
298,330,549038
299,321,450776
302,322,"492488,1124305"
302,328,492488
302,330,492488
303,322,"563868,502923"
303,333,502923
303,334,502923
305,324,"1163691,244827"
305,325,"1163691,244827"
305,326,"1163691,1196697,244827,427250,261384,523545,746930,1167207"
305,327,"1163691,244827"
307,329,"541273,287608,835212"
308,323,281256
309,321,"115022,600407,419058,470752"
309,323,281256
309,335,115022
309,336,470752
310,323,"897112,606450,281256,1037370"
311,324,"1171591,1095891,1198352,612824,739860,118478,235297"
311,325,"1171591,1095891,1198352,612824,739860,1061637,118478,235297"
311,326,"751640,1171591,1095891,616689,1198352,205109,108938,602580,612824,739860,133892,127790,1166148,156634,957469,1180756,427096,603391,421137,1205586,1168767,187833,460228,464331,368080,292347,607784,251568,118478,235297,270220,552846,114666,403445"
311,327,"1171591,1095891,1198352,612824,739860,118478,235297"
313,321,"419058,1109301"
313,333,1109301
315,337,"995860,1014685,1047955,988692"
317,326,1221607
318,326,1221607
319,326,1221607
4,340,240562
8,349,825168
25,341,498303
25,350,463253
49,347,273854
61,343,432898
61,345,432898
65,339,502604
66,340,475601
67,352,318269
68,340,311524
68,348,311524
68,349,311524
69,340,475601
71,340,475601
72,341,193677
83,348,598334
91,340,342699
93,349,392937
102,343,869865
102,347,869865
103,339,173319
103,347,173319
106,339,440971
106,343,558424
116,339,462214
116,344,455312
116,352,462214
116,353,462214
122,340,"543323,959369"
124,339,599245
124,343,599245
124,344,599245
125,348,881847
140,339,"156490,599279"
140,340,544399
141,339,"367948,487374"
141,340,464842
141,348,448590
142,343,675569
146,340,457077
147,340,464842
147,341,985590
148,340,464842
151,340,193469
151,345,109730
156,343,421796
160,339,878894
160,340,"457077,287308"
160,346,437007
160,347,287308
171,353,427283
178,339,576380
179,348,529602
181,345,109730
183,339,599279
184,345,556062
185,351,961949
188,340,457077
189,340,457077
190,340,457077
192,340,287308
192,347,287308
193,350,121590
194,340,457077
195,340,101105
195,347,101105
196,340,101105
196,347,101105
203,340,296174
205,343,459345
206,339,285803
206,340,768034
207,340,768034
208,340,768034
209,339,285803
209,340,768034
210,339,285803
210,340,768034
211,339,285803
211,340,768034
212,340,768034
213,340,768034
214,339,285803
214,340,768034
215,339,285803
215,340,768034
216,339,285803
216,340,768034
217,340,"768034,550893"
218,339,285803
218,340,768034
219,339,285803
219,340,768034
220,339,285803
220,340,768034
221,339,285803
221,340,768034
222,340,229711
222,341,999728
223,339,496238
223,340,467594
224,339,535916
224,340,535916
224,341,535916
224,342,535916
224,352,535916
224,353,535916
225,340,426511
226,343,157047
226,347,157047
226,348,157047
226,350,157047
228,344,487513
228,353,487513
229,339,521461
229,343,"149886,521461"
229,344,521461
230,339,343312
230,343,"497772,343312"
230,344,"287447,343312"
231,344,318322
232,344,568859
232,351,1073949
233,340,467594
233,348,174251
233,352,477001
235,339,142309
235,343,497772
235,348,594027
235,351,"448779,142309"
236,339,"273864,280320"
236,340,273864
236,341,273864
236,342,273864
237,340,467594
238,343,497772
244,340,541453
244,351,907710
245,343,1029030
245,347,1029030
246,340,340311
255,348,594027
255,351,448779
261,351,1073949
262,351,575826
263,351,1073949
268,343,"356945,482352"
277,340,"193871,352108"
278,344,606741
278,353,606741
280,340,"183931,450524"
280,343,535454
281,340,"428273,106150"
282,343,191747
286,344,606741
286,353,606741
288,339,397295
288,340,"607089,609205,397295"
288,341,397295
288,342,397295
288,343,614173
288,351,609205
289,343,298742
291,350,376854
292,340,489485
296,351,622174
298,343,881500
299,352,"837799,204046"
300,339,"133917,429530"
300,340,508797
302,343,538955
303,343,321180
305,346,425954
305,347,521982
307,349,489263
308,343,"105649,400788,413547"
309,340,545865
309,349,911475
310,349,929267
311,345,915181
312,340,591465
313,349,911475
321,339,591109
321,340,"188588,447321,609497,591109"
321,341,591109
321,342,591109
321,347,487798
321,349,433003
321,350,193333
322,344,"543430,278491"
322,349,372038
324,345,244827
324,346,"1171591,1095891,1198352,612824,739860,107030,118478,235297"
325,345,244827
325,346,"1171591,1095891,1198352,612824,739860,107030,118478,235297"
326,345,"108938,957469,244827,403445"
326,346,"751640,1171591,483533,1095891,616689,1198352,205109,999796,108938,602580,612824,739860,107030,133892,127790,1166148,156634,957469,427096,427250,603391,421137,1205586,1168767,187833,460228,464331,292347,607784,118478,235297,1167207,552846,114666,403445"
327,345,244827
327,346,"1171591,1095891,1198352,612824,739860,107030,118478,235297"
329,351,113725
332,349,433003
334,343,475803
335,344,410397
335,349,372038
336,340,447321
336,350,341101
338,344,410397
338,349,372038
29,358,423459
47,357,130799
47,367,130799
65,354,243136
65,364,466468
65,367,286476
66,358,464167
68,358,269492
73,355,485421
73,365,485421
73,366,485421
76,359,814206
85,354,625091
85,362,625091
99,356,576981
99,359,576981
99,360,576981
102,357,373747
106,354,605523
119,354,721265
119,355,482512
127,357,144465
127,358,144465
140,354,407307
140,358,"179724,523515"
140,365,312163
144,359,570060
146,355,589121
147,355,602814
171,355,602814
175,364,274199
179,355,890276
181,354,407307
182,358,413192
206,358,254395
223,358,359909
224,355,174617
225,360,1046665
225,370,903506
226,358,188558
227,354,343449
228,354,202124
228,358,202124
228,359,"202124,586233"
230,354,"480366,901879"
230,357,393650
230,358,393650
230,365,480366
233,362,376043
234,358,220023
234,362,220023
234,364,220023
235,357,393650
235,358,393650
238,357,393650
238,358,393650
244,354,480366
244,365,480366
247,354,480366
247,365,480366
248,368,997163
250,355,262442
266,359,798464
266,369,798464
267,355,323804
267,358,323804
267,360,323804
267,362,323804
267,363,323804
267,364,323804
277,355,231893
286,354,1047905
286,369,"1061200,741769"
288,367,542513
289,354,328952
289,369,836821
290,355,1161081
290,356,130464
290,360,506588
291,368,313130
292,355,1161081
308,354,"536074,176750"
308,369,"716095,339428"
308,370,"511024,339428"
309,355,"973987,350390,195864"
309,365,616924
311,361,1045120
313,355,454794
317,355,184920
321,355,500694
321,356,1027715
321,368,779784
322,369,563868
322,370,339445
323,354,132253
323,355,132253
323,356,"897112,132253,281256,606450,732484"
324,361,1163691
325,361,"1061637,1163691"
326,361,"1180756,127760,270220,1163691,368080,903640"
327,361,1163691
328,365,369391
328,366,"542397,364804"
328,367,546857
329,366,"835212,211111"
331,362,528757
331,368,528757
332,357,460889
333,367,546857
335,365,498529
338,364,179988
338,366,477520
338,370,"864313,344157"
340,355,"426511,545865,508797,450524"
340,357,545865
340,358,545865
340,360,"545865,543323"
343,354,"105649,164593"
344,354,455312
345,361,"957469,244827,108938,403445"
346,357,"483533,329014"
346,361,"739860,751640,957469,607784,1171591,483533,118478,1095891,427250,616689,133892,421137,1198352,235297,127790,205109,1167207,999796,1168767,108938,187833,464331,612824,425954,403445"
348,367,448590
349,355,825168
31,371,374383
40,371,374383
41,371,374383
55,383,536214
60,377,420839
60,378,420839
62,377,420839
62,378,420839
63,377,420839
63,378,420839
64,382,779524
65,374,141815
65,381,141815
66,379,223493
68,374,564686
74,374,"564686,141815"
74,381,141815
75,374,141815
75,381,141815
78,374,564686
83,378,596052
109,380,720705
112,372,143826
118,382,735292
119,371,318300
119,372,"490823,318300"
119,373,318300
121,374,588268
121,378,588268
123,381,568132
125,381,568132
140,371,199576
140,374,523822
140,381,451669
141,378,180207
144,371,297113
146,373,127960
152,371,509386
159,376,362310
160,381,451669
162,381,451669
163,381,451669
168,378,773493
170,371,"805158,188766"
170,377,805158
171,371,509386
175,371,509386
177,371,509386
186,371,199576
187,371,199576
188,381,451669
189,381,451669
190,381,451669
197,373,"493464,472493"
197,379,493464
198,372,"756856,905659"
203,372,141648
203,378,895218
203,380,895218
214,378,779732
222,372,299397
222,383,526049
224,372,315504
227,374,360867
227,375,1093208
228,374,282188
229,374,488638
230,374,375104
232,378,"134163,332850,779732"
232,380,134163
234,371,131514
234,378,"277301,131514"
235,371,518800
236,378,779732
239,376,588437
242,374,282188
244,371,459070
247,374,282188
252,372,582842
252,378,582842
252,379,582842
258,376,588437
260,376,588437
261,378,"134163,382117"
261,380,134163
262,380,291218
263,371,131514
263,378,"134163,131514"
263,380,134163
267,372,208423
268,374,479474
273,381,173416
274,376,681522
275,382,519885
278,383,330312
283,376,1167617
285,382,998545
287,373,445147
288,371,1175910
288,372,899788
288,378,358331
293,376,"1103098,370988"
294,372,899788
294,378,716605
295,372,899788
296,378,"530944,530944"
296,380,"530944,530944"
298,383,462819
305,376,"199984,604098"
308,374,1015669
309,372,274953
310,372,1003499
310,374,1003499
310,375,"686919,1003499"
311,376,"314647,275782"
315,382,734723
321,372,"470752,600407"
321,377,111958
321,379,"312415,414193"
321,380,470752
322,374,1124305
322,383,463969
323,372,553151
324,383,463969
325,371,308992
326,376,"1236675,261384"
328,371,499303
328,377,437974
328,378,430886
330,372,223220
330,374,223220
330,375,223220
330,383,461997
331,371,499303
331,377,437974
333,371,"271497,280966"
335,379,312415
336,372,470752
336,380,470752
337,382,"988692,995860,1082751,1014685"
339,373,429530
339,374,273864
339,375,535916
340,372,"188588,607089,609205"
340,374,273864
340,375,535916
340,381,607089
341,374,273864
341,375,535916
342,374,273864
342,375,535916
343,371,356945
344,374,410397
345,376,915181
346,376,"107030,427096,1166148,552846,460228,602580,156634,114666,292347"
348,372,1111303
349,372,911475
351,372,609205
351,377,157246
351,380,"949568,575826"
352,372,1111303
352,375,535916
353,375,535916
354,374,"518762,105649"
354,375,132253
354,378,518762
355,372,545865
355,375,132253
356,372,896292
356,374,896292
356,375,"897112,132253,281256,239844,896292"
357,372,545865
357,376,"483533,329014"
358,372,545865
360,372,"545865,338288"
360,373,506588
361,371,127790
361,376,"739860,751640,957469,607784,838190,244827,1171591,483533,1095891,427250,616689,133892,1061637,1198352,421137,235297,1237802,127790,1167207,999796,1168767,108938,270220,1163691,187833,464331,612824,903640,425954,403445"
362,371,1107311
363,372,896292
363,374,896292
363,375,896292
365,372,616924
367,378,546857
79,387,162055
99,384,269982
99,386,239503
106,392,365510
112,384,545910
112,385,422118
112,390,422118
115,385,422118
115,390,422118
119,384,567321
119,390,567321
123,384,363138
126,384,567321
126,390,567321
140,387,529805
142,385,"711515,228856"
159,389,353175
197,392,258020
198,384,614909
198,391,614909
198,392,614909
199,391,749724
201,390,344106
218,392,483161
223,392,"535047,145478"
224,388,298450
226,384,287831
226,391,287831
226,392,287831
229,385,228704
233,392,535047
236,384,287831
236,391,287831
236,392,287831
237,384,287831
237,391,287831
237,392,"535047,287831"
238,384,844535
253,384,287831
253,391,287831
253,392,287831
255,392,483161
267,384,1063946
278,387,366567
279,392,526887
284,392,465110
289,384,622767
289,391,622767
289,392,622767
295,384,601965
295,391,601965
295,392,601965
299,391,484505
300,384,570365
300,387,570365
300,388,570365
302,388,"188482,579353"
304,386,1120736
308,385,344970
308,390,1062112
309,384,1176580
311,389,110899
312,390,1062112
321,384,121128
321,385,121128
321,386,121128
321,387,121128
321,388,121128
321,391,121128
321,392,121128
322,385,"873625,171799,473077"
323,386,"762882,762882,1037370"
323,392,"762882,762882"
328,390,371498
339,384,496238
339,392,591109
340,384,252547
340,388,447321
340,390,252547
340,391,252547
340,392,"252547,591109,447321"
341,392,"475855,591109"
342,392,591109
343,384,614173
343,385,"538955,400788"
343,392,1029030
346,389,1205586
347,392,1029030
348,392,1163901
349,384,433003
349,391,433003
349,392,433003
351,384,113725
354,385,625091
354,386,1063971
354,392,1063971
355,384,450524
355,386,1063971
355,388,174617
355,392,"1063971,195864"
356,386,1063971
356,392,1063971
358,392,127538
361,387,205109
361,388,127760
361,389,"118478,127760"
362,385,625091
366,392,835212
371,387,308992
371,389,127790
372,384,"545865,188588,470752"
372,386,1003499
373,392,472493
374,385,1124305
374,386,1003499
375,384,281256
375,385,281256
375,386,"897112,132253,281256,1003499"
375,392,132253
376,387,838190
376,389,"739860,751640,957469,838190,681522,427096,1171591,483533,1095891,427250,616689,1167617,133892,1061637,421137,1198352,314647,235297,1237802,127790,1166148,1167207,1168767,108938,270220,552846,1163691,187833,464331,602580,612824,156634,425954,114666,403445"
380,384,470752
6,399,552972
15,396,373743
30,395,474673
94,393,124681
100,397,958301
112,393,508067
116,395,168983
118,399,1054006
140,394,426964
146,393,"625753,409846"
146,395,625753
148,393,582952
151,394,426964
151,395,928931
153,394,426964
154,394,426964
170,395,928931
182,395,619574
185,394,426964
188,393,625753
188,395,625753
222,393,158939
227,394,563531
232,393,158939
234,397,1046200
237,393,158939
250,397,480899
250,398,480899
265,397,1046200
288,393,549049
291,393,745446
291,395,745446
293,396,1042827
297,399,1058591
302,394,252901
302,395,252901
309,393,359007
313,393,600365
313,394,186974
313,395,600365
315,399,1034094
325,394,427779
326,396,523545
332,395,499532
334,394,1068315
339,393,133917
340,393,541453
341,395,371168
341,398,371168
343,394,298742
347,393,487798
354,394,"176750,343449"
355,393,323804
355,397,388905
358,393,323804
359,394,586233
360,393,323804
362,393,323804
362,397,528757
363,393,"132739,323804"
364,393,323804
368,394,599725
368,397,528757
371,397,1107311
372,393,"217726,607089"
374,394,"968496,273864"
374,398,273864
376,396,"107030,554673,915181,199984,460228,133070"
377,393,157246
378,398,716605
379,393,745144
381,393,607089
382,399,"988692,995860,1014685"
384,393,"188588,470752,433003,570365"
385,394,"538955,400788"
387,393,570365
387,395,308992
387,396,838190
388,393,570365
388,396,127760
389,396,"739860,751640,957469,838190,427096,1171591,118478,483533,1095891,616689,133892,1061637,127760,314647,235297,1237802,127790,1166148,1205586,1167207,1168767,270220,1163691,187833,464331,602580,612824,156634,114666,403445"
390,398,371498
391,393,433003
392,393,"433003,1133552"
5,408,363005
11,402,516890
11,422,516890
11,423,516890
11,429,516890
11,430,516890
11,435,516890
14,470,500586
15,431,930308
15,438,930308
15,443,930308
17,402,614286
17,419,589776
21,440,619257
22,428,484493
22,430,585456
22,434,310170
22,469,310170
22,482,585456
27,415,285995
29,449,146208
29,459,146208
31,419,589776
32,419,589776
32,457,551892
32,471,551892
32,478,551892
37,433,109551
41,457,551892
41,471,551892
41,478,551892
42,442,468426
43,405,329649
47,470,500586
50,486,349380
53,486,349380
54,486,349380
55,450,465145
63,440,476509
65,405,550149
65,417,221900
65,460,922543
65,474,922543
65,478,922543
66,406,464208
66,417,206416
67,405,280433
67,411,411787
67,417,426430
67,472,426430
67,476,426430
67,477,567649
68,402,113797
68,403,343805
68,406,343805
68,409,343805
68,470,343805
68,473,343805
68,474,343805
70,470,257154
75,405,125615
75,430,125615
75,431,125615
76,417,311654
77,429,546140
79,467,113036
81,477,567649
83,477,567649
84,477,567649
91,412,121730
91,417,121730
91,420,121730
92,402,345624
93,402,345624
93,412,121730
93,417,"887624,121730"
93,420,121730
93,457,247304
93,458,887624
93,462,887624
93,463,521549
93,479,387660
94,412,121730
94,417,121730
94,420,121730
94,461,490190
97,417,887624
97,458,887624
97,462,887624
100,416,840115
100,428,840115
100,434,840115
100,464,840115
100,469,840115
103,405,282261
103,409,117321
107,410,379272
107,417,892868
107,472,892868
107,476,892868
109,457,159082
110,410,379272
116,423,294156
117,479,332665
119,426,100202
119,468,100202
121,429,242201
123,460,1034684
125,401,469049
125,406,469049
125,408,"469049,589952"
125,472,589952
125,474,589952
126,428,177693
126,461,379139
130,410,378650
130,411,112041
132,476,157314
137,476,157314
138,476,157314
139,402,123777
140,401,"561615,307158"
140,402,"275156,552904"
140,405,478470
140,412,322207
140,414,1057667
140,415,194430
140,417,1017619
140,420,967612
140,431,1057667
140,433,1057667
140,435,387373
140,437,"375618,158554"
140,446,307158
140,448,307158
140,456,561615
140,458,"561615,322207"
140,461,322207
140,463,365989
140,479,717621
140,483,838066
140,487,365989
141,400,247822
141,401,121408
141,403,247822
141,404,247822
141,405,"440924,563904"
141,408,"563904,761035"
141,409,563904
141,410,"131554,827344"
141,424,1009849
141,431,1009849
141,435,1009849
141,436,247822
141,438,247822
141,443,757740
141,447,317812
141,457,293992
141,472,563904
141,473,563904
141,474,563904
141,481,131554
141,484,440924
141,485,440924
142,428,132260
142,431,805459
142,435,387373
142,459,805459
143,457,293992
144,435,387373
144,457,293992
145,435,387373
146,409,215998
146,412,322207
146,414,1057667
146,431,"413973,1057667"
146,433,1057667
146,458,322207
146,461,322207
147,405,440924
147,411,419307
147,484,440924
147,485,440924
148,402,601588
148,405,440924
148,412,"322207,204764"
148,414,1057667
148,431,1057667
148,433,1057667
148,458,322207
148,461,322207
148,484,440924
148,485,440924
149,412,322207
149,414,1057667
149,431,1057667
149,433,1057667
149,458,322207
149,461,322207
151,402,221236
151,415,194430
151,417,1017619
151,420,967612
151,428,132260
151,431,805459
151,435,546986
151,459,805459
151,469,271452
152,401,121408
152,402,185798
152,408,107936
153,401,121408
153,402,230094
153,415,194430
153,417,1017619
153,420,967612
154,415,194430
154,417,1017619
154,420,967612
155,401,121408
156,428,132260
156,431,805459
156,459,805459
160,417,336514
160,419,575287
160,425,575287
160,427,575287
160,437,"460711,518130"
160,459,609104
160,465,424321
160,467,609104
160,469,271452
161,402,185798
162,443,267956
164,402,185798
164,469,271452
165,469,271452
166,403,435684
167,473,463488
170,405,956307
170,428,504538
170,462,335918
175,408,761035
176,402,230094
176,408,761035
179,402,794611
181,487,653292
182,473,463488
183,470,875691
184,414,324352
184,459,942775
184,473,463488
185,412,322207
185,458,322207
185,461,322207
186,476,237582
188,403,453834
188,406,453834
188,409,453834
188,416,453834
188,418,453834
188,419,453834
188,421,453834
188,424,453834
188,425,453834
188,427,453834
188,436,453834
188,438,453834
188,439,453834
188,441,453834
188,442,453834
188,459,609104
188,467,609104
189,459,609104
189,467,609104
190,459,609104
190,467,609104
191,402,275156
192,423,242618
193,405,478470
193,415,194430
194,444,133113
194,446,133113
194,454,133113
199,405,1035440
199,462,303808
199,469,303808
200,471,445207
202,486,416219
206,400,453193
206,403,"323920,453193"
206,404,453193
206,406,453193
206,407,453193
206,409,453193
206,416,453193
206,418,"453193,277313"
206,419,"453193,167298"
206,421,453193
206,422,453193
206,424,453193
206,425,453193
206,427,453193
206,436,453193
206,438,453193
206,439,453193
206,441,453193
206,442,453193
206,446,453193
206,447,453193
206,449,453193
206,450,453193
206,451,453193
206,452,453193
206,453,453193
207,400,453193
207,403,"323920,453193"
207,404,453193
207,406,453193
207,407,453193
207,409,453193
207,416,453193
207,418,453193
207,419,453193
207,421,453193
207,422,453193
207,424,453193
207,425,453193
207,427,453193
207,436,453193
207,438,453193
207,439,453193
207,441,453193
207,442,453193
207,446,453193
207,447,453193
207,449,453193
207,450,453193
207,451,453193
207,452,453193
207,453,453193
207,476,1087105
208,400,453193
208,403,"323920,453193"
208,404,453193
208,406,453193
208,407,453193
208,409,453193
208,416,453193
208,418,453193
208,419,453193
208,421,453193
208,422,453193
208,424,453193
208,425,453193
208,427,453193
208,436,453193
208,438,453193
208,439,453193
208,441,453193
208,442,453193
208,446,453193
208,447,453193
208,449,453193
208,450,453193
208,451,453193
208,452,453193
208,453,453193
208,477,594535
209,400,453193
209,403,"323920,453193"
209,404,453193
209,406,453193
209,407,453193
209,409,453193
209,410,875200
209,414,145215
209,416,453193
209,418,453193
209,419,"453193,167298"
209,421,453193
209,422,453193
209,424,453193
209,425,453193
209,427,453193
209,436,453193
209,438,453193
209,439,453193
209,441,453193
209,442,453193
209,446,453193
209,447,453193
209,449,453193
209,450,453193
209,451,453193
209,452,453193
209,453,453193
209,456,875200
209,461,875200
209,464,875200
209,468,875200
209,481,875200
210,400,453193
210,403,"323920,453193"
210,404,453193
210,406,453193
210,407,453193
210,409,453193
210,416,453193
210,418,453193
210,419,"453193,167298"
210,421,453193
210,422,453193
210,424,453193
210,425,453193
210,427,453193
210,436,453193
210,438,453193
210,439,453193
210,441,453193
210,442,453193
210,446,453193
210,447,453193
210,449,453193
210,450,453193
210,451,453193
210,452,453193
210,453,453193
211,400,453193
211,403,"323920,453193"
211,404,453193
211,406,453193
211,407,453193
211,409,453193
211,416,453193
211,418,453193
211,419,"453193,167298"
211,421,453193
211,422,453193
211,424,453193
211,425,453193
211,427,453193
211,436,453193
211,438,453193
211,439,453193
211,441,453193
211,442,453193
211,446,453193
211,447,453193
211,449,453193
211,450,453193
211,451,453193
211,452,453193
211,453,453193
212,400,453193
212,403,"323920,453193"
212,404,453193
212,406,453193
212,407,453193
212,409,453193
212,416,453193
212,418,453193
212,419,453193
212,421,453193
212,422,453193
212,424,453193
212,425,453193
212,427,453193
212,436,453193
212,438,453193
212,439,453193
212,441,453193
212,442,453193
212,446,453193
212,447,453193
212,449,453193
212,450,453193
212,451,453193
212,452,453193
212,453,453193
213,400,453193
213,403,"323920,453193"
213,404,453193
213,406,453193
213,407,453193
213,409,453193
213,416,453193
213,418,453193
213,419,453193
213,421,453193
213,422,453193
213,424,453193
213,425,453193
213,427,453193
213,436,453193
213,438,453193
213,439,453193
213,441,453193
213,442,453193
213,446,453193
213,447,453193
213,449,453193
213,450,453193
213,451,453193
213,452,453193
213,453,453193
214,400,453193
214,403,"323920,453193"
214,404,453193
214,406,453193
214,407,453193
214,409,453193
214,416,453193
214,418,"453193,277313"
214,419,"510208,453193"
214,421,453193
214,422,453193
214,424,453193
214,425,453193
214,426,912460
214,427,453193
214,436,453193
214,438,453193
214,439,"510208,453193"
214,441,"510208,453193"
214,442,453193
214,446,453193
214,447,453193
214,449,453193
214,450,453193
214,451,453193
214,452,453193
214,453,453193
215,400,453193
215,403,"323920,453193"
215,404,453193
215,406,453193
215,407,453193
215,409,453193
215,416,453193
215,418,"453193,277313"
215,419,"1067114,453193"
215,421,453193
215,422,453193
215,424,453193
215,425,453193
215,427,453193
215,436,453193
215,438,453193
215,439,453193
215,441,453193
215,442,453193
215,446,453193
215,447,453193
215,449,453193
215,450,453193
215,451,453193
215,452,453193
215,453,453193
216,400,453193
216,403,"323920,453193"
216,404,453193
216,406,453193
216,407,453193
216,409,453193
216,416,453193
216,418,"453193,277313"
216,419,453193
216,421,453193
216,422,453193
216,424,453193
216,425,453193
216,427,453193
216,436,453193
216,438,453193
216,439,453193
216,441,453193
216,442,453193
216,446,453193
216,447,453193
216,449,453193
216,450,453193
216,451,453193
216,452,453193
216,453,453193
217,400,453193
217,403,"323920,453193"
217,404,453193
217,406,453193
217,407,453193
217,409,453193
217,416,453193
217,418,453193
217,419,453193
217,421,453193
217,422,453193
217,424,453193
217,425,453193
217,427,453193
217,436,453193
217,438,453193
217,439,453193
217,441,453193
217,442,453193
217,446,453193
217,447,453193
217,449,453193
217,450,453193
217,451,453193
217,452,453193
217,453,453193
217,477,863993
217,478,863993
218,400,453193
218,403,"323920,453193"
218,404,453193
218,406,453193
218,407,453193
218,408,566430
218,409,453193
218,416,453193
218,417,566430
218,418,453193
218,419,"453193,566430"
218,421,453193
218,422,453193
218,424,453193
218,425,453193
218,427,453193
218,436,453193
218,437,566430
218,438,453193
218,439,"453193,566430"
218,441,"453193,566430"
218,442,453193
218,446,453193
218,447,453193
218,449,453193
218,450,453193
218,451,453193
218,452,453193
218,453,453193
219,400,453193
219,403,"323920,453193"
219,404,453193
219,406,453193
219,407,453193
219,409,453193
219,416,453193
219,418,453193
219,419,453193
219,421,453193
219,422,453193
219,424,453193
219,425,453193
219,427,453193
219,436,453193
219,438,453193
219,439,453193
219,441,453193
219,442,453193
219,446,453193
219,447,453193
219,449,453193
219,450,453193
219,451,453193
219,452,453193
219,453,453193
220,400,453193
220,403,"323920,453193"
220,404,453193
220,406,453193
220,407,453193
220,409,453193
220,416,453193
220,418,453193
220,419,453193
220,421,453193
220,422,453193
220,424,453193
220,425,453193
220,427,453193
220,436,453193
220,438,453193
220,439,453193
220,441,453193
220,442,453193
220,446,453193
220,447,453193
220,449,453193
220,450,453193
220,451,453193
220,452,453193
220,453,453193
221,400,453193
221,403,"323920,453193"
221,404,453193
221,406,453193
221,407,453193
221,409,453193
221,416,453193
221,418,453193
221,419,453193
221,421,453193
221,422,453193
221,424,453193
221,425,453193
221,427,453193
221,436,453193
221,438,453193
221,439,453193
221,441,453193
221,442,453193
221,446,453193
221,447,453193
221,449,453193
221,450,453193
221,451,453193
221,452,453193
221,453,453193
222,410,198355
222,415,618550
222,426,912460
222,435,642745
223,401,159219
223,411,136067
223,479,777643
224,410,238481
224,411,"563799,966233"
224,428,479797
224,430,433622
225,402,"183834,784065"
225,411,"183834,784065,307039"
225,412,"183834,784065"
225,413,"183834,784065"
225,417,468493
225,472,468493
225,476,468493
225,482,784065
226,411,454083
226,420,868830
226,426,912460
227,408,560369
227,428,302709
227,440,595081
227,472,560369
227,474,560369
227,475,595081
227,477,595081
228,432,128265
228,477,594535
229,428,181027
229,429,184841
229,431,458921
229,477,594535
230,401,222204
230,429,574409
230,446,222204
230,448,222204
230,460,880018
230,474,880018
230,478,880018
231,429,437840
231,431,397187
231,432,528008
232,401,241897
232,402,154953
232,410,198355
232,411,842170
232,416,241897
232,417,241897
232,440,595081
232,475,595081
232,477,595081
233,402,390199
233,411,390199
233,412,390199
233,413,390199
233,457,303422
235,401,222204
235,402,"145550,183834,573413"
235,411,183834
235,412,183834
235,413,183834
235,446,222204
235,448,222204
236,401,1016700
236,405,1030140
236,408,246715
236,431,397187
237,402,183834
237,410,198355
237,411,183834
237,412,183834
237,413,183834
238,401,222204
238,431,397187
238,440,595081
238,446,222204
238,448,222204
238,475,595081
238,477,595081
239,437,140168
239,472,140168
239,477,140168
241,410,"875200,198355"
241,437,1018363
241,440,595081
241,456,875200
241,461,875200
241,464,875200
241,468,875200
241,475,595081
241,477,595081
241,481,"875200,331444"
242,406,526047
242,407,987308
242,417,235527
243,422,949029
244,410,875200
244,456,875200
244,460,880018
244,461,875200
244,464,875200
244,468,875200
244,474,880018
244,478,880018
244,481,875200
245,402,621743
245,447,621743
245,448,621743
245,478,129151
245,480,171614
245,481,580829
246,410,198355
247,440,595081
247,460,880018
247,474,880018
247,475,595081
247,477,595081
247,478,880018
248,410,198355
248,440,595081
248,475,595081
248,477,595081
248,483,753583
252,460,1045493
254,458,908504
254,472,908504
254,478,908504
254,487,575459
255,402,183834
255,411,183834
255,412,183834
255,413,183834
255,460,1045493
255,463,704970
256,402,183834
256,405,334919
256,411,183834
256,412,183834
256,413,183834
257,400,453193
257,403,453193
257,404,453193
257,406,453193
257,407,453193
257,409,453193
257,416,453193
257,418,453193
257,419,453193
257,421,453193
257,422,453193
257,424,453193
257,425,453193
257,427,453193
257,436,453193
257,438,453193
257,439,453193
257,441,453193
257,442,453193
257,446,453193
257,447,453193
257,449,453193
257,450,453193
257,451,453193
257,452,453193
257,453,453193
257,476,1087105
258,400,453193
258,403,453193
258,404,453193
258,406,453193
258,407,453193
258,409,453193
258,416,453193
258,418,453193
258,419,453193
258,421,453193
258,422,453193
258,424,453193
258,425,453193
258,427,453193
258,436,453193
258,438,453193
258,439,453193
258,441,453193
258,442,453193
258,446,453193
258,447,453193
258,449,453193
258,450,453193
258,451,453193
258,452,453193
258,453,453193
258,476,1087105
259,400,453193
259,403,453193
259,404,453193
259,406,453193
259,407,453193
259,409,453193
259,416,453193
259,418,453193
259,419,453193
259,421,453193
259,422,453193
259,424,453193
259,425,453193
259,427,453193
259,436,453193
259,438,453193
259,439,453193
259,441,453193
259,442,453193
259,446,453193
259,447,453193
259,449,453193
259,450,453193
259,451,453193
259,452,453193
259,453,453193
261,414,470042
261,476,1087105
262,470,561007
262,479,777643
263,401,378116
265,477,594535
267,412,534156
267,458,534156
267,461,534156
267,475,817595
267,476,251365
268,431,893132
270,401,493372
270,406,493372
270,408,493372
270,410,493372
270,412,493372
270,415,493372
270,416,493372
270,417,493372
270,419,493372
270,420,493372
270,423,875771
270,436,493372
270,437,493372
270,439,493372
270,440,493372
270,441,493372
270,449,487176
270,471,405901
270,472,875771
270,475,817595
271,475,817595
273,449,487176
274,444,351686
274,446,351686
274,454,351686
277,401,155907
277,402,482649
277,410,"155907,160378"
277,412,155907
277,433,515602
277,460,383170
278,429,313887
280,408,560724
281,401,177933
281,410,177933
281,412,177933
281,414,1030310
282,429,923982
284,417,348948
284,458,348948
284,462,348948
284,480,348948
287,420,759495
287,487,522905
288,401,408799
288,408,742338
289,405,626163
289,408,461875
289,430,626163
289,431,626163
289,487,481388
291,401,411679
291,403,411679
291,405,411679
291,416,411679
291,417,411679
291,418,411679
291,421,411679
291,423,"411679,532306"
291,424,411679
291,427,411679
294,401,"895429,1066192"
294,423,592510
294,458,592510
294,463,592510
294,479,895429
294,480,895429
294,484,"592510,1066192"
295,406,1159082
295,410,1159082
295,415,1159082
295,416,1159082
295,419,1159082
295,420,1159082
295,421,1159082
295,425,1159082
295,426,1159082
295,427,1159082
295,456,1159082
295,460,1159082
295,461,1159082
295,462,1159082
295,463,1159082
296,401,895429
296,402,328876
296,479,895429
296,480,"895429,328876"
298,421,740249
299,405,1166747
299,417,723615
300,402,172838
300,410,578038
300,411,172838
300,412,172838
300,413,172838
300,414,578715
301,414,545598
301,415,380881
301,485,545598
302,414,578715
302,423,385630
302,428,208744
302,430,385630
302,435,385630
304,414,578715
304,433,616355
305,447,161394
305,454,786504
306,435,460099
308,423,1153136
308,429,476652
308,443,538133
308,482,1153136
309,401,917858
309,410,917858
309,412,"917858,372572"
309,417,594866
309,472,372572
309,475,372572
310,428,425149
312,443,538133
317,474,447204
318,474,447204
319,474,447204
321,402,245076
321,410,184660
321,414,305264
321,415,"113875,237374"
321,425,1217273
321,446,346289
321,447,245076
321,448,245076
321,482,245076
321,488,346289
322,428,480373
322,429,"473727,341341"
322,431,"463550,425951"
322,432,"999970,434088"
322,434,"274742,240151,361281"
322,435,"955102,1210145"
322,440,109363
322,442,794690
322,464,900910
322,473,492488
324,451,149963
324,473,1109186
325,446,346289
325,451,149963
325,488,346289
326,451,149963
327,451,149963
328,419,152797
328,460,152797
328,462,152797
328,473,492488
329,426,352980
329,452,352980
329,485,1234579
330,411,549038
330,473,492488
332,420,381808
332,434,361281
333,408,711978
333,415,113875
333,429,473727
334,414,506632
334,428,226924
334,429,"473727,351013"
334,467,506632
334,468,506632
334,485,506632
335,415,130019
338,409,305678
338,459,305419
339,401,599279
339,402,"487374,397295"
339,408,156490
339,411,397295
339,412,397295
339,413,397295
339,417,1041694
339,423,142309
339,456,599279
339,458,599279
339,480,576380
339,487,599279
340,400,550893
340,401,768034
340,402,"489485,467594,106150,397295"
340,406,768034
340,408,768034
340,410,550893
340,411,"489485,467594,902666,106150,808909,550893,397295"
340,412,"489485,467594,106150,827072,464842,397295"
340,413,"489485,467594,106150,397295"
340,416,550893
340,417,"827072,464842"
340,420,"827072,352108,464842,550893"
340,426,1200272
340,431,351078
340,436,550893
340,440,"475601,550893"
340,441,550893
340,449,351078
340,456,287308
340,459,351078
340,465,"489485,229711"
340,466,489485
340,468,489485
341,402,397295
341,410,"999728,985590"
341,411,397295
341,412,397295
341,413,397295
341,464,498303
342,402,397295
342,411,397295
342,412,397295
342,413,397295
343,428,535454
343,429,"149886,421796"
343,432,393980
343,435,"459345,475803,1159100"
343,443,157047
343,460,393980
343,477,157047
344,429,318322
344,434,543430
344,469,543430
345,445,1206265
345,446,"556062,109730"
345,450,1206265
345,451,100194
345,454,1206265
345,455,1206265
347,443,157047
347,456,287308
347,477,157047
348,410,188040
348,423,330072
348,443,157047
348,477,157047
349,440,539054
349,461,539054
350,405,376854
350,440,1163442
350,443,157047
350,456,341101
350,458,376854
350,459,376854
350,461,1163442
350,477,157047
351,409,872365
351,423,142309
351,453,1073949
351,472,622174
351,480,622174
354,428,1047905
354,429,"480366,202124,550372"
354,430,164593
354,432,"756895,226985"
354,435,901879
354,457,480366
355,402,350390
355,408,1161081
355,411,164308
355,412,"973987,474699"
355,419,262442
355,430,1161081
355,432,1161081
355,439,262442
355,441,262442
355,482,474699
356,410,"606450,1058749"
356,414,"732484,1027715"
356,428,1058749
356,431,732484
356,433,"732484,1058749"
356,459,1027715
356,461,1027715
357,405,530327
357,417,259132
357,430,530327
357,431,530327
357,472,259132
357,476,259132
358,401,103922
358,405,179724
358,408,333729
358,411,188558
358,418,413192
358,429,202124
358,432,226985
359,423,525815
359,429,"296286,202124"
359,431,598989
359,432,226985
359,448,525815
359,452,525815
360,440,543323
361,454,368080
361,488,1045120
362,423,376043
362,458,376043
362,463,376043
363,426,1224008
365,408,369391
365,428,498529
365,429,480366
365,456,498529
365,457,480366
367,401,557428
367,470,557428
367,472,557428
368,401,103922
369,428,563868
369,429,"1061200,716095"
369,459,339428
370,429,"511024,153534"
370,459,339428
370,471,511024
371,402,356945
371,429,356945
371,430,356945
371,475,318300
372,401,616924
372,402,274953
372,405,609205
372,411,"274953,490823"
372,412,"274953,609205,896292"
372,413,274953
372,414,609205
372,415,416537
372,423,896292
372,426,896292
372,429,274953
372,430,"274953,896292"
372,433,"274953,896292"
372,435,896292
372,457,899788
372,471,274953
372,472,274953
372,475,"274953,318300"
373,411,445147
373,415,506588
373,475,318300
374,401,1238615
374,402,"479474,105649"
374,412,896292
374,423,896292
374,426,896292
374,429,479474
374,430,"479474,896292"
374,432,1239591
374,433,896292
374,435,896292
374,470,1238615
374,472,1238615
374,484,479474
375,412,896292
375,423,896292
375,426,896292
375,430,896292
375,433,896292
375,435,896292
376,405,292347
376,408,588437
376,445,"588437,244827"
376,448,"588437,292347"
376,449,292347
376,450,"588437,244827"
376,454,"999796,588437,244827,292347"
376,455,"588437,244827"
377,402,"275401,420839"
377,411,"275401,420839"
377,412,"275401,420839"
377,413,"275401,420839"
377,471,420839
377,472,420839
377,475,420839
378,401,277301
378,402,"546857,420839,332850"
378,405,358331
378,411,420839
378,412,420839
378,413,420839
378,457,332850
378,458,332850
378,471,420839
378,472,"420839,358331"
378,473,358331
378,475,420839
378,484,"546857,277301,358331"
378,485,"596052,773493,358331"
379,461,414193
380,402,108805
380,423,1070303
380,457,108805
380,458,108805
380,480,"108805,1070303"
381,401,568132
381,403,568132
381,405,568132
381,484,518843
383,435,330312
384,414,831848
384,417,567321
384,425,187930
384,433,"281256,966445"
384,434,1005793
384,440,545865
385,401,1240460
385,402,422118
385,412,1030971
385,427,473077
385,429,"228856,171799"
385,431,1176543
385,433,"281256,966445"
385,434,"295124,473077"
385,435,473077
385,437,1030971
385,440,1030971
385,443,1124305
385,483,1176543
386,433,"897112,281256,966445"
386,440,897112
386,443,897112
387,401,412833
387,445,529805
388,411,447321
388,426,298450
388,464,174617
388,475,298450
389,444,"1198352,552846"
389,446,"1198352,552846"
389,447,1167617
389,449,"421137,681522"
389,454,"1167617,1198352,110899,108938,421137,681522,552846"
389,488,110899
390,402,422118
390,417,567321
392,402,497223
392,406,483161
392,407,904772
392,411,"447321,904772,497223"
392,412,497223
392,413,497223
392,415,904772
392,438,1163901
392,440,145478
393,401,359007
393,405,"188588,470752"
393,410,625753
393,411,"487798,526976,433003"
393,412,"188588,470752"
393,414,"188588,607089,470752"
393,415,323804
393,440,132739
393,465,526976
393,466,470752
393,467,470752
393,468,"526976,470752"
393,470,359007
393,472,359007
393,473,745144
393,480,470752
394,401,599725
394,403,599725
394,405,599725
394,416,252901
394,417,345301
394,424,978488
394,428,"176750,252901,298742"
394,429,400788
394,431,273864
394,434,252901
394,464,599725
394,466,599725
394,467,599725
395,402,474673
395,408,308992
395,410,625753
395,416,252901
395,428,252901
395,434,252901
395,437,168983
395,448,308992
395,450,308992
395,469,461699
395,488,308992
396,404,1237802
396,406,"751640,1171591"
396,407,"739860,1237802"
396,409,"1237802,464331"
396,436,"751640,1171591"
396,439,"751640,1171591"
396,444,"751640,1171591,1095891,460228,554673"
396,445,"751640,1171591,616689,739860,1061637,1237802,957469,1205586,187833,464331,133070"
396,446,"751640,1171591,1095891,460228,554673"
396,447,"739860,1237802,314647"
396,449,"107030,838190,1237802,199984,464331"
396,450,"751640,1171591,616689,739860,1061637,1237802,957469,1205586,187833,464331,133070"
396,451,"1163691,1186493,127790,235297,403445"
396,452,133892
396,453,"751640,1171591,127760,156634,1167207"
396,454,"751640,1171591,483533,1095891,616689,1163691,602580,612824,739860,838190,133892,1061637,1237802,127790,156634,957469,427096,314647,1205586,1168767,187833,464331,460228,554673,118478,235297,1167207,133070,114666,403445"
396,455,"751640,1171591,616689,739860,1061637,1237802,957469,1205586,187833,464331,133070"
396,488,187833
397,411,526976
397,421,388905
397,462,480899
397,465,526976
397,468,526976
398,400,1151882
398,403,1151882
398,404,1151882
398,405,371498
398,421,1151882
398,422,1151882
398,423,314126
398,424,1151882
398,431,273864
398,436,1151882
398,438,1151882
398,442,1151882
398,462,480899
398,484,371498
398,485,371498
6,501,294115
8,499,193796
57,498,583933
65,492,516402
66,491,281822
68,494,395636
140,490,394811
160,500,150337
188,500,150337
189,500,150337
190,500,150337
193,490,394811
194,500,150337
199,491,316835
199,494,594749
222,489,376431
246,489,786253
246,495,786253
246,496,786253
248,489,605261
248,497,605261
262,500,309886
267,497,209659
274,493,528367
275,501,542084
277,489,332286
278,490,840183
280,490,840183
282,490,840183
287,489,332286
288,489,375121
288,494,324441
288,497,324441
289,490,"176162,317586"
289,499,176162
293,493,445481
308,490,372638
309,496,867699
315,501,584447
321,489,332635
321,492,841409
322,495,844897
339,498,807093
340,496,819522
340,498,342699
354,490,163523
355,489,147052
355,495,147052
355,496,147052
368,495,779784
371,490,297113
371,497,1169281
372,489,"286306,315504,911475"
372,491,1111303
372,495,1111303
372,497,1111303
372,500,197752
374,489,977640
374,490,1015669
375,489,1093208
376,493,1236675
378,497,1169281
378,500,197752
379,492,1012481
379,500,197752
380,489,575826
384,489,"1176580,1176580"
384,495,121128
384,499,"1176580,1176580"
385,495,121128
386,495,121128
387,495,121128
388,495,121128
389,493,425954
391,495,121128
392,492,535047
392,495,121128
393,489,745446
393,492,482999
393,498,217726
394,490,1068315
395,489,745446
396,493,523545
398,492,716605
398,495,209276
400,495,1151882
401,492,493372
401,495,469049
401,496,493372
402,495,482649
403,492,1177294
403,495,1151882
404,493,1237802
404,495,1151882
405,498,371498
406,492,"1177294,493372"
406,493,"751640,1171591"
406,495,469049
406,496,493372
407,493,1237802
408,492,493372
408,493,588437
408,495,469049
408,496,493372
409,492,1177294
409,493,1237802
410,492,493372
410,496,"198355,493372"
412,492,"493372,464842"
412,496,"493372,464842"
412,498,760146
415,492,493372
415,496,493372
416,492,493372
416,496,493372
417,492,"493372,464842"
417,496,"493372,464842"
419,492,493372
419,496,493372
420,492,"493372,464842"
420,496,"493372,464842"
421,495,1151882
422,495,1151882
424,495,1151882
429,490,"313887,165076"
432,490,434444
433,489,"515602,281256"
433,490,281256
433,495,515602
433,496,515602
435,490,330312
436,492,"1177294,493372"
436,493,"751640,1171591"
436,495,1151882
436,496,493372
437,492,493372
437,496,493372
438,492,1177294
438,495,1151882
439,492,"1177294,493372"
439,493,"751640,1171591"
439,496,493372
440,492,493372
440,496,493372
441,492,493372
441,496,493372
442,495,1151882
444,493,"751640,1171591,1095891,1198352,552846,460228"
445,493,"751640,957469,1171591,588437,616689,1061637,1237802,1205586,187833"
446,493,"751640,1171591,1095891,1198352,552846,460228"
447,493,"314647,1237802"
448,493,588437
449,493,"107030,838190,421137,1237802"
450,493,"751640,957469,1171591,588437,616689,1061637,1237802,1205586,187833"
451,493,"235297,127790,1163691,403445"
453,493,"751640,1171591,156634"
454,493,"751640,957469,838190,427096,1171591,588437,483533,1095891,616689,1061637,1198352,421137,314647,235297,1237802,127790,1205586,1168767,552846,1163691,187833,460228,602580,612824,156634,114666,403445"
454,499,1168767
455,493,"751640,957469,1171591,588437,616689,1061637,1237802,1205586,187833"
461,496,414193
461,498,379139
475,489,318300
484,498,371498
485,498,371498
486,501,"963615,1179385,576327"
488,493,"1045120,187833"
31,507,567787
53,509,519887
54,509,400722
67,503,601900
68,508,324605
85,508,324605
97,507,500190
100,503,274400
101,502,265391
140,505,600607
151,502,335469
157,502,"730652,205668"
159,506,403184
161,505,142418
174,507,205515
200,502,376107
203,507,118229
228,503,307536
233,502,519068
233,508,535249
235,507,898398
243,502,558940
243,503,558940
243,504,558940
280,507,408382
300,508,185183
312,502,289822
314,502,304298
322,503,"1019603,502556,558934,594278,881662"
322,505,558934
346,506,603391
355,502,"482512,500694"
355,503,500694
355,504,500694
355,507,500694
358,503,523515
371,508,199576
372,504,553151
372,507,327015
375,504,686919
376,506,275782
385,507,1196500
386,504,"1063971,132253,1120736"
389,506,427250
392,502,1168051
392,504,"1063971,132253"
393,502,"409846,541453,570365"
393,507,570365
394,503,538955
394,504,486791
394,507,538955
396,506,270220
399,509,988692
400,502,550893
401,502,277301
405,502,470752
405,506,292347
405,508,440924
407,506,739860
408,502,589952
408,505,804991
409,506,464331
410,502,"251114,550893,578038"
410,504,606450
411,502,550893
411,504,307039
412,502,470752
414,502,"578715,470752,607089"
414,504,732484
416,502,550893
416,503,252901
417,503,247066
417,507,348948
417,508,247066
420,502,550893
427,503,473077
428,503,252901
429,503,"1105168,716095"
431,504,732484
433,504,"897112,732484"
434,503,"252901,473077"
435,502,1209542
435,503,473077
436,502,550893
440,502,"545865,550893"
440,504,"593447,897112"
441,502,550893
443,504,897112
445,506,"739860,464331,1206265"
446,505,346289
447,506,"739860,1167617"
448,505,804991
448,506,292347
449,506,"681522,464331,292347"
450,505,804991
450,506,"739860,464331,1206265"
451,506,149963
452,506,133892
453,506,1167207
454,506,"739860,681522,118478,1167617,133892,1167207,108938,464331,1206265,292347"
455,506,"739860,464331,1206265"
458,507,348948
462,507,348948
466,502,470752
467,502,470752
468,502,470752
472,502,589952
474,502,589952
480,502,470752
480,507,348948
484,502,277301
484,508,440924
485,508,440924
486,509,"911614,518911,416219"
488,505,"804991,346289"
489,503,281256
490,503,281256
493,505,"616689,460228"
493,506,"107030,751640,957469,838190,427096,1045120,1171591,1236675,483533,1095891,616689,1061637,421137,1198352,314647,235297,1237802,127790,1168767,552846,1163691,187833,460228,612824,156634,425954,114666,403445"
499,506,1168767
501,509,"963615,294115,576327"
6,519,421070
37,516,107493
50,519,"715341,399087"
53,519,399087
54,519,"715341,399087"
65,517,336921
66,516,"129105,162167"
69,516,129105
71,516,129105
81,516,129105
82,516,129105
119,511,608653
122,518,249382
179,518,541417
191,517,926125
198,517,523099
203,514,466214
208,514,347476
217,515,181421
226,510,128896
263,518,573223
264,519,1097861
268,511,571913
287,510,813375
287,517,813375
289,514,497798
291,514,497798
299,512,557034
321,517,450776
329,516,184838
339,510,274836
340,510,"504975,274836,240562"
341,510,274836
342,510,274836
343,517,432898
345,517,432898
348,510,529602
354,514,536074
364,516,179988
366,516,364804
370,517,339445
375,512,239844
386,512,"762882,762882"
387,511,366567
392,510,"195864,472493"
392,512,"762882,762882"
392,517,472493
401,510,1047587
401,511,1047587
401,512,1047587
402,510,"230094,420839"
402,511,516890
402,515,546857
402,518,"546857,328876"
405,511,153899
408,515,369391
408,518,1113308
410,512,1058749
410,516,655024
411,510,420839
412,510,"204804,420839"
413,510,420839
415,510,1037190
419,515,152797
422,511,516890
423,511,516890
423,514,385630
428,512,1058749
429,511,"516890,400788"
429,514,171799
430,511,"516890,267775"
430,514,385630
432,512,540798
433,512,1058749
435,511,"642745,516890"
435,514,385630
443,510,157047
444,513,351686
445,513,244827
446,513,351686
450,513,244827
454,513,"244827,110899,336730,351686"
455,513,244827
457,515,247304
460,515,152797
462,515,152797
470,510,1047587
470,511,1047587
470,512,1047587
471,510,420839
472,510,"1047587,420839"
472,511,1047587
472,512,1047587
475,510,420839
477,510,157047
480,518,328876
484,515,546857
484,518,"546857,518843"
485,515,773493
488,513,110899
493,513,"445481,602580"
501,519,1235206
502,510,"1168051,607089"
502,515,1168051
502,516,1168051
503,511,307536
503,512,281256
504,512,"1063971,897112,606450"
505,513,616689
506,513,"739860,751640,957469,427096,1045120,1171591,1236675,118478,1095891,616689,427250,603391,133892,1198352,314647,235297,127790,1168767,108938,270220,1163691,187833,464331,612824,156634,425954,114666,403445"
509,519,"963615,519887,518902,518911,576327"
60,530,253734
65,525,387643
65,534,387643
72,526,517640
91,524,291344
97,534,910272
99,533,380689
108,525,570723
112,533,567311
130,534,593459
133,534,593459
134,534,593459
135,534,593459
140,520,911071
141,528,313674
147,522,243783
153,524,316209
159,527,"832102,145875"
167,522,157267
179,524,657916
183,523,527838
183,531,527838
183,533,527838
198,532,138058
224,533,1080244
226,522,"1043027,140183"
229,531,615217
230,521,139038
233,529,466568
236,529,167209
245,522,1043027
246,522,1043027
255,521,139038
270,521,266879
272,532,829305
277,529,312856
291,520,888764
291,524,888764
291,525,888764
298,532,195200
299,520,529783
299,522,529783
299,523,529783
301,526,309563
314,525,295084
314,528,890216
314,534,295084
320,520,794248
320,525,295084
320,530,794248
320,534,295084
321,520,197718
321,526,"1167570,1039714"
322,526,1039714
323,526,1039714
329,523,287608
332,528,825683
333,529,397622
339,522,185339
340,522,185339
341,522,185339
342,522,185339
343,521,482352
343,524,482352
344,521,606741
351,530,376741
352,528,837799
353,521,606741
363,522,1225683
374,521,"518762,970916"
374,528,488638
377,524,219957
378,521,518762
378,528,192635
384,521,287831
385,532,624033
387,528,180952
391,521,287831
392,521,287831
392,523,835212
392,534,518226
394,520,327874
394,521,"327874,343449"
394,529,343449
397,520,327874
397,521,327874
398,520,327874
398,521,327874
401,522,"359007,1115939"
401,524,"359007,599725"
401,526,359007
402,520,105649
402,522,467594
402,529,467594
403,524,599725
405,524,599725
405,528,1166747
406,523,1159082
408,525,333729
409,523,305678
409,531,305678
409,533,305678
410,520,160378
410,522,1115939
410,523,1159082
410,531,1210893
411,522,"467594,433003,112041,808909"
411,529,467594
411,534,445147
412,522,"467594,1115939,1030971"
412,529,467594
413,522,467594
413,529,467594
414,523,506632
415,523,1159082
416,523,1159082
417,520,567321
419,523,1159082
420,520,381808
420,523,1159082
421,523,1159082
423,520,525815
423,522,881409
423,524,881409
423,526,881409
425,523,1159082
426,523,1159082
427,523,1159082
429,521,351013
429,532,511024
430,521,478155
431,525,351078
432,521,897154
434,532,688836
435,532,459345
437,522,1030971
439,521,897154
440,522,"1030971,465285"
442,523,927343
443,521,897154
444,527,554673
445,527,133070
446,527,554673
448,520,525815
449,525,351078
450,527,133070
452,520,525815
453,520,1073949
453,527,127760
453,530,1073949
454,527,"554673,133070"
455,527,133070
456,522,341101
456,523,1159082
459,525,351078
460,523,1159082
460,530,383170
460,531,383170
461,523,"490190,1159082"
462,523,1159082
462,525,480899
463,523,1159082
464,524,599725
464,526,498303
466,524,599725
467,523,506632
467,524,599725
468,523,506632
470,522,359007
470,524,359007
470,526,359007
470,531,1210893
471,522,405901
471,532,511024
471,533,405901
471,534,445207
472,522,359007
472,524,359007
472,526,359007
475,531,1210893
485,523,506632
489,522,"1176580,1176580"
489,523,605261
490,521,1015669
490,525,394811
490,532,330312
492,522,1177294
495,526,121128
497,523,605261
499,522,"1176580,1176580"
502,522,470752
502,531,578715
502,534,578715
503,521,558934
505,521,558934
506,527,"838190,483533,403184,1167617,421137,1237802,149963"
507,530,348948
510,521,1047587
510,522,"1047587,607089"
510,533,472493
511,521,1047587
511,522,1047587
512,521,1047587
512,522,1047587
513,527,"751640,957469,427096,1171591,118478,1095891,603391,133892,1198352,235297,127790,110899,1168767,108938,270220,187833,464331,156634"
514,534,466214
516,523,364804
517,533,472493
30,544,289839
66,538,120148
95,548,104345
110,550,348997
112,543,699324
122,548,611397
123,544,992130
125,538,461624
125,545,461624
140,544,218865
141,542,462727
141,544,241558
141,548,241558
143,542,462727
144,542,462727
160,538,548967
161,542,462727
162,542,462727
191,544,218865
209,539,332078
223,542,257995
229,541,392932
229,544,392932
232,535,261090
232,536,890800
233,542,257995
237,542,257995
241,535,261090
248,535,261090
255,544,939408
258,542,460754
258,550,460754
270,544,121796
277,535,209677
279,544,1090194
284,545,484507
292,540,805164
298,547,565260
308,541,908076
310,537,102136
320,550,459432
338,546,964983
339,536,110196
351,538,1200839
365,550,175203
375,537,277677
379,538,560331
383,547,130366
383,548,536214
384,535,614173
393,535,124681
393,540,508067
397,540,1107311
401,545,557428
402,535,350390
405,535,1035440
405,536,1035440
405,537,1035440
405,540,446878
405,541,"478470,1229161"
405,546,1035440
405,547,1035440
406,544,483161
408,538,308992
411,545,447321
412,546,973987
414,537,"1030310,1149164"
414,542,1030310
414,543,1149164
428,547,480373
429,536,784400
429,542,480366
431,536,1176543
432,547,844055
435,547,955102
437,541,1229161
438,541,1229161
440,543,539054
448,538,308992
450,538,308992
457,542,"480366,384386"
460,549,880018
460,550,880018
461,543,539054
466,540,446878
467,540,446878
470,545,557428
472,540,446878
472,545,557428
473,540,446878
474,549,880018
474,550,880018
475,542,817595
477,544,594535
478,549,880018
478,550,880018
483,536,1176543
487,547,362814
487,549,653292
488,538,308992
488,539,531587
489,543,911475
489,546,332286
490,536,1068315
492,535,"1197850,493372,464842"
492,543,493372
496,535,"493372,464842"
496,542,414193
496,543,493372
497,535,1102967
498,541,371498
500,541,197752
503,536,"716095,881662"
504,537,"732484,486791"
506,539,"681522,552846"
506,540,749584
510,535,240562
510,543,240562
510,546,1041523
512,537,"897112,281256"
513,539,"445481,1163691,351686,114666"
514,536,385630
514,546,1041523
516,544,129105
520,536,105649
521,535,1047587
521,536,1047587
521,537,1047587
521,541,1047587
522,535,"1047587,607089,465285,112041"
522,536,1047587
522,537,1047587
522,541,1047587
523,542,490190
523,543,"490190,364804"
523,550,1159082
526,535,1167570
526,540,1167570
526,546,309563
527,539,"751640,1171591,554673,118478,421137,235297,127790,108938,270220,187833,464331,156634"
531,540,578715
532,547,688836
534,540,578715
534,546,445147
