source,target,user_id
0,1,432898
0,2,264679
0,3,"149886,176750,226924,273864,288714,303696,472947,913899,923982"
0,8,474879
0,11,301967
0,12,317586
0,16,223109
0,19,"146032,178285,223109"
0,21,580829
1,3,432898
1,4,"132519,221900,465308"
1,5,"114932,132519,332635,574109"
1,6,"221900,285090,355812"
1,7,"251114,397953,438114,866133"
1,10,717621
2,4,"221900,274953,280880,476566"
2,5,"200898,264679"
2,6,"221900,280880"
2,7,"355661,478530,866133"
2,9,482512
2,10,"482512,534619"
2,14,498303
2,15,145478
2,17,145478
2,28,876768
3,4,"273864,923982"
3,5,226924
3,6,"176750,273864"
3,7,288714
3,8,"149886,215374,288714,303696,343202,432898,472947,516389,913899"
3,12,468551
3,18,278491
3,19,"150269,278491"
4,7,"262442,274953,412666,476566,530327,598886,711978,923982"
4,8,923982
4,9,"147391,280880,345624,465308,835363"
4,10,957568
4,11,"132519,180230,205800,273864,312415"
4,12,273864
4,13,874591
4,14,132519
4,15,460243
4,16,"106174,465004"
4,17,460243
4,18,206416
4,19,465004
4,24,130184
4,25,"221900,625091"
5,8,226924
5,9,"188309,332635"
5,10,"195808,332635,957568"
5,11,132519
5,12,264679
5,13,"114932,264679,274132,574109"
5,14,"132519,264679"
5,16,"106174,465004"
5,17,"200898,499127"
5,18,206416
5,19,465004
5,21,365367
6,7,"120286,390199,598886,915090"
6,8,"176750,915090"
6,9,"147391,280880,285090,835363"
6,11,"273864,355812"
6,12,273864
6,13,874591
6,15,460243
6,17,460243
6,25,"221900,223786"
7,9,"188588,866133,911734,997163"
7,10,"131516,231893,274953,355661,478530,866133,915090"
7,11,"438114,711978"
7,12,"288714,923982"
7,13,"288714,390199,438114,578902"
7,14,476566
7,15,417444
7,16,"402831,820248"
7,17,"251114,397953"
7,18,"120286,412666"
7,20,"120286,262442,397953,412666,530327"
7,21,598886
8,9,176750
8,10,915090
8,12,"149886,215374,226924,226985,288714,472947,626547,913899,923982"
8,13,"149886,288714"
8,17,227628
8,18,516389
8,19,"303696,343202"
8,21,266177
8,25,432898
8,26,"432898,474879"
9,11,"147391,188309,188588,280880,465308,866133,911734,997163"
9,12,176750
9,13,911734
9,14,"108228,866133"
9,15,482512
9,16,285090
9,18,332635
9,20,"332635,345624"
9,21,"209276,345624"
9,24,835363
10,11,"131516,717621,866133"
10,13,"717621,915090"
10,14,"115022,478530,534619,866133,1005767,1059459"
10,15,"231893,274953,355661,482512"
10,17,336247
10,18,"231893,332635,355661,957568"
10,20,"332635,957568"
10,23,164308
10,24,133917
10,32,195808
11,15,"180230,188309,188588,866133"
11,16,"188588,465308,717621,911734"
11,17,"131516,180230,188309,309886"
11,18,"132519,147391,205800"
11,19,273864
11,20,"188588,273864,309886,711978,866133,911734,997163"
11,21,"273864,301967,911734"
11,23,"280880,438114"
11,25,"157246,312415"
11,27,312415
11,40,355812
12,16,"116517,215374,423611"
12,17,"226924,626547"
12,18,"176750,913899"
12,19,"116517,149886,176750,215374,226924,273864,317586,423611,468551,538133,626547,913899,923982"
12,20,"273864,317586"
12,21,"273864,317586"
12,22,"226985,472947"
12,26,288714
13,16,"717621,911734"
13,17,"114932,274132,390199,519327,574109,578902,867805"
13,18,"193191,384542,874591"
13,19,149886
13,20,"390199,874591,911734"
13,21,"423878,805158,911734"
13,23,438114
13,26,288714
14,15,"476566,478530,534619,866133,1005767,1059459"
14,16,478530
14,17,1005767
14,18,132519
14,20,866133
14,21,476566
14,23,115022
14,25,437974
14,27,498303
14,28,498303
14,34,108228
15,22,274953
15,23,"180230,188588,231893,274953,476566,866133"
15,24,"482512,508797"
15,25,"355661,535838"
15,27,"417444,478530"
15,28,355661
15,29,145478
15,31,"460243,1059459"
15,34,1005767
16,22,215374
16,23,188588
16,24,"120248,465308,820248"
16,25,"106174,285090,524668,535838"
16,26,"116517,524668"
16,27,478530
16,28,"285090,402831,524668"
16,29,"843577,1031383"
16,30,"465004,843577"
16,31,"189769,717621"
16,33,223109
16,35,223109
16,38,423611
16,42,423611
17,22,226924
17,23,"180230,309886,390199,1004644"
17,24,"131516,227628,508797,574109"
17,25,"114932,274132,499127,519327,867805"
17,28,397953
17,29,"145478,336247,626547"
17,31,460243
17,34,1005767
17,36,"251114,578902"
17,37,200898
17,40,200898
17,41,251114
18,22,"176750,913899"
18,23,"176750,206416,231893,412666,874591"
18,24,"147391,193191"
18,25,"120286,132519,278491,332635,355661,384542"
18,26,278491
18,27,332635
18,28,"278491,355661,957568"
18,29,205800
18,30,516389
19,22,"149886,176750,178285,215374,226924,273864,303696,317586,468551,538133,913899,923982"
19,23,"176750,273864,317586,343202"
19,25,"146032,278491"
19,26,"116517,278491"
19,28,278491
19,29,626547
19,30,465004
19,33,"150269,223109"
19,35,223109
19,38,423611
19,42,423611
20,22,"273864,317586"
20,23,"179416,188588,262442,273864,309886,317586,390199,412666,530327,711978,866133,874591,1030140"
20,24,997163
20,25,"120286,332635"
20,27,332635
20,28,"397953,957568"
20,35,345624
21,22,"273864,317586"
21,23,"273864,317586,476566,598886,1030140"
21,24,"266177,301967,365367"
21,25,"209276,423878"
21,29,805158
21,30,580829
21,32,"580829,805158"
21,35,345624
22,24,"115334,176750,274953,538133"
22,25,"149886,178285,273864,317586"
22,26,"149886,178285,215374,226924,236344,303696,317586,913899,923982"
22,27,273864
22,28,"226924,273864"
22,29,226985
22,30,226985
23,24,"115022,115334,176750,262442,274953,343202,476566,1004644"
23,25,"119521,179416,188588,206416,273864,317586,711978,866133,1030140"
23,26,317586
23,27,"188588,231893,273864,390199,866133"
23,28,"164308,180230,206416,273864,711978"
23,29,"280880,438114,530327,874591"
23,31,530327
23,32,530327
23,35,309886
24,25,"115022,130184,133917,259132,476566,482512,508797,997163,1004644,1029987"
24,26,"176750,274953,538133"
24,27,"115022,131516,266177,274953,508797"
24,28,"133917,365367,538133"
24,29,"120248,262442,465308"
24,30,343202
24,31,262442
24,32,115334
24,35,"147391,193191,820248"
24,36,"301967,574109"
24,37,835363
24,39,301967
24,45,227628
25,29,"132519,157246,179416,188588,209276,221900,259132,273864,285090,432898,437974,482512,508797,625091,711978,997163,1030140"
25,30,"146032,149886,273864,278491,317586,625091,1216244"
25,31,"188588,312415,332635,355661,476566,482512,508797"
25,32,"223786,259132,273864,524668,535838,1030140,1163901"
25,33,178285
25,34,"133917,393439"
25,35,"119521,120286,130184,133917,1029987"
25,36,499127
25,37,206416
25,39,"519327,867805"
25,40,384542
25,41,115022
25,42,"106174,114932,115022,206416,423878"
26,29,"176750,226924,274953,432898"
26,30,"116517,149886,176750,215374,226924,278491,288714,317586,538133,923982,1216244"
26,31,274953
26,32,"524668,538133"
26,33,"178285,236344,303696,474879"
27,29,"188588,231893,273864,274953,508797,520056"
27,30,273864
27,31,"188588,231893,274953,312415,332635,417444,478530,508797"
27,32,"131516,273864"
27,34,390199
27,36,498303
27,41,"115022,498303"
27,42,115022
28,29,"164308,226924,273864,285090,711978"
28,30,"226924,273864,278491,538133"
28,31,"164308,355661"
28,32,"273864,524668,538133"
28,34,"133917,876768"
28,35,"133917,180230"
28,36,"402831,498303,957568"
28,37,206416
28,41,498303
28,42,206416
29,33,"176750,226924,273864,432898,625091,626547,843577,1031383"
29,34,"145478,157246,188588,520056"
29,35,"157246,176750,188588,209276,259132,273864,274953,280880,285090,520056,625091,711978,997163"
29,36,120248
29,37,"179416,221900,437974,438114,530327,1030140"
29,38,"226985,530327"
29,39,"164308,336247,805158"
29,40,"530327,1030140"
29,41,"164308,262442"
29,42,"132519,221900,262442,874591"
29,44,482512
30,33,"149886,176750,226924,273864,278491,317586,343202,465004,538133,625091,843577,923982"
30,35,"176750,273864,343202,625091,923982"
30,36,580829
30,38,"116517,146032,226985,288714,1216244"
30,40,215374
30,42,146032
31,34,"188588,189769,478530,717621"
31,35,"188588,274953,476566"
31,37,"332635,530327"
31,38,530327
31,39,"164308,355661,460243"
31,40,530327
31,41,"164308,262442,332635,355661"
31,42,262442
31,44,482512
31,46,1059459
32,33,"273864,538133"
32,34,"195808,1163901"
32,35,"115334,259132,273864"
32,36,"223786,580829"
32,37,"530327,1030140"
32,38,530327
32,39,"535838,805158"
32,40,"530327,1030140"
32,42,524668
32,44,131516
33,36,"176750,226924,432898,1031383"
33,37,317586
33,38,"149886,176750,226924,273864,278491,303696,317586,432898,465004,538133,923982,1031383"
33,39,"149886,625091,626547,923982"
33,40,273864
33,42,843577
33,43,474879
33,45,"150269,223109,236344"
34,36,"108228,145478,189769,393439,717621"
34,37,"188588,390199"
34,39,390199
34,40,"133917,188588,1005767,1163901"
34,41,"133917,145478,188588,189769,390199,520056"
34,42,520056
34,44,876768
34,46,478530
35,36,"176750,193191,285090"
35,37,"147391,188588,209276,259132,274953,280880,285090,309886,345624,711978,1029987"
35,38,"176750,273864,274953,923982"
35,39,"120286,180230,274953,345624,625091,820248,923982,1029987"
35,40,"119521,133917,188588,273864,309886"
35,41,"133917,180230,188588,274953,520056"
35,42,"147391,259132,520056,997163"
35,45,223109
36,43,"176750,226924"
36,44,"251114,393439,432898"
36,46,"145478,189769,498303"
37,43,317586
37,44,"274953,711978"
37,45,530327
37,46,188588
38,43,"116517,146032,149886,176750,226924,273864,288714,303696,317586,423611,538133,923982"
38,44,"274953,423611,432898"
38,45,"278491,530327,1216244"
39,43,"149886,626547,923982"
39,44,"274953,625091"
40,43,"215374,273864"
40,44,119521
40,45,530327
40,46,"133917,188588"
41,44,"251114,274953"
41,46,"133917,145478,188588,189769,262442,498303"
42,43,"146032,423611"
42,44,423611
42,46,"132519,262442"
43,45,"116517,146032,149886,176750,215374,226924,288714,317586,538133,626547,923982"
43,46,303696
44,46,274953
