source,target,user_id
0,6,584447
0,10,565366
0,12,584447
0,14,584447
0,15,584447
0,16,584447
0,20,584447
0,21,584447
0,22,584447
0,23,"584447,735292,761107"
0,24,584447
0,25,584447
0,26,584447
0,27,584447
0,30,565366
0,32,584447
0,33,584447
0,75,752568
1,6,"584447,622027"
1,10,565366
1,11,521885
1,12,"584447,622027"
1,14,"584447,622027,754685"
1,15,"584447,622027"
1,16,"584447,622027"
1,18,521885
1,19,"622027,754685"
1,20,"584447,754685"
1,21,"584447,622027"
1,22,"584447,622027,754685"
1,23,"584447,622027"
1,24,584447
1,25,584447
1,26,"521885,584447,622027"
1,27,"584447,622027"
1,29,622027
1,30,"565366,622027"
1,31,"622027,754685"
1,32,"584447,622027"
1,33,"584447,622027,754685"
1,34,"622027,754685"
1,35,622027
1,75,752568
1,90,519887
2,6,"584447,622027"
2,7,610249
2,10,610249
2,12,"584447,622027"
2,14,"584447,622027,754685"
2,15,"584447,622027"
2,16,"584447,622027"
2,17,610249
2,19,"610249,622027,754685"
2,20,"584447,610249,754685"
2,21,"584447,622027"
2,22,"584447,610249,622027,754685"
2,23,"584447,622027"
2,24,584447
2,25,584447
2,26,"584447,622027"
2,27,"584447,622027"
2,29,622027
2,30,622027
2,31,"610249,622027,754685"
2,32,"584447,622027"
2,33,"584447,622027,754685"
2,34,"622027,754685"
2,35,622027
2,75,752568
3,10,565366
3,25,187833
3,30,565366
4,7,610249
4,10,610249
4,17,610249
4,19,610249
4,20,610249
4,22,610249
4,31,610249
5,6,622027
5,8,616225
5,10,616225
5,12,"428202,622027"
5,14,622027
5,15,"428202,622027"
5,16,622027
5,19,622027
5,21,622027
5,22,622027
5,23,"428202,622027"
5,26,"428202,616225,622027"
5,27,"428202,622027"
5,28,428202
5,29,622027
5,30,"616225,622027"
5,31,"616225,622027"
5,32,"428202,616225,622027"
5,33,"428202,616225,622027"
5,34,"616225,622027"
5,35,622027
5,75,752568
6,36,734723
6,38,"622027,734723"
6,39,"584447,734723,913872"
6,40,"584447,734723"
6,47,734723
6,48,"584447,734723,913872"
6,53,"734723,913872"
6,59,622027
6,60,622027
6,63,734723
6,64,"734723,913872"
6,67,622027
6,69,734723
6,71,734723
6,74,"584447,622027,734723"
6,75,"584447,734723"
6,76,"584447,734723"
6,78,"584447,622027,734723,913872"
6,79,"584447,622027,734723"
6,80,"584447,622027,734723"
6,81,"584447,734723"
6,82,"584447,734723"
6,84,"584447,622027,734723"
6,86,"584447,622027,734723,913872"
6,93,"584447,734723"
6,94,"584447,622027,734723"
6,95,"584447,622027,734723,913872"
6,96,"584447,734723"
6,97,"584447,734723"
7,47,610249
7,64,610249
7,69,610249
7,74,610249
7,78,610249
7,79,610249
7,80,610249
7,84,610249
7,86,610249
7,94,610249
7,95,610249
8,41,489055
8,45,489055
8,46,489055
8,51,489055
8,52,489055
8,54,489055
8,56,489055
8,71,616225
8,74,616225
8,78,616225
8,79,616225
8,80,616225
8,84,616225
8,86,616225
8,88,489055
8,94,616225
8,95,616225
9,43,471775
9,44,471775
9,45,471775
9,46,471775
9,49,471775
9,52,471775
9,65,471775
9,71,548624
9,74,471775
9,75,471775
9,76,471775
9,77,471775
9,89,471775
9,90,471775
9,91,471775
9,101,241017
9,243,863993
10,39,565366
10,40,565366
10,47,610249
10,48,565366
10,58,565366
10,59,565366
10,64,610249
10,67,565366
10,69,610249
10,71,616225
10,74,"565366,610249,616225"
10,78,"565366,610249,616225"
10,79,"565366,610249,616225"
10,80,"565366,610249,616225"
10,84,"565366,610249,616225"
10,86,"565366,610249,616225"
10,94,"565366,610249,616225"
10,95,"565366,610249,616225"
10,132,540247
10,133,540247
10,134,540247
10,144,540247
11,43,471775
11,44,471775
11,45,471775
11,46,471775
11,49,"471775,521885"
11,50,715341
11,52,471775
11,54,715341
11,55,715341
11,56,715341
11,65,471775
11,74,"471775,715341"
11,75,"471775,519469"
11,76,471775
11,77,471775
11,87,715341
11,88,715341
11,89,471775
11,90,"471775,545984"
11,91,471775
11,92,715341
12,38,622027
12,39,584447
12,40,584447
12,46,428202
12,48,584447
12,49,428202
12,54,428202
12,55,428202
12,59,622027
12,60,622027
12,67,622027
12,74,"428202,584447,622027"
12,75,584447
12,76,584447
12,78,"584447,622027"
12,79,"584447,622027"
12,80,"584447,622027"
12,81,584447
12,82,584447
12,84,"584447,622027"
12,86,"584447,622027"
12,93,584447
12,94,"584447,622027"
12,95,"584447,622027"
12,96,584447
12,97,584447
13,41,516496
13,43,"471775,516496"
13,44,471775
13,45,471775
13,46,471775
13,49,471775
13,50,715341
13,51,516496
13,52,"471775,516496"
13,54,715341
13,55,715341
13,56,715341
13,62,516496
13,65,"471775,516496"
13,74,"471775,715341"
13,75,471775
13,76,471775
13,77,471775
13,85,516496
13,87,715341
13,88,715341
13,89,471775
13,90,"471775,545984"
13,91,471775
13,92,715341
13,243,863993
14,36,734723
14,38,"622027,734723"
14,39,"584447,734723,754685,913872"
14,40,"584447,734723,754685"
14,47,734723
14,48,"584447,734723,754685,913872"
14,53,"734723,913872"
14,58,754685
14,59,"622027,754685"
14,60,"622027,754685"
14,63,"734723,754685"
14,64,"734723,913872"
14,67,"622027,754685"
14,69,734723
14,71,734723
14,74,"584447,622027,734723,754685"
14,75,"584447,734723,754685"
14,76,"584447,734723,754685"
14,77,754685
14,78,"584447,622027,734723,754685,913872"
14,79,"584447,622027,734723,754685"
14,80,"584447,622027,734723,754685"
14,81,"584447,734723,754685"
14,82,"584447,734723,754685"
14,84,"584447,622027,734723,754685"
14,86,"584447,622027,734723,754685,913872"
14,87,754685
14,88,754685
14,92,754685
14,93,"584447,734723,754685"
14,94,"584447,622027,734723,754685"
14,95,"584447,622027,734723,754685,913872"
14,96,"584447,734723,754685"
14,97,"584447,734723,754685"
14,98,754685
15,38,622027
15,39,584447
15,40,584447
15,46,428202
15,48,584447
15,49,428202
15,54,428202
15,55,428202
15,59,622027
15,60,622027
15,67,622027
15,74,"428202,584447,622027"
15,75,584447
15,76,584447
15,78,"584447,622027"
15,79,"584447,622027"
15,80,"584447,622027"
15,81,584447
15,82,584447
15,84,"584447,622027"
15,86,"584447,622027"
15,93,584447
15,94,"584447,622027"
15,95,"584447,622027"
15,96,584447
15,97,584447
16,36,544077
16,37,544077
16,38,622027
16,39,"584447,913872"
16,40,584447
16,48,"584447,913872"
16,53,913872
16,59,622027
16,60,622027
16,64,913872
16,67,622027
16,74,"584447,622027"
16,75,584447
16,76,584447
16,78,"584447,622027,913872"
16,79,"584447,622027"
16,80,"584447,622027"
16,81,584447
16,82,584447
16,84,"584447,622027"
16,86,"584447,622027,913872"
16,93,584447
16,94,"584447,622027"
16,95,"584447,622027,913872"
16,96,584447
16,97,584447
17,47,610249
17,64,610249
17,69,610249
17,74,610249
17,78,610249
17,79,610249
17,80,610249
17,84,610249
17,86,610249
17,94,610249
17,95,610249
18,43,471775
18,44,471775
18,45,471775
18,46,471775
18,49,"471775,521885"
18,50,715341
18,52,471775
18,54,715341
18,55,715341
18,56,715341
18,65,471775
18,74,"471775,715341"
18,75,"471775,519469"
18,76,471775
18,77,471775
18,87,715341
18,88,715341
18,89,471775
18,90,471775
18,91,471775
18,92,715341
19,36,734723
19,38,"622027,734723"
19,39,"734723,754685"
19,40,"734723,754685"
19,41,489055
19,45,489055
19,46,489055
19,47,"610249,734723"
19,48,"734723,754685"
19,51,489055
19,52,489055
19,53,734723
19,54,489055
19,56,489055
19,58,754685
19,59,"622027,754685"
19,60,"622027,754685"
19,63,"734723,754685"
19,64,"610249,734723"
19,67,"622027,754685"
19,69,"610249,734723"
19,71,734723
19,74,"610249,622027,734723,754685"
19,75,"734723,754685"
19,76,"734723,754685"
19,77,754685
19,78,"610249,622027,734723,754685"
19,79,"610249,622027,734723,754685"
19,80,"610249,622027,734723,754685"
19,81,"734723,754685"
19,82,"734723,754685"
19,84,"610249,622027,734723,754685"
19,86,"610249,622027,734723,754685"
19,87,754685
19,88,"489055,754685"
19,92,754685
19,93,"734723,754685"
19,94,"610249,622027,734723,754685"
19,95,"610249,622027,734723,754685"
19,96,"734723,754685"
19,97,"734723,754685"
19,98,754685
20,39,"584447,754685"
20,40,"584447,754685"
20,47,610249
20,48,"584447,754685"
20,58,754685
20,59,754685
20,60,754685
20,63,754685
20,64,610249
20,67,754685
20,69,610249
20,74,"584447,610249,754685"
20,75,"584447,754685"
20,76,"584447,754685"
20,77,754685
20,78,"584447,610249,754685"
20,79,"584447,610249,754685"
20,80,"584447,610249,754685"
20,81,"584447,754685"
20,82,"584447,754685"
20,84,"584447,610249,754685"
20,86,"584447,610249,754685"
20,87,754685
20,88,754685
20,92,754685
20,93,"584447,754685"
20,94,"584447,610249,754685"
20,95,"584447,610249,754685"
20,96,"584447,754685"
20,97,"584447,754685"
20,98,754685
21,36,734723
21,38,"622027,734723"
21,39,"584447,734723,913872"
21,40,"584447,734723"
21,41,489055
21,45,489055
21,46,489055
21,47,734723
21,48,"584447,734723,913872"
21,51,489055
21,52,489055
21,53,"734723,913872"
21,54,489055
21,56,489055
21,59,622027
21,60,622027
21,63,734723
21,64,"734723,913872"
21,67,622027
21,69,734723
21,71,734723
21,74,"584447,622027,734723"
21,75,"584447,734723"
21,76,"584447,734723"
21,78,"584447,622027,734723,913872"
21,79,"584447,622027,734723"
21,80,"584447,622027,734723"
21,81,"584447,734723"
21,82,"584447,734723"
21,84,"584447,622027,734723"
21,86,"584447,622027,734723,913872"
21,88,489055
21,93,"584447,734723"
21,94,"584447,622027,734723"
21,95,"584447,622027,734723,913872"
21,96,"584447,734723"
21,97,"584447,734723"
22,38,622027
22,39,"584447,754685"
22,40,"584447,754685"
22,41,489055
22,45,489055
22,46,489055
22,47,610249
22,48,"584447,754685"
22,51,489055
22,52,489055
22,54,489055
22,56,489055
22,58,754685
22,59,"622027,754685"
22,60,"622027,754685"
22,63,754685
22,64,610249
22,67,"622027,754685"
22,69,610249
22,74,"584447,610249,622027,754685"
22,75,"584447,754685"
22,76,"584447,754685"
22,77,754685
22,78,"584447,610249,622027,754685"
22,79,"584447,610249,622027,754685"
22,80,"584447,610249,622027,754685"
22,81,"584447,754685"
22,82,"584447,754685"
22,84,"584447,610249,622027,754685"
22,86,"584447,610249,622027,754685"
22,87,754685
22,88,"489055,754685"
22,92,754685
22,93,"584447,754685"
22,94,"584447,610249,622027,754685"
22,95,"584447,610249,622027,754685"
22,96,"584447,754685"
22,97,"584447,754685"
22,98,754685
23,38,"555714,622027"
23,39,584447
23,40,584447
23,42,849812
23,45,552972
23,46,"428202,552972"
23,48,584447
23,49,"294115,428202"
23,50,294115
23,51,294115
23,52,552972
23,54,"428202,552972"
23,55,"294115,428202"
23,56,294115
23,58,555714
23,59,"555714,622027,761107"
23,60,"555714,622027,849812"
23,67,"555714,622027"
23,69,849812
23,71,"526400,548624,619437"
23,74,"428202,555714,584447,622027"
23,75,"363692,526400,535929,584447,619437,761107,849812"
23,76,584447
23,78,"555714,584447,622027,849812"
23,79,"555714,584447,622027"
23,80,"555714,584447,622027"
23,81,"584447,849812"
23,82,584447
23,84,"555714,584447,622027"
23,86,"555714,584447,622027,761107,849812"
23,87,294115
23,93,"584447,849812"
23,94,"555714,584447,622027"
23,95,"555714,584447,622027,849812"
23,96,584447
23,97,"584447,761107,849812"
23,118,735292
24,39,584447
24,40,584447
24,41,489055
24,43,471775
24,44,471775
24,45,"471775,489055"
24,46,"471775,489055"
24,48,584447
24,49,471775
24,51,489055
24,52,"471775,489055"
24,54,489055
24,56,489055
24,65,471775
24,74,"471775,584447"
24,75,"471775,584447"
24,76,"471775,584447"
24,77,471775
24,78,584447
24,79,584447
24,80,584447
24,81,584447
24,82,584447
24,84,584447
24,86,584447
24,88,489055
24,89,471775
24,90,471775
24,91,471775
24,93,584447
24,94,584447
24,95,584447
24,96,584447
24,97,584447
25,39,584447
25,40,584447
25,41,489055
25,45,489055
25,46,489055
25,48,584447
25,51,489055
25,52,489055
25,54,489055
25,56,489055
25,74,584447
25,75,584447
25,76,584447
25,78,584447
25,79,584447
25,80,584447
25,81,584447
25,82,584447
25,84,584447
25,86,584447
25,88,489055
25,93,584447
25,94,584447
25,95,584447
25,96,584447
25,97,584447
25,98,"187833,322520"
25,229,427250
26,38,"555714,622027"
26,39,584447
26,40,584447
26,41,489055
26,43,471775
26,44,471775
26,45,"471775,489055"
26,46,"428202,471775,489055"
26,48,584447
26,49,"428202,471775,521885"
26,50,715341
26,51,489055
26,52,"471775,489055"
26,54,"428202,489055,715341"
26,55,"428202,715341"
26,56,"489055,715341"
26,58,555714
26,59,"555714,622027"
26,60,"555714,622027"
26,65,471775
26,67,"555714,622027"
26,71,"548624,616225"
26,74,"428202,471775,555714,584447,616225,622027,715341"
26,75,"471775,519469,584447"
26,76,"471775,584447"
26,77,471775
26,78,"555714,584447,616225,622027"
26,79,"555714,584447,616225,622027"
26,80,"555714,584447,616225,622027"
26,81,584447
26,82,584447
26,84,"555714,584447,616225,622027"
26,86,"555714,584447,616225,622027"
26,87,715341
26,88,"489055,715341"
26,89,471775
26,90,471775
26,91,471775
26,92,715341
26,93,584447
26,94,"555714,584447,616225,622027"
26,95,"555714,584447,616225,622027"
26,96,584447
26,97,584447
27,38,"555714,622027"
27,39,584447
27,40,584447
27,46,428202
27,48,584447
27,49,428202
27,54,428202
27,55,428202
27,58,555714
27,59,"555714,622027"
27,60,"555714,622027"
27,67,"555714,622027"
27,71,548624
27,74,"428202,555714,584447,622027"
27,75,584447
27,76,584447
27,78,"555714,584447,622027"
27,79,"555714,584447,622027"
27,80,"555714,584447,622027"
27,81,584447
27,82,584447
27,84,"555714,584447,622027"
27,86,"555714,584447,622027"
27,93,584447
27,94,"555714,584447,622027"
27,95,"555714,584447,622027"
27,96,584447
27,97,584447
28,36,734723
28,38,734723
28,39,"734723,913872"
28,40,734723
28,46,428202
28,47,734723
28,48,"734723,913872"
28,49,428202
28,53,"734723,913872"
28,54,428202
28,55,428202
28,63,734723
28,64,"734723,913872"
28,69,734723
28,71,"619437,734723"
28,74,"428202,734723"
28,75,"619437,734723"
28,76,734723
28,78,"734723,913872"
28,79,734723
28,80,734723
28,81,734723
28,82,734723
28,84,734723
28,86,"734723,913872"
28,93,734723
28,94,734723
28,95,"734723,913872"
28,96,734723
28,97,734723
29,38,622027
29,43,471775
29,44,471775
29,45,471775
29,46,471775
29,49,471775
29,50,715341
29,52,471775
29,54,715341
29,55,715341
29,56,715341
29,59,622027
29,60,622027
29,65,471775
29,67,622027
29,71,548624
29,74,"471775,622027,715341"
29,75,471775
29,76,471775
29,77,471775
29,78,622027
29,79,622027
29,80,622027
29,84,622027
29,86,622027
29,87,715341
29,88,715341
29,89,471775
29,90,471775
29,91,471775
29,92,715341
29,94,622027
29,95,622027
30,36,734723
30,38,"555714,622027,734723"
30,39,"565366,734723"
30,40,"565366,734723"
30,41,489055
30,45,489055
30,46,489055
30,47,734723
30,48,"565366,734723"
30,51,489055
30,52,489055
30,53,734723
30,54,489055
30,56,489055
30,58,"555714,565366"
30,59,"555714,565366,622027"
30,60,"555714,622027"
30,63,734723
30,64,734723
30,67,"555714,565366,622027"
30,69,734723
30,71,"616225,734723"
30,74,"555714,565366,616225,622027,734723"
30,75,734723
30,76,734723
30,78,"555714,565366,616225,622027,734723"
30,79,"555714,565366,616225,622027,734723"
30,80,"555714,565366,616225,622027,734723"
30,81,734723
30,82,734723
30,84,"555714,565366,616225,622027,734723"
30,86,"555714,565366,616225,622027,734723"
30,88,489055
30,93,734723
30,94,"555714,565366,616225,622027,734723"
30,95,"555714,565366,616225,622027,734723"
30,96,734723
30,97,734723
31,38,"555714,622027"
31,39,754685
31,40,754685
31,41,489055
31,45,489055
31,46,489055
31,47,610249
31,48,754685
31,51,489055
31,52,489055
31,54,489055
31,56,489055
31,58,"555714,754685"
31,59,"555714,622027,754685"
31,60,"555714,622027,754685"
31,63,754685
31,64,610249
31,67,"555714,622027,754685"
31,69,610249
31,71,616225
31,74,"555714,610249,616225,622027,754685"
31,75,754685
31,76,754685
31,77,754685
31,78,"555714,610249,616225,622027,754685"
31,79,"555714,610249,616225,622027,754685"
31,80,"555714,610249,616225,622027,754685"
31,81,754685
31,82,754685
31,84,"555714,610249,616225,622027,754685"
31,86,"555714,610249,616225,622027,754685"
31,87,754685
31,88,"489055,754685"
31,92,754685
31,93,754685
31,94,"555714,610249,616225,622027,754685"
31,95,"555714,610249,616225,622027,754685"
31,96,754685
31,97,754685
31,98,754685
32,36,734723
32,38,"622027,734723"
32,39,"584447,734723,913872"
32,40,"584447,734723"
32,46,428202
32,47,734723
32,48,"584447,734723,913872"
32,49,428202
32,53,"734723,913872"
32,54,428202
32,55,428202
32,59,622027
32,60,622027
32,63,734723
32,64,"734723,913872"
32,67,622027
32,69,734723
32,71,"616225,734723"
32,74,"428202,584447,616225,622027,734723"
32,75,"584447,734723"
32,76,"584447,734723"
32,78,"584447,616225,622027,734723,913872"
32,79,"584447,616225,622027,734723"
32,80,"584447,616225,622027,734723"
32,81,"584447,734723"
32,82,"584447,734723"
32,84,"584447,616225,622027,734723"
32,86,"584447,616225,622027,734723,913872"
32,93,"584447,734723"
32,94,"584447,616225,622027,734723"
32,95,"584447,616225,622027,734723,913872"
32,96,"584447,734723"
32,97,"584447,734723"
33,38,622027
33,39,"584447,754685"
33,40,"584447,754685"
33,46,428202
33,48,"584447,754685"
33,49,428202
33,54,428202
33,55,428202
33,58,754685
33,59,"622027,754685"
33,60,"622027,754685"
33,63,754685
33,67,"622027,754685"
33,71,616225
33,74,"428202,584447,616225,622027,754685"
33,75,"584447,754685"
33,76,"584447,754685"
33,77,754685
33,78,"584447,616225,622027,754685"
33,79,"584447,616225,622027,754685"
33,80,"584447,616225,622027,754685"
33,81,"584447,754685"
33,82,"584447,754685"
33,84,"584447,616225,622027,754685"
33,86,"584447,616225,622027,754685"
33,87,754685
33,88,754685
33,92,754685
33,93,"584447,754685"
33,94,"584447,616225,622027,754685"
33,95,"584447,616225,622027,754685"
33,96,"584447,754685"
33,97,"584447,754685"
33,98,754685
34,36,734723
34,38,"622027,734723"
34,39,"734723,754685"
34,40,"734723,754685"
34,47,734723
34,48,"734723,754685"
34,53,734723
34,58,754685
34,59,"622027,754685"
34,60,"622027,754685"
34,63,"734723,754685"
34,64,734723
34,67,"622027,754685"
34,69,734723
34,71,"616225,734723"
34,74,"616225,622027,734723,754685"
34,75,"734723,754685"
34,76,"734723,754685"
34,77,754685
34,78,"616225,622027,734723,754685"
34,79,"616225,622027,734723,754685"
34,80,"616225,622027,734723,754685"
34,81,"734723,754685"
34,82,"734723,754685"
34,84,"616225,622027,734723,754685"
34,86,"616225,622027,734723,754685"
34,87,754685
34,88,754685
34,92,754685
34,93,"734723,754685"
34,94,"616225,622027,734723,754685"
34,95,"616225,622027,734723,754685"
34,96,"734723,754685"
34,97,"734723,754685"
34,98,754685
35,38,622027
35,43,471775
35,44,471775
35,45,471775
35,46,471775
35,49,471775
35,50,715341
35,52,471775
35,54,715341
35,55,715341
35,56,715341
35,59,622027
35,60,622027
35,65,471775
35,67,622027
35,71,548624
35,74,"471775,622027,715341"
35,75,471775
35,76,471775
35,77,471775
35,78,622027
35,79,622027
35,80,622027
35,84,622027
35,86,622027
35,87,715341
35,88,715341
35,89,471775
35,90,"471775,545984"
35,91,471775
35,92,715341
35,94,622027
35,95,622027
36,111,544077
36,115,544077
36,117,734723
36,118,734723
37,111,544077
37,115,"309153,544077"
37,143,575459
38,113,622027
38,117,734723
38,118,734723
38,146,555714
38,148,555714
39,110,565366
39,111,913872
39,113,"565366,913872"
39,115,913872
39,117,"734723,913872"
39,118,"734723,754685"
39,124,754685
39,129,"565366,754685,913872"
39,181,584447
40,102,971894
40,103,971894
40,104,971894
40,105,971894
40,107,971894
40,109,971894
40,110,"565366,971894"
40,111,971894
40,112,971894
40,113,"565366,971894"
40,116,971894
40,117,734723
40,118,"734723,754685"
40,120,971894
40,122,971894
40,124,754685
40,125,971894
40,126,971894
40,127,971894
40,128,971894
40,129,"565366,754685,971894"
40,130,971894
40,181,584447
41,100,489055
41,102,489055
41,103,516496
41,105,489055
41,107,489055
41,108,489055
41,112,"489055,516496"
41,114,489055
41,128,911614
42,106,849812
42,118,849812
42,120,849812
42,121,849812
42,143,575459
42,204,314234
43,102,471775
43,103,"471775,516496"
43,105,471775
43,107,471775
43,112,"471775,516496"
43,118,471775
43,122,471775
43,127,471775
43,128,471775
44,102,471775
44,103,471775
44,105,471775
44,107,471775
44,112,471775
44,118,471775
44,122,471775
44,127,471775
44,128,"471775,911614"
44,165,536334
44,182,455008
44,197,455008
45,100,489055
45,102,"471775,489055"
45,103,471775
45,105,"471775,489055"
45,107,"471775,489055"
45,108,489055
45,112,"471775,489055"
45,114,489055
45,118,471775
45,122,471775
45,127,471775
45,128,471775
45,161,552972
45,165,552972
45,166,552972
46,100,489055
46,102,"471775,489055"
46,103,471775
46,105,"471775,489055"
46,107,"471775,489055"
46,108,"428202,489055"
46,112,"471775,489055"
46,114,489055
46,117,428202
46,118,471775
46,122,"428202,471775"
46,127,471775
46,128,471775
46,129,428202
46,161,552972
46,165,552972
46,166,552972
47,117,734723
47,118,734723
47,145,610249
47,146,610249
47,147,610249
48,102,971894
48,103,971894
48,104,971894
48,105,971894
48,107,971894
48,109,971894
48,110,"565366,971894"
48,111,"913872,971894"
48,112,971894
48,113,"565366,913872,971894"
48,115,913872
48,116,971894
48,117,"734723,913872"
48,118,"734723,754685"
48,120,971894
48,122,971894
48,124,754685
48,125,971894
48,126,971894
48,127,971894
48,128,971894
48,129,"565366,754685,913872,971894"
48,130,971894
48,181,584447
49,102,"471775,971894"
49,103,"471775,971894"
49,104,971894
49,105,"471775,521885,971894"
49,107,"471775,971894"
49,108,428202
49,109,971894
49,110,971894
49,111,971894
49,112,"471775,971894"
49,113,971894
49,116,971894
49,117,428202
49,118,471775
49,120,971894
49,122,"428202,471775,971894"
49,125,971894
49,126,971894
49,127,"471775,971894"
49,128,"471775,971894"
49,129,"428202,971894"
49,130,971894
49,165,536334
49,182,455008
49,197,455008
49,263,294115
49,264,294115
49,265,294115
49,271,294115
49,274,294115
49,276,294115
49,277,294115
49,278,294115
49,279,294115
50,102,"400722,715341"
50,105,400722
50,107,400722
50,108,"400722,715341"
50,112,400722
50,114,"400722,715341"
50,128,911614
50,263,294115
50,264,294115
50,265,294115
50,271,294115
50,274,294115
50,276,294115
50,277,294115
50,278,294115
50,279,294115
51,100,489055
51,102,"489055,971894"
51,103,"516496,971894"
51,104,971894
51,105,"489055,971894"
51,107,"489055,971894"
51,108,489055
51,109,971894
51,110,971894
51,111,971894
51,112,"489055,516496,971894"
51,113,971894
51,114,489055
51,116,971894
51,120,971894
51,122,971894
51,125,971894
51,126,971894
51,127,971894
51,128,971894
51,129,971894
51,130,971894
51,263,294115
51,264,294115
51,265,294115
51,271,294115
51,274,294115
51,276,294115
51,277,294115
51,278,294115
51,279,294115
52,100,489055
52,102,"471775,489055"
52,103,"471775,516496"
52,105,"471775,489055"
52,107,"471775,489055"
52,108,489055
52,112,"471775,489055,516496"
52,114,489055
52,118,471775
52,122,471775
52,127,471775
52,128,471775
52,161,552972
52,165,"536334,552972"
52,166,552972
52,182,455008
52,197,455008
53,111,913872
53,113,913872
53,115,913872
53,117,"734723,913872"
53,118,734723
53,129,913872
54,100,489055
54,102,"489055,715341"
54,105,489055
54,107,489055
54,108,"428202,489055,715341"
54,112,489055
54,114,"489055,715341"
54,117,428202
54,122,428202
54,129,428202
54,145,519885
54,161,552972
54,165,552972
54,166,552972
55,102,"400722,715341"
55,105,400722
55,107,400722
55,108,"400722,428202,715341"
55,112,400722
55,114,"400722,715341"
55,117,428202
55,122,428202
55,128,911614
55,129,428202
55,145,519885
55,263,294115
55,264,294115
55,265,294115
55,271,294115
55,274,294115
55,276,294115
55,277,294115
55,278,294115
55,279,294115
56,100,489055
56,102,"400722,489055,715341"
56,105,"400722,489055"
56,107,"400722,489055"
56,108,"400722,489055,715341"
56,112,"400722,489055"
56,114,"400722,489055,715341"
56,128,911614
56,263,294115
56,264,294115
56,265,294115
56,271,294115
56,274,294115
56,276,294115
56,277,294115
56,278,294115
56,279,294115
57,143,575459
58,110,565366
58,113,565366
58,118,754685
58,124,754685
58,129,"565366,754685"
58,146,555714
58,148,555714
59,110,565366
59,113,"565366,622027"
59,118,"754685,761107"
59,124,754685
59,129,"565366,754685"
59,146,555714
59,148,555714
60,106,849812
60,113,622027
60,118,"754685,849812"
60,120,849812
60,121,849812
60,124,754685
60,129,754685
60,146,555714
60,148,555714
61,105,468837
61,122,468837
61,128,911614
61,165,536334
61,175,505859
61,177,505859
61,182,"455008,505859"
61,185,505859
61,196,505859
61,197,"455008,505859"
61,198,505859
61,204,505859
62,103,516496
62,112,516496
62,128,911614
63,117,734723
63,118,"734723,754685"
63,124,754685
63,129,754685
64,111,913872
64,113,913872
64,115,913872
64,117,"734723,913872"
64,118,734723
64,129,913872
64,145,610249
64,146,610249
64,147,610249
65,102,"471775,971894"
65,103,"471775,516496,971894"
65,104,971894
65,105,"471775,971894"
65,107,"471775,971894"
65,109,971894
65,110,971894
65,111,971894
65,112,"471775,516496,971894"
65,113,971894
65,116,971894
65,118,471775
65,120,971894
65,122,"471775,971894"
65,125,971894
65,126,971894
65,127,"471775,971894"
65,128,"471775,971894"
65,129,971894
65,130,971894
66,115,309153
66,143,575459
67,110,565366
67,113,"565366,622027"
67,118,754685
67,124,754685
67,129,"565366,754685"
67,146,555714
67,148,555714
68,102,971894
68,103,971894
68,104,971894
68,105,971894
68,107,971894
68,109,971894
68,110,971894
68,111,971894
68,112,971894
68,113,971894
68,116,971894
68,120,971894
68,122,971894
68,125,971894
68,126,971894
68,127,971894
68,128,971894
68,129,971894
68,130,971894
69,106,849812
69,117,734723
69,118,"734723,849812"
69,120,849812
69,121,849812
69,145,610249
69,146,610249
69,147,610249
71,100,548624
71,101,548624
71,104,616225
71,109,619437
71,110,619437
71,111,616225
71,113,616225
71,116,616225
71,117,734723
71,118,"619437,734723"
71,120,619437
71,121,619437
71,124,619437
71,125,"616225,619437"
71,126,619437
71,128,548624
71,129,619437
71,130,616225
71,189,526400
72,168,"110899,464331"
72,229,"270220,314647,427096,432305,602580,616689,739860,751640"
72,267,"244827,681522"
72,329,421137
73,229,314647
73,267,681522
74,102,"471775,715341"
74,103,471775
74,104,616225
74,105,471775
74,107,471775
74,108,"428202,715341"
74,110,565366
74,111,616225
74,112,471775
74,113,"565366,616225,622027"
74,114,715341
74,116,616225
74,117,"428202,734723"
74,118,"471775,734723,754685"
74,122,"428202,471775"
74,124,754685
74,125,616225
74,127,471775
74,128,471775
74,129,"428202,565366,754685"
74,130,616225
74,145,"519885,610249"
74,146,"555714,610249"
74,147,610249
74,148,555714
74,175,505859
74,177,505859
74,181,584447
74,182,505859
74,185,505859
74,196,505859
74,197,505859
74,198,505859
74,204,505859
75,102,471775
75,103,471775
75,105,471775
75,106,849812
75,107,471775
75,109,619437
75,110,619437
75,112,471775
75,117,734723
75,118,"471775,519469,619437,734723,749414,752568,754685,761107,849812"
75,120,"619437,752568,849812"
75,121,"619437,752568,849812"
75,122,471775
75,124,"619437,754685"
75,125,619437
75,126,619437
75,127,471775
75,128,471775
75,129,"619437,754685"
75,145,"519885,535929,610037"
75,181,584447
75,189,526400
75,236,363692
76,102,471775
76,103,471775
76,105,471775
76,107,471775
76,112,471775
76,117,734723
76,118,"471775,734723,754685"
76,122,471775
76,124,754685
76,127,471775
76,128,471775
76,129,754685
76,145,519885
76,181,584447
77,102,"471775,971894"
77,103,"471775,971894"
77,104,971894
77,105,"471775,971894"
77,107,"471775,971894"
77,109,971894
77,110,971894
77,111,971894
77,112,"471775,971894"
77,113,971894
77,116,971894
77,118,"471775,754685"
77,120,971894
77,122,"471775,971894"
77,124,754685
77,125,971894
77,126,971894
77,127,"471775,971894"
77,128,"471775,971894"
77,129,"754685,971894"
77,130,971894
77,145,719763
78,104,616225
78,106,849812
78,110,565366
78,111,"616225,913872"
78,113,"565366,616225,622027,913872"
78,115,913872
78,116,616225
78,117,"734723,913872"
78,118,"734723,754685,849812"
78,120,849812
78,121,849812
78,124,754685
78,125,616225
78,129,"565366,754685,913872"
78,130,616225
78,145,610249
78,146,"555714,610249"
78,147,610249
78,148,555714
78,181,584447
79,102,971894
79,103,971894
79,104,"616225,971894"
79,105,971894
79,107,971894
79,109,971894
79,110,"565366,971894"
79,111,"616225,971894"
79,112,971894
79,113,"565366,616225,622027,971894"
79,116,"616225,971894"
79,117,734723
79,118,"734723,754685"
79,120,971894
79,122,971894
79,124,754685
79,125,"616225,971894"
79,126,971894
79,127,971894
79,128,971894
79,129,"565366,754685,971894"
79,130,"616225,971894"
79,145,610249
79,146,"555714,610249"
79,147,610249
79,148,555714
79,181,584447
80,104,616225
80,110,565366
80,111,616225
80,113,"565366,616225,622027"
80,116,616225
80,117,734723
80,118,"734723,754685"
80,124,754685
80,125,616225
80,129,"565366,754685"
80,130,616225
80,145,610249
80,146,"555714,610249"
80,147,610249
80,148,555714
80,181,584447
81,106,849812
81,117,734723
81,118,"734723,754685,849812"
81,120,849812
81,121,849812
81,124,754685
81,129,754685
81,181,584447
82,117,734723
82,118,"734723,754685"
82,124,754685
82,129,754685
82,181,584447
83,119,872971
84,104,616225
84,110,565366
84,111,616225
84,113,"565366,616225,622027"
84,116,616225
84,117,734723
84,118,"734723,754685"
84,124,754685
84,125,616225
84,129,"565366,754685"
84,130,616225
84,145,"519885,610249"
84,146,"555714,610249"
84,147,610249
84,148,555714
84,181,584447
85,102,971894
85,103,"516496,971894"
85,104,971894
85,105,971894
85,107,971894
85,109,971894
85,110,971894
85,111,971894
85,112,"516496,971894"
85,113,971894
85,116,971894
85,120,971894
85,122,971894
85,125,971894
85,126,971894
85,127,971894
85,128,971894
85,129,971894
85,130,971894
85,133,156096
85,135,156096
86,104,616225
86,106,849812
86,110,565366
86,111,"616225,913872"
86,113,"565366,616225,622027,913872"
86,115,913872
86,116,616225
86,117,"734723,913872"
86,118,"734723,754685,761107,849812"
86,120,849812
86,121,849812
86,124,754685
86,125,616225
86,129,"565366,754685,913872"
86,130,616225
86,145,"519885,610249"
86,146,"555714,610249"
86,147,610249
86,148,555714
86,181,584447
87,102,"400722,715341,971894"
87,103,971894
87,104,971894
87,105,"400722,468837,971894"
87,107,"400722,971894"
87,108,"400722,715341"
87,109,971894
87,110,971894
87,111,971894
87,112,"400722,971894"
87,113,971894
87,114,"400722,715341"
87,116,971894
87,118,754685
87,120,971894
87,122,"468837,971894"
87,124,754685
87,125,971894
87,126,971894
87,127,971894
87,128,"911614,971894"
87,129,"754685,971894"
87,130,971894
87,175,505859
87,177,505859
87,182,505859
87,185,505859
87,196,505859
87,197,505859
87,198,505859
87,204,505859
87,263,294115
87,264,294115
87,265,294115
87,271,294115
87,274,294115
87,276,294115
87,277,294115
87,278,294115
87,279,294115
88,100,489055
88,102,"489055,715341"
88,105,489055
88,107,489055
88,108,"489055,715341"
88,112,489055
88,114,"489055,715341"
88,118,754685
88,124,754685
88,129,754685
88,175,505859
88,177,505859
88,182,505859
88,185,505859
88,196,505859
88,197,505859
88,198,505859
88,204,505859
89,102,471775
89,103,471775
89,105,471775
89,107,471775
89,112,471775
89,118,471775
89,122,471775
89,127,471775
89,128,471775
89,145,519885
90,102,"471775,971894"
90,103,"471775,971894"
90,104,971894
90,105,"471775,971894"
90,107,"471775,971894"
90,109,971894
90,110,971894
90,111,971894
90,112,"471775,971894"
90,113,971894
90,116,971894
90,118,471775
90,120,971894
90,122,"471775,971894"
90,125,971894
90,126,971894
90,127,"471775,971894"
90,128,"471775,971894"
90,129,971894
90,130,971894
90,140,519887
90,145,519885
90,150,519887
90,151,519887
90,264,545984
90,265,545984
90,274,545984
90,277,545984
91,102,471775
91,103,471775
91,105,471775
91,107,471775
91,112,471775
91,118,471775
91,122,471775
91,127,471775
91,128,471775
91,145,519885
92,102,715341
92,108,715341
92,114,715341
92,118,754685
92,124,754685
92,129,754685
92,175,505859
92,177,505859
92,182,505859
92,185,505859
92,196,505859
92,197,505859
92,198,505859
92,204,505859
93,106,849812
93,117,734723
93,118,"734723,754685,849812"
93,120,849812
93,121,849812
93,124,754685
93,129,754685
93,181,584447
94,104,616225
94,110,565366
94,111,616225
94,113,"565366,616225,622027"
94,116,616225
94,117,734723
94,118,"734723,754685"
94,124,754685
94,125,616225
94,129,"565366,754685"
94,130,616225
94,145,610249
94,146,"555714,610249"
94,147,610249
94,148,555714
94,181,584447
95,104,616225
95,106,849812
95,110,565366
95,111,"616225,913872"
95,113,"565366,616225,622027,913872"
95,115,913872
95,116,616225
95,117,"734723,913872"
95,118,"734723,754685,849812"
95,120,849812
95,121,849812
95,124,754685
95,125,616225
95,129,"565366,754685,913872"
95,130,616225
95,145,610249
95,146,"555714,610249"
95,147,610249
95,148,555714
95,181,584447
96,117,734723
96,118,"734723,754685"
96,124,754685
96,129,754685
96,145,519885
96,181,584447
97,106,849812
97,117,734723
97,118,"734723,754685,761107,849812"
97,120,849812
97,121,849812
97,124,754685
97,129,754685
97,145,519885
97,181,584447
98,118,754685
98,119,322520
98,124,754685
98,129,754685
98,157,600388
98,229,187833
99,142,211249
99,153,171222
99,154,171222
100,136,489055
100,140,489055
100,141,489055
100,145,548624
100,146,489055
100,150,489055
100,197,563837
101,145,548624
101,152,241017
101,197,563837
102,136,489055
102,140,489055
102,141,489055
102,146,489055
102,150,489055
102,161,518902
102,169,471775
102,182,971894
102,192,971894
102,195,971894
102,197,"563837,971894"
102,248,400722
102,249,400722
102,264,400722
102,294,715341
102,296,715341
102,299,715341
102,305,715341
103,136,516496
103,141,516496
103,169,471775
103,182,971894
103,192,971894
103,195,971894
103,197,"563837,971894"
104,156,616225
104,182,971894
104,192,971894
104,195,971894
104,197,971894
105,136,489055
105,140,"489055,521885"
105,141,489055
105,146,489055
105,150,"489055,521885"
105,151,521885
105,161,518902
105,169,471775
105,182,971894
105,189,468837
105,192,971894
105,195,971894
105,197,971894
105,248,400722
105,249,400722
105,264,400722
106,145,849812
106,153,171222
106,154,171222
107,136,489055
107,140,489055
107,141,489055
107,146,489055
107,150,489055
107,161,518902
107,169,471775
107,182,971894
107,192,971894
107,195,971894
107,197,971894
107,248,400722
107,249,400722
107,264,400722
108,136,"428202,489055"
108,140,"428202,489055"
108,141,"428202,489055"
108,146,489055
108,150,"428202,489055,963615"
108,151,963615
108,161,518902
108,248,400722
108,249,400722
108,264,400722
108,294,715341
108,296,715341
108,299,715341
108,305,715341
109,144,619437
109,145,"619437,979705"
109,182,971894
109,192,971894
109,195,971894
109,197,971894
110,138,565366
110,144,619437
110,145,"619437,979705"
110,148,565366
110,182,971894
110,192,971894
110,195,971894
110,197,971894
111,137,544077
111,142,544077
111,153,"171222,544077"
111,154,171222
111,156,616225
111,169,913872
111,182,971894
111,192,971894
111,195,971894
111,197,971894
112,136,"489055,516496"
112,140,489055
112,141,"489055,516496"
112,146,489055
112,150,489055
112,161,518902
112,169,471775
112,182,971894
112,192,971894
112,195,971894
112,197,971894
112,248,400722
112,249,400722
112,264,400722
113,138,565366
113,146,622027
113,148,565366
113,156,616225
113,169,913872
113,182,971894
113,192,971894
113,195,971894
113,197,971894
114,136,489055
114,140,489055
114,141,489055
114,146,489055
114,150,489055
114,161,518902
114,248,400722
114,249,400722
114,264,400722
114,294,715341
114,296,715341
114,299,715341
114,305,715341
115,137,544077
115,142,544077
115,153,"309153,544077"
115,169,913872
116,153,171222
116,154,171222
116,156,616225
116,182,971894
116,192,971894
116,195,971894
116,197,971894
117,136,428202
117,140,"428202,734723"
117,141,428202
117,145,"734723,979705"
117,150,428202
117,169,913872
118,140,734723
118,144,619437
118,145,"619437,734723,735292,752568,754685,761107,849812,964774,971440"
118,146,"754685,761107,964774"
118,147,"754685,761107,964774"
118,148,761107
118,150,963615
118,151,963615
118,156,"519469,749414"
118,169,471775
119,143,322520
119,145,979705
119,149,"123777,872971"
120,144,619437
120,145,"619437,752568,849812,979705"
120,182,971894
120,192,971894
120,195,971894
120,197,971894
121,144,619437
121,145,"619437,752568,849812"
122,136,428202
122,140,428202
122,141,428202
122,145,971440
122,150,"428202,963615"
122,151,963615
122,169,471775
122,182,971894
122,189,468837
122,192,971894
122,195,971894
122,197,971894
123,300,460228
124,144,619437
124,145,"619437,754685,971440"
124,146,754685
124,147,754685
125,144,619437
125,145,"619437,979705"
125,156,616225
125,182,971894
125,192,971894
125,195,971894
125,197,971894
126,144,619437
126,145,"619437,979705"
126,182,971894
126,192,971894
126,195,971894
126,197,971894
127,169,471775
127,182,971894
127,192,971894
127,195,971894
127,197,971894
128,145,548624
128,161,911614
128,169,471775
128,182,971894
128,192,971894
128,195,971894
128,197,"563837,971894"
129,136,428202
129,138,565366
129,140,428202
129,141,428202
129,144,619437
129,145,"619437,754685,971440,979705"
129,146,754685
129,147,754685
129,148,565366
129,150,428202
129,169,913872
129,182,971894
129,192,971894
129,195,971894
129,197,971894
130,153,171222
130,154,171222
130,156,616225
130,182,971894
130,192,971894
130,195,971894
130,197,971894
132,158,263990
132,160,263990
132,230,540247
133,158,263990
133,160,263990
133,230,540247
133,355,156096
133,362,156096
134,158,263990
134,160,263990
134,230,540247
135,158,263990
135,160,263990
135,355,156096
135,362,156096
136,156,428202
136,354,516496
136,362,516496
137,178,544077
137,183,544077
137,187,544077
137,188,544077
137,199,544077
138,156,993844
138,172,565366
140,156,"428202,734723"
140,196,519887
140,197,519887
140,198,519887
140,204,519887
141,156,428202
141,354,516496
141,362,516496
142,158,211249
142,160,211249
142,178,544077
142,183,544077
142,187,544077
142,188,544077
142,199,544077
143,158,575459
143,159,322520
143,160,575459
144,156,619437
144,230,540247
145,155,"754685,849812"
145,156,"548624,610037,619437,734723,735292,752568,754685,761107,849812,964774,971440,979705,988692,998545,1014685"
145,169,519885
145,172,"610249,719763"
145,180,610249
145,236,535929
146,155,754685
146,156,"754685,761107,964774,993844"
146,172,610249
146,180,610249
146,209,555714
146,212,555714
146,224,555714
146,227,555714
146,228,555714
146,236,555714
146,327,622027
147,155,754685
147,156,"754685,761107,964774"
147,172,610249
147,180,610249
148,156,"761107,993844"
148,172,565366
148,209,555714
148,212,555714
148,224,555714
148,227,555714
148,228,555714
148,236,555714
149,157,"305678,872971"
149,158,263990
149,160,263990
149,168,425954
149,171,123777
149,181,123777
150,156,"428202,993844"
150,165,963615
150,196,519887
150,197,519887
150,198,519887
150,204,519887
151,165,963615
151,196,519887
151,197,519887
151,198,519887
151,204,519887
152,158,263990
152,160,263990
152,166,263913
152,243,241017
153,159,171222
153,178,544077
153,183,544077
153,186,309153
153,187,"309153,544077"
153,188,544077
153,194,309153
153,199,"309153,544077"
154,158,263990
154,159,171222
154,160,263990
155,172,754685
155,189,"849812,1037646"
155,195,849812
155,200,849812
155,203,849812
156,163,619437
156,165,"971440,979705"
156,166,619437
156,169,"428202,519469,610037,619437,735292,749414,752568,964774,971440,979705,988692,998545,1007975,1014685,1034094,1054006"
156,171,1036452
156,172,754685
156,180,761107
156,189,"734723,849812,993844,1036452,1037646"
156,190,734723
156,195,"616225,849812"
156,200,"616225,849812"
156,203,"616225,849812"
156,347,548624
157,164,600388
157,167,600388
157,171,305678
157,188,872971
157,189,1037646
158,171,263990
158,179,263990
158,183,263990
158,194,263990
158,225,575459
158,291,211249
159,170,322520
159,331,171222
159,333,171222
159,337,171222
160,171,263990
160,179,263990
160,183,263990
160,194,263990
160,225,575459
160,291,211249
161,184,518902
161,196,518902
161,201,518902
161,202,518902
161,213,911614
161,214,911614
161,215,911614
161,216,911614
161,239,911614
161,240,911614
161,242,911614
161,245,911614
161,247,552972
161,249,552972
162,182,416219
162,189,416219
162,191,416219
162,192,416219
162,193,416219
162,195,416219
162,196,416219
162,197,416219
162,198,416219
162,204,416219
163,189,619437
163,195,619437
164,219,600388
165,175,963615
165,177,963615
165,179,963615
165,185,963615
165,191,963615
165,192,963615
165,193,963615
165,196,963615
165,208,979705
165,209,536334
165,212,536334
165,213,979705
165,215,979705
165,216,979705
165,221,979705
165,222,979705
165,223,979705
165,226,979705
165,231,979705
165,234,979705
165,235,979705
165,236,"536334,979705"
165,237,979705
165,238,979705
165,239,979705
165,240,979705
165,241,979705
165,242,979705
165,243,979705
165,244,979705
165,245,979705
165,247,552972
165,249,552972
166,189,619437
166,195,619437
166,201,263913
166,203,263913
166,204,263913
166,247,552972
166,249,552972
167,219,600388
167,229,"903640,957469"
167,233,903640
167,258,984430
168,229,"110899,425954,464331,903640,957469"
168,233,"425954,903640"
169,171,1014685
169,172,"1014685,1047955"
169,173,"519885,1014685,1047955"
169,174,"1014685,1047955"
169,177,471775
169,180,1014685
169,182,471775
169,185,471775
169,189,"428202,619437,752568,913872,988692,995860,1007975,1014685,1047955,1058591"
169,190,"519885,988692,998545"
169,191,"471775,913872"
169,192,471775
169,193,471775
169,195,"471775,619437"
169,196,471775
169,197,471775
169,198,471775
169,200,913872
169,201,913872
169,204,471775
169,208,979705
169,213,979705
169,215,979705
169,216,979705
169,221,979705
169,222,979705
169,223,979705
169,226,979705
169,231,979705
169,234,979705
169,235,979705
169,236,979705
169,237,979705
169,238,979705
169,239,979705
169,240,979705
169,241,979705
169,242,979705
169,243,979705
169,244,979705
169,245,979705
169,261,1034094
169,268,519469
169,363,"735292,1054006"
170,337,322520
171,209,1014685
171,212,1014685
171,233,1071032
171,236,"1014685,1036452"
171,253,123777
171,275,123777
171,312,305678
171,351,263990
171,362,263990
172,209,"754685,1014685,1048011"
172,212,1014685
172,236,"1014685,1047955"
172,268,719763
173,209,"519885,1014685,1048011"
173,212,"519885,1014685"
173,236,"519885,1014685,1047955"
174,209,"1014685,1048011"
174,212,1014685
174,236,"1014685,1047955"
175,209,505859
175,210,963615
175,213,505859
175,214,963615
175,215,505859
175,216,505859
175,223,505859
175,231,"505859,963615"
175,234,"505859,963615"
175,237,"505859,963615"
175,238,505859
175,239,505859
175,240,505859
175,241,505859
175,242,505859
175,245,"505859,963615"
177,209,505859
177,210,963615
177,213,505859
177,214,963615
177,215,505859
177,216,505859
177,223,505859
177,231,"505859,963615"
177,234,"505859,963615"
177,236,471775
177,237,"505859,963615"
177,238,505859
177,239,505859
177,240,505859
177,241,505859
177,242,505859
177,245,"505859,963615"
178,250,544077
178,252,544077
179,210,963615
179,214,963615
179,231,963615
179,234,963615
179,237,963615
179,245,963615
179,351,263990
179,362,263990
180,209,"1014685,1048011"
180,212,1014685
180,236,1014685
180,345,761107
181,205,584447
181,206,584447
181,207,584447
181,209,584447
181,211,584447
181,212,584447
181,213,584447
181,223,584447
181,230,584447
181,232,584447
181,233,584447
181,234,584447
181,235,584447
181,236,584447
181,253,123777
181,275,123777
182,205,455008
182,207,"455008,971894"
182,209,"505859,971894"
182,211,455008
182,213,505859
182,215,505859
182,216,505859
182,223,505859
182,231,505859
182,234,"455008,505859"
182,236,"416219,471775"
182,237,505859
182,238,505859
182,239,505859
182,240,505859
182,241,505859
182,242,505859
182,245,505859
183,250,544077
183,252,544077
183,351,263990
183,362,263990
184,264,518902
184,265,518902
184,274,518902
184,277,518902
185,209,505859
185,210,963615
185,213,505859
185,214,963615
185,215,505859
185,216,505859
185,223,505859
185,231,"505859,963615"
185,234,"505859,963615"
185,236,471775
185,237,"505859,963615"
185,238,505859
185,239,505859
185,240,505859
185,241,505859
185,242,505859
185,245,"505859,963615"
186,225,309153
187,225,309153
187,250,544077
187,252,544077
188,250,544077
188,252,544077
189,208,849812
189,209,"1014685,1048011"
189,212,1014685
189,213,468837
189,218,849812
189,221,849812
189,223,468837
189,226,849812
189,230,1037646
189,232,1037646
189,233,1037646
189,234,"468837,993844"
189,235,468837
189,236,"416219,468837,526400,752568,988692,995860,1007975,1014685,1036452,1037646,1047955,1082751"
189,238,849812
189,257,619437
189,266,1058591
189,268,"619437,1058591"
189,273,619437
189,279,619437
189,292,734723
189,293,734723
189,297,734723
189,301,734723
189,303,734723
189,304,734723
189,306,734723
189,310,734723
189,311,734723
190,209,519885
190,212,519885
190,227,998545
190,236,"519885,988692,998545"
190,292,734723
190,293,734723
190,297,734723
190,301,734723
190,303,734723
190,304,734723
190,306,734723
190,310,734723
190,311,734723
191,210,963615
191,214,963615
191,231,963615
191,234,963615
191,236,"416219,471775"
191,237,963615
191,245,963615
192,207,971894
192,209,971894
192,210,963615
192,214,963615
192,231,963615
192,234,963615
192,236,"416219,471775"
192,237,963615
192,245,963615
193,210,963615
193,214,963615
193,231,963615
193,234,963615
193,236,"416219,471775"
193,237,963615
193,245,963615
194,225,309153
194,351,263990
194,362,263990
195,207,971894
195,208,849812
195,209,971894
195,218,849812
195,221,849812
195,226,849812
195,227,616225
195,236,"416219,471775"
195,238,849812
195,257,619437
195,268,619437
195,273,619437
195,279,619437
196,209,505859
196,210,963615
196,213,505859
196,214,963615
196,215,505859
196,216,505859
196,223,505859
196,231,"505859,963615"
196,234,"505859,963615"
196,236,"416219,471775"
196,237,"505859,963615"
196,238,505859
196,239,505859
196,240,505859
196,241,505859
196,242,505859
196,245,"505859,963615"
196,264,518902
196,265,518902
196,274,518902
196,277,518902
196,302,519887
196,305,519887
196,306,519887
196,313,519887
197,205,455008
197,207,"455008,971894"
197,209,"505859,971894"
197,211,455008
197,213,505859
197,215,505859
197,216,505859
197,223,505859
197,231,505859
197,234,"455008,505859"
197,236,"416219,471775"
197,237,505859
197,238,505859
197,239,"505859,563837"
197,240,"505859,563837"
197,241,505859
197,242,"505859,563837"
197,245,"505859,563837"
197,302,519887
197,305,519887
197,306,519887
197,313,519887
198,209,505859
198,213,505859
198,215,505859
198,216,505859
198,223,505859
198,231,505859
198,234,505859
198,236,"416219,471775"
198,237,505859
198,238,505859
198,239,505859
198,240,505859
198,241,505859
198,242,505859
198,245,505859
198,302,519887
198,305,519887
198,306,519887
198,313,519887
199,225,309153
199,250,544077
199,252,544077
200,208,849812
200,218,849812
200,221,849812
200,226,849812
200,227,616225
200,238,849812
201,243,263913
201,264,518902
201,265,518902
201,274,518902
201,277,518902
202,264,518902
202,265,518902
202,274,518902
202,277,518902
203,208,849812
203,218,849812
203,221,849812
203,226,849812
203,227,616225
203,238,849812
203,243,263913
203,256,364658
204,209,505859
204,213,505859
204,215,505859
204,216,505859
204,223,505859
204,231,505859
204,234,505859
204,236,"416219,471775"
204,237,505859
204,238,505859
204,239,505859
204,240,505859
204,241,505859
204,242,505859
204,243,263913
204,245,505859
204,302,519887
204,305,519887
204,306,519887
204,313,519887
204,332,314234
204,341,314234
205,247,584447
205,257,455008
205,260,584447
205,264,455008
205,276,584447
206,247,584447
206,260,584447
206,276,584447
207,247,584447
207,257,455008
207,260,584447
207,264,455008
207,276,584447
207,287,971894
208,249,849812
208,268,"849812,979705"
208,276,849812
209,247,"519885,584447"
209,249,519885
209,260,584447
209,266,555714
209,268,"519885,1048011"
209,269,519885
209,270,519885
209,272,519885
209,276,"519885,584447"
209,280,505859
209,285,505859
209,286,505859
209,287,971894
209,288,505859
209,289,505859
209,305,505859
209,308,1014685
209,366,536334
210,249,963615
210,271,963615
210,276,963615
210,277,963615
210,278,963615
211,247,584447
211,257,455008
211,260,584447
211,264,455008
211,276,584447
212,247,"519885,584447"
212,249,519885
212,260,584447
212,266,555714
212,268,519885
212,269,519885
212,270,519885
212,272,519885
212,276,"519885,584447"
212,308,1014685
212,366,536334
213,247,584447
213,257,911614
213,260,584447
213,264,911614
213,268,979705
213,276,584447
213,280,505859
213,285,"468837,505859"
213,286,505859
213,288,505859
213,289,505859
213,305,"468837,505859"
214,249,963615
214,257,911614
214,264,911614
214,271,963615
214,276,963615
214,277,963615
214,278,963615
215,257,911614
215,264,911614
215,268,979705
215,280,505859
215,285,505859
215,286,505859
215,288,505859
215,289,505859
215,305,505859
216,257,911614
216,264,911614
216,268,979705
216,280,505859
216,285,505859
216,286,505859
216,288,505859
216,289,505859
216,305,505859
218,249,849812
218,268,849812
218,276,849812
219,297,600388
219,309,600388
219,312,600388
221,249,849812
221,268,"849812,979705"
221,276,849812
222,268,979705
223,247,584447
223,260,584447
223,268,979705
223,276,584447
223,280,505859
223,285,"468837,505859"
223,286,505859
223,288,505859
223,289,505859
223,305,"468837,505859"
224,266,555714
225,250,309153
225,251,309153
225,333,575459
225,336,575459
226,249,849812
226,268,"849812,979705"
226,276,849812
227,250,998545
227,252,998545
227,266,555714
227,268,998545
227,269,998545
227,270,998545
227,272,998545
227,292,616225
227,311,616225
228,266,555714
229,267,"114666,118478,187833,199984,270220,314647,368080,403445,425954,427096,427250,432305,464331,602580,604098,607784,612824,616689,751640,903640,957469,1095891"
229,300,"149963,235297,739860"
229,329,110899
229,357,588437
230,247,584447
230,260,584447
230,261,1037646
230,268,1037646
230,276,584447
230,280,540247
230,288,540247
230,289,540247
230,295,540247
230,299,540247
231,249,963615
231,268,979705
231,271,963615
231,276,963615
231,277,963615
231,278,963615
231,280,505859
231,285,505859
231,286,505859
231,288,505859
231,289,505859
231,305,505859
232,247,584447
232,260,584447
232,261,1037646
232,268,1037646
232,276,584447
233,247,584447
233,260,584447
233,261,1037646
233,267,"425954,903640"
233,268,1037646
233,275,1071032
233,276,584447
234,247,584447
234,249,963615
234,257,455008
234,260,584447
234,264,455008
234,268,979705
234,271,963615
234,275,993844
234,276,"584447,963615"
234,277,963615
234,278,963615
234,280,505859
234,285,"468837,505859"
234,286,505859
234,288,505859
234,289,505859
234,305,"468837,505859"
235,247,584447
235,260,584447
235,268,979705
235,276,584447
235,285,468837
235,305,468837
236,247,"519885,584447"
236,249,519885
236,250,998545
236,252,"988692,998545"
236,260,584447
236,261,"416219,1037646"
236,266,"555714,995860"
236,268,"471775,519885,752568,979705,995860,998545,1007975,1037646,1082751"
236,269,"519885,988692,998545,1082751"
236,270,"519885,998545,1082751"
236,271,471775
236,272,"519885,998545,1082751"
236,273,471775
236,274,471775
236,275,1082751
236,276,"416219,519885,584447"
236,279,471775
236,285,468837
236,298,363692
236,299,363692
236,301,1047955
236,302,363692
236,305,468837
236,308,1014685
236,327,1036452
236,338,535929
236,340,535929
236,347,535929
236,366,536334
237,249,963615
237,268,979705
237,271,963615
237,276,963615
237,277,963615
237,278,963615
237,280,505859
237,285,505859
237,286,505859
237,288,505859
237,289,505859
237,305,505859
238,249,849812
238,268,"849812,979705"
238,276,849812
238,280,505859
238,285,505859
238,286,505859
238,288,505859
238,289,505859
238,305,505859
239,257,911614
239,264,911614
239,268,979705
239,280,505859
239,285,505859
239,286,505859
239,288,505859
239,289,505859
239,305,"505859,563837"
240,257,911614
240,264,911614
240,268,979705
240,280,505859
240,285,505859
240,286,505859
240,288,505859
240,289,505859
240,305,"505859,563837"
241,268,979705
241,280,505859
241,285,505859
241,286,505859
241,288,505859
241,289,505859
241,305,505859
242,257,911614
242,264,911614
242,268,979705
242,280,505859
242,285,505859
242,286,505859
242,288,505859
242,289,505859
242,305,"505859,563837"
243,248,263913
243,268,979705
243,338,863993
243,347,241017
244,268,979705
245,249,963615
245,257,911614
245,264,911614
245,268,979705
245,271,963615
245,276,963615
245,277,963615
245,278,963615
245,280,505859
245,285,505859
245,286,505859
245,288,505859
245,289,505859
245,305,"505859,563837"
247,293,584447
247,301,584447
247,303,584447
247,304,584447
247,306,584447
247,381,552972
247,383,552972
248,281,263913
248,282,263913
248,284,263913
248,299,263913
248,386,400722
249,280,963615
249,285,963615
249,286,963615
249,288,963615
249,289,963615
249,302,963615
249,305,963615
249,306,963615
249,313,963615
249,381,552972
249,383,552972
249,386,400722
250,290,998545
250,292,998545
250,293,998545
250,297,998545
250,303,998545
250,311,998545
250,379,309153
251,379,309153
252,290,998545
252,292,998545
252,293,998545
252,297,998545
252,303,998545
252,311,998545
252,320,988692
252,327,988692
252,328,988692
253,283,123777
253,287,123777
253,312,123777
256,322,364658
257,352,911614
257,358,911614
258,297,984430
260,293,584447
260,301,584447
260,303,584447
260,304,584447
260,306,584447
261,283,1173969
261,306,1173969
261,310,1173969
261,311,1173969
261,327,1034094
261,380,416219
263,294,294115
263,296,294115
263,298,294115
263,299,294115
263,302,294115
263,305,294115
263,306,294115
263,313,294115
264,294,294115
264,296,294115
264,298,294115
264,299,294115
264,302,294115
264,305,"294115,545984"
264,306,294115
264,313,294115
264,352,911614
264,358,911614
264,384,518902
264,386,400722
265,294,294115
265,296,294115
265,298,294115
265,299,294115
265,302,294115
265,305,"294115,545984"
265,306,294115
265,313,294115
265,384,518902
266,301,"995860,1058591"
266,318,555714
266,327,555714
266,328,555714
267,300,"108938,114666,118478,133892,187833,199984,244827,270220,292347,314647,368080,403445,425954,427096,427250,432305,464331,483533,523545,602580,604098,607784,612824,616689,751640,903640,957469,1061637,1095891,1163691,1166148,1167207,1168767,1171591,1198352"
267,307,"270220,1061637,1095891"
267,329,"438350,915181"
267,357,"681522,1167617"
268,280,719763
268,281,719763
268,282,719763
268,286,719763
268,290,998545
268,292,998545
268,293,"998545,1007975"
268,294,719763
268,295,719763
268,296,719763
268,297,998545
268,298,719763
268,299,719763
268,301,"471775,979705,995860,1007975,1048011,1058591"
268,302,719763
268,303,"471775,979705,998545"
268,304,"471775,979705"
268,305,719763
268,306,"471775,719763,979705"
268,308,1048011
268,309,1048011
268,311,998545
268,313,719763
268,327,1082751
269,290,998545
269,292,998545
269,293,998545
269,297,998545
269,303,998545
269,311,998545
269,320,988692
269,327,"988692,1082751"
269,328,988692
270,290,998545
270,292,998545
270,293,998545
270,297,998545
270,303,998545
270,311,998545
270,327,1082751
271,280,963615
271,285,963615
271,286,963615
271,288,963615
271,289,963615
271,294,294115
271,296,294115
271,298,294115
271,299,294115
271,301,471775
271,302,"294115,963615"
271,303,471775
271,304,471775
271,305,"294115,963615"
271,306,"294115,471775,963615"
271,313,"294115,963615"
272,283,1173969
272,290,998545
272,292,998545
272,293,998545
272,297,998545
272,303,998545
272,306,1173969
272,310,1173969
272,311,"998545,1173969"
272,327,1082751
273,301,471775
273,303,471775
273,304,471775
273,306,471775
274,287,916245
274,294,294115
274,296,294115
274,298,294115
274,299,294115
274,301,471775
274,302,294115
274,303,471775
274,304,471775
274,305,"294115,545984"
274,306,"294115,471775"
274,313,294115
274,384,518902
275,283,123777
275,287,123777
275,292,1071032
275,312,"123777,1071032"
275,327,1082751
276,280,963615
276,283,1173969
276,285,963615
276,286,963615
276,288,963615
276,289,963615
276,293,584447
276,294,294115
276,296,294115
276,298,294115
276,299,294115
276,301,584447
276,302,"294115,963615"
276,303,584447
276,304,584447
276,305,"294115,963615"
276,306,"294115,584447,963615,1173969"
276,310,1173969
276,311,1173969
276,313,"294115,963615"
276,380,416219
277,280,963615
277,285,963615
277,286,963615
277,288,963615
277,289,963615
277,294,294115
277,296,294115
277,298,294115
277,299,294115
277,302,"294115,963615"
277,305,"294115,545984,963615"
277,306,"294115,963615"
277,313,"294115,963615"
277,384,518902
278,280,963615
278,285,963615
278,286,963615
278,288,963615
278,289,963615
278,294,294115
278,296,294115
278,298,294115
278,299,294115
278,302,"294115,963615"
278,305,"294115,963615"
278,306,"294115,963615"
278,313,"294115,963615"
279,294,294115
279,296,294115
279,298,294115
279,299,294115
279,301,471775
279,302,294115
279,303,471775
279,304,471775
279,305,294115
279,306,"294115,471775"
279,313,294115
280,320,963615
280,326,963615
280,340,1179385
280,350,719763
280,352,719763
280,355,719763
280,396,540247
281,319,263913
281,321,263913
281,350,719763
281,352,719763
281,355,719763
282,319,263913
282,321,263913
282,350,719763
282,352,719763
282,355,719763
283,318,1173969
283,322,123777
284,319,263913
284,321,263913
285,320,963615
285,326,963615
285,335,468837
286,320,963615
286,326,963615
286,340,1179385
286,350,719763
286,352,719763
286,355,719763
287,322,123777
287,325,916245
287,338,971894
288,320,963615
288,326,963615
288,396,540247
289,320,963615
289,326,963615
289,396,540247
290,318,998545
290,320,998545
290,322,998545
292,318,"734723,998545"
292,320,998545
292,322,"998545,1071032"
292,327,734723
292,328,734723
293,318,"584447,734723,998545"
293,320,998545
293,322,"584447,998545"
293,327,"584447,734723,1007975"
293,328,734723
294,340,"294115,715341,1179385"
294,350,719763
294,352,719763
294,355,719763
295,340,1179385
295,350,719763
295,352,719763
295,355,719763
295,396,540247
296,340,"294115,715341,1179385"
296,350,719763
296,352,719763
296,355,719763
297,318,"734723,998545"
297,320,998545
297,322,998545
297,327,734723
297,328,734723
297,347,984430
298,340,294115
298,350,719763
298,352,719763
298,355,719763
299,319,263913
299,321,263913
299,340,"294115,715341,1179385"
299,350,719763
299,352,719763
299,355,719763
299,396,540247
300,315,"552846,1166148,1205586"
300,329,"108938,114666,118478,127790,133892,149963,156634,187833,235297,244827,270220,275782,292347,314647,368080,403445,427096,427250,460228,464331,483533,523545,552846,602580,607784,612824,616689,739860,751640,903640,957469,999796,1045120,1061637,1095891,1163691,1166148,1167207,1168767,1171591,1198352,1205586"
300,346,425954
300,357,"199984,604098"
301,318,"584447,734723"
301,321,1058591
301,322,584447
301,327,"584447,734723,979705,995860,1007975,1047955"
301,328,"734723,995860,1058591"
301,381,471775
302,320,963615
302,326,963615
302,340,294115
302,350,719763
302,352,719763
302,355,719763
303,318,"584447,734723,998545"
303,320,998545
303,322,"584447,998545"
303,327,"584447,734723,979705"
303,328,734723
303,381,471775
304,318,"584447,734723"
304,322,584447
304,327,"584447,734723,979705"
304,328,734723
304,381,471775
305,320,963615
305,326,963615
305,334,545984
305,335,468837
305,340,"294115,545984,715341,1179385"
305,341,545984
305,350,719763
305,352,719763
305,355,719763
306,318,"584447,734723,1173969"
306,320,963615
306,322,584447
306,326,963615
306,327,"584447,734723,979705"
306,328,734723
306,340,294115
306,350,719763
306,352,719763
306,355,719763
306,381,471775
307,329,"270220,1061637,1095891"
308,327,1014685
310,318,"734723,1173969"
310,327,734723
310,328,734723
311,318,"734723,998545,1173969"
311,320,998545
311,322,998545
311,327,734723
311,328,734723
312,322,"123777,1071032"
313,320,963615
313,326,963615
313,340,294115
313,350,719763
313,352,719763
313,355,719763
315,346,"552846,1166148"
315,357,1205586
318,345,"555714,998545"
318,363,734723
318,364,734723
318,385,"584447,1173969"
319,378,263913
320,334,963615
320,341,963615
320,345,"988692,998545"
321,364,1058591
321,378,263913
322,342,"123777,1071032"
322,343,123777
322,344,123777
322,345,998545
322,377,364658
322,385,584447
325,380,916245
326,334,963615
326,341,963615
327,345,"555714,988692,995860,1007975,1014685,1082751"
327,363,734723
327,364,734723
327,381,1034094
327,385,584447
328,345,"555714,988692,995860"
328,363,734723
328,364,"734723,1058591"
329,331,114666
329,342,"903640,957469"
329,343,"187833,903640,957469"
329,344,"270220,903640,957469,1061637"
329,346,"108938,110899,114666,118478,127760,127790,133892,156634,187833,235297,244827,270220,292347,368080,403445,421137,427096,427250,438350,460228,464331,483533,552846,602580,607784,612824,616689,739860,751640,903640,957469,999796,1045120,1061637,1095891,1163691,1166148,1167207,1168767,1171591,1198352"
329,357,"275782,314647,915181,1205586,1236675"
329,382,523545
329,390,149963
331,357,114666
331,366,171222
332,350,314234
333,348,575459
333,365,575459
333,366,171222
334,349,963615
334,350,963615
334,353,963615
334,354,963615
334,355,963615
334,356,963615
334,361,963615
335,352,468837
335,355,468837
335,361,468837
336,348,575459
336,365,575459
337,366,171222
338,360,971894
338,392,863993
340,349,715341
340,350,715341
340,354,715341
340,362,"294115,715341"
340,380,1179385
341,349,963615
341,350,"314234,963615"
341,353,963615
341,354,963615
341,355,963615
341,356,963615
341,361,963615
342,357,"903640,957469"
342,359,1071032
343,357,"187833,903640,957469"
344,357,"270220,903640,957469,1061637"
345,360,"988692,1180366"
345,363,"988692,995860,998545,1014685,1082751"
345,364,995860
346,357,"108938,110899,114666,118478,127760,127790,133892,156634,187833,235297,244827,270220,292347,403445,421137,425954,427096,427250,438350,460228,464331,483533,552846,602580,607784,612824,616689,739860,751640,838190,903640,957469,999796,1061637,1095891,1163691,1166148,1167207,1168767,1171591,1198352,1237802"
346,382,368080
346,390,1045120
348,374,575459
348,379,575459
349,369,963615
349,373,963615
349,376,963615
349,396,715341
350,369,963615
350,373,"719763,963615"
350,376,963615
350,396,715341
351,366,263990
352,373,719763
353,369,963615
353,373,963615
353,376,963615
354,369,963615
354,373,963615
354,376,963615
354,396,715341
355,369,963615
355,373,"719763,963615"
355,376,963615
355,396,156096
356,369,963615
356,373,963615
356,376,963615
357,382,"108938,110899,114666,118478,127760,127790,133892,156634,187833,199984,235297,244827,270220,292347,314647,403445,421137,427096,460228,464331,483533,552846,588437,602580,612824,616689,681522,739860,751640,838190,915181,957469,999796,1061637,1095891,1163691,1166148,1167207,1167617,1168767,1171591,1198352,1205586,1237802"
357,390,"275782,425954,427250,1236675"
359,375,1071032
360,381,988692
360,383,"971894,988692,1180366"
361,369,963615
361,373,963615
361,376,963615
362,366,263990
362,375,294115
362,383,294115
362,396,"156096,715341"
363,370,1014685
363,377,1014685
363,381,"988692,995860,1014685,1054006"
363,383,988692
364,381,"995860,1058591"
365,374,575459
365,379,575459
374,394,575459
375,385,294115
375,386,294115
375,387,294115
375,388,"294115,1071032"
375,389,294115
379,394,575459
380,386,"416219,916245,1179385"
381,385,988692
381,386,988692
381,387,988692
382,388,"127790,602580"
382,390,"108938,114666,118478,127760,127790,133892,156634,187833,235297,270220,292347,314647,403445,421137,427096,460228,464331,483533,523545,588437,602580,612824,616689,681522,739860,751640,838190,957469,1061637,1095891,1163691,1167207,1167617,1168767,1171591,1198352,1237802"
382,391,"552846,1205586"
382,393,"127790,602580,1061637,1167207"
382,395,"110899,244827"
383,385,"294115,988692"
383,386,"294115,988692"
383,387,"294115,988692"
383,388,"294115,1180366"
383,389,294115
384,396,518902
386,396,916245
388,395,"127790,602580"
390,395,"108938,114666,118478,127790,133892,156634,187833,235297,270220,314647,403445,425954,427096,427250,464331,602580,612824,616689,739860,751640,957469,1045120,1095891,1163691,1168767,1171591,1198352,1236675"
393,395,"127790,602580"
