source,target,user_id
0,4,584447
0,5,584447
0,10,584447
0,12,584447
0,13,565366
0,14,584447
0,15,584447
0,16,"584447,735292,761107"
0,17,584447
0,18,584447
0,21,565366
0,55,752568
1,4,"584447,754685"
1,5,"584447,622027"
1,7,521885
1,8,521885
1,9,"622027,754685"
1,10,"584447,622027,754685"
1,12,"584447,622027,754685"
1,13,565366
1,14,584447
1,15,584447
1,16,"584447,622027"
1,17,"521885,584447,622027"
1,18,"584447,622027"
1,20,622027
1,21,"565366,622027"
1,22,"622027,754685"
1,23,622027
1,55,752568
1,61,519887
2,4,"584447,610249,754685"
2,5,"584447,622027"
2,9,"610249,622027,754685"
2,10,"584447,610249,622027,754685"
2,12,"584447,622027,754685"
2,13,610249
2,14,584447
2,15,584447
2,16,"584447,622027"
2,17,"584447,622027"
2,18,"584447,622027"
2,20,622027
2,21,622027
2,22,"610249,622027,754685"
2,23,622027
2,55,752568
3,4,610249
3,9,610249
3,10,610249
3,13,610249
3,22,610249
4,24,"584447,610249,754685"
4,33,754685
4,37,754685
4,38,754685
4,41,"584447,610249,754685"
4,42,754685
4,43,"584447,754685"
4,45,"584447,610249,754685"
4,46,"584447,610249,754685"
4,52,"584447,610249,754685"
4,53,"584447,754685"
4,54,754685
4,55,"584447,754685"
4,56,754685
4,57,"584447,610249,754685"
4,58,754685
4,63,"584447,610249,754685"
4,64,"584447,610249,754685"
4,65,"584447,754685"
5,24,"584447,622027"
5,29,428202
5,30,428202
5,33,622027
5,34,428202
5,37,622027
5,38,622027
5,41,"584447,622027"
5,43,584447
5,44,428202
5,45,"584447,622027"
5,46,"584447,622027"
5,52,"428202,584447,622027"
5,53,584447
5,55,584447
5,57,"584447,622027"
5,63,"584447,622027"
5,64,"584447,622027"
5,65,584447
6,25,"471775,516496"
6,26,471775
6,27,471775
6,28,516496
6,29,471775
6,30,471775
6,31,516496
6,32,"471775,516496"
6,34,715341
6,35,715341
6,36,715341
6,40,516496
6,42,471775
6,44,715341
6,52,"471775,715341"
6,53,471775
6,54,715341
6,55,471775
6,56,715341
6,58,715341
6,59,516496
6,60,471775
6,61,"471775,545984"
7,25,471775
7,26,471775
7,27,471775
7,29,471775
7,30,"471775,521885"
7,32,471775
7,34,715341
7,35,715341
7,36,715341
7,42,471775
7,44,715341
7,52,"471775,715341"
7,53,471775
7,54,715341
7,55,"471775,519469"
7,56,715341
7,58,715341
7,60,471775
7,61,471775
8,25,471775
8,26,471775
8,27,471775
8,29,471775
8,30,"471775,521885"
8,32,471775
8,34,715341
8,35,715341
8,36,715341
8,42,471775
8,44,715341
8,52,"471775,715341"
8,53,471775
8,54,715341
8,55,"471775,519469"
8,56,715341
8,58,715341
8,60,471775
8,61,"471775,545984"
9,24,"610249,622027,754685"
9,26,489055
9,28,489055
9,29,489055
9,31,489055
9,32,489055
9,33,"622027,754685"
9,35,489055
9,37,"622027,754685"
9,38,"622027,754685"
9,41,"610249,622027,754685"
9,42,754685
9,43,754685
9,44,489055
9,45,"610249,622027,754685"
9,46,"610249,622027,754685"
9,52,"610249,622027,754685"
9,53,754685
9,54,"489055,754685"
9,55,754685
9,56,754685
9,57,"610249,622027,754685"
9,58,754685
9,63,"610249,622027,754685"
9,64,"610249,622027,754685"
9,65,754685
10,24,"584447,610249,622027,754685"
10,26,489055
10,28,489055
10,29,489055
10,31,489055
10,32,489055
10,33,"622027,754685"
10,35,489055
10,37,"622027,754685"
10,38,"622027,754685"
10,41,"584447,610249,622027,754685"
10,42,754685
10,43,"584447,754685"
10,44,489055
10,45,"584447,610249,622027,754685"
10,46,"584447,610249,622027,754685"
10,52,"584447,610249,622027,754685"
10,53,"584447,754685"
10,54,"489055,754685"
10,55,"584447,754685"
10,56,754685
10,57,"584447,610249,622027,754685"
10,58,754685
10,63,"584447,610249,622027,754685"
10,64,"584447,610249,622027,754685"
10,65,"584447,754685"
11,25,471775
11,26,471775
11,27,471775
11,29,471775
11,30,471775
11,32,471775
11,42,471775
11,52,471775
11,53,471775
11,55,471775
11,60,471775
11,61,471775
11,72,"241017,548624"
11,73,548624
11,78,548624
12,24,"584447,622027,754685"
12,29,428202
12,30,428202
12,33,"622027,754685"
12,34,428202
12,37,"622027,754685"
12,38,"622027,754685"
12,41,"584447,622027,754685"
12,42,754685
12,43,"584447,754685"
12,44,428202
12,45,"584447,622027,754685"
12,46,"584447,622027,754685"
12,52,"428202,584447,622027,754685"
12,53,"584447,754685"
12,54,754685
12,55,"584447,754685"
12,56,754685
12,57,"584447,622027,754685"
12,58,754685
12,63,"584447,622027,754685"
12,64,"584447,622027,754685"
12,65,"584447,754685"
13,24,"565366,610249"
13,37,565366
13,38,565366
13,41,"565366,610249"
13,45,"565366,610249"
13,46,"565366,610249"
13,52,"565366,610249"
13,57,"565366,610249"
13,63,"565366,610249"
13,64,"565366,610249"
13,86,540247
13,90,540247
14,24,584447
14,25,471775
14,26,"471775,489055"
14,27,471775
14,28,489055
14,29,"471775,489055"
14,30,471775
14,31,489055
14,32,"471775,489055"
14,35,489055
14,41,584447
14,42,471775
14,43,584447
14,44,489055
14,45,584447
14,46,584447
14,52,"471775,584447"
14,53,"471775,584447"
14,54,489055
14,55,"471775,584447"
14,57,584447
14,60,471775
14,61,471775
14,63,584447
14,64,584447
14,65,584447
15,24,584447
15,26,489055
15,28,489055
15,29,489055
15,31,489055
15,32,489055
15,35,489055
15,41,584447
15,43,584447
15,44,489055
15,45,584447
15,46,584447
15,52,584447
15,53,584447
15,54,489055
15,55,584447
15,57,584447
15,63,584447
15,64,584447
15,65,584447
16,24,"555714,584447,622027"
16,26,552972
16,29,"428202,552972"
16,30,"294115,428202"
16,31,294115
16,32,552972
16,33,"555714,622027,849812"
16,34,"294115,428202"
16,35,294115
16,36,294115
16,37,"555714,622027,761107"
16,38,"555714,622027"
16,41,"555714,584447,622027,849812"
16,43,"584447,849812"
16,44,"428202,552972"
16,45,"555714,584447,622027"
16,46,"555714,584447,622027"
16,52,"428202,555714,584447,622027"
16,53,584447
16,55,"363692,535929,584447,619437,761107,849812"
16,57,"555714,584447,622027,849812"
16,58,294115
16,63,"555714,584447,622027"
16,64,"555714,584447,622027,761107,849812"
16,65,"584447,761107,849812"
16,72,548624
16,73,548624
16,78,548624
16,80,735292
17,24,"555714,584447,622027"
17,25,471775
17,26,"471775,489055"
17,27,471775
17,28,489055
17,29,"428202,471775,489055"
17,30,"428202,471775,521885"
17,31,489055
17,32,"471775,489055"
17,33,"555714,622027"
17,34,"428202,715341"
17,35,"489055,715341"
17,36,715341
17,37,"555714,622027"
17,38,"555714,622027"
17,41,"555714,584447,622027"
17,42,471775
17,43,584447
17,44,"428202,489055,715341"
17,45,"555714,584447,622027"
17,46,"555714,584447,622027"
17,52,"428202,471775,555714,584447,622027,715341"
17,53,"471775,584447"
17,54,"489055,715341"
17,55,"471775,519469,584447"
17,56,715341
17,57,"555714,584447,622027"
17,58,715341
17,60,471775
17,61,471775
17,63,"555714,584447,622027"
17,64,"555714,584447,622027"
17,65,584447
17,72,548624
17,73,548624
17,78,548624
18,24,"555714,584447,622027"
18,29,428202
18,30,428202
18,33,"555714,622027"
18,34,428202
18,37,"555714,622027"
18,38,"555714,622027"
18,41,"555714,584447,622027"
18,43,584447
18,44,428202
18,45,"555714,584447,622027"
18,46,"555714,584447,622027"
18,52,"428202,555714,584447,622027"
18,53,584447
18,55,584447
18,57,"555714,584447,622027"
18,63,"555714,584447,622027"
18,64,"555714,584447,622027"
18,65,584447
18,72,548624
18,73,548624
18,78,548624
19,50,187833
19,140,427250
20,24,622027
20,25,471775
20,26,471775
20,27,471775
20,29,471775
20,30,471775
20,32,471775
20,33,622027
20,34,715341
20,35,715341
20,36,715341
20,37,622027
20,38,622027
20,41,622027
20,42,471775
20,44,715341
20,45,622027
20,46,622027
20,52,"471775,622027,715341"
20,53,471775
20,54,715341
20,55,471775
20,56,715341
20,57,622027
20,58,715341
20,60,471775
20,61,471775
20,63,622027
20,64,622027
20,72,548624
20,73,548624
20,78,548624
21,24,"555714,565366,622027"
21,26,489055
21,28,489055
21,29,489055
21,31,489055
21,32,489055
21,33,"555714,622027"
21,35,489055
21,37,"555714,565366,622027"
21,38,"555714,565366,622027"
21,41,"555714,565366,622027"
21,44,489055
21,45,"555714,565366,622027"
21,46,"555714,565366,622027"
21,52,"555714,565366,622027"
21,54,489055
21,57,"555714,565366,622027"
21,63,"555714,565366,622027"
21,64,"555714,565366,622027"
22,24,"555714,610249,622027,754685"
22,26,489055
22,28,489055
22,29,489055
22,31,489055
22,32,489055
22,33,"555714,622027,754685"
22,35,489055
22,37,"555714,622027,754685"
22,38,"555714,622027,754685"
22,41,"555714,610249,622027,754685"
22,42,754685
22,43,754685
22,44,489055
22,45,"555714,610249,622027,754685"
22,46,"555714,610249,622027,754685"
22,52,"555714,610249,622027,754685"
22,53,754685
22,54,"489055,754685"
22,55,754685
22,56,754685
22,57,"555714,610249,622027,754685"
22,58,754685
22,63,"555714,610249,622027,754685"
22,64,"555714,610249,622027,754685"
22,65,754685
23,24,622027
23,25,471775
23,26,471775
23,27,471775
23,29,471775
23,30,471775
23,32,471775
23,33,622027
23,34,715341
23,35,715341
23,36,715341
23,37,622027
23,38,622027
23,41,622027
23,42,471775
23,44,715341
23,45,622027
23,46,622027
23,52,"471775,622027,715341"
23,53,471775
23,54,715341
23,55,471775
23,56,715341
23,57,622027
23,58,715341
23,60,471775
23,61,"471775,545984"
23,63,622027
23,64,622027
23,72,548624
23,73,548624
23,78,548624
24,77,"565366,754685"
24,80,754685
24,91,"555714,610249,622027"
24,92,610249
24,95,610249
24,127,584447
24,128,584447
24,129,584447
24,131,584447
24,132,584447
24,133,584447
24,134,584447
24,143,584447
24,147,584447
24,148,584447
24,149,584447
25,66,"471775,516496,971894"
25,69,"471775,971894"
25,71,"471775,971894"
25,74,"471775,971894"
25,75,"471775,516496,971894"
25,76,971894
25,77,971894
25,78,"471775,971894"
25,79,"471775,971894"
25,80,471775
25,84,971894
26,66,471775
26,67,489055
26,68,489055
26,69,"471775,489055"
26,71,"471775,489055"
26,73,489055
26,74,"471775,489055"
26,75,"471775,489055"
26,78,471775
26,79,471775
26,80,471775
26,100,552972
26,102,552972
27,66,471775
27,69,471775
27,71,471775
27,74,471775
27,75,471775
27,78,"471775,911614"
27,79,471775
27,80,471775
27,107,455008
27,119,455008
28,66,516496
28,67,489055
28,68,489055
28,69,489055
28,71,489055
28,73,489055
28,74,489055
28,75,"489055,516496"
28,78,911614
29,66,471775
29,67,489055
29,68,"428202,489055"
29,69,"471775,489055"
29,71,"471775,489055"
29,73,489055
29,74,"471775,489055"
29,75,"471775,489055"
29,77,428202
29,78,471775
29,79,"428202,471775"
29,80,471775
29,100,552972
29,102,552972
30,66,"471775,971894"
30,68,428202
30,69,"471775,971894"
30,71,"471775,521885,971894"
30,74,"471775,971894"
30,75,"471775,971894"
30,76,971894
30,77,"428202,971894"
30,78,"471775,971894"
30,79,"428202,471775,971894"
30,80,471775
30,84,971894
30,107,455008
30,119,455008
30,150,294115
30,160,294115
30,161,294115
30,162,294115
30,163,294115
30,164,294115
30,170,294115
31,66,"516496,971894"
31,67,489055
31,68,489055
31,69,"489055,971894"
31,71,"489055,971894"
31,73,489055
31,74,"489055,971894"
31,75,"489055,516496,971894"
31,76,971894
31,77,971894
31,78,971894
31,79,971894
31,84,971894
31,150,294115
31,160,294115
31,161,294115
31,162,294115
31,163,294115
31,164,294115
31,170,294115
32,66,"471775,516496"
32,67,489055
32,68,489055
32,69,"471775,489055"
32,71,"471775,489055"
32,73,489055
32,74,"471775,489055"
32,75,"471775,489055,516496"
32,78,471775
32,79,471775
32,80,471775
32,100,552972
32,102,552972
32,107,455008
32,119,455008
33,70,849812
33,76,849812
33,77,754685
33,80,"754685,849812"
33,91,"555714,622027"
34,67,"400722,715341"
34,68,"400722,428202,715341"
34,69,400722
34,71,400722
34,74,"400722,715341"
34,75,400722
34,77,428202
34,78,911614
34,79,428202
34,92,519885
34,150,294115
34,160,294115
34,161,294115
34,162,294115
34,163,294115
34,164,294115
34,170,294115
35,67,"400722,489055,715341"
35,68,"400722,489055,715341"
35,69,"400722,489055"
35,71,"400722,489055"
35,73,489055
35,74,"400722,489055,715341"
35,75,"400722,489055"
35,78,911614
35,150,294115
35,160,294115
35,161,294115
35,162,294115
35,163,294115
35,164,294115
35,170,294115
36,67,"400722,715341"
36,68,"400722,715341"
36,69,400722
36,71,400722
36,74,"400722,715341"
36,75,400722
36,78,911614
36,150,294115
36,160,294115
36,161,294115
36,162,294115
36,163,294115
36,164,294115
36,170,294115
37,77,"565366,754685"
37,80,"754685,761107"
37,91,"555714,622027"
38,77,"565366,754685"
38,80,754685
38,91,"555714,622027"
39,71,468837
39,78,911614
39,79,468837
39,107,"455008,505859"
39,110,505859
39,111,505859
39,115,505859
39,117,505859
39,119,"455008,505859"
39,121,505859
40,66,516496
40,75,516496
40,78,911614
41,70,849812
41,76,849812
41,77,"565366,754685"
41,80,"754685,849812"
41,91,"555714,610249,622027"
41,92,610249
41,95,610249
41,127,584447
41,128,584447
41,129,584447
41,131,584447
41,132,584447
41,133,584447
41,134,584447
41,143,584447
41,147,584447
41,148,584447
41,149,584447
42,66,"471775,971894"
42,69,"471775,971894"
42,71,"471775,971894"
42,74,"471775,971894"
42,75,"471775,971894"
42,76,971894
42,77,"754685,971894"
42,78,"471775,971894"
42,79,"471775,971894"
42,80,"471775,754685"
42,84,971894
42,92,719763
43,70,849812
43,76,849812
43,77,754685
43,80,"754685,849812"
43,127,584447
43,128,584447
43,129,584447
43,131,584447
43,132,584447
43,133,584447
43,134,584447
43,143,584447
43,147,584447
43,148,584447
43,149,584447
44,67,"489055,715341"
44,68,"428202,489055,715341"
44,69,489055
44,71,489055
44,73,489055
44,74,"489055,715341"
44,75,489055
44,77,428202
44,79,428202
44,92,519885
44,100,552972
44,102,552972
45,66,971894
45,69,971894
45,71,971894
45,74,971894
45,75,971894
45,76,971894
45,77,"565366,754685,971894"
45,78,971894
45,79,971894
45,80,754685
45,84,971894
45,91,"555714,610249,622027"
45,92,610249
45,95,610249
45,127,584447
45,128,584447
45,129,584447
45,131,584447
45,132,584447
45,133,584447
45,134,584447
45,143,584447
45,147,584447
45,148,584447
45,149,584447
46,77,"565366,754685"
46,80,754685
46,91,"555714,610249,622027"
46,92,610249
46,95,610249
46,127,584447
46,128,584447
46,129,584447
46,131,584447
46,132,584447
46,133,584447
46,134,584447
46,143,584447
46,147,584447
46,148,584447
46,149,584447
47,103,"110899,464331"
47,140,"270220,314647,427096,432305,602580,616689,739860,751640"
47,169,"244827,681522"
47,195,421137
48,140,314647
48,169,681522
49,94,"610037,734723"
50,140,187833
51,94,734723
52,66,471775
52,67,715341
52,68,"428202,715341"
52,69,471775
52,71,471775
52,74,"471775,715341"
52,75,471775
52,77,"428202,565366,754685"
52,78,471775
52,79,"428202,471775"
52,80,"471775,754685"
52,91,"555714,610249,622027"
52,92,"519885,610249"
52,95,610249
52,107,505859
52,110,505859
52,111,505859
52,115,505859
52,117,505859
52,119,505859
52,121,505859
52,127,584447
52,128,584447
52,129,584447
52,131,584447
52,132,584447
52,133,584447
52,134,584447
52,143,584447
52,147,584447
52,148,584447
52,149,584447
53,66,471775
53,69,471775
53,71,471775
53,74,471775
53,75,471775
53,77,754685
53,78,471775
53,79,471775
53,80,"471775,754685"
53,92,519885
53,127,584447
53,128,584447
53,129,584447
53,131,584447
53,132,584447
53,133,584447
53,134,584447
53,143,584447
53,147,584447
53,148,584447
53,149,584447
54,67,"489055,715341"
54,68,"489055,715341"
54,69,489055
54,71,489055
54,73,489055
54,74,"489055,715341"
54,75,489055
54,77,754685
54,80,754685
54,107,505859
54,110,505859
54,111,505859
54,115,505859
54,117,505859
54,119,505859
54,121,505859
55,66,471775
55,69,471775
55,70,849812
55,71,471775
55,74,471775
55,75,471775
55,76,"619437,752568,849812"
55,77,"619437,754685"
55,78,471775
55,79,471775
55,80,"471775,519469,619437,749414,752568,754685,761107,849812"
55,84,619437
55,92,"519885,535929"
55,127,584447
55,128,584447
55,129,584447
55,131,584447
55,132,584447
55,133,584447
55,134,584447
55,143,"363692,584447"
55,147,584447
55,148,584447
55,149,584447
56,67,715341
56,68,715341
56,74,715341
56,77,754685
56,80,754685
56,107,505859
56,110,505859
56,111,505859
56,115,505859
56,117,505859
56,119,505859
56,121,505859
57,70,849812
57,76,849812
57,77,"565366,754685"
57,80,"754685,849812"
57,91,"555714,610249,622027"
57,92,610249
57,95,610249
57,127,584447
57,128,584447
57,129,584447
57,131,584447
57,132,584447
57,133,584447
57,134,584447
57,143,584447
57,147,584447
57,148,584447
57,149,584447
58,66,971894
58,67,"400722,715341"
58,68,"400722,715341"
58,69,"400722,971894"
58,71,"400722,468837,971894"
58,74,"400722,715341,971894"
58,75,"400722,971894"
58,76,971894
58,77,"754685,971894"
58,78,"911614,971894"
58,79,"468837,971894"
58,80,754685
58,84,971894
58,107,505859
58,110,505859
58,111,505859
58,115,505859
58,117,505859
58,119,505859
58,121,505859
58,150,294115
58,160,294115
58,161,294115
58,162,294115
58,163,294115
58,164,294115
58,170,294115
59,66,"516496,971894"
59,69,971894
59,71,971894
59,74,971894
59,75,"516496,971894"
59,76,971894
59,77,971894
59,78,971894
59,79,971894
59,84,971894
59,90,156096
60,66,471775
60,69,471775
60,71,471775
60,74,471775
60,75,471775
60,78,471775
60,79,471775
60,80,471775
60,92,519885
61,66,"471775,971894"
61,69,"471775,971894"
61,71,"471775,971894"
61,74,"471775,971894"
61,75,"471775,971894"
61,76,971894
61,77,971894
61,78,"471775,971894"
61,79,"471775,971894"
61,80,471775
61,84,971894
61,85,519887
61,88,519887
61,89,519887
61,92,519885
61,150,545984
61,160,545984
61,162,545984
61,170,545984
62,66,971894
62,69,971894
62,71,971894
62,74,971894
62,75,971894
62,76,971894
62,77,971894
62,78,971894
62,79,971894
62,84,971894
63,77,"565366,754685"
63,80,754685
63,91,"555714,610249,622027"
63,92,"519885,610249"
63,95,610249
63,127,584447
63,128,584447
63,129,584447
63,131,584447
63,132,584447
63,133,584447
63,134,584447
63,143,584447
63,147,584447
63,148,584447
63,149,584447
64,70,849812
64,76,849812
64,77,"565366,754685"
64,80,"754685,761107,849812"
64,91,"555714,610249,622027"
64,92,"519885,610249"
64,95,610249
64,127,584447
64,128,584447
64,129,584447
64,131,584447
64,132,584447
64,133,584447
64,134,584447
64,143,584447
64,147,584447
64,148,584447
64,149,584447
65,70,849812
65,76,849812
65,77,754685
65,80,"754685,761107,849812"
65,92,519885
65,127,584447
65,128,584447
65,129,584447
65,131,584447
65,132,584447
65,133,584447
65,134,584447
65,143,584447
65,147,584447
65,148,584447
65,149,584447
66,101,471775
66,107,971894
66,118,971894
66,119,"563837,971894"
66,122,971894
66,216,516496
67,85,489055
67,89,489055
67,91,489055
67,100,518902
67,155,400722
67,156,400722
67,160,400722
67,171,715341
67,180,715341
67,182,715341
67,184,715341
68,85,"428202,489055"
68,88,963615
68,89,"428202,489055,963615"
68,91,489055
68,100,518902
68,155,400722
68,156,400722
68,160,400722
68,171,715341
68,180,715341
68,182,715341
68,184,715341
69,85,489055
69,89,489055
69,91,489055
69,100,518902
69,101,471775
69,107,971894
69,118,971894
69,119,971894
69,122,971894
69,155,400722
69,156,400722
69,160,400722
70,92,849812
71,85,"489055,521885"
71,88,521885
71,89,"489055,521885"
71,91,489055
71,100,518902
71,101,471775
71,107,971894
71,118,971894
71,119,971894
71,122,971894
71,124,468837
71,155,400722
71,156,400722
71,160,400722
72,87,241017
72,92,548624
72,119,563837
73,85,489055
73,89,489055
73,91,489055
73,92,548624
73,119,563837
74,85,489055
74,89,489055
74,91,489055
74,100,518902
74,101,471775
74,107,971894
74,118,971894
74,119,"563837,971894"
74,122,971894
74,155,400722
74,156,400722
74,160,400722
74,171,715341
74,180,715341
74,182,715341
74,184,715341
75,85,489055
75,89,489055
75,91,489055
75,100,518902
75,101,471775
75,107,971894
75,118,971894
75,119,971894
75,122,971894
75,155,400722
75,156,400722
75,160,400722
75,216,516496
76,86,619437
76,92,"619437,752568,849812"
76,107,971894
76,118,971894
76,119,971894
76,122,971894
77,85,428202
77,86,619437
77,89,428202
77,91,754685
77,92,"619437,754685"
77,95,754685
77,106,565366
77,107,971894
77,118,971894
77,119,971894
77,122,971894
78,92,548624
78,100,911614
78,101,471775
78,107,971894
78,118,971894
78,119,"563837,971894"
78,122,971894
79,85,428202
79,88,963615
79,89,"428202,963615"
79,101,471775
79,107,971894
79,118,971894
79,119,971894
79,122,971894
79,124,468837
80,86,619437
80,88,963615
80,89,963615
80,91,"754685,761107,964774"
80,92,"619437,735292,752568,754685,761107,849812,964774"
80,95,"754685,761107,964774"
80,97,"519469,749414"
80,101,471775
81,93,123777
81,94,979705
83,191,460228
84,86,619437
84,92,619437
84,107,971894
84,118,971894
84,119,971894
84,122,971894
85,97,428202
85,115,519887
85,117,519887
85,119,519887
85,121,519887
86,97,619437
86,147,540247
87,102,263913
87,139,241017
88,108,963615
88,110,963615
88,111,963615
88,115,519887
88,117,519887
88,119,519887
88,120,963615
88,121,"519887,963615"
88,122,963615
88,123,963615
89,97,"428202,993844"
89,108,963615
89,110,963615
89,111,963615
89,115,519887
89,117,519887
89,119,519887
89,120,963615
89,121,"519887,963615"
89,122,963615
89,123,963615
90,147,540247
90,213,156096
90,216,156096
91,97,"754685,761107,964774,993844"
91,98,754685
91,106,610249
91,109,610249
91,127,555714
91,128,555714
91,143,555714
91,198,622027
92,97,"548624,619437,735292,752568,754685,761107,849812,964774,1014685"
92,98,"754685,849812"
92,101,519885
92,106,"610249,719763"
92,109,610249
92,143,535929
93,103,425954
93,125,123777
94,96,"610037,734723,979705,988692,998545"
95,97,"754685,761107,964774"
95,98,754685
95,106,610249
95,109,610249
96,104,"610037,979705,988692,998545"
96,126,734723
97,99,619437
97,101,"428202,519469,619437,735292,749414,752568,964774,1007975,1014685,1034094,1054006"
97,102,619437
97,106,754685
97,109,761107
97,112,849812
97,118,849812
97,124,"849812,993844,1036452,1037646"
97,204,548624
98,106,754685
98,112,849812
98,118,849812
98,124,"849812,1037646"
99,118,619437
99,124,619437
100,113,518902
100,121,518902
100,129,911614
100,130,911614
100,135,911614
100,137,911614
100,138,911614
100,145,911614
100,155,552972
101,106,"1014685,1047955"
101,107,471775
101,109,1014685
101,110,471775
101,111,471775
101,114,"519885,1014685,1047955"
101,115,471775
101,116,"1014685,1047955"
101,117,471775
101,118,"471775,619437"
101,119,471775
101,120,471775
101,121,471775
101,122,471775
101,123,471775
101,124,"428202,619437,752568,1007975,1014685,1047955"
101,154,1034094
101,165,519469
101,217,"735292,1054006"
102,112,263913
102,113,263913
102,117,263913
102,118,619437
102,124,619437
102,155,552972
103,140,"110899,425954,464331,903640,957469"
103,142,"425954,903640"
104,126,"988692,1058591"
104,141,"979705,998545"
105,140,"903640,957469"
105,142,903640
106,127,"754685,1014685,1048011"
106,128,1014685
106,143,"1014685,1047955"
106,165,719763
107,127,"505859,971894"
107,129,505859
107,130,505859
107,131,455008
107,132,"455008,971894"
107,133,455008
107,135,505859
107,137,505859
107,143,"416219,471775"
107,144,505859
107,145,505859
107,146,505859
107,149,"455008,505859"
108,138,963615
108,145,963615
108,146,963615
108,149,963615
109,127,"1014685,1048011"
109,128,1014685
109,143,1014685
109,205,761107
110,127,505859
110,129,505859
110,130,505859
110,135,505859
110,137,505859
110,138,963615
110,143,471775
110,144,505859
110,145,"505859,963615"
110,146,"505859,963615"
110,149,"505859,963615"
111,127,505859
111,129,505859
111,130,505859
111,135,505859
111,137,505859
111,138,963615
111,143,471775
111,144,505859
111,145,"505859,963615"
111,146,"505859,963615"
111,149,"505859,963615"
112,139,263913
112,144,849812
113,139,263913
113,150,518902
113,160,518902
113,162,518902
113,170,518902
114,127,"519885,1014685,1048011"
114,128,"519885,1014685"
114,143,"519885,1014685,1047955"
115,127,505859
115,129,505859
115,130,505859
115,135,505859
115,137,505859
115,143,"416219,471775"
115,144,505859
115,145,505859
115,146,505859
115,149,505859
115,184,519887
115,192,519887
115,193,519887
116,127,"1014685,1048011"
116,128,1014685
116,143,"1014685,1047955"
117,127,505859
117,129,505859
117,130,505859
117,135,505859
117,137,505859
117,139,263913
117,143,"416219,471775"
117,144,505859
117,145,505859
117,146,505859
117,149,505859
117,184,519887
117,192,519887
117,193,519887
118,127,971894
118,132,971894
118,143,"416219,471775"
118,144,849812
118,152,619437
118,163,619437
118,165,619437
119,127,"505859,971894"
119,129,505859
119,130,505859
119,131,455008
119,132,"455008,971894"
119,133,455008
119,135,"505859,563837"
119,137,"505859,563837"
119,143,"416219,471775"
119,144,505859
119,145,"505859,563837"
119,146,505859
119,149,"455008,505859"
119,184,519887
119,192,519887
119,193,519887
120,138,963615
120,143,"416219,471775"
120,145,963615
120,146,963615
120,149,963615
121,127,505859
121,129,505859
121,130,505859
121,135,505859
121,137,505859
121,138,963615
121,143,"416219,471775"
121,144,505859
121,145,"505859,963615"
121,146,"505859,963615"
121,149,"505859,963615"
121,150,518902
121,160,518902
121,162,518902
121,170,518902
121,184,519887
121,192,519887
121,193,519887
122,127,971894
122,132,971894
122,138,963615
122,143,"416219,471775"
122,145,963615
122,146,963615
122,149,963615
123,138,963615
123,143,"416219,471775"
123,145,963615
123,146,963615
123,149,963615
124,127,"1014685,1048011"
124,128,1014685
124,129,468837
124,143,"416219,468837,752568,1007975,1014685,1036452,1037646,1047955,1082751"
124,144,849812
124,147,1037646
124,148,1037646
124,149,"468837,993844"
124,152,619437
124,163,619437
124,165,619437
125,142,1071032
125,166,123777
126,141,988692
126,167,1058591
126,168,1058591
126,183,734723
126,188,734723
126,190,734723
126,194,734723
127,155,519885
127,159,584447
127,161,"519885,584447"
127,165,"519885,1048011"
127,172,505859
127,173,505859
127,175,505859
127,177,1014685
127,184,505859
127,198,555714
128,155,519885
128,159,584447
128,161,"519885,584447"
128,165,519885
128,177,1014685
128,198,555714
129,152,911614
129,159,584447
129,160,911614
129,161,584447
129,172,"468837,505859"
129,173,505859
129,175,505859
129,184,"468837,505859"
130,152,911614
130,160,911614
130,172,505859
130,173,505859
130,175,505859
130,184,505859
131,152,455008
131,159,584447
131,160,455008
131,161,584447
132,152,455008
132,159,584447
132,160,455008
132,161,584447
133,152,455008
133,159,584447
133,160,455008
133,161,584447
134,159,584447
134,161,584447
135,152,911614
135,160,911614
135,172,505859
135,173,505859
135,175,505859
135,184,"505859,563837"
137,152,911614
137,160,911614
137,172,505859
137,173,505859
137,175,505859
137,184,"505859,563837"
138,152,911614
138,155,963615
138,160,911614
138,161,963615
138,164,963615
138,170,963615
139,156,263913
139,204,241017
140,169,"114666,118478,187833,199984,270220,314647,368080,403445,425954,427096,427250,432305,464331,602580,604098,607784,612824,616689,751640,903640,957469,1095891"
140,185,"149963,235297,739860"
140,195,110899
140,218,588437
141,167,"979705,998545"
141,226,988692
142,166,1071032
142,169,"425954,903640"
143,154,"416219,1037646"
143,155,519885
143,158,1082751
143,159,584447
143,161,"416219,519885,584447"
143,162,471775
143,163,471775
143,164,471775
143,165,"471775,519885,752568,1007975,1037646,1082751"
143,172,468837
143,177,1014685
143,182,363692
143,184,468837
143,189,1047955
143,192,363692
143,198,"555714,1036452"
143,203,535929
143,204,535929
144,155,849812
144,161,849812
144,165,849812
144,172,505859
144,173,505859
144,175,505859
144,184,505859
145,152,911614
145,155,963615
145,160,911614
145,161,963615
145,164,963615
145,170,963615
145,172,505859
145,173,505859
145,175,505859
145,184,"505859,563837"
146,155,963615
146,161,963615
146,164,963615
146,170,963615
146,172,505859
146,173,505859
146,175,505859
146,184,505859
147,154,1037646
147,159,584447
147,161,584447
147,165,1037646
147,173,540247
147,181,540247
147,182,540247
148,154,1037646
148,159,584447
148,161,584447
148,165,1037646
149,152,455008
149,155,963615
149,158,993844
149,159,584447
149,160,455008
149,161,"584447,963615"
149,164,963615
149,170,963615
149,172,"468837,505859"
149,173,505859
149,175,505859
149,184,"468837,505859"
150,171,294115
150,180,294115
150,182,294115
150,184,"294115,545984"
150,192,294115
150,193,294115
150,238,518902
152,214,911614
152,215,911614
154,198,1034094
154,221,416219
155,172,963615
155,173,963615
155,175,963615
155,184,963615
155,192,963615
155,193,963615
155,224,552972
155,235,400722
156,176,263913
156,178,263913
156,179,263913
156,182,263913
156,235,400722
158,198,1082751
159,189,584447
159,193,584447
160,171,294115
160,180,294115
160,182,294115
160,184,"294115,545984"
160,192,294115
160,193,294115
160,214,911614
160,215,911614
160,235,400722
160,238,518902
161,171,294115
161,172,963615
161,173,963615
161,175,963615
161,180,294115
161,182,294115
161,184,"294115,963615"
161,189,584447
161,192,"294115,963615"
161,193,"294115,584447,963615"
161,221,416219
162,171,294115
162,180,294115
162,182,294115
162,184,"294115,545984"
162,189,471775
162,192,294115
162,193,"294115,471775"
162,221,916245
162,238,518902
163,171,294115
163,180,294115
163,182,294115
163,184,294115
163,189,471775
163,192,294115
163,193,"294115,471775"
164,171,294115
164,172,963615
164,173,963615
164,175,963615
164,180,294115
164,182,294115
164,184,"294115,963615"
164,189,471775
164,192,"294115,963615"
164,193,"294115,471775,963615"
165,171,719763
165,173,719763
165,175,719763
165,177,1048011
165,178,719763
165,179,719763
165,180,719763
165,181,719763
165,182,719763
165,184,719763
165,189,"471775,1007975,1048011"
165,192,719763
165,193,"471775,719763"
165,198,1082751
166,183,1071032
166,187,"123777,1071032"
167,183,998545
167,188,"979705,1058591"
167,190,998545
167,194,979705
168,188,1058591
169,185,"108938,114666,118478,133892,187833,199984,244827,270220,292347,314647,368080,403445,425954,427096,427250,432305,464331,483533,523545,602580,604098,607784,612824,616689,751640,903640,957469,1061637,1095891,1163691,1167207,1168767,1171591,1198352"
169,186,"270220,1061637,1095891"
169,195,"438350,915181"
169,218,"681522,1167617"
170,171,294115
170,172,963615
170,173,963615
170,175,963615
170,180,294115
170,182,294115
170,184,"294115,545984,963615"
170,192,"294115,963615"
170,193,"294115,963615"
170,238,518902
171,203,"294115,715341,1179385"
171,213,719763
171,214,719763
172,201,963615
172,202,963615
172,213,468837
172,214,468837
172,220,468837
173,201,963615
173,202,963615
173,203,1179385
173,213,719763
173,214,719763
173,238,540247
175,201,963615
175,202,963615
175,203,1179385
175,213,719763
175,214,719763
176,222,263913
177,198,1014685
178,213,719763
178,214,719763
178,222,263913
179,213,719763
179,214,719763
179,222,263913
180,203,"294115,715341,1179385"
180,213,719763
180,214,719763
181,203,1179385
181,213,719763
181,214,719763
181,238,540247
182,203,"294115,715341,1179385"
182,213,719763
182,214,719763
182,222,263913
182,238,540247
183,196,"998545,1071032"
184,201,"545984,963615"
184,202,"545984,963615"
184,203,"294115,545984,715341,1179385"
184,213,"468837,719763"
184,214,"468837,719763"
184,220,468837
185,195,"108938,114666,118478,127790,133892,149963,187833,235297,244827,270220,275782,292347,314647,368080,403445,427096,427250,464331,483533,523545,602580,607784,612824,616689,739860,751640,903640,957469,999796,1061637,1095891,1163691,1167207,1168767,1171591,1198352"
185,210,425954
185,218,"199984,604098"
186,195,"270220,1061637,1095891"
187,196,"123777,1071032"
188,226,1058591
189,198,"584447,1007975,1047955"
189,224,471775
190,196,998545
191,197,"156634,460228,552846,1166148,1205586"
192,201,963615
192,202,963615
192,203,294115
192,213,719763
192,214,719763
193,198,584447
193,201,963615
193,202,963615
193,203,294115
193,213,719763
193,214,719763
193,224,471775
195,207,"903640,957469"
195,208,"187833,903640,957469"
195,209,"270220,903640,957469,1061637"
195,210,"107030,108938,110899,114666,118478,127790,133892,187833,235297,244827,270220,292347,368080,403445,421137,427096,427250,438350,464331,483533,602580,607784,612824,616689,739860,751640,903640,957469,999796,1061637,1095891,1163691,1167207,1168767,1171591,1198352"
195,218,"275782,314647,915181,1236675"
195,227,523545
195,229,149963
196,207,"123777,1071032"
196,208,123777
196,209,123777
197,211,"156634,460228,552846,1166148,1205586"
198,205,"555714,1007975,1014685,1082751"
198,224,1034094
201,213,963615
201,220,963615
202,213,963615
202,220,963615
203,216,"294115,715341"
203,221,1179385
205,217,"1014685,1082751"
207,218,"903640,957469"
207,225,1071032
208,218,"187833,903640,957469"
209,218,"270220,903640,957469,1061637"
210,218,"107030,108938,110899,114666,118478,127790,133892,187833,235297,244827,270220,292347,403445,421137,425954,427096,427250,438350,464331,483533,602580,607784,612824,616689,739860,751640,838190,903640,957469,999796,1061637,1095891,1163691,1167207,1168767,1171591,1198352,1237802"
210,227,368080
211,219,"156634,460228,552846,1166148,1205586"
213,223,"719763,963615"
213,238,156096
214,223,719763
216,233,294115
216,234,294115
216,235,294115
216,236,294115
216,238,"156096,715341"
217,224,"1014685,1054006"
218,227,"107030,108938,110899,114666,118478,127790,133892,187833,199984,235297,244827,270220,292347,314647,403445,421137,427096,464331,483533,588437,602580,612824,616689,681522,739860,751640,838190,915181,957469,999796,1061637,1095891,1163691,1167207,1167617,1168767,1171591,1198352,1237802"
218,229,"275782,425954,427250,1236675"
219,228,"156634,460228,552846,1166148,1205586"
220,223,963615
221,235,"416219,916245,1179385"
225,231,1071032
227,229,"107030,108938,114666,118478,127790,133892,187833,235297,270220,292347,314647,403445,421137,427096,464331,483533,523545,588437,602580,612824,616689,681522,739860,751640,838190,957469,1061637,1095891,1163691,1167207,1167617,1168767,1171591,1198352,1237802"
227,230,"127790,602580,1061637,1167207"
227,231,"127790,602580"
227,237,"110899,244827"
228,232,"156634,460228,552846,1205586"
229,237,"108938,114666,118478,127790,133892,187833,235297,270220,314647,403445,425954,427096,427250,464331,602580,612824,616689,739860,751640,957469,1095891,1163691,1168767,1171591,1198352,1236675"
230,237,"127790,602580"
231,237,"127790,602580"
235,238,916245
