source,target,user_id
0,48,187833
0,174,427250
1,26,622027
1,30,622027
1,31,752568
1,32,263990
1,33,622027
1,43,752568
1,52,622027
1,53,"622027,752568"
1,54,622027
1,60,622027
1,61,622027
1,62,622027
1,63,622027
1,64,622027
1,65,622027
1,66,622027
1,67,622027
1,68,622027
1,71,622027
2,13,428202
2,14,428202
2,17,428202
2,18,754685
2,19,428202
2,23,428202
2,24,428202
2,26,"622027,754685"
2,30,"622027,754685"
2,31,"752568,754685"
2,33,"622027,754685"
2,36,428202
2,37,754685
2,41,754685
2,43,"752568,754685"
2,49,754685
2,52,"428202,622027,754685"
2,53,"622027,752568,754685"
2,54,"622027,754685"
2,57,754685
2,60,"622027,754685"
2,61,"622027,754685"
2,62,"622027,754685"
2,63,"622027,754685"
2,64,"428202,622027,754685"
2,65,"428202,622027,754685"
2,66,"622027,754685"
2,67,"622027,754685"
2,68,"622027,754685"
2,71,"622027,754685"
2,72,754685
3,34,610249
3,35,610249
3,37,610249
3,38,610249
3,52,610249
3,61,610249
3,62,610249
3,64,610249
3,65,610249
3,66,610249
3,67,610249
3,68,610249
4,18,754685
4,26,"622027,754685"
4,30,"622027,754685"
4,31,"752568,754685"
4,33,"622027,754685"
4,37,"584447,754685"
4,41,754685
4,43,"752568,754685"
4,49,754685
4,52,"584447,622027,754685"
4,53,"584447,622027,752568,754685"
4,54,"584447,622027,754685"
4,57,754685
4,60,"584447,622027,754685"
4,61,"584447,622027,754685"
4,62,"584447,622027,754685"
4,63,"584447,622027,754685"
4,64,"584447,622027,754685"
4,65,"584447,622027,754685"
4,66,"584447,622027,754685"
4,67,"584447,622027,754685"
4,68,"584447,622027,754685"
4,71,"584447,622027,754685"
4,72,754685
5,13,471775
5,14,471775
5,21,471775
5,22,471775
5,23,471775
5,25,471775
5,26,622027
5,28,471775
5,29,471775
5,30,622027
5,31,"471775,752568"
5,33,622027
5,41,471775
5,42,471775
5,43,"471775,752568"
5,49,471775
5,52,"471775,622027"
5,53,"471775,622027,752568"
5,54,"471775,622027"
5,55,"471775,519887"
5,56,471775
5,60,622027
5,61,622027
5,62,622027
5,63,622027
5,64,622027
5,65,622027
5,66,622027
5,67,622027
5,68,622027
5,71,622027
5,76,548624
5,90,548624
5,92,548624
5,100,548624
5,102,548624
5,103,548624
5,104,548624
6,18,754685
6,26,"622027,754685"
6,30,"622027,754685"
6,31,"752568,754685"
6,33,"622027,754685"
6,34,610249
6,35,610249
6,37,"584447,610249,754685"
6,38,610249
6,41,754685
6,43,"752568,754685"
6,49,754685
6,52,"584447,610249,622027,754685"
6,53,"584447,622027,752568,754685"
6,54,"584447,622027,754685"
6,57,754685
6,60,"584447,622027,754685"
6,61,"584447,610249,622027,754685"
6,62,"584447,610249,622027,754685"
6,63,"584447,622027,754685"
6,64,"584447,610249,622027,754685"
6,65,"584447,610249,622027,754685"
6,66,"584447,610249,622027,754685"
6,67,"584447,610249,622027,754685"
6,68,"584447,610249,622027,754685"
6,71,"584447,622027,754685"
6,72,754685
7,13,428202
7,14,428202
7,17,428202
7,19,428202
7,23,428202
7,24,428202
7,26,"555714,565366"
7,30,"555714,565366"
7,31,752568
7,33,555714
7,36,428202
7,37,584447
7,43,752568
7,52,"428202,555714,565366,584447"
7,53,"584447,752568"
7,54,584447
7,60,584447
7,61,"555714,565366,584447"
7,62,"555714,565366,584447"
7,63,584447
7,64,"428202,555714,565366,584447"
7,65,"428202,555714,565366,584447"
7,66,"555714,565366,584447"
7,67,"555714,565366,584447"
7,68,"555714,565366,584447"
7,71,584447
7,76,548624
7,90,548624
7,92,548624
7,100,548624
7,102,548624
7,103,548624
7,104,548624
8,13,428202
8,14,428202
8,17,428202
8,19,428202
8,23,428202
8,24,428202
8,26,"555714,565366"
8,30,"555714,565366"
8,31,752568
8,33,555714
8,36,428202
8,37,584447
8,43,752568
8,52,"428202,555714,565366,584447"
8,53,"363692,584447,752568"
8,54,584447
8,60,584447
8,61,"555714,565366,584447"
8,62,"555714,565366,584447"
8,63,584447
8,64,"428202,555714,565366,584447"
8,65,"428202,555714,565366,584447"
8,66,"555714,565366,584447"
8,67,"555714,565366,584447"
8,68,"555714,565366,584447"
8,71,584447
8,76,548624
8,90,548624
8,92,548624
8,100,548624
8,102,548624
8,103,548624
8,104,548624
9,13,"428202,471775,521885"
9,14,"428202,471775"
9,17,428202
9,18,754685
9,19,428202
9,21,471775
9,22,471775
9,23,"428202,471775"
9,24,428202
9,25,471775
9,26,"555714,565366,622027,754685"
9,28,471775
9,29,471775
9,30,"555714,565366,622027,754685"
9,31,"471775,752568,754685"
9,33,"555714,622027,754685"
9,36,428202
9,37,"584447,754685"
9,41,"471775,754685"
9,42,471775
9,43,"471775,752568,754685"
9,49,"471775,754685"
9,52,"428202,471775,555714,565366,584447,622027,754685"
9,53,"471775,519469,584447,622027,752568,754685"
9,54,"471775,584447,622027,754685"
9,55,"471775,519887"
9,56,471775
9,57,754685
9,60,"584447,622027,754685"
9,61,"555714,565366,584447,622027,754685"
9,62,"555714,565366,584447,622027,754685"
9,63,"584447,622027,754685"
9,64,"428202,555714,565366,584447,622027,754685"
9,65,"428202,555714,565366,584447,622027,754685"
9,66,"555714,565366,584447,622027,754685"
9,67,"555714,565366,584447,622027,754685"
9,68,"555714,565366,584447,622027,754685"
9,71,"584447,622027,754685"
9,72,754685
9,76,548624
9,90,548624
9,92,548624
9,100,548624
9,102,548624
9,103,548624
9,104,548624
10,13,428202
10,14,428202
10,17,428202
10,19,428202
10,23,428202
10,24,428202
10,26,"555714,565366,761107"
10,30,"555714,565366"
10,31,752568
10,33,"555714,849812"
10,36,428202
10,37,"584447,849812"
10,43,752568
10,52,"428202,555714,565366,584447"
10,53,"535929,584447,735292,752568,761107,849812"
10,54,584447
10,60,"584447,849812"
10,61,"555714,565366,584447"
10,62,"555714,565366,584447,849812"
10,63,"584447,761107,849812"
10,64,"428202,555714,565366,584447,761107,849812"
10,65,"428202,555714,565366,584447"
10,66,"555714,565366,584447"
10,67,"555714,565366,584447"
10,68,"555714,565366,584447,849812"
10,71,"584447,849812"
10,76,548624
10,90,548624
10,92,548624
10,100,548624
10,102,548624
10,103,548624
10,104,548624
11,13,471775
11,14,471775
11,21,471775
11,22,471775
11,23,471775
11,25,471775
11,26,622027
11,28,471775
11,29,471775
11,30,622027
11,31,"471775,752568"
11,33,622027
11,41,471775
11,42,471775
11,43,"471775,752568"
11,49,471775
11,52,"471775,622027"
11,53,"471775,622027,752568"
11,54,"471775,622027"
11,55,"471775,519887"
11,56,471775
11,60,622027
11,61,622027
11,62,622027
11,63,622027
11,64,622027
11,65,622027
11,66,622027
11,67,622027
11,68,622027
11,71,622027
11,76,548624
11,90,548624
11,92,548624
11,100,548624
11,102,548624
11,103,548624
11,104,548624
12,73,"400722,715341"
12,75,400722
12,77,"400722,715341"
12,79,400722
12,80,"400722,715341"
12,81,400722
12,89,911614
12,91,400722
12,94,"400722,715341"
12,102,911614
12,227,294115
12,229,294115
12,231,294115
12,233,294115
12,236,294115
12,238,294115
12,239,294115
12,240,294115
12,241,294115
12,242,294115
13,73,428202
13,74,"428202,471775,521885,971894"
13,75,"428202,471775,521885,971894"
13,77,428202
13,79,"428202,471775,971894"
13,80,428202
13,81,"428202,471775,971894"
13,83,971894
13,89,521885
13,91,428202
13,94,"428202,471775,971894"
13,99,471775
13,100,"471775,521885,971894"
13,101,471775
13,102,"471775,521885,971894"
13,103,"471775,521885,971894"
13,104,"428202,471775,521885,971894"
13,105,"471775,971894"
13,106,971894
13,108,971894
13,109,971894
13,110,"428202,471775,971894"
13,111,471775
13,112,"471775,971894"
13,113,"428202,971894"
13,126,455008
13,129,455008
13,227,294115
13,229,294115
13,231,294115
13,233,294115
13,236,294115
13,238,294115
13,239,294115
13,240,294115
13,241,294115
13,242,294115
14,73,428202
14,74,"428202,471775"
14,75,"428202,471775"
14,77,428202
14,79,"428202,471775"
14,80,428202
14,81,"428202,471775"
14,91,428202
14,94,"428202,471775"
14,99,471775
14,100,471775
14,101,471775
14,102,471775
14,103,471775
14,104,"428202,471775"
14,105,471775
14,110,"428202,471775"
14,111,471775
14,112,471775
14,113,428202
14,129,552972
14,136,552972
14,138,552972
14,139,552972
14,140,552972
14,227,294115
14,229,294115
14,231,294115
14,233,294115
14,236,294115
14,238,294115
14,239,294115
14,240,294115
14,241,294115
14,242,294115
15,89,911614
15,102,911614
15,129,552972
15,136,552972
15,138,552972
15,139,552972
15,140,552972
16,73,"400722,715341"
16,75,400722
16,77,"400722,715341"
16,79,400722
16,80,"400722,715341"
16,81,400722
16,89,911614
16,91,400722
16,94,"400722,715341"
16,102,911614
16,227,294115
16,229,294115
16,231,294115
16,233,294115
16,236,294115
16,238,294115
16,239,294115
16,240,294115
16,241,294115
16,242,294115
17,73,"428202,715341"
17,74,428202
17,75,428202
17,77,"428202,715341"
17,79,428202
17,80,"428202,715341"
17,81,428202
17,91,428202
17,94,"428202,715341"
17,99,519885
17,104,428202
17,110,428202
17,113,428202
17,227,294115
17,229,294115
17,231,294115
17,233,294115
17,236,294115
17,238,294115
17,239,294115
17,240,294115
17,241,294115
17,242,294115
18,93,754685
18,99,754685
18,113,754685
19,73,"428202,715341"
19,74,428202
19,75,428202
19,77,"428202,715341"
19,79,428202
19,80,"428202,715341"
19,81,428202
19,91,428202
19,94,"428202,715341"
19,99,519885
19,104,428202
19,110,428202
19,113,428202
19,129,552972
19,136,552972
19,138,552972
19,139,552972
19,140,552972
19,227,294115
19,229,294115
19,231,294115
19,233,294115
19,236,294115
19,238,294115
19,239,294115
19,240,294115
19,241,294115
19,242,294115
20,79,516496
20,80,516496
20,89,911614
20,91,516496
20,102,911614
20,112,516496
21,74,471775
21,75,471775
21,79,"471775,516496"
21,80,516496
21,81,471775
21,91,516496
21,94,471775
21,99,471775
21,100,471775
21,101,471775
21,102,471775
21,103,471775
21,104,471775
21,105,471775
21,110,471775
21,111,471775
21,112,"471775,516496"
22,74,471775
22,75,471775
22,79,471775
22,81,471775
22,94,471775
22,99,471775
22,100,471775
22,101,471775
22,102,471775
22,103,471775
22,104,471775
22,105,471775
22,110,471775
22,111,471775
22,112,471775
22,129,552972
22,136,552972
22,138,552972
22,139,552972
22,140,552972
23,73,428202
23,74,"428202,471775"
23,75,"428202,471775"
23,77,428202
23,79,"428202,471775"
23,80,428202
23,81,"428202,471775"
23,91,428202
23,94,"428202,471775"
23,99,471775
23,100,471775
23,101,471775
23,102,471775
23,103,471775
23,104,"428202,471775"
23,105,471775
23,110,"428202,471775"
23,111,471775
23,112,471775
23,113,428202
23,227,294115
23,229,294115
23,231,294115
23,233,294115
23,236,294115
23,238,294115
23,239,294115
23,240,294115
23,241,294115
23,242,294115
24,73,"400722,428202,715341"
24,74,428202
24,75,"400722,428202"
24,77,"400722,428202,715341"
24,79,"400722,428202"
24,80,"400722,428202,715341"
24,81,"400722,428202"
24,89,911614
24,91,"400722,428202"
24,94,"400722,428202,715341"
24,99,519885
24,102,911614
24,104,428202
24,110,428202
24,113,428202
24,227,294115
24,229,294115
24,231,294115
24,233,294115
24,236,294115
24,238,294115
24,239,294115
24,240,294115
24,241,294115
24,242,294115
25,74,"471775,971894"
25,75,"471775,971894"
25,79,"471775,516496,971894"
25,80,516496
25,81,"471775,971894"
25,83,971894
25,91,516496
25,94,"471775,971894"
25,99,471775
25,100,"471775,971894"
25,101,471775
25,102,"471775,971894"
25,103,"471775,971894"
25,104,"471775,971894"
25,105,"471775,971894"
25,106,971894
25,108,971894
25,109,971894
25,110,"471775,971894"
25,111,471775
25,112,"471775,516496,971894"
25,113,971894
25,118,158639
26,82,"565366,761107"
26,83,565366
26,84,"565366,622027,761107"
26,85,"555714,565366,622027,761107"
26,86,"565366,622027,761107"
26,87,"555714,565366,761107"
26,88,"555714,565366,761107"
26,92,761107
26,93,"754685,761107"
26,99,"754685,761107"
26,106,"565366,761107"
26,107,761107
26,108,"555714,565366,761107"
26,109,"565366,761107"
26,113,"565366,622027,754685,761107"
27,74,971894
27,75,971894
27,79,971894
27,81,971894
27,83,971894
27,94,971894
27,100,971894
27,102,971894
27,103,971894
27,104,971894
27,105,971894
27,106,971894
27,108,971894
27,109,971894
27,110,971894
27,112,971894
27,113,971894
27,227,294115
27,229,294115
27,231,294115
27,233,294115
27,236,294115
27,238,294115
27,239,294115
27,240,294115
27,241,294115
27,242,294115
28,74,471775
28,75,471775
28,79,"471775,516496"
28,80,516496
28,81,471775
28,91,516496
28,94,471775
28,99,471775
28,100,471775
28,101,471775
28,102,471775
28,103,471775
28,104,471775
28,105,471775
28,110,471775
28,111,471775
28,112,"471775,516496"
28,126,455008
28,129,"455008,552972"
28,136,552972
28,138,552972
28,139,552972
28,140,552972
29,74,471775
29,75,471775
29,79,471775
29,81,471775
29,94,471775
29,99,471775
29,100,471775
29,101,471775
29,102,471775
29,103,471775
29,104,471775
29,105,471775
29,110,471775
29,111,471775
29,112,471775
29,126,455008
29,129,455008
30,82,565366
30,83,565366
30,84,"565366,622027"
30,85,"555714,565366,622027"
30,86,"565366,622027"
30,87,"555714,565366"
30,88,"555714,565366"
30,93,754685
30,99,754685
30,106,565366
30,108,"555714,565366"
30,109,565366
30,113,"565366,622027,754685"
31,74,471775
31,75,471775
31,79,471775
31,81,471775
31,93,754685
31,94,471775
31,99,"471775,519885,752568,754685"
31,100,471775
31,101,471775
31,102,471775
31,103,471775
31,104,471775
31,105,471775
31,106,752568
31,107,752568
31,110,471775
31,111,471775
31,112,471775
31,113,754685
32,114,263990
32,116,263990
33,82,849812
33,84,"622027,849812"
33,85,"555714,622027"
33,86,622027
33,87,"555714,849812"
33,88,555714
33,93,754685
33,99,"754685,849812"
33,106,849812
33,107,849812
33,108,555714
33,113,"622027,754685"
34,121,610249
35,121,610249
36,73,428202
36,74,"428202,468837"
36,75,"428202,468837"
36,77,428202
36,79,428202
36,80,428202
36,81,428202
36,89,911614
36,91,428202
36,94,428202
36,102,911614
36,104,"428202,468837"
36,110,428202
36,113,428202
36,126,455008
36,129,455008
36,134,505859
37,82,849812
37,84,849812
37,87,849812
37,93,754685
37,99,"754685,849812"
37,106,849812
37,107,849812
37,113,754685
37,121,610249
37,151,584447
37,154,584447
37,155,584447
37,157,584447
37,159,584447
37,160,584447
37,161,584447
37,170,584447
37,171,584447
37,179,584447
37,182,584447
37,188,584447
37,189,584447
37,190,584447
37,192,584447
38,121,610249
39,79,516496
39,80,516496
39,89,911614
39,91,516496
39,102,911614
39,112,516496
40,74,971894
40,75,971894
40,79,"516496,971894"
40,80,516496
40,81,971894
40,83,971894
40,91,516496
40,94,971894
40,100,971894
40,102,971894
40,103,971894
40,104,971894
40,105,971894
40,106,971894
40,108,971894
40,109,971894
40,110,971894
40,112,"516496,971894"
40,113,971894
40,227,294115
40,229,294115
40,231,294115
40,233,294115
40,236,294115
40,238,294115
40,239,294115
40,240,294115
40,241,294115
40,242,294115
41,74,471775
41,75,471775
41,79,471775
41,81,471775
41,93,754685
41,94,471775
41,99,"471775,519885,754685"
41,100,471775
41,101,471775
41,102,471775
41,103,471775
41,104,471775
41,105,471775
41,110,471775
41,111,471775
41,112,471775
41,113,754685
42,74,471775
42,75,471775
42,79,471775
42,81,471775
42,89,911614
42,94,471775
42,99,471775
42,100,471775
42,101,471775
42,102,"471775,911614"
42,103,471775
42,104,471775
42,105,471775
42,110,471775
42,111,471775
42,112,471775
42,126,455008
42,129,455008
43,74,471775
43,75,471775
43,79,471775
43,81,471775
43,93,754685
43,94,471775
43,99,"471775,519885,752568,754685"
43,100,471775
43,101,471775
43,102,471775
43,103,471775
43,104,471775
43,105,471775
43,106,752568
43,107,752568
43,110,471775
43,111,471775
43,112,471775
43,113,754685
44,144,"110899,464331"
44,174,"270220,314647,427096,573259,602580,616689,739860,751640"
44,220,"244827,681522"
44,259,421137
45,120,734723
45,124,"616225,734723"
47,174,314647
47,220,681522
48,123,600388
48,174,187833
49,74,"471775,971894"
49,75,"471775,971894"
49,79,"471775,971894"
49,81,"471775,971894"
49,83,971894
49,93,754685
49,94,"471775,971894"
49,99,"471775,519885,719763,754685"
49,100,"471775,971894"
49,101,471775
49,102,"471775,971894"
49,103,"471775,971894"
49,104,"471775,971894"
49,105,"471775,971894"
49,106,971894
49,108,971894
49,109,971894
49,110,"471775,971894"
49,111,471775
49,112,"471775,971894"
49,113,"754685,971894"
50,120,734723
50,124,"616225,734723"
51,120,734723
51,124,"616225,734723"
51,174,118478
52,73,"428202,715341"
52,74,"428202,471775"
52,75,"428202,471775"
52,77,"428202,715341"
52,79,"428202,471775"
52,80,"428202,715341"
52,81,"428202,471775"
52,82,565366
52,83,565366
52,84,"565366,622027"
52,85,"555714,565366,622027"
52,86,"565366,622027"
52,87,"555714,565366"
52,88,"555714,565366"
52,91,428202
52,93,754685
52,94,"428202,471775,715341"
52,99,"471775,519885,754685"
52,100,471775
52,101,471775
52,102,471775
52,103,471775
52,104,"428202,471775"
52,105,471775
52,106,565366
52,108,"555714,565366"
52,109,565366
52,110,"428202,471775"
52,111,471775
52,112,471775
52,113,"428202,565366,622027,754685"
52,121,610249
52,134,505859
52,151,584447
52,154,584447
52,155,584447
52,157,584447
52,159,584447
52,160,584447
52,161,584447
52,170,584447
52,171,584447
52,179,584447
52,182,584447
52,188,584447
52,189,584447
52,190,584447
52,192,584447
52,227,294115
52,229,294115
52,231,294115
52,233,"294115,545984"
52,236,"294115,545984"
52,238,"294115,545984"
52,239,294115
52,240,"294115,545984"
52,241,294115
52,242,294115
53,74,471775
53,75,471775
53,79,471775
53,81,471775
53,82,"761107,849812"
53,84,"622027,761107,849812"
53,85,"622027,761107"
53,86,"622027,761107"
53,87,"761107,849812"
53,88,761107
53,92,761107
53,93,"619437,754685,761107"
53,94,471775
53,99,"471775,519469,519885,619437,735292,749414,752568,754685,761107,849812"
53,100,"471775,619437"
53,101,"471775,619437"
53,102,471775
53,103,471775
53,104,471775
53,105,471775
53,106,"619437,752568,761107,849812"
53,107,"619437,752568,761107,849812"
53,108,"619437,761107"
53,109,"619437,761107"
53,110,"471775,619437"
53,111,"471775,619437"
53,112,"471775,619437"
53,113,"619437,622027,754685,761107"
53,121,535929
53,129,552972
53,136,552972
53,138,552972
53,139,552972
53,140,552972
53,151,584447
53,154,584447
53,155,584447
53,157,584447
53,159,584447
53,160,584447
53,161,584447
53,170,584447
53,171,584447
53,179,584447
53,182,"363692,584447"
53,188,584447
53,189,584447
53,190,584447
53,192,584447
53,227,294115
53,229,294115
53,231,294115
53,233,294115
53,236,294115
53,238,294115
53,239,294115
53,240,294115
53,241,294115
53,242,294115
54,74,471775
54,75,471775
54,79,471775
54,81,471775
54,84,622027
54,85,622027
54,86,622027
54,93,754685
54,94,471775
54,99,"471775,519885,754685"
54,100,471775
54,101,471775
54,102,471775
54,103,471775
54,104,471775
54,105,471775
54,110,471775
54,111,471775
54,112,471775
54,113,"622027,754685"
54,151,584447
54,154,584447
54,155,584447
54,157,584447
54,159,584447
54,160,584447
54,161,584447
54,170,584447
54,171,584447
54,179,584447
54,182,584447
54,188,584447
54,189,584447
54,190,584447
54,192,584447
54,227,294115
54,229,294115
54,231,294115
54,233,294115
54,236,294115
54,238,294115
54,239,294115
54,240,294115
54,241,294115
54,242,294115
55,73,715341
55,74,"471775,971894"
55,75,"471775,971894"
55,77,715341
55,79,"471775,971894"
55,80,715341
55,81,"471775,971894"
55,83,971894
55,94,"471775,715341,971894"
55,99,"471775,519885"
55,100,"471775,971894"
55,101,471775
55,102,"471775,971894"
55,103,"471775,971894"
55,104,"471775,971894"
55,105,"471775,971894"
55,106,971894
55,108,971894
55,109,971894
55,110,"471775,971894"
55,111,471775
55,112,"471775,971894"
55,113,971894
55,117,519887
55,118,519887
55,233,545984
55,236,545984
55,238,545984
55,240,545984
56,73,715341
56,74,471775
56,75,471775
56,77,715341
56,79,471775
56,80,715341
56,81,471775
56,94,"471775,715341"
56,99,"471775,519885"
56,100,471775
56,101,471775
56,102,471775
56,103,471775
56,104,471775
56,105,471775
56,110,471775
56,111,471775
56,112,471775
56,233,545984
56,236,545984
56,238,545984
56,240,545984
57,73,"400722,715341"
57,74,"468837,971894"
57,75,"400722,468837,971894"
57,77,"400722,715341"
57,79,"400722,971894"
57,80,"400722,715341"
57,81,"400722,971894"
57,83,971894
57,89,911614
57,91,400722
57,93,754685
57,94,"400722,715341,971894"
57,99,754685
57,100,971894
57,102,"911614,971894"
57,103,971894
57,104,"468837,971894"
57,105,971894
57,106,971894
57,108,971894
57,109,971894
57,110,971894
57,112,971894
57,113,"754685,971894"
57,134,505859
57,227,294115
57,229,294115
57,231,294115
57,233,"294115,545984"
57,236,"294115,545984"
57,238,"294115,545984"
57,239,294115
57,240,"294115,545984"
57,241,294115
57,242,294115
58,120,734723
58,124,734723
59,73,715341
59,74,971894
59,75,971894
59,77,715341
59,79,"516496,971894"
59,80,"516496,715341"
59,81,971894
59,83,971894
59,89,156096
59,91,516496
59,94,"715341,971894"
59,100,971894
59,102,971894
59,103,971894
59,104,971894
59,105,971894
59,106,971894
59,108,971894
59,109,971894
59,110,971894
59,112,"516496,971894"
59,113,971894
59,233,545984
59,236,545984
59,238,545984
59,240,545984
60,82,849812
60,84,"622027,849812"
60,85,622027
60,86,622027
60,87,849812
60,93,754685
60,99,"754685,849812"
60,106,849812
60,107,849812
60,113,"622027,754685"
60,151,584447
60,154,584447
60,155,584447
60,157,584447
60,159,584447
60,160,584447
60,161,584447
60,170,584447
60,171,584447
60,179,584447
60,182,584447
60,188,584447
60,189,584447
60,190,584447
60,192,584447
61,82,565366
61,83,565366
61,84,"565366,622027"
61,85,"555714,565366,622027"
61,86,"565366,622027"
61,87,"555714,565366"
61,88,"555714,565366"
61,93,754685
61,99,754685
61,106,565366
61,108,"555714,565366"
61,109,565366
61,113,"565366,622027,754685"
61,121,610249
61,151,584447
61,154,584447
61,155,584447
61,157,584447
61,159,584447
61,160,584447
61,161,584447
61,170,584447
61,171,584447
61,179,584447
61,182,584447
61,188,584447
61,189,584447
61,190,584447
61,192,584447
62,82,"565366,849812"
62,83,565366
62,84,"565366,622027,849812"
62,85,"555714,565366,622027"
62,86,"565366,622027"
62,87,"555714,565366,849812"
62,88,"555714,565366"
62,93,754685
62,99,"754685,849812"
62,106,"565366,849812"
62,107,849812
62,108,"555714,565366"
62,109,565366
62,113,"565366,622027,754685"
62,121,610249
62,151,584447
62,154,584447
62,155,584447
62,157,584447
62,159,584447
62,160,584447
62,161,584447
62,170,584447
62,171,584447
62,179,584447
62,182,584447
62,188,584447
62,189,584447
62,190,584447
62,192,584447
63,82,"761107,849812"
63,84,"622027,761107,849812"
63,85,"622027,761107"
63,86,"622027,761107"
63,87,"761107,849812"
63,88,761107
63,92,761107
63,93,"754685,761107"
63,99,"519885,754685,761107,849812"
63,106,"761107,849812"
63,107,"761107,849812"
63,108,761107
63,109,761107
63,113,"622027,754685,761107"
63,151,584447
63,154,584447
63,155,584447
63,157,584447
63,159,584447
63,160,584447
63,161,584447
63,170,584447
63,171,584447
63,179,584447
63,182,584447
63,188,584447
63,189,584447
63,190,584447
63,192,584447
64,73,428202
64,74,428202
64,75,428202
64,77,428202
64,79,428202
64,80,428202
64,81,428202
64,82,"565366,761107,849812"
64,83,565366
64,84,"565366,622027,761107,849812"
64,85,"555714,565366,622027,761107"
64,86,"565366,622027,761107"
64,87,"555714,565366,761107,849812"
64,88,"555714,565366,761107"
64,91,428202
64,92,761107
64,93,"754685,761107"
64,94,428202
64,99,"519885,754685,761107,849812"
64,104,428202
64,106,"565366,761107,849812"
64,107,"761107,849812"
64,108,"555714,565366,761107"
64,109,"565366,761107"
64,110,428202
64,113,"428202,565366,622027,754685,761107"
64,121,610249
64,151,584447
64,154,584447
64,155,584447
64,157,584447
64,159,584447
64,160,584447
64,161,584447
64,170,584447
64,171,584447
64,179,584447
64,182,584447
64,188,584447
64,189,584447
64,190,584447
64,192,584447
65,73,428202
65,74,428202
65,75,428202
65,77,428202
65,79,428202
65,80,428202
65,81,428202
65,82,565366
65,83,565366
65,84,"565366,622027"
65,85,"555714,565366,622027"
65,86,"565366,622027"
65,87,"555714,565366"
65,88,"555714,565366"
65,91,428202
65,93,754685
65,94,428202
65,99,"519885,754685"
65,104,428202
65,106,565366
65,108,"555714,565366"
65,109,565366
65,110,428202
65,113,"428202,565366,622027,754685"
65,121,610249
65,151,584447
65,154,584447
65,155,584447
65,157,584447
65,159,584447
65,160,584447
65,161,584447
65,170,584447
65,171,584447
65,179,584447
65,182,584447
65,188,584447
65,189,584447
65,190,584447
65,192,584447
66,82,565366
66,83,565366
66,84,"565366,622027"
66,85,"555714,565366,622027"
66,86,"565366,622027"
66,87,"555714,565366"
66,88,"555714,565366"
66,93,754685
66,99,754685
66,106,565366
66,108,"555714,565366"
66,109,565366
66,113,"565366,622027,754685"
66,121,610249
66,151,584447
66,154,584447
66,155,584447
66,157,584447
66,159,584447
66,160,584447
66,161,584447
66,170,584447
66,171,584447
66,179,584447
66,182,584447
66,188,584447
66,189,584447
66,190,584447
66,192,584447
67,74,971894
67,75,971894
67,79,971894
67,81,971894
67,82,565366
67,83,"565366,971894"
67,84,"565366,622027"
67,85,"555714,565366,622027"
67,86,"565366,622027"
67,87,"555714,565366"
67,88,"555714,565366"
67,93,754685
67,94,971894
67,99,754685
67,100,971894
67,102,971894
67,103,971894
67,104,971894
67,105,971894
67,106,"565366,971894"
67,108,"555714,565366,971894"
67,109,"565366,971894"
67,110,971894
67,112,971894
67,113,"565366,622027,754685,971894"
67,121,610249
67,151,584447
67,154,584447
67,155,584447
67,157,584447
67,159,584447
67,160,584447
67,161,584447
67,170,584447
67,171,584447
67,179,584447
67,182,584447
67,188,584447
67,189,584447
67,190,584447
67,192,584447
68,82,"565366,849812"
68,83,565366
68,84,"565366,622027,849812"
68,85,"555714,565366,622027"
68,86,"565366,622027"
68,87,"555714,565366,849812"
68,88,"555714,565366"
68,93,754685
68,99,"754685,849812"
68,106,"565366,849812"
68,107,849812
68,108,"555714,565366"
68,109,565366
68,113,"565366,622027,754685"
68,121,610249
68,151,584447
68,154,584447
68,155,584447
68,157,584447
68,159,584447
68,160,584447
68,161,584447
68,170,584447
68,171,584447
68,179,584447
68,182,584447
68,188,584447
68,189,584447
68,190,584447
68,192,584447
69,73,715341
69,77,715341
69,80,715341
69,94,715341
69,233,545984
69,236,545984
69,238,545984
69,240,545984
70,73,715341
70,74,971894
70,75,971894
70,77,715341
70,79,971894
70,80,715341
70,81,971894
70,83,971894
70,94,"715341,971894"
70,100,971894
70,102,971894
70,103,971894
70,104,971894
70,105,971894
70,106,971894
70,108,971894
70,109,971894
70,110,971894
70,112,971894
70,113,971894
70,233,545984
70,236,545984
70,238,545984
70,240,545984
71,82,849812
71,84,"622027,849812"
71,85,622027
71,86,622027
71,87,849812
71,93,754685
71,99,"754685,849812"
71,106,849812
71,107,849812
71,113,"622027,754685"
71,151,584447
71,154,584447
71,155,584447
71,157,584447
71,159,584447
71,160,584447
71,161,584447
71,170,584447
71,171,584447
71,179,584447
71,182,584447
71,188,584447
71,189,584447
71,190,584447
71,192,584447
72,73,715341
72,77,715341
72,80,715341
72,93,754685
72,94,715341
72,99,754685
72,113,754685
72,134,505859
72,227,294115
72,229,294115
72,231,294115
72,233,"294115,545984"
72,236,"294115,545984"
72,238,"294115,545984"
72,239,294115
72,240,"294115,545984"
72,241,294115
72,242,294115
73,117,428202
73,121,428202
73,128,518902
73,138,518902
73,139,518902
73,150,400722
73,171,400722
73,207,715341
73,233,715341
73,236,715341
73,238,715341
73,240,715341
74,117,"428202,521885"
74,119,993844
74,121,"428202,993844"
74,125,993844
74,126,"471775,971894"
74,129,"471775,971894"
74,135,471775
74,136,471775
74,139,471775
74,140,"471775,971894"
74,141,"468837,471775"
75,117,"428202,521885"
75,119,993844
75,121,"428202,993844"
75,125,993844
75,126,"471775,971894"
75,128,518902
75,129,"471775,971894"
75,135,471775
75,136,471775
75,138,518902
75,139,"471775,518902"
75,140,"471775,971894"
75,141,"468837,471775"
75,150,400722
75,171,400722
76,121,548624
77,117,428202
77,121,428202
77,127,963615
77,128,"518902,963615"
77,134,963615
77,136,963615
77,137,963615
77,138,518902
77,139,"518902,963615"
77,140,963615
77,150,400722
77,171,400722
77,207,715341
77,233,715341
77,236,715341
77,238,715341
77,240,715341
78,133,984430
79,117,428202
79,121,428202
79,126,"471775,971894"
79,128,518902
79,129,"471775,971894"
79,135,471775
79,136,471775
79,138,518902
79,139,"471775,518902"
79,140,"471775,971894"
79,141,471775
79,150,400722
79,171,400722
79,265,516496
79,281,516496
80,117,428202
80,121,428202
80,128,518902
80,138,518902
80,139,518902
80,150,400722
80,171,400722
80,207,715341
80,233,715341
80,236,715341
80,238,715341
80,240,715341
80,265,516496
80,281,516496
81,117,428202
81,121,428202
81,126,"471775,971894"
81,128,518902
81,129,"471775,971894"
81,135,471775
81,136,471775
81,138,518902
81,139,"471775,518902"
81,140,"471775,971894"
81,141,471775
81,150,400722
81,171,400722
82,119,849812
82,121,"761107,849812"
82,125,849812
82,190,565366
83,126,971894
83,129,971894
83,140,971894
83,190,565366
84,119,849812
84,121,"761107,849812"
84,125,849812
84,130,622027
84,190,565366
85,121,761107
85,125,555714
85,130,622027
85,190,565366
86,121,761107
86,130,622027
86,190,565366
87,119,849812
87,121,"761107,849812"
87,125,"555714,849812"
87,190,565366
88,121,761107
88,125,555714
88,190,565366
89,117,521885
89,127,963615
89,128,963615
89,134,963615
89,136,963615
89,137,963615
89,139,"911614,963615"
89,140,963615
89,263,156096
90,114,"241017,263913"
90,121,548624
91,117,428202
91,121,428202
91,128,518902
91,138,518902
91,139,518902
91,150,400722
91,171,400722
91,265,516496
91,281,516496
92,121,"548624,761107"
93,119,754685
93,121,"619437,754685,761107"
93,125,754685
94,117,428202
94,121,428202
94,126,"471775,971894"
94,128,518902
94,129,"471775,971894"
94,135,471775
94,136,471775
94,138,518902
94,139,"471775,518902"
94,140,"471775,971894"
94,141,471775
94,150,400722
94,171,400722
94,207,715341
94,233,715341
94,236,715341
94,238,715341
94,240,715341
96,123,425954
96,124,979705
96,176,123777
96,177,123777
97,230,460228
99,119,"754685,849812,993844"
99,121,"519469,619437,735292,749414,752568,754685,761107,849812,993844,1014685"
99,125,"754685,849812,993844"
99,126,471775
99,127,963615
99,128,963615
99,129,471775
99,130,519885
99,134,963615
99,135,471775
99,136,"471775,963615"
99,137,963615
99,139,"471775,963615"
99,140,"471775,963615"
99,141,"471775,519885"
99,170,719763
99,171,719763
99,190,719763
100,117,521885
100,121,"548624,619437"
100,126,"471775,971894"
100,127,963615
100,128,963615
100,129,"471775,971894"
100,134,963615
100,135,471775
100,136,"471775,963615"
100,137,963615
100,139,"471775,963615"
100,140,"471775,963615,971894"
100,141,471775
101,121,619437
101,126,471775
101,127,963615
101,128,963615
101,129,471775
101,134,963615
101,135,471775
101,136,"471775,963615"
101,137,963615
101,139,"471775,963615"
101,140,"471775,963615"
101,141,471775
102,117,521885
102,121,548624
102,126,"471775,971894"
102,127,963615
102,128,963615
102,129,"471775,971894"
102,134,963615
102,135,471775
102,136,"471775,963615"
102,137,963615
102,139,"471775,911614,963615"
102,140,"471775,963615,971894"
102,141,471775
103,117,521885
103,121,548624
103,126,"471775,971894"
103,127,963615
103,128,963615
103,129,"471775,971894"
103,134,963615
103,135,471775
103,136,"471775,963615"
103,137,963615
103,139,"471775,963615"
103,140,"471775,963615,971894"
103,141,471775
104,117,"428202,521885"
104,119,993844
104,121,"428202,548624,993844"
104,125,993844
104,126,"471775,971894"
104,127,963615
104,128,963615
104,129,"471775,971894"
104,134,963615
104,135,471775
104,136,"471775,963615"
104,137,963615
104,139,"471775,963615"
104,140,"471775,963615,971894"
104,141,"468837,471775"
105,126,"471775,971894"
105,129,"471775,971894"
105,135,471775
105,136,471775
105,139,471775
105,140,"471775,971894"
105,141,471775
106,119,849812
106,121,"619437,752568,761107,849812"
106,125,849812
106,126,971894
106,129,971894
106,140,971894
106,190,565366
107,119,849812
107,121,"619437,752568,761107,849812"
107,125,849812
108,121,"619437,761107"
108,125,555714
108,126,971894
108,129,971894
108,140,971894
108,190,565366
109,121,"619437,761107"
109,126,971894
109,129,971894
109,140,971894
109,190,565366
110,117,428202
110,121,"428202,619437"
110,126,"471775,971894"
110,129,"471775,971894"
110,135,471775
110,136,471775
110,139,471775
110,140,"471775,971894"
110,141,471775
111,121,619437
111,126,471775
111,129,471775
111,133,984430
111,135,471775
111,136,471775
111,139,471775
111,140,471775
111,141,471775
112,121,619437
112,126,"471775,971894"
112,129,"471775,971894"
112,135,471775
112,136,471775
112,139,471775
112,140,"471775,971894"
112,141,471775
112,265,516496
112,281,516496
113,117,428202
113,119,754685
113,121,"428202,619437,754685,761107"
113,125,754685
113,126,971894
113,129,971894
113,130,622027
113,140,971894
113,190,565366
114,127,263990
114,128,263990
114,133,263990
114,138,263913
114,172,241017
115,141,1037646
116,127,263990
116,128,263990
116,133,263990
116,189,540247
117,141,428202
117,180,519887
117,184,519887
117,185,519887
117,187,519887
117,262,521885
118,131,158639
118,180,519887
118,184,519887
118,185,519887
118,187,519887
119,141,1037646
119,153,849812
119,158,849812
119,167,849812
119,168,849812
119,170,993844
119,179,993844
119,182,"849812,993844"
119,183,849812
119,190,754685
119,191,849812
120,145,"988692,998545"
120,173,734723
120,175,734723
121,126,535929
121,131,619437
121,133,"1014685,1036452"
121,136,619437
121,138,619437
121,141,"428202,519469,619437,735292,749414,752568,1007975,1014685,1034094,1036452,1037646"
121,153,849812
121,158,849812
121,167,849812
121,168,"761107,849812"
121,170,993844
121,179,993844
121,182,"849812,993844"
121,183,849812
121,188,"548624,761107"
121,190,"610249,754685"
121,191,849812
123,143,600388
123,144,425954
124,145,"979705,988692,998545"
124,173,"616225,734723"
124,175,734723
125,141,1037646
125,152,555714
125,153,849812
125,158,"555714,849812"
125,167,849812
125,168,"555714,849812"
125,170,993844
125,179,993844
125,182,"555714,849812,993844"
125,183,849812
125,190,"555714,754685"
125,191,849812
125,192,555714
126,148,471775
126,150,416219
126,151,455008
126,153,416219
126,159,"455008,971894"
126,160,455008
126,161,455008
126,165,"416219,471775"
126,166,416219
126,170,"416219,455008,471775"
126,178,416219
126,179,"416219,471775"
126,180,416219
126,181,416219
126,182,"416219,471775,535929"
126,183,416219
126,184,416219
126,185,416219
126,186,416219
126,187,416219
126,190,971894
126,191,416219
127,148,963615
127,149,963615
127,150,963615
127,162,963615
127,163,963615
127,164,963615
127,170,963615
127,178,963615
127,180,963615
127,181,963615
127,204,263990
127,206,263990
127,207,263990
127,219,263990
128,148,963615
128,149,963615
128,150,963615
128,162,963615
128,163,963615
128,164,963615
128,170,963615
128,178,963615
128,180,963615
128,181,963615
128,204,263990
128,206,263990
128,207,263990
128,219,263990
128,233,518902
128,236,518902
128,238,518902
128,240,518902
129,148,471775
129,151,455008
129,159,"455008,971894"
129,160,455008
129,161,455008
129,165,471775
129,170,"455008,471775"
129,179,471775
129,182,471775
129,190,971894
129,196,552972
129,198,552972
129,201,552972
130,182,519885
130,190,519885
130,192,519885
130,260,622027
131,182,619437
131,183,619437
131,191,619437
131,246,158639
133,158,1014685
133,168,1014685
133,182,"1014685,1036452"
133,190,1014685
133,192,1014685
133,196,984430
133,204,263990
133,206,263990
133,207,263990
133,209,984430
133,219,263990
134,148,963615
134,149,963615
134,150,963615
134,154,505859
134,156,505859
134,162,963615
134,163,963615
134,164,963615
134,165,505859
134,170,"505859,963615"
134,171,505859
134,178,"505859,963615"
134,180,"505859,963615"
134,181,"505859,963615"
134,184,505859
134,185,505859
134,186,505859
134,187,505859
134,190,505859
134,191,505859
135,148,471775
135,150,416219
135,153,416219
135,165,"416219,471775"
135,166,416219
135,170,"416219,471775"
135,178,416219
135,179,"416219,471775"
135,180,416219
135,181,416219
135,182,"416219,471775"
135,183,416219
135,184,416219
135,185,416219
135,186,416219
135,187,416219
135,191,416219
135,240,916245
136,148,"471775,963615"
136,149,963615
136,150,963615
136,162,963615
136,163,963615
136,164,963615
136,165,471775
136,170,"471775,963615"
136,178,963615
136,179,471775
136,180,963615
136,181,963615
136,182,"471775,619437"
136,183,619437
136,191,619437
136,196,552972
136,198,552972
136,201,552972
137,148,963615
137,149,963615
137,150,"416219,963615"
137,153,416219
137,162,963615
137,163,963615
137,164,963615
137,165,416219
137,166,416219
137,170,"416219,963615"
137,178,"416219,963615"
137,179,416219
137,180,"416219,963615"
137,181,"416219,963615"
137,182,416219
137,183,416219
137,184,416219
137,185,416219
137,186,416219
137,187,416219
137,191,416219
138,167,263913
138,172,263913
138,182,619437
138,183,619437
138,184,263913
138,191,619437
138,196,552972
138,198,552972
138,201,552972
138,233,518902
138,236,518902
138,238,518902
138,240,518902
139,148,"471775,963615"
139,149,963615
139,150,"416219,963615"
139,153,416219
139,154,911614
139,156,911614
139,162,"911614,963615"
139,163,"911614,963615"
139,164,"911614,963615"
139,165,"416219,471775,911614"
139,166,416219
139,170,"416219,471775,963615"
139,178,"416219,963615"
139,179,"416219,471775"
139,180,"416219,911614,963615"
139,181,"416219,963615"
139,182,"416219,471775"
139,183,416219
139,184,"416219,911614"
139,185,"416219,911614"
139,186,416219
139,187,"416219,911614"
139,191,416219
139,196,552972
139,198,552972
139,201,552972
139,233,518902
139,236,518902
139,238,518902
139,240,518902
140,148,"471775,963615"
140,149,963615
140,150,963615
140,159,971894
140,162,963615
140,163,963615
140,164,963615
140,165,471775
140,170,"471775,963615"
140,178,963615
140,179,471775
140,180,963615
140,181,963615
140,182,471775
140,190,971894
140,196,552972
140,198,552972
140,201,552972
141,148,"468837,471775"
141,151,1037646
141,152,1048011
141,154,468837
141,155,1037646
141,158,"1014685,1048011"
141,165,"468837,471775"
141,168,"1014685,1048011"
141,170,"468837,471775"
141,179,"468837,471775"
141,182,"468837,471775,519885,619437,752568,1007975,1014685,1036452,1037646,1047955,1048011"
141,183,619437
141,188,1037646
141,189,1037646
141,190,"519885,1014685,1047955,1048011"
141,191,619437
141,192,"519885,1014685,1047955,1048011"
141,194,1034094
141,228,519469
141,229,428202
141,274,735292
143,174,"903640,957469"
143,176,903640
143,223,600388
144,174,"110899,425954,464331,903640,957469"
144,176,"425954,903640"
145,173,"998545,1058591"
145,175,"979705,988692,998545,1058591"
147,246,1121384
147,249,1121384
148,193,468837
148,194,468837
148,198,963615
148,200,963615
148,203,963615
148,205,963615
148,207,963615
148,215,963615
148,219,"468837,963615"
148,227,"468837,471775,963615"
148,228,471775
148,229,"468837,471775,963615"
148,231,"468837,471775,963615"
148,233,"468837,471775,963615"
148,236,471775
148,238,471775
148,239,471775
148,240,471775
148,241,471775
148,242,471775
149,198,963615
149,200,963615
149,203,963615
149,205,963615
149,207,963615
149,215,963615
149,219,963615
149,227,963615
149,229,963615
149,231,963615
149,233,963615
150,193,416219
150,194,416219
150,198,"400722,963615"
150,200,963615
150,202,400722
150,203,963615
150,205,963615
150,207,963615
150,215,963615
150,219,963615
150,227,963615
150,229,"416219,963615"
150,231,963615
150,233,963615
150,235,416219
150,238,400722
151,193,584447
151,194,"584447,1037646"
151,201,584447
151,205,584447
151,208,455008
151,209,584447
151,210,584447
151,212,584447
151,215,584447
151,216,584447
151,228,1037646
151,229,584447
151,238,455008
152,228,1048011
152,234,1048011
152,237,1048011
152,245,555714
152,260,555714
153,193,416219
153,194,416219
153,198,849812
153,228,849812
153,229,"416219,849812"
153,235,416219
154,193,"468837,584447,911614"
154,194,"468837,584447"
154,200,505859
154,201,584447
154,203,505859
154,205,"505859,584447"
154,208,911614
154,209,584447
154,210,"584447,911614"
154,212,584447
154,215,"505859,584447"
154,216,584447
154,219,"468837,505859"
154,227,468837
154,229,"468837,584447"
154,231,468837
154,233,"468837,505859"
154,238,911614
155,193,584447
155,194,"584447,1037646"
155,201,584447
155,205,584447
155,209,584447
155,210,584447
155,212,584447
155,215,584447
155,216,584447
155,228,1037646
155,229,584447
156,193,911614
156,200,505859
156,203,505859
156,205,505859
156,208,911614
156,210,911614
156,215,505859
156,219,505859
156,233,505859
156,238,911614
157,193,584447
157,194,584447
157,201,584447
157,205,584447
157,209,584447
157,210,584447
157,212,584447
157,215,584447
157,216,584447
157,229,584447
158,198,849812
158,228,"849812,1048011"
158,229,849812
158,234,"1014685,1048011"
158,237,1048011
158,245,555714
158,260,555714
159,193,584447
159,194,584447
159,201,584447
159,205,584447
159,208,455008
159,209,584447
159,210,"584447,971894"
159,212,584447
159,215,584447
159,216,584447
159,229,584447
159,238,455008
160,193,584447
160,194,584447
160,201,584447
160,205,584447
160,208,455008
160,209,584447
160,210,584447
160,212,584447
160,215,584447
160,216,584447
160,229,584447
160,238,455008
161,193,584447
161,194,584447
161,201,584447
161,205,584447
161,208,455008
161,209,584447
161,210,584447
161,212,584447
161,215,584447
161,216,584447
161,229,584447
161,238,455008
162,193,911614
162,198,963615
162,200,963615
162,203,963615
162,205,963615
162,207,963615
162,208,911614
162,210,911614
162,215,963615
162,219,963615
162,227,963615
162,229,963615
162,231,963615
162,233,963615
162,238,911614
163,193,911614
163,198,963615
163,200,963615
163,203,963615
163,205,963615
163,207,963615
163,208,911614
163,210,911614
163,215,963615
163,219,963615
163,227,963615
163,229,963615
163,231,963615
163,233,963615
163,238,911614
164,193,911614
164,198,963615
164,200,963615
164,203,963615
164,205,963615
164,207,963615
164,208,911614
164,210,911614
164,215,963615
164,219,963615
164,227,963615
164,229,963615
164,231,963615
164,233,963615
164,238,911614
165,193,"416219,468837,911614"
165,194,"416219,468837"
165,200,505859
165,203,505859
165,205,505859
165,208,911614
165,210,911614
165,215,505859
165,219,"468837,505859"
165,227,"468837,471775"
165,228,471775
165,229,"416219,468837,471775"
165,231,"468837,471775"
165,233,"468837,471775,505859"
165,235,416219
165,236,471775
165,238,"471775,911614"
165,239,471775
165,240,471775
165,241,471775
165,242,471775
166,193,416219
166,194,416219
166,229,416219
166,235,416219
167,196,263913
167,197,263913
167,198,849812
167,199,263913
167,202,263913
167,213,263913
167,228,849812
167,229,849812
167,240,263913
168,198,849812
168,228,"849812,1048011"
168,229,849812
168,234,"1014685,1048011"
168,237,1048011
168,245,555714
168,260,555714
168,274,761107
170,193,"416219,468837,584447"
170,194,"416219,468837,584447,993844"
170,197,719763
170,198,963615
170,199,719763
170,200,"505859,963615"
170,201,"584447,719763"
170,203,"505859,963615"
170,205,"505859,584447,963615"
170,207,963615
170,208,455008
170,209,584447
170,210,"584447,993844"
170,212,584447
170,213,719763
170,215,"505859,584447,963615"
170,216,"584447,719763"
170,218,993844
170,219,"468837,505859,963615"
170,227,"468837,471775,719763,963615"
170,228,"471775,719763"
170,229,"416219,468837,471775,584447,719763,963615"
170,231,"468837,471775,719763,963615"
170,232,993844
170,233,"468837,471775,505859,719763,963615"
170,234,993844
170,235,"416219,993844"
170,236,"471775,719763"
170,238,"455008,471775,719763"
170,239,"471775,719763"
170,240,"471775,719763"
170,241,"471775,719763"
170,242,"471775,719763"
171,193,584447
171,194,584447
171,197,719763
171,198,400722
171,199,719763
171,200,505859
171,201,"584447,719763"
171,202,400722
171,203,505859
171,205,"505859,584447"
171,209,584447
171,210,584447
171,212,584447
171,213,719763
171,215,"505859,584447"
171,216,"584447,719763"
171,219,505859
171,227,719763
171,228,719763
171,229,"584447,719763"
171,231,719763
171,233,"505859,719763"
171,236,719763
171,238,"400722,719763"
171,239,719763
171,240,719763
171,241,719763
171,242,719763
172,196,263913
172,197,263913
172,199,263913
172,202,263913
172,213,263913
172,240,263913
172,272,241017
173,221,"734723,1058591"
173,222,"734723,998545,1058591"
173,224,998545
173,225,734723
173,226,734723
173,255,616225
173,256,616225
173,258,616225
174,220,"114666,118478,149963,187833,199984,235297,270220,314647,368080,403445,425954,427096,427250,464331,573259,602580,604098,607784,612824,616689,739860,751640,903640,957469,1095891"
174,259,110899
174,280,588437
175,221,"734723,1058591"
175,222,"734723,979705,998545,1058591"
175,224,998545
175,225,734723
175,226,734723
175,257,988692
175,258,988692
176,220,"425954,903640"
176,223,"123777,1071032"
177,223,123777
178,193,416219
178,194,416219
178,198,963615
178,200,"505859,963615"
178,203,"505859,963615"
178,205,"505859,963615"
178,207,963615
178,215,"505859,963615"
178,219,"505859,963615"
178,227,963615
178,229,"416219,963615"
178,231,963615
178,233,"505859,963615"
178,235,416219
179,193,"416219,468837,584447"
179,194,"416219,468837,584447,993844"
179,201,584447
179,205,584447
179,209,584447
179,210,"584447,993844"
179,212,584447
179,215,584447
179,216,584447
179,218,993844
179,219,468837
179,227,"468837,471775"
179,228,471775
179,229,"416219,468837,471775,584447"
179,231,"468837,471775"
179,232,993844
179,233,"468837,471775"
179,234,993844
179,235,"416219,993844"
179,236,471775
179,238,471775
179,239,471775
179,240,471775
179,241,471775
179,242,471775
180,193,"416219,911614"
180,194,416219
180,198,963615
180,200,"505859,963615"
180,203,"505859,963615"
180,205,"505859,963615"
180,207,963615
180,208,911614
180,210,911614
180,215,"505859,963615"
180,219,"505859,963615"
180,227,963615
180,229,"416219,963615"
180,231,963615
180,233,"505859,519887,963615"
180,235,416219
180,238,911614
181,193,416219
181,194,416219
181,198,963615
181,200,"505859,963615"
181,203,"505859,963615"
181,205,"505859,963615"
181,207,963615
181,215,"505859,963615"
181,219,"505859,963615"
181,227,963615
181,229,"416219,963615"
181,231,963615
181,233,"505859,963615"
181,235,416219
182,193,"416219,468837,584447"
182,194,"416219,468837,584447,993844,1037646"
182,196,519885
182,198,"519885,849812"
182,201,"519885,584447"
182,205,584447
182,208,619437
182,209,584447
182,210,"584447,993844"
182,212,584447
182,215,584447
182,216,"519885,584447"
182,218,"993844,1082751"
182,219,468837
182,227,"363692,468837,471775"
182,228,"471775,519885,619437,752568,849812,1007975,1037646,1047955,1048011,1082751"
182,229,"416219,468837,471775,519885,584447,849812"
182,231,"468837,471775"
182,232,"993844,1082751"
182,233,"468837,471775"
182,234,"519885,993844,1014685,1048011,1082751"
182,235,"416219,993844,1082751"
182,236,471775
182,237,"519885,1048011,1082751"
182,238,471775
182,239,"363692,471775"
182,240,"363692,471775"
182,241,"363692,471775,619437"
182,242,471775
182,245,555714
182,260,"555714,1036452"
182,270,535929
182,272,535929
182,281,535929
183,193,416219
183,194,416219
183,198,849812
183,208,619437
183,228,"619437,849812"
183,229,"416219,849812"
183,235,416219
183,241,619437
184,193,"416219,911614"
184,194,416219
184,196,263913
184,197,263913
184,199,263913
184,200,505859
184,202,263913
184,203,505859
184,205,505859
184,208,911614
184,210,911614
184,213,263913
184,215,505859
184,219,505859
184,229,416219
184,233,"505859,519887"
184,235,416219
184,238,911614
184,240,263913
185,193,"416219,911614"
185,194,416219
185,200,505859
185,203,505859
185,205,505859
185,208,911614
185,210,911614
185,215,505859
185,219,505859
185,229,416219
185,233,"505859,519887"
185,235,416219
185,238,911614
186,193,416219
186,194,416219
186,200,505859
186,203,505859
186,205,505859
186,215,505859
186,219,505859
186,229,416219
186,233,505859
186,235,416219
187,193,"416219,911614"
187,194,416219
187,200,505859
187,203,505859
187,205,505859
187,208,911614
187,210,911614
187,215,505859
187,219,505859
187,229,416219
187,233,"505859,519887"
187,235,416219
187,238,911614
188,193,584447
188,194,"584447,1037646"
188,201,584447
188,205,584447
188,209,584447
188,210,584447
188,212,584447
188,215,584447
188,216,584447
188,228,1037646
188,229,584447
188,272,548624
188,274,761107
189,193,584447
189,194,"584447,1037646"
189,200,540247
189,201,584447
189,205,"540247,584447"
189,207,540247
189,209,584447
189,210,584447
189,212,584447
189,215,584447
189,216,584447
189,228,1037646
189,229,584447
189,240,540247
190,193,584447
190,194,584447
190,196,519885
190,197,719763
190,198,519885
190,199,719763
190,200,505859
190,201,"519885,584447,719763"
190,203,505859
190,205,"505859,584447"
190,209,584447
190,210,"584447,971894"
190,212,584447
190,213,719763
190,215,"505859,584447"
190,216,"519885,584447,719763"
190,219,505859
190,227,719763
190,228,"519885,719763,1047955,1048011"
190,229,"519885,584447,719763"
190,231,719763
190,233,"505859,719763"
190,234,"519885,1014685,1048011"
190,236,719763
190,237,"519885,1048011"
190,238,719763
190,239,719763
190,240,719763
190,241,719763
190,242,719763
190,245,555714
190,260,555714
191,193,416219
191,194,416219
191,198,849812
191,200,505859
191,203,505859
191,205,505859
191,208,619437
191,215,505859
191,219,505859
191,228,"619437,849812"
191,229,"416219,849812"
191,233,505859
191,235,416219
191,241,619437
192,193,584447
192,194,584447
192,196,519885
192,198,519885
192,201,"519885,584447"
192,205,584447
192,209,584447
192,210,584447
192,212,584447
192,215,584447
192,216,"519885,584447"
192,228,"519885,1047955,1048011"
192,229,"519885,584447"
192,234,"519885,1014685,1048011"
192,237,"519885,1048011"
192,245,555714
192,260,555714
193,245,584447
193,260,584447
193,261,468837
193,263,468837
193,264,468837
193,269,468837
193,273,468837
193,282,911614
193,284,911614
193,286,416219
194,245,584447
194,260,"584447,1034094"
194,261,468837
194,263,468837
194,264,468837
194,269,468837
194,273,468837
194,286,416219
196,247,263913
196,249,263913
196,267,519885
196,272,984430
196,274,519885
196,287,552972
197,243,719763
197,247,263913
197,249,263913
198,243,963615
198,249,963615
198,250,963615
198,267,519885
198,274,519885
198,287,552972
198,300,400722
199,243,719763
199,247,263913
199,249,263913
200,243,963615
200,249,963615
200,250,963615
200,261,540247
201,243,719763
201,245,584447
201,260,584447
201,267,519885
201,274,519885
201,287,552972
202,247,263913
202,249,263913
202,300,400722
203,243,963615
203,249,963615
203,250,963615
204,263,263990
204,270,263990
204,272,263990
204,281,263990
205,243,963615
205,245,584447
205,249,963615
205,250,963615
205,260,584447
205,261,540247
206,263,263990
206,270,263990
206,272,263990
206,281,263990
207,243,963615
207,249,963615
207,250,963615
207,261,540247
207,263,263990
207,270,263990
207,272,263990
207,281,"263990,715341"
208,282,911614
208,284,911614
208,298,455008
209,245,584447
209,260,584447
209,272,984430
210,245,584447
210,260,584447
210,270,971894
210,282,911614
210,284,911614
212,245,584447
212,260,584447
213,243,719763
213,247,263913
213,249,263913
215,243,963615
215,245,584447
215,249,963615
215,250,963615
215,260,584447
216,243,719763
216,245,584447
216,260,584447
216,267,519885
216,274,519885
218,260,1082751
219,243,963615
219,249,963615
219,250,963615
219,261,468837
219,263,"263990,468837"
219,264,468837
219,269,468837
219,270,263990
219,272,263990
219,273,468837
219,281,263990
220,259,"108938,114666,118478,127790,133892,149963,187833,199984,235297,244827,270220,275782,292347,314647,368080,403445,425954,427096,427250,438350,464331,483533,523545,602580,604098,607784,612824,616689,739860,751640,903640,915181,957469,999796,1061637,1095891,1163691,1167207,1168767,1171591,1198352"
220,280,"573259,681522,1167617"
221,255,734723
221,256,734723
221,257,734723
221,258,734723
221,291,1058591
222,252,998545
222,255,"734723,998545"
222,256,"734723,998545"
222,257,"734723,979705"
222,258,"734723,979705,998545"
222,291,1058591
223,252,"123777,1071032"
223,255,1071032
224,252,998545
224,255,998545
224,256,998545
224,258,998545
225,255,734723
225,256,734723
225,257,734723
225,258,734723
226,255,734723
226,256,734723
226,257,734723
226,258,734723
227,243,"719763,963615"
227,247,294115
227,249,963615
227,250,"294115,963615"
227,261,468837
227,263,468837
227,264,468837
227,269,468837
227,273,468837
227,287,471775
228,243,719763
228,245,1007975
228,260,"1007975,1047955,1048011,1082751"
228,267,519885
228,274,519885
228,287,471775
229,243,"719763,963615"
229,245,584447
229,247,294115
229,249,963615
229,250,"294115,963615"
229,260,584447
229,261,468837
229,263,468837
229,264,468837
229,267,519885
229,269,468837
229,273,468837
229,274,519885
229,286,416219
229,287,471775
230,253,"460228,552846,1166148,1205586"
231,243,"719763,963615"
231,247,294115
231,249,963615
231,250,"294115,963615"
231,261,468837
231,263,468837
231,264,468837
231,269,468837
231,273,468837
231,287,471775
232,260,1082751
233,243,"545984,719763,963615"
233,247,294115
233,249,963615
233,250,"294115,545984,963615"
233,261,468837
233,263,468837
233,264,468837
233,269,468837
233,273,468837
233,281,715341
233,287,471775
233,300,518902
233,309,518902
234,260,"1014685,1048011,1082751"
234,267,519885
234,274,519885
235,260,1082751
235,286,416219
236,243,"545984,719763"
236,247,294115
236,250,"294115,545984"
236,281,715341
236,287,471775
236,300,518902
236,309,518902
237,260,"1048011,1082751"
237,267,519885
237,274,519885
238,243,"545984,719763"
238,247,294115
238,250,"294115,545984"
238,281,715341
238,282,911614
238,284,911614
238,287,471775
238,298,455008
238,300,"400722,518902"
238,309,518902
239,243,719763
239,247,294115
239,250,294115
239,287,471775
240,243,"545984,719763"
240,247,"263913,294115,916245"
240,249,263913
240,250,"294115,545984"
240,261,540247
240,281,715341
240,287,471775
240,300,518902
240,309,518902
241,243,719763
241,247,294115
241,250,294115
241,287,471775
242,243,719763
242,247,294115
242,250,294115
242,287,471775
243,263,"545984,963615"
243,264,"545984,963615"
243,269,"545984,963615"
243,273,"545984,963615"
243,281,545984
243,283,719763
243,284,719763
245,267,555714
245,274,"555714,1007975"
246,262,1121384
246,299,158639
247,261,1179385
247,265,1179385
247,281,"294115,1179385"
247,286,916245
247,288,263913
249,262,1121384
249,263,963615
249,264,963615
249,269,963615
249,273,963615
249,288,263913
250,261,1179385
250,263,"545984,963615"
250,264,"545984,963615"
250,265,1179385
250,269,"545984,963615"
250,273,"545984,963615"
250,281,"294115,545984,1179385"
252,271,998545
252,277,"123777,1071032"
252,278,123777
252,279,123777
253,276,"156634,460228,552846,1166148,1205586"
255,271,"734723,998545"
255,277,1071032
256,271,"734723,998545"
257,271,"734723,988692"
258,271,"734723,988692,998545"
259,277,"903640,957469"
259,278,"187833,903640,957469"
259,279,"270220,903640,957469,1061637"
259,280,"107030,108938,110899,114666,118478,127790,133892,187833,199984,235297,244827,270220,275782,292347,314647,368080,403445,421137,425954,427096,427250,438350,464331,483533,602580,604098,607784,612824,616689,739860,751640,903640,915181,957469,999796,1061637,1095891,1163691,1167207,1168767,1171591,1198352,1237802"
259,293,523545
259,306,149963
260,267,"555714,1034094"
260,274,"555714,1007975,1014685,1082751"
261,284,1179385
261,286,1179385
261,300,540247
262,282,1121384
263,283,963615
263,286,156096
264,283,963615
265,284,1179385
265,286,1179385
265,298,516496
267,287,1034094
269,283,963615
270,296,971894
271,291,988692
273,283,963615
274,285,1014685
274,287,1014685
276,290,"156634,460228,552846,1166148,1205586"
277,292,"123777,1071032"
277,293,957469
278,292,123777
278,293,"187833,957469"
279,292,123777
279,293,"270220,957469,1061637"
280,293,"107030,108938,110899,114666,118478,127790,133892,187833,199984,235297,244827,270220,292347,314647,368080,403445,421137,425954,427096,427250,438350,464331,483533,588437,602580,612824,616689,681522,739860,751640,915181,957469,999796,1061637,1095891,1163691,1167207,1167617,1168767,1171591,1198352,1237802"
280,306,275782
281,284,1179385
281,286,"294115,1179385"
281,298,"516496,715341"
281,299,715341
281,300,715341
282,296,911614
282,299,911614
283,302,963615
284,296,"911614,1179385"
284,298,1179385
284,299,"911614,1179385"
284,300,1179385
286,296,1179385
286,297,294115
286,298,1179385
286,299,1179385
286,300,"156096,294115,416219,916245,1179385"
286,302,294115
286,307,294115
286,308,294115
290,303,"156634,460228,552846,1205586"
292,304,1071032
293,304,"127790,602580"
293,305,"127790,602580,915181,1061637,1167207"
293,306,"107030,108938,110899,114666,118478,127790,133892,187833,235297,244827,270220,292347,314647,403445,421137,425954,427096,427250,464331,483533,523545,588437,602580,612824,616689,681522,739860,751640,957469,1061637,1095891,1163691,1167207,1167617,1168767,1171591,1198352,1237802"
