source,target,user_id
0,48,187833
0,173,427250
1,26,622027
1,30,622027
1,31,752568
1,32,263990
1,33,622027
1,43,752568
1,52,622027
1,53,"622027,752568"
1,54,622027
1,60,622027
1,61,622027
1,62,622027
1,63,622027
1,64,622027
1,65,622027
1,66,622027
1,67,622027
1,68,622027
1,71,622027
2,13,428202
2,14,428202
2,17,428202
2,18,754685
2,19,428202
2,23,428202
2,24,428202
2,26,"622027,754685"
2,30,"622027,754685"
2,31,"752568,754685"
2,33,"622027,754685"
2,36,428202
2,37,754685
2,41,754685
2,43,"752568,754685"
2,49,754685
2,52,"428202,622027,754685"
2,53,"622027,752568,754685"
2,54,"622027,754685"
2,57,754685
2,60,"622027,754685"
2,61,"622027,754685"
2,62,"622027,754685"
2,63,"622027,754685"
2,64,"428202,622027,754685"
2,65,"428202,622027,754685"
2,66,"622027,754685"
2,67,"622027,754685"
2,68,"622027,754685"
2,71,"622027,754685"
2,72,754685
3,34,610249
3,35,610249
3,37,610249
3,38,610249
3,52,610249
3,61,610249
3,62,610249
3,64,610249
3,65,610249
3,66,610249
3,67,610249
3,68,610249
4,18,754685
4,26,"622027,754685"
4,30,"622027,754685"
4,31,"752568,754685"
4,33,"622027,754685"
4,37,"584447,754685"
4,41,754685
4,43,"752568,754685"
4,49,754685
4,52,"584447,622027,754685"
4,53,"584447,622027,752568,754685"
4,54,"584447,622027,754685"
4,57,754685
4,60,"584447,622027,754685"
4,61,"584447,622027,754685"
4,62,"584447,622027,754685"
4,63,"584447,622027,754685"
4,64,"584447,622027,754685"
4,65,"584447,622027,754685"
4,66,"584447,622027,754685"
4,67,"584447,622027,754685"
4,68,"584447,622027,754685"
4,71,"584447,622027,754685"
4,72,754685
5,13,471775
5,14,471775
5,21,471775
5,22,471775
5,23,471775
5,25,471775
5,26,622027
5,28,471775
5,29,471775
5,30,622027
5,31,"471775,752568"
5,33,622027
5,41,471775
5,42,471775
5,43,"471775,752568"
5,49,471775
5,52,"471775,622027"
5,53,"471775,622027,752568"
5,54,"471775,622027"
5,55,"471775,519887"
5,56,471775
5,60,622027
5,61,622027
5,62,622027
5,63,622027
5,64,622027
5,65,622027
5,66,622027
5,67,622027
5,68,622027
5,71,622027
5,76,548624
5,90,548624
5,92,548624
5,99,548624
5,101,548624
5,102,548624
5,103,548624
6,18,754685
6,26,"622027,754685"
6,30,"622027,754685"
6,31,"752568,754685"
6,33,"622027,754685"
6,34,610249
6,35,610249
6,37,"584447,610249,754685"
6,38,610249
6,41,754685
6,43,"752568,754685"
6,49,754685
6,52,"584447,610249,622027,754685"
6,53,"584447,622027,752568,754685"
6,54,"584447,622027,754685"
6,57,754685
6,60,"584447,622027,754685"
6,61,"584447,610249,622027,754685"
6,62,"584447,610249,622027,754685"
6,63,"584447,622027,754685"
6,64,"584447,610249,622027,754685"
6,65,"584447,610249,622027,754685"
6,66,"584447,610249,622027,754685"
6,67,"584447,610249,622027,754685"
6,68,"584447,610249,622027,754685"
6,71,"584447,622027,754685"
6,72,754685
7,13,428202
7,14,428202
7,17,428202
7,19,428202
7,23,428202
7,24,428202
7,26,"555714,565366"
7,30,"555714,565366"
7,31,752568
7,33,555714
7,36,428202
7,37,584447
7,43,752568
7,52,"428202,555714,565366,584447"
7,53,"584447,752568"
7,54,584447
7,60,584447
7,61,"555714,565366,584447"
7,62,"555714,565366,584447"
7,63,584447
7,64,"428202,555714,565366,584447"
7,65,"428202,555714,565366,584447"
7,66,"555714,565366,584447"
7,67,"555714,565366,584447"
7,68,"555714,565366,584447"
7,71,584447
7,76,548624
7,90,548624
7,92,548624
7,99,548624
7,101,548624
7,102,548624
7,103,548624
8,13,428202
8,14,428202
8,17,428202
8,19,428202
8,23,428202
8,24,428202
8,26,"555714,565366"
8,30,"555714,565366"
8,31,752568
8,33,555714
8,36,428202
8,37,584447
8,43,752568
8,52,"428202,555714,565366,584447"
8,53,"363692,584447,752568"
8,54,584447
8,60,584447
8,61,"555714,565366,584447"
8,62,"555714,565366,584447"
8,63,584447
8,64,"428202,555714,565366,584447"
8,65,"428202,555714,565366,584447"
8,66,"555714,565366,584447"
8,67,"555714,565366,584447"
8,68,"555714,565366,584447"
8,71,584447
8,76,548624
8,90,548624
8,92,548624
8,99,548624
8,101,548624
8,102,548624
8,103,548624
9,13,"428202,471775,521885"
9,14,"428202,471775"
9,17,428202
9,18,754685
9,19,428202
9,21,471775
9,22,471775
9,23,"428202,471775"
9,24,428202
9,25,471775
9,26,"555714,565366,622027,754685"
9,28,471775
9,29,471775
9,30,"555714,565366,622027,754685"
9,31,"471775,752568,754685"
9,33,"555714,622027,754685"
9,36,428202
9,37,"584447,754685"
9,41,"471775,754685"
9,42,471775
9,43,"471775,752568,754685"
9,49,"471775,754685"
9,52,"428202,471775,555714,565366,584447,622027,754685"
9,53,"471775,519469,584447,622027,752568,754685"
9,54,"471775,584447,622027,754685"
9,55,"471775,519887"
9,56,471775
9,57,754685
9,60,"584447,622027,754685"
9,61,"555714,565366,584447,622027,754685"
9,62,"555714,565366,584447,622027,754685"
9,63,"584447,622027,754685"
9,64,"428202,555714,565366,584447,622027,754685"
9,65,"428202,555714,565366,584447,622027,754685"
9,66,"555714,565366,584447,622027,754685"
9,67,"555714,565366,584447,622027,754685"
9,68,"555714,565366,584447,622027,754685"
9,71,"584447,622027,754685"
9,72,754685
9,76,548624
9,90,548624
9,92,548624
9,99,548624
9,101,548624
9,102,548624
9,103,548624
10,13,428202
10,14,428202
10,17,428202
10,19,428202
10,23,428202
10,24,428202
10,26,"555714,565366,761107"
10,30,"555714,565366"
10,31,752568
10,33,"555714,849812"
10,36,428202
10,37,"584447,849812"
10,43,752568
10,52,"428202,555714,565366,584447"
10,53,"535929,584447,735292,752568,761107,849812"
10,54,584447
10,60,"584447,849812"
10,61,"555714,565366,584447"
10,62,"555714,565366,584447,849812"
10,63,"584447,761107,849812"
10,64,"428202,555714,565366,584447,761107,849812"
10,65,"428202,555714,565366,584447"
10,66,"555714,565366,584447"
10,67,"555714,565366,584447"
10,68,"555714,565366,584447,849812"
10,71,"584447,849812"
10,76,548624
10,90,548624
10,92,548624
10,99,548624
10,101,548624
10,102,548624
10,103,548624
11,13,471775
11,14,471775
11,21,471775
11,22,471775
11,23,471775
11,25,471775
11,26,622027
11,28,471775
11,29,471775
11,30,622027
11,31,"471775,752568"
11,33,622027
11,41,471775
11,42,471775
11,43,"471775,752568"
11,49,471775
11,52,"471775,622027"
11,53,"471775,622027,752568"
11,54,"471775,622027"
11,55,"471775,519887"
11,56,471775
11,60,622027
11,61,622027
11,62,622027
11,63,622027
11,64,622027
11,65,622027
11,66,622027
11,67,622027
11,68,622027
11,71,622027
11,76,548624
11,90,548624
11,92,548624
11,99,548624
11,101,548624
11,102,548624
11,103,548624
12,73,"400722,715341"
12,75,400722
12,77,"400722,715341"
12,79,400722
12,80,"400722,715341"
12,81,400722
12,89,911614
12,91,400722
12,94,"400722,715341"
12,101,911614
12,226,294115
12,228,294115
12,230,294115
12,232,294115
12,235,294115
12,237,294115
12,238,294115
12,239,294115
12,240,294115
12,241,294115
13,73,428202
13,74,"428202,471775,521885,971894"
13,75,"428202,471775,521885,971894"
13,77,428202
13,79,"428202,471775,971894"
13,80,428202
13,81,"428202,471775,971894"
13,83,971894
13,89,521885
13,91,428202
13,93,971894
13,94,"428202,471775,971894"
13,98,471775
13,99,"471775,521885,971894"
13,100,471775
13,101,"471775,521885,971894"
13,102,"471775,521885,971894"
13,103,"428202,471775,521885,971894"
13,105,"471775,971894"
13,107,971894
13,108,971894
13,109,"428202,471775,971894"
13,110,471775
13,111,"471775,971894"
13,112,"428202,971894"
13,125,455008
13,128,455008
13,226,294115
13,228,294115
13,230,294115
13,232,294115
13,235,294115
13,237,294115
13,238,294115
13,239,294115
13,240,294115
13,241,294115
14,73,428202
14,74,"428202,471775"
14,75,"428202,471775"
14,77,428202
14,79,"428202,471775"
14,80,428202
14,81,"428202,471775"
14,91,428202
14,94,"428202,471775"
14,98,471775
14,99,471775
14,100,471775
14,101,471775
14,102,471775
14,103,"428202,471775"
14,105,471775
14,109,"428202,471775"
14,110,471775
14,111,471775
14,112,428202
14,128,552972
14,135,552972
14,137,552972
14,138,552972
14,139,552972
14,226,294115
14,228,294115
14,230,294115
14,232,294115
14,235,294115
14,237,294115
14,238,294115
14,239,294115
14,240,294115
14,241,294115
15,89,911614
15,101,911614
15,128,552972
15,135,552972
15,137,552972
15,138,552972
15,139,552972
16,73,"400722,715341"
16,75,400722
16,77,"400722,715341"
16,79,400722
16,80,"400722,715341"
16,81,400722
16,89,911614
16,91,400722
16,94,"400722,715341"
16,101,911614
16,226,294115
16,228,294115
16,230,294115
16,232,294115
16,235,294115
16,237,294115
16,238,294115
16,239,294115
16,240,294115
16,241,294115
17,73,"428202,715341"
17,74,428202
17,75,428202
17,77,"428202,715341"
17,79,428202
17,80,"428202,715341"
17,81,428202
17,91,428202
17,94,"428202,715341"
17,98,519885
17,103,428202
17,109,428202
17,112,428202
17,226,294115
17,228,294115
17,230,294115
17,232,294115
17,235,294115
17,237,294115
17,238,294115
17,239,294115
17,240,294115
17,241,294115
18,98,754685
18,104,754685
18,112,754685
19,73,"428202,715341"
19,74,428202
19,75,428202
19,77,"428202,715341"
19,79,428202
19,80,"428202,715341"
19,81,428202
19,91,428202
19,94,"428202,715341"
19,98,519885
19,103,428202
19,109,428202
19,112,428202
19,128,552972
19,135,552972
19,137,552972
19,138,552972
19,139,552972
19,226,294115
19,228,294115
19,230,294115
19,232,294115
19,235,294115
19,237,294115
19,238,294115
19,239,294115
19,240,294115
19,241,294115
20,79,516496
20,80,516496
20,89,911614
20,91,516496
20,101,911614
20,111,516496
21,74,471775
21,75,471775
21,79,"471775,516496"
21,80,516496
21,81,471775
21,91,516496
21,94,471775
21,98,471775
21,99,471775
21,100,471775
21,101,471775
21,102,471775
21,103,471775
21,105,471775
21,109,471775
21,110,471775
21,111,"471775,516496"
22,74,471775
22,75,471775
22,79,471775
22,81,471775
22,94,471775
22,98,471775
22,99,471775
22,100,471775
22,101,471775
22,102,471775
22,103,471775
22,105,471775
22,109,471775
22,110,471775
22,111,471775
22,128,552972
22,135,552972
22,137,552972
22,138,552972
22,139,552972
23,73,428202
23,74,"428202,471775"
23,75,"428202,471775"
23,77,428202
23,79,"428202,471775"
23,80,428202
23,81,"428202,471775"
23,91,428202
23,94,"428202,471775"
23,98,471775
23,99,471775
23,100,471775
23,101,471775
23,102,471775
23,103,"428202,471775"
23,105,471775
23,109,"428202,471775"
23,110,471775
23,111,471775
23,112,428202
23,226,294115
23,228,294115
23,230,294115
23,232,294115
23,235,294115
23,237,294115
23,238,294115
23,239,294115
23,240,294115
23,241,294115
24,73,"400722,428202,715341"
24,74,428202
24,75,"400722,428202"
24,77,"400722,428202,715341"
24,79,"400722,428202"
24,80,"400722,428202,715341"
24,81,"400722,428202"
24,89,911614
24,91,"400722,428202"
24,94,"400722,428202,715341"
24,98,519885
24,101,911614
24,103,428202
24,109,428202
24,112,428202
24,226,294115
24,228,294115
24,230,294115
24,232,294115
24,235,294115
24,237,294115
24,238,294115
24,239,294115
24,240,294115
24,241,294115
25,74,"471775,971894"
25,75,"471775,971894"
25,79,"471775,516496,971894"
25,80,516496
25,81,"471775,971894"
25,83,971894
25,91,516496
25,93,971894
25,94,"471775,971894"
25,98,471775
25,99,"471775,971894"
25,100,471775
25,101,"471775,971894"
25,102,"471775,971894"
25,103,"471775,971894"
25,105,"471775,971894"
25,107,971894
25,108,971894
25,109,"471775,971894"
25,110,471775
25,111,"471775,516496,971894"
25,112,971894
25,117,158639
26,82,"565366,761107"
26,83,565366
26,84,"565366,622027,761107"
26,85,"555714,565366,622027,761107"
26,86,"565366,622027,761107"
26,87,"555714,565366,761107"
26,88,"555714,565366,761107"
26,92,761107
26,93,"565366,761107"
26,98,"754685,761107"
26,104,"754685,761107"
26,106,761107
26,107,"555714,565366,761107"
26,108,"565366,761107"
26,112,"565366,622027,754685,761107"
27,74,971894
27,75,971894
27,79,971894
27,81,971894
27,83,971894
27,93,971894
27,94,971894
27,99,971894
27,101,971894
27,102,971894
27,103,971894
27,105,971894
27,107,971894
27,108,971894
27,109,971894
27,111,971894
27,112,971894
27,226,294115
27,228,294115
27,230,294115
27,232,294115
27,235,294115
27,237,294115
27,238,294115
27,239,294115
27,240,294115
27,241,294115
28,74,471775
28,75,471775
28,79,"471775,516496"
28,80,516496
28,81,471775
28,91,516496
28,94,471775
28,98,471775
28,99,471775
28,100,471775
28,101,471775
28,102,471775
28,103,471775
28,105,471775
28,109,471775
28,110,471775
28,111,"471775,516496"
28,125,455008
28,128,"455008,552972"
28,135,552972
28,137,552972
28,138,552972
28,139,552972
29,74,471775
29,75,471775
29,79,471775
29,81,471775
29,94,471775
29,98,471775
29,99,471775
29,100,471775
29,101,471775
29,102,471775
29,103,471775
29,105,471775
29,109,471775
29,110,471775
29,111,471775
29,125,455008
29,128,455008
30,82,565366
30,83,565366
30,84,"565366,622027"
30,85,"555714,565366,622027"
30,86,"565366,622027"
30,87,"555714,565366"
30,88,"555714,565366"
30,93,565366
30,98,754685
30,104,754685
30,107,"555714,565366"
30,108,565366
30,112,"565366,622027,754685"
31,74,471775
31,75,471775
31,79,471775
31,81,471775
31,93,752568
31,94,471775
31,98,"471775,519885,752568,754685"
31,99,471775
31,100,471775
31,101,471775
31,102,471775
31,103,471775
31,104,754685
31,105,471775
31,106,752568
31,109,471775
31,110,471775
31,111,471775
31,112,754685
32,113,263990
32,115,263990
33,82,849812
33,84,"622027,849812"
33,85,"555714,622027"
33,86,622027
33,87,"555714,849812"
33,88,555714
33,93,849812
33,98,"754685,849812"
33,104,754685
33,106,849812
33,107,555714
33,112,"622027,754685"
34,120,610249
35,120,610249
36,73,428202
36,74,"428202,468837"
36,75,"428202,468837"
36,77,428202
36,79,428202
36,80,428202
36,81,428202
36,89,911614
36,91,428202
36,94,428202
36,101,911614
36,103,"428202,468837"
36,109,428202
36,112,428202
36,125,455008
36,128,455008
36,133,505859
37,82,849812
37,84,849812
37,87,849812
37,93,849812
37,98,"754685,849812"
37,104,754685
37,106,849812
37,112,754685
37,120,610249
37,150,584447
37,153,584447
37,154,584447
37,156,584447
37,158,584447
37,159,584447
37,160,584447
37,169,584447
37,170,584447
37,178,584447
37,181,584447
37,187,584447
37,188,584447
37,189,584447
37,191,584447
38,120,610249
39,79,516496
39,80,516496
39,89,911614
39,91,516496
39,101,911614
39,111,516496
40,74,971894
40,75,971894
40,79,"516496,971894"
40,80,516496
40,81,971894
40,83,971894
40,91,516496
40,93,971894
40,94,971894
40,99,971894
40,101,971894
40,102,971894
40,103,971894
40,105,971894
40,107,971894
40,108,971894
40,109,971894
40,111,"516496,971894"
40,112,971894
40,226,294115
40,228,294115
40,230,294115
40,232,294115
40,235,294115
40,237,294115
40,238,294115
40,239,294115
40,240,294115
40,241,294115
41,74,471775
41,75,471775
41,79,471775
41,81,471775
41,94,471775
41,98,"471775,519885,754685"
41,99,471775
41,100,471775
41,101,471775
41,102,471775
41,103,471775
41,104,754685
41,105,471775
41,109,471775
41,110,471775
41,111,471775
41,112,754685
42,74,471775
42,75,471775
42,79,471775
42,81,471775
42,89,911614
42,94,471775
42,98,471775
42,99,471775
42,100,471775
42,101,"471775,911614"
42,102,471775
42,103,471775
42,105,471775
42,109,471775
42,110,471775
42,111,471775
42,125,455008
42,128,455008
43,74,471775
43,75,471775
43,79,471775
43,81,471775
43,93,752568
43,94,471775
43,98,"471775,519885,752568,754685"
43,99,471775
43,100,471775
43,101,471775
43,102,471775
43,103,471775
43,104,754685
43,105,471775
43,106,752568
43,109,471775
43,110,471775
43,111,471775
43,112,754685
44,143,"110899,464331"
44,173,"270220,314647,427096,573259,602580,616689,739860,751640"
44,219,"244827,681522"
44,256,421137
45,119,"616225,734723"
45,123,734723
47,173,314647
47,219,681522
48,122,600388
48,173,187833
49,74,"471775,971894"
49,75,"471775,971894"
49,79,"471775,971894"
49,81,"471775,971894"
49,83,971894
49,93,971894
49,94,"471775,971894"
49,98,"471775,519885,719763,754685"
49,99,"471775,971894"
49,100,471775
49,101,"471775,971894"
49,102,"471775,971894"
49,103,"471775,971894"
49,104,754685
49,105,"471775,971894"
49,107,971894
49,108,971894
49,109,"471775,971894"
49,110,471775
49,111,"471775,971894"
49,112,"754685,971894"
50,119,"616225,734723"
50,123,734723
51,119,"616225,734723"
51,123,734723
51,173,118478
52,73,"428202,715341"
52,74,"428202,471775"
52,75,"428202,471775"
52,77,"428202,715341"
52,79,"428202,471775"
52,80,"428202,715341"
52,81,"428202,471775"
52,82,565366
52,83,565366
52,84,"565366,622027"
52,85,"555714,565366,622027"
52,86,"565366,622027"
52,87,"555714,565366"
52,88,"555714,565366"
52,91,428202
52,93,565366
52,94,"428202,471775,715341"
52,98,"471775,519885,754685"
52,99,471775
52,100,471775
52,101,471775
52,102,471775
52,103,"428202,471775"
52,104,754685
52,105,471775
52,107,"555714,565366"
52,108,565366
52,109,"428202,471775"
52,110,471775
52,111,471775
52,112,"428202,565366,622027,754685"
52,120,610249
52,133,505859
52,150,584447
52,153,584447
52,154,584447
52,156,584447
52,158,584447
52,159,584447
52,160,584447
52,169,584447
52,170,584447
52,178,584447
52,181,584447
52,187,584447
52,188,584447
52,189,584447
52,191,584447
52,226,294115
52,228,294115
52,230,294115
52,232,"294115,545984"
52,235,"294115,545984"
52,237,"294115,545984"
52,238,294115
52,239,"294115,545984"
52,240,294115
52,241,294115
53,74,471775
53,75,471775
53,79,471775
53,81,471775
53,82,"761107,849812"
53,84,"622027,761107,849812"
53,85,"622027,761107"
53,86,"622027,761107"
53,87,"761107,849812"
53,88,761107
53,92,761107
53,93,"619437,752568,761107,849812"
53,94,471775
53,98,"471775,519469,519885,619437,735292,749414,752568,754685,761107,849812"
53,99,"471775,619437"
53,100,"471775,619437"
53,101,471775
53,102,471775
53,103,471775
53,104,"619437,754685,761107"
53,105,471775
53,106,"619437,752568,761107,849812"
53,107,"619437,761107"
53,108,"619437,761107"
53,109,"471775,619437"
53,110,"471775,619437"
53,111,"471775,619437"
53,112,"619437,622027,754685,761107"
53,120,535929
53,128,552972
53,135,552972
53,137,552972
53,138,552972
53,139,552972
53,150,584447
53,153,584447
53,154,584447
53,156,584447
53,158,584447
53,159,584447
53,160,584447
53,169,584447
53,170,584447
53,178,584447
53,181,"363692,584447"
53,187,584447
53,188,584447
53,189,584447
53,191,584447
53,226,294115
53,228,294115
53,230,294115
53,232,294115
53,235,294115
53,237,294115
53,238,294115
53,239,294115
53,240,294115
53,241,294115
54,74,471775
54,75,471775
54,79,471775
54,81,471775
54,84,622027
54,85,622027
54,86,622027
54,94,471775
54,98,"471775,519885,754685"
54,99,471775
54,100,471775
54,101,471775
54,102,471775
54,103,471775
54,104,754685
54,105,471775
54,109,471775
54,110,471775
54,111,471775
54,112,"622027,754685"
54,150,584447
54,153,584447
54,154,584447
54,156,584447
54,158,584447
54,159,584447
54,160,584447
54,169,584447
54,170,584447
54,178,584447
54,181,584447
54,187,584447
54,188,584447
54,189,584447
54,191,584447
54,226,294115
54,228,294115
54,230,294115
54,232,294115
54,235,294115
54,237,294115
54,238,294115
54,239,294115
54,240,294115
54,241,294115
55,73,715341
55,74,"471775,971894"
55,75,"471775,971894"
55,77,715341
55,79,"471775,971894"
55,80,715341
55,81,"471775,971894"
55,83,971894
55,93,971894
55,94,"471775,715341,971894"
55,98,"471775,519885"
55,99,"471775,971894"
55,100,471775
55,101,"471775,971894"
55,102,"471775,971894"
55,103,"471775,971894"
55,105,"471775,971894"
55,107,971894
55,108,971894
55,109,"471775,971894"
55,110,471775
55,111,"471775,971894"
55,112,971894
55,116,519887
55,117,519887
55,232,545984
55,235,545984
55,237,545984
55,239,545984
56,73,715341
56,74,471775
56,75,471775
56,77,715341
56,79,471775
56,80,715341
56,81,471775
56,94,"471775,715341"
56,98,"471775,519885"
56,99,471775
56,100,471775
56,101,471775
56,102,471775
56,103,471775
56,105,471775
56,109,471775
56,110,471775
56,111,471775
56,232,545984
56,235,545984
56,237,545984
56,239,545984
57,73,"400722,715341"
57,74,"468837,971894"
57,75,"400722,468837,971894"
57,77,"400722,715341"
57,79,"400722,971894"
57,80,"400722,715341"
57,81,"400722,971894"
57,83,971894
57,89,911614
57,91,400722
57,93,971894
57,94,"400722,715341,971894"
57,98,754685
57,99,971894
57,101,"911614,971894"
57,102,971894
57,103,"468837,971894"
57,104,754685
57,105,971894
57,107,971894
57,108,971894
57,109,971894
57,111,971894
57,112,"754685,971894"
57,133,505859
57,226,294115
57,228,294115
57,230,294115
57,232,"294115,545984"
57,235,"294115,545984"
57,237,"294115,545984"
57,238,294115
57,239,"294115,545984"
57,240,294115
57,241,294115
58,119,734723
58,123,734723
59,73,715341
59,74,971894
59,75,971894
59,77,715341
59,79,"516496,971894"
59,80,"516496,715341"
59,81,971894
59,83,971894
59,89,156096
59,91,516496
59,93,971894
59,94,"715341,971894"
59,99,971894
59,101,971894
59,102,971894
59,103,971894
59,105,971894
59,107,971894
59,108,971894
59,109,971894
59,111,"516496,971894"
59,112,971894
59,232,545984
59,235,545984
59,237,545984
59,239,545984
60,82,849812
60,84,"622027,849812"
60,85,622027
60,86,622027
60,87,849812
60,93,849812
60,98,"754685,849812"
60,104,754685
60,106,849812
60,112,"622027,754685"
60,150,584447
60,153,584447
60,154,584447
60,156,584447
60,158,584447
60,159,584447
60,160,584447
60,169,584447
60,170,584447
60,178,584447
60,181,584447
60,187,584447
60,188,584447
60,189,584447
60,191,584447
61,82,565366
61,83,565366
61,84,"565366,622027"
61,85,"555714,565366,622027"
61,86,"565366,622027"
61,87,"555714,565366"
61,88,"555714,565366"
61,93,565366
61,98,754685
61,104,754685
61,107,"555714,565366"
61,108,565366
61,112,"565366,622027,754685"
61,120,610249
61,150,584447
61,153,584447
61,154,584447
61,156,584447
61,158,584447
61,159,584447
61,160,584447
61,169,584447
61,170,584447
61,178,584447
61,181,584447
61,187,584447
61,188,584447
61,189,584447
61,191,584447
62,82,"565366,849812"
62,83,565366
62,84,"565366,622027,849812"
62,85,"555714,565366,622027"
62,86,"565366,622027"
62,87,"555714,565366,849812"
62,88,"555714,565366"
62,93,"565366,849812"
62,98,"754685,849812"
62,104,754685
62,106,849812
62,107,"555714,565366"
62,108,565366
62,112,"565366,622027,754685"
62,120,610249
62,150,584447
62,153,584447
62,154,584447
62,156,584447
62,158,584447
62,159,584447
62,160,584447
62,169,584447
62,170,584447
62,178,584447
62,181,584447
62,187,584447
62,188,584447
62,189,584447
62,191,584447
63,82,"761107,849812"
63,84,"622027,761107,849812"
63,85,"622027,761107"
63,86,"622027,761107"
63,87,"761107,849812"
63,88,761107
63,92,761107
63,93,"761107,849812"
63,98,"519885,754685,761107,849812"
63,104,"754685,761107"
63,106,"761107,849812"
63,107,761107
63,108,761107
63,112,"622027,754685,761107"
63,150,584447
63,153,584447
63,154,584447
63,156,584447
63,158,584447
63,159,584447
63,160,584447
63,169,584447
63,170,584447
63,178,584447
63,181,584447
63,187,584447
63,188,584447
63,189,584447
63,191,584447
64,73,428202
64,74,428202
64,75,428202
64,77,428202
64,79,428202
64,80,428202
64,81,428202
64,82,"565366,761107,849812"
64,83,565366
64,84,"565366,622027,761107,849812"
64,85,"555714,565366,622027,761107"
64,86,"565366,622027,761107"
64,87,"555714,565366,761107,849812"
64,88,"555714,565366,761107"
64,91,428202
64,92,761107
64,93,"565366,761107,849812"
64,94,428202
64,98,"519885,754685,761107,849812"
64,103,428202
64,104,"754685,761107"
64,106,"761107,849812"
64,107,"555714,565366,761107"
64,108,"565366,761107"
64,109,428202
64,112,"428202,565366,622027,754685,761107"
64,120,610249
64,150,584447
64,153,584447
64,154,584447
64,156,584447
64,158,584447
64,159,584447
64,160,584447
64,169,584447
64,170,584447
64,178,584447
64,181,584447
64,187,584447
64,188,584447
64,189,584447
64,191,584447
65,73,428202
65,74,428202
65,75,428202
65,77,428202
65,79,428202
65,80,428202
65,81,428202
65,82,565366
65,83,565366
65,84,"565366,622027"
65,85,"555714,565366,622027"
65,86,"565366,622027"
65,87,"555714,565366"
65,88,"555714,565366"
65,91,428202
65,93,565366
65,94,428202
65,98,"519885,754685"
65,103,428202
65,104,754685
65,107,"555714,565366"
65,108,565366
65,109,428202
65,112,"428202,565366,622027,754685"
65,120,610249
65,150,584447
65,153,584447
65,154,584447
65,156,584447
65,158,584447
65,159,584447
65,160,584447
65,169,584447
65,170,584447
65,178,584447
65,181,584447
65,187,584447
65,188,584447
65,189,584447
65,191,584447
66,82,565366
66,83,565366
66,84,"565366,622027"
66,85,"555714,565366,622027"
66,86,"565366,622027"
66,87,"555714,565366"
66,88,"555714,565366"
66,93,565366
66,98,754685
66,104,754685
66,107,"555714,565366"
66,108,565366
66,112,"565366,622027,754685"
66,120,610249
66,150,584447
66,153,584447
66,154,584447
66,156,584447
66,158,584447
66,159,584447
66,160,584447
66,169,584447
66,170,584447
66,178,584447
66,181,584447
66,187,584447
66,188,584447
66,189,584447
66,191,584447
67,74,971894
67,75,971894
67,79,971894
67,81,971894
67,82,565366
67,83,"565366,971894"
67,84,"565366,622027"
67,85,"555714,565366,622027"
67,86,"565366,622027"
67,87,"555714,565366"
67,88,"555714,565366"
67,93,"565366,971894"
67,94,971894
67,98,754685
67,99,971894
67,101,971894
67,102,971894
67,103,971894
67,104,754685
67,105,971894
67,107,"555714,565366,971894"
67,108,"565366,971894"
67,109,971894
67,111,971894
67,112,"565366,622027,754685,971894"
67,120,610249
67,150,584447
67,153,584447
67,154,584447
67,156,584447
67,158,584447
67,159,584447
67,160,584447
67,169,584447
67,170,584447
67,178,584447
67,181,584447
67,187,584447
67,188,584447
67,189,584447
67,191,584447
68,82,"565366,849812"
68,83,565366
68,84,"565366,622027,849812"
68,85,"555714,565366,622027"
68,86,"565366,622027"
68,87,"555714,565366,849812"
68,88,"555714,565366"
68,93,"565366,849812"
68,98,"754685,849812"
68,104,754685
68,106,849812
68,107,"555714,565366"
68,108,565366
68,112,"565366,622027,754685"
68,120,610249
68,150,584447
68,153,584447
68,154,584447
68,156,584447
68,158,584447
68,159,584447
68,160,584447
68,169,584447
68,170,584447
68,178,584447
68,181,584447
68,187,584447
68,188,584447
68,189,584447
68,191,584447
69,73,715341
69,77,715341
69,80,715341
69,94,715341
69,232,545984
69,235,545984
69,237,545984
69,239,545984
70,73,715341
70,74,971894
70,75,971894
70,77,715341
70,79,971894
70,80,715341
70,81,971894
70,83,971894
70,93,971894
70,94,"715341,971894"
70,99,971894
70,101,971894
70,102,971894
70,103,971894
70,105,971894
70,107,971894
70,108,971894
70,109,971894
70,111,971894
70,112,971894
70,232,545984
70,235,545984
70,237,545984
70,239,545984
71,82,849812
71,84,"622027,849812"
71,85,622027
71,86,622027
71,87,849812
71,93,849812
71,98,"754685,849812"
71,104,754685
71,106,849812
71,112,"622027,754685"
71,150,584447
71,153,584447
71,154,584447
71,156,584447
71,158,584447
71,159,584447
71,160,584447
71,169,584447
71,170,584447
71,178,584447
71,181,584447
71,187,584447
71,188,584447
71,189,584447
71,191,584447
72,73,715341
72,77,715341
72,80,715341
72,94,715341
72,98,754685
72,104,754685
72,112,754685
72,133,505859
72,226,294115
72,228,294115
72,230,294115
72,232,"294115,545984"
72,235,"294115,545984"
72,237,"294115,545984"
72,238,294115
72,239,"294115,545984"
72,240,294115
72,241,294115
73,116,428202
73,120,428202
73,127,518902
73,137,518902
73,138,518902
73,149,400722
73,170,400722
73,206,715341
73,232,715341
73,235,715341
73,237,715341
73,239,715341
74,116,"428202,521885"
74,118,993844
74,120,"428202,993844"
74,124,993844
74,125,"471775,971894"
74,128,"471775,971894"
74,134,471775
74,135,"471775,971894"
74,138,471775
74,139,471775
74,140,"468837,471775"
75,116,"428202,521885"
75,118,993844
75,120,"428202,993844"
75,124,993844
75,125,"471775,971894"
75,127,518902
75,128,"471775,971894"
75,134,471775
75,135,"471775,971894"
75,137,518902
75,138,"471775,518902"
75,139,471775
75,140,"468837,471775"
75,149,400722
75,170,400722
76,120,548624
77,116,428202
77,120,428202
77,126,963615
77,127,"518902,963615"
77,133,963615
77,135,963615
77,136,963615
77,137,518902
77,138,"518902,963615"
77,139,963615
77,149,400722
77,170,400722
77,206,715341
77,232,715341
77,235,715341
77,237,715341
77,239,715341
78,131,984430
79,116,428202
79,120,428202
79,125,"471775,971894"
79,127,518902
79,128,"471775,971894"
79,134,471775
79,135,"471775,971894"
79,137,518902
79,138,"471775,518902"
79,139,471775
79,140,471775
79,149,400722
79,170,400722
79,263,516496
79,279,516496
80,116,428202
80,120,428202
80,127,518902
80,137,518902
80,138,518902
80,149,400722
80,170,400722
80,206,715341
80,232,715341
80,235,715341
80,237,715341
80,239,715341
80,263,516496
80,279,516496
81,116,428202
81,120,428202
81,125,"471775,971894"
81,127,518902
81,128,"471775,971894"
81,134,471775
81,135,"471775,971894"
81,137,518902
81,138,"471775,518902"
81,139,471775
81,140,471775
81,149,400722
81,170,400722
82,118,849812
82,120,"761107,849812"
82,124,849812
82,189,565366
83,125,971894
83,128,971894
83,135,971894
83,189,565366
84,118,849812
84,120,"761107,849812"
84,124,849812
84,129,622027
84,189,565366
85,120,761107
85,124,555714
85,129,622027
85,189,565366
86,120,761107
86,129,622027
86,189,565366
87,118,849812
87,120,"761107,849812"
87,124,"555714,849812"
87,189,565366
88,120,761107
88,124,555714
88,189,565366
89,116,521885
89,126,963615
89,127,963615
89,133,963615
89,135,963615
89,136,963615
89,138,"911614,963615"
89,139,963615
89,267,156096
90,113,"241017,263913"
90,120,548624
91,116,428202
91,120,428202
91,127,518902
91,137,518902
91,138,518902
91,149,400722
91,170,400722
91,263,516496
91,279,516496
92,120,"548624,761107"
93,118,849812
93,120,"619437,752568,761107,849812"
93,124,849812
93,125,971894
93,128,971894
93,135,971894
93,189,565366
94,116,428202
94,120,428202
94,125,"471775,971894"
94,127,518902
94,128,"471775,971894"
94,134,471775
94,135,"471775,971894"
94,137,518902
94,138,"471775,518902"
94,139,471775
94,140,471775
94,149,400722
94,170,400722
94,206,715341
94,232,715341
94,235,715341
94,237,715341
94,239,715341
96,119,979705
96,122,425954
96,175,123777
96,176,123777
98,118,"754685,849812,993844"
98,120,"519469,619437,735292,749414,752568,754685,761107,849812,993844,1014685"
98,124,"754685,849812,993844"
98,125,471775
98,126,963615
98,127,963615
98,128,471775
98,129,519885
98,133,963615
98,134,471775
98,135,"471775,963615"
98,136,963615
98,138,"471775,963615"
98,139,"471775,963615"
98,140,"471775,519885"
98,169,719763
98,170,719763
98,189,719763
99,116,521885
99,120,"548624,619437"
99,125,"471775,971894"
99,126,963615
99,127,963615
99,128,"471775,971894"
99,133,963615
99,134,471775
99,135,"471775,963615,971894"
99,136,963615
99,138,"471775,963615"
99,139,"471775,963615"
99,140,471775
100,120,619437
100,125,471775
100,126,963615
100,127,963615
100,128,471775
100,133,963615
100,134,471775
100,135,"471775,963615"
100,136,963615
100,138,"471775,963615"
100,139,"471775,963615"
100,140,471775
101,116,521885
101,120,548624
101,125,"471775,971894"
101,126,963615
101,127,963615
101,128,"471775,971894"
101,133,963615
101,134,471775
101,135,"471775,963615,971894"
101,136,963615
101,138,"471775,911614,963615"
101,139,"471775,963615"
101,140,471775
102,116,521885
102,120,548624
102,125,"471775,971894"
102,126,963615
102,127,963615
102,128,"471775,971894"
102,133,963615
102,134,471775
102,135,"471775,963615,971894"
102,136,963615
102,138,"471775,963615"
102,139,"471775,963615"
102,140,471775
103,116,"428202,521885"
103,118,993844
103,120,"428202,548624,993844"
103,124,993844
103,125,"471775,971894"
103,126,963615
103,127,963615
103,128,"471775,971894"
103,133,963615
103,134,471775
103,135,"471775,963615,971894"
103,136,963615
103,138,"471775,963615"
103,139,"471775,963615"
103,140,"468837,471775"
104,118,754685
104,120,"619437,754685,761107"
104,124,754685
105,125,"471775,971894"
105,128,"471775,971894"
105,134,471775
105,135,"471775,971894"
105,138,471775
105,139,471775
105,140,471775
106,118,849812
106,120,"619437,752568,761107,849812"
106,124,849812
107,120,"619437,761107"
107,124,555714
107,125,971894
107,128,971894
107,135,971894
107,189,565366
108,120,"619437,761107"
108,125,971894
108,128,971894
108,135,971894
108,189,565366
109,116,428202
109,120,"428202,619437"
109,125,"471775,971894"
109,128,"471775,971894"
109,134,471775
109,135,"471775,971894"
109,138,471775
109,139,471775
109,140,471775
110,120,619437
110,125,471775
110,128,471775
110,131,984430
110,134,471775
110,135,471775
110,138,471775
110,139,471775
110,140,471775
111,120,619437
111,125,"471775,971894"
111,128,"471775,971894"
111,134,471775
111,135,"471775,971894"
111,138,471775
111,139,471775
111,140,471775
111,263,516496
111,279,516496
112,116,428202
112,118,754685
112,120,"428202,619437,754685,761107"
112,124,754685
112,125,971894
112,128,971894
112,129,622027
112,135,971894
112,189,565366
113,126,263990
113,127,263990
113,131,263990
113,137,263913
113,171,241017
114,140,1037646
115,126,263990
115,127,263990
115,131,263990
115,188,540247
116,140,428202
116,179,519887
116,183,519887
116,184,519887
116,186,519887
116,268,521885
117,130,158639
117,179,519887
117,183,519887
117,184,519887
117,186,519887
118,140,1037646
118,152,849812
118,157,849812
118,166,849812
118,167,849812
118,169,993844
118,178,993844
118,181,"849812,993844"
118,182,849812
118,189,754685
118,190,849812
119,144,"979705,988692,998545"
119,172,"616225,734723"
119,174,734723
120,125,535929
120,130,619437
120,131,"1014685,1036452"
120,137,619437
120,139,619437
120,140,"428202,519469,619437,735292,749414,752568,1007975,1014685,1034094,1036452,1037646"
120,152,849812
120,157,849812
120,166,849812
120,167,"761107,849812"
120,169,993844
120,178,993844
120,181,"849812,993844"
120,182,849812
120,187,"548624,761107"
120,189,"610249,754685"
120,190,849812
122,142,600388
122,143,425954
123,144,"988692,998545"
123,172,734723
123,174,734723
124,140,1037646
124,151,555714
124,152,849812
124,157,"555714,849812"
124,166,849812
124,167,"555714,849812"
124,169,993844
124,178,993844
124,181,"555714,849812,993844"
124,182,849812
124,189,"555714,754685"
124,190,849812
124,191,555714
125,147,471775
125,149,416219
125,150,455008
125,152,416219
125,158,"455008,971894"
125,159,455008
125,160,455008
125,164,"416219,471775"
125,165,416219
125,169,"416219,455008,471775"
125,177,416219
125,178,"416219,471775"
125,179,416219
125,180,416219
125,181,"416219,471775,535929"
125,182,416219
125,183,416219
125,184,416219
125,185,416219
125,186,416219
125,189,971894
125,190,416219
126,147,963615
126,148,963615
126,149,963615
126,161,963615
126,162,963615
126,163,963615
126,169,963615
126,177,963615
126,179,963615
126,180,963615
126,203,263990
126,205,263990
126,206,263990
126,218,263990
127,147,963615
127,148,963615
127,149,963615
127,161,963615
127,162,963615
127,163,963615
127,169,963615
127,177,963615
127,179,963615
127,180,963615
127,203,263990
127,205,263990
127,206,263990
127,218,263990
127,232,518902
127,235,518902
127,237,518902
127,239,518902
128,147,471775
128,150,455008
128,158,"455008,971894"
128,159,455008
128,160,455008
128,164,471775
128,169,"455008,471775"
128,178,471775
128,181,471775
128,189,971894
128,195,552972
128,197,552972
128,200,552972
129,181,519885
129,189,519885
129,191,519885
129,252,622027
130,181,619437
130,182,619437
130,190,619437
130,246,158639
131,157,1014685
131,167,1014685
131,181,"1014685,1036452"
131,189,1014685
131,191,1014685
131,195,984430
131,203,263990
131,205,263990
131,206,263990
131,208,984430
131,218,263990
133,147,963615
133,148,963615
133,149,963615
133,153,505859
133,155,505859
133,161,963615
133,162,963615
133,163,963615
133,164,505859
133,169,"505859,963615"
133,170,505859
133,177,"505859,963615"
133,179,"505859,963615"
133,180,"505859,963615"
133,183,505859
133,184,505859
133,185,505859
133,186,505859
133,189,505859
133,190,505859
134,147,471775
134,149,416219
134,152,416219
134,164,"416219,471775"
134,165,416219
134,169,"416219,471775"
134,177,416219
134,178,"416219,471775"
134,179,416219
134,180,416219
134,181,"416219,471775"
134,182,416219
134,183,416219
134,184,416219
134,185,416219
134,186,416219
134,190,416219
134,239,916245
135,147,"471775,963615"
135,148,963615
135,149,963615
135,158,971894
135,161,963615
135,162,963615
135,163,963615
135,164,471775
135,169,"471775,963615"
135,177,963615
135,178,471775
135,179,963615
135,180,963615
135,181,471775
135,189,971894
135,195,552972
135,197,552972
135,200,552972
136,147,963615
136,148,963615
136,149,"416219,963615"
136,152,416219
136,161,963615
136,162,963615
136,163,963615
136,164,416219
136,165,416219
136,169,"416219,963615"
136,177,"416219,963615"
136,178,416219
136,179,"416219,963615"
136,180,"416219,963615"
136,181,416219
136,182,416219
136,183,416219
136,184,416219
136,185,416219
136,186,416219
136,190,416219
137,166,263913
137,171,263913
137,181,619437
137,182,619437
137,183,263913
137,190,619437
137,195,552972
137,197,552972
137,200,552972
137,232,518902
137,235,518902
137,237,518902
137,239,518902
138,147,"471775,963615"
138,148,963615
138,149,"416219,963615"
138,152,416219
138,153,911614
138,155,911614
138,161,"911614,963615"
138,162,"911614,963615"
138,163,"911614,963615"
138,164,"416219,471775,911614"
138,165,416219
138,169,"416219,471775,963615"
138,177,"416219,963615"
138,178,"416219,471775"
138,179,"416219,911614,963615"
138,180,"416219,963615"
138,181,"416219,471775"
138,182,416219
138,183,"416219,911614"
138,184,"416219,911614"
138,185,416219
138,186,"416219,911614"
138,190,416219
138,195,552972
138,197,552972
138,200,552972
138,232,518902
138,235,518902
138,237,518902
138,239,518902
139,147,"471775,963615"
139,148,963615
139,149,963615
139,161,963615
139,162,963615
139,163,963615
139,164,471775
139,169,"471775,963615"
139,177,963615
139,178,471775
139,179,963615
139,180,963615
139,181,"471775,619437"
139,182,619437
139,190,619437
139,195,552972
139,197,552972
139,200,552972
140,147,"468837,471775"
140,150,1037646
140,151,1048011
140,153,468837
140,154,1037646
140,157,"1014685,1048011"
140,164,"468837,471775"
140,167,"1014685,1048011"
140,169,"468837,471775"
140,178,"468837,471775"
140,181,"468837,471775,519885,619437,752568,1007975,1014685,1036452,1037646,1047955,1048011"
140,182,619437
140,187,1037646
140,188,1037646
140,189,"519885,1014685,1047955,1048011"
140,190,619437
140,191,"519885,1014685,1047955,1048011"
140,193,1034094
140,227,519469
140,228,428202
140,273,735292
142,173,"903640,957469"
142,175,903640
142,222,600388
143,173,"110899,425954,464331,903640,957469"
143,175,"425954,903640"
144,172,"998545,1058591"
144,174,"979705,988692,998545,1058591"
146,246,1121384
146,249,1121384
147,192,468837
147,193,468837
147,197,963615
147,199,963615
147,202,963615
147,204,963615
147,206,963615
147,214,963615
147,218,"468837,963615"
147,226,"468837,471775,963615"
147,227,471775
147,228,"468837,471775,963615"
147,230,"468837,471775,963615"
147,232,"468837,471775,963615"
147,235,471775
147,237,471775
147,238,471775
147,239,471775
147,240,471775
147,241,471775
148,197,963615
148,199,963615
148,202,963615
148,204,963615
148,206,963615
148,214,963615
148,218,963615
148,226,963615
148,228,963615
148,230,963615
148,232,963615
149,192,416219
149,193,416219
149,197,"400722,963615"
149,199,963615
149,201,400722
149,202,963615
149,204,963615
149,206,963615
149,214,963615
149,218,963615
149,226,963615
149,228,"416219,963615"
149,230,963615
149,232,963615
149,234,416219
149,237,400722
150,192,584447
150,193,"584447,1037646"
150,200,584447
150,204,584447
150,207,455008
150,208,584447
150,209,584447
150,214,584447
150,215,584447
150,216,584447
150,227,1037646
150,228,584447
150,237,455008
151,227,1048011
151,233,1048011
151,236,1048011
151,245,555714
151,252,555714
152,192,416219
152,193,416219
152,197,849812
152,227,849812
152,228,"416219,849812"
152,234,416219
153,192,"468837,584447,911614"
153,193,"468837,584447"
153,199,505859
153,200,584447
153,202,505859
153,204,"505859,584447"
153,207,911614
153,208,584447
153,209,"584447,911614"
153,214,"505859,584447"
153,215,584447
153,216,584447
153,218,"468837,505859"
153,226,468837
153,228,"468837,584447"
153,230,468837
153,232,"468837,505859"
153,237,911614
154,192,584447
154,193,"584447,1037646"
154,200,584447
154,204,584447
154,208,584447
154,209,584447
154,214,584447
154,215,584447
154,216,584447
154,227,1037646
154,228,584447
155,192,911614
155,199,505859
155,202,505859
155,204,505859
155,207,911614
155,209,911614
155,214,505859
155,218,505859
155,232,505859
155,237,911614
156,192,584447
156,193,584447
156,200,584447
156,204,584447
156,208,584447
156,209,584447
156,214,584447
156,215,584447
156,216,584447
156,228,584447
157,197,849812
157,227,"849812,1048011"
157,228,849812
157,233,"1014685,1048011"
157,236,1048011
157,245,555714
157,252,555714
158,192,584447
158,193,584447
158,200,584447
158,204,584447
158,207,455008
158,208,584447
158,209,"584447,971894"
158,214,584447
158,215,584447
158,216,584447
158,228,584447
158,237,455008
159,192,584447
159,193,584447
159,200,584447
159,204,584447
159,207,455008
159,208,584447
159,209,584447
159,214,584447
159,215,584447
159,216,584447
159,228,584447
159,237,455008
160,192,584447
160,193,584447
160,200,584447
160,204,584447
160,207,455008
160,208,584447
160,209,584447
160,214,584447
160,215,584447
160,216,584447
160,228,584447
160,237,455008
161,192,911614
161,197,963615
161,199,963615
161,202,963615
161,204,963615
161,206,963615
161,207,911614
161,209,911614
161,214,963615
161,218,963615
161,226,963615
161,228,963615
161,230,963615
161,232,963615
161,237,911614
162,192,911614
162,197,963615
162,199,963615
162,202,963615
162,204,963615
162,206,963615
162,207,911614
162,209,911614
162,214,963615
162,218,963615
162,226,963615
162,228,963615
162,230,963615
162,232,963615
162,237,911614
163,192,911614
163,197,963615
163,199,963615
163,202,963615
163,204,963615
163,206,963615
163,207,911614
163,209,911614
163,214,963615
163,218,963615
163,226,963615
163,228,963615
163,230,963615
163,232,963615
163,237,911614
164,192,"416219,468837,911614"
164,193,"416219,468837"
164,199,505859
164,202,505859
164,204,505859
164,207,911614
164,209,911614
164,214,505859
164,218,"468837,505859"
164,226,"468837,471775"
164,227,471775
164,228,"416219,468837,471775"
164,230,"468837,471775"
164,232,"468837,471775,505859"
164,234,416219
164,235,471775
164,237,"471775,911614"
164,238,471775
164,239,471775
164,240,471775
164,241,471775
165,192,416219
165,193,416219
165,228,416219
165,234,416219
166,195,263913
166,196,263913
166,197,849812
166,198,263913
166,201,263913
166,212,263913
166,227,849812
166,228,849812
166,239,263913
167,197,849812
167,227,"849812,1048011"
167,228,849812
167,233,"1014685,1048011"
167,236,1048011
167,245,555714
167,252,555714
167,273,761107
169,192,"416219,468837,584447"
169,193,"416219,468837,584447,993844"
169,196,719763
169,197,963615
169,198,719763
169,199,"505859,963615"
169,200,"584447,719763"
169,202,"505859,963615"
169,204,"505859,584447,963615"
169,206,963615
169,207,455008
169,208,584447
169,209,"584447,993844"
169,212,719763
169,214,"505859,584447,963615"
169,215,"584447,719763"
169,216,584447
169,217,993844
169,218,"468837,505859,963615"
169,226,"468837,471775,719763,963615"
169,227,"471775,719763"
169,228,"416219,468837,471775,584447,719763,963615"
169,230,"468837,471775,719763,963615"
169,231,993844
169,232,"468837,471775,505859,719763,963615"
169,233,993844
169,234,"416219,993844"
169,235,"471775,719763"
169,237,"455008,471775,719763"
169,238,"471775,719763"
169,239,"471775,719763"
169,240,"471775,719763"
169,241,"471775,719763"
170,192,584447
170,193,584447
170,196,719763
170,197,400722
170,198,719763
170,199,505859
170,200,"584447,719763"
170,201,400722
170,202,505859
170,204,"505859,584447"
170,208,584447
170,209,584447
170,212,719763
170,214,"505859,584447"
170,215,"584447,719763"
170,216,584447
170,218,505859
170,226,719763
170,227,719763
170,228,"584447,719763"
170,230,719763
170,232,"505859,719763"
170,235,719763
170,237,"400722,719763"
170,238,719763
170,239,719763
170,240,719763
170,241,719763
171,195,263913
171,196,263913
171,198,263913
171,201,263913
171,212,263913
171,239,263913
171,271,241017
172,220,"734723,1058591"
172,221,"734723,998545,1058591"
172,223,998545
172,224,734723
172,225,734723
172,254,616225
172,257,616225
172,260,616225
173,219,"114666,118478,149963,187833,199984,235297,270220,314647,368080,403445,425954,427096,427250,464331,573259,602580,604098,607784,612824,616689,739860,751640,903640,957469,1095891"
173,256,110899
173,270,588437
174,220,"734723,1058591"
174,221,"734723,979705,998545,1058591"
174,223,998545
174,224,734723
174,225,734723
174,254,988692
174,255,988692
175,219,"425954,903640"
175,222,"123777,1071032"
176,222,123777
177,192,416219
177,193,416219
177,197,963615
177,199,"505859,963615"
177,202,"505859,963615"
177,204,"505859,963615"
177,206,963615
177,214,"505859,963615"
177,218,"505859,963615"
177,226,963615
177,228,"416219,963615"
177,230,963615
177,232,"505859,963615"
177,234,416219
178,192,"416219,468837,584447"
178,193,"416219,468837,584447,993844"
178,200,584447
178,204,584447
178,208,584447
178,209,"584447,993844"
178,214,584447
178,215,584447
178,216,584447
178,217,993844
178,218,468837
178,226,"468837,471775"
178,227,471775
178,228,"416219,468837,471775,584447"
178,230,"468837,471775"
178,231,993844
178,232,"468837,471775"
178,233,993844
178,234,"416219,993844"
178,235,471775
178,237,471775
178,238,471775
178,239,471775
178,240,471775
178,241,471775
179,192,"416219,911614"
179,193,416219
179,197,963615
179,199,"505859,963615"
179,202,"505859,963615"
179,204,"505859,963615"
179,206,963615
179,207,911614
179,209,911614
179,214,"505859,963615"
179,218,"505859,963615"
179,226,963615
179,228,"416219,963615"
179,230,963615
179,232,"505859,519887,963615"
179,234,416219
179,237,911614
180,192,416219
180,193,416219
180,197,963615
180,199,"505859,963615"
180,202,"505859,963615"
180,204,"505859,963615"
180,206,963615
180,214,"505859,963615"
180,218,"505859,963615"
180,226,963615
180,228,"416219,963615"
180,230,963615
180,232,"505859,963615"
180,234,416219
181,192,"416219,468837,584447"
181,193,"416219,468837,584447,993844,1037646"
181,195,519885
181,197,"519885,849812"
181,200,"519885,584447"
181,204,584447
181,207,619437
181,208,584447
181,209,"584447,993844"
181,214,584447
181,215,"519885,584447"
181,216,584447
181,217,"993844,1082751"
181,218,468837
181,226,"363692,468837,471775"
181,227,"471775,519885,619437,752568,849812,1007975,1037646,1047955,1048011,1082751"
181,228,"416219,468837,471775,519885,584447,849812"
181,230,"468837,471775"
181,231,"993844,1082751"
181,232,"468837,471775"
181,233,"519885,993844,1014685,1048011,1082751"
181,234,"416219,993844,1082751"
181,235,471775
181,236,"519885,1048011,1082751"
181,237,471775
181,238,"363692,471775"
181,239,"363692,471775"
181,240,"363692,471775,619437"
181,241,471775
181,245,555714
181,252,"555714,1036452"
181,269,535929
181,271,535929
181,279,535929
182,192,416219
182,193,416219
182,197,849812
182,207,619437
182,227,"619437,849812"
182,228,"416219,849812"
182,234,416219
182,240,619437
183,192,"416219,911614"
183,193,416219
183,195,263913
183,196,263913
183,198,263913
183,199,505859
183,201,263913
183,202,505859
183,204,505859
183,207,911614
183,209,911614
183,212,263913
183,214,505859
183,218,505859
183,228,416219
183,232,"505859,519887"
183,234,416219
183,237,911614
183,239,263913
184,192,"416219,911614"
184,193,416219
184,199,505859
184,202,505859
184,204,505859
184,207,911614
184,209,911614
184,214,505859
184,218,505859
184,228,416219
184,232,"505859,519887"
184,234,416219
184,237,911614
185,192,416219
185,193,416219
185,199,505859
185,202,505859
185,204,505859
185,214,505859
185,218,505859
185,228,416219
185,232,505859
185,234,416219
186,192,"416219,911614"
186,193,416219
186,199,505859
186,202,505859
186,204,505859
186,207,911614
186,209,911614
186,214,505859
186,218,505859
186,228,416219
186,232,"505859,519887"
186,234,416219
186,237,911614
187,192,584447
187,193,"584447,1037646"
187,200,584447
187,204,584447
187,208,584447
187,209,584447
187,214,584447
187,215,584447
187,216,584447
187,227,1037646
187,228,584447
187,271,548624
187,273,761107
188,192,584447
188,193,"584447,1037646"
188,199,540247
188,200,584447
188,204,"540247,584447"
188,206,540247
188,208,584447
188,209,584447
188,214,584447
188,215,584447
188,216,584447
188,227,1037646
188,228,584447
188,239,540247
189,192,584447
189,193,584447
189,195,519885
189,196,719763
189,197,519885
189,198,719763
189,199,505859
189,200,"519885,584447,719763"
189,202,505859
189,204,"505859,584447"
189,208,584447
189,209,"584447,971894"
189,212,719763
189,214,"505859,584447"
189,215,"519885,584447,719763"
189,216,584447
189,218,505859
189,226,719763
189,227,"519885,719763,1047955,1048011"
189,228,"519885,584447,719763"
189,230,719763
189,232,"505859,719763"
189,233,"519885,1014685,1048011"
189,235,719763
189,236,"519885,1048011"
189,237,719763
189,238,719763
189,239,719763
189,240,719763
189,241,719763
189,245,555714
189,252,555714
190,192,416219
190,193,416219
190,197,849812
190,199,505859
190,202,505859
190,204,505859
190,207,619437
190,214,505859
190,218,505859
190,227,"619437,849812"
190,228,"416219,849812"
190,232,505859
190,234,416219
190,240,619437
191,192,584447
191,193,584447
191,195,519885
191,197,519885
191,200,"519885,584447"
191,204,584447
191,208,584447
191,209,584447
191,214,584447
191,215,"519885,584447"
191,216,584447
191,227,"519885,1047955,1048011"
191,228,"519885,584447"
191,233,"519885,1014685,1048011"
191,236,"519885,1048011"
191,245,555714
191,252,555714
192,245,584447
192,252,584447
192,261,468837
192,265,468837
192,266,468837
192,267,468837
192,272,468837
192,280,911614
192,282,911614
192,284,416219
193,245,584447
193,252,"584447,1034094"
193,261,468837
193,265,468837
193,266,468837
193,267,468837
193,272,468837
193,284,416219
195,247,263913
195,249,263913
195,264,519885
195,271,984430
195,273,519885
195,285,552972
196,247,263913
196,249,263913
196,250,719763
197,242,963615
197,249,963615
197,250,963615
197,264,519885
197,273,519885
197,285,552972
197,305,400722
198,247,263913
198,249,263913
198,250,719763
199,242,963615
199,249,963615
199,250,963615
199,261,540247
200,245,584447
200,250,719763
200,252,584447
200,264,519885
200,273,519885
200,285,552972
201,247,263913
201,249,263913
201,305,400722
202,242,963615
202,249,963615
202,250,963615
203,267,263990
203,269,263990
203,271,263990
203,279,263990
204,242,963615
204,245,584447
204,249,963615
204,250,963615
204,252,584447
204,261,540247
205,267,263990
205,269,263990
205,271,263990
205,279,263990
206,242,963615
206,249,963615
206,250,963615
206,261,540247
206,267,263990
206,269,263990
206,271,263990
206,279,"263990,715341"
207,280,911614
207,282,911614
207,297,455008
208,245,584447
208,252,584447
208,271,984430
209,245,584447
209,252,584447
209,269,971894
209,280,911614
209,282,911614
212,247,263913
212,249,263913
212,250,719763
214,242,963615
214,245,584447
214,249,963615
214,250,963615
214,252,584447
215,245,584447
215,250,719763
215,252,584447
215,264,519885
215,273,519885
216,245,584447
216,252,584447
217,252,1082751
218,242,963615
218,249,963615
218,250,963615
218,261,468837
218,265,468837
218,266,468837
218,267,"263990,468837"
218,269,263990
218,271,263990
218,272,468837
218,279,263990
219,256,"108938,114666,118478,127790,133892,149963,187833,199984,235297,244827,270220,275782,292347,314647,368080,403445,425954,427096,427250,438350,464331,483533,523545,602580,604098,607784,612824,616689,739860,751640,903640,915181,957469,999796,1061637,1095891,1163691,1167207,1168767,1171591,1198352"
219,270,"573259,1167617"
219,291,681522
220,254,734723
220,255,734723
220,257,734723
220,260,734723
220,289,1058591
221,251,998545
221,254,"734723,979705,998545"
221,255,"734723,979705"
221,257,"734723,998545"
221,260,"734723,998545"
221,289,1058591
222,251,"123777,1071032"
222,257,1071032
223,251,998545
223,254,998545
223,257,998545
223,260,998545
224,254,734723
224,255,734723
224,257,734723
224,260,734723
225,254,734723
225,255,734723
225,257,734723
225,260,734723
226,242,"294115,963615"
226,247,294115
226,249,963615
226,250,"719763,963615"
226,261,468837
226,265,468837
226,266,468837
226,267,468837
226,272,468837
226,285,471775
227,245,1007975
227,250,719763
227,252,"1007975,1047955,1048011,1082751"
227,264,519885
227,273,519885
227,285,471775
228,242,"294115,963615"
228,245,584447
228,247,294115
228,249,963615
228,250,"719763,963615"
228,252,584447
228,261,468837
228,264,519885
228,265,468837
228,266,468837
228,267,468837
228,272,468837
228,273,519885
228,284,416219
228,285,471775
229,243,"552846,1166148,1205586"
229,259,"460228,552846,1166148,1205586"
230,242,"294115,963615"
230,247,294115
230,249,963615
230,250,"719763,963615"
230,261,468837
230,265,468837
230,266,468837
230,267,468837
230,272,468837
230,285,471775
231,252,1082751
232,242,"294115,545984,963615"
232,247,294115
232,249,963615
232,250,"545984,719763,963615"
232,261,468837
232,265,468837
232,266,468837
232,267,468837
232,272,468837
232,279,715341
232,285,471775
232,304,518902
232,305,518902
233,252,"1014685,1048011,1082751"
233,264,519885
233,273,519885
234,252,1082751
234,284,416219
235,242,"294115,545984"
235,247,294115
235,250,"545984,719763"
235,279,715341
235,285,471775
235,304,518902
235,305,518902
236,252,"1048011,1082751"
236,264,519885
236,273,519885
237,242,"294115,545984"
237,247,294115
237,250,"545984,719763"
237,279,715341
237,280,911614
237,282,911614
237,285,471775
237,297,455008
237,304,518902
237,305,"400722,518902"
238,242,294115
238,247,294115
238,250,719763
238,285,471775
239,242,"294115,545984"
239,247,"263913,294115,916245"
239,249,263913
239,250,"545984,719763"
239,261,540247
239,279,715341
239,285,471775
239,304,518902
239,305,518902
240,242,294115
240,247,294115
240,250,719763
240,285,471775
241,242,294115
241,247,294115
241,250,719763
241,285,471775
242,261,1179385
242,263,1179385
242,265,"545984,963615"
242,266,"545984,963615"
242,267,"545984,963615"
242,272,"545984,963615"
242,279,"294115,545984,1179385"
243,274,"552846,1166148"
243,288,1205586
245,264,555714
245,273,"555714,1007975"
246,268,1121384
246,298,158639
247,261,1179385
247,263,1179385
247,279,"294115,1179385"
247,284,916245
247,286,263913
249,265,963615
249,266,963615
249,267,963615
249,268,1121384
249,272,963615
249,286,263913
250,265,"545984,963615"
250,266,"545984,963615"
250,267,"545984,963615"
250,272,"545984,963615"
250,279,545984
250,281,719763
250,282,719763
251,275,"123777,1071032"
251,276,123777
251,277,998545
251,278,123777
252,264,"555714,1034094"
252,273,"555714,1007975,1014685,1082751"
254,277,"734723,988692,998545"
255,277,"734723,988692"
256,270,"108938,110899,114666,118478,127790,133892,187833,199984,235297,244827,270220,275782,292347,314647,368080,403445,421137,425954,427096,427250,438350,464331,483533,602580,604098,607784,612824,616689,739860,751640,903640,915181,957469,999796,1061637,1095891,1163691,1167207,1168767,1171591,1198352,1237802"
256,275,"903640,957469"
256,276,"187833,903640,957469"
256,278,"270220,903640,957469,1061637"
256,291,523545
256,303,149963
257,275,1071032
257,277,"734723,998545"
259,274,"460228,552846,1166148"
259,288,1205586
260,277,"734723,998545"
261,282,1179385
261,284,1179385
261,305,540247
263,282,1179385
263,284,1179385
263,297,516496
264,285,1034094
265,281,963615
266,281,963615
267,281,963615
267,284,156096
268,280,1121384
269,295,971894
270,291,"108938,110899,114666,118478,127790,133892,187833,199984,235297,244827,270220,292347,314647,368080,403445,421137,425954,427096,427250,438350,464331,483533,588437,602580,612824,616689,739860,751640,915181,957469,999796,1061637,1095891,1163691,1167207,1167617,1168767,1171591,1198352,1237802"
270,303,275782
272,281,963615
273,283,1014685
273,285,1014685
274,288,"460228,552846,1166148"
275,290,"123777,1071032"
275,291,957469
276,290,123777
276,291,"187833,957469"
277,289,988692
278,290,123777
278,291,"270220,957469,1061637"
279,282,1179385
279,284,"294115,1179385"
279,297,"516496,715341"
279,298,715341
279,305,715341
280,295,911614
280,298,911614
281,299,963615
282,295,"911614,1179385"
282,297,1179385
282,298,"911614,1179385"
282,305,1179385
284,293,294115
284,295,1179385
284,296,294115
284,297,1179385
284,298,1179385
284,299,294115
284,300,294115
284,305,"156096,294115,416219,916245,1179385"
288,306,"552846,1205586"
290,301,1071032
291,301,"127790,602580"
291,302,"127790,602580,915181,1061637,1167207"
291,303,"108938,110899,114666,118478,127790,133892,187833,235297,244827,270220,292347,314647,403445,421137,425954,427096,427250,464331,483533,523545,588437,602580,612824,616689,681522,739860,751640,957469,1061637,1095891,1163691,1167207,1167617,1168767,1171591,1198352,1237802"
