source,target,user_id
0,2313,"157573,252901,255972,302471,369359,387325,462697,509386,552846,560373,576975,595074,622767,657916,741468,879166,1068315"
0,2314,"105498,133892,173319,275401,300450,314138,324441,329426,338042,376854,450658,528757,592510,1046200"
0,2315,"105649,132253,171799,176750,188482,274953,281256,295124,317586,344970,356945,366567,380944,390199,419573,476652,481450,497798,502556,537265,538955,548581,550893,558934,568859,579353,614173,626163,716095,741484,818420,836821,875601,895812,908076,1015669,1055722,1124305"
0,2318,"129151,131514,341101,348948,354730,381808,407466,453207,470752,484507,491803,575826,609205,622174,734827,879040,961949"
0,2319,"227626,250397,385630,599725,601640,869865,997163"
3,2318,717621
5,2315,579353
5,2318,609205
6,2315,579353
6,2318,609205
11,2313,"157573,252901,255972,302471,369359,387325,462697,509386,552846,560373,576975,595074,622767,657916,741468,879166,1068315"
11,2314,"105498,133892,173319,275401,300450,314138,324441,329426,338042,376854,450658,528757,592510,1046200"
11,2315,"105649,132253,171799,176750,188482,274953,281256,295124,317586,344970,356945,366567,380944,390199,419573,476652,481450,497798,502556,537265,538955,548581,550893,558934,568859,579353,614173,626163,716095,741484,818420,836821,875601,895812,908076,1015669,1055722,1124305"
11,2318,"129151,131514,341101,348948,354730,381808,407466,453207,470752,484507,491803,575826,609205,622174,734827,879040,961949"
11,2319,"227626,250397,385630,599725,601640,869865,997163"
12,2313,"136996,275145,462697"
12,2314,"275401,287608,288685,300450,307966,309563,316209,324441,389821,437974,493464,763217,1044582,1157557"
12,2315,"116566,130464,173559,186974,188482,209608,240151,274953,281256,365174,410397,425149,460754,482699,538955,550893,553151,606450,614173,732484,818420,897112,929267,1030310,1037370,1039714,1105168,1236406"
12,2318,"419033,447321,470752,484507,609205,717621,824083,1017280"
12,2319,"250397,347996"
13,2313,462697
13,2314,"275401,300450,324441"
13,2315,"188482,274953,281256,538955,550893,614173,818420"
13,2318,"470752,484507,609205"
13,2319,250397
14,2313,"252901,329769,622767,999728,1068315,1168259"
14,2314,"105769,150817,458921,477692,480899,1044582,1150209"
14,2315,"105649,116517,123642,123949,125615,128265,130464,131834,132260,138325,145566,147772,149886,152266,153534,155710,157047,160513,171799,172457,173559,178285,181027,181964,184070,184841,188482,189419,191747,195200,202124,203487,213211,215374,226924,228704,238881,241262,245072,257663,262086,267956,269558,270927,271256,274467,274953,281256,285626,288714,291564,294576,295124,296219,297113,302709,303696,304157,307874,310380,313472,317586,326483,326781,339428,341341,343312,343449,344970,349622,354817,365174,366567,368517,372225,380944,381797,388999,400788,410397,411179,415543,421208,421796,425951,427408,429092,430600,454219,455312,457865,460550,461515,462819,463969,466493,470805,471841,473077,473727,476652,477520,480366,480373,482352,497798,500915,502556,511024,511792,517175,519137,527677,537265,537872,538133,538955,543558,548581,549038,553151,555013,558424,558641,558934,563868,569912,574409,579243,579353,583156,583460,584471,586233,587093,592647,595081,598391,599293,601900,605207,605523,606450,626163,656134,674245,684785,711253,716095,732484,741466,741484,748250,770844,796188,805459,814206,818420,833102,836821,840183,864534,869078,873625,881500,881662,893132,895812,897112,899725,901879,908076,911967,922746,923982,929267,930308,933793,955102,959654,969405,970916,981371,985407,1005938,1015669,1022740,1029030,1037370,1047905,1061200,1066859,1075341,1089611,1098547,1106512,1121072,1124305,1159100,1163180,1166865,1168320,1198151,1201800,1210145,1235670"
14,2317,1170991
14,2318,"163869,163934"
14,2319,"355203,385630,543430"
15,2318,717621
16,2313,"252901,622767,1068315"
16,2315,"105649,171799,188482,274953,281256,295124,317586,344970,366567,380944,476652,497798,502556,537265,538955,548581,558934,579353,626163,716095,741484,818420,836821,895812,908076,1015669,1124305"
16,2319,385630
18,2317,191426
28,2314,1058591
31,2316,596052
33,2314,124464
35,2314,1044582
35,2315,"130464,173559,188482,274953,281256,365174,410397,538955,553151,606450,732484,818420,897112,929267,1037370"
36,2313,"129105,157573,255972,325217,387325,401082,606739,657916,741468,1038955"
36,2314,"124464,134545,209038,300450,309563,329426,376854,480899,499303,1046200,1115415,1160772"
36,2315,"171799,172457,176750,181027,191747,203487,240151,290835,297113,341341,368517,411179,429092,463969,479474,480255,497798,548581,563868,711253,864534,901879,1022740,1030310,1047905,1075341,1165070"
36,2316,596052
36,2318,"350965,470752"
36,2319,"227626,385630"
37,2314,"288685,300450,437974,493464"
37,2315,240151
37,2318,"470752,717621"
38,2314,"150817,458921,480899"
38,2315,"125615,477520,482352,548581"
38,2319,543430
39,2313,"255972,657916"
39,2314,"124464,209038,300450,480899,499303"
39,2315,"240151,548581"
39,2318,"350965,470752"
40,2313,"255972,657916"
40,2314,300450
40,2315,548581
40,2318,470752
41,2314,300450
41,2315,240151
41,2318,470752
42,2313,552846
42,2314,"199984,1099947"
42,2315,477520
43,2313,"255972,552846,657916"
43,2314,"173319,300450,528757"
43,2315,"548581,875601"
43,2318,"131514,341101,348948,470752"
43,2319,"599725,869865"
44,2313,"255972,552846"
44,2314,"199984,805158"
44,2315,875601
45,2313,"129105,387325,401082,595074,1111303"
45,2314,"124464,287608,376854,450548,480899,592510,893080,1157557,1212318"
45,2315,"130464,186974,189419,415543,482699,517175,526976,1022740,1029030"
45,2316,596052
45,2318,"157246,163869,470752,704970,734827,879040,1032078"
45,2319,"347996,392706"
46,2313,"387325,595074"
46,2314,"376854,592510"
46,2318,"470752,734827,879040"
47,2314,"287608,1157557"
47,2315,"130464,186974,482699"
47,2318,470752
47,2319,347996
48,2318,470752
49,2314,480899
49,2315,"130464,189419,415543,517175,1022740,1029030"
49,2318,163869
50,2313,"129105,387325,401082"
50,2314,"124464,376854,480899"
50,2315,1022740
50,2316,596052
50,2318,470752
51,2313,552846
51,2314,199984
52,2315,"188482,274953,281256,538955,818420"
53,2313,"255972,552846,657916"
53,2314,"124464,150817,173319,199984,209038,240683,274199,287308,288642,288685,300450,323051,331247,437974,450548,458921,460089,465771,478604,480899,493464,499303,528757,579539,778698,805158,922200,942270,955120,1044423,1099947,1163442,1212318,1215438,1236845"
53,2315,"125615,240151,477520,482352,495325,548581,875601"
53,2318,"131514,341101,348948,350965,463253,470752,717621"
53,2319,"120286,543430,599725,869865"
54,2313,"270220,552846,1166148"
54,2314,"130532,133892,199984,521982,600467"
55,2313,"157573,255972,387325,657916,741468"
55,2314,"300450,329426,376854,1046200"
55,2315,"171799,176750,497798,548581"
55,2318,470752
55,2319,"227626,385630"
56,2314,"300450,309563"
56,2315,"240151,1030310"
56,2318,470752
57,2314,300450
57,2318,470752
58,2314,480899
58,2315,"171799,172457,181027,191747,203487,297113,341341,368517,411179,429092,463969,497798,548581,563868,711253,864534,901879,1022740,1047905,1075341"
58,2319,385630
59,2315,"171799,497798,548581"
59,2319,385630
61,2313,552846
61,2314,133892
62,2313,"123801,270220,552846,1166148"
62,2314,"130532,133892,199984,253171,521982,600467,612518,1099947,1109186"
62,2315,"147772,365174,477520,583460,1168320"
62,2318,1032078
63,2315,365174
64,2315,"147772,365174,477520,583460,1168320"
66,2313,"146208,255972,270220,369359,499532,552846,1166148"
66,2314,"130532,133892,199984,450658,521982,600467,805158"
66,2315,"875601,911967,1030310"
67,2313,"255972,369359,552846"
67,2314,"133892,450658"
67,2315,875601
68,2313,255972
68,2315,1030310
69,2313,552846
69,2314,133892
70,2313,387325
70,2314,376854
70,2318,470752
75,2313,657916
76,2314,757634
76,2315,1166865
95,2313,490858
95,2314,1058591
99,2315,796188
105,2313,499532
114,2314,133892
118,2315,911967
119,2315,579353
120,2318,447321
124,2314,1058591
133,2314,1058591
139,2315,"145566,723771,985407"
142,2314,"124464,450548,480899,1212318"
142,2318,470752
143,2318,470752
144,2314,1058591
159,2314,376513
159,2315,573766
163,2315,"563868,1047905"
163,2316,596052
164,2318,1163690
166,2314,"449166,1058591"
166,2318,1163690
167,2314,1058591
168,2314,1058591
170,2313,1121384
170,2314,1139056
178,2315,"238881,339428,400788,563868,716095,836821,1047905,1061200"
180,2315,482699
180,2316,596052
180,2317,794248
180,2318,150303
180,2319,385630
181,2315,"241262,430600,873625,1105168"
182,2315,"241262,430600,873625"
183,2315,"241262,873625"
184,2315,"241262,873625"
185,2315,955102
185,2317,191426
186,2315,480255
186,2316,596052
188,2315,480255
188,2316,596052
189,2315,"153534,195200,380944,463969,511024,511792,543558,549038,558641,579243"
191,2315,"153534,195200,380944,463969,511024,511792,543558,549038,558641,579243"
192,2319,869865
195,2316,596052
197,2318,622174
199,2319,385630
200,2315,482699
201,2316,596052
201,2319,385630
202,2315,482699
202,2316,596052
205,2318,622174
207,2313,1121384
207,2319,869865
212,2313,1121384
214,2315,"716095,836821"
215,2315,"238881,283278,339428,344630,400788,563868,716095,836821,953867,1047905,1061200"
215,2316,596052
218,2318,622174
219,2318,622174
221,2313,170729
221,2314,876768
221,2318,"470752,575826"
222,2318,"470752,575826"
223,2315,307874
224,2318,470752
225,2313,"129105,427283,839435"
225,2314,"314138,450548,458921,460089,528757"
225,2315,178786
225,2319,"130555,250397,347996,355203,392706,543430,599725,997163,1225976"
226,2314,"314138,528757"
226,2319,"250397,599725,997163"
227,2319,"250397,347996"
228,2314,458921
228,2319,"355203,543430"
229,2313,129105
230,2314,"450548,458921,460089,528757"
230,2319,"543430,599725"
232,2313,129105
232,2314,450548
232,2319,"347996,392706"
234,2314,1058591
235,2313,"427283,638210,657916"
235,2314,"124464,499303"
235,2318,"163934,228538,348948,376207,407466,447321,463253,470042,470752,482740,484507,496860,576380,581633,622174,704970,867784,883193,949568,961949,1017280,1034893,1071331,1087105,1163690"
236,2313,657916
236,2318,"348948,407466,470752,484507,622174,961949"
237,2318,"447321,470752,484507,1017280"
238,2313,657916
238,2314,"124464,499303"
238,2318,470752
239,2313,657916
239,2314,"124464,499303"
239,2318,"348948,463253,470752"
240,2314,124464
240,2318,"470752,704970"
241,2315,"178786,307874,487513,551446,1019603,1110941,1216244"
242,2314,124464
242,2318,470752
244,2315,1030310
245,2315,"184841,241262,527677,599293,873625,1047905"
246,2315,"1030310,1047905"
247,2314,1058591
247,2317,191426
247,2319,156096
249,2315,"184841,241262,527677,599293,873625,1030310,1047905"
250,2313,1121384
250,2314,1058591
252,2314,1058591
253,2313,1111303
253,2314,"130532,150817"
253,2315,445207
253,2318,479921
256,2314,150817
257,2313,1111303
264,2314,600467
270,2318,350965
271,2313,191307
271,2314,314138
271,2315,1030310
272,2314,314138
273,2315,1030310
274,2313,270220
275,2313,270220
279,2313,1121384
284,2313,1121384
290,2318,"470752,496860"
296,2314,1157557
299,2318,441047
305,2318,516711
310,2315,1089611
312,2314,1058591
319,2313,270220
324,2318,470752
325,2313,252901
325,2315,410397
325,2318,"348948,1163690"
326,2314,449166
329,2318,470752
332,2313,490858
341,2318,470752
344,2313,252901
344,2318,348948
345,2313,252901
345,2315,410397
346,2315,592647
346,2319,392706
348,2314,1139056
349,2314,1058591
355,2319,275978
360,2319,156096
361,2319,156096
384,2318,441047
384,2319,156096
385,2313,270220
385,2314,893080
385,2315,601900
404,2315,1166865
405,2318,325831
407,2314,1058591
408,2315,1166865
412,2317,191426
416,2313,252901
416,2318,407466
418,2313,252901
419,2315,"410397,573766"
420,2315,410397
422,2318,622174
425,2313,252901
425,2315,480255
425,2318,1071331
427,2314,1058591
428,2314,1058591
429,2313,1121384
430,2315,404347
438,2314,1058591
444,2314,1058591
445,2314,240683
447,2317,191426
450,2313,1166148
452,2317,230856
456,2318,325831
461,2318,320242
466,2313,252901
466,2318,1163690
466,2319,392706
468,2313,520071
468,2318,441047
471,2314,1157557
472,2318,717621
473,2319,156096
476,2317,230856
476,2319,156096
481,2315,302709
481,2318,470752
483,2317,794248
492,2314,1058591
494,2314,893080
503,2318,484507
504,2314,1157557
506,2313,1042524
512,2315,601900
516,2318,441047
518,2314,105769
518,2315,132260
520,2314,893080
523,2315,622396
523,2317,191426
524,2315,"482699,911967"
526,2315,549038
531,2315,130464
531,2319,572651
534,2314,1058591
538,2315,302709
540,2318,484507
543,2319,613217
544,2313,499532
544,2315,538955
548,2314,449166
549,2315,302709
549,2319,392706
561,2319,869865
566,2314,124464
567,2318,622174
571,2315,622396
574,2319,156096
578,2314,101105
583,2314,124464
584,2318,622174
588,2315,622396
591,2319,156096
596,2319,869865
601,2315,601900
607,2314,105769
607,2315,132260
609,2314,893080
611,2318,484507
612,2318,441047
615,2319,613217
618,2318,325831
628,2313,252901
628,2318,1163690
628,2319,392706
629,2317,230856
630,2318,320242
631,2315,302709
631,2319,392706
632,2313,520071
632,2318,441047
634,2313,499532
634,2315,538955
638,2314,449166
640,2314,1157557
647,2313,1042524
651,2315,622396
651,2317,191426
652,2315,592647
652,2319,392706
654,2314,1139056
655,2314,1058591
658,2313,252901
658,2315,410397
661,2319,275978
668,2313,252901
668,2318,348948
669,2318,470752
676,2313,252901
676,2315,410397
676,2318,"348948,1163690"
682,2318,516711
683,2318,470752
684,2318,441047
686,2313,490858
694,2315,549038
699,2315,302709
700,2315,"482699,911967"
701,2315,130464
701,2319,572651
702,2314,1058591
703,2314,449166
707,2318,470752
734,2315,"145566,723771,985407"
737,2314,1058591
741,2314,1058591
742,2313,657916
743,2314,757634
743,2315,1166865
765,2314,124464
770,2316,596052
772,2317,191426
774,2314,1058591
781,2314,133892
786,2315,579353
787,2318,447321
792,2315,911967
798,2314,1058591
800,2314,893080
803,2318,484507
816,2314,1058591
822,2314,1058591
823,2314,240683
825,2317,191426
827,2313,1166148
831,2314,1157557
834,2313,490858
834,2314,1058591
837,2313,499532
839,2315,796188
850,2318,717621
851,2319,156096
854,2317,230856
854,2319,156096
859,2315,302709
859,2318,470752
861,2317,794248
866,2318,"470752,496860"
867,2314,1157557
869,2318,325831
881,2319,"250397,347996"
885,2315,267956
886,2315,267956
890,2315,517175
891,2315,517175
892,2314,"579539,810351"
895,2318,470752
896,2318,470752
897,2314,193219
904,2313,1166148
906,2314,1058591
907,2314,1058591
909,2313,189043
909,2319,601640
912,2318,622174
916,2313,1121384
917,2313,1121384
918,2313,1121384
919,2315,622396
923,2313,1121384
924,2315,1039714
926,2315,"526976,527677"
930,2314,309563
930,2315,"339428,480373,1089611,1121072"
931,2315,"339428,480373,1089611,1121072"
932,2315,"1089611,1121072"
937,2314,309563
940,2314,1215438
940,2318,622174
941,2314,"460089,1163442"
941,2318,277935
941,2319,572651
942,2313,462697
942,2315,"195200,454219,462819,511792,549038,584471,881500,955102,1089611,1121072"
943,2313,462697
944,2315,"195200,454219,462819,511792,549038,584471,881500,955102,1089611,1121072"
945,2315,"195200,511792,549038"
946,2319,156096
948,2319,156096
950,2314,1046200
951,2314,1046200
952,2314,"124784,521161,1236845"
955,2313,1042524
955,2318,325831
956,2313,1121384
957,2313,1121384
957,2314,893080
961,2313,1121384
961,2314,1058591
962,2314,1058591
963,2314,1058591
964,2313,1121384
964,2314,1058591
966,2313,1121384
975,2313,1121384
976,2318,516711
977,2313,638210
977,2314,309563
977,2315,"339428,477520,511024"
978,2314,309563
979,2315,"339428,477520,511024"
980,2314,309563
981,2315,267956
985,2315,267956
989,2315,895812
997,2314,"592510,1160772"
997,2316,596052
999,2314,592510
999,2316,596052
1005,2317,230856
1010,2318,622174
1012,2318,"576380,622174"
1014,2315,"410397,573766"
1015,2315,410397
1017,2318,622174
1020,2313,252901
1021,2313,252901
1021,2315,480255
1021,2318,1071331
1022,2314,1058591
1023,2314,1058591
1024,2313,1121384
1025,2315,404347
1038,2313,252901
1038,2318,407466
1048,2315,1166865
1050,2315,1089611
1052,2314,1058591
1059,2313,270220
1072,2318,325831
1073,2317,191426
1076,2315,1166865
1080,2319,156096
1081,2319,156096
1082,2314,1058591
1086,2314,1058591
1088,2317,191426
1099,2318,"470752,622174,1163690"
1100,2313,490858
1102,2314,1058591
1103,2314,1058591
1106,2315,186974
1107,2318,150303
1108,2318,325831
1110,2314,1058591
1112,2314,456150
1112,2317,191426
1113,2319,156096
1117,2313,270220
1123,2318,441047
1123,2319,156096
1124,2313,270220
1124,2314,893080
1124,2315,601900
1137,2318,"113725,150303,470752,622174,1163690"
1146,2313,446878
1148,2317,230856
1151,2313,499532
1151,2315,538955
1152,2315,538955
1153,2315,583460
1157,2318,"113725,150303,470752,622174,1163690"
1158,2315,538955
1159,2315,583460
1163,2318,"113725,150303,470752,622174,1163690"
1165,2315,538955
1167,2313,270220
1167,2314,893080
1167,2315,601900
1173,2318,441047
1173,2319,156096
1175,2313,499532
1175,2315,538955
1177,2318,"470752,622174,1163690"
1188,2313,446878
1190,2317,230856
1198,2313,252901
1198,2318,407466
1200,2313,252901
1202,2315,"410397,573766"
1204,2318,622174
1207,2313,252901
1207,2315,480255
1207,2318,1071331
1209,2315,410397
1239,2314,1058591
1241,2313,189043
1241,2319,601640
1243,2318,622174
1244,2315,622396
1245,2314,1058591
1248,2315,"339428,480373,1089611,1121072"
1249,2319,"250397,347996"
1254,2313,1166148
1255,2315,"1089611,1121072"
1256,2313,1121384
1258,2315,"526976,527677"
1261,2314,309563
1261,2315,"339428,480373,1089611,1121072"
1262,2314,309563
1263,2315,1039714
1266,2313,1121384
1267,2313,270220
1268,2314,1058591
1269,2314,1058591
1270,2314,1058591
1272,2314,1058591
1279,2313,490858
1281,2317,191426
1284,2319,156096
1285,2313,1121384
1286,2313,1121384
1287,2318,622174
1288,2318,"576380,622174"
1293,2315,186974
1294,2318,150303
1295,2318,325831
1299,2314,456150
1299,2317,191426
1300,2314,1058591
1301,2314,1058591
1302,2313,1121384
1303,2315,404347
1308,2315,549038
1316,2314,1058591
1324,2313,490858
1325,2314,449166
1329,2318,470752
1338,2315,302709
1339,2315,"482699,911967"
1342,2319,869865
1346,2318,484507
1348,2318,622174
1352,2315,622396
1354,2314,124464
1356,2314,893080
1358,2315,130464
1358,2319,572651
1359,2315,622396
1359,2317,191426
1366,2315,601900
1370,2318,441047
1372,2314,105769
1372,2315,132260
1376,2319,275978
1377,2319,156096
1378,2319,156096
1384,2315,1089611
1385,2314,1058591
1394,2315,1166865
1398,2315,1166865
1405,2318,325831
1406,2317,191426
1408,2314,1058591
1410,2313,270220
1413,2318,470752
1414,2318,470752
1415,2313,252901
1415,2315,410397
1415,2318,"348948,1163690"
1416,2313,252901
1416,2318,348948
1417,2313,252901
1417,2315,410397
1418,2315,592647
1418,2319,392706
1419,2318,516711
1421,2314,1058591
1427,2314,1139056
1434,2314,1157557
1435,2318,"470752,496860"
1444,2318,441047
1451,2313,1121384
1453,2318,350965
1460,2314,150817
1461,2313,1111303
1464,2313,1111303
1464,2314,"130532,150817"
1464,2315,445207
1464,2318,479921
1467,2313,1121384
1468,2313,129105
1469,2314,"450548,458921,460089,528757"
1469,2319,"543430,599725"
1470,2313,129105
1470,2314,450548
1470,2319,"347996,392706"
1471,2313,1121384
1471,2314,1058591
1473,2314,1058591
1475,2313,191307
1475,2314,314138
1475,2315,1030310
1476,2315,1030310
1477,2313,270220
1478,2313,270220
1482,2314,314138
1483,2314,458921
1483,2319,"355203,543430"
1504,2314,600467
1508,2315,"238881,283278,339428,344630,400788,563868,716095,836821,953867,1047905,1061200"
1508,2316,596052
1509,2315,"716095,836821"
1511,2315,"238881,339428,400788,563868,716095,836821,1047905,1061200"
1512,2318,1163690
1514,2314,"449166,1058591"
1514,2318,1163690
1515,2314,1058591
1516,2314,1058591
1517,2313,1121384
1517,2314,1139056
1518,2315,"563868,1047905"
1518,2316,596052
1519,2319,"250397,347996"
1520,2314,"314138,528757"
1520,2319,"250397,599725,997163"
1521,2313,"129105,427283,839435"
1521,2314,"314138,450548,458921,460089,528757"
1521,2315,178786
1521,2319,"130555,250397,347996,355203,392706,543430,599725,997163,1225976"
1522,2313,"146208,255972,270220,369359,499532,552846,1166148"
1522,2314,"130532,133892,199984,450658,521982,600467,805158"
1522,2315,"875601,911967,1030310"
1523,2313,"255972,369359,552846"
1523,2314,"133892,450658"
1523,2315,875601
1524,2313,255972
1524,2315,1030310
1525,2313,"270220,552846,1166148"
1525,2314,"130532,133892,199984,521982,600467"
1526,2313,552846
1526,2314,133892
1527,2313,"255972,552846,657916"
1527,2314,"124464,150817,173319,199984,209038,240683,274199,287308,288642,288685,300450,323051,331247,437974,450548,458921,460089,465771,478604,480899,493464,499303,528757,579539,778698,805158,922200,942270,955120,1044423,1099947,1163442,1212318,1215438,1236845"
1527,2315,"125615,240151,477520,482352,495325,548581,875601"
1527,2318,"131514,341101,348948,350965,463253,470752,717621"
1527,2319,"120286,543430,599725,869865"
1529,2313,"255972,552846,657916"
1529,2314,"173319,300450,528757"
1529,2315,"548581,875601"
1529,2318,"131514,341101,348948,470752"
1529,2319,"599725,869865"
1530,2314,"150817,458921,480899"
1530,2315,"125615,477520,482352,548581"
1530,2319,543430
1531,2313,"255972,657916"
1531,2314,"124464,209038,300450,480899,499303"
1531,2315,"240151,548581"
1531,2318,"350965,470752"
1532,2313,"255972,657916"
1532,2314,300450
1532,2315,548581
1532,2318,470752
1533,2314,300450
1533,2315,240151
1533,2318,470752
1534,2313,552846
1534,2314,"199984,1099947"
1534,2315,477520
1535,2313,"255972,552846"
1535,2314,"199984,805158"
1535,2315,875601
1536,2314,"288685,300450,437974,493464"
1536,2315,240151
1536,2318,"470752,717621"
1537,2313,552846
1537,2314,199984
1538,2315,"147772,365174,477520,583460,1168320"
1539,2313,552846
1539,2314,133892
1540,2313,"136996,275145,462697"
1540,2314,"275401,287608,288685,300450,307966,309563,316209,324441,389821,437974,493464,763217,1044582,1157557"
1540,2315,"116566,130464,173559,186974,188482,209608,240151,274953,281256,365174,410397,425149,460754,482699,538955,550893,553151,606450,614173,732484,818420,897112,929267,1030310,1037370,1039714,1105168,1236406"
1540,2318,"419033,447321,470752,484507,609205,717621,824083,1017280"
1540,2319,"250397,347996"
1541,2313,462697
1541,2314,"275401,300450,324441"
1541,2315,"188482,274953,281256,538955,550893,614173,818420"
1541,2318,"470752,484507,609205"
1541,2319,250397
1542,2313,"252901,329769,622767,999728,1068315,1168259"
1542,2314,"105769,150817,458921,477692,480899,1044582,1150209"
1542,2315,"105649,116517,123642,123949,125615,128265,130464,131834,132260,138325,145566,147772,149886,152266,153534,155710,157047,160513,171799,172457,173559,178285,181027,181964,184070,184841,188482,189419,191747,195200,202124,203487,213211,215374,226924,228704,238881,241262,245072,257663,262086,267956,269558,270927,271256,274467,274953,281256,285626,288714,291564,294576,295124,296219,297113,302709,303696,304157,307874,310380,313472,317586,326483,326781,339428,341341,343312,343449,344970,349622,354817,365174,366567,368517,372225,380944,381797,388999,400788,410397,411179,415543,421208,421796,425951,427408,429092,430600,454219,455312,457865,460550,461515,462819,463969,466493,470805,471841,473077,473727,476652,477520,480366,480373,482352,497798,500915,502556,511024,511792,517175,519137,527677,537265,537872,538133,538955,543558,548581,549038,553151,555013,558424,558641,558934,563868,569912,574409,579243,579353,583156,583460,584471,586233,587093,592647,595081,598391,599293,601900,605207,605523,606450,626163,656134,674245,684785,711253,716095,732484,741466,741484,748250,770844,796188,805459,814206,818420,833102,836821,840183,864534,869078,873625,881500,881662,893132,895812,897112,899725,901879,908076,911967,922746,923982,929267,930308,933793,955102,959654,969405,970916,981371,985407,1005938,1015669,1022740,1029030,1037370,1047905,1061200,1066859,1075341,1089611,1098547,1106512,1121072,1124305,1159100,1163180,1166865,1168320,1198151,1201800,1210145,1235670"
1542,2317,1170991
1542,2318,"163869,163934"
1542,2319,"355203,385630,543430"
1543,2313,"252901,622767,1068315"
1543,2315,"105649,171799,188482,274953,281256,295124,317586,344970,366567,380944,476652,497798,502556,537265,538955,548581,558934,579353,626163,716095,741484,818420,836821,895812,908076,1015669,1124305"
1543,2319,385630
1544,2314,1044582
1544,2315,"130464,173559,188482,274953,281256,365174,410397,538955,553151,606450,732484,818420,897112,929267,1037370"
1545,2315,"188482,274953,281256,538955,818420"
1546,2315,365174
1547,2313,"129105,157573,255972,325217,387325,401082,606739,657916,741468,1038955"
1547,2314,"124464,134545,209038,300450,309563,329426,376854,480899,499303,1046200,1115415,1160772"
1547,2315,"171799,172457,176750,181027,191747,203487,240151,290835,297113,341341,368517,411179,429092,463969,479474,480255,497798,548581,563868,711253,864534,901879,1022740,1030310,1047905,1075341,1165070"
1547,2316,596052
1547,2318,"350965,470752"
1547,2319,"227626,385630"
1548,2314,"300450,309563"
1548,2315,"240151,1030310"
1548,2318,470752
1549,2314,300450
1549,2318,470752
1550,2314,480899
1550,2315,"171799,172457,181027,191747,203487,297113,341341,368517,411179,429092,463969,497798,548581,563868,711253,864534,901879,1022740,1047905,1075341"
1550,2319,385630
1551,2315,"171799,497798,548581"
1551,2319,385630
1553,2313,"123801,270220,552846,1166148"
1553,2314,"130532,133892,199984,253171,521982,600467,612518,1099947,1109186"
1553,2315,"147772,365174,477520,583460,1168320"
1553,2318,1032078
1554,2313,"157573,255972,387325,657916,741468"
1554,2314,"300450,329426,376854,1046200"
1554,2315,"171799,176750,497798,548581"
1554,2318,470752
1554,2319,"227626,385630"
1555,2313,"129105,387325,401082,595074,1111303"
1555,2314,"124464,287608,376854,450548,480899,592510,893080,1157557,1212318"
1555,2315,"130464,186974,189419,415543,482699,517175,526976,1022740,1029030"
1555,2316,596052
1555,2318,"157246,163869,470752,704970,734827,879040,1032078"
1555,2319,"347996,392706"
1556,2313,"387325,595074"
1556,2314,"376854,592510"
1556,2318,"470752,734827,879040"
1557,2314,"287608,1157557"
1557,2315,"130464,186974,482699"
1557,2318,470752
1557,2319,347996
1558,2314,1058591
1558,2317,191426
1558,2319,156096
1560,2314,1058591
1561,2315,"178786,307874,487513,551446,1019603,1110941,1216244"
1563,2315,307874
1564,2315,"1030310,1047905"
1566,2318,622174
1568,2313,170729
1568,2314,876768
1568,2318,"470752,575826"
1569,2318,"470752,575826"
1570,2318,470752
1572,2318,622174
1573,2315,"184841,241262,527677,599293,873625,1047905"
1574,2315,1030310
1576,2318,470752
1577,2314,480899
1577,2315,"130464,189419,415543,517175,1022740,1029030"
1577,2318,163869
1578,2313,"129105,387325,401082"
1578,2314,"124464,376854,480899"
1578,2315,1022740
1578,2316,596052
1578,2318,470752
1579,2313,387325
1579,2314,376854
1579,2318,470752
1580,2314,"124464,450548,480899,1212318"
1580,2318,470752
1581,2318,470752
1582,2314,1058591
1583,2313,"427283,638210,657916"
1583,2314,"124464,499303"
1583,2318,"163934,228538,348948,376207,407466,447321,463253,470042,470752,482740,484507,496860,576380,581633,622174,704970,867784,883193,949568,961949,1017280,1034893,1071331,1087105,1163690"
1584,2313,657916
1584,2318,"348948,407466,470752,484507,622174,961949"
1585,2318,"447321,470752,484507,1017280"
1586,2313,657916
1586,2314,"124464,499303"
1586,2318,470752
1587,2313,657916
1587,2314,"124464,499303"
1587,2318,"348948,463253,470752"
1588,2314,124464
1588,2318,"470752,704970"
1589,2314,124464
1589,2318,470752
1590,2315,"184841,241262,527677,599293,873625,1030310,1047905"
1591,2314,376513
1591,2315,573766
1603,2314,309563
1604,2315,"339428,477520,511024"
1605,2314,309563
1606,2315,267956
1609,2313,638210
1609,2314,309563
1609,2315,"339428,477520,511024"
1611,2317,230856
1615,2313,1121384
1617,2313,1121384
1618,2318,516711
1621,2314,"592510,1160772"
1621,2316,596052
1623,2314,592510
1623,2316,596052
1628,2315,267956
1633,2315,267956
1635,2315,267956
1638,2318,325831
1646,2314,193219
1647,2318,470752
1648,2318,470752
1650,2315,895812
1652,2314,1215438
1652,2318,622174
1659,2315,517175
1660,2315,517175
1661,2314,"579539,810351"
1664,2314,"124784,521161,1236845"
1666,2314,1046200
1670,2313,1121384
1672,2318,622174
1673,2318,622174
1676,2315,"241262,430600,873625"
1677,2315,"241262,873625"
1678,2315,"241262,873625"
1679,2315,955102
1679,2317,191426
1680,2315,480255
1680,2316,596052
1681,2315,480255
1681,2316,596052
1682,2315,"241262,430600,873625,1105168"
1683,2316,596052
1692,2313,1121384
1692,2319,869865
1693,2315,482699
1693,2316,596052
1693,2317,794248
1693,2318,150303
1693,2319,385630
1694,2315,482699
1695,2316,596052
1695,2319,385630
1696,2315,482699
1696,2316,596052
1700,2319,385630
1701,2315,"153534,195200,380944,463969,511024,511792,543558,549038,558641,579243"
1703,2315,"153534,195200,380944,463969,511024,511792,543558,549038,558641,579243"
1708,2313,1121384
1708,2314,893080
1711,2314,"460089,1163442"
1711,2318,277935
1711,2319,572651
1712,2313,462697
1713,2315,"195200,454219,462819,511792,549038,584471,881500,955102,1089611,1121072"
1714,2315,"195200,511792,549038"
1715,2319,156096
1716,2319,156096
1717,2313,1042524
1717,2318,325831
1718,2313,462697
1718,2315,"195200,454219,462819,511792,549038,584471,881500,955102,1089611,1121072"
1722,2319,869865
1726,2314,101105
1731,2313,1121384
1731,2314,1058591
1732,2314,1058591
1733,2314,1058591
1734,2313,1121384
1734,2314,1058591
1735,2313,1121384
1737,2314,1046200
1738,2319,156096
1741,2314,101105
1746,2313,1121384
1746,2314,1058591
1748,2314,1058591
1749,2313,1121384
1749,2314,1058591
1750,2313,1121384
1755,2314,1058591
1758,2319,869865
1759,2318,622174
1760,2318,622174
1762,2315,"241262,430600,873625,1105168"
1763,2315,"241262,430600,873625"
1764,2315,"241262,873625"
1766,2315,"241262,873625"
1767,2315,480255
1767,2316,596052
1768,2315,480255
1768,2316,596052
1769,2316,596052
1770,2315,"153534,195200,380944,463969,511024,511792,543558,549038,558641,579243"
1772,2315,"153534,195200,380944,463969,511024,511792,543558,549038,558641,579243"
1773,2315,955102
1773,2317,191426
1778,2313,1121384
1779,2318,516711
1782,2314,"592510,1160772"
1782,2316,596052
1783,2313,1121384
1790,2317,230856
1791,2314,592510
1791,2316,596052
1794,2314,"124784,521161,1236845"
1796,2313,1121384
1796,2314,893080
1798,2314,"460089,1163442"
1798,2318,277935
1798,2319,572651
1799,2313,462697
1799,2315,"195200,454219,462819,511792,549038,584471,881500,955102,1089611,1121072"
1800,2313,462697
1802,2315,"195200,454219,462819,511792,549038,584471,881500,955102,1089611,1121072"
1803,2319,156096
1804,2319,156096
1805,2313,1042524
1805,2318,325831
1807,2314,1046200
1808,2314,1046200
1809,2315,"195200,511792,549038"
1810,2313,1121384
1814,2315,"238881,283278,339428,344630,400788,563868,716095,836821,953867,1047905,1061200"
1814,2316,596052
1815,2315,"716095,836821"
1816,2315,"238881,339428,400788,563868,716095,836821,1047905,1061200"
1817,2315,"563868,1047905"
1817,2316,596052
1818,2318,1163690
1821,2314,1058591
1822,2314,1058591
1823,2313,1121384
1823,2314,1139056
1827,2314,"449166,1058591"
1827,2318,1163690
1831,2318,350965
1835,2313,1111303
1835,2314,"130532,150817"
1835,2315,445207
1835,2318,479921
1837,2314,600467
1839,2313,1111303
1845,2314,150817
1851,2315,482699
1851,2316,596052
1851,2317,794248
1851,2318,150303
1851,2319,385630
1852,2319,385630
1853,2315,482699
1854,2316,596052
1854,2319,385630
1856,2315,482699
1856,2316,596052
1860,2313,1121384
1860,2319,869865
1878,2314,376513
1878,2315,573766
1886,2318,"576380,622174"
1891,2315,186974
1892,2318,622174
1893,2318,150303
1897,2314,456150
1897,2317,191426
1898,2319,156096
1900,2318,325831
1902,2313,1121384
1903,2313,1121384
1908,2314,1058591
1909,2314,1058591
1910,2313,1121384
1913,2318,622174
1914,2315,622396
1918,2313,189043
1918,2319,601640
1920,2313,270220
1921,2314,1058591
1930,2313,446878
1932,2317,230856
1935,2313,499532
1935,2315,538955
1938,2318,"470752,622174,1163690"
1940,2314,1058591
1941,2314,1058591
1943,2314,1058591
1945,2317,191426
1950,2313,490858
1959,2314,1215438
1959,2318,622174
1967,2315,517175
1968,2314,"579539,810351"
1971,2318,470752
1972,2318,470752
1973,2315,517175
1974,2314,193219
1975,2315,895812
1981,2313,638210
1981,2314,309563
1981,2315,"339428,477520,511024"
1982,2314,309563
1984,2315,"339428,477520,511024"
1985,2315,267956
1989,2315,267956
1991,2314,309563
1997,2313,1166148
1998,2313,1121384
1999,2315,1039714
2002,2315,"526976,527677"
2004,2314,309563
2004,2315,"339428,480373,1089611,1121072"
2005,2314,309563
2006,2315,"339428,480373,1089611,1121072"
2007,2315,"1089611,1121072"
2011,2319,"250397,347996"
2013,2315,267956
2015,2315,267956
2017,2318,325831
2029,2313,1121384
2039,2313,490858
2039,2314,1058591
2041,2313,499532
2042,2315,796188
2049,2317,794248
2052,2314,1157557
2053,2318,717621
2054,2319,156096
2062,2315,302709
2062,2318,470752
2064,2317,230856
2064,2319,156096
2074,2314,1058591
2081,2315,"145566,723771,985407"
2090,2313,657916
2091,2314,757634
2091,2315,1166865
2106,2314,1157557
2107,2313,520071
2107,2318,441047
2111,2313,1042524
2112,2318,325831
2116,2318,320242
2125,2315,302709
2125,2319,392706
2126,2319,613217
2127,2313,499532
2127,2315,538955
2131,2314,449166
2139,2313,252901
2139,2318,1163690
2139,2319,392706
2140,2317,230856
2146,2314,1058591
2150,2318,484507
2155,2314,893080
2156,2313,1166148
2158,2317,191426
2165,2314,1058591
2171,2314,1058591
2172,2314,240683
2175,2315,583460
2178,2313,387325
2178,2314,376854
2178,2318,470752
2179,2314,"124464,450548,480899,1212318"
2179,2318,470752
2180,2318,470752
2181,2314,1058591
2182,2313,"427283,638210,657916"
2182,2314,"124464,499303"
2182,2318,"163934,228538,348948,376207,407466,447321,463253,470042,470752,482740,484507,496860,576380,581633,622174,704970,867784,883193,949568,961949,1017280,1034893,1071331,1087105,1163690"
2183,2313,657916
2183,2318,"348948,407466,470752,484507,622174,961949"
2184,2313,"129105,387325,401082"
2184,2314,"124464,376854,480899"
2184,2315,1022740
2184,2316,596052
2184,2318,470752
2185,2318,"447321,470752,484507,1017280"
2186,2313,657916
2186,2314,"124464,499303"
2186,2318,"348948,463253,470752"
2187,2314,124464
2187,2318,"470752,704970"
2188,2314,124464
2188,2318,470752
2189,2315,"184841,241262,527677,599293,873625,1030310,1047905"
2191,2315,1030310
2192,2313,657916
2192,2314,"124464,499303"
2192,2318,470752
2193,2315,"184841,241262,527677,599293,873625,1047905"
2194,2314,480899
2194,2315,"130464,189419,415543,517175,1022740,1029030"
2194,2318,163869
2195,2314,"287608,1157557"
2195,2315,"130464,186974,482699"
2195,2318,470752
2195,2319,347996
2196,2313,"270220,552846,1166148"
2196,2314,"130532,133892,199984,521982,600467"
2197,2313,552846
2197,2314,133892
2198,2313,"255972,552846,657916"
2198,2314,"124464,150817,173319,199984,209038,240683,274199,287308,288642,288685,300450,323051,331247,437974,450548,458921,460089,465771,478604,480899,493464,499303,528757,579539,778698,805158,922200,942270,955120,1044423,1099947,1163442,1212318,1215438,1236845"
2198,2315,"125615,240151,477520,482352,495325,548581,875601"
2198,2318,"131514,341101,348948,350965,463253,470752,717621"
2198,2319,"120286,543430,599725,869865"
2199,2313,"255972,552846,657916"
2199,2314,"173319,300450,528757"
2199,2315,"548581,875601"
2199,2318,"131514,341101,348948,470752"
2199,2319,"599725,869865"
2200,2314,"288685,300450,437974,493464"
2200,2315,240151
2200,2318,"470752,717621"
2201,2314,"150817,458921,480899"
2201,2315,"125615,477520,482352,548581"
2201,2319,543430
2202,2318,470752
2203,2313,"255972,657916"
2203,2314,"124464,209038,300450,480899,499303"
2203,2315,"240151,548581"
2203,2318,"350965,470752"
2204,2314,300450
2204,2315,240151
2204,2318,470752
2205,2313,552846
2205,2314,"199984,1099947"
2205,2315,477520
2206,2313,"255972,552846"
2206,2314,"199984,805158"
2206,2315,875601
2207,2313,552846
2207,2314,199984
2208,2313,"129105,387325,401082,595074,1111303"
2208,2314,"124464,287608,376854,450548,480899,592510,893080,1157557,1212318"
2208,2315,"130464,186974,189419,415543,482699,517175,526976,1022740,1029030"
2208,2316,596052
2208,2318,"157246,163869,470752,704970,734827,879040,1032078"
2208,2319,"347996,392706"
2209,2313,"387325,595074"
2209,2314,"376854,592510"
2209,2318,"470752,734827,879040"
2210,2313,"255972,657916"
2210,2314,300450
2210,2315,548581
2210,2318,470752
2211,2315,"1030310,1047905"
2212,2314,1058591
2212,2317,191426
2212,2319,156096
2214,2313,1121384
2214,2314,1058591
2216,2314,1058591
2217,2313,191307
2217,2314,314138
2217,2315,1030310
2218,2314,314138
2219,2315,1030310
2220,2313,129105
2220,2314,450548
2220,2319,"347996,392706"
2221,2313,270220
2225,2313,1121384
2228,2313,270220
2229,2314,"450548,458921,460089,528757"
2229,2319,"543430,599725"
2230,2313,129105
2231,2314,458921
2231,2319,"355203,543430"
2232,2314,1058591
2233,2315,"178786,307874,487513,551446,1019603,1110941,1216244"
2235,2315,307874
2237,2318,622174
2238,2318,622174
2240,2313,170729
2240,2314,876768
2240,2318,"470752,575826"
2241,2318,"470752,575826"
2242,2318,470752
2244,2313,"129105,427283,839435"
2244,2314,"314138,450548,458921,460089,528757"
2244,2315,178786
2244,2319,"130555,250397,347996,355203,392706,543430,599725,997163,1225976"
2245,2314,"314138,528757"
2245,2319,"250397,599725,997163"
2246,2319,"250397,347996"
2247,2313,255972
2247,2315,1030310
2248,2314,1058591
2249,2313,"255972,369359,552846"
2249,2314,"133892,450658"
2249,2315,875601
2259,2314,124464
2261,2314,1058591
2264,2316,596052
2276,2314,133892
2279,2315,911967
2280,2315,579353
2281,2318,447321
2284,2317,191426
2287,2313,"252901,622767,1068315"
2287,2315,"105649,171799,188482,274953,281256,295124,317586,344970,366567,380944,476652,497798,502556,537265,538955,548581,558934,579353,626163,716095,741484,818420,836821,895812,908076,1015669,1124305"
2287,2319,385630
2288,2314,1044582
2288,2315,"130464,173559,188482,274953,281256,365174,410397,538955,553151,606450,732484,818420,897112,929267,1037370"
2289,2315,"188482,274953,281256,538955,818420"
2290,2313,"129105,157573,255972,325217,387325,401082,606739,657916,741468,1038955"
2290,2314,"124464,134545,209038,300450,309563,329426,376854,480899,499303,1046200,1115415,1160772"
2290,2315,"171799,172457,176750,181027,191747,203487,240151,290835,297113,341341,368517,411179,429092,463969,479474,480255,497798,548581,563868,711253,864534,901879,1022740,1030310,1047905,1075341,1165070"
2290,2316,596052
2290,2318,"350965,470752"
2290,2319,"227626,385630"
2291,2313,"157573,255972,387325,657916,741468"
2291,2314,"300450,329426,376854,1046200"
2291,2315,"171799,176750,497798,548581"
2291,2318,470752
2291,2319,"227626,385630"
2292,2314,"300450,309563"
2292,2315,"240151,1030310"
2292,2318,470752
2293,2313,"252901,329769,622767,999728,1068315,1168259"
2293,2314,"105769,150817,458921,477692,480899,1044582,1150209"
2293,2315,"105649,116517,123642,123949,125615,128265,130464,131834,132260,138325,145566,147772,149886,152266,153534,155710,157047,160513,171799,172457,173559,178285,181027,181964,184070,184841,188482,189419,191747,195200,202124,203487,213211,215374,226924,228704,238881,241262,245072,257663,262086,267956,269558,270927,271256,274467,274953,281256,285626,288714,291564,294576,295124,296219,297113,302709,303696,304157,307874,310380,313472,317586,326483,326781,339428,341341,343312,343449,344970,349622,354817,365174,366567,368517,372225,380944,381797,388999,400788,410397,411179,415543,421208,421796,425951,427408,429092,430600,454219,455312,457865,460550,461515,462819,463969,466493,470805,471841,473077,473727,476652,477520,480366,480373,482352,497798,500915,502556,511024,511792,517175,519137,527677,537265,537872,538133,538955,543558,548581,549038,553151,555013,558424,558641,558934,563868,569912,574409,579243,579353,583156,583460,584471,586233,587093,592647,595081,598391,599293,601900,605207,605523,606450,626163,656134,674245,684785,711253,716095,732484,741466,741484,748250,770844,796188,805459,814206,818420,833102,836821,840183,864534,869078,873625,881500,881662,893132,895812,897112,899725,901879,908076,911967,922746,923982,929267,930308,933793,955102,959654,969405,970916,981371,985407,1005938,1015669,1022740,1029030,1037370,1047905,1061200,1066859,1075341,1089611,1098547,1106512,1121072,1124305,1159100,1163180,1166865,1168320,1198151,1201800,1210145,1235670"
2293,2317,1170991
2293,2318,"163869,163934"
2293,2319,"355203,385630,543430"
2294,2314,300450
2294,2318,470752
2295,2315,"171799,497798,548581"
2295,2319,385630
2297,2313,"123801,270220,552846,1166148"
2297,2314,"130532,133892,199984,253171,521982,600467,612518,1099947,1109186"
2297,2315,"147772,365174,477520,583460,1168320"
2297,2318,1032078
2298,2313,552846
2298,2314,133892
2299,2315,365174
2300,2315,"147772,365174,477520,583460,1168320"
2301,2314,480899
2301,2315,"171799,172457,181027,191747,203487,297113,341341,368517,411179,429092,463969,497798,548581,563868,711253,864534,901879,1022740,1047905,1075341"
2301,2319,385630
2302,2313,462697
2302,2314,"275401,300450,324441"
2302,2315,"188482,274953,281256,538955,550893,614173,818420"
2302,2318,"470752,484507,609205"
2302,2319,250397
2303,2313,"136996,275145,462697"
2303,2314,"275401,287608,288685,300450,307966,309563,316209,324441,389821,437974,493464,763217,1044582,1157557"
2303,2315,"116566,130464,173559,186974,188482,209608,240151,274953,281256,365174,410397,425149,460754,482699,538955,550893,553151,606450,614173,732484,818420,897112,929267,1030310,1037370,1039714,1105168,1236406"
2303,2318,"419033,447321,470752,484507,609205,717621,824083,1017280"
2303,2319,"250397,347996"
2304,2313,"157573,252901,255972,302471,369359,387325,462697,509386,552846,560373,576975,595074,622767,657916,741468,879166,1068315"
2304,2314,"105498,133892,173319,275401,300450,314138,324441,329426,338042,376854,450658,528757,592510,1046200"
2304,2315,"105649,132253,171799,176750,188482,274953,281256,295124,317586,344970,356945,366567,380944,390199,419573,476652,481450,497798,502556,537265,538955,548581,550893,558934,568859,579353,614173,626163,716095,741484,818420,836821,875601,895812,908076,1015669,1055722,1124305"
2304,2318,"129151,131514,341101,348948,354730,381808,407466,453207,470752,484507,491803,575826,609205,622174,734827,879040,961949"
2304,2319,"227626,250397,385630,599725,601640,869865,997163"
2308,2318,717621
2310,2313,"146208,255972,270220,369359,499532,552846,1166148"
2310,2314,"130532,133892,199984,450658,521982,600467,805158"
2310,2315,"875601,911967,1030310"
2312,2315,579353
2312,2318,609205
2313,2322,"387325,446878,462697,509386,595074,622767,741468,839435,879166,1111303,1168259"
2313,2323,"136996,275145,622767,999728,1042524,1111303,1168259"
2313,2327,1121384
2313,2365,302471
2313,2366,252901
2313,2368,490858
2313,2386,1166148
2313,2410,"657916,741468"
2313,2418,1121384
2313,2473,1121384
2313,2479,170729
2313,2484,490858
2313,2526,1121384
2313,2555,1121384
2313,2719,490858
2313,2724,622767
2313,2726,622767
2313,2727,622767
2313,2736,622767
2313,2740,1111303
2313,2741,1111303
2313,2742,1111303
2313,2745,1121384
2313,2750,191307
2313,2753,"191307,1168259"
2313,2754,1168259
2313,2755,1168259
2313,2756,191307
2313,2787,839435
2313,2788,839435
2313,2813,1121384
2313,2814,"170729,275145,499532,576975,839435"
2313,2815,839435
2313,2816,275145
2313,2823,552846
2313,2826,129105
2313,2835,552846
2313,2836,"446878,595074"
2313,2837,"446878,552846,595074"
2313,2838,"622767,1111303,1168259"
2313,2839,"157573,189043,252901,329769,1068315"
2313,2843,"146208,270220,329769,369359,446878,509386,520071,552846,595074,1166148,1168259"
2313,2844,"446878,509386,595074,1168259"
2313,2845,1168259
2313,2846,1168259
2313,2847,329769
2313,2849,"123801,270220,427283,552846,1166148"
2313,2853,"270220,552846,1166148"
2313,2854,"255972,325217,446878,552846,595074"
2313,2855,"446878,595074"
2313,2868,129105
2313,2871,606739
2313,2872,129105
2313,2875,"170729,741468"
2313,2876,741468
2313,2880,1121384
2313,2891,"325217,401082,638210"
2313,2896,325217
2313,2951,999728
2313,2952,999728
2313,3028,1121384
2313,3032,189043
2313,3034,270220
2313,3035,270220
2313,3036,270220
2313,3043,1038955
2313,3054,189043
2313,3056,1121384
2313,3088,560373
2313,3107,1168259
2313,3115,1121384
2313,3130,490858
2313,3132,252901
2313,3153,302471
2313,3174,1166148
2313,3183,1121384
2313,3198,"657916,741468"
2313,3261,1121384
2313,3267,170729
2313,3272,490858
2313,3315,1121384
2313,3343,1121384
2313,3506,490858
2313,3512,622767
2313,3513,622767
2313,3514,622767
2313,3521,622767
2313,3527,1111303
2313,3528,1111303
2313,3529,1111303
2313,3532,1121384
2313,3537,191307
2313,3540,"191307,1168259"
2313,3541,1168259
2313,3542,1168259
2313,3543,191307
2313,3559,839435
2313,3571,839435
2313,3597,1121384
2313,3599,552846
2313,3600,552846
2313,3601,"170729,275145,499532,576975,839435"
2313,3602,839435
2313,3603,275145
2313,3608,"446878,595074"
2313,3613,129105
2313,3620,"446878,552846,595074"
2313,3623,"387325,446878,462697,509386,595074,622767,741468,839435,879166,1111303,1168259"
2313,3624,"136996,275145,622767,999728,1042524,1111303,1168259"
2313,3625,"622767,1111303,1168259"
2313,3626,"157573,189043,252901,329769,1068315"
2313,3630,"146208,270220,329769,369359,446878,509386,520071,552846,595074,1166148,1168259"
2313,3631,"446878,509386,595074,1168259"
2313,3632,1168259
2313,3633,1168259
2313,3634,329769
2313,3636,"123801,270220,427283,552846,1166148"
2313,3640,"270220,552846,1166148"
2313,3641,"255972,325217,446878,552846,595074"
2313,3642,"446878,595074"
2313,3649,129105
2313,3655,129105
2313,3662,"170729,741468"
2313,3663,741468
2313,3667,1121384
2313,3668,606739
2313,3678,"325217,401082,638210"
2313,3683,325217
2313,3739,999728
2313,3740,999728
2313,3804,189043
2313,3817,189043
2313,3821,270220
2313,3822,270220
2313,3823,270220
2313,3830,1038955
2313,3840,1121384
2313,3843,1121384
2313,3874,560373
2313,3900,1121384
2313,3902,490858
2313,3915,252901
2313,3916,302471
2313,3959,1166148
2313,3968,1121384
2313,3983,"657916,741468"
2313,4046,1121384
2313,4052,170729
2313,4057,490858
2313,4109,1121384
2313,4128,1121384
2313,4291,490858
2313,4296,622767
2313,4297,622767
2313,4298,622767
2313,4299,622767
2313,4312,1111303
2313,4313,1111303
2313,4314,1111303
2313,4317,1121384
2313,4322,191307
2313,4325,"191307,1168259"
2313,4326,1168259
2313,4327,1168259
2313,4328,191307
2313,4331,1121384
2313,4334,839435
2313,4343,839435
2313,4382,1121384
2313,4383,"446878,595074"
2313,4384,552846
2313,4385,552846
2313,4386,"170729,275145,499532,576975,839435"
2313,4387,839435
2313,4388,275145
2313,4392,"446878,552846,595074"
2313,4398,129105
2313,4408,"387325,446878,462697,509386,595074,622767,741468,839435,879166,1111303,1168259"
2313,4409,"136996,275145,622767,999728,1042524,1111303,1168259"
2313,4410,"622767,1111303,1168259"
2313,4411,"157573,189043,252901,329769,1068315"
2313,4415,"146208,270220,329769,369359,446878,509386,520071,552846,595074,1166148,1168259"
2313,4416,"446878,509386,595074,1168259"
2313,4417,1168259
2313,4419,329769
2313,4421,"123801,270220,427283,552846,1166148"
2313,4425,"270220,552846,1166148"
2313,4426,"255972,325217,446878,552846,595074"
2313,4427,"446878,595074"
2313,4434,129105
2313,4440,129105
2313,4443,606739
2313,4447,"170729,741468"
2313,4448,741468
2313,4463,"325217,401082,638210"
2313,4468,325217
2313,4524,999728
2313,4525,999728
2313,4579,189043
2313,4600,189043
2313,4606,270220
2313,4607,270220
2313,4608,270220
2313,4615,1038955
2313,4626,1121384
2313,4652,1121384
2313,4659,560373
2314,2322,"105498,275401,287608,314138,437974,449166,499303,528757,805158,1046200,1139056,1212318"
2314,2323,"101105,287308,287608,288685,300450,307966,309563,324441,338042,493464,592510,1044582,1157557"
2314,2340,1058591
2314,2341,521161
2314,2373,493464
2314,2375,1058591
2314,2400,579539
2314,2411,1163442
2314,2420,338042
2314,2450,1058591
2314,2470,124464
2314,2479,1212318
2314,2494,193219
2314,2504,1058591
2314,2516,124464
2314,2517,1058591
2314,2531,1058591
2314,2588,105769
2314,2612,449166
2314,2645,133892
2314,2648,1157557
2314,2674,1160772
2314,2679,757634
2314,2686,449166
2314,2714,1058591
2314,2740,"460089,480899"
2314,2743,480899
2314,2744,480899
2314,2750,314138
2314,2751,314138
2314,2757,133892
2314,2759,133892
2314,2760,133892
2314,2769,124464
2314,2770,124464
2314,2771,"493464,1058591"
2314,2772,1058591
2314,2775,"376513,763217"
2314,2776,1058591
2314,2778,1058591
2314,2779,1058591
2314,2788,"124464,329426"
2314,2807,101105
2314,2814,"274199,316209,450658,521161"
2314,2822,"274199,316209,521161"
2314,2823,"133892,199984"
2314,2826,124464
2314,2832,"124464,150817,389821,450548,493464,612518"
2314,2835,"133892,199984"
2314,2836,805158
2314,2837,"133892,199984,209038,458921,805158"
2314,2838,287608
2314,2839,"105769,331247,458921,477692,480899,1150209"
2314,2843,"133892,199984,209038,450548,456150,458921,493464,499303,600467,805158"
2314,2844,"499303,805158"
2314,2845,493464
2314,2847,458921
2314,2849,"130532,133892,199984,253171,288685,521982,612518,1058591,1109186"
2314,2851,288685
2314,2853,"133892,199984"
2314,2854,"133892,173319,193219,199984,209038,240683,274199,275401,288642,309563,314138,316209,323051,437974,458921,465771,478604,480899,521161,528757,579539,778698,805158,810351,876768,922200,942270,955120,1044423,1099947,1115415,1150209,1215438,1236845"
2314,2855,"275401,314138,437974,528757,805158"
2314,2856,309563
2314,2857,"458921,480899,1150209"
2314,2859,493464
2314,2862,"450548,493464"
2314,2863,528757
2314,2866,528757
2314,2869,450548
2314,2870,450548
2314,2871,465771
2314,2872,"450548,460089,528757"
2314,2875,"134545,287608,376854"
2314,2876,287608
2314,2877,287608
2314,2886,1058591
2314,2887,612518
2314,2889,124464
2314,2891,"287608,450548,600467,1160772"
2314,2892,287608
2314,2893,287608
2314,2894,287608
2314,2898,450548
2314,2900,493464
2314,2907,1058591
2314,2925,124464
2314,2934,893080
2314,2939,1058591
2314,2980,1058591
2314,2995,460089
2314,3002,757634
2314,3018,"193219,1163442"
2314,3019,338042
2314,3020,449166
2314,3031,338042
2314,3034,338042
2314,3041,1058591
2314,3042,449166
2314,3048,1058591
2314,3052,"101105,124784,521161,778698"
2314,3053,"521161,778698"
2314,3076,1058591
2314,3079,1058591
2314,3081,105769
2314,3082,579539
2314,3088,"309563,338042"
2314,3089,"309563,338042"
2314,3128,1058591
2314,3134,338042
2314,3154,521161
2314,3161,493464
2314,3163,1058591
2314,3188,579539
2314,3199,1163442
2314,3231,1058591
2314,3233,1058591
2314,3238,1058591
2314,3265,193219
2314,3267,1212318
2314,3281,124464
2314,3282,124464
2314,3292,1058591
2314,3319,1058591
2314,3376,449166
2314,3401,449166
2314,3433,133892
2314,3436,1157557
2314,3467,757634
2314,3472,1160772
2314,3499,1058591
2314,3523,133892
2314,3524,133892
2314,3527,"460089,480899"
2314,3530,480899
2314,3531,480899
2314,3537,314138
2314,3538,314138
2314,3544,133892
2314,3556,124464
2314,3557,124464
2314,3558,"493464,1058591"
2314,3560,1058591
2314,3561,"376513,763217"
2314,3563,1058591
2314,3565,1058591
2314,3566,1058591
2314,3571,"124464,329426"
2314,3594,101105
2314,3599,"133892,199984"
2314,3600,"133892,199984"
2314,3601,"274199,316209,450658,521161"
2314,3608,805158
2314,3613,124464
2314,3619,"274199,316209,521161"
2314,3620,"133892,199984,209038,458921,805158"
2314,3622,"458921,480899,1150209"
2314,3623,"105498,275401,287608,314138,437974,449166,499303,528757,805158,1046200,1139056,1212318"
2314,3624,"101105,287308,287608,288685,300450,307966,309563,324441,338042,493464,592510,1044582,1157557"
2314,3625,287608
2314,3626,"105769,331247,458921,477692,480899,1150209"
2314,3630,"133892,199984,209038,450548,456150,458921,493464,499303,600467,805158"
2314,3631,"499303,805158"
2314,3632,493464
2314,3634,458921
2314,3636,"130532,133892,199984,253171,288685,521982,612518,1058591,1109186"
2314,3638,288685
2314,3640,"133892,199984"
2314,3641,"133892,173319,193219,199984,209038,240683,274199,275401,288642,309563,314138,316209,323051,437974,458921,465771,478604,480899,521161,528757,579539,778698,805158,810351,876768,922200,942270,955120,1044423,1099947,1115415,1150209,1215438,1236845"
2314,3642,"275401,314138,437974,528757,805158"
2314,3643,309563
2314,3644,"124464,150817,389821,450548,493464,612518"
2314,3649,"450548,460089,528757"
2314,3650,528757
2314,3653,528757
2314,3656,450548
2314,3658,450548
2314,3662,"134545,287608,376854"
2314,3663,287608
2314,3664,287608
2314,3668,465771
2314,3669,1058591
2314,3670,1058591
2314,3673,"450548,493464"
2314,3674,612518
2314,3676,124464
2314,3678,"287608,450548,600467,1160772"
2314,3679,287608
2314,3680,287608
2314,3681,287608
2314,3685,450548
2314,3687,493464
2314,3693,493464
2314,3697,893080
2314,3713,124464
2314,3727,1058591
2314,3783,460089
2314,3790,757634
2314,3793,1058591
2314,3795,338042
2314,3796,338042
2314,3806,449166
2314,3815,"193219,1163442"
2314,3818,"521161,778698"
2314,3821,338042
2314,3828,1058591
2314,3829,449166
2314,3835,1058591
2314,3839,"101105,124784,521161,778698"
2314,3844,579539
2314,3863,1058591
2314,3874,"309563,338042"
2314,3875,"309563,338042"
2314,3919,338042
2314,3938,1058591
2314,3940,521161
2314,3946,493464
2314,3948,1058591
2314,3973,579539
2314,3984,1163442
2314,4016,1058591
2314,4018,1058591
2314,4023,1058591
2314,4040,193219
2314,4052,1212318
2314,4066,124464
2314,4067,124464
2314,4077,1058591
2314,4086,1058591
2314,4104,1058591
2314,4135,449166
2314,4159,449166
2314,4218,133892
2314,4221,1157557
2314,4247,1160772
2314,4252,757634
2314,4282,105769
2314,4306,133892
2314,4307,133892
2314,4312,"460089,480899"
2314,4315,480899
2314,4316,480899
2314,4322,314138
2314,4323,314138
2314,4329,133892
2314,4341,124464
2314,4342,124464
2314,4343,"124464,329426"
2314,4344,"493464,1058591"
2314,4346,"376513,763217"
2314,4348,1058591
2314,4350,1058591
2314,4351,1058591
2314,4354,1058591
2314,4357,101105
2314,4383,805158
2314,4384,"133892,199984"
2314,4385,"133892,199984"
2314,4386,"274199,316209,450658,521161"
2314,4392,"133892,199984,209038,458921,805158"
2314,4394,"274199,316209,521161"
2314,4398,124464
2314,4405,"458921,480899,1150209"
2314,4406,309563
2314,4408,"105498,275401,287608,314138,437974,449166,499303,528757,805158,1046200,1139056,1212318"
2314,4409,"101105,287308,287608,288685,300450,307966,309563,324441,338042,493464,592510,1044582,1157557"
2314,4410,287608
2314,4411,"105769,331247,458921,477692,480899,1150209"
2314,4415,"133892,199984,209038,450548,456150,458921,493464,499303,600467,805158"
2314,4416,"499303,805158"
2314,4417,493464
2314,4419,458921
2314,4421,"130532,133892,199984,253171,288685,521982,612518,1058591,1109186"
2314,4423,288685
2314,4425,"133892,199984"
2314,4426,"133892,173319,193219,199984,209038,240683,274199,275401,288642,309563,314138,316209,323051,437974,458921,465771,478604,480899,521161,528757,579539,778698,805158,810351,876768,922200,942270,955120,1044423,1099947,1115415,1150209,1215438,1236845"
2314,4427,"275401,314138,437974,528757,805158"
2314,4430,"124464,150817,389821,450548,493464,612518"
2314,4431,493464
2314,4434,"450548,460089,528757"
2314,4435,528757
2314,4438,528757
2314,4441,1058591
2314,4442,450548
2314,4443,465771
2314,4447,"134545,287608,376854"
2314,4448,287608
2314,4449,287608
2314,4452,450548
2314,4453,1058591
2314,4458,"450548,493464"
2314,4459,612518
2314,4461,124464
2314,4463,"287608,450548,600467,1160772"
2314,4464,287608
2314,4465,287608
2314,4466,287608
2314,4470,450548
2314,4472,493464
2314,4482,893080
2314,4498,124464
2314,4512,1058591
2314,4527,1058591
2314,4553,757634
2314,4568,460089
2314,4578,1058591
2314,4580,338042
2314,4581,338042
2314,4590,"193219,1163442"
2314,4591,449166
2314,4601,"521161,778698"
2314,4602,"101105,124784,521161,778698"
2314,4606,338042
2314,4613,1058591
2314,4614,449166
2314,4620,1058591
2314,4629,579539
2314,4659,"309563,338042"
2314,4660,"309563,338042"
2315,2322,"105649,132253,153534,171799,172457,176750,202124,226924,228704,238881,274953,281256,285626,290835,295124,297113,343449,344970,356945,400788,410397,455312,473077,479474,480255,480366,481450,497798,537265,550893,553151,573766,579243,592647,605523,614173,656134,684785,716095,818420,873625,881500,901879,908076,922746,923982,970916,1015669,1019603,1047905,1124305,1201800"
2315,2323,"116566,130464,132253,157047,172457,173559,188482,209608,240151,274953,281256,326781,425149,430600,477520,526976,537872,549038,550893,553151,573766,579353,606450,614173,732484,897112,929267,1029030,1030310,1037370,1039714"
2315,2365,238881
2315,2366,410397
2315,2374,302709
2315,2387,410397
2315,2388,"132260,1163180"
2315,2422,445207
2315,2447,445207
2315,2448,460754
2315,2460,445207
2315,2480,172457
2315,2481,579353
2315,2491,579353
2315,2493,"445207,711253"
2315,2501,1236406
2315,2504,181027
2315,2552,302709
2315,2578,172457
2315,2588,"132260,579353,1163180"
2315,2595,1037370
2315,2618,404347
2315,2628,445207
2315,2660,899725
2315,2672,"511024,549038"
2315,2674,1236406
2315,2696,302709
2315,2716,"339428,400788,563868,716095,836821,899725,953867,1029030,1061200"
2315,2724,"132253,245072,1029030"
2315,2725,"400788,716095"
2315,2726,132253
2315,2727,132253
2315,2728,"132253,245072,1029030"
2315,2729,"132253,1029030"
2315,2736,"132253,1029030"
2315,2737,"339428,400788,563868,716095,836821,899725,953867,1029030,1061200"
2315,2740,"482699,517175,526976,549038,875601"
2315,2742,"526976,549038"
2315,2743,"517175,526976,549038"
2315,2744,"526976,875601"
2315,2745,455312
2315,2746,455312
2315,2747,455312
2315,2750,1030310
2315,2752,1030310
2315,2753,415543
2315,2765,"153534,339428,462819,463969,511024"
2315,2775,818420
2315,2781,"380944,404347,454219,477520,480373,511792,543558,549038,558641"
2315,2782,"477520,549038"
2315,2783,"380944,404347,454219,480373,511792,543558,549038,558641"
2315,2784,955102
2315,2785,818420
2315,2786,"153534,339428,462819,463969,511024"
2315,2788,"178786,267956,549038"
2315,2794,157047
2315,2796,899725
2315,2799,1236406
2315,2800,1019603
2315,2801,1019603
2315,2807,240151
2315,2814,"131834,184070,202124,245072,267956,294576,356945,390199,419573,583156,586233,598391,814206,818420,895812,1019603"
2315,2815,"202124,356945,818420,1019603"
2315,2818,"131834,184070,202124,245072,267956,419573,583156,586233,814206,818420"
2315,2819,"202124,818420"
2315,2820,356945
2315,2821,356945
2315,2832,"130464,404347,415543,445207,480255,833102,1216244"
2315,2833,480255
2315,2838,"132253,172457,274953,281256,550893,553151,573766,614173"
2315,2839,"105649,116517,116566,123642,123949,125615,128265,130464,131834,132253,132260,138325,145566,147772,149886,152266,153534,155710,157047,160513,171799,172457,173559,176750,178285,178786,181964,184070,184841,186974,188482,189419,191747,195200,202124,203487,209608,213211,215374,226924,228704,238881,241262,245072,257663,262086,267956,269558,270927,271256,274467,281256,283278,285626,288714,291564,295124,296219,297113,302709,303696,304157,307874,310380,313472,317586,326483,339428,341341,343312,343449,344630,344970,349622,354817,368517,372225,380944,381797,388999,400788,404347,410397,411179,415543,419573,421208,421796,425951,427408,429092,430600,454219,455312,457865,460550,461515,462819,463969,466493,470805,471841,473077,473727,476652,479474,480255,480366,480373,482352,487513,500915,502556,511024,511792,517175,519137,526976,527677,537265,538133,538955,543558,548581,549038,551446,555013,558424,558641,558934,563868,568859,569912,574409,579243,583156,583460,584471,586233,587093,592647,595081,599293,601900,605207,605523,606450,622396,626163,674245,684785,716095,723771,732484,741466,741484,748250,770844,796188,805459,814206,818420,833102,836821,840183,864534,869078,873625,881500,881662,893132,897112,899725,901879,911967,922746,923982,930308,933793,953867,955102,959654,969405,970916,981371,985407,1005938,1015669,1022740,1029030,1037370,1047905,1055722,1061200,1066859,1075341,1089611,1098547,1105168,1106512,1110941,1121072,1124305,1159100,1163180,1165070,1166865,1168320,1198151,1201800,1210145,1216244,1235670,1236406"
2315,2840,"105649,132253,153534,171799,172457,176750,202124,226924,228704,238881,281256,285626,295124,297113,343449,344970,400788,410397,455312,473077,479474,480255,480366,537265,579243,592647,605523,684785,716095,818420,873625,881500,901879,922746,923982,970916,1015669,1047905,1124305,1201800"
2315,2841,"116566,130464,132253,157047,172457,173559,188482,209608,281256,430600,526976,549038,606450,732484,897112,1029030,1037370"
2315,2842,"132253,172457,281256"
2315,2843,"297113,349622,356945,366567,460754,538133,549038,579243,579353,584471"
2315,2844,"297113,356945,579243"
2315,2845,"549038,579353"
2315,2847,"297113,349622,538133,549038,579243,584471"
2315,2848,"297113,579243"
2315,2849,365174
2315,2854,"157047,213211,240151,381797,463969,500915,526976,555013,875601,1029030,1216244"
2315,2856,"157047,240151,526976,1029030"
2315,2857,"157047,213211,381797,463969,500915,526976,555013,1029030,1216244"
2315,2859,130464
2315,2863,228704
2315,2864,"130464,477520"
2315,2865,"130464,228704,586233"
2315,2867,586233
2315,2869,130464
2315,2870,477520
2315,2871,"899725,1019603"
2315,2872,"130464,228704,477520,586233"
2315,2873,1019603
2315,2874,1019603
2315,2883,899725
2315,2888,1216244
2315,2891,"477520,480366,495325,1019603"
2315,2892,"480366,1019603"
2315,2893,477520
2315,2895,480366
2315,2902,"176750,184841,527677,586233,716095,818420,873625,1030310,1047905"
2315,2903,"176750,716095,818420,873625,1047905"
2315,2904,1030310
2315,2905,"176750,184841,527677,586233,716095,818420,873625,1047905"
2315,2906,"176750,716095,818420,873625,1047905"
2315,2908,"130464,404347,415543,480255,833102,1216244"
2315,2919,"480255,981371"
2315,2920,480255
2315,2922,"480255,981371"
2315,2925,526976
2315,2933,302709
2315,2936,226924
2315,2951,583156
2315,2967,460754
2315,2971,"404347,454219,462819,511792,1089611"
2315,2972,"404347,454219,511792"
2315,2977,343449
2315,2978,343449
2315,2981,"404347,454219,462819,511792,1089611"
2315,2984,460754
2315,2995,130464
2315,2996,130464
2315,3027,1163180
2315,3042,460754
2315,3045,"586233,818420,873625,1030310"
2315,3046,"586233,818420,873625,1030310"
2315,3047,"586233,818420,873625"
2315,3048,181027
2315,3060,1163180
2315,3081,"132260,579353,1163180"
2315,3088,"195200,344630,454219,881500"
2315,3090,"195200,344630,454219,881500"
2315,3100,476652
2315,3103,476652
2315,3132,410397
2315,3153,238881
2315,3162,302709
2315,3175,410397
2315,3176,"132260,1163180"
2315,3210,445207
2315,3235,445207
2315,3236,460754
2315,3248,445207
2315,3256,"445207,711253"
2315,3258,172457
2315,3268,579353
2315,3269,579353
2315,3289,1236406
2315,3292,181027
2315,3340,302709
2315,3356,172457
2315,3383,1037370
2315,3406,404347
2315,3415,445207
2315,3426,899725
2315,3460,"511024,549038"
2315,3472,1236406
2315,3484,302709
2315,3500,343449
2315,3501,"339428,400788,563868,716095,836821,899725,953867,1029030,1061200"
2315,3502,"400788,716095"
2315,3503,"339428,400788,563868,716095,836821,899725,953867,1029030,1061200"
2315,3512,132253
2315,3513,"132253,1029030"
2315,3514,132253
2315,3515,"132253,245072,1029030"
2315,3516,"132253,1029030"
2315,3521,"132253,245072,1029030"
2315,3527,"482699,517175,526976,549038,875601"
2315,3529,"526976,549038"
2315,3530,"517175,526976,549038"
2315,3531,"526976,875601"
2315,3532,455312
2315,3533,455312
2315,3534,455312
2315,3537,1030310
2315,3539,1030310
2315,3540,415543
2315,3550,"153534,339428,462819,463969,511024"
2315,3552,"153534,339428,462819,463969,511024"
2315,3561,818420
2315,3562,818420
2315,3568,"380944,404347,454219,477520,480373,511792,543558,549038,558641"
2315,3569,"477520,549038"
2315,3571,"178786,267956,549038"
2315,3581,157047
2315,3583,899725
2315,3586,1236406
2315,3587,1019603
2315,3588,1019603
2315,3594,240151
2315,3596,"380944,404347,454219,480373,511792,543558,549038,558641"
2315,3601,"131834,184070,202124,245072,267956,294576,356945,390199,419573,583156,586233,598391,814206,818420,895812,1019603"
2315,3602,"202124,356945,818420,1019603"
2315,3605,"131834,184070,202124,245072,267956,419573,583156,586233,814206,818420"
2315,3606,"202124,818420"
2315,3607,356945
2315,3609,356945
2315,3622,"157047,213211,381797,463969,500915,526976,555013,1029030,1216244"
2315,3623,"105649,132253,153534,171799,172457,176750,202124,226924,228704,238881,274953,281256,285626,290835,295124,297113,343449,344970,356945,400788,410397,455312,473077,479474,480255,480366,481450,497798,537265,550893,553151,573766,579243,592647,605523,614173,656134,684785,716095,818420,873625,881500,901879,908076,922746,923982,970916,1015669,1019603,1047905,1124305,1201800"
2315,3624,"116566,130464,132253,157047,172457,173559,188482,209608,240151,274953,281256,326781,425149,430600,477520,526976,537872,549038,550893,553151,573766,579353,606450,614173,732484,897112,929267,1029030,1030310,1037370,1039714"
2315,3625,"132253,172457,274953,281256,550893,553151,573766,614173"
2315,3626,"105649,116517,116566,123642,123949,125615,128265,130464,131834,132253,132260,138325,145566,147772,149886,152266,153534,155710,157047,160513,171799,172457,173559,176750,178285,178786,181964,184070,184841,186974,188482,189419,191747,195200,202124,203487,209608,213211,215374,226924,228704,238881,241262,245072,257663,262086,267956,269558,270927,271256,274467,281256,283278,285626,288714,291564,295124,296219,297113,302709,303696,304157,307874,310380,313472,317586,326483,339428,341341,343312,343449,344630,344970,349622,354817,368517,372225,380944,381797,388999,400788,404347,410397,411179,415543,419573,421208,421796,425951,427408,429092,430600,454219,455312,457865,460550,461515,462819,463969,466493,470805,471841,473077,473727,476652,479474,480255,480366,480373,482352,487513,500915,502556,511024,511792,517175,519137,526976,527677,537265,538133,538955,543558,548581,549038,551446,555013,558424,558641,558934,563868,568859,569912,574409,579243,583156,583460,584471,586233,587093,592647,595081,599293,601900,605207,605523,606450,622396,626163,674245,684785,716095,723771,732484,741466,741484,748250,770844,796188,805459,814206,818420,833102,836821,840183,864534,869078,873625,881500,881662,893132,897112,899725,901879,911967,922746,923982,930308,933793,953867,955102,959654,969405,970916,981371,985407,1005938,1015669,1022740,1029030,1037370,1047905,1055722,1061200,1066859,1075341,1089611,1098547,1105168,1106512,1110941,1121072,1124305,1159100,1163180,1165070,1166865,1168320,1198151,1201800,1210145,1216244,1235670,1236406"
2315,3627,"105649,132253,153534,171799,172457,176750,202124,226924,228704,238881,281256,285626,295124,297113,343449,344970,400788,410397,455312,473077,479474,480255,480366,537265,579243,592647,605523,684785,716095,818420,873625,881500,901879,922746,923982,970916,1015669,1047905,1124305,1201800"
2315,3628,"116566,130464,132253,157047,172457,173559,188482,209608,281256,430600,526976,549038,606450,732484,897112,1029030,1037370"
2315,3629,"132253,172457,281256"
2315,3630,"297113,349622,356945,366567,460754,538133,549038,579243,579353,584471"
2315,3631,"297113,356945,579243"
2315,3632,"549038,579353"
2315,3634,"297113,349622,538133,549038,579243,584471"
2315,3635,"297113,579243"
2315,3636,365174
2315,3641,"157047,213211,240151,381797,463969,500915,526976,555013,875601,1029030,1216244"
2315,3643,"157047,240151,526976,1029030"
2315,3644,"130464,404347,415543,445207,480255,833102,1216244"
2315,3646,480255
2315,3649,"130464,228704,477520,586233"
2315,3650,228704
2315,3651,"130464,477520"
2315,3652,"130464,228704,586233"
2315,3654,586233
2315,3656,130464
2315,3658,477520
2315,3659,1019603
2315,3660,899725
2315,3661,1019603
2315,3668,"899725,1019603"
2315,3671,"176750,716095,818420,873625,1047905"
2315,3672,"130464,404347,415543,480255,833102,1216244"
2315,3675,1216244
2315,3678,"477520,480366,495325,1019603"
2315,3679,"480366,1019603"
2315,3680,477520
2315,3682,480366
2315,3689,"176750,184841,527677,586233,716095,818420,873625,1030310,1047905"
2315,3690,"176750,716095,818420,873625,1047905"
2315,3691,1030310
2315,3692,"176750,184841,527677,586233,716095,818420,873625,1047905"
2315,3693,130464
2315,3695,955102
2315,3698,302709
2315,3708,480255
2315,3709,"480255,981371"
2315,3713,526976
2315,3717,"480255,981371"
2315,3724,226924
2315,3739,583156
2315,3755,460754
2315,3756,460754
2315,3758,"404347,454219,462819,511792,1089611"
2315,3759,"404347,454219,462819,511792,1089611"
2315,3760,"404347,454219,511792"
2315,3765,343449
2315,3783,130464
2315,3784,130464
2315,3814,1163180
2315,3829,460754
2315,3832,"586233,818420,873625,1030310"
2315,3833,"586233,818420,873625,1030310"
2315,3834,"586233,818420,873625"
2315,3835,181027
2315,3847,1163180
2315,3867,476652
2315,3874,"195200,344630,454219,881500"
2315,3876,"195200,344630,454219,881500"
2315,3886,476652
2315,3915,410397
2315,3916,238881
2315,3947,302709
2315,3960,410397
2315,3961,"132260,1163180"
2315,3995,445207
2315,4020,445207
2315,4021,460754
2315,4033,445207
2315,4041,"445207,711253"
2315,4043,172457
2315,4053,579353
2315,4054,579353
2315,4074,1236406
2315,4077,181027
2315,4125,302709
2315,4141,172457
2315,4168,1037370
2315,4191,404347
2315,4200,445207
2315,4209,899725
2315,4246,"511024,549038"
2315,4247,1236406
2315,4269,302709
2315,4282,"132260,579353,1163180"
2315,4284,343449
2315,4286,"339428,400788,563868,716095,836821,899725,953867,1029030,1061200"
2315,4287,"400788,716095"
2315,4288,"339428,400788,563868,716095,836821,899725,953867,1029030,1061200"
2315,4296,"132253,245072,1029030"
2315,4297,132253
2315,4298,"132253,1029030"
2315,4299,132253
2315,4300,"132253,245072,1029030"
2315,4301,"132253,1029030"
2315,4312,"482699,517175,526976,549038,875601"
2315,4314,"526976,549038"
2315,4315,"517175,526976,549038"
2315,4316,"526976,875601"
2315,4317,455312
2315,4318,455312
2315,4319,455312
2315,4322,1030310
2315,4324,1030310
2315,4325,415543
2315,4335,"153534,339428,462819,463969,511024"
2315,4337,"153534,339428,462819,463969,511024"
2315,4343,"178786,267956,549038"
2315,4346,818420
2315,4347,818420
2315,4353,"380944,404347,454219,477520,480373,511792,543558,549038,558641"
2315,4357,240151
2315,4366,157047
2315,4368,899725
2315,4371,1236406
2315,4372,1019603
2315,4373,1019603
2315,4380,"477520,549038"
2315,4386,"131834,184070,202124,245072,267956,294576,356945,390199,419573,583156,586233,598391,814206,818420,895812,1019603"
2315,4387,"202124,356945,818420,1019603"
2315,4390,"131834,184070,202124,245072,267956,419573,583156,586233,814206,818420"
2315,4391,"202124,818420"
2315,4393,356945
2315,4403,356945
2315,4405,"157047,213211,381797,463969,500915,526976,555013,1029030,1216244"
2315,4406,"157047,240151,526976,1029030"
2315,4408,"105649,132253,153534,171799,172457,176750,202124,226924,228704,238881,274953,281256,285626,290835,295124,297113,343449,344970,356945,400788,410397,455312,473077,479474,480255,480366,481450,497798,537265,550893,553151,573766,579243,592647,605523,614173,656134,684785,716095,818420,873625,881500,901879,908076,922746,923982,970916,1015669,1019603,1047905,1124305,1201800"
2315,4409,"116566,130464,132253,157047,172457,173559,188482,209608,240151,274953,281256,326781,425149,430600,477520,526976,537872,549038,550893,553151,573766,579353,606450,614173,732484,897112,929267,1029030,1030310,1037370,1039714"
2315,4410,"132253,172457,274953,281256,550893,553151,573766,614173"
2315,4411,"105649,116517,116566,123642,123949,125615,128265,130464,131834,132253,132260,138325,145566,147772,149886,152266,153534,155710,157047,160513,171799,172457,173559,176750,178285,178786,181964,184070,184841,186974,188482,189419,191747,195200,202124,203487,209608,213211,215374,226924,228704,238881,241262,245072,257663,262086,267956,269558,270927,271256,274467,281256,283278,285626,288714,291564,295124,296219,297113,302709,303696,304157,307874,310380,313472,317586,326483,339428,341341,343312,343449,344630,344970,349622,354817,368517,372225,380944,381797,388999,400788,404347,410397,411179,415543,419573,421208,421796,425951,427408,429092,430600,454219,455312,457865,460550,461515,462819,463969,466493,470805,471841,473077,473727,476652,479474,480255,480366,480373,482352,487513,500915,502556,511024,511792,517175,519137,526976,527677,537265,538133,538955,543558,548581,549038,551446,555013,558424,558641,558934,563868,568859,569912,574409,579243,583156,583460,584471,586233,587093,592647,595081,599293,601900,605207,605523,606450,622396,626163,674245,684785,716095,723771,732484,741466,741484,748250,770844,796188,805459,814206,818420,833102,836821,840183,864534,869078,873625,881500,881662,893132,897112,899725,901879,911967,922746,923982,930308,933793,953867,955102,959654,969405,970916,981371,985407,1005938,1015669,1022740,1029030,1037370,1047905,1055722,1061200,1066859,1075341,1089611,1098547,1105168,1106512,1110941,1121072,1124305,1159100,1163180,1165070,1166865,1168320,1198151,1201800,1210145,1216244,1235670,1236406"
2315,4412,"105649,132253,153534,171799,172457,176750,202124,226924,228704,238881,281256,285626,295124,297113,343449,344970,400788,410397,455312,473077,479474,480255,480366,537265,579243,592647,605523,684785,716095,818420,873625,881500,901879,922746,923982,970916,1015669,1047905,1124305,1201800"
2315,4413,"116566,130464,132253,157047,172457,173559,188482,209608,281256,430600,526976,549038,606450,732484,897112,1029030,1037370"
2315,4414,"132253,172457,281256"
2315,4415,"297113,349622,356945,366567,460754,538133,549038,579243,579353,584471"
2315,4416,"297113,356945,579243"
2315,4417,"549038,579353"
2315,4419,"297113,349622,538133,549038,579243,584471"
2315,4420,"297113,579243"
2315,4421,365174
2315,4426,"157047,213211,240151,381797,463969,500915,526976,555013,875601,1029030,1216244"
2315,4430,"130464,404347,415543,445207,480255,833102,1216244"
2315,4431,130464
2315,4434,"130464,228704,477520,586233"
2315,4435,228704
2315,4436,"130464,477520"
2315,4437,"130464,228704,586233"
2315,4439,586233
2315,4442,130464
2315,4443,"899725,1019603"
2315,4444,1019603
2315,4445,899725
2315,4446,1019603
2315,4452,477520
2315,4454,"176750,716095,818420,873625,1047905"
2315,4455,"176750,184841,527677,586233,716095,818420,873625,1047905"
2315,4457,"130464,404347,415543,480255,833102,1216244"
2315,4460,1216244
2315,4463,"477520,480366,495325,1019603"
2315,4464,"480366,1019603"
2315,4465,477520
2315,4467,480366
2315,4474,"176750,184841,527677,586233,716095,818420,873625,1030310,1047905"
2315,4475,"176750,716095,818420,873625,1047905"
2315,4476,1030310
2315,4477,480255
2315,4478,343449
2315,4479,"380944,404347,454219,480373,511792,543558,549038,558641"
2315,4483,302709
2315,4492,"480255,981371"
2315,4493,480255
2315,4494,"480255,981371"
2315,4498,526976
2315,4509,226924
2315,4524,583156
2315,4530,460754
2315,4543,"404347,454219,462819,511792,1089611"
2315,4544,"404347,454219,462819,511792,1089611"
2315,4545,"404347,454219,511792"
2315,4550,460754
2315,4568,130464
2315,4569,130464
2315,4576,955102
2315,4614,460754
2315,4617,"586233,818420,873625,1030310"
2315,4618,"586233,818420,873625,1030310"
2315,4619,"586233,818420,873625"
2315,4620,181027
2315,4624,1163180
2315,4632,1163180
2315,4650,476652
2315,4659,"195200,344630,454219,881500"
2315,4661,"195200,344630,454219,881500"
2315,4671,476652
2316,2322,596052
2316,2697,596052
2316,2725,596052
2316,2737,596052
2316,2832,596052
2316,2833,596052
2316,2891,596052
2316,2892,596052
2316,2898,596052
2316,2899,596052
2316,3485,596052
2316,3501,596052
2316,3502,596052
2316,3623,596052
2316,3644,596052
2316,3646,596052
2316,3678,596052
2316,3679,596052
2316,3685,596052
2316,3686,596052
2316,4270,596052
2316,4286,596052
2316,4287,596052
2316,4408,596052
2316,4430,596052
2316,4463,596052
2316,4464,596052
2316,4470,596052
2316,4471,596052
2316,4477,596052
2317,2378,191426
2317,2413,191426
2317,2448,191426
2317,2518,230856
2317,2535,191426
2317,2637,230856
2317,2666,191426
2317,2839,1170991
2317,2849,230856
2317,2907,191426
2317,2925,794248
2317,3028,191426
2317,3029,191426
2317,3166,191426
2317,3201,191426
2317,3236,191426
2317,3323,191426
2317,3427,230856
2317,3478,191426
2317,3497,230856
2317,3626,1170991
2317,3636,230856
2317,3670,191426
2317,3713,794248
2317,3840,191426
2317,3842,191426
2317,3952,191426
2317,3986,191426
2317,4021,191426
2317,4108,191426
2317,4212,230856
2317,4235,230856
2317,4263,191426
2317,4411,1170991
2317,4421,230856
2317,4453,191426
2317,4498,794248
2317,4626,191426
2317,4673,191426
2318,2320,447321
2318,2322,"129151,131514,150303,157246,163934,348948,470752,491803,575826,609205,622174,949568,1163690"
2318,2323,"354730,381808,419033,447321,470752,609205,717621,1032078"
2318,2344,622174
2318,2360,622174
2318,2366,348948
2318,2387,407466
2318,2399,441047
2318,2406,717621
2318,2408,516711
2318,2411,704970
2318,2430,1163690
2318,2445,622174
2318,2446,"470752,622174"
2318,2448,470752
2318,2449,622174
2318,2454,"470752,496860"
2318,2466,622174
2318,2521,704970
2318,2523,622174
2318,2551,516711
2318,2552,622174
2318,2570,348948
2318,2580,961949
2318,2594,"354730,470752"
2318,2595,"348948,1163690"
2318,2596,447321
2318,2626,622174
2318,2648,350965
2318,2665,496860
2318,2681,484507
2318,2698,1163690
2318,2724,"447321,453207,484507,1017280"
2318,2730,447321
2318,2731,"447321,453207,484507,1017280"
2318,2732,163934
2318,2733,163934
2318,2736,447321
2318,2740,"113725,704970"
2318,2769,277935
2318,2774,1032078
2318,2781,734827
2318,2786,1032078
2318,2787,129151
2318,2788,129151
2318,2796,"622174,1163690"
2318,2797,"622174,1163690"
2318,2813,441047
2318,2814,482740
2318,2826,"131514,150303,228538,320242,348948,354730,376207,407466,447321,453207,463253,470042,470752,482740,484507,491803,516711,575826,576380,581633,622174,704970,734827,824083,867784,883193,949568,1017280,1032078,1034893,1087105,1163690"
2318,2827,"131514,150303,348948,470752,491803,575826,622174,949568,1163690"
2318,2828,"354730,447321,470752,1032078"
2318,2829,"131514,447321"
2318,2830,"348948,463253,1032078,1163690"
2318,2831,482740
2318,2832,"131514,150303,463253,879040,1017280,1032078"
2318,2833,"131514,150303"
2318,2838,"470752,609205"
2318,2839,"163869,163934"
2318,2840,163934
2318,2843,"131514,447321,961949"
2318,2844,131514
2318,2845,447321
2318,2849,479921
2318,2854,"157246,325831,341101,348948,350965,463253,717621,1032078,1163690"
2318,2855,"157246,348948,1163690"
2318,2856,"717621,1032078"
2318,2859,1032078
2318,2862,131514
2318,2875,341101
2318,2878,341101
2318,2888,"463253,1032078"
2318,2889,"131514,150303,463253,1017280,1032078"
2318,2890,"131514,150303"
2318,2891,"320242,463253,734827,879040,1071331,1163690"
2318,2892,1163690
2318,2896,"463253,1163690"
2318,2897,"320242,463253,734827,1163690"
2318,2898,"463253,879040"
2318,2900,622174
2318,2935,622174
2318,2936,441047
2318,2954,"150303,228538,381808,470752,622174"
2318,2955,"150303,470752,622174"
2318,2956,"150303,228538,470752,622174"
2318,2969,622174
2318,2998,622174
2318,2999,1163690
2318,3003,163934
2318,3004,622174
2318,3024,622174
2318,3055,622174
2318,3057,622174
2318,3058,622174
2318,3088,734827
2318,3100,470752
2318,3101,470752
2318,3102,470752
2318,3104,150303
2318,3122,622174
2318,3132,348948
2318,3148,622174
2318,3175,407466
2318,3187,441047
2318,3194,717621
2318,3196,516711
2318,3199,704970
2318,3216,622174
2318,3218,1163690
2318,3228,622174
2318,3234,"470752,622174"
2318,3236,470752
2318,3237,622174
2318,3242,"470752,496860"
2318,3309,704970
2318,3311,622174
2318,3339,516711
2318,3340,622174
2318,3358,348948
2318,3368,961949
2318,3382,"354730,470752"
2318,3383,"348948,1163690"
2318,3384,447321
2318,3414,622174
2318,3436,350965
2318,3469,484507
2318,3476,496860
2318,3486,1163690
2318,3513,447321
2318,3517,447321
2318,3518,"447321,453207,484507,1017280"
2318,3519,163934
2318,3520,163934
2318,3521,"447321,453207,484507,1017280"
2318,3527,"113725,704970"
2318,3550,1032078
2318,3551,1032078
2318,3556,277935
2318,3559,129151
2318,3568,734827
2318,3571,129151
2318,3583,"622174,1163690"
2318,3584,"622174,1163690"
2318,3597,441047
2318,3601,482740
2318,3613,"131514,150303,228538,320242,348948,354730,376207,407466,447321,453207,463253,470042,470752,482740,484507,491803,516711,575826,576380,581633,622174,704970,734827,824083,867784,883193,949568,1017280,1032078,1034893,1087105,1163690"
2318,3614,"131514,150303,348948,470752,491803,575826,622174,949568,1163690"
2318,3615,"354730,447321,470752,1032078"
2318,3616,"131514,447321"
2318,3617,"348948,463253,1032078,1163690"
2318,3618,482740
2318,3623,"129151,131514,150303,157246,163934,348948,470752,491803,575826,609205,622174,949568,1163690"
2318,3624,"354730,381808,419033,447321,470752,609205,717621,1032078"
2318,3625,"470752,609205"
2318,3626,"163869,163934"
2318,3627,163934
2318,3630,"131514,447321,961949"
2318,3631,131514
2318,3632,447321
2318,3636,479921
2318,3641,"157246,325831,341101,348948,350965,463253,717621,1032078,1163690"
2318,3642,"157246,348948,1163690"
2318,3643,"717621,1032078"
2318,3644,"131514,150303,463253,879040,1017280,1032078"
2318,3646,"131514,150303"
2318,3662,341101
2318,3665,341101
2318,3673,131514
2318,3675,"463253,1032078"
2318,3676,"131514,150303,463253,1017280,1032078"
2318,3677,"131514,150303"
2318,3678,"320242,463253,734827,879040,1071331,1163690"
2318,3679,1163690
2318,3683,"463253,1163690"
2318,3684,"320242,463253,734827,1163690"
2318,3685,"463253,879040"
2318,3687,622174
2318,3693,1032078
2318,3706,622174
2318,3718,"150303,228538,470752,622174"
2318,3719,"150303,470752,622174"
2318,3720,"150303,228538,381808,470752,622174"
2318,3724,441047
2318,3757,622174
2318,3768,622174
2318,3769,163934
2318,3786,622174
2318,3787,1163690
2318,3811,622174
2318,3866,150303
2318,3868,622174
2318,3869,622174
2318,3874,734827
2318,3886,470752
2318,3887,470752
2318,3888,470752
2318,3889,622174
2318,3892,447321
2318,3907,622174
2318,3915,348948
2318,3933,622174
2318,3960,407466
2318,3972,441047
2318,3979,717621
2318,3981,516711
2318,3984,704970
2318,3991,622174
2318,4000,622174
2318,4003,1163690
2318,4019,"470752,622174"
2318,4021,470752
2318,4022,622174
2318,4027,"470752,496860"
2318,4094,704970
2318,4096,622174
2318,4124,516711
2318,4125,622174
2318,4143,348948
2318,4153,961949
2318,4167,"354730,470752"
2318,4168,"348948,1163690"
2318,4169,447321
2318,4199,622174
2318,4221,350965
2318,4254,484507
2318,4261,496860
2318,4271,1163690
2318,4296,"447321,453207,484507,1017280"
2318,4298,447321
2318,4302,447321
2318,4303,"447321,453207,484507,1017280"
2318,4304,163934
2318,4312,"113725,704970"
2318,4330,163934
2318,4331,441047
2318,4334,129151
2318,4335,1032078
2318,4336,1032078
2318,4341,277935
2318,4343,129151
2318,4353,734827
2318,4368,"622174,1163690"
2318,4369,"622174,1163690"
2318,4386,482740
2318,4398,"131514,150303,228538,320242,348948,354730,376207,407466,447321,453207,463253,470042,470752,482740,484507,491803,516711,575826,576380,581633,622174,704970,734827,824083,867784,883193,949568,1017280,1032078,1034893,1087105,1163690"
2318,4399,"131514,150303,348948,470752,491803,575826,622174,949568,1163690"
2318,4400,"354730,447321,470752,1032078"
2318,4401,"131514,447321"
2318,4402,"348948,463253,1032078,1163690"
2318,4406,"717621,1032078"
2318,4408,"129151,131514,150303,157246,163934,348948,470752,491803,575826,609205,622174,949568,1163690"
2318,4409,"354730,381808,419033,447321,470752,609205,717621,1032078"
2318,4410,"470752,609205"
2318,4411,"163869,163934"
2318,4412,163934
2318,4415,"131514,447321,961949"
2318,4416,131514
2318,4417,447321
2318,4418,447321
2318,4421,479921
2318,4426,"157246,325831,341101,348948,350965,463253,717621,1032078,1163690"
2318,4427,"157246,348948,1163690"
2318,4428,482740
2318,4430,"131514,150303,463253,879040,1017280,1032078"
2318,4431,1032078
2318,4447,341101
2318,4450,341101
2318,4458,131514
2318,4460,"463253,1032078"
2318,4461,"131514,150303,463253,1017280,1032078"
2318,4462,"131514,150303"
2318,4463,"320242,463253,734827,879040,1071331,1163690"
2318,4464,1163690
2318,4468,"463253,1163690"
2318,4469,"320242,463253,734827,1163690"
2318,4470,"463253,879040"
2318,4472,622174
2318,4477,"131514,150303"
2318,4481,622174
2318,4490,"150303,228538,470752,622174"
2318,4502,"150303,470752,622174"
2318,4503,"150303,228538,381808,470752,622174"
2318,4509,441047
2318,4542,622174
2318,4551,622174
2318,4552,163934
2318,4571,622174
2318,4572,1163690
2318,4596,622174
2318,4627,622174
2318,4649,150303
2318,4651,470752
2318,4653,622174
2318,4654,622174
2318,4659,734827
2318,4671,470752
2318,4672,470752
2319,2322,"250397,275978,599725,601640,869865,997163"
2319,2323,347996
2319,2341,120286
2319,2364,392706
2319,2457,250397
2319,2489,275978
2319,2499,869865
2319,2509,392706
2319,2579,599725
2319,2604,156096
2319,2645,156096
2319,2687,130555
2319,2719,156096
2319,2723,156096
2319,2732,156096
2319,2734,156096
2319,2740,275978
2319,2741,275978
2319,2745,392706
2319,2814,250397
2319,2815,250397
2319,2832,120286
2319,2836,869865
2319,2837,869865
2319,2839,"355203,543430,869865"
2319,2840,869865
2319,2843,869865
2319,2844,869865
2319,2847,869865
2319,2848,869865
2319,2854,"385630,869865"
2319,2855,869865
2319,2857,869865
2319,2858,869865
2319,2863,"275978,599725,997163"
2319,2869,120286
2319,2871,227626
2319,2872,"120286,227626,275978,572651,599725,613217,997163,1225976"
2319,2880,156096
2319,2891,"156096,385630"
2319,2896,385630
2319,2930,869865
2319,3028,392706
2319,3037,156096
2319,3038,156096
2319,3041,869865
2319,3042,156096
2319,3043,130555
2319,3087,392706
2319,3096,156096
2319,3097,156096
2319,3152,392706
2319,3154,120286
2319,3245,250397
2319,3253,275978
2319,3287,869865
2319,3297,392706
2319,3366,599725
2319,3392,156096
2319,3433,156096
2319,3465,130555
2319,3506,156096
2319,3511,156096
2319,3519,156096
2319,3527,275978
2319,3528,275978
2319,3532,392706
2319,3546,156096
2319,3601,250397
2319,3602,250397
2319,3608,869865
2319,3620,869865
2319,3621,869865
2319,3622,869865
2319,3623,"250397,275978,599725,601640,869865,997163"
2319,3624,347996
2319,3626,"355203,543430,869865"
2319,3627,869865
2319,3630,869865
2319,3631,869865
2319,3634,869865
2319,3635,869865
2319,3641,"385630,869865"
2319,3642,869865
2319,3644,120286
2319,3649,"120286,227626,275978,572651,599725,613217,997163,1225976"
2319,3650,"275978,599725,997163"
2319,3656,120286
2319,3667,156096
2319,3668,227626
2319,3678,"156096,385630"
2319,3683,385630
2319,3744,869865
2319,3824,156096
2319,3825,156096
2319,3828,869865
2319,3829,156096
2319,3830,130555
2319,3840,392706
2319,3873,392706
2319,3882,156096
2319,3883,156096
2319,3937,392706
2319,3940,120286
2319,3989,275978
2319,4030,250397
2319,4072,869865
2319,4082,392706
2319,4151,599725
2319,4177,156096
2319,4218,156096
2319,4250,130555
2319,4291,156096
2319,4304,156096
2319,4305,156096
2319,4312,275978
2319,4313,275978
2319,4317,392706
2319,4332,156096
2319,4382,156096
2319,4383,869865
2319,4386,250397
2319,4387,250397
2319,4392,869865
2319,4404,869865
2319,4405,869865
2319,4408,"250397,275978,599725,601640,869865,997163"
2319,4409,347996
2319,4411,"355203,543430,869865"
2319,4412,869865
2319,4415,869865
2319,4416,869865
2319,4419,869865
2319,4420,869865
2319,4426,"385630,869865"
2319,4427,869865
2319,4430,120286
2319,4434,"120286,227626,275978,572651,599725,613217,997163,1225976"
2319,4435,"275978,599725,997163"
2319,4442,120286
2319,4443,227626
2319,4463,"156096,385630"
2319,4468,385630
2319,4575,869865
2319,4609,156096
2319,4610,156096
2319,4613,869865
2319,4614,156096
2319,4615,130555
2319,4626,392706
2319,4658,392706
2319,4667,156096
2319,4668,156096
