source,target,user_id
0,3,264679
0,4,"221900,866133"
0,5,"221900,478530,866133"
0,6,"118606,410571"
0,16,285365
0,25,115022
0,54,428273
1,2,"178285,226924,288714,432898"
1,3,176750
1,4,585456
1,7,"150269,343202,585456"
1,16,226985
1,27,116517
2,3,"149886,226924,273864,303696,474879"
2,4,432898
2,7,432898
2,10,"288714,913899"
2,23,"223109,580829"
2,30,301967
2,31,301967
2,49,178285
3,5,264679
3,6,176750
3,7,"226924,273864,303696,474879,923982"
3,8,"149886,472947"
3,23,317586
3,32,154132
3,49,146032
4,8,432898
4,9,"221900,465308"
4,11,"380236,717621"
4,12,"168953,285090,355812"
4,13,132519
4,14,"114932,132519,332635,574109"
4,16,585456
4,17,866133
4,22,251114
4,43,575523
5,9,221900
5,11,876768
5,12,280880
5,13,"274953,280880,476566"
5,14,264679
5,17,"478530,498303,866133"
5,18,355661
5,20,145478
5,26,482512
5,28,482512
6,9,176750
6,10,176750
6,11,"118606,193191"
6,12,390199
6,14,274132
6,17,498303
6,26,482512
6,28,482512
6,35,538133
6,52,119521
6,93,410571
7,8,"150269,226924,343202,432898,923982"
7,10,"273864,303696"
7,16,"252704,585456"
7,21,"191681,474879"
8,9,432898
8,10,"343202,432898"
8,14,226924
8,15,923982
8,16,"149886,923982"
8,19,472947
8,35,468551
8,39,278491
8,41,"150269,278491"
8,43,150269
9,12,"176750,221900"
9,13,"221900,465308"
9,14,188309
9,15,"180230,711978"
9,16,432898
9,18,438114
9,22,483211
10,12,"176750,273864"
10,13,273864
10,16,"215374,303696,432898,516389,913899"
10,18,288714
10,19,343202
11,17,118606
11,18,189283
11,20,717621
11,22,402831
11,24,624174
11,29,"193191,519327"
11,31,380236
11,65,876768
12,15,"147391,273864,280880,598886,835363,874591"
12,16,273864
12,17,221900
12,18,"120286,390199"
12,19,"176750,915090"
12,28,285090
12,30,355812
12,37,460243
12,40,168953
12,42,460243
12,63,223786
13,15,"273864,274953,280880,321135,835363,874591,957568"
13,16,273864
13,17,"221900,321135"
13,18,"262442,412666,530327"
13,22,476566
13,24,465308
13,29,863705
13,30,132519
13,36,"205800,312415"
13,37,460243
13,38,"106174,465004"
13,39,206416
13,41,465004
13,42,460243
13,64,625091
14,15,"321135,503579,957568"
14,16,226924
14,17,321135
14,20,332635
14,24,188309
14,25,195808
14,29,"114932,264679,274132,574109"
14,30,132519
14,32,264679
14,33,264679
14,37,499127
14,38,"106174,465004"
14,39,206416
14,40,365367
14,41,465004
15,18,"274953,598886,711978,923982"
15,19,923982
15,20,321135
15,24,"147391,280880,345624,835363"
15,25,957568
15,29,874591
15,30,"180230,273864"
15,32,273864
15,57,130184
15,63,503579
16,18,"585456,923982"
16,19,"215374,226924,226985,303696,432898,516389,913899,923982"
16,21,149886
16,24,345624
16,27,285365
16,30,273864
16,32,273864
16,61,252704
17,18,866133
17,20,"164308,321135,478530,866133"
17,29,287754
17,34,498303
17,42,118606
17,43,118606
17,63,221900
18,21,"288714,923982"
18,22,274953
18,24,866133
18,25,866133
18,26,355661
18,27,390199
18,29,"438114,578902"
18,30,"438114,711978"
18,31,711978
18,38,"416890,820248"
18,39,412666
18,40,598886
18,42,417444
18,43,262442
18,45,416890
18,48,120286
18,51,"120286,530327"
18,71,189283
18,88,585456
18,90,585456
19,21,"176750,226924,303696,472947,913899,923982"
19,22,915090
19,23,215374
19,27,343202
19,35,226985
19,39,516389
19,46,227628
19,64,432898
19,66,432898
20,22,478530
20,24,"332635,866133"
20,25,"332635,717621,866133"
20,26,164308
20,37,145478
20,41,347942
20,42,145478
20,48,338288
20,82,321135
21,23,"149886,176750,303696,472947,913899,923982"
21,24,176750
21,27,288714
21,31,226924
21,32,"226924,626547"
21,40,266177
21,56,191681
21,61,474879
22,24,188588
22,25,"231893,274953,915090"
22,26,"131516,478530"
22,28,"911734,997163"
22,34,476566
22,37,251114
22,38,402831
22,63,483211
23,27,"149886,215374,303696,317586,913899"
23,32,"176750,472947,923982"
23,40,580829
23,45,580829
23,49,223109
23,50,223109
24,26,"332635,866133"
24,28,147391
24,30,188588
24,32,176750
24,35,624174
24,36,"188309,280880,465308"
24,40,"209276,345624"
24,59,835363
25,26,"332635,717621,866133,1005767"
25,27,115022
25,29,915090
25,37,336247
25,39,"231893,957568"
25,42,274953
25,43,274953
25,73,195808
26,29,717621
26,30,"131516,717621"
26,31,"131516,866133"
26,33,"478530,866133"
26,34,"1005767,1059459"
26,39,"332635,355661"
26,42,355661
26,44,332635
26,47,482512
26,52,164308
26,54,133917
27,29,"149886,285365,288714,390199"
27,32,"149886,288714,317586,913899"
27,34,115022
27,35,"116517,215374,222204"
27,41,343202
27,49,303696
28,29,911734
28,33,108228
28,36,"147391,997163"
28,38,285090
28,47,482512
29,34,264679
29,35,149886
29,36,"863705,911734"
29,37,"114932,390199,519327,574109,578902,867805"
29,38,717621
29,39,"193191,285365,874591"
29,40,805158
29,44,390199
29,45,874591
29,46,274132
29,48,384542
29,52,438114
29,58,288714
29,62,287754
29,63,287754
30,34,132519
30,35,273864
30,36,132519
30,37,"131516,180230"
30,38,717621
30,40,301967
30,42,"180230,188588"
30,43,"355812,711978"
30,44,711978
30,52,438114
31,34,866133
31,35,226924
31,36,866133
31,37,131516
31,39,215849
31,40,301967
31,43,"380236,711978"
31,44,711978
31,45,215849
32,34,264679
32,35,"149886,154132,176750,226924,273864,317586,423611,913899,923982"
32,41,626547
32,53,472947
32,58,288714
33,34,"264679,478530,866133"
33,36,866133
33,54,108228
33,63,437974
34,37,1005767
34,39,132519
34,40,476566
34,42,"866133,1005767,1059459"
34,43,866133
34,44,866133
34,47,478530
34,50,478530
34,55,115022
34,65,498303
34,67,498303
35,37,226924
35,38,116517
35,39,"222204,913899"
35,40,"273864,317586"
35,41,"116517,149886,176750,222204,226924,317586,538133,913899,923982"
35,43,"149886,538133"
35,44,"222204,273864,317586"
35,49,"154132,215374,423611,468551"
35,50,"215374,423611"
35,52,624174
35,53,226985
36,37,"188309,309886"
36,39,"132519,147391,205800"
36,40,911734
36,42,"188309,866133"
36,43,"157246,866133"
36,44,"866133,997163"
36,45,997163
36,50,465308
36,52,280880
36,62,312415
36,63,312415
36,68,863705
37,51,309886
37,52,180230
37,53,226924
37,55,390199
37,57,131516
37,59,574109
37,63,"114932,499127,519327,867805"
37,68,145478
37,70,460243
37,71,336247
37,80,1005767
37,82,251114
37,87,"251114,578902"
38,49,116517
38,51,912398
38,52,1066967
38,54,717621
38,57,120248
38,59,820248
38,61,524668
38,63,"106174,524668"
38,64,"285090,535838"
38,65,"285090,402831"
38,68,843577
38,69,"465004,843577"
38,71,1031383
38,87,416890
39,47,231893
39,49,913899
39,51,"412666,874591,957568"
39,52,206416
39,59,"147391,193191"
39,60,222204
39,61,278491
39,62,332635
39,63,"132519,278491,332635,355661"
39,71,205800
39,72,516389
39,73,215849
39,86,285365
39,90,285365
40,47,476566
40,49,"273864,317586"
40,50,911734
40,51,"345624,911734"
40,52,598886
40,55,1030140
40,57,266177
40,59,"301967,365367"
40,60,580829
40,64,209276
40,68,642259
40,69,642259
40,70,642259
40,71,805158
40,73,805158
40,83,168953
41,46,626547
41,48,176750
41,49,"116517,149886,317586,538133,626547,913899,923982"
41,52,343202
41,53,226924
41,60,222204
41,61,278491
41,63,278491
41,69,465004
41,79,150269
41,89,347942
41,90,347942
42,47,866133
42,50,188588
42,51,188588
42,52,"180230,274953"
42,54,"274953,417444"
42,63,355661
42,64,535838
42,68,145478
42,70,"460243,1059459"
42,74,118606
42,80,1005767
43,47,866133
43,49,"149886,538133"
43,51,262442
43,52,"274953,711978"
43,54,274953
43,63,"380236,575523"
43,64,157246
43,74,118606
43,79,150269
43,86,355812
44,47,866133
44,49,"273864,317586"
44,52,711978
44,55,"390199,1030140"
44,57,997163
44,60,222204
44,62,332635
44,63,332635
45,51,874591
45,57,997163
45,60,580829
45,73,215849
45,87,416890
46,55,1004644
46,57,508797
46,58,227628
46,63,274132
46,68,626547
47,52,"231893,476566,866133"
47,54,"231893,866133"
47,57,"482512,508797"
47,67,478530
48,52,176750
48,53,176750
48,63,120286
48,64,384542
48,70,338288
49,53,"149886,178285,215374,273864,317586,538133,913899,923982"
49,56,"303696,468551"
49,58,116517
49,64,146032
49,68,626547
49,78,223109
49,79,223109
49,94,423611
50,52,188588
50,53,215374
50,54,"189769,631244"
50,57,465308
50,67,478530
50,78,223109
50,79,223109
50,94,423611
51,52,"179416,188588,309886"
51,55,"262442,412666,530327,874591"
51,63,120286
51,65,957568
51,68,912398
51,76,345624
52,55,"119521,274953,598886"
52,56,274953
52,57,476566
52,58,343202
52,59,"115334,176750"
52,60,176750
52,62,"188588,231893,866133"
52,63,"188588,206416,711978,866133"
52,64,179416
52,65,180230
52,68,"164308,280880,438114"
52,70,164308
52,76,309886
52,87,1066967
53,55,"273864,317586"
53,56,"149886,215374,226924,236344,317586,538133,913899,923982"
53,59,"115334,176750"
53,60,176750
53,61,178285
53,63,178285
53,68,226985
53,69,226985
54,55,274953
54,56,274953
54,57,133917
54,62,"231893,417444,866133"
54,63,866133
54,64,"428273,631244"
54,67,428273
54,70,189769
54,74,717621
54,75,108228
55,58,273864
55,59,"115022,262442,274953,1004644"
55,60,"317586,390199"
55,63,1030140
55,64,119521
55,68,530327
55,71,874591
56,58,"149886,215374,226924,923982"
56,59,"274953,538133"
56,60,"303696,317586,538133"
56,61,913899
56,66,236344
56,69,191681
57,59,482512
57,62,"131516,266177"
57,63,"476566,997163"
57,64,"130184,133917,508797,1029987"
57,65,133917
57,67,508797
57,68,"120248,465308"
58,59,"227628,343202"
58,60,"149886,226924,273864,923982"
58,61,"116517,215374,288714"
59,62,115022
59,63,"115022,259132,482512"
59,64,"231629,1004644"
59,65,365367
59,66,"176750,274953,538133"
59,67,"231629,274953"
59,68,262442
59,70,262442
59,72,343202
59,73,115334
59,76,"147391,193191"
59,78,820248
59,87,574109
59,88,835363
59,89,301967
59,101,227628
60,61,"149886,226924,303696,923982"
60,63,317586
60,64,273864
60,65,273864
60,66,"176750,538133"
60,67,"273864,390199"
60,72,580829
60,73,580829
60,87,222204
60,88,222204
61,64,149886
61,65,"278491,524668"
61,66,"149886,178285,215374,226924,278491,288714,303696,923982"
61,68,252704
61,69,"116517,1216244"
61,79,474879
62,64,188588
62,67,"188588,231893,312415"
62,68,520056
62,70,"332635,417444"
62,73,131516
62,75,287754
62,84,115022
63,64,"120286,132519,188588,437974,482512"
63,65,"206416,278491,355661,503579,524668"
63,66,"178285,278491,317586"
63,67,"188588,312415"
63,68,"259132,997163"
63,69,1216244
63,70,"332635,476566"
63,71,"221900,711978,1030140"
63,73,223786
63,75,287754
63,76,483211
63,84,"106174,114932,115022"
63,85,274132
63,87,380236
63,89,"519327,867805"
63,91,499127
63,92,575523
64,68,"132519,179416,209276,231629,432898,482512,508797,625091"
64,69,"146032,149886,273864,625091"
64,70,"188588,482512,508797"
64,71,"157246,285090,437974"
64,73,"535838,1163901"
64,75,428273
64,76,"119521,130184,133917"
64,77,631244
64,78,"120286,1029987"
64,86,384542
65,69,273864
65,71,285090
65,72,278491
65,74,355661
65,76,133917
65,78,180230
65,80,876768
65,84,"206416,524668"
65,87,"402831,498303,957568"
65,88,206416
66,68,"176750,226924,432898"
66,69,"149886,176750,215374,317586,538133,923982"
66,71,274953
66,72,"278491,288714"
66,74,274953
66,77,"178285,303696"
66,79,236344
67,68,"231629,231893,508797"
67,69,273864
67,70,"188588,231893,508797"
67,71,274953
67,74,"274953,312415,478530"
67,75,428273
67,80,390199
67,87,498303
68,71,"231629,432898,625091"
68,72,226924
68,74,530327
68,75,"145478,520056"
68,76,"259132,280880,997163"
68,77,"176750,843577"
68,78,"209276,912398"
68,79,626547
68,81,"226985,262442,482512"
68,82,164308
68,83,"179416,262442"
68,84,"132519,262442"
68,85,465308
68,87,120248
68,88,179416
68,89,"164308,642259"
68,90,226985
68,92,438114
69,71,"273864,625091"
69,72,"149886,215374,273864,317586,538133,923982,1216244"
69,77,"176750,843577"
69,79,465004
69,81,226985
69,84,146032
69,89,642259
69,90,"146032,226985"
69,94,116517
69,95,116517
70,71,"188588,338288"
70,74,"188588,338288"
70,78,476566
70,80,189769
70,81,"262442,482512"
70,82,164308
70,83,262442
70,84,262442
70,89,"164308,460243,642259"
70,92,332635
70,93,332635
70,102,1059459
71,75,188588
71,76,"157246,188588,285090,625091,711978"
71,77,"273864,625091,1031383"
71,78,274953
71,79,432898
71,83,189283
71,84,"221900,874591"
71,86,"338288,1030140"
71,88,"221900,437974,1030140"
71,89,"336247,805158"
71,100,205800
72,76,923982
72,77,"149886,273864,278491,538133"
72,78,343202
72,79,"226924,317586,343202"
72,87,580829
72,90,"288714,1216244"
72,95,215374
73,75,1163901
73,78,115334
73,80,195808
73,87,580829
73,89,"535838,805158"
73,91,"215849,223786"
73,96,131516
74,75,188588
74,76,188588
74,78,274953
74,80,"478530,717621"
74,81,118606
74,86,"338288,530327"
74,88,530327
74,89,355661
74,90,530327
75,78,"188588,520056,1177294"
75,80,188588
75,82,145478
75,83,"145478,1163901"
75,86,1163901
75,91,108228
76,78,"133917,157246,188588,259132,280880,309886"
76,79,923982
76,80,"133917,157246,188588"
76,81,711978
76,84,"147391,997163"
76,86,119521
76,87,193191
76,88,"147391,285090,345624,711978"
76,89,"345624,625091"
77,78,"176750,273864"
77,79,"149886,176750,273864,538133"
77,84,843577
77,89,625091
77,90,278491
77,91,1031383
77,94,"303696,1031383"
78,81,1177294
78,82,"188588,274953"
78,83,"1029987,1177294"
78,84,259132
78,86,"133917,188588,273864,1177294"
78,87,"176750,1177294"
78,88,"188588,259132,274953,1029987"
78,89,"120286,180230,274953,820248,1029987"
78,90,"176750,273864,274953"
78,92,"209276,280880,309886"
78,93,520056
78,95,209276
78,99,223109
79,83,538133
79,86,273864
79,87,"176750,226924"
79,89,"149886,626547,923982"
79,90,"149886,176750,226924,273864,465004,538133,923982"
79,91,432898
79,92,317586
79,94,"317586,432898"
79,98,474879
79,99,"150269,223109,236344"
80,82,"188588,390199"
80,86,"133917,188588,1005767"
80,87,717621
80,88,"188588,390199"
80,89,390199
80,91,189769
80,93,189769
80,96,876768
81,91,1177294
81,93,"262442,1177294"
81,95,118606
81,96,482512
82,91,145478
82,93,"188588,251114,274953"
82,100,390199
83,91,"145478,1177294"
83,92,179416
83,93,"262442,1177294"
83,97,538133
84,92,147391
84,93,"115022,262442"
84,94,146032
84,95,997163
84,102,132519
86,91,1177294
86,93,"133917,188588,285365,338288,1177294"
86,94,273864
86,96,119521
86,99,530327
86,100,1030140
87,91,"402831,1177294"
87,93,"251114,498303,1177294"
87,94,"176750,226924"
87,95,416890
87,100,1066967
88,91,285090
88,92,"147391,179416"
88,93,"188588,274953"
88,99,530327
88,100,"390199,1030140"
89,91,301967
89,93,"180230,274953,355661,642259"
89,94,"149886,347942,923982"
89,96,625091
89,97,626547
89,100,390199
90,93,"274953,285365"
90,94,"146032,149886,176750,226924,273864,278491,288714,347942,923982"
90,97,538133
90,99,"530327,1216244"
91,96,432898
91,100,"285090,1177294"
91,102,189769
92,97,317586
92,100,"280880,438114"
93,96,251114
93,100,"410571,1177294"
93,102,"133917,188588,189769,262442,274953"
94,96,"423611,432898"
94,97,"116517,149886,226924,303696,317586,423611,923982"
94,98,"146032,176750,273864,288714,347942"
94,99,278491
95,97,"116517,215374"
95,102,118606
97,98,"149886,226924,626547,923982"
97,99,"215374,538133"
97,101,"116517,317586"
97,102,303696
98,99,"146032,149886,226924,288714,626547,923982"
98,101,176750
99,101,"146032,149886,215374,226924,236344,538133,626547,923982"
