,user_ids,support,itemsets,period,property_values,depth,size,AGE,itemset_name
0,"[565366, 622013, 754685]",3, 3510 263,2017-02-28,35-49,0.0,3,35-49,"['CRISTALINE 1.5L', 'REMISE BUS AUTOROUTE 9\x80']"
1,"[565366, 574634, 751356]",3, 3510 263,2017-03-15,35-49,0.014492753623188406,3,35-49,"['CRISTALINE 1.5L', 'REMISE BUS AUTOROUTE 9\x80']"
2,"[574634, 751356, 758594]",3, 1547 263,2017-03-15,35-49,0.014492753623188406,3,35-49,"['REMISE BUS AUTOROUTE 9\x80', 'SAC BOUTIQUE KRAFT']"
4,"[525672, 574634, 751356]",3, 1547 3510,2017-03-15,35-49,0.014492753623188406,3,35-49,"['CRISTALINE 1.5L', 'SAC BOUTIQUE KRAFT']"
11,"[471775, 521885, 584447]",3, 264 263,2017-03-30,50-65,0.028985507246376812,3,50-65,"['REMISE BUS AUTOROUTE 15\x80', 'REMISE BUS AUTOROUTE 9\x80']"
14,"[555714, 574634, 622027]",3, 1704 263,2017-03-30,35-49,0.028985507246376812,3,35-49,"['KIT KAT X 3  124.50', 'REMISE BUS AUTOROUTE 9\x80']"
15,"[555714, 616225, 754685]",3, 264 602 263,2017-03-30,35-49,0.028985507246376812,3,35-49,"['CR SANDWHICH OCEANIQUE (NEW)', 'REMISE BUS AUTOROUTE 15\x80', 'REMISE BUS AUTOROUTE 9\x80']"
16,"[555714, 616225, 622027, 754685]",4, 264 263,2017-03-30,35-49,0.028985507246376812,4,35-49,"['REMISE BUS AUTOROUTE 15\x80', 'REMISE BUS AUTOROUTE 9\x80']"
20,"[187833, 449488, 604098]",3, 2797 163,2017-04-14,50-65,0.043478260869565216,3,50-65,['COCA COLA 50CL PET']
22,"[110899, 235462, 460228, 592390, 663289]",5, 2797 163,2017-04-14,35-49,0.043478260869565216,5,35-49,['COCA COLA 50CL PET']
26,"[217779, 270517, 368080]",3, 5607 163,2017-04-14,50-65,0.043478260869565216,3,50-65,['COCA COLA ZERO 50CL PET']
27,"[428202, 471775, 548624]",3, 264 263,2017-04-14,50-65,0.043478260869565216,3,50-65,"['REMISE BUS AUTOROUTE 15\x80', 'REMISE BUS AUTOROUTE 9\x80']"
32,"[610249, 616225, 622027]",3, 264 602,2017-04-29,35-49,0.057971014492753624,3,35-49,"['CR SANDWHICH OCEANIQUE (NEW)', 'REMISE BUS AUTOROUTE 15\x80']"
34,"[160433, 472871, 913872]",3, 1615 608,2017-04-29,35-49,0.057971014492753624,3,35-49,"['CR FLAN NATURE', 'CR SAND PREMIUM']"
35,"[187833, 489055, 776745]",3, 1622 721,2017-04-29,50-65,0.057971014492753624,3,50-65,"['BD. PAIN CHOCOLAT PAC', 'CR PAIN AU CHOCOLAT']"
40,"[619437, 622027, 758594]",3, 5849 263,2017-05-14,35-49,0.07246376811594203,3,35-49,"['REMISE BUS AUTOROUTE 9\x80', 'TROPICANA ORANGE SS PULPE 1L']"
42,"[574634, 619437, 622013, 758594]",4, 3622 263,2017-05-14,35-49,0.07246376811594203,4,35-49,"['CREP CHOCO WHAO', 'REMISE BUS AUTOROUTE 9\x80']"
43,"[619437, 622027, 622586]",3, 1547 263,2017-05-14,35-49,0.07246376811594203,3,35-49,"['REMISE BUS AUTOROUTE 9\x80', 'SAC BOUTIQUE KRAFT']"
44,"[555714, 574634, 751356, 913872]",4, 3510 263,2017-05-14,35-49,0.07246376811594203,4,35-49,"['CRISTALINE 1.5L', 'REMISE BUS AUTOROUTE 9\x80']"
47,"[565366, 610037, 622027, 734723]",4, 3876 263,2017-05-14,35-49,0.07246376811594203,4,35-49,"['REMISE BUS AUTOROUTE 9\x80', 'SDW XXL THON CRUD 230G DAUNAT']"
48,"[517346, 565366, 619437]",3, 3889 263,2017-05-29,35-49,0.08695652173913043,3,35-49,"['REMISE BUS AUTOROUTE 9\x80', 'SDW MLX THON OE']"
56,"[555714, 622027, 754685]",3, 500 263 264 518,2017-05-29,35-49,0.08695652173913043,3,35-49,"['CR TARTE PISTAC', 'CRO PART TARTE CRUMBLE FRAMBOISE CRANBER', 'REMISE BUS AUTOROUTE 15\x80', 'REMISE BUS AUTOROUTE 9\x80']"
58,"[610249, 751356, 849812]",3, 3922 263,2017-05-29,35-49,0.08695652173913043,3,35-49,"['FLAN PATISSIER 120G DAUNAT', 'REMISE BUS AUTOROUTE 9\x80']"
60,"[610249, 719763, 754685]",3, 1871 264,2017-05-29,35-49,0.08695652173913043,3,35-49,"['CR CHAUSSON AUX POMMES 120G', 'REMISE BUS AUTOROUTE 15\x80']"
61,"[565366, 785985, 903174]",3, 2797 263,2017-05-29,35-49,0.08695652173913043,3,35-49,"['COCA COLA 50CL PET', 'REMISE BUS AUTOROUTE 9\x80']"
62,"[555714, 610249, 622027, 754685, 828469]",5, 264 263,2017-05-29,35-49,0.08695652173913043,5,35-49,"['REMISE BUS AUTOROUTE 15\x80', 'REMISE BUS AUTOROUTE 9\x80']"
63,"[555714, 610249, 734723, 754685, 828469]",5, 602 263,2017-05-29,35-49,0.08695652173913043,5,35-49,"['CR SANDWHICH OCEANIQUE (NEW)', 'REMISE BUS AUTOROUTE 9\x80']"
64,"[565366, 574634, 610249, 622013, 751356]",5, 3510 263,2017-05-29,35-49,0.08695652173913043,5,35-49,"['CRISTALINE 1.5L', 'REMISE BUS AUTOROUTE 9\x80']"
65,"[555714, 622027, 754685, 849812]",4, 518 263,2017-05-29,35-49,0.08695652173913043,4,35-49,"['CRO PART TARTE CRUMBLE FRAMBOISE CRANBER', 'REMISE BUS AUTOROUTE 9\x80']"
66,"[555714, 610249, 754685, 828469]",4, 602 264 263,2017-05-29,35-49,0.08695652173913043,4,35-49,"['CR SANDWHICH OCEANIQUE (NEW)', 'REMISE BUS AUTOROUTE 15\x80', 'REMISE BUS AUTOROUTE 9\x80']"
67,"[734723, 754685, 913872]",3, 1615 263,2017-05-29,35-49,0.08695652173913043,3,35-49,"['CR FLAN NATURE', 'REMISE BUS AUTOROUTE 9\x80']"
68,"[828469, 840055, 913872]",3, 2249 263,2017-05-29,35-49,0.08695652173913043,3,35-49,"['GALETTES ST MICHEL 130 G', 'REMISE BUS AUTOROUTE 9\x80']"
69,"[565366, 610249, 619437]",3, 3309 263,2017-05-29,35-49,0.08695652173913043,3,35-49,"['REMISE BUS AUTOROUTE 9\x80', 'SDW MEGA THON OE TOM 270G']"
70,"[610249, 619437, 849812]",3, 6723 263,2017-05-29,35-49,0.08695652173913043,3,35-49,"['REMISE BUS AUTOROUTE 9\x80', 'SAN PELLEGRINO  50CL']"
71,"[840055, 849812, 902696]",3, 1547 263,2017-05-29,35-49,0.08695652173913043,3,35-49,"['REMISE BUS AUTOROUTE 9\x80', 'SAC BOUTIQUE KRAFT']"
72,"[548999, 622586, 849812]",3, 2754 263,2017-06-13,35-49,0.10144927536231885,3,35-49,"[""CHIPS LAY'S BBQ"", 'REMISE BUS AUTOROUTE 9\x80']"
76,"[565366, 619437, 749414]",3, 3309 263,2017-06-13,35-49,0.10144927536231885,3,35-49,"['REMISE BUS AUTOROUTE 9\x80', 'SDW MEGA THON OE TOM 270G']"
77,"[555714, 565366, 622027]",3, 602 264,2017-06-13,35-49,0.10144927536231885,3,35-49,"['CR SANDWHICH OCEANIQUE (NEW)', 'REMISE BUS AUTOROUTE 15\x80']"
78,"[574634, 622013, 758594]",3, 6792 263,2017-06-13,35-49,0.10144927536231885,3,35-49,"['OREO CLASSIQUE', 'REMISE BUS AUTOROUTE 9\x80']"
79,"[348261, 610037, 619437, 749414, 923572]",5, 1547 263,2017-06-13,35-49,0.10144927536231885,5,35-49,"['REMISE BUS AUTOROUTE 9\x80', 'SAC BOUTIQUE KRAFT']"
80,"[519885, 565366, 616225, 622027]",4, 264 263,2017-06-13,35-49,0.10144927536231885,4,35-49,"['REMISE BUS AUTOROUTE 15\x80', 'REMISE BUS AUTOROUTE 9\x80']"
83,"[616225, 619437, 903174]",3, 263 163,2017-06-13,35-49,0.10144927536231885,3,35-49,['REMISE BUS AUTOROUTE 9\x80']
84,"[565366, 622027, 734723, 828469]",4, 602 263,2017-06-13,35-49,0.10144927536231885,4,35-49,"['CR SANDWHICH OCEANIQUE (NEW)', 'REMISE BUS AUTOROUTE 9\x80']"
87,"[270220, 295879, 567787]",3, 1531 4916,2017-06-28,50-65,0.11594202898550725,3,50-65,['SERVIT.MARSU PA']
88,"[118606, 120745, 154544, 220933, 258366, 295879, 311176, 353385, 464331, 512305, 551013]",11, 1531 4917,2017-06-28,50-65,0.11594202898550725,11,50-65,['SERVIT.GASTON P']
102,"[270220, 271779, 464331]",3, 1531 163,2017-06-28,50-65,0.11594202898550725,3,50-65,[]
109,"[314647, 597096, 698237]",3, 236 4916,2017-06-28,<35,0.11594202898550725,3,<35,['SERVIT.MARSU PA']
111,"[314647, 602580, 739860]",3, 1531 163 4918,2017-06-28,<35,0.11594202898550725,3,<35,['SERVIT.BILL PAP ETE 2017']
112,"[314647, 485938, 602580, 739860]",4, 1531 163,2017-06-28,<35,0.11594202898550725,4,<35,[]
113,"[314647, 481067, 602580, 739860]",4, 1531 4918,2017-06-28,<35,0.11594202898550725,4,<35,['SERVIT.BILL PAP ETE 2017']
114,"[307536, 314647, 582695, 597096, 600263]",5, 1531 4916,2017-06-28,<35,0.11594202898550725,5,<35,['SERVIT.MARSU PA']
119,"[349380, 471775, 521885]",3, 1116 264,2017-06-28,50-65,0.11594202898550725,3,50-65,['REMISE BUS AUTOROUTE 15\x80']
129,"[574634, 622013, 758594]",3, 6320 263,2017-06-28,35-49,0.11594202898550725,3,35-49,"['MILKA CHOCO PAUSE 260G', 'REMISE BUS AUTOROUTE 9\x80']"
131,"[256318, 319150, 335918, 336921, 383544, 401053, 415967, 425954, 436693, 447294, 453193, 468751, 511179, 760865, 794448, 905810]",16, 236 4916,2017-06-28,35-49,0.11594202898550725,16,35-49,['SERVIT.MARSU PA']
133,"[261384, 421137, 432305, 616689, 896048]",5, 163 4917,2017-06-28,35-49,0.11594202898550725,5,35-49,['SERVIT.GASTON P']
135,"[152806, 445147, 562907, 607089, 617647, 715934, 716902, 756856]",8, 4126 4917,2017-06-28,35-49,0.11594202898550725,8,35-49,"['RECHARGE LAVAGE', 'SERVIT.GASTON P']"
148,"[378183, 574634, 849812]",3, 6346 263,2017-06-28,35-49,0.11594202898550725,3,35-49,"['PRINCE GRANOLA LAIT 200 G', 'REMISE BUS AUTOROUTE 9\x80']"
152,"[286391, 734723, 849812]",3, 602 263,2017-06-28,35-49,0.11594202898550725,3,35-49,"['CR SANDWHICH OCEANIQUE (NEW)', 'REMISE BUS AUTOROUTE 9\x80']"
153,"[574634, 734723, 958765]",3, 5829 263,2017-06-28,35-49,0.11594202898550725,3,35-49,"['PIMS FRAMBOISE 150G', 'REMISE BUS AUTOROUTE 9\x80']"
154,"[734723, 828469, 957240]",3, 3338 263,2017-06-28,35-49,0.11594202898550725,3,35-49,"['REMISE BUS AUTOROUTE 9\x80', 'SALADE ANTIBES 320G']"
155,"[772088, 849812, 957240]",3, 6723 263,2017-06-28,35-49,0.11594202898550725,3,35-49,"['REMISE BUS AUTOROUTE 9\x80', 'SAN PELLEGRINO  50CL']"
157,"[574634, 913872, 958765]",3, 2216 263,2017-06-28,35-49,0.11594202898550725,3,35-49,"['LU BARQUETTE FRAISE 120G', 'REMISE BUS AUTOROUTE 9\x80']"
166,"[421137, 432305, 751640]",3, 1531 163,2017-06-28,35-49,0.11594202898550725,3,35-49,[]
168,"[149358, 256229, 335918, 350143, 369654, 408175, 427096, 431759, 447294, 453193, 592296, 751640]",12, 1531 4916,2017-06-28,35-49,0.11594202898550725,12,35-49,['SERVIT.MARSU PA']
169,"[101205, 146208, 244827, 249608, 413942, 421137, 432305, 447294, 453193, 527677, 561007, 622990]",12, 1531 4917,2017-06-28,35-49,0.11594202898550725,12,35-49,['SERVIT.GASTON P']
201,"[110899, 237374, 246299, 298450, 302086, 468241, 520405, 619574, 846552]",9, 4918 1531,2017-07-13,35-49,0.13043478260869565,9,35-49,['SERVIT.BILL PAP ETE 2017']
207,"[138252, 354419, 358497, 359909, 438169, 447321, 485901]",7, 4126 4915,2017-07-13,35-49,0.13043478260869565,7,35-49,"['RECHARGE LAVAGE', 'SERVIT.MARSUPILAMI PAP ETE 2017']"
209,"[288098, 298450, 354730, 377365, 419033, 467594, 521461, 732484]",8, 4126 4918,2017-07-13,35-49,0.13043478260869565,8,35-49,"['RECHARGE LAVAGE', 'SERVIT.BILL PAP ETE 2017']"
214,"[616225, 734723, 971894]",3, 264 602,2017-07-13,35-49,0.13043478260869565,3,35-49,"['CR SANDWHICH OCEANIQUE (NEW)', 'REMISE BUS AUTOROUTE 15\x80']"
215,"[519885, 610037, 734723]",3, 1547 263,2017-07-13,35-49,0.13043478260869565,3,35-49,"['REMISE BUS AUTOROUTE 9\x80', 'SAC BOUTIQUE KRAFT']"
217,"[565366, 616225, 754685]",3, 1885 602,2017-07-13,35-49,0.13043478260869565,3,35-49,"['CR MUFFIN TULIP', 'CR SANDWHICH OCEANIQUE (NEW)']"
220,"[110899, 603395, 616689]",3, 163 1531,2017-07-13,35-49,0.13043478260869565,3,35-49,[]
222,"[565366, 734723, 754685, 913872]",4, 602 263,2017-07-13,35-49,0.13043478260869565,4,35-49,"['CR SANDWHICH OCEANIQUE (NEW)', 'REMISE BUS AUTOROUTE 9\x80']"
223,"[622013, 749414, 754685, 971440]",4, 5941 263,2017-07-28,35-49,0.14492753623188406,4,35-49,"['COCA COLA SLIM', 'REMISE BUS AUTOROUTE 9\x80']"
225,"[749414, 754685, 849812]",3, 1547 263,2017-07-28,35-49,0.14492753623188406,3,35-49,"['REMISE BUS AUTOROUTE 9\x80', 'SAC BOUTIQUE KRAFT']"
226,"[348261, 622013, 849812, 913872]",4, 2216 263,2017-07-28,35-49,0.14492753623188406,4,35-49,"['LU BARQUETTE FRAISE 120G', 'REMISE BUS AUTOROUTE 9\x80']"
243,"[734723, 758594, 971440, 975522]",4, 2369 263,2017-07-28,35-49,0.14492753623188406,4,35-49,"['EVIAN 1L PET*', 'REMISE BUS AUTOROUTE 9\x80']"
245,"[565366, 622013, 913872]",3, 3510 263,2017-07-28,35-49,0.14492753623188406,3,35-49,"['CRISTALINE 1.5L', 'REMISE BUS AUTOROUTE 9\x80']"
254,"[123801, 460228, 573259]",3, 163 1531,2017-07-28,35-49,0.14492753623188406,3,35-49,[]
258,"[376484, 572139, 836821]",3, 4112 4915,2017-07-28,35-49,0.14492753623188406,3,35-49,"['LAVAGE CLU', 'SERVIT.MARSUPILAMI PAP ETE 2017']"
261,"[565366, 616225, 754685, 849812]",4, 602 263,2017-07-28,35-49,0.14492753623188406,4,35-49,"['CR SANDWHICH OCEANIQUE (NEW)', 'REMISE BUS AUTOROUTE 9\x80']"
262,"[565366, 754685, 913872]",3, 1868 263,2017-07-28,35-49,0.14492753623188406,3,35-49,"['CR COCA COLA PE', 'REMISE BUS AUTOROUTE 9\x80']"
263,"[565366, 754685, 971894]",3, 1868 602,2017-07-28,35-49,0.14492753623188406,3,35-49,"['CR COCA COLA PE', 'CR SANDWHICH OCEANIQUE (NEW)']"
265,"[565366, 600388, 913872]",3, 3510 1868,2017-07-28,35-49,0.14492753623188406,3,35-49,"['CR COCA COLA PE', 'CRISTALINE 1.5L']"
266,"[754685, 779524, 975522]",3, 5431 263,2017-08-12,35-49,0.15942028985507245,3,35-49,"['ONE GUM 10P 20G', 'REMISE BUS AUTOROUTE 9\x80']"
270,"[619437, 779524, 828469]",3, 4420 263,2017-08-12,35-49,0.15942028985507245,3,35-49,"['REMISE BUS AUTOROUTE 9\x80', 'TROPICANA MULTI']"
274,"[223220, 483818, 732484]",3, 4125 4126,2017-08-12,35-49,0.15942028985507245,3,35-49,"['RECHARGE LAVAGE', 'RECHARGE LAVAGE TW - A']"
275,"[616225, 619437, 957240]",3, 602 263,2017-08-12,35-49,0.15942028985507245,3,35-49,"['CR SANDWHICH OCEANIQUE (NEW)', 'REMISE BUS AUTOROUTE 9\x80']"
276,"[735292, 754772, 964774]",3, 1547 263,2017-08-27,<35,0.17391304347826086,3,<35,"['REMISE BUS AUTOROUTE 9\x80', 'SAC BOUTIQUE KRAFT']"
281,"[471775, 762454, 908778, 965330]",4, 1547 263,2017-09-11,50-65,0.18840579710144928,4,50-65,"['REMISE BUS AUTOROUTE 9\x80', 'SAC BOUTIQUE KRAFT']"
283,"[400722, 471775, 518902]",3, 1374 264 1116,2017-09-11,50-65,0.18840579710144928,3,50-65,"['BD PAIN AU CHOCOLAT', 'REMISE BUS AUTOROUTE 15\x80']"
284,"[400722, 471775, 518902, 521885]",4, 1116 264,2017-09-11,50-65,0.18840579710144928,4,50-65,['REMISE BUS AUTOROUTE 15\x80']
285,"[735292, 754772, 964774]",3, 1547 263,2017-09-11,<35,0.18840579710144928,3,<35,"['REMISE BUS AUTOROUTE 9\x80', 'SAC BOUTIQUE KRAFT']"
288,"[526399, 975522, 998545]",3, 2797 263,2017-09-11,35-49,0.18840579710144928,3,35-49,"['COCA COLA 50CL PET', 'REMISE BUS AUTOROUTE 9\x80']"
291,"[428651, 619437, 803600]",3, 3509 1547,2017-09-11,35-49,0.18840579710144928,3,35-49,"['CRISTALINE 50CL', 'SAC BOUTIQUE KRAFT']"
292,"[619437, 779524, 849812]",3, 1547 263,2017-09-11,35-49,0.18840579710144928,3,35-49,"['REMISE BUS AUTOROUTE 9\x80', 'SAC BOUTIQUE KRAFT']"
295,"[734723, 975522, 998545]",3, 3261 263,2017-09-26,35-49,0.2028985507246377,3,35-49,"['FUSILLI FROMAGE 300G', 'REMISE BUS AUTOROUTE 9\x80']"
296,"[893886, 964774, 995957]",3, 5845 1547,2017-09-26,<35,0.2028985507246377,3,<35,"['LOTUS GAUFRES L', 'SAC BOUTIQUE KRAFT']"
297,"[565366, 622013, 971894]",3, 1868 263 602,2017-09-26,35-49,0.2028985507246377,3,35-49,"['CR COCA COLA PE', 'CR SANDWHICH OCEANIQUE (NEW)', 'REMISE BUS AUTOROUTE 9\x80']"
298,"[610037, 619437, 995513]",3, 3509 263,2017-09-26,35-49,0.2028985507246377,3,35-49,"['CRISTALINE 50CL', 'REMISE BUS AUTOROUTE 9\x80']"
299,"[735292, 761107, 964774, 994504, 995957]",5, 1547 263,2017-09-26,<35,0.2028985507246377,5,<35,"['REMISE BUS AUTOROUTE 9\x80', 'SAC BOUTIQUE KRAFT']"
300,"[555714, 565366, 622013, 971894]",4, 602 263,2017-09-26,35-49,0.2028985507246377,4,35-49,"['CR SANDWHICH OCEANIQUE (NEW)', 'REMISE BUS AUTOROUTE 9\x80']"
301,"[574634, 734723, 779524, 958765, 971440, 995513]",6, 1547 263,2017-09-26,35-49,0.2028985507246377,6,35-49,"['REMISE BUS AUTOROUTE 9\x80', 'SAC BOUTIQUE KRAFT']"
304,"[761107, 964774, 994504]",3, 1547 263,2017-10-11,<35,0.21739130434782608,3,<35,"['REMISE BUS AUTOROUTE 9\x80', 'SAC BOUTIQUE KRAFT']"
305,"[428202, 489055, 963615]",3, 1394 264,2017-10-11,50-65,0.21739130434782608,3,50-65,"['BD DOUBLE EXPRE', 'REMISE BUS AUTOROUTE 15\x80']"
308,"[574634, 849812, 1007975]",3, 5845 263,2017-10-11,35-49,0.21739130434782608,3,35-49,"['LOTUS GAUFRES L', 'REMISE BUS AUTOROUTE 9\x80']"
309,"[619437, 975522, 987770]",3, 6985 1547,2017-10-11,35-49,0.21739130434782608,3,35-49,"['PAGO ACE 33CL P', 'SAC BOUTIQUE KRAFT']"
312,"[574634, 622027, 758594]",3, 6346 263,2017-10-11,35-49,0.21739130434782608,3,35-49,"['PRINCE GRANOLA LAIT 200 G', 'REMISE BUS AUTOROUTE 9\x80']"
313,"[519885, 619437, 754685, 779524, 902696, 975522]",6, 1547 263,2017-10-11,35-49,0.21739130434782608,6,35-49,"['REMISE BUS AUTOROUTE 9\x80', 'SAC BOUTIQUE KRAFT']"
323,"[109954, 112979, 124464, 141636, 190844, 242802, 250163, 269492, 307659, 339905, 343805, 369302, 395636, 416080, 443377, 444007, 470752, 480061, 528757, 542549, 544090, 575459, 798943]",23, 1707 4112,2017-10-26,50-65,0.2318840579710145,23,50-65,"['BOUNTY CHOC LAIT 57G', 'LAVAGE CLU']"
328,"[761107, 964774, 994504, 1014685]",4, 1547 263,2017-10-26,<35,0.2318840579710145,4,<35,"['REMISE BUS AUTOROUTE 9\x80', 'SAC BOUTIQUE KRAFT']"
343,"[734723, 975522, 988692, 998545]",4, 3261 263,2017-10-26,35-49,0.2318840579710145,4,35-49,"['FUSILLI FROMAGE 300G', 'REMISE BUS AUTOROUTE 9\x80']"
344,"[734723, 988692, 998545]",3, 3261 1547 263,2017-10-26,35-49,0.2318840579710145,3,35-49,"['FUSILLI FROMAGE 300G', 'REMISE BUS AUTOROUTE 9\x80', 'SAC BOUTIQUE KRAFT']"
347,"[141778, 156003, 293992, 297420, 327681, 339606, 356393, 369391, 378008, 397622, 411787, 476814, 492770, 510062, 543563, 563889, 563904, 592368, 596160, 836821, 969035]",21, 5623 4112,2017-10-26,35-49,0.2318840579710145,21,35-49,"['LAVAGE CLU', 'SNICKERS 50G']"
351,"[447321, 454083, 517640, 543563]",4, 4126 5623,2017-10-26,35-49,0.2318840579710145,4,35-49,"['RECHARGE LAVAGE', 'SNICKERS 50G']"
352,"[298450, 309554, 480255, 607089, 884245]",5, 4126 1707,2017-10-26,35-49,0.2318840579710145,5,35-49,"['BOUNTY CHOC LAIT 57G', 'RECHARGE LAVAGE']"
353,"[330312, 378008, 458921, 476652, 550556, 564686, 836821]",7, 4125 4112,2017-10-26,35-49,0.2318840579710145,7,35-49,"['LAVAGE CLU', 'RECHARGE LAVAGE TW - A']"
358,"[324104, 421137, 460441, 607784, 616689, 751640]",6, 163 5625,2017-10-26,35-49,0.2318840579710145,6,35-49,['MARS  51G']
364,"[610037, 619437, 719763, 734723, 754685, 958765, 988692, 998545]",8, 1547 263,2017-10-26,35-49,0.2318840579710145,8,35-49,"['REMISE BUS AUTOROUTE 9\x80', 'SAC BOUTIQUE KRAFT']"
365,"[421353, 983608, 998545]",3, 2797 263,2017-10-26,35-49,0.2318840579710145,3,35-49,"['COCA COLA 50CL PET', 'REMISE BUS AUTOROUTE 9\x80']"
366,"[378008, 459345, 836821]",3, 4125 5623,2017-10-26,35-49,0.2318840579710145,3,35-49,"['RECHARGE LAVAGE TW - A', 'SNICKERS 50G']"
375,"[113036, 118478, 127790, 270517, 296486, 551228, 579124]",7, 163 5625,2017-11-10,50-65,0.2463768115942029,7,50-65,['MARS  51G']
381,"[964774, 979705, 1014685]",3, 1547 263,2017-11-10,<35,0.2463768115942029,3,<35,"['REMISE BUS AUTOROUTE 9\x80', 'SAC BOUTIQUE KRAFT']"
382,"[428202, 489055, 963615]",3, 264 263,2017-11-10,50-65,0.2463768115942029,3,50-65,"['REMISE BUS AUTOROUTE 15\x80', 'REMISE BUS AUTOROUTE 9\x80']"
388,"[433003, 519383, 549049, 897112]",4, 4126 4112,2017-11-10,<35,0.2463768115942029,4,<35,"['LAVAGE CLU', 'RECHARGE LAVAGE']"
391,"[251654, 307536, 897112]",3, 4125 4112,2017-11-10,<35,0.2463768115942029,3,<35,"['LAVAGE CLU', 'RECHARGE LAVAGE TW - A']"
397,"[336921, 361695, 368624, 374511, 380881, 466468, 502604, 502923, 560291, 598811, 732484, 824022, 828612, 837831, 898398]",15, 5625 4112,2017-11-10,35-49,0.2463768115942029,15,35-49,"['LAVAGE CLU', 'MARS  51G']"
402,"[502923, 732484, 980578]",3, 4125 4112,2017-11-10,35-49,0.2463768115942029,3,35-49,"['LAVAGE CLU', 'RECHARGE LAVAGE TW - A']"
405,"[101392, 130464, 380569, 457865, 502923, 574409, 598391, 732484]",8, 4125 5625,2017-11-10,35-49,0.2463768115942029,8,35-49,"['MARS  51G', 'RECHARGE LAVAGE TW - A']"
407,"[162055, 425954, 460228]",3, 163 5625,2017-11-10,35-49,0.2463768115942029,3,35-49,['MARS  51G']
408,"[156003, 298368, 313472, 419594, 590436, 617647, 732484, 883223]",8, 4126 4112,2017-11-10,35-49,0.2463768115942029,8,35-49,"['LAVAGE CLU', 'RECHARGE LAVAGE']"
411,"[130769, 344106, 546403, 549209, 732484]",5, 4126 5625,2017-11-10,35-49,0.2463768115942029,5,35-49,"['MARS  51G', 'RECHARGE LAVAGE']"
417,"[758594, 975522, 1007975]",3, 6320 263,2017-11-10,35-49,0.2463768115942029,3,35-49,"['MILKA CHOCO PAUSE 260G', 'REMISE BUS AUTOROUTE 9\x80']"
418,"[619437, 734723, 988692]",3, 3261 1547 263,2017-11-10,35-49,0.2463768115942029,3,35-49,"['FUSILLI FROMAGE 300G', 'REMISE BUS AUTOROUTE 9\x80', 'SAC BOUTIQUE KRAFT']"
423,"[619437, 734723, 849812, 975522, 988692]",5, 1547 263,2017-11-10,35-49,0.2463768115942029,5,35-49,"['REMISE BUS AUTOROUTE 9\x80', 'SAC BOUTIQUE KRAFT']"
425,"[619437, 734723, 779524, 988692]",4, 3261 263,2017-11-10,35-49,0.2463768115942029,4,35-49,"['FUSILLI FROMAGE 300G', 'REMISE BUS AUTOROUTE 9\x80']"
427,"[619437, 754685, 971440]",3, 5941 1547,2017-11-25,35-49,0.2608695652173913,3,35-49,"['COCA COLA SLIM', 'SAC BOUTIQUE KRAFT']"
439,"[619437, 622027, 1007975]",3, 2275 263,2017-11-25,35-49,0.2608695652173913,3,35-49,"['MILKA CHOC NOISETTES 100G', 'REMISE BUS AUTOROUTE 9\x80']"
440,"[761107, 964774, 1014685, 1037646]",4, 1547 263,2017-11-25,<35,0.2608695652173913,4,<35,"['REMISE BUS AUTOROUTE 9\x80', 'SAC BOUTIQUE KRAFT']"
445,"[149094, 154248, 282261, 342699, 429530, 531067, 543323, 548135, 607089, 757685]",10, 4126 4112,2017-11-25,35-49,0.2608695652173913,10,35-49,"['LAVAGE CLU', 'RECHARGE LAVAGE']"
446,"[718818, 757685, 836821]",3, 4125 4112,2017-11-25,35-49,0.2608695652173913,3,35-49,"['LAVAGE CLU', 'RECHARGE LAVAGE TW - A']"
453,"[610249, 616225, 619437, 734723, 754685, 988692, 998545]",7, 1547 263,2017-11-25,35-49,0.2608695652173913,7,35-49,"['REMISE BUS AUTOROUTE 9\x80', 'SAC BOUTIQUE KRAFT']"
455,"[449743, 754685, 819872]",3, 3297 1547,2017-11-25,35-49,0.2608695652173913,3,35-49,"['SAC BOUTIQUE KRAFT', 'SDW SUEDOIS D.SAUMON 135G']"
456,"[734723, 988692, 998545]",3, 3261 263 1547,2017-11-25,35-49,0.2608695652173913,3,35-49,"['FUSILLI FROMAGE 300G', 'REMISE BUS AUTOROUTE 9\x80', 'SAC BOUTIQUE KRAFT']"
458,"[610249, 619437, 998545]",3, 2723 1547 263,2017-11-25,35-49,0.2608695652173913,3,35-49,"['MINI CAPRICE D/DIEUX 50G', 'REMISE BUS AUTOROUTE 9\x80', 'SAC BOUTIQUE KRAFT']"
464,"[964774, 979705, 993844]",3, 1547 263,2017-12-10,<35,0.2753623188405797,3,<35,"['REMISE BUS AUTOROUTE 9\x80', 'SAC BOUTIQUE KRAFT']"
471,"[619437, 924254, 1007975]",3, 2216 263,2017-12-10,35-49,0.2753623188405797,3,35-49,"['LU BARQUETTE FRAISE 120G', 'REMISE BUS AUTOROUTE 9\x80']"
475,"[610037, 734723, 754685, 975522, 988692, 1007975, 1034094, 1036452, 1037072]",9, 1547 263,2017-12-10,35-49,0.2753623188405797,9,35-49,"['REMISE BUS AUTOROUTE 9\x80', 'SAC BOUTIQUE KRAFT']"
481,"[964774, 979705, 1014685]",3, 1547 263,2017-12-25,<35,0.2898550724637681,3,<35,"['REMISE BUS AUTOROUTE 9\x80', 'SAC BOUTIQUE KRAFT']"
487,"[241558, 447321, 480524, 682624, 840115]",5, 4125 4112,2017-12-25,35-49,0.2898550724637681,5,35-49,"['LAVAGE CLU', 'RECHARGE LAVAGE TW - A']"
488,"[975522, 988692, 1037072]",3, 3261 263,2017-12-25,35-49,0.2898550724637681,3,35-49,"['FUSILLI FROMAGE 300G', 'REMISE BUS AUTOROUTE 9\x80']"
489,"[294116, 734723, 998545]",3, 2797 263,2017-12-25,35-49,0.2898550724637681,3,35-49,"['COCA COLA 50CL PET', 'REMISE BUS AUTOROUTE 9\x80']"
490,"[616225, 734723, 971440, 975522, 988692, 998545, 1034094]",7, 1547 263,2017-12-25,35-49,0.2898550724637681,7,35-49,"['REMISE BUS AUTOROUTE 9\x80', 'SAC BOUTIQUE KRAFT']"
493,"[299397, 550893, 607089, 890216, 953727]",5, 4126 4112,2017-12-25,35-49,0.2898550724637681,5,35-49,"['LAVAGE CLU', 'RECHARGE LAVAGE']"
500,"[290268, 408070, 470752, 485071]",4, 4136 4112,2018-01-09,50-65,0.30434782608695654,4,50-65,"['LAVAGE CLU', 'RECHARGE LAVAGE TW - D']"
506,"[734723, 749414, 988692]",3, 3261 263 1547,2018-01-09,35-49,0.30434782608695654,3,35-49,"['FUSILLI FROMAGE 300G', 'REMISE BUS AUTOROUTE 9\x80', 'SAC BOUTIQUE KRAFT']"
507,"[749414, 1036452, 1043402]",3, 6792 1547 263,2018-01-09,35-49,0.30434782608695654,3,35-49,"['OREO CLASSIQUE', 'REMISE BUS AUTOROUTE 9\x80', 'SAC BOUTIQUE KRAFT']"
508,"[749414, 1007975, 1036452, 1043402, 1045906]",5, 6792 263,2018-01-09,35-49,0.30434782608695654,5,35-49,"['OREO CLASSIQUE', 'REMISE BUS AUTOROUTE 9\x80']"
509,"[734723, 749414, 849812, 971440, 988692, 1036452, 1043402]",7, 1547 263,2018-01-09,35-49,0.30434782608695654,7,35-49,"['REMISE BUS AUTOROUTE 9\x80', 'SAC BOUTIQUE KRAFT']"
511,"[183627, 188482, 330312, 357905, 368624, 384624, 388999, 437689, 447321, 458921, 604591, 867719, 917953, 958301]",14, 4125 4112,2018-01-09,35-49,0.30434782608695654,14,35-49,"['LAVAGE CLU', 'RECHARGE LAVAGE TW - A']"
514,"[610037, 619437, 734723, 971440, 988692, 998545, 1034094, 1043402]",8, 1547 263,2018-01-24,35-49,0.3188405797101449,8,35-49,"['REMISE BUS AUTOROUTE 9\x80', 'SAC BOUTIQUE KRAFT']"
521,"[184277, 322207, 342699, 492413, 501066, 979326]",6, 4126 4112,2018-01-24,35-49,0.3188405797101449,6,35-49,"['LAVAGE CLU', 'RECHARGE LAVAGE']"
523,"[322207, 553151, 732484]",3, 4125 4126,2018-01-24,35-49,0.3188405797101449,3,35-49,"['RECHARGE LAVAGE', 'RECHARGE LAVAGE TW - A']"
525,"[964774, 979705, 1047955]",3, 2590 263 1547,2018-02-08,<35,0.3333333333333333,3,<35,"['LUTTI FILI-TUBS XL 180G', 'REMISE BUS AUTOROUTE 9\x80', 'SAC BOUTIQUE KRAFT']"
526,"[953681, 964774, 979705, 1047955]",4, 2590 1547,2018-02-08,<35,0.3333333333333333,4,<35,"['LUTTI FILI-TUBS XL 180G', 'SAC BOUTIQUE KRAFT']"
528,"[735292, 964774, 979705, 1014685, 1047955, 1054006]",6, 1547 263,2018-02-08,<35,0.3333333333333333,6,<35,"['REMISE BUS AUTOROUTE 9\x80', 'SAC BOUTIQUE KRAFT']"
532,"[428202, 471775, 752568, 1058591]",4, 263 1547,2018-02-08,50-65,0.3333333333333333,4,50-65,"['REMISE BUS AUTOROUTE 9\x80', 'SAC BOUTIQUE KRAFT']"
536,"[518714, 588730, 1007975]",3, 3404 263,2018-02-08,35-49,0.3333333333333333,3,35-49,"['20 MADELEINES L. CHOCO 250G', 'REMISE BUS AUTOROUTE 9\x80']"
538,"[588730, 619437, 913872]",3, 2249 263,2018-02-08,35-49,0.3333333333333333,3,35-49,"['GALETTES ST MICHEL 130 G', 'REMISE BUS AUTOROUTE 9\x80']"
539,"[913872, 1036452, 1057307]",3, 6398 263,2018-02-08,35-49,0.3333333333333333,3,35-49,"['MILKA CHOCO SUPREME 150G', 'REMISE BUS AUTOROUTE 9\x80']"
544,"[610037, 619437, 971440, 1007975, 1034094]",5, 1547 263,2018-02-08,35-49,0.3333333333333333,5,35-49,"['REMISE BUS AUTOROUTE 9\x80', 'SAC BOUTIQUE KRAFT']"
545,"[365510, 365690, 482352, 550746, 836821]",5, 4125 4112,2018-02-08,35-49,0.3333333333333333,5,35-49,"['LAVAGE CLU', 'RECHARGE LAVAGE TW - A']"
546,"[519885, 971440, 1034094]",3, 2369 263,2018-02-08,35-49,0.3333333333333333,3,35-49,"['EVIAN 1L PET*', 'REMISE BUS AUTOROUTE 9\x80']"
551,"[588730, 610037, 913872, 1036452]",4, 5925 263,2018-02-08,35-49,0.3333333333333333,4,35-49,"['COCA COLA  1L', 'REMISE BUS AUTOROUTE 9\x80']"
552,"[619437, 1007975, 1034094]",3, 4420 263,2018-02-23,35-49,0.34782608695652173,3,35-49,"['REMISE BUS AUTOROUTE 9\x80', 'TROPICANA MULTI']"
553,"[964774, 964915, 1014685]",3, 2224 263,2018-02-23,<35,0.34782608695652173,3,<35,"['GRANOLA CHOCO 184G', 'REMISE BUS AUTOROUTE 9\x80']"
554,"[735292, 964774, 979705, 1014685, 1015043, 1052503, 1054006]",7, 1547 263,2018-02-23,<35,0.34782608695652173,7,<35,"['REMISE BUS AUTOROUTE 9\x80', 'SAC BOUTIQUE KRAFT']"
558,"[270446, 421226, 470752]",3, 2946 4126,2018-02-23,50-65,0.34782608695652173,3,50-65,"['RECHARGE LAVAGE', 'TW  LAVE GLACE']"
566,"[247851, 451082, 484914, 585369, 833102, 836821]",6, 4125 4112,2018-02-23,35-49,0.34782608695652173,6,35-49,"['LAVAGE CLU', 'RECHARGE LAVAGE TW - A']"
570,"[519885, 749414, 988692, 1007975]",4, 1547 263,2018-02-23,35-49,0.34782608695652173,4,35-49,"['REMISE BUS AUTOROUTE 9\x80', 'SAC BOUTIQUE KRAFT']"
572,"[127952, 214463, 344329, 519885]",4, 2369 1547,2018-02-23,35-49,0.34782608695652173,4,35-49,"['EVIAN 1L PET*', 'SAC BOUTIQUE KRAFT']"
578,"[344884, 470752, 505693]",3, 6447 4126,2018-03-10,50-65,0.36231884057971014,3,50-65,['RECHARGE LAVAGE']
581,"[143826, 200047, 328202, 332635, 470752, 486197, 505693, 545910, 956675]",9, 4126 4112,2018-03-10,50-65,0.36231884057971014,9,50-65,"['LAVAGE CLU', 'RECHARGE LAVAGE']"
582,"[542084, 619437, 1007975]",3, 6986 6990,2018-03-10,35-49,0.36231884057971014,3,35-49,"['PAGO FRAISE 33C', 'PAGO MULTI PUR JUS 33CL']"
583,"[709021, 913872, 1036452]",3, 4439 263,2018-03-10,35-49,0.36231884057971014,3,35-49,['REMISE BUS AUTOROUTE 9\x80']
584,"[1014685, 1052503, 1054006]",3, 5925 263,2018-03-10,<35,0.36231884057971014,3,<35,"['COCA COLA  1L', 'REMISE BUS AUTOROUTE 9\x80']"
585,"[156121, 282802, 836821]",3, 4099 4112,2018-03-10,35-49,0.36231884057971014,3,35-49,"['LAVAGE 1 PLEIN', 'LAVAGE CLU']"
586,"[619437, 734723, 988692]",3, 2214 1547,2018-03-10,35-49,0.36231884057971014,3,35-49,"['LU PALMITO 100G', 'SAC BOUTIQUE KRAFT']"
587,"[913872, 1036452, 1070528]",3, 5925 263,2018-03-10,35-49,0.36231884057971014,3,35-49,"['COCA COLA  1L', 'REMISE BUS AUTOROUTE 9\x80']"
589,"[153963, 407030, 519885]",3, 2369 1547,2018-03-10,35-49,0.36231884057971014,3,35-49,"['EVIAN 1L PET*', 'SAC BOUTIQUE KRAFT']"
590,"[519885, 610037, 616565, 983608, 1034093]",5, 2797 263,2018-03-10,35-49,0.36231884057971014,5,35-49,"['COCA COLA 50CL PET', 'REMISE BUS AUTOROUTE 9\x80']"
591,"[519885, 619437, 910665, 913872, 1007975]",5, 1547 263,2018-03-10,35-49,0.36231884057971014,5,35-49,"['REMISE BUS AUTOROUTE 9\x80', 'SAC BOUTIQUE KRAFT']"
594,"[111670, 154248, 199285, 306100, 306474, 350390, 419594, 508067, 545865, 981371]",10, 4126 4112,2018-03-10,35-49,0.36231884057971014,10,35-49,"['LAVAGE CLU', 'RECHARGE LAVAGE']"
597,"[448108, 734723, 988692]",3, 3924 3744,2018-03-25,35-49,0.37681159420289856,3,35-49,"['PAVE THON AU BA', 'TARTE AU CITRON 90G DAUNAT']"
606,"[913872, 971894, 1007975]",3, 5925 263,2018-03-25,35-49,0.37681159420289856,3,35-49,"['COCA COLA  1L', 'REMISE BUS AUTOROUTE 9\x80']"
609,"[600449, 623860, 913872, 971894]",4, 263 2968,2018-03-25,35-49,0.37681159420289856,4,35-49,"['REMISE BUS AUTOROUTE 9\x80', 'TW 10 LINGUETTE']"
611,"[428148, 553151, 732484]",3, 4125 4126,2018-03-25,35-49,0.37681159420289856,3,35-49,"['RECHARGE LAVAGE', 'RECHARGE LAVAGE TW - A']"
614,"[527840, 543323, 589028, 607089, 827344]",5, 2968 4126,2018-03-25,35-49,0.37681159420289856,5,35-49,"['RECHARGE LAVAGE', 'TW 10 LINGUETTE']"
616,"[200047, 297431, 309563, 387532, 469254, 470752, 813375, 973987]",8, 338 4126,2018-04-09,50-65,0.391304347826087,8,50-65,['RECHARGE LAVAGE']
620,"[118478, 187833, 603391, 863491]",4, 163 2968,2018-04-09,50-65,0.391304347826087,4,50-65,['TW 10 LINGUETTE']
628,"[108938, 222001, 518759]",3, 5842 3877,2018-04-09,50-65,0.391304347826087,3,50-65,"['LOTUS GAUFRE LIEGE 90G', 'XXL JBON EMM.SALADE  230G']"
629,"[471775, 518902, 842240, 963615]",4, 264 431,2018-04-09,50-65,0.391304347826087,4,50-65,"['CAFE EXPRESSO', 'REMISE BUS AUTOROUTE 15\x80']"
630,"[108938, 222001, 675318]",3, 3877 2797,2018-04-09,50-65,0.391304347826087,3,50-65,"['COCA COLA 50CL PET', 'XXL JBON EMM.SALADE  230G']"
631,"[108938, 222001, 588437]",3, 5842 6855 2797,2018-04-09,50-65,0.391304347826087,3,50-65,"[""CHIPS LAY'S SAL"", 'COCA COLA 50CL PET', 'LOTUS GAUFRE LIEGE 90G']"
633,"[239503, 469254, 470752]",3, 6454 4126,2018-04-09,50-65,0.391304347826087,3,50-65,['RECHARGE LAVAGE']
638,"[1014685, 1037646, 1047955, 1060608]",4, 1547 263,2018-04-09,<35,0.391304347826087,4,<35,"['REMISE BUS AUTOROUTE 9\x80', 'SAC BOUTIQUE KRAFT']"
639,"[902225, 1014685, 1052503]",3, 2216 263,2018-04-09,<35,0.391304347826087,3,<35,"['LU BARQUETTE FRAISE 120G', 'REMISE BUS AUTOROUTE 9\x80']"
641,"[108938, 222001, 267391, 588437]",4, 6855 2797,2018-04-09,50-65,0.391304347826087,4,50-65,"[""CHIPS LAY'S SAL"", 'COCA COLA 50CL PET']"
642,"[615661, 619437, 1007975]",3, 3278 263,2018-04-09,35-49,0.391304347826087,3,35-49,"['REMISE BUS AUTOROUTE 9\x80', 'SDW.CLA.COMP.THON.S 125G']"
643,"[108938, 222001, 252444, 588437]",4, 5842 6855,2018-04-09,50-65,0.391304347826087,4,50-65,"[""CHIPS LAY'S SAL"", 'LOTUS GAUFRE LIEGE 90G']"
644,"[578639, 734723, 988692]",3, 3269 1547,2018-04-09,35-49,0.391304347826087,3,35-49,"['SAC BOUTIQUE KRAFT', 'SDW GOUR SAUMON']"
645,"[734723, 988692, 998545]",3, 3649 1547,2018-04-09,35-49,0.391304347826087,3,35-49,"['SAC BOUTIQUE KRAFT', 'YOP VANILLE 850G']"
646,"[146574, 289246, 339606, 467594, 491803, 567321, 615241, 746498, 979326]",9, 4112 4126,2018-04-09,35-49,0.391304347826087,9,35-49,"['LAVAGE CLU', 'RECHARGE LAVAGE']"
647,"[140965, 141181, 242201, 390982, 486023, 502923, 607453, 678188, 836821, 929431, 1010656]",11, 4125 4112,2018-04-09,35-49,0.391304347826087,11,35-49,"['LAVAGE CLU', 'RECHARGE LAVAGE TW - A']"
652,"[112041, 166603, 223802, 322207, 324352, 339606, 356320, 378650, 404347, 443070, 445147, 447321, 472871, 724769, 976826]",15, 338 4126,2018-04-09,35-49,0.391304347826087,15,35-49,['RECHARGE LAVAGE']
653,"[578639, 616565, 619437, 1007975, 1036452]",5, 1547 263,2018-04-09,35-49,0.391304347826087,5,35-49,"['REMISE BUS AUTOROUTE 9\x80', 'SAC BOUTIQUE KRAFT']"
659,"[578639, 619437, 1007975]",3, 2633 1547 263,2018-04-09,35-49,0.391304347826087,3,35-49,"['OASIS TROPICAL PET 50CL', 'REMISE BUS AUTOROUTE 9\x80', 'SAC BOUTIQUE KRAFT']"
661,"[565366, 913872, 971894]",3, 5925 263,2018-04-09,35-49,0.391304347826087,3,35-49,"['COCA COLA  1L', 'REMISE BUS AUTOROUTE 9\x80']"
663,"[114666, 157314, 433174, 832102]",4, 5842 2797,2018-04-09,35-49,0.391304347826087,4,35-49,"['COCA COLA 50CL PET', 'LOTUS GAUFRE LIEGE 90G']"
671,"[114666, 394135, 418129]",3, 6855 2797,2018-04-09,35-49,0.391304347826087,3,35-49,"[""CHIPS LAY'S SAL"", 'COCA COLA 50CL PET']"
683,"[127790, 270220, 347715, 464331]",4, 2797 163,2018-04-24,50-65,0.4057971014492754,4,50-65,['COCA COLA 50CL PET']
694,"[127790, 193696, 270220]",3, 6855 2797,2018-04-24,50-65,0.4057971014492754,3,50-65,"[""CHIPS LAY'S SAL"", 'COCA COLA 50CL PET']"
697,"[1014685, 1047955, 1060608]",3, 1547 263,2018-04-24,<35,0.4057971014492754,3,<35,"['REMISE BUS AUTOROUTE 9\x80', 'SAC BOUTIQUE KRAFT']"
699,"[761107, 1014685, 1060608]",3, 1164 263 2643,2018-04-24,<35,0.4057971014492754,3,<35,"['CR TARTE NORMANDE', 'OASIS TROPICAL', 'REMISE BUS AUTOROUTE 9\x80']"
706,"[127790, 224585, 464331]",3, 5842 2797,2018-04-24,50-65,0.4057971014492754,3,50-65,"['COCA COLA 50CL PET', 'LOTUS GAUFRE LIEGE 90G']"
707,"[471775, 842240, 963615]",3, 1388 264,2018-04-24,50-65,0.4057971014492754,3,50-65,"['BD FLAN NATURE', 'REMISE BUS AUTOROUTE 15\x80']"
709,"[106214, 235232, 470752, 644632]",4, 338 4126,2018-04-24,50-65,0.4057971014492754,4,50-65,['RECHARGE LAVAGE']
710,"[416219, 471775, 963615]",3, 264 263,2018-04-24,50-65,0.4057971014492754,3,50-65,"['REMISE BUS AUTOROUTE 15\x80', 'REMISE BUS AUTOROUTE 9\x80']"
711,"[339664, 470752, 825311, 885686]",4, 6454 4126,2018-04-24,50-65,0.4057971014492754,4,50-65,['RECHARGE LAVAGE']
732,"[105377, 286035, 298450, 304298, 461473, 607089, 748914]",7, 5952 4126,2018-04-24,35-49,0.4057971014492754,7,35-49,"['FUZE TEA MANGUE', 'RECHARGE LAVAGE']"
733,"[149358, 198525, 607089, 619437, 924491]",5, 5952 5951,2018-04-24,35-49,0.4057971014492754,5,35-49,"['FUZE TEA MANGUE', 'FUZE TEA PECHE 40CL']"
737,"[492536, 550893, 607089, 1001471]",4, 4126 5951,2018-04-24,35-49,0.4057971014492754,4,35-49,"['FUZE TEA PECHE 40CL', 'RECHARGE LAVAGE']"
745,"[574634, 1007975, 1082751]",3, 6410 263,2018-04-24,35-49,0.4057971014492754,3,35-49,"['MILKA CAKE AND', 'REMISE BUS AUTOROUTE 9\x80']"
746,"[246299, 509465, 619437]",3, 5246 1547,2018-04-24,35-49,0.4057971014492754,3,35-49,"['1/2 BAG. VIENNOISE X2 170G', 'SAC BOUTIQUE KRAFT']"
754,"[913872, 971894, 1036452]",3, 5925 263,2018-04-24,35-49,0.4057971014492754,3,35-49,"['COCA COLA  1L', 'REMISE BUS AUTOROUTE 9\x80']"
758,"[460228, 480033, 758478]",3, 2458 163,2018-04-24,35-49,0.4057971014492754,3,35-49,['HARIBO POLKA 120G']
760,"[123499, 460228, 492488]",3, 2458 5951,2018-04-24,35-49,0.4057971014492754,3,35-49,"['FUZE TEA PECHE 40CL', 'HARIBO POLKA 120G']"
761,"[519885, 619437, 913872, 1048011]",4, 1547 263,2018-04-24,35-49,0.4057971014492754,4,35-49,"['REMISE BUS AUTOROUTE 9\x80', 'SAC BOUTIQUE KRAFT']"
767,"[133892, 205109, 588437]",3, 163 2968,2018-05-09,50-65,0.42028985507246375,3,50-65,['TW 10 LINGUETTE']
792,"[993844, 1008376, 1014685, 1060608]",4, 1547 263,2018-05-09,<35,0.42028985507246375,4,<35,"['REMISE BUS AUTOROUTE 9\x80', 'SAC BOUTIQUE KRAFT']"
793,"[314647, 429748, 499476, 878894, 975791, 995076, 1010419]",7, 5625 5951,2018-05-09,<35,0.42028985507246375,7,<35,"['FUZE TEA PECHE 40CL', 'MARS  51G']"
798,"[515602, 873625, 897112, 1003499]",4, 4126 4125,2018-05-09,<35,0.42028985507246375,4,<35,"['RECHARGE LAVAGE', 'RECHARGE LAVAGE TW - A']"
800,"[409846, 615774, 794869, 868830, 897112, 970021, 1005776]",7, 4126 5951,2018-05-09,<35,0.42028985507246375,7,<35,"['FUZE TEA PECHE 40CL', 'RECHARGE LAVAGE']"
802,"[199094, 488638, 567223, 620532, 897112]",5, 4125 5951,2018-05-09,<35,0.42028985507246375,5,<35,"['FUZE TEA PECHE 40CL', 'RECHARGE LAVAGE TW - A']"
810,"[416219, 963615, 1075582]",3, 1394 264,2018-05-09,50-65,0.42028985507246375,3,50-65,"['BD DOUBLE EXPRE', 'REMISE BUS AUTOROUTE 15\x80']"
818,"[574634, 1036452, 1075356]",3, 5875 263,2018-05-09,35-49,0.42028985507246375,3,35-49,"['KINDER SCHOKO 125G SCHT', 'REMISE BUS AUTOROUTE 9\x80']"
819,"[574634, 849812, 901480]",3, 2216 263,2018-05-09,35-49,0.42028985507246375,3,35-49,"['LU BARQUETTE FRAISE 120G', 'REMISE BUS AUTOROUTE 9\x80']"
828,"[145875, 324104, 362310, 751640]",4, 163 5952,2018-05-09,35-49,0.42028985507246375,4,35-49,['FUZE TEA MANGUE']
833,"[288039, 326750, 328183, 381808, 383930, 540428, 568169, 582160, 748770, 751640]",10, 2968 5952,2018-05-09,35-49,0.42028985507246375,10,35-49,"['FUZE TEA MANGUE', 'TW 10 LINGUETTE']"
843,"[114666, 599279, 875212, 1007010]",4, 6969 5951,2018-05-09,35-49,0.42028985507246375,4,35-49,"['FUZE TEA PECHE 40CL', 'RED BULL BTE 25CL']"
846,"[734723, 849812, 913872, 979729, 988692]",5, 1547 263,2018-05-09,35-49,0.42028985507246375,5,35-49,"['REMISE BUS AUTOROUTE 9\x80', 'SAC BOUTIQUE KRAFT']"
848,"[610249, 619437, 988692]",3, 4420 263,2018-05-09,35-49,0.42028985507246375,3,35-49,"['REMISE BUS AUTOROUTE 9\x80', 'TROPICANA MULTI']"
852,"[574634, 849812, 1007975]",3, 2851 263,2018-05-09,35-49,0.42028985507246375,3,35-49,"['MADELEINES ST M. 250G', 'REMISE BUS AUTOROUTE 9\x80']"
853,"[849812, 1048011, 1082751]",3, 2643 263,2018-05-09,35-49,0.42028985507246375,3,35-49,"['OASIS TROPICAL', 'REMISE BUS AUTOROUTE 9\x80']"
881,"[118478, 242883, 1003119]",3, 163 5951,2018-05-24,50-65,0.43478260869565216,3,50-65,['FUZE TEA PECHE 40CL']
882,"[110518, 118478, 133707, 217162, 551221, 589044, 765564]",7, 5625 5951,2018-05-24,50-65,0.43478260869565216,7,50-65,"['FUZE TEA PECHE 40CL', 'MARS  51G']"
883,"[470752, 751146, 1066512]",3, 2972 4126,2018-05-24,50-65,0.43478260869565216,3,50-65,"['RECHARGE LAVAGE', 'TXW LAVE GLACE']"
884,"[224478, 328019, 470752, 494174]",4, 2972 4112,2018-05-24,50-65,0.43478260869565216,4,50-65,"['LAVAGE CLU', 'TXW LAVE GLACE']"
889,"[211900, 296174, 470752, 622174]",4, 4136 4112,2018-05-24,50-65,0.43478260869565216,4,50-65,"['LAVAGE CLU', 'RECHARGE LAVAGE TW - D']"
891,"[521931, 842314, 963615, 1040091]",4, 431 263,2018-05-24,50-65,0.43478260869565216,4,50-65,"['CAFE EXPRESSO', 'REMISE BUS AUTOROUTE 9\x80']"
895,"[614220, 1014685, 1015043]",3, 2643 263,2018-05-24,<35,0.43478260869565216,3,<35,"['OASIS TROPICAL', 'REMISE BUS AUTOROUTE 9\x80']"
896,"[989025, 1014685, 1037646, 1070069]",4, 1547 263,2018-05-24,<35,0.43478260869565216,4,<35,"['REMISE BUS AUTOROUTE 9\x80', 'SAC BOUTIQUE KRAFT']"
904,"[239503, 410740, 470752]",3, 6448 4126,2018-05-24,50-65,0.43478260869565216,3,50-65,['RECHARGE LAVAGE']
908,"[201438, 212581, 270220]",3, 1622 1738,2018-05-24,50-65,0.43478260869565216,3,50-65,"['CR CAFE EXPRESSO', 'CR PAIN AU CHOCOLAT']"
909,"[519887, 842314, 963615]",3, 264 431,2018-05-24,50-65,0.43478260869565216,3,50-65,"['CAFE EXPRESSO', 'REMISE BUS AUTOROUTE 15\x80']"
910,"[584447, 842314, 963615]",3, 264 263,2018-05-24,50-65,0.43478260869565216,3,50-65,"['REMISE BUS AUTOROUTE 15\x80', 'REMISE BUS AUTOROUTE 9\x80']"
919,"[242281, 746930, 957469]",3, 163 5952,2018-05-24,35-49,0.43478260869565216,3,35-49,['FUZE TEA MANGUE']
920,"[123801, 422933, 427250, 451363, 976717]",5, 163 5951,2018-05-24,35-49,0.43478260869565216,5,35-49,['FUZE TEA PECHE 40CL']
922,"[447321, 536854, 723407]",3, 2968 4126,2018-05-24,35-49,0.43478260869565216,3,35-49,"['RECHARGE LAVAGE', 'TW 10 LINGUETTE']"
926,"[293992, 387373, 756856, 836821, 934931]",5, 4125 4112,2018-05-24,35-49,0.43478260869565216,5,35-49,"['LAVAGE CLU', 'RECHARGE LAVAGE TW - A']"
933,"[147495, 204764, 372572, 383585, 410856, 470752, 866133, 899061]",8, 4126 4112,2018-05-24,50-65,0.43478260869565216,8,50-65,"['LAVAGE CLU', 'RECHARGE LAVAGE']"
937,"[957240, 1048011, 1082751]",3, 1547 263,2018-05-24,35-49,0.43478260869565216,3,35-49,"['REMISE BUS AUTOROUTE 9\x80', 'SAC BOUTIQUE KRAFT']"
943,"[754685, 860435, 1036452, 1082751]",4, 3297 263,2018-05-24,35-49,0.43478260869565216,4,35-49,"['REMISE BUS AUTOROUTE 9\x80', 'SDW SUEDOIS D.SAUMON 135G']"
944,"[572285, 574634, 758594, 957240]",4, 4439 263,2018-05-24,35-49,0.43478260869565216,4,35-49,['REMISE BUS AUTOROUTE 9\x80']
947,"[913872, 1007975, 1082751]",3, 5913 263,2018-05-24,35-49,0.43478260869565216,3,35-49,"['FANTA ORANGE PET 1L', 'REMISE BUS AUTOROUTE 9\x80']"
953,"[212834, 607089, 823716]",3, 6346 4112,2018-05-24,35-49,0.43478260869565216,3,35-49,"['LAVAGE CLU', 'PRINCE GRANOLA LAIT 200 G']"
960,"[416219, 471775, 526400]",3, 1547 263,2018-06-08,50-65,0.4492753623188406,3,50-65,"['REMISE BUS AUTOROUTE 9\x80', 'SAC BOUTIQUE KRAFT']"
966,"[666223, 873625, 897112]",3, 4125 4126,2018-06-08,<35,0.4492753623188406,3,<35,"['RECHARGE LAVAGE', 'RECHARGE LAVAGE TW - A']"
974,"[616225, 1062941, 1089040]",3, 5622 263,2018-06-08,35-49,0.4492753623188406,3,35-49,"['MALTESERS 300GR', 'REMISE BUS AUTOROUTE 9\x80']"
975,"[129757, 170102, 186079, 607089, 917073, 932650, 1054186]",7, 4126 4112,2018-06-08,35-49,0.4492753623188406,7,35-49,"['LAVAGE CLU', 'RECHARGE LAVAGE']"
979,"[519885, 997283, 1036452]",3, 2797 263,2018-06-08,35-49,0.4492753623188406,3,35-49,"['COCA COLA 50CL PET', 'REMISE BUS AUTOROUTE 9\x80']"
991,"[149886, 172457, 181027, 470752]",4, 4125 4143,2018-06-23,50-65,0.463768115942029,4,50-65,"['BOUT.ISOTHERME', 'RECHARGE LAVAGE TW - A']"
1004,"[187833, 604098, 864160]",3, 163 4921,2018-06-23,50-65,0.463768115942029,3,50-65,['SERVIET.FALBALA']
1012,"[125579, 131514, 257982, 470752, 622174]",5, 4136 4143,2018-06-23,50-65,0.463768115942029,5,50-65,"['BOUT.ISOTHERME', 'RECHARGE LAVAGE TW - D']"
1018,"[485289, 552282, 1038417, 1061637]",4, 163 4143,2018-06-23,<35,0.463768115942029,4,<35,['BOUT.ISOTHERME']
1036,"[400722, 521883, 963615]",3, 1394 264,2018-06-23,50-65,0.463768115942029,3,50-65,"['BD DOUBLE EXPRE', 'REMISE BUS AUTOROUTE 15\x80']"
1039,"[497651, 849812, 942111]",3, 1378 890,2018-06-23,35-49,0.463768115942029,3,35-49,['BD PAIN RAISIN']
1041,"[110899, 261384, 351686, 483533, 567220, 607784]",6, 163 4143,2018-06-23,35-49,0.463768115942029,6,35-49,['BOUT.ISOTHERME']
1056,"[193056, 353820, 441047, 447321, 450623, 463601, 479797, 501066, 576981, 832733]",10, 4126 4143,2018-06-23,35-49,0.463768115942029,10,35-49,"['BOUT.ISOTHERME', 'RECHARGE LAVAGE']"
1057,"[230440, 243852, 296815, 355402, 472574, 506019, 532781, 607089, 618550, 638210, 839227]",11, 4126 4142,2018-06-23,35-49,0.463768115942029,11,35-49,"['RECHARGE LAVAGE', 'SERVIET.IDEFIX']"
1062,"[113875, 159219, 532369, 545865, 562031, 890216, 1031335]",7, 4919 4126,2018-06-23,35-49,0.463768115942029,7,35-49,"['RECHARGE LAVAGE', 'SERVIET.ASTERIX']"
1067,"[849812, 942111, 958732]",3, 891 890,2018-06-23,35-49,0.463768115942029,3,35-49,[]
1069,"[114666, 607784, 616689]",3, 1538 163,2018-06-23,35-49,0.463768115942029,3,35-49,['RECHARGE CAFÉ CLUB 2\x80']
1070,"[315774, 567971, 1007975, 1036452, 1082751, 1097861]",6, 1547 263,2018-06-23,35-49,0.463768115942029,6,35-49,"['REMISE BUS AUTOROUTE 9\x80', 'SAC BOUTIQUE KRAFT']"
1077,"[565366, 1036452, 1152434]",3, 2797 263,2018-06-23,35-49,0.463768115942029,3,35-49,"['COCA COLA 50CL PET', 'REMISE BUS AUTOROUTE 9\x80']"
1080,"[342226, 397187, 528271, 594278, 836821, 1010656]",6, 4112 4125,2018-06-23,35-49,0.463768115942029,6,35-49,"['LAVAGE CLU', 'RECHARGE LAVAGE TW - A']"
1082,"[323949, 348809, 446878, 600101, 607784, 866605]",6, 2968 4143,2018-06-23,35-49,0.463768115942029,6,35-49,"['BOUT.ISOTHERME', 'TW 10 LINGUETTE']"
1116,"[314647, 403445, 602580, 612824, 739860]",5, 1538 163,2018-07-08,<35,0.4782608695652174,5,<35,['RECHARGE CAFÉ CLUB 2\x80']
1120,"[979705, 1014685, 1047955]",3, 1547 263,2018-07-08,<35,0.4782608695652174,3,<35,"['REMISE BUS AUTOROUTE 9\x80', 'SAC BOUTIQUE KRAFT']"
1126,"[522740, 717630, 897112]",3, 4125 4921,2018-07-08,<35,0.4782608695652174,3,<35,"['RECHARGE LAVAGE TW - A', 'SERVIET.FALBALA']"
1138,"[105293, 118478, 167694, 187833, 199984, 270220, 464331]",7, 1538 163,2018-07-08,50-65,0.4782608695652174,7,50-65,['RECHARGE CAFÉ CLUB 2\x80']
1142,"[199984, 464331, 681522]",3, 163 4921,2018-07-08,50-65,0.4782608695652174,3,50-65,['SERVIET.FALBALA']
1147,"[754685, 849812, 1152434]",3, 5913 263,2018-07-08,35-49,0.4782608695652174,3,35-49,"['FANTA ORANGE PET 1L', 'REMISE BUS AUTOROUTE 9\x80']"
1180,"[519885, 822376, 1016894, 1152434]",4, 2797 1547,2018-07-08,35-49,0.4782608695652174,4,35-49,"['COCA COLA 50CL PET', 'SAC BOUTIQUE KRAFT']"
1184,"[170884, 519885, 623261, 989029, 1152434]",5, 2369 1547,2018-07-08,35-49,0.4782608695652174,5,35-49,"['EVIAN 1L PET*', 'SAC BOUTIQUE KRAFT']"
1185,"[519885, 555714, 578639, 754776, 998545, 1152434]",6, 1547 263,2018-07-08,35-49,0.4782608695652174,6,35-49,"['REMISE BUS AUTOROUTE 9\x80', 'SAC BOUTIQUE KRAFT']"
1187,"[425954, 1052581, 1095891]",3, 1538 163 4142,2018-07-08,35-49,0.4782608695652174,3,35-49,"['RECHARGE CAFÉ CLUB 2\x80', 'SERVIET.IDEFIX']"
1188,"[110899, 235462, 425954, 427096, 427250, 451363, 607784, 616689, 751640, 1052581, 1095891]",11, 1538 163,2018-07-08,35-49,0.4782608695652174,11,35-49,['RECHARGE CAFÉ CLUB 2\x80']
1189,"[754685, 891917, 1152434]",3, 2643 263,2018-07-08,35-49,0.4782608695652174,3,35-49,"['OASIS TROPICAL', 'REMISE BUS AUTOROUTE 9\x80']"
1191,"[425954, 433654, 435229, 453193, 573259, 1052581, 1095891]",7, 1538 4142,2018-07-08,35-49,0.4782608695652174,7,35-49,"['RECHARGE CAFÉ CLUB 2\x80', 'SERVIET.IDEFIX']"
1196,"[425954, 999796, 1052581, 1095891]",4, 163 4142,2018-07-08,35-49,0.4782608695652174,4,35-49,['SERVIET.IDEFIX']
1215,"[521894, 542073, 963615]",3, 264 431,2018-07-23,50-65,0.4927536231884058,3,50-65,"['CAFE EXPRESSO', 'REMISE BUS AUTOROUTE 15\x80']"
1218,"[288842, 314647, 602580]",3, 1538 163,2018-07-23,<35,0.4927536231884058,3,<35,['RECHARGE CAFÉ CLUB 2\x80']
1221,"[979705, 1008376, 1014685]",3, 1547 263,2018-07-23,<35,0.4927536231884058,3,<35,"['REMISE BUS AUTOROUTE 9\x80', 'SAC BOUTIQUE KRAFT']"
1223,"[118478, 199984, 604098]",3, 1538 163,2018-07-23,50-65,0.4927536231884058,3,50-65,['RECHARGE CAFÉ CLUB 2\x80']
1228,"[732484, 893157, 1072489]",3, 4125 4126,2018-07-23,35-49,0.4927536231884058,3,35-49,"['RECHARGE LAVAGE', 'RECHARGE LAVAGE TW - A']"
1240,"[893157, 988692, 998545]",3, 1738 1622,2018-07-23,35-49,0.4927536231884058,3,35-49,"['CR CAFE EXPRESSO', 'CR PAIN AU CHOCOLAT']"
1242,"[860435, 1082751, 1152434]",3, 2643 1547,2018-07-23,35-49,0.4927536231884058,3,35-49,"['OASIS TROPICAL', 'SAC BOUTIQUE KRAFT']"
1243,"[427250, 432305, 751640, 957469, 1106546]",5, 1538 163,2018-07-23,35-49,0.4927536231884058,5,35-49,['RECHARGE CAFÉ CLUB 2\x80']
1245,"[468837, 619437, 754776, 988692, 1082751, 1152434]",6, 1547 263,2018-07-23,35-49,0.4927536231884058,6,35-49,"['REMISE BUS AUTOROUTE 9\x80', 'SAC BOUTIQUE KRAFT']"
1247,"[849812, 1082751, 1152434]",3, 2643 263,2018-07-23,35-49,0.4927536231884058,3,35-49,"['OASIS TROPICAL', 'REMISE BUS AUTOROUTE 9\x80']"
1249,"[294115, 849812, 1152434]",3, 264 263,2018-08-07,35-49,0.5072463768115942,3,35-49,"['REMISE BUS AUTOROUTE 15\x80', 'REMISE BUS AUTOROUTE 9\x80']"
1253,"[363093, 988692, 1152434]",3, 1868 1615,2018-08-07,35-49,0.5072463768115942,3,35-49,"['CR COCA COLA PE', 'CR FLAN NATURE']"
1255,"[132253, 897112, 968700, 1003499]",4, 4126 4125,2018-08-07,<35,0.5072463768115942,4,<35,"['RECHARGE LAVAGE', 'RECHARGE LAVAGE TW - A']"
1257,"[167694, 187833, 199984]",3, 1538 163,2018-08-07,50-65,0.5072463768115942,3,50-65,['RECHARGE CAFÉ CLUB 2\x80']
1263,"[294115, 619437, 1152434]",3, 891 263,2018-08-07,35-49,0.5072463768115942,3,35-49,['REMISE BUS AUTOROUTE 9\x80']
1264,"[519885, 523273, 988692]",3, 1615 1738,2018-08-07,35-49,0.5072463768115942,3,35-49,"['CR CAFE EXPRESSO', 'CR FLAN NATURE']"
1266,"[860435, 1036452, 1152434]",3, 5925 263,2018-08-07,35-49,0.5072463768115942,3,35-49,"['COCA COLA  1L', 'REMISE BUS AUTOROUTE 9\x80']"
1267,"[424114, 817595, 979326]",3, 4112 4126,2018-08-07,35-49,0.5072463768115942,3,35-49,"['LAVAGE CLU', 'RECHARGE LAVAGE']"
1268,"[473077, 479474, 481388, 482352, 836821]",5, 4112 4125,2018-08-07,35-49,0.5072463768115942,5,35-49,"['LAVAGE CLU', 'RECHARGE LAVAGE TW - A']"
1271,"[519885, 542084, 619437, 754776, 860435, 891917, 1082751, 1152434]",8, 1547 263,2018-08-07,35-49,0.5072463768115942,8,35-49,"['REMISE BUS AUTOROUTE 9\x80', 'SAC BOUTIQUE KRAFT']"
1277,"[519885, 988692, 1082751]",3, 1738 1547,2018-08-07,35-49,0.5072463768115942,3,35-49,"['CR CAFE EXPRESSO', 'SAC BOUTIQUE KRAFT']"
1278,"[519885, 988692, 1152434]",3, 1615 1547,2018-08-07,35-49,0.5072463768115942,3,35-49,"['CR FLAN NATURE', 'SAC BOUTIQUE KRAFT']"
1281,"[118478, 187833, 464331, 681522, 1167617, 1171591]",6, 1538 163,2018-08-22,50-65,0.5217391304347826,6,50-65,['RECHARGE CAFÉ CLUB 2\x80']
1283,"[131348, 383170, 470752, 918260]",4, 2944 4126,2018-08-22,50-65,0.5217391304347826,4,50-65,"['RECHARGE LAVAGE', 'TW  LAVE GLACE DEMOUSTIQUEUR 4L']"
1288,"[165005, 470752, 918260]",3, 4632 4126,2018-08-22,50-65,0.5217391304347826,3,50-65,"['NET.JANTE 500ML NEOCLEAN', 'RECHARGE LAVAGE']"
1295,"[470752, 525249, 866723]",3, 6448 4136,2018-08-22,50-65,0.5217391304347826,3,50-65,['RECHARGE LAVAGE TW - D']
1301,"[344832, 375587, 441144, 485901, 493372, 555942, 583146, 621358, 794611, 836821, 1049197]",11, 2968 4112,2018-08-22,35-49,0.5217391304347826,11,35-49,"['LAVAGE CLU', 'TW 10 LINGUETTE']"
1304,"[754776, 1082751, 1152434]",3, 1547 263,2018-08-22,35-49,0.5217391304347826,3,35-49,"['REMISE BUS AUTOROUTE 9\x80', 'SAC BOUTIQUE KRAFT']"
1306,"[114666, 292347, 351686, 425954, 427096, 427250, 751640, 1095891, 1163691, 1168767]",10, 1538 163,2018-08-22,35-49,0.5217391304347826,10,35-49,['RECHARGE CAFÉ CLUB 2\x80']
1307,"[891917, 1082751, 1152434]",3, 2643 1547,2018-08-22,35-49,0.5217391304347826,3,35-49,"['OASIS TROPICAL', 'SAC BOUTIQUE KRAFT']"
1309,"[1082751, 1152434, 1175583]",3, 2633 1547,2018-08-22,35-49,0.5217391304347826,3,35-49,"['OASIS TROPICAL PET 50CL', 'SAC BOUTIQUE KRAFT']"
1310,"[619437, 1036452, 1152434]",3, 3261 263,2018-08-22,35-49,0.5217391304347826,3,35-49,"['FUSILLI FROMAGE 300G', 'REMISE BUS AUTOROUTE 9\x80']"
1311,"[619437, 849812, 1034094]",3, 6727 263,2018-08-22,35-49,0.5217391304347826,3,35-49,"['REMISE BUS AUTOROUTE 9\x80', 'SAN PE ARAN ROS']"
1313,"[849812, 1034094, 1036452]",3, 5740 263,2018-08-22,35-49,0.5217391304347826,3,35-49,"['JUS ORANGE INNO', 'REMISE BUS AUTOROUTE 9\x80']"
1315,"[339905, 447658, 470752]",3, 2944 4112,2018-09-06,50-65,0.5362318840579711,3,50-65,"['LAVAGE CLU', 'TW  LAVE GLACE DEMOUSTIQUEUR 4L']"
1319,"[108938, 118478, 133892, 167694, 187833, 199984, 270220, 368080, 604098, 1167617, 1171591]",11, 1538 163,2018-09-06,50-65,0.5362318840579711,11,50-65,['RECHARGE CAFÉ CLUB 2\x80']
1320,"[252184, 386756, 408070, 470752, 558440]",5, 4136 4112,2018-09-06,50-65,0.5362318840579711,5,50-65,"['LAVAGE CLU', 'RECHARGE LAVAGE TW - D']"
1323,"[155907, 209677, 269944, 470752, 525441, 618708, 866133]",7, 4126 4112,2018-09-06,50-65,0.5362318840579711,7,50-65,"['LAVAGE CLU', 'RECHARGE LAVAGE']"
1328,"[314647, 403445, 602580, 903640, 1061637, 1166148]",6, 1538 163,2018-09-06,<35,0.5362318840579711,6,<35,['RECHARGE CAFÉ CLUB 2\x80']
1335,"[124396, 146585, 160378, 352527, 359007, 376147, 447321, 450776, 537965]",9, 4112 4126,2018-09-06,35-49,0.5362318840579711,9,35-49,"['LAVAGE CLU', 'RECHARGE LAVAGE']"
1337,"[105649, 330312, 836821, 911256, 941598]",5, 4125 4112,2018-09-06,35-49,0.5362318840579711,5,35-49,"['LAVAGE CLU', 'RECHARGE LAVAGE TW - A']"
1339,"[282802, 836821, 1047905]",3, 4099 4125,2018-09-06,35-49,0.5362318840579711,3,35-49,"['LAVAGE 1 PLEIN', 'RECHARGE LAVAGE TW - A']"
1341,"[381915, 607784, 949140]",3, 1538 4112,2018-09-06,35-49,0.5362318840579711,3,35-49,"['LAVAGE CLU', 'RECHARGE CAFÉ CLUB 2\x80']"
1343,"[526399, 719763, 734723, 849812, 995513, 1174591]",6, 1547 263,2018-09-06,35-49,0.5362318840579711,6,35-49,"['REMISE BUS AUTOROUTE 9\x80', 'SAC BOUTIQUE KRAFT']"
1344,"[526399, 597442, 1036452, 1174591]",4, 2797 263,2018-09-06,35-49,0.5362318840579711,4,35-49,"['COCA COLA 50CL PET', 'REMISE BUS AUTOROUTE 9\x80']"
1349,"[114666, 235462, 244827, 292347, 427250, 432305, 451363, 483533, 607784, 616689, 751640, 957469, 1095891, 1163691, 1167207, 1168767]",16, 1538 163,2018-09-06,35-49,0.5362318840579711,16,35-49,['RECHARGE CAFÉ CLUB 2\x80']
1351,"[363692, 471775, 520708, 824398]",4, 891 431 263,2018-09-21,50-65,0.5507246376811594,4,50-65,"['CAFE EXPRESSO', 'REMISE BUS AUTOROUTE 9\x80']"
1352,"[400722, 455008, 471775, 520708, 824398]",5, 891 264,2018-09-21,50-65,0.5507246376811594,5,50-65,['REMISE BUS AUTOROUTE 15\x80']
1353,"[471775, 520708, 824398]",3, 891 264 431 263,2018-09-21,50-65,0.5507246376811594,3,50-65,"['CAFE EXPRESSO', 'REMISE BUS AUTOROUTE 15\x80', 'REMISE BUS AUTOROUTE 9\x80']"
1354,"[400722, 552972, 963615]",3, 1394 264,2018-09-21,50-65,0.5507246376811594,3,50-65,"['BD DOUBLE EXPRE', 'REMISE BUS AUTOROUTE 15\x80']"
1356,"[540247, 543699, 963615]",3, 1388 431,2018-09-21,50-65,0.5507246376811594,3,50-65,"['BD FLAN NATURE', 'CAFE EXPRESSO']"
1357,"[363692, 471775, 520708, 540247, 824398]",5, 891 431,2018-09-21,50-65,0.5507246376811594,5,50-65,['CAFE EXPRESSO']
1358,"[455008, 471775, 552972]",3, 1135 264,2018-09-21,50-65,0.5507246376811594,3,50-65,['REMISE BUS AUTOROUTE 15\x80']
1359,"[314647, 403445, 602580, 612824, 903640, 1166148]",6, 1538 163,2018-09-21,<35,0.5507246376811594,6,<35,['RECHARGE CAFÉ CLUB 2\x80']
1366,"[471775, 520708, 824398, 963615]",4, 264 431 263,2018-09-21,50-65,0.5507246376811594,4,50-65,"['CAFE EXPRESSO', 'REMISE BUS AUTOROUTE 15\x80', 'REMISE BUS AUTOROUTE 9\x80']"
1368,"[428202, 471775, 520708, 824398, 963615]",5, 264 263,2018-09-21,50-65,0.5507246376811594,5,50-65,"['REMISE BUS AUTOROUTE 15\x80', 'REMISE BUS AUTOROUTE 9\x80']"
1372,"[114666, 244827, 370988, 423574, 425954, 432305, 451363, 483533, 521982, 523545, 607784, 751640, 957469, 1095891, 1163691, 1168767, 1198352]",17, 1538 163,2018-09-21,35-49,0.5507246376811594,17,35-49,['RECHARGE CAFÉ CLUB 2\x80']
1375,"[849812, 995513, 998545, 1048011, 1155422]",5, 1547 263,2018-09-21,35-49,0.5507246376811594,5,35-49,"['REMISE BUS AUTOROUTE 9\x80', 'SAC BOUTIQUE KRAFT']"
1377,"[366567, 405310, 461875, 502556, 606741, 836821]",6, 4125 4112,2018-09-21,35-49,0.5507246376811594,6,35-49,"['LAVAGE CLU', 'RECHARGE LAVAGE TW - A']"
1380,"[471775, 518902, 520708, 824398, 963615]",5, 264 431,2018-09-21,50-65,0.5507246376811594,5,50-65,"['CAFE EXPRESSO', 'REMISE BUS AUTOROUTE 15\x80']"
1383,"[118478, 127790, 162567, 187833, 270220, 368080, 464331, 1045120]",8, 1538 163,2018-09-21,50-65,0.5507246376811594,8,50-65,['RECHARGE CAFÉ CLUB 2\x80']
1384,"[363692, 471775, 520708, 824398, 963615]",5, 431 263,2018-09-21,50-65,0.5507246376811594,5,50-65,"['CAFE EXPRESSO', 'REMISE BUS AUTOROUTE 9\x80']"
1387,"[108938, 118478, 127790, 133892, 149963, 187833, 206426, 270220, 368080, 445481, 464331, 1171591]",12, 1538 163,2018-10-06,50-65,0.5652173913043478,12,50-65,['RECHARGE CAFÉ CLUB 2\x80']
1389,"[519887, 715341, 963615]",3, 264 431,2018-10-06,50-65,0.5652173913043478,3,50-65,"['CAFE EXPRESSO', 'REMISE BUS AUTOROUTE 15\x80']"
1393,"[314647, 403445, 552846, 612824, 739860, 1061637, 1103098, 1166148, 1205586, 1214239]",10, 163 1538,2018-10-06,<35,0.5652173913043478,10,<35,['RECHARGE CAFÉ CLUB 2\x80']
1394,"[518759, 519499, 963615]",3, 3270 263,2018-10-06,50-65,0.5652173913043478,3,50-65,"['REMISE BUS AUTOROUTE 9\x80', 'SOEBO JMB CRU CHEVRE 190G']"
1398,"[992218, 1014685, 1153425]",3, 1622 263,2018-10-06,<35,0.5652173913043478,3,<35,"['CR PAIN AU CHOCOLAT', 'REMISE BUS AUTOROUTE 9\x80']"
1405,"[300450, 324441, 375121, 429379, 521418, 545865, 742861, 979326, 1175910]",9, 4126 4112,2018-10-06,35-49,0.5652173913043478,9,35-49,"['LAVAGE CLU', 'RECHARGE LAVAGE']"
1406,"[410397, 506588, 732484, 1027170]",4, 4126 4125,2018-10-06,35-49,0.5652173913043478,4,35-49,"['RECHARGE LAVAGE', 'RECHARGE LAVAGE TW - A']"
1409,"[244827, 261384, 292347, 370988, 427096, 427250, 451363, 483533, 957469, 1042827, 1095891, 1163691, 1167207, 1168767]",14, 1538 163,2018-10-06,35-49,0.5652173913043478,14,35-49,['RECHARGE CAFÉ CLUB 2\x80']
1410,"[261384, 369359, 460228]",3, 1538 4112,2018-10-06,35-49,0.5652173913043478,3,35-49,"['LAVAGE CLU', 'RECHARGE CAFÉ CLUB 2\x80']"
1414,"[294115, 555714, 574634, 1075356, 1155422]",5, 3510 263,2018-10-06,35-49,0.5652173913043478,5,35-49,"['CRISTALINE 1.5L', 'REMISE BUS AUTOROUTE 9\x80']"
1416,"[493984, 734723, 911614]",3, 1871 1669,2018-10-06,35-49,0.5652173913043478,3,35-49,"['CR CHAUSSON AUX POMMES 120G', 'CR PAIN AUX RAISINS']"
1418,"[264552, 809946, 963615]",3, 1388 431,2018-10-21,50-65,0.5797101449275363,3,50-65,"['BD FLAN NATURE', 'CAFE EXPRESSO']"
1419,"[403445, 552846, 612824, 1166148]",4, 1538 163,2018-10-21,<35,0.5797101449275363,4,<35,['RECHARGE CAFÉ CLUB 2\x80']
1420,"[226621, 264552, 963615]",3, 1119 431,2018-10-21,50-65,0.5797101449275363,3,50-65,"['BD SAN PELLEGRI', 'CAFE EXPRESSO']"
1421,"[108938, 127790, 149963, 235297, 270220, 275782, 368080, 464331, 1106966]",9, 1538 163,2018-10-21,50-65,0.5797101449275363,9,50-65,['RECHARGE CAFÉ CLUB 2\x80']
1423,"[114666, 427250, 483533, 957469, 999796, 1163691, 1168767, 1178295]",8, 1538 163,2018-10-21,35-49,0.5797101449275363,8,35-49,['RECHARGE CAFÉ CLUB 2\x80']
1427,"[112161, 137677, 375744, 470752, 734827]",5, 2946 4112,2018-11-05,50-65,0.5942028985507246,5,50-65,"['LAVAGE CLU', 'TW  LAVE GLACE']"
1428,"[314647, 552846, 1061637, 1166148]",4, 1538 163,2018-11-05,<35,0.5942028985507246,4,<35,['RECHARGE CAFÉ CLUB 2\x80']
1430,"[597370, 897112, 1003499, 1159127]",4, 4125 4126,2018-11-05,<35,0.5942028985507246,4,<35,"['RECHARGE LAVAGE', 'RECHARGE LAVAGE TW - A']"
1432,"[383170, 470752, 575459]",3, 4136 2946,2018-11-05,50-65,0.5942028985507246,3,50-65,"['RECHARGE LAVAGE TW - D', 'TW  LAVE GLACE']"
1433,"[118478, 127790, 133892, 161394, 187833, 199984, 235297, 270220, 368080, 604098]",10, 1538 163,2018-11-05,50-65,0.5942028985507246,10,50-65,['RECHARGE CAFÉ CLUB 2\x80']
1434,"[287608, 470752, 541273]",3, 2946 4126,2018-11-05,50-65,0.5942028985507246,3,50-65,"['RECHARGE LAVAGE', 'TW  LAVE GLACE']"
1435,"[266177, 470752, 508797]",3, 4126 4112,2018-11-05,50-65,0.5942028985507246,3,50-65,"['LAVAGE CLU', 'RECHARGE LAVAGE']"
1437,"[124069, 204046, 220201, 234914, 254833, 470752, 476566, 598769, 723615]",9, 4112 2968,2018-11-05,50-65,0.5942028985507246,9,50-65,"['LAVAGE CLU', 'TW 10 LINGUETTE']"
1441,"[114666, 261384, 425954, 427250, 460228, 521982, 523545, 607784, 751640, 786504, 1163691, 1180756, 1198352]",13, 1538 163,2018-11-05,35-49,0.5942028985507246,13,35-49,['RECHARGE CAFÉ CLUB 2\x80']
1450,"[118478, 127790, 133892, 187833, 205109, 270220, 368080, 464331, 731934, 1045120, 1171591]",11, 1538 163,2018-11-20,50-65,0.6086956521739131,11,50-65,['RECHARGE CAFÉ CLUB 2\x80']
1455,"[552846, 602580, 612824, 739860, 1061637, 1166148, 1196697, 1205586]",8, 1538 163,2018-11-20,<35,0.6086956521739131,8,<35,['RECHARGE CAFÉ CLUB 2\x80']
1457,"[971686, 1014685, 1052503]",3, 5925 263,2018-11-20,<35,0.6086956521739131,3,<35,"['COCA COLA  1L', 'REMISE BUS AUTOROUTE 9\x80']"
1461,"[616225, 998545, 1071032]",3, 1853 721,2018-11-20,35-49,0.6086956521739131,3,35-49,"['BD. PAIN CHOCOLAT PAC', 'CR SANDWICH VOL']"
1462,"[616225, 998545, 1155422]",3, 1853 264,2018-11-20,35-49,0.6086956521739131,3,35-49,"['CR SANDWICH VOL', 'REMISE BUS AUTOROUTE 15\x80']"
1463,"[132262, 359007, 463711, 545865, 601405, 1152822]",6, 4126 4112,2018-11-20,35-49,0.6086956521739131,6,35-49,"['LAVAGE CLU', 'RECHARGE LAVAGE']"
1467,"[110899, 114666, 156634, 244827, 427096, 521982, 600467, 607784, 616689, 746930, 751640, 957469, 1163691, 1167207, 1168767, 1180756, 1198352, 1237802]",18, 1538 163,2018-11-20,35-49,0.6086956521739131,18,35-49,['RECHARGE CAFÉ CLUB 2\x80']
1469,"[112044, 179750, 998545, 1071032]",4, 721 1622,2018-11-20,35-49,0.6086956521739131,4,35-49,"['BD. PAIN CHOCOLAT PAC', 'CR PAIN AU CHOCOLAT']"
1470,"[616225, 734723, 998545]",3, 264 721,2018-11-20,35-49,0.6086956521739131,3,35-49,"['BD. PAIN CHOCOLAT PAC', 'REMISE BUS AUTOROUTE 15\x80']"
1471,"[555714, 1007975, 1048011]",3, 1547 263,2018-11-20,35-49,0.6086956521739131,3,35-49,"['REMISE BUS AUTOROUTE 9\x80', 'SAC BOUTIQUE KRAFT']"
1473,"[734723, 998545, 1071032]",3, 607 721,2018-11-20,35-49,0.6086956521739131,3,35-49,"['BD. PAIN CHOCOLAT PAC', 'CRO SDW PANINI']"
1482,"[314647, 403445, 552846, 602580, 612824, 739860, 1061637, 1166148, 1205586]",9, 1538 163,2018-12-05,<35,0.6231884057971014,9,<35,['RECHARGE CAFÉ CLUB 2\x80']
1485,"[897112, 1003499, 1037370]",3, 4125 4126,2018-12-05,<35,0.6231884057971014,3,<35,"['RECHARGE LAVAGE', 'RECHARGE LAVAGE TW - A']"
1488,"[971686, 1014685, 1173969]",3, 5925 263,2018-12-05,<35,0.6231884057971014,3,<35,"['COCA COLA  1L', 'REMISE BUS AUTOROUTE 9\x80']"
1489,"[108938, 118478, 127790, 133892, 187833, 235297, 270220, 275782, 368080, 438350, 464331, 1171591]",12, 1538 163,2018-12-05,50-65,0.6231884057971014,12,50-65,['RECHARGE CAFÉ CLUB 2\x80']
1492,"[110899, 114666, 156634, 292347, 421137, 427096, 460228, 607784, 616689, 751640, 943482, 957469, 1095891, 1180756, 1198352]",15, 1538 163,2018-12-05,35-49,0.6231884057971014,15,35-49,['RECHARGE CAFÉ CLUB 2\x80']
1495,"[329029, 419058, 545865, 594866]",4, 4126 4112,2018-12-05,35-49,0.6231884057971014,4,35-49,"['LAVAGE CLU', 'RECHARGE LAVAGE']"
1496,"[195864, 299637, 340149, 365367, 462132, 470752, 552657, 616924]",8, 4126 4112,2018-12-05,50-65,0.6231884057971014,8,50-65,"['LAVAGE CLU', 'RECHARGE LAVAGE']"
1501,"[308992, 324605, 421137]",3, 1538 4112,2018-12-05,35-49,0.6231884057971014,3,35-49,"['LAVAGE CLU', 'RECHARGE CAFÉ CLUB 2\x80']"
1503,"[734723, 988692, 1007975, 1034094]",4, 1547 263,2018-12-05,35-49,0.6231884057971014,4,35-49,"['REMISE BUS AUTOROUTE 9\x80', 'SAC BOUTIQUE KRAFT']"
1507,"[110899, 308992, 421137]",3, 4149 1538,2018-12-05,35-49,0.6231884057971014,3,35-49,"['CADEAU JAUGE TR', 'RECHARGE CAFÉ CLUB 2\x80']"
1508,"[734723, 1034094, 1036452]",3, 4439 263,2018-12-05,35-49,0.6231884057971014,3,35-49,['REMISE BUS AUTOROUTE 9\x80']
1514,"[612824, 739860, 1166148]",3, 1538 163,2018-12-20,<35,0.6376811594202898,3,<35,['RECHARGE CAFÉ CLUB 2\x80']
1526,"[114666, 292347, 616689, 957469, 1168767]",5, 1538 163,2018-12-20,35-49,0.6376811594202898,5,35-49,['RECHARGE CAFÉ CLUB 2\x80']
1527,"[118478, 127790, 133892, 205109, 270220, 915181, 1045120]",7, 1538 163,2018-12-20,50-65,0.6376811594202898,7,50-65,['RECHARGE CAFÉ CLUB 2\x80']
1545,"[348948, 470752, 622174]",3, 4638 4136,2019-01-04,50-65,0.6521739130434783,3,50-65,"['NEOCLEAN JANTES', 'RECHARGE LAVAGE TW - D']"
1549,"[463969, 612824, 739860]",3, 163 4112,2019-01-04,<35,0.6521739130434783,3,<35,['LAVAGE CLU']
1550,"[612824, 739860, 1061637]",3, 1538 4112,2019-01-04,<35,0.6521739130434783,3,<35,"['LAVAGE CLU', 'RECHARGE CAFÉ CLUB 2\x80']"
1551,"[403445, 552846, 602580, 612824, 739860, 903640, 1166148, 1196697, 1205586]",9, 1538 163,2019-01-04,<35,0.6521739130434783,9,<35,['RECHARGE CAFÉ CLUB 2\x80']
1556,"[107030, 280999, 308992, 1095891, 1198352]",5, 1538 4112,2019-01-04,35-49,0.6521739130434783,5,35-49,"['LAVAGE CLU', 'RECHARGE CAFÉ CLUB 2\x80']"
1557,"[111958, 113875, 197718, 237374, 280999, 305264, 347996, 419058, 422349, 447321, 591109, 768277, 779784, 841409, 915497, 1044608, 1217273]",17, 4126 4112,2019-01-04,35-49,0.6521739130434783,17,35-49,"['LAVAGE CLU', 'RECHARGE LAVAGE']"
1559,"[553151, 712041, 732484]",3, 4125 4126,2019-01-04,35-49,0.6521739130434783,3,35-49,"['RECHARGE LAVAGE', 'RECHARGE LAVAGE TW - A']"
1560,"[118478, 149963, 235297, 438350, 449529]",5, 1538 163 4112,2019-01-04,50-65,0.6521739130434783,5,50-65,"['LAVAGE CLU', 'RECHARGE CAFÉ CLUB 2\x80']"
1561,"[107030, 114666, 156634, 235462, 244827, 421137, 427096, 567220, 607784, 616689, 746930, 751640, 957469, 1095891, 1163691, 1167207, 1168767, 1180756, 1198352]",19, 1538 163,2019-01-04,35-49,0.6521739130434783,19,35-49,['RECHARGE CAFÉ CLUB 2\x80']
1562,"[107030, 1095891, 1198352]",3, 1538 163 4112,2019-01-04,35-49,0.6521739130434783,3,35-49,"['LAVAGE CLU', 'RECHARGE CAFÉ CLUB 2\x80']"
1573,"[118478, 132500, 149963, 235297, 438350, 449529]",6, 163 4112,2019-01-04,50-65,0.6521739130434783,6,50-65,['LAVAGE CLU']
1574,"[118478, 149963, 235297, 346289, 378200, 438350, 449529]",7, 1538 4112,2019-01-04,50-65,0.6521739130434783,7,50-65,"['LAVAGE CLU', 'RECHARGE CAFÉ CLUB 2\x80']"
1575,"[118478, 127790, 133892, 149963, 187833, 205109, 235297, 270220, 368080, 438350, 449529, 464331, 603391, 1171591, 1221607]",15, 1538 163,2019-01-04,50-65,0.6521739130434783,15,50-65,['RECHARGE CAFÉ CLUB 2\x80']
1578,"[346289, 915181, 1171591]",3, 1538 4112,2019-01-19,50-65,0.6666666666666666,3,50-65,"['LAVAGE CLU', 'RECHARGE CAFÉ CLUB 2\x80']"
1579,"[108938, 118478, 127760, 127790, 133892, 187833, 205109, 235297, 270220, 329014, 368080, 464331, 603391, 1171591]",14, 1538 163,2019-01-19,50-65,0.6666666666666666,14,50-65,['RECHARGE CAFÉ CLUB 2\x80']
1585,"[403445, 612824, 739860, 903640, 1166148, 1181387, 1205586]",7, 163 1538,2019-01-19,<35,0.6666666666666666,7,<35,['RECHARGE CAFÉ CLUB 2\x80']
1588,"[989025, 1014685, 1179263]",3, 1547 263,2019-01-19,<35,0.6666666666666666,3,<35,"['REMISE BUS AUTOROUTE 9\x80', 'SAC BOUTIQUE KRAFT']"
1591,"[138682, 184660, 240562, 245076, 332635, 406056, 470752, 535916, 711308, 866133]",10, 4126 4112,2019-01-19,50-65,0.6666666666666666,10,50-65,"['LAVAGE CLU', 'RECHARGE LAVAGE']"
1595,"[244827, 1109186, 1163691]",3, 163 4112,2019-01-19,35-49,0.6666666666666666,3,35-49,['LAVAGE CLU']
1599,"[114666, 156634, 244827, 261384, 292347, 421137, 427250, 437004, 483533, 523545, 607784, 616689, 746930, 751640, 957469, 999796, 1095891, 1163691, 1167207, 1168767, 1180756, 1198352, 1234306]",23, 1538 163,2019-01-19,35-49,0.6666666666666666,23,35-49,['RECHARGE CAFÉ CLUB 2\x80']
1604,"[988692, 1036452, 1082751]",3, 1547 263,2019-01-19,35-49,0.6666666666666666,3,35-49,"['REMISE BUS AUTOROUTE 9\x80', 'SAC BOUTIQUE KRAFT']"
1613,"[118478, 127790, 133892, 187833, 205109, 235297, 438350, 1171591]",8, 1538 163,2019-02-03,50-65,0.6811594202898551,8,50-65,['RECHARGE CAFÉ CLUB 2\x80']
1623,"[602580, 612824, 739860, 1166148, 1205586]",5, 163 1538,2019-02-03,<35,0.6811594202898551,5,<35,['RECHARGE CAFÉ CLUB 2\x80']
1627,"[141536, 193871, 340311, 342699, 352108, 361328, 368969, 397295, 426406, 426511, 426653, 450524, 464842, 467594, 504975, 550893, 561292, 607089, 927592, 1020856]",20, 4126 4112,2019-02-03,35-49,0.6811594202898551,20,35-49,"['LAVAGE CLU', 'RECHARGE LAVAGE']"
1633,"[181607, 397222, 956393, 957469, 1015718]",5, 1538 4112,2019-02-03,35-49,0.6811594202898551,5,35-49,"['LAVAGE CLU', 'RECHARGE CAFÉ CLUB 2\x80']"
1635,"[548152, 867342, 979326, 1031553, 1158916, 1214469]",6, 2946 4126,2019-02-03,35-49,0.6811594202898551,6,35-49,"['RECHARGE LAVAGE', 'TW  LAVE GLACE']"
1636,"[114666, 156634, 421137, 425954, 427096, 460228, 483533, 607784, 616689, 751640, 957469, 1167207, 1168767]",13, 1538 163,2019-02-03,35-49,0.6811594202898551,13,35-49,['RECHARGE CAFÉ CLUB 2\x80']
1649,"[108938, 118478, 127790, 205109, 437007, 603391, 1045120, 1171591]",8, 163 1538,2019-02-18,50-65,0.6956521739130435,8,50-65,['RECHARGE CAFÉ CLUB 2\x80']
1654,"[349380, 521885, 963615]",3, 4145 431,2019-02-18,50-65,0.6956521739130435,3,50-65,"['BUS AUTOROUTE R', 'CAFE EXPRESSO']"
1666,"[326163, 351078, 374677, 447321, 475601, 545865, 588320, 959369, 1199738]",9, 4126 4112,2019-02-18,35-49,0.6956521739130435,9,35-49,"['LAVAGE CLU', 'RECHARGE LAVAGE']"
1671,"[109730, 244827, 1206265]",3, 1538 4112,2019-02-18,35-49,0.6956521739130435,3,35-49,"['LAVAGE CLU', 'RECHARGE CAFÉ CLUB 2\x80']"
1672,"[114666, 156634, 460228, 607784, 999796, 1095891]",6, 163 1538,2019-02-18,35-49,0.6956521739130435,6,35-49,['RECHARGE CAFÉ CLUB 2\x80']
1674,"[924254, 988692, 1082751, 1180366]",4, 1547 263,2019-02-18,35-49,0.6956521739130435,4,35-49,"['REMISE BUS AUTOROUTE 9\x80', 'SAC BOUTIQUE KRAFT']"
1677,"[380689, 545865, 832733]",3, 2945 4126,2019-02-18,35-49,0.6956521739130435,3,35-49,"['RECHARGE LAVAGE', 'TW LAVE GLACE H 2L']"
1684,"[108938, 118478, 127760, 133892, 187833, 235297, 270220, 368080]",8, 1538 163,2019-03-05,50-65,0.7101449275362319,8,50-65,['RECHARGE CAFÉ CLUB 2\x80']
1695,"[542397, 979326, 1074308]",3, 2946 4126,2019-03-05,35-49,0.7101449275362319,3,35-49,"['RECHARGE LAVAGE', 'TW  LAVE GLACE']"
1696,"[175203, 382344, 480366, 979326]",4, 2946 4112,2019-03-05,35-49,0.7101449275362319,4,35-49,"['LAVAGE CLU', 'TW  LAVE GLACE']"
1699,"[244827, 425954, 483533, 607784, 616689, 751640, 838190, 999796, 1167207, 1198352, 1218881, 1237802]",12, 163 1538,2019-03-05,35-49,0.7101449275362319,12,35-49,['RECHARGE CAFÉ CLUB 2\x80']
1700,"[262440, 289682, 388905, 393462, 426511, 500694, 890276, 979326]",8, 4126 4112,2019-03-05,35-49,0.7101449275362319,8,35-49,"['LAVAGE CLU', 'RECHARGE LAVAGE']"
1703,"[555714, 1007975, 1082751]",3, 1547 263,2019-03-05,35-49,0.7101449275362319,3,35-49,"['REMISE BUS AUTOROUTE 9\x80', 'SAC BOUTIQUE KRAFT']"
1709,"[171740, 422670, 836821]",3, 4099 4125,2019-03-20,35-49,0.7246376811594203,3,35-49,"['LAVAGE 1 PLEIN', 'RECHARGE LAVAGE TW - A']"
1710,"[108938, 127790, 133892, 155063, 187833, 235297, 355050, 464331, 671878, 1167617, 1171591]",11, 163 1538,2019-03-20,50-65,0.7246376811594203,11,50-65,['RECHARGE CAFÉ CLUB 2\x80']
1711,"[127790, 130799, 140427, 144465, 259132, 280966, 329014, 373747, 374383, 530327]",10, 1538 4112,2019-03-20,50-65,0.7246376811594203,10,50-65,"['LAVAGE CLU', 'RECHARGE CAFÉ CLUB 2\x80']"
1718,"[314647, 403445, 602580, 612824, 739860, 903640, 1061637]",7, 163 1538,2019-03-20,<35,0.7246376811594203,7,<35,['RECHARGE CAFÉ CLUB 2\x80']
1723,"[576981, 732484, 899176, 1063971]",4, 4125 4126,2019-03-20,35-49,0.7246376811594203,4,35-49,"['RECHARGE LAVAGE', 'RECHARGE LAVAGE TW - A']"
1724,"[734723, 998545, 1082751]",3, 4439 1547 263,2019-03-20,35-49,0.7246376811594203,3,35-49,"['REMISE BUS AUTOROUTE 9\x80', 'SAC BOUTIQUE KRAFT']"
1725,"[271497, 457692, 545865, 549950, 931348, 1183011, 1226863]",7, 4112 1538,2019-03-20,35-49,0.7246376811594203,7,35-49,"['LAVAGE CLU', 'RECHARGE CAFÉ CLUB 2\x80']"
1726,"[154248, 399636, 445147, 545865]",4, 4126 1538,2019-03-20,35-49,0.7246376811594203,4,35-49,"['RECHARGE CAFÉ CLUB 2\x80', 'RECHARGE LAVAGE']"
1731,"[511228, 543323, 576981, 607089]",4, 2968 4126,2019-03-20,35-49,0.7246376811594203,4,35-49,"['RECHARGE LAVAGE', 'TW 10 LINGUETTE']"
1733,"[286306, 327015, 450524, 474380, 508560, 545865, 619106, 830896, 1063971, 1095220, 1189972]",11, 4126 4112,2019-03-20,35-49,0.7246376811594203,11,35-49,"['LAVAGE CLU', 'RECHARGE LAVAGE']"
1737,"[567971, 734723, 998545, 1082751]",4, 1547 263,2019-03-20,35-49,0.7246376811594203,4,35-49,"['REMISE BUS AUTOROUTE 9\x80', 'SAC BOUTIQUE KRAFT']"
1740,"[734723, 998545, 1007975, 1082751]",4, 4439 263,2019-03-20,35-49,0.7246376811594203,4,35-49,['REMISE BUS AUTOROUTE 9\x80']
1741,"[244827, 421137, 425954, 427250, 483533, 607784, 751640, 957469, 1095891, 1163691, 1167207, 1168767, 1180756, 1198352, 1237802, 1239872]",16, 163 1538,2019-03-20,35-49,0.7246376811594203,16,35-49,['RECHARGE CAFÉ CLUB 2\x80']
1743,"[108938, 133070, 133892, 187833, 235297, 270220, 275782, 329014, 464331, 588437, 604098, 681522, 915181, 1171591]",14, 163 1538,2019-04-04,50-65,0.7391304347826086,14,50-65,['RECHARGE CAFÉ CLUB 2\x80']
1745,"[107216, 134163, 291218, 470752]",4, 4136 4112,2019-04-04,50-65,0.7391304347826086,4,50-65,"['LAVAGE CLU', 'RECHARGE LAVAGE TW - D']"
1748,"[266087, 963615, 1075943]",3, 1073 1119,2019-04-04,50-65,0.7391304347826086,3,50-65,['BD SAN PELLEGRI']
1749,"[122130, 381774, 963615]",3, 1388 1073,2019-04-04,50-65,0.7391304347826086,3,50-65,['BD FLAN NATURE']
1751,"[132253, 686919, 897112, 1003499]",4, 4126 4125,2019-04-04,<35,0.7391304347826086,4,<35,"['RECHARGE LAVAGE', 'RECHARGE LAVAGE TW - A']"
1753,"[314647, 403445, 602580, 739860, 903640, 1103098, 1236675]",7, 163 1538,2019-04-04,<35,0.7391304347826086,7,<35,['RECHARGE CAFÉ CLUB 2\x80']
1757,"[172457, 188588, 259866, 274953, 325066, 470752, 490823, 495424, 560864]",9, 4126 4112,2019-04-04,50-65,0.7391304347826086,9,50-65,"['LAVAGE CLU', 'RECHARGE LAVAGE']"
1758,"[141648, 164225, 299397, 416537, 462890, 576281, 579194, 756209, 979326, 1009063, 1111303]",11, 4126 4112,2019-04-04,35-49,0.7391304347826086,11,35-49,"['LAVAGE CLU', 'RECHARGE LAVAGE']"
1760,"[156634, 261384, 292347, 362310, 370988, 400880, 421137, 427096, 427250, 460228, 607784, 616689, 751640, 838190, 957469, 999796, 1095891, 1163691, 1167207, 1168767, 1198352, 1237802]",22, 163 1538,2019-04-04,35-49,0.7391304347826086,22,35-49,['RECHARGE CAFÉ CLUB 2\x80']
1764,"[460608, 734723, 998545]",3, 2727 1547,2019-04-04,35-49,0.7391304347826086,3,35-49,"['CAMEMB COEUR LION 240G', 'SAC BOUTIQUE KRAFT']"
1774,"[314647, 403445, 552846, 554673, 602580, 903640, 1061637, 1166148]",8, 163 1538,2019-04-19,<35,0.7536231884057971,8,<35,['RECHARGE CAFÉ CLUB 2\x80']
1777,"[108938, 127790, 133892, 187833, 199984, 235297, 270220]",7, 163 1538,2019-04-19,50-65,0.7536231884057971,7,50-65,['RECHARGE CAFÉ CLUB 2\x80']
1786,"[114666, 156634, 244827, 292347, 425954, 427250, 460228, 957469, 999796, 1095891, 1163691, 1168767, 1198352, 1237802]",14, 163 1538,2019-04-19,35-49,0.7536231884057971,14,35-49,['RECHARGE CAFÉ CLUB 2\x80']
1789,"[223220, 258025, 315504, 545865, 553151, 756856, 899788, 911475]",8, 4126 4112,2019-04-19,35-49,0.7536231884057971,8,35-49,"['LAVAGE CLU', 'RECHARGE LAVAGE']"
1793,"[108938, 127790, 187833, 235297, 270220, 464331, 619193, 681522]",8, 163 1538,2019-05-04,50-65,0.7681159420289855,8,50-65,['RECHARGE CAFÉ CLUB 2\x80']
1796,"[314647, 403445, 602580, 1061637]",4, 1538 163,2019-05-04,<35,0.7681159420289855,4,<35,['RECHARGE CAFÉ CLUB 2\x80']
1797,"[132253, 281256, 762882, 897112, 1003499, 1037370]",6, 4125 4126,2019-05-04,<35,0.7681159420289855,6,<35,"['RECHARGE LAVAGE', 'RECHARGE LAVAGE TW - A']"
1805,"[184049, 261226, 363138, 450524, 465364, 545865, 567321, 576694, 577914, 622767, 966445, 979326, 1026225]",13, 4126 4112,2019-05-04,35-49,0.7681159420289855,13,35-49,"['LAVAGE CLU', 'RECHARGE LAVAGE']"
1806,"[114666, 156634, 425954, 427096, 427250, 483533, 616689, 751640, 838190, 957469, 1095891, 1163691, 1168767, 1198352, 1237802]",15, 163 1538,2019-05-04,35-49,0.7681159420289855,15,35-49,['RECHARGE CAFÉ CLUB 2\x80']
1812,"[400788, 836821, 1241990]",3, 4099 4125,2019-05-04,35-49,0.7681159420289855,3,35-49,"['LAVAGE 1 PLEIN', 'RECHARGE LAVAGE TW - A']"
1814,"[727418, 963615, 1075943]",3, 1119 431,2019-05-19,50-65,0.782608695652174,3,50-65,"['BD SAN PELLEGRI', 'CAFE EXPRESSO']"
1816,"[108938, 118478, 127790, 133892, 187833, 235297, 270220, 353175, 681522, 1167617, 1171591]",11, 163 1538,2019-05-19,50-65,0.782608695652174,11,50-65,['RECHARGE CAFÉ CLUB 2\x80']
1824,"[314647, 552846, 602580, 612824, 739860, 1166148, 1205586, 1229524]",8, 163 1538,2019-05-19,<35,0.782608695652174,8,<35,['RECHARGE CAFÉ CLUB 2\x80']
1830,"[113725, 252547, 470752, 545910, 614909, 787211, 831848]",7, 4126 4112,2019-05-19,50-65,0.782608695652174,7,50-65,"['LAVAGE CLU', 'RECHARGE LAVAGE']"
1832,"[162055, 308992, 483533, 613162]",4, 4149 1538,2019-05-19,35-49,0.782608695652174,4,35-49,"['CADEAU JAUGE TR', 'RECHARGE CAFÉ CLUB 2\x80']"
1834,"[162055, 196329, 308992, 366567, 584660, 838190, 1214465, 1218394]",8, 1538 4112,2019-05-19,35-49,0.782608695652174,8,35-49,"['LAVAGE CLU', 'RECHARGE CAFÉ CLUB 2\x80']"
1835,"[131862, 389100, 447321]",3, 1538 4126,2019-05-19,35-49,0.782608695652174,3,35-49,"['RECHARGE CAFÉ CLUB 2\x80', 'RECHARGE LAVAGE']"
1836,"[110899, 114666, 156634, 421137, 425954, 483533, 616689, 838190, 957469, 1095891, 1163691, 1167207]",12, 163 1538,2019-05-19,35-49,0.782608695652174,12,35-49,['RECHARGE CAFÉ CLUB 2\x80']
1841,"[364068, 447321, 453207, 509350]",4, 2121 4136,2019-05-19,35-49,0.782608695652174,4,35-49,['RECHARGE LAVAGE TW - D']
1844,"[156370, 988673, 988692]",3, 5750 1547,2019-05-19,35-49,0.782608695652174,3,35-49,"['SAC BOUTIQUE KRAFT', 'SMOOTHIE VERT 25CL INNOCENT']"
1848,"[127538, 317870, 327610, 447321, 472493, 475855, 536854, 835212, 1021980, 1042524, 1063971]",11, 2121 4126,2019-05-19,35-49,0.782608695652174,11,35-49,['RECHARGE LAVAGE']
1850,"[471775, 552972, 596217]",3, 4144 263,2019-06-03,50-65,0.7971014492753623,3,50-65,"['BUS AUTOROUTE', 'REMISE BUS AUTOROUTE 9\x80']"
1855,"[314647, 373743, 403445, 554673, 612824, 739860, 1166148]",7, 1538 163,2019-06-03,<35,0.7971014492753623,7,<35,['RECHARGE CAFÉ CLUB 2\x80']
1865,"[404152, 474380, 508067, 526976, 607089, 625753, 1191389]",7, 4126 4112,2019-06-03,35-49,0.7971014492753623,7,35-49,"['LAVAGE CLU', 'RECHARGE LAVAGE']"
1868,"[107030, 114666, 156634, 460228, 483533, 838190, 957469, 1042827, 1095891, 1163691, 1168767, 1237802]",12, 1538 163,2019-06-03,35-49,0.7971014492753623,12,35-49,['RECHARGE CAFÉ CLUB 2\x80']
1869,"[971894, 988692, 994488, 1036452]",4, 2797 263,2019-06-03,35-49,0.7971014492753623,4,35-49,"['COCA COLA 50CL PET', 'REMISE BUS AUTOROUTE 9\x80']"
1876,"[446043, 751640, 1125095]",3, 4149 1538,2019-06-03,35-49,0.7971014492753623,3,35-49,"['CADEAU JAUGE TR', 'RECHARGE CAFÉ CLUB 2\x80']"
1877,"[118478, 127760, 127790, 133070, 133892, 199984, 235297, 270220, 464331, 1171591, 1186493]",11, 1538 163,2019-06-03,50-65,0.7971014492753623,11,50-65,['RECHARGE CAFÉ CLUB 2\x80']
1880,"[118478, 127790, 133070, 187833, 464331, 915181, 1171591]",7, 163 1538,2019-06-18,50-65,0.8115942028985508,7,50-65,['RECHARGE CAFÉ CLUB 2\x80']
1890,"[200898, 295041, 375519, 470752, 1109874]",5, 4136 4112,2019-06-18,50-65,0.8115942028985508,5,50-65,"['LAVAGE CLU', 'RECHARGE LAVAGE TW - D']"
1894,"[314647, 403445, 554673, 602580, 612824, 739860, 1061637, 1166148, 1205586]",9, 1538 163,2019-06-18,<35,0.8115942028985508,9,<35,['RECHARGE CAFÉ CLUB 2\x80']
1898,"[174447, 217726, 407187, 470752, 517452, 541453, 570365, 593807, 917858]",9, 4126 4112,2019-06-18,50-65,0.8115942028985508,9,50-65,"['LAVAGE CLU', 'RECHARGE LAVAGE']"
1902,"[124681, 319861, 329029, 359007, 414485, 433209, 482999, 487798, 503181, 582952, 607089, 745144, 832733, 1030971, 1209302, 1211584]",16, 4126 4112,2019-06-18,35-49,0.8115942028985508,16,35-49,"['LAVAGE CLU', 'RECHARGE LAVAGE']"
1904,"[114666, 156634, 292347, 341990, 427096, 460228, 523545, 616689, 751640, 838190, 957469, 1163691, 1167207, 1198352, 1237802]",15, 1538 163,2019-06-18,35-49,0.8115942028985508,15,35-49,['RECHARGE CAFÉ CLUB 2\x80']
1920,"[133892, 175370, 278908]",3, 1538 4154,2019-07-03,50-65,0.8260869565217391,3,50-65,['RECHARGE CAFÉ CLUB 2\x80']
1922,"[133070, 136654, 138923, 187833, 464331, 588437, 668785]",7, 1538 4157,2019-07-03,50-65,0.8260869565217391,7,50-65,['RECHARGE CAFÉ CLUB 2\x80']
1923,"[138923, 199984, 464331]",3, 1538 4158,2019-07-03,50-65,0.8260869565217391,3,50-65,['RECHARGE CAFÉ CLUB 2\x80']
1925,"[147410, 245247, 307158, 403196, 740276, 1171591]",6, 1538 4156,2019-07-03,50-65,0.8260869565217391,6,50-65,['RECHARGE CAFÉ CLUB 2\x80']
1926,"[113036, 464331, 1106966]",3, 163 4158,2019-07-03,50-65,0.8260869565217391,3,50-65,[]
1928,"[108938, 133070, 133892, 187833, 368080, 464331, 588437, 1171591]",8, 1538 163,2019-07-03,50-65,0.8260869565217391,8,50-65,['RECHARGE CAFÉ CLUB 2\x80']
1930,"[133070, 187833, 464331, 588437]",4, 1538 163 4157,2019-07-03,50-65,0.8260869565217391,4,50-65,['RECHARGE CAFÉ CLUB 2\x80']
1950,"[114811, 138923, 447972, 464331, 525242, 936719, 1177294]",7, 4157 4158,2019-07-03,50-65,0.8260869565217391,7,50-65,[]
1977,"[281256, 616355, 897112, 1057667, 1058749]",5, 4125 4126,2019-07-03,<35,0.8260869565217391,5,<35,"['RECHARGE LAVAGE', 'RECHARGE LAVAGE TW - A']"
1984,"[619257, 897112, 950885, 1064451, 1163442]",5, 4159 4126,2019-07-03,<35,0.8260869565217391,5,<35,['RECHARGE LAVAGE']
1986,"[608228, 757740, 897112]",3, 4159 4125,2019-07-03,<35,0.8260869565217391,3,<35,['RECHARGE LAVAGE TW - A']
1992,"[314647, 403445, 552846, 612824, 739860]",5, 1538 163,2019-07-03,<35,0.8260869565217391,5,<35,['RECHARGE CAFÉ CLUB 2\x80']
2006,"[187833, 346289, 403196]",3, 1532 1538,2019-07-03,50-65,0.8260869565217391,3,50-65,['RECHARGE CAFÉ CLUB 2\x80']
2008,"[187833, 346289, 804991]",3, 4149 1538,2019-07-03,50-65,0.8260869565217391,3,50-65,"['CADEAU JAUGE TR', 'RECHARGE CAFÉ CLUB 2\x80']"
2042,"[453193, 453834, 541099, 751640, 756427, 771204, 1203072, 1227849]",8, 4159 4156,2019-07-03,35-49,0.8260869565217391,8,35-49,[]
2044,"[453193, 453834, 557537, 751640, 1170991, 1227849]",6, 4159 4157,2019-07-03,35-49,0.8260869565217391,6,35-49,[]
2045,"[453193, 453834, 751640, 1227849]",4, 4159 4157 4156,2019-07-03,35-49,0.8260869565217391,4,35-49,[]
2053,"[464842, 500652, 979326]",3, 4126 4155 4112,2019-07-03,35-49,0.8260869565217391,3,35-49,"['LAVAGE CLU', 'RECHARGE LAVAGE']"
2060,"[407077, 453193, 453834, 495617, 712021, 751640, 877522, 893721, 928374, 973080, 1107772, 1227849]",12, 4157 4156,2019-07-03,35-49,0.8260869565217391,12,35-49,[]
2072,"[274391, 299083, 307363, 336514, 426430, 464842, 496885, 500652, 556243, 594866, 950589, 979326, 1041694, 1053904, 1067318, 1207053]",16, 4155 4112,2019-07-03,35-49,0.8260869565217391,16,35-49,['LAVAGE CLU']
2073,"[183834, 275145, 397295, 422146, 439261, 445147, 447321, 454083, 467594, 487798, 497223, 526976, 545671, 550893, 573823, 584126, 690889, 784065, 904772]",19, 4126 2051,2019-07-03,35-49,0.8260869565217391,19,35-49,['RECHARGE LAVAGE']
2077,"[183834, 316138, 397295, 422146, 439261, 464842, 467594, 474380, 500652, 584126, 783849, 979326, 983313, 1217590]",14, 4126 4112,2019-07-03,35-49,0.8260869565217391,14,35-49,"['LAVAGE CLU', 'RECHARGE LAVAGE']"
2078,"[214828, 375542, 381808, 464842, 500652, 550893, 558271, 979326]",8, 4126 4155,2019-07-03,35-49,0.8260869565217391,8,35-49,['RECHARGE LAVAGE']
2111,"[351686, 453193, 460228, 751640, 1095891]",5, 1538 4156,2019-07-03,35-49,0.8260869565217391,5,35-49,['RECHARGE CAFÉ CLUB 2\x80']
2112,"[244827, 352255, 453193, 465145, 616689, 751640, 840637, 957469, 1206265, 1237802]",10, 1538 4157,2019-07-03,35-49,0.8260869565217391,10,35-49,['RECHARGE CAFÉ CLUB 2\x80']
2114,"[299083, 418716, 453193, 499712, 1163691]",5, 1538 4155,2019-07-03,35-49,0.8260869565217391,5,35-49,['RECHARGE CAFÉ CLUB 2\x80']
2115,"[156634, 296343, 453193, 751640, 1073949]",5, 1538 4159,2019-07-03,35-49,0.8260869565217391,5,35-49,['RECHARGE CAFÉ CLUB 2\x80']
2117,"[351686, 460228, 557602, 751640, 1095891]",5, 163 4156,2019-07-03,35-49,0.8260869565217391,5,35-49,[]
2118,"[421137, 838190, 1109186]",3, 163 4158,2019-07-03,35-49,0.8260869565217391,3,35-49,[]
2119,"[244827, 509809, 616689, 751640, 957469, 1206265, 1237802]",7, 163 4157,2019-07-03,35-49,0.8260869565217391,7,35-49,[]
2120,"[146208, 351078, 418716, 421137, 453193, 487176, 838190]",7, 1538 4158,2019-07-03,35-49,0.8260869565217391,7,35-49,['RECHARGE CAFÉ CLUB 2\x80']
2121,"[156634, 244827, 351686, 357025, 421137, 427096, 460228, 483533, 616689, 751640, 786504, 838190, 957469, 999796, 1095891, 1163691, 1168767, 1189196, 1198352, 1206265, 1237802]",21, 163 1538,2019-07-03,35-49,0.8260869565217391,21,35-49,['RECHARGE CAFÉ CLUB 2\x80']
2122,"[156634, 567649, 751640, 1167207]",4, 163 4159,2019-07-03,35-49,0.8260869565217391,4,35-49,[]
2129,"[244827, 616689, 751640, 957469, 1206265, 1237802]",6, 163 1538 4157,2019-07-03,35-49,0.8260869565217391,6,35-49,['RECHARGE CAFÉ CLUB 2\x80']
2130,"[351686, 460228, 751640, 1095891]",4, 163 1538 4156,2019-07-03,35-49,0.8260869565217391,4,35-49,['RECHARGE CAFÉ CLUB 2\x80']
2133,"[204764, 454478, 470752, 973987]",4, 4126 4112,2019-07-18,50-65,0.8405797101449275,4,50-65,"['LAVAGE CLU', 'RECHARGE LAVAGE']"
2134,"[259221, 262442, 1171591]",3, 4157 4159,2019-07-18,50-65,0.8405797101449275,3,50-65,[]
2135,"[127790, 133113, 187833, 235297, 368080, 464331, 588437, 681522, 1167617, 1171591]",10, 1538 163,2019-07-18,50-65,0.8405797101449275,10,50-65,['RECHARGE CAFÉ CLUB 2\x80']
2141,"[103585, 110899, 531587, 1240909]",4, 4149 1538,2019-07-18,35-49,0.8405797101449275,4,35-49,"['CADEAU JAUGE TR', 'RECHARGE CAFÉ CLUB 2\x80']"
2144,"[188588, 189906, 199673, 237303, 378965, 412127, 470752, 1030140]",8, 4158 4112,2019-07-18,50-65,0.8405797101449275,8,50-65,['LAVAGE CLU']
2151,"[363692, 471775, 521191, 1018051]",4, 1547 4144,2019-07-18,50-65,0.8405797101449275,4,50-65,"['BUS AUTOROUTE', 'SAC BOUTIQUE KRAFT']"
2157,"[403445, 552846, 602580, 612824]",4, 1538 163,2019-07-18,<35,0.8405797101449275,4,<35,['RECHARGE CAFÉ CLUB 2\x80']
2165,"[535929, 840539, 963615]",3, 4264 4144,2019-07-18,50-65,0.8405797101449275,3,50-65,"['BUS AUTOROUTE', 'YRT VANILLE MNO']"
2166,"[396506, 535929, 536334, 963615]",4, 4145 4144,2019-07-18,50-65,0.8405797101449275,4,50-65,"['BUS AUTOROUTE', 'BUS AUTOROUTE R']"
2167,"[108805, 171614, 470752]",3, 4136 4112,2019-07-18,50-65,0.8405797101449275,3,50-65,"['LAVAGE CLU', 'RECHARGE LAVAGE TW - D']"
2177,"[152992, 475601, 493372, 539054, 543323, 545865, 954060]",7, 4159 4126,2019-07-18,35-49,0.8405797101449275,7,35-49,['RECHARGE LAVAGE']
2189,"[110899, 114666, 156634, 336730, 351686, 421137, 460228, 616689, 838190, 957469, 1095891, 1163691, 1167207, 1198352]",14, 1538 163,2019-07-18,35-49,0.8405797101449275,14,35-49,['RECHARGE CAFÉ CLUB 2\x80']
2212,"[349380, 518759, 963615]",3, 4263 4144,2019-08-02,50-65,0.855072463768116,3,50-65,"['BUS AUTOROUTE', 'GMD SNACK CHOC']"
2216,"[132253, 281256, 897112]",3, 4126 4125,2019-08-02,<35,0.855072463768116,3,<35,"['RECHARGE LAVAGE', 'RECHARGE LAVAGE TW - A']"
2217,"[552846, 602580, 1061637]",3, 1538 163,2019-08-02,<35,0.855072463768116,3,<35,['RECHARGE CAFÉ CLUB 2\x80']
2226,"[107030, 156634, 460228, 523545, 528367, 1163691]",6, 1538 163,2019-08-02,35-49,0.855072463768116,6,35-49,['RECHARGE CAFÉ CLUB 2\x80']
2228,"[334438, 605261, 625100, 979326]",4, 2944 4126,2019-08-02,35-49,0.855072463768116,4,35-49,"['RECHARGE LAVAGE', 'TW  LAVE GLACE DEMOUSTIQUEUR 4L']"
2236,"[308992, 347246, 1168767]",3, 4149 4112,2019-08-17,35-49,0.8695652173913043,3,35-49,"['CADEAU JAUGE TR', 'LAVAGE CLU']"
2237,"[114666, 308992, 446043, 1168767]",4, 4149 1538,2019-08-17,35-49,0.8695652173913043,4,35-49,"['CADEAU JAUGE TR', 'RECHARGE CAFÉ CLUB 2\x80']"
2242,"[314647, 403445, 552846, 612824, 1037526, 1061637, 1236675]",7, 1538 163,2019-08-17,<35,0.8695652173913043,7,<35,['RECHARGE CAFÉ CLUB 2\x80']
2245,"[127790, 187833, 235297, 445481, 1171591]",5, 1538 163,2019-08-17,50-65,0.8695652173913043,5,50-65,['RECHARGE CAFÉ CLUB 2\x80']
2248,"[294115, 517522, 576327, 988692]",4, 431 4145,2019-08-17,35-49,0.8695652173913043,4,35-49,"['BUS AUTOROUTE R', 'CAFE EXPRESSO']"
2255,"[308992, 340938, 1098035, 1168767, 1237802]",5, 1538 4112,2019-08-17,35-49,0.8695652173913043,5,35-49,"['LAVAGE CLU', 'RECHARGE CAFÉ CLUB 2\x80']"
2256,"[504975, 1168767, 1237802]",3, 163 4112,2019-08-17,35-49,0.8695652173913043,3,35-49,['LAVAGE CLU']
2260,"[114666, 156634, 425954, 427096, 483533, 616689, 751640, 838190, 957469, 1168767, 1198352, 1237802]",12, 163 1538,2019-08-17,35-49,0.8695652173913043,12,35-49,['RECHARGE CAFÉ CLUB 2\x80']
2272,"[263477, 287608, 470752]",3, 2944 4126,2019-09-01,50-65,0.8840579710144928,3,50-65,"['RECHARGE LAVAGE', 'TW  LAVE GLACE DEMOUSTIQUEUR 4L']"
2274,"[348948, 470752, 622174]",3, 4632 4136,2019-09-01,50-65,0.8840579710144928,3,50-65,"['NET.JANTE 500ML NEOCLEAN', 'RECHARGE LAVAGE TW - D']"
2277,"[686919, 897112, 935624]",3, 4126 4125,2019-09-01,<35,0.8840579710144928,3,<35,"['RECHARGE LAVAGE', 'RECHARGE LAVAGE TW - A']"
2278,"[314647, 403445, 552846, 612824, 739860, 1061637]",6, 1538 163,2019-09-01,<35,0.8840579710144928,6,<35,['RECHARGE CAFÉ CLUB 2\x80']
2279,"[372970, 602580, 1124356]",3, 454 455,2019-09-01,<35,0.8840579710144928,3,<35,[]
2283,"[108938, 118478, 127790, 149963, 235297]",5, 1538 163,2019-09-01,50-65,0.8840579710144928,5,50-65,['RECHARGE CAFÉ CLUB 2\x80']
2284,"[565366, 994488, 1099079]",3, 6345 4144,2019-09-01,35-49,0.8840579710144928,3,35-49,['BUS AUTOROUTE']
2287,"[121607, 460228, 616689]",3, 1538 4112,2019-09-01,35-49,0.8840579710144928,3,35-49,"['LAVAGE CLU', 'RECHARGE CAFÉ CLUB 2\x80']"
2288,"[107030, 114666, 156634, 421137, 427096, 460228, 616689, 751640, 838190, 957469, 1095891, 1163691, 1168767, 1198352, 1206265, 1237802]",16, 1538 163,2019-09-01,35-49,0.8840579710144928,16,35-49,['RECHARGE CAFÉ CLUB 2\x80']
2291,"[156003, 205668, 335469, 515009, 545865, 903423]",6, 4112 4126,2019-09-01,35-49,0.8840579710144928,6,35-49,"['LAVAGE CLU', 'RECHARGE LAVAGE']"
2293,"[294115, 518911, 576327, 911614, 988692]",5, 431 4145,2019-09-01,35-49,0.8840579710144928,5,35-49,"['BUS AUTOROUTE R', 'CAFE EXPRESSO']"
2294,"[576327, 988692, 994488]",3, 891 4145,2019-09-01,35-49,0.8840579710144928,3,35-49,['BUS AUTOROUTE R']
2295,"[110899, 446043, 460228]",3, 4149 1538,2019-09-01,35-49,0.8840579710144928,3,35-49,"['CADEAU JAUGE TR', 'RECHARGE CAFÉ CLUB 2\x80']"
2296,"[378183, 988692, 994488]",3, 1378 4145,2019-09-01,35-49,0.8840579710144928,3,35-49,"['BD PAIN RAISIN', 'BUS AUTOROUTE R']"
2298,"[108938, 118478, 127790, 133892, 187833, 235297, 270220, 275782, 403184, 464331, 555432, 603391, 681522, 1045120, 1171591]",15, 1538 163,2019-09-16,50-65,0.8985507246376812,15,50-65,['RECHARGE CAFÉ CLUB 2\x80']
2302,"[400722, 416219, 518902, 963615]",4, 431 4145,2019-09-16,50-65,0.8985507246376812,4,50-65,"['BUS AUTOROUTE R', 'CAFE EXPRESSO']"
2303,"[127790, 346289, 804991, 1045120]",4, 4149 1538,2019-09-16,50-65,0.8985507246376812,4,50-65,"['CADEAU JAUGE TR', 'RECHARGE CAFÉ CLUB 2\x80']"
2306,"[314647, 739860, 1236675]",3, 1538 163,2019-09-16,<35,0.8985507246376812,3,<35,['RECHARGE CAFÉ CLUB 2\x80']
2307,"[108805, 348948, 470752, 964558]",4, 4136 4112,2019-09-16,50-65,0.8985507246376812,4,50-65,"['LAVAGE CLU', 'RECHARGE LAVAGE TW - D']"
2308,"[470752, 578038, 730652]",3, 4126 4112,2019-09-16,50-65,0.8985507246376812,3,50-65,"['LAVAGE CLU', 'RECHARGE LAVAGE']"
2310,"[576327, 916245, 988692]",3, 891 431,2019-09-16,35-49,0.8985507246376812,3,35-49,['CAFE EXPRESSO']
2311,"[521183, 616225, 1235206]",3, 602 4145,2019-09-16,35-49,0.8985507246376812,3,35-49,"['BUS AUTOROUTE R', 'CR SANDWHICH OCEANIQUE (NEW)']"
2316,"[500694, 732484, 1063971]",3, 4125 4126,2019-09-16,35-49,0.8985507246376812,3,35-49,"['RECHARGE LAVAGE', 'RECHARGE LAVAGE TW - A']"
2317,"[114666, 156634, 292347, 425954, 427096, 427250, 460228, 483533, 616689, 749584, 751640, 957469, 1163691, 1167207, 1168767, 1198352, 1237802]",17, 1538 163,2019-09-16,35-49,0.8985507246376812,17,35-49,['RECHARGE CAFÉ CLUB 2\x80']
2323,"[518902, 519887, 715341, 963615]",4, 4145 431,2019-10-01,50-65,0.9130434782608695,4,50-65,"['BUS AUTOROUTE R', 'CAFE EXPRESSO']"
2326,"[118478, 127790, 133892, 187833, 235297, 270220, 464331, 603391, 1045120, 1171591]",10, 1538 163,2019-10-01,50-65,0.9130434782608695,10,50-65,['RECHARGE CAFÉ CLUB 2\x80']
2329,"[281256, 540798, 557034, 897112, 1058749]",5, 4125 4126,2019-10-01,<35,0.9130434782608695,5,<35,"['RECHARGE LAVAGE', 'RECHARGE LAVAGE TW - A']"
2330,"[314647, 403445, 602580, 612824, 739860, 1236675]",6, 1538 163,2019-10-01,<35,0.9130434782608695,6,<35,['RECHARGE CAFÉ CLUB 2\x80']
2334,"[159035, 347067, 470752, 1039714]",4, 4074 4126,2019-10-01,50-65,0.9130434782608695,4,50-65,"['BIDON AD BLUE 10L', 'RECHARGE LAVAGE']"
2335,"[157047, 435267, 462736, 472493, 504975, 607089, 979326, 1106306]",8, 4112 4126,2019-10-01,35-49,0.9130434782608695,8,35-49,"['LAVAGE CLU', 'RECHARGE LAVAGE']"
2336,"[519885, 576327, 911614]",3, 1077 4145,2019-10-01,35-49,0.9130434782608695,3,35-49,['BUS AUTOROUTE R']
2339,"[110899, 114666, 156634, 336730, 351686, 425954, 427096, 427250, 616689, 751640, 957469, 1095891, 1163691, 1168767, 1198352]",15, 1538 163,2019-10-01,35-49,0.9130434782608695,15,35-49,['RECHARGE CAFÉ CLUB 2\x80']
2342,"[321348, 979326, 982856]",3, 2946 4126,2019-10-01,35-49,0.9130434782608695,3,35-49,"['RECHARGE LAVAGE', 'TW  LAVE GLACE']"
2343,"[114666, 308992, 369391, 621627]",4, 1538 4112,2019-10-01,35-49,0.9130434782608695,4,35-49,"['LAVAGE CLU', 'RECHARGE CAFÉ CLUB 2\x80']"
2347,"[519885, 576327, 1235206]",3, 891 4145,2019-10-01,35-49,0.9130434782608695,3,35-49,['BUS AUTOROUTE R']
2349,"[247304, 773493, 979326]",3, 2946 4112,2019-10-01,35-49,0.9130434782608695,3,35-49,"['LAVAGE CLU', 'TW  LAVE GLACE']"
2357,"[108938, 127790, 133892, 187833, 235297, 464331, 603391, 1045120, 1171591]",9, 1538 163,2019-10-16,50-65,0.927536231884058,9,50-65,['RECHARGE CAFÉ CLUB 2\x80']
2363,"[156634, 244827, 425954, 427250, 616689, 751640, 957469, 1095891, 1163691, 1168767]",10, 1538 163,2019-10-16,35-49,0.927536231884058,10,35-49,['RECHARGE CAFÉ CLUB 2\x80']
2366,"[108938, 118478, 127790, 133070, 187833, 235297, 464331, 603391, 1171591]",9, 1538 163,2019-10-31,50-65,0.9420289855072463,9,50-65,['RECHARGE CAFÉ CLUB 2\x80']
2377,"[185339, 374485, 470752, 1177294]",4, 4126 4112,2019-10-31,50-65,0.9420289855072463,4,50-65,"['LAVAGE CLU', 'RECHARGE LAVAGE']"
2382,"[112041, 168797, 359007, 467594, 474380, 607089, 1030971, 1041523, 1043027]",9, 4112 4126,2019-10-31,35-49,0.9420289855072463,9,35-49,"['LAVAGE CLU', 'RECHARGE LAVAGE']"
2383,"[201704, 309206, 496929, 548780, 979326, 1044697, 1151232, 1205694]",8, 2946 4126,2019-10-31,35-49,0.9420289855072463,8,35-49,"['RECHARGE LAVAGE', 'TW  LAVE GLACE']"
2386,"[110899, 156634, 421137, 832102, 957469, 1163691, 1168767]",7, 1538 163,2019-10-31,35-49,0.9420289855072463,7,35-49,['RECHARGE CAFÉ CLUB 2\x80']
2403,"[108938, 118478, 127790, 133070, 133892, 187833, 235297, 270220, 464331, 1171591]",10, 1538 163,2019-11-15,50-65,0.9565217391304348,10,50-65,['RECHARGE CAFÉ CLUB 2\x80']
2413,"[145436, 145875, 156634, 367609, 427096, 483533, 751640, 838190, 957469, 1095891, 1168767, 1198352, 1237802]",13, 163 1538,2019-11-15,35-49,0.9565217391304348,13,35-49,['RECHARGE CAFÉ CLUB 2\x80']
2419,"[281256, 897112, 992594, 1047587]",4, 4126 4125,2019-11-30,<35,0.9710144927536232,4,<35,"['RECHARGE LAVAGE', 'RECHARGE LAVAGE TW - A']"
2433,"[108938, 127790, 187833, 235297, 464331, 1171591]",6, 1538 163,2019-11-30,50-65,0.9710144927536232,6,50-65,['RECHARGE CAFÉ CLUB 2\x80']
2438,"[112041, 532277, 607089, 902440, 979326, 1102967]",6, 4112 4126,2019-11-30,35-49,0.9710144927536232,6,35-49,"['LAVAGE CLU', 'RECHARGE LAVAGE']"
2439,"[156634, 351686, 421137, 751640, 1095891, 1163691]",6, 1538 163,2019-11-30,35-49,0.9710144927536232,6,35-49,['RECHARGE CAFÉ CLUB 2\x80']
2441,"[367523, 409174, 480366, 718423, 902440, 979326]",6, 2975 4126,2019-11-30,35-49,0.9710144927536232,6,35-49,"['RECHARGE LAVAGE', 'TW LAVE GLACE DEG. 4L']"
2449,"[492488, 902440, 979326]",3, 2975 4112,2019-11-30,35-49,0.9710144927536232,3,35-49,"['LAVAGE CLU', 'TW LAVE GLACE DEG. 4L']"
2451,"[152824, 350433, 963615]",3, 1119 431,2019-12-15,50-65,0.9855072463768116,3,50-65,"['BD SAN PELLEGRI', 'CAFE EXPRESSO']"
2456,"[108938, 118478, 127790, 187833, 270220, 464331, 681522, 808787, 1171591]",9, 1538 163,2019-12-15,50-65,0.9855072463768116,9,50-65,['RECHARGE CAFÉ CLUB 2\x80']
2461,"[447321, 461624, 730007]",3, 4136 4112,2019-12-15,35-49,0.9855072463768116,3,35-49,"['LAVAGE CLU', 'RECHARGE LAVAGE TW - D']"
2463,"[114666, 156634, 332078, 531587]",4, 1538 163,2019-12-15,35-49,0.9855072463768116,4,35-49,['RECHARGE CAFÉ CLUB 2\x80']
2465,"[581043, 732484, 1030310, 1035440, 1052351]",5, 4125 4126,2019-12-15,35-49,0.9855072463768116,5,35-49,"['RECHARGE LAVAGE', 'RECHARGE LAVAGE TW - A']"
