,user_ids,support,itemsets,period,property_values,depth,size,STATION_MGT_TYPE,DEPARTEMENT
0,[565366 574634 584447 602649 735292 751356 752568 758594 761107],9, 13600075 6026,2017-02-01,COCO_78,0.0,9,COCO,78
1,[519887 521885 565366 584447 622027 752568 754685],7, 6033 6026,2017-02-01,COCO_78,0.0,7,COCO,78
2,[584447 610249 622027 752568 754685],5, 18064205 6033,2017-02-01,COCO_78,0.0,5,COCO,78
3,[204029 286729 288846 525249 610249],5, 3461024 18064205,2017-02-01,COCO_78,0.0,5,COCO,78
4,[189082 584447 602649 610249 754685],5, 3450105 18064205,2017-04-01,COCO_78,0.058823529411764705,5,COCO,78
5,[428202 584447 602649 622027 908778],5, 5470002 6027 6026 13600075,2017-04-01,COCO_78,0.058823529411764705,5,COCO,78
6,[471775 516496 545984 715341 863993 916838],6, 7476355 7445935,2017-04-01,COCO_78,0.058823529411764705,6,COCO,78
7,[471775 519469 521885 715341 916838],5, 7476355 6033,2017-04-01,COCO_78,0.058823529411764705,5,COCO,78
8,[471775 519469 521885 545984 715341],5, 7476355 6026,2017-04-01,COCO_78,0.058823529411764705,5,COCO,78
9,[489055 602649 610249 622027 754685],5, 18064205 3450013,2017-04-01,COCO_78,0.058823529411764705,5,COCO,78
10,[489055 584447 610249 622027 754685],5, 18064205 6033,2017-04-01,COCO_78,0.058823529411764705,5,COCO,78
11,[241017 313130 471775 531947 548624 863993],6, 5401004 7445935,2017-04-01,COCO_78,0.058823529411764705,6,COCO,78
12,[428202 537370 584447 622027 754685],5, 6027 6033,2017-04-01,COCO_78,0.058823529411764705,5,COCO,78
13,[324797 540247 565366 610249 891279],5, 6157591 3450013,2017-04-01,COCO_78,0.058823529411764705,5,COCO,78
14,[348261 471775 489055 584447 758595],5, 19419902 6026,2017-04-01,COCO_78,0.058823529411764705,5,COCO,78
15,[342120 350647 394148 489055 584447 758595],6, 4190175 19419902,2017-04-01,COCO_78,0.058823529411764705,6,COCO,78
16,"[294115 363692 421070 428202 518871 531393 535929 535942 548624 552972
 555714 574634 584447 588730 602649 619437 622027 622586 735292 751356
 758594 758595 761107 840055 849812 908778]",26, 13600075 6026,2017-04-01,COCO_78,0.058823529411764705,26,COCO,78
17,[428202 471775 489055 519469 521885 548624 555714 584447 622027 715341],10, 6033 6026,2017-04-01,COCO_78,0.058823529411764705,10,COCO,78
18,[428202 548624 555714 584447 622027],5, 6033 13600075 6026,2017-04-01,COCO_78,0.058823529411764705,5,COCO,78
19,[187833 199673 322520 427250 594666 714833 776745 788356],8, 4190175 19419902,2017-04-01,COCO_59,0.058823529411764705,8,COCO,59
20,[471775 520708 531947 548624 622027 715341 916838],7, 7445935 6033,2017-04-01,COCO_78,0.058823529411764705,7,COCO,78
21,[489055 555714 565366 602649 622027],5, 3450013 6026,2017-04-01,COCO_78,0.058823529411764705,5,COCO,78
22,[489055 555714 610249 622027 754685],5, 3450013 6033,2017-04-01,COCO_78,0.058823529411764705,5,COCO,78
23,[471775 545984 548624 622027 715341],5, 7445935 6026,2017-04-01,COCO_78,0.058823529411764705,5,COCO,78
24,[555714 565366 584447 610249 622027 754685],6, 3450013 6027 6033 6026,2017-06-01,COCO_78,0.11764705882352941,6,COCO,78
25,[158639 349380 469829 471775 516496 971894],6, 5461012 7445935,2017-06-01,COCO_78,0.11764705882352941,6,COCO,78
26,[349380 471775 489055 552972 553832],5, 5401004 6026,2017-06-01,COCO_78,0.11764705882352941,5,COCO,78
27,[131005 348255 349380 455008 471775 536334 553832 911614],8, 5401004 6033,2017-06-01,COCO_78,0.11764705882352941,8,COCO,78
28,[349380 486023 489055 516496 553832 911614],6, 5401004 7476355,2017-06-01,COCO_78,0.11764705882352941,6,COCO,78
29,[286391 349380 428202 471775 489055 552972],6, 5461012 6026,2017-06-01,COCO_78,0.11764705882352941,6,COCO,78
30,[286391 294115 349380 428202 455008 471775 521885 536334 698767 971894],10, 5461012 6033,2017-06-01,COCO_78,0.11764705882352941,10,COCO,78
31,[294115 349380 469829 489055 516496 698767 971894],7, 5461012 7476355,2017-06-01,COCO_78,0.11764705882352941,7,COCO,78
32,[349380 455008 471775 489055 516496 536334 552972],7, 5461012 5401004,2017-06-01,COCO_78,0.11764705882352941,7,COCO,78
33,[494161 555714 622027 754685 849812],5, 3430176 3450013,2017-06-01,COCO_78,0.11764705882352941,5,COCO,78
34,[294115 400722 428202 519885 553832 715341 911614],7, 7892095 6033,2017-06-01,COCO_78,0.11764705882352941,7,COCO,78
35,[134151 294115 400722 489055 510144 553832 566212 715341 911614],9, 7892095 7476355,2017-06-01,COCO_78,0.11764705882352941,9,COCO,78
36,[294115 400722 553832 715341 911614],5, 7892095 7476355 6033,2017-06-01,COCO_78,0.11764705882352941,5,COCO,78
37,[555714 565366 622027 754685 761107],5, 3430026 6027 6026,2017-06-01,COCO_78,0.11764705882352941,5,COCO,78
38,[279525 555714 565366 622027 754685],5, 3430026 3450013 6033,2017-06-01,COCO_78,0.11764705882352941,5,COCO,78
39,[131005 455008 468837 505859 519472 536334 698767 911614],8, 8287519 6033,2017-06-01,COCO_78,0.11764705882352941,8,COCO,78
40,[466946 510144 516496 698767 911614],5, 7038427 7476355,2017-06-01,COCO_78,0.11764705882352941,5,COCO,78
41,[555714 565366 584447 610249 622027 754685 849812 908778],8, 3450013 6027 6026,2017-06-01,COCO_78,0.11764705882352941,8,COCO,78
42,[471775 519499 719763 754685 964970 971894],6, 19419902 6033,2017-06-01,COCO_78,0.11764705882352941,6,COCO,78
43,[286391 584447 754685 849812 908778],5, 3450013 13600075 6026,2017-06-01,COCO_78,0.11764705882352941,5,COCO,78
44,[428202 489055 519885 552972 553832 715341],6, 7892095 6026,2017-06-01,COCO_78,0.11764705882352941,6,COCO,78
45,[279525 286391 555714 565366 584447 610249 622027 754685 964970 971894],10, 3450013 6033,2017-06-01,COCO_78,0.11764705882352941,10,COCO,78
46,[286391 555714 565366 584447 610249 622027 754685 964970],8, 3450013 6033 6026,2017-06-01,COCO_78,0.11764705882352941,8,COCO,78
47,"[110899 244827 270220 271779 296486 314647 421137 427096 432305 464331
 485938 573259 602580 603395 616689 681522 739860 751640]",18, 12520039 451,2017-06-01,COCO_59,0.11764705882352941,18,COCO,59
48,[138296 258366 314647 330295 447294 453193 622143 681522],8, 2000 12520039,2017-06-01,COCO_59,0.11764705882352941,8,COCO,59
49,[415279 526400 610037 734723 828469],5, 13600075 6026,2017-06-01,COCO_59,0.11764705882352941,5,COCO,59
50,[187833 322520 363922 575890 600388 626162 881166],7, 4190175 19419902,2017-06-01,COCO_59,0.11764705882352941,7,COCO,59
51,[616225 622013 734723 828469 913872],5, 6027 6026,2017-06-01,COCO_59,0.11764705882352941,5,COCO,59
52,"[286391 349380 399087 428202 471775 505859 519885 553832 555714 565366
 578639 584447 610249 622027 715341 754685 964970]",17, 6033 6026,2017-06-01,COCO_78,0.11764705882352941,17,COCO,78
53,[286391 471775 519885 584447 754685],5, 13600075 6033 6026,2017-06-01,COCO_78,0.11764705882352941,5,COCO,78
54,[349380 399087 489055 505859 553832 578639 715341 754685],8, 7476355 6026,2017-06-01,COCO_78,0.11764705882352941,8,COCO,78
55,"[286391 348261 363692 471775 519469 519885 521191 535929 584447 619437
 749414 752568 754685 754772 761107 840055 849812 902696 908778 923572
 957240]",21, 13600075 6026,2017-06-01,COCO_78,0.11764705882352941,21,COCO,78
56,[349380 399087 505859 553832 578639 715341 754685],7, 7476355 6033 6026,2017-06-01,COCO_78,0.11764705882352941,7,COCO,78
57,[286391 555714 565366 584447 610249 622027 754685 849812 908778 964970],10, 3450013 6026,2017-06-01,COCO_78,0.11764705882352941,10,COCO,78
58,[349380 399087 542073 578639 971894],5, 7445935 7476355 6033,2017-06-01,COCO_78,0.11764705882352941,5,COCO,78
59,"[294115 349380 399087 400722 468837 505859 542073 553832 578639 698767
 715341 754685 911614 971894]",14, 7476355 6033,2017-06-01,COCO_78,0.11764705882352941,14,COCO,78
60,[349380 399087 471775 519885 578639],5, 7445935 6033 6026,2017-06-01,COCO_78,0.11764705882352941,5,COCO,78
61,"[349380 399087 471775 519885 519887 521183 542073 545984 578639 612925
 971894]",11, 7445935 6033,2017-06-01,COCO_78,0.11764705882352941,11,COCO,78
62,[156096 214134 349380 399087 469829 516496 542073 578639 971894],9, 7445935 7476355,2017-06-01,COCO_78,0.11764705882352941,9,COCO,78
63,[519885 555714 565366 584447 610249 622027 754685],7, 6027 6033 6026,2017-06-01,COCO_78,0.11764705882352941,7,COCO,78
64,[519885 555714 565366 584447 610249 622027 754685 761107 849812 908778],10, 6027 6026,2017-06-01,COCO_78,0.11764705882352941,10,COCO,78
65,[519885 584447 754685 761107 849812 908778],6, 6027 13600075 6026,2017-06-01,COCO_78,0.11764705882352941,6,COCO,78
66,[380150 482421 489055 548624 563837],5, 5401004 6033,2017-08-01,COCO_78,0.17647058823529413,5,COCO,78
67,[400722 489055 518902 606922 715341],5, 7892095 7476355,2017-08-01,COCO_78,0.17647058823529413,5,COCO,78
68,[400722 428202 489055 518902 715341 842240 963615],7, 7892095 6033,2017-08-01,COCO_78,0.17647058823529413,7,COCO,78
69,[400722 471775 489055 518902 971894],5, 5461012 7476355 6033,2017-08-01,COCO_78,0.17647058823529413,5,COCO,78
70,[182028 476509 508618 849812 957240],5, 3430026 3450013,2017-08-01,COCO_78,0.17647058823529413,5,COCO,78
71,[400722 468837 471775 489055 518902 521885 572619 971894],8, 5461012 6033,2017-08-01,COCO_78,0.17647058823529413,8,COCO,78
72,[111738 241017 380150 482421 548624 563837],6, 5401004 7445935,2017-08-01,COCO_78,0.17647058823529413,6,COCO,78
73,[214134 418127 471775 516496 563837 971894],6, 7476355 7445935,2017-08-01,COCO_78,0.17647058823529413,6,COCO,78
74,[400722 471775 489055 516496 518902 971894],6, 5461012 7476355,2017-08-01,COCO_78,0.17647058823529413,6,COCO,78
75,[508618 619437 957240 965330 971894],5, 3450013 6027,2017-08-01,COCO_78,0.17647058823529413,5,COCO,78
76,[619437 752568 849812 957240 965330 971894 975522],7, 3450013 6026,2017-08-01,COCO_78,0.17647058823529413,7,COCO,78
77,[428202 565366 619437 754685 908778 957240 965330 971894],8, 6027 6026,2017-08-01,COCO_78,0.17647058823529413,8,COCO,78
78,[380150 418127 471775 482421 548624 563837 596875 911614 971894],9, 7445935 6033,2017-08-01,COCO_78,0.17647058823529413,9,COCO,78
79,[380150 428202 468837 471775 572619 842240 963615 971894],8, 6033 6026,2017-08-01,COCO_78,0.17647058823529413,8,COCO,78
80,"[471775 519469 574634 619437 735292 749414 752568 754685 754772 761107
 849812 908778 963615 964774 965330 971686]",16, 13600075 6026,2017-08-01,COCO_78,0.17647058823529413,16,COCO,78
81,[112044 123777 306257 322520 339517 594666 827332 872971 979705],9, 4190175 19419902,2017-08-01,COCO_59,0.17647058823529413,9,COCO,59
83,[400722 418127 471775 489055 518902 563837 715341 971894],8, 7476355 6033,2017-08-01,COCO_78,0.17647058823529413,8,COCO,78
84,[428202 489055 519887 521885 975522],5, 7587895 6026,2017-10-01,COCO_78,0.23529411764705882,5,COCO,78
85,[520693 540247 567649 619437 641614 798831],6, 7476355 7445935,2017-10-01,COCO_78,0.23529411764705882,6,COCO,78
86,[192104 222650 241017 263913 263990 357330 737446 798831],8, 5401004 7445935,2017-10-01,COCO_78,0.23529411764705882,8,COCO,78
87,[517522 519887 520693 521885 531947 963615],6, 6033 7445935,2017-10-01,COCO_78,0.23529411764705882,6,COCO,78
88,[380150 428202 489055 519887 521885 911665 963615 993844],8, 6033 6026,2017-10-01,COCO_78,0.23529411764705882,8,COCO,78
89,[156096 182028 263990 492002 540247],5, 5450090 7445935,2017-10-01,COCO_78,0.23529411764705882,5,COCO,78
90,[489055 555714 610249 622027 754685 761107 842314 964774 993844 995513],10, 6027 6026,2017-10-01,COCO_78,0.23529411764705882,10,COCO,78
91,"[ 519885  535929  548624  610249  619437  719763  735292  752568  754685
  761107  849812  902696  964774  975522  994504  995513  995957 1014685]",18, 13600075 6026,2017-10-01,COCO_78,0.23529411764705882,18,COCO,78
92,[123777 156365 195197 425954 872971],5, 4190175 19419902,2017-10-01,COCO_59,0.23529411764705882,5,COCO,59
93,[610037 734723 779524 958765 971440 979705 988692 998545],8, 13600075 6026,2017-10-01,COCO_59,0.23529411764705882,8,COCO,59
94,[610249 754685 761107 964774 995513],5, 6027 13600075 6026,2017-10-01,COCO_78,0.23529411764705882,5,COCO,78
95,[ 610037  616225  734723  971440  979705  988692  998545 1040091],8, 13600075 6026,2017-12-01,COCO_59,0.29411764705882354,8,COCO,59
96,"[ 428202  519469  548624  619437  735292  749414  752568  754685  761107
  849812  964774  965330  975522  993844 1007975 1014685 1034094 1036452
 1037072 1037646 1043402 1054006]",22, 13600075 6026,2017-12-01,COCO_78,0.29411764705882354,22,COCO,78
97,[ 754685  849812  965330 1037646 1045906],5, 6027 6026,2017-12-01,COCO_78,0.29411764705882354,5,COCO,78
98,[158639 258405 619437 687512 783477],5, 7587895 7445935,2018-02-01,COCO_78,0.35294117647058826,5,COCO,78
99,[ 518902  538735  552972  783477  911614 1001550],6, 6033 7445935,2018-02-01,COCO_78,0.35294117647058826,6,COCO,78
100,"[ 428202  471775  519469  519885  619437  735292  749414  752568  964774
 1007975 1014685 1015043 1034094 1043402 1045705 1047955 1052503 1054006]",18, 13600075 6026,2018-02-01,COCO_78,0.35294117647058826,18,COCO,78
101,[114621 263913 552972 591704 619437],5, 5401046 7445935,2018-02-01,COCO_78,0.35294117647058826,5,COCO,78
102,[110899 425954 464331 903640 957469],5, 19419902 451,2018-02-01,COCO_59,0.35294117647058826,5,COCO,59
103,[ 610037  749038  910665  913872  971440  979705  988692  998545 1058591],9, 13600075 6026,2018-02-01,COCO_59,0.35294117647058826,9,COCO,59
104,[140050 275596 490112 600388 885828 903640 957469],7, 4190175 19419902,2018-02-01,COCO_59,0.35294117647058826,7,COCO,59
105,[ 565366  578639  610249  719763  754685 1008376 1014685 1047955 1048011],9, 6027 6026,2018-04-01,COCO_78,0.4117647058823529,9,COCO,78
106,[416219 455008 471775 505859 971894],5, 5461035 5401047 6033,2018-04-01,COCO_78,0.4117647058823529,5,COCO,78
107,[113487 140911 263990 349811 430319 963615],6, 5461018 7445935,2018-04-01,COCO_78,0.4117647058823529,6,COCO,78
108,[ 610249  761107 1014685 1048011 1060608],5, 6157591 6026,2018-04-01,COCO_78,0.4117647058823529,5,COCO,78
109,[427779 471775 505859 842240 963615],5, 7719715 6033,2018-04-01,COCO_78,0.4117647058823529,5,COCO,78
110,[113487 471775 505859 842240 963615],5, 7719715 7445935,2018-04-01,COCO_78,0.4117647058823529,5,COCO,78
111,[263913 273829 364658 521931 564777 849812],6, 5401046 5401047,2018-04-01,COCO_78,0.4117647058823529,6,COCO,78
112,[263913 334634 518902 521931 531392 553832],6, 5401046 7445935,2018-04-01,COCO_78,0.4117647058823529,6,COCO,78
113,[ 519885  578639 1008376 1014685 1047955 1048011],6, 6027 13600075,2018-04-01,COCO_78,0.4117647058823529,6,COCO,78
114,[281283 416219 471775 505859 519887 916838],6, 5401047 6033 7445935,2018-04-01,COCO_78,0.4117647058823529,6,COCO,78
115,[ 578639 1008376 1014685 1047955 1048011],5, 6027 13600075 6026,2018-04-01,COCO_78,0.4117647058823529,5,COCO,78
116,"[225166 263913 281283 314234 407802 416219 471775 505859 519887 521931
 916838]",11, 5401047 7445935,2018-04-01,COCO_78,0.4117647058823529,11,COCO,78
117,[416219 471775 521931 619437 849812 971894],6, 5401047 6026,2018-04-01,COCO_78,0.4117647058823529,6,COCO,78
118,[281283 416219 455008 471775 505859 519887 563837 916838 971894],9, 5401047 6033,2018-04-01,COCO_78,0.4117647058823529,9,COCO,78
119,[416219 471775 842240 953725 963615 971686],6, 6033 7445935 6026,2018-04-01,COCO_78,0.4117647058823529,6,COCO,78
120,"[281283 416219 471775 505859 518902 519887 531392 842240 916838 953725
 963615 971686]",12, 6033 7445935,2018-04-01,COCO_78,0.4117647058823529,12,COCO,78
121,[416219 418129 471775 842240 953725 963615 971686 971894],8, 6033 6026,2018-04-01,COCO_78,0.4117647058823529,8,COCO,78
122,[416219 471775 521931 553832 842240 953725 963615 971686],8, 7445935 6026,2018-04-01,COCO_78,0.4117647058823529,8,COCO,78
123,"[ 416219  428202  468837  528700  578639  619437  752568  849812  989025
  993844 1007975 1008376 1014685 1036452 1037646 1045705 1047955 1048011
 1060608 1082751]",20, 13600075 6026,2018-04-01,COCO_78,0.4117647058823529,20,COCO,78
124,[ 123777  313650  445678  864494 1071032],5, 4190175 19419902,2018-04-01,COCO_59,0.4117647058823529,5,COCO,59
125,[ 526400  616565  734723  913872  979729  988692 1040091 1058591],8, 13600075 6026,2018-04-01,COCO_59,0.4117647058823529,8,COCO,59
126,"[ 505859  519885  536334  555714  578639  584447  754685  971894  972937
 1014685 1048011]",11, 6027 6026,2018-06-01,COCO_78,0.47058823529411764,11,COCO,78
127,[ 519885  536334  555714  578639  584447 1014685],6, 6027 13600075 6026,2018-06-01,COCO_78,0.47058823529411764,6,COCO,78
128,[ 468837  490024  505859  578639  584447  588730  911614 1001550],8, 8287519 6033,2018-06-01,COCO_78,0.47058823529411764,8,COCO,78
129,[ 505859  578639  588730  911614 1001550],5, 8287519 5401047 6033,2018-06-01,COCO_78,0.47058823529411764,5,COCO,78
130,[363690 455008 584447 949836 980801],5, 3461030 4190175,2018-06-01,COCO_78,0.47058823529411764,5,COCO,78
131,[455008 578639 584447 842314 971894],5, 3461030 6026,2018-06-01,COCO_78,0.47058823529411764,5,COCO,78
132,[455008 578639 584447 842314 949836],5, 3461030 6033,2018-06-01,COCO_78,0.47058823529411764,5,COCO,78
133,[ 584447  842314  949836  980801 1105395],5, 3461030 19419902,2018-06-01,COCO_78,0.47058823529411764,5,COCO,78
134,[ 505859  563837  578639  588730  842314  911614 1001550 1097861 1099331],9, 5401047 6033,2018-06-01,COCO_78,0.47058823529411764,9,COCO,78
136,[505859 563837 842314 911614 958732],5, 5401047 7445935,2018-06-01,COCO_78,0.47058823529411764,5,COCO,78
137,[112633 269244 283502 464787 911614 963615],6, 7770415 7445935,2018-06-01,COCO_78,0.47058823529411764,6,COCO,78
138,[103371 207287 241017 263913 348255 521883 553832 863993 958732],9, 5401046 7445935,2018-06-01,COCO_78,0.47058823529411764,9,COCO,78
139,"[ 105293  110899  114666  118478  147589  149963  167694  187833  199984
  235297  235462  251568  270220  314647  368080  403445  425954  427096
  427250  432305  451363  459933  464331  588437  602580  604098  607784
  612824  616689  739860  751640  903640  957469 1052581 1095891 1106546]",36, 12520268 451,2018-06-01,COCO_59,0.47058823529411764,36,COCO,59
140,[ 526400  567971  860435  979705  988692  998545 1152434],7, 13600075 6026,2018-06-01,COCO_59,0.47058823529411764,7,COCO,59
141,[ 199673  425954  472871  903640 1071032],5, 4190175 19419902,2018-06-01,COCO_59,0.47058823529411764,5,COCO,59
142,"[ 363692  416219  468837  471775  519885  535929  536334  555714  578639
  584447  752568  754776  957240  989025 1007975 1008376 1014685 1036452
 1037646 1047955 1082751 1097861]",22, 13600075 6026,2018-06-01,COCO_78,0.47058823529411764,22,COCO,78
143,[ 505859  578639  842314  849812 1097861],5, 5401047 6026,2018-06-01,COCO_78,0.47058823529411764,5,COCO,78
144,"[348255 469829 505859 521883 532337 542073 553832 563837 842314 911614
 963615]",11, 6033 7445935,2018-06-01,COCO_78,0.47058823529411764,11,COCO,78
145,[505859 532337 553832 842314 963615],5, 6033 7445935 6026,2018-06-01,COCO_78,0.47058823529411764,5,COCO,78
146,[ 540247  584447  847693  980801 1037646],5, 19419902 13600075,2018-06-01,COCO_78,0.47058823529411764,5,COCO,78
147,[ 117755  584447  949836  980801 1037646],5, 4190175 19419902,2018-06-01,COCO_78,0.47058823529411764,5,COCO,78
148,"[ 455008  468837  505859  532337  553832  578639  584447  842314  963615
  993844 1097861]",11, 6033 6026,2018-06-01,COCO_78,0.47058823529411764,11,COCO,78
149,[294115 399107 490024 518902 545984 824398],6, 6033 5401047 7445935,2018-08-01,COCO_78,0.5294117647058824,6,COCO,78
151,[ 455008  490024  550646  619437  911614 1048518],6, 8287519 5401047,2018-08-01,COCO_78,0.5294117647058824,6,COCO,78
153,[ 416219  754357  824398 1034094 1037646],5, 6027 6026,2018-08-01,COCO_78,0.5294117647058824,5,COCO,78
154,[ 400722  508618  519885  552972  849812  911665  963615 1181464],8, 7892095 6033,2018-08-01,COCO_78,0.5294117647058824,8,COCO,78
155,[165690 263913 400722 508618 844499],5, 7892095 5401047,2018-08-01,COCO_78,0.5294117647058824,5,COCO,78
157,[ 614220  893157  993844 1082751 1172145],5, 19419902 4190175,2018-08-01,COCO_78,0.5294117647058824,5,COCO,78
158,[ 399107  508618  584447  911665 1097861],5, 8125295 6033,2018-08-01,COCO_78,0.5294117647058824,5,COCO,78
159,"[ 294115  399107  400722  455008  490024  508618  518902  545984  824398
  911614 1097861]",11, 6033 5401047,2018-08-01,COCO_78,0.5294117647058824,11,COCO,78
160,"[ 294115  416219  519885  584447  737878  772088  824398  849812  963615
 1097861]",10, 6033 6026,2018-08-01,COCO_78,0.5294117647058824,10,COCO,78
161,"[143238 294115 399107 471775 490024 518902 545984 550646 824398 916245
 966582]",11, 5401047 7445935,2018-08-01,COCO_78,0.5294117647058824,11,COCO,78
162,[ 294115  471775  619437  824398  979497 1097861],6, 5401047 6026,2018-08-01,COCO_78,0.5294117647058824,6,COCO,78
163,[294115 471775 737878 754357 824398 963615],6, 7445935 6026,2018-08-01,COCO_78,0.5294117647058824,6,COCO,78
164,"[ 471775  519469  519885  526399  614220  619437  719763  752568  754776
  754789  849812  979497  995513 1007975 1037646 1048011 1082751 1113856
 1174591]",19, 13600075 6026,2018-08-01,COCO_78,0.5294117647058824,19,COCO,78
165,[ 123777  539737  798930 1071032 1150527],5, 4190175 19419902,2018-08-01,COCO_59,0.5294117647058824,5,COCO,59
166,[ 749038  860435  891917  979705  998545 1058591 1152434 1155422 1179263],9, 13600075 6026,2018-08-01,COCO_59,0.5294117647058824,9,COCO,59
167,[1040091 1056623 1058591 1099079 1152434],5, 6026 451,2018-08-01,COCO_59,0.5294117647058824,5,COCO,59
168,"[ 108938  114666  118478  133892  167694  187833  199984  235462  244827
  270220  292347  314647  351686  368080  403445  425954  427096  427250
  432305  438350  451363  464331  483533  521982  523545  528367  602580
  604098  607784  612824  616689  681522  751640  777319  903640  915181
  957469 1061637 1095891 1163691 1167207 1167617 1168767 1171591 1180356
 1198352]",46, 12520268 451,2018-08-01,COCO_59,0.5294117647058824,46,COCO,59
169,[294115 399107 490024 518902 521894 545984 737878 824398 963615],9, 6033 7445935,2018-08-01,COCO_78,0.5294117647058824,9,COCO,78
170,[226621 264552 468837 505859 963615],5, 5461017 7445935,2018-10-01,COCO_78,0.5882352941176471,5,COCO,78
171,[ 505859  540247  719763  963615 1179385],5, 5450142 7445935,2018-10-01,COCO_78,0.5882352941176471,5,COCO,78
173,[ 505859  719763  862846  963615  972937 1097861 1179385],7, 5450142 6033,2018-10-01,COCO_78,0.5882352941176471,7,COCO,78
174,[ 107493  263913  567649  886899 1043581 1121384],6, 5401046 7892095,2018-10-01,COCO_78,0.5882352941176471,6,COCO,78
175,[1014685 1015043 1048011 1075356 1153425],5, 19419902 6026,2018-10-01,COCO_78,0.5882352941176471,5,COCO,78
176,[ 248633  263913  719763 1041531 1121384],5, 5401046 7445935,2018-10-01,COCO_78,0.5882352941176471,5,COCO,78
177,[ 107493  263913  719763  886899 1097861],5, 5401046 5401047,2018-10-01,COCO_78,0.5882352941176471,5,COCO,78
178,[ 294115  520708  715341  719763 1179385],5, 5401047 6033 7445935,2018-10-01,COCO_78,0.5882352941176471,5,COCO,78
179,[ 540247  719763  972937 1097861 1179385],5, 5450142 5401047,2018-10-01,COCO_78,0.5882352941176471,5,COCO,78
180,[ 294115  496094  520708  715341  719763  972937 1097861 1179385],8, 5401047 6033,2018-10-01,COCO_78,0.5882352941176471,8,COCO,78
181,[ 616225  734723  998545 1071032 1155422],5, 3450011 4190175,2018-10-01,COCO_59,0.5882352941176471,5,COCO,59
182,"[ 380150  471775  584447  995513 1007975 1015043 1047955 1048011 1113856
 1153425]",10, 13600075 6026,2018-10-01,COCO_78,0.5882352941176471,10,COCO,78
183,"[ 294115  468837  505859  519887  520708  545984  563837  715341  719763
  963615 1179385]",11, 6033 7445935,2018-10-01,COCO_78,0.5882352941176471,11,COCO,78
184,[ 294115  471775  519887  584447  719763  772088  963615 1075356],8, 6033 6026,2018-10-01,COCO_78,0.5882352941176471,8,COCO,78
185,[294115 363692 519887 719763 963615],5, 7445935 6026,2018-10-01,COCO_78,0.5882352941176471,5,COCO,78
186,[ 616225  734723  998545 1155422 1173969],5, 6033 4190175,2018-10-01,COCO_59,0.5882352941176471,5,COCO,59
187,[ 734723  901480  979705 1155422 1162193 1173969],6, 6033 6026,2018-10-01,COCO_59,0.5882352941176471,6,COCO,59
188,[ 734723  979705 1058591 1152434 1162193],5, 13600075 6026,2018-10-01,COCO_59,0.5882352941176471,5,COCO,59
189,[ 103977  112044  123777  179750  600388 1071032],6, 4190175 19419902,2018-10-01,COCO_59,0.5882352941176471,6,COCO,59
190,"[ 108938  114666  118478  127790  130532  133892  149963  161394  162567
  187833  199984  235297  244827  251568  270220  275782  292347  314647
  368080  370988  375021  403445  423574  425954  427096  427250  432305
  444802  445481  451363  464331  483533  521982  523545  602580  604098
  607784  612824  616689  739860  751640  786504  903640  957469  999796
 1042827 1061637 1095891 1103098 1106966 1163691 1167207 1168767 1171591
 1178295 1180756 1196697 1198352 1204127]",59, 451 12520268,2018-10-01,COCO_59,0.5882352941176471,59,COCO,59
191,[ 156634  460228  552846  731934  746930 1166148 1205586 1214239],8, 451 12520268,2018-10-01,COCO_62,0.5882352941176471,8,COCO,62
192,[ 263913  294115  363692  520708  540247  563483  715341  719763 1179385],9, 5401047 7445935,2018-10-01,COCO_78,0.5882352941176471,9,COCO,78
193,[ 205109  552846  603391 1166148 1205586],5, 12520268 451,2018-12-01,CODO_62,0.6470588235294118,5,CODO,62
196,"[ 107030  108938  110899  114666  118478  127790  133892  149963  187833
  235297  235462  244827  251568  270220  275782  292347  314647  368080
  403445  421137  427096  427250  438350  449529  464331  483533  523545
  567220  602580  607784  612824  616689  739860  751640  903640  915181
  943482  957469  999796 1061637 1095891 1163691 1167207 1168767 1171591
 1180756 1196697 1198352 1221607 1234306 1236675]",51, 451 12520268,2018-12-01,COCO_59,0.6470588235294118,51,COCO,59
197,[ 156634  460228  552846  603391  746930 1166148 1186493 1205586],8, 451 12520268,2018-12-01,COCO_62,0.6470588235294118,8,COCO,62
198,[ 123777  376762  622371  636458  998545 1071032],6, 4190175 19419902,2018-12-01,COCO_59,0.6470588235294118,6,COCO,59
199,"[ 528700  555714  584447  622027  989025 1007975 1014685 1034094 1036452
 1047955 1082751]",11, 13600075 6026,2018-12-01,COCO_78,0.6470588235294118,11,COCO,78
200,[314234 526399 545984 727418 963615],5, 5461017 7445935,2019-02-01,COCO_78,0.7058823529411765,5,COCO,78
202,[ 294115  349380  535929  545984  556301  715341 1179385],7, 5401047 7445935,2019-02-01,COCO_78,0.7058823529411765,7,COCO,78
203,[113487 241017 268854 535929 548624 984430],6, 5401046 7445935,2019-02-01,COCO_78,0.7058823529411765,6,COCO,78
204,[ 555714  761107  924254 1007975 1014685 1082751],6, 13600075 6026,2019-02-01,COCO_78,0.7058823529411765,6,COCO,78
205,[201584 245887 526399 545984 963615],5, 7770415 7445935,2019-02-01,COCO_78,0.7058823529411765,5,COCO,78
206,[ 123777  608651  866455  903640  957469 1071032],6, 4190175 19419902,2019-02-01,COCO_59,0.7058823529411765,6,COCO,59
207,[123777 187833 210939 903640 957469],5, 4190175 12520268,2019-02-01,COCO_59,0.7058823529411765,5,COCO,59
208,[ 123777  270220  903640  957469 1061637],5, 19419902 12520268,2019-02-01,COCO_59,0.7058823529411765,5,COCO,59
209,"[ 108938  110899  114666  118478  127790  133892  187833  235297  244827
  270220  292347  363093  368080  403445  421137  425954  427096  427250
  438350  464331  483533  602580  607784  612824  616689  739860  751640
  838190  903640  957469  999796 1061637 1095891 1163691 1167207 1168767
 1171591 1180756 1198352 1218881 1237802]",41, 451 12520268,2019-02-01,COCO_59,0.7058823529411765,41,COCO,59
210,[ 156634  205109  329014  437007  460228  552846 1166148],7, 451 12520268,2019-02-01,COCO_62,0.7058823529411765,7,COCO,62
212,"[ 156096  326603  342631  468837  658850  719763  727418  751399  963615
 1066548]",10, 7770415 7445935,2019-04-01,COCO_78,0.7647058823529411,10,COCO,78
213,[ 153963  468837  719763  862846  911614 1211526],6, 5450142 7445935,2019-04-01,COCO_78,0.7647058823529411,6,COCO,78
214,[ 164593  499566  654138  911614 1121384],5, 7587895 7445935,2019-04-01,COCO_78,0.7647058823529411,5,COCO,78
215,[ 156096  263990  294115  516496  564592  715341  842314 1152114 1211526],9, 5401047 7445935,2019-04-01,COCO_78,0.7647058823529411,9,COCO,78
216,[ 735292 1014685 1054006 1082751 1171502],5, 13600075 6026,2019-04-01,COCO_78,0.7647058823529411,5,COCO,78
217,"[ 108938  110899  114666  118478  127790  133113  133892  187833  199984
  235297  244827  270220  275782  292347  314647  370988  400880  403445
  421137  425954  427096  427250  438350  464331  483533  554673  573259
  588437  602580  604098  607784  612824  616689  681522  739860  751640
  838190  903640  915181  957469  999796 1061637 1095891 1103098 1163691
 1167207 1167617 1168767 1171591 1198352 1229524 1236675 1237802 1239872]",54, 451 12520268,2019-04-01,COCO_59,0.7647058823529411,54,COCO,59
218,[ 133070  156634  329014  460228  552846  619193 1166148 1186493 1205586],9, 451 12520268,2019-04-01,COCO_62,0.7647058823529411,9,COCO,62
219,[326603 468837 497696 727418 963615],5, 5461017 7445935,2019-04-01,COCO_78,0.7647058823529411,5,COCO,78
220,[ 112633  416219  535047  576327  916245 1179385],6, 5401047 7445935,2019-06-01,COCO_78,0.8235294117647058,6,COCO,78
221,[ 112633  263913  281283  383508  469829  518911 1001366],7, 5401046 7445935,2019-06-01,COCO_78,0.8235294117647058,7,COCO,78
222,[ 112633  241593  719763  963615 1001550],5, 7770415 7445935,2019-06-01,COCO_78,0.8235294117647058,5,COCO,78
223,[ 453037  471775  552972 1014685 1034094 1054006 1171502],7, 13600075 6026,2019-06-01,COCO_78,0.8235294117647058,7,COCO,78
224,[ 518892  532366  556852  836943 1071032],5, 3401043 3401042,2019-06-01,COCO_59,0.8235294117647058,5,COCO,59
225,[ 693691  733681  988692  994488 1058591 1099079],6, 13600075 6026,2019-06-01,COCO_59,0.8235294117647058,6,COCO,59
226,"[ 107030  108938  110899  114666  118478  127790  133113  133892  187833
  199984  235297  244827  270220  292347  314647  351686  357025  368080
  403445  421137  427096  464331  483533  523545  554673  588437  602580
  612824  616689  681522  739860  751640  758478  786504  838190  915181
  957469  999796 1042827 1061637 1095891 1163691 1167207 1167617 1168767
 1171591 1189196 1198352 1235206 1237802]",50, 451 12520268,2019-06-01,COCO_59,0.8235294117647058,50,COCO,59
227,[ 133070  156634  336730  373743  460228  552846 1166148 1186493 1205586],9, 451 12520268,2019-06-01,COCO_62,0.8235294117647058,9,COCO,62
228,"[ 107030  108938  114666  118478  127790  133892  149963  187833  235297
  270220  275782  292347  314647  403445  421137  425954  427096  427250
  464331  483533  523545  528367  588437  602580  612824  616689  681522
  739860  751640  838190  957469 1037526 1061637 1095891 1163691 1167207
 1167617 1168767 1171591 1198352 1236675 1237802]",42, 451 12520268,2019-08-01,COCO_59,0.8823529411764706,42,COCO,59
229,[ 127790  483161  602580 1061637 1167207],5, 3401043 12520268,2019-08-01,COCO_59,0.8823529411764706,5,COCO,59
230,[ 127790  372970  501817  602580  876409 1045083 1071032 1124356 1180366],9, 3401042 3401043,2019-08-01,COCO_59,0.8823529411764706,9,COCO,59
231,[294115 468396 518911 576327 933731 958732],6, 5401046 7445935,2019-08-01,COCO_78,0.8823529411764706,6,COCO,78
232,[ 209458  294115  531947  586731 1163180],5, 3401043 3401042,2019-08-01,COCO_78,0.8823529411764706,5,COCO,78
233,[ 294115  400722  416219  576327  916245 1179385],6, 5401047 7445935,2019-08-01,COCO_78,0.8823529411764706,6,COCO,78
234,[209458 294115 521183 576327 586731],5, 3461030 3401042,2019-08-01,COCO_78,0.8823529411764706,5,COCO,78
235,[ 403184  552846  555432  749584 1205586],5, 12520268 451,2019-08-01,CODO_62,0.8823529411764706,5,CODO,62
236,"[ 108938  110899  114666  118478  127790  133892  187833  235297  244827
  270220  314647  351686  403445  425954  427096  427250  464331  602580
  612824  616689  739860  751640  957469 1095891 1163691 1168767 1171591
 1198352 1236675]",29, 451 12520268,2019-10-01,COCO_59,0.9411764705882353,29,COCO,59
237,[156096 421070 518902 540247 547386 576327 715341 916245],8, 5401047 7445935,2019-10-01,COCO_78,0.9411764705882353,8,COCO,78
