,user_ids,support,itemsets,period,property_values,depth,size,STATION_MGT_TYPE
0,"[428202 518871 531393 535929 548624 555714 565366 574634 584447 602649
 735292 751356 752568 758594 761107 849812 908778]",17, 13600075 6026,2017-02-01,COCO,0.0,17,COCO
2,[206078 263990 365536 622027 752568],5, 5461017 7445935,2017-02-01,COCO,0.0,5,COCO
3,[381774 395713 584447 610249 622027],5, 3461023 18064205,2017-02-01,COCO,0.0,5,COCO
4,[324797 352928 540247 600388 610249 616225 622027],7, 6157591 3450013,2017-02-01,COCO,0.0,7,COCO
5,[112041 352928 472871 610249 622027],5, 6157591 18064205,2017-02-01,COCO,0.0,5,COCO
6,[143947 315695 526985 622027 810219],5, 5470002 7445935,2017-02-01,COCO,0.0,5,COCO
7,[204029 286729 288846 525249 610249],5, 3461024 18064205,2017-02-01,COCO,0.0,5,COCO
8,[428202 616225 622027 752568 754685],5, 6027 6033 6026,2017-02-01,COCO,0.0,5,COCO
9,[428202 602649 610365 616225 622027 752568 754685 908778],8, 6027 6026,2017-02-01,COCO,0.0,8,COCO
10,[352928 602649 610249 622027 754685],5, 3450013 18064205,2017-02-01,COCO,0.0,5,COCO
11,[122584 352391 352928 385584 514349],5, 3461003 3450011,2017-02-01,COCO,0.0,5,COCO
12,[555714 602649 616225 622027 754685],5, 3450013 6026,2017-02-01,COCO,0.0,5,COCO
13,[555714 610249 616225 622027 754685],5, 3450013 6033,2017-02-01,COCO,0.0,5,COCO
14,[363692 428202 531393 548624 555714 565366 584447 752568],8, 6033 13600075,2017-02-01,COCO,0.0,8,COCO
15,[428202 531393 548624 555714 565366 584447 752568],7, 6033 13600075 6026,2017-02-01,COCO,0.0,7,COCO
16,[187833 322520 350647 427250 518210 565366 576233 584447 603204 624033],10, 4190175 19419902,2017-02-01,COCO,0.0,10,COCO
17,"[428202 471775 519469 519887 521885 531393 548624 555714 565366 584447
 616225 622027 752568 754685]",14, 6033 6026,2017-02-01,COCO,0.0,14,COCO
18,[471775 519887 548624 622027 752568],5, 7445935 6033 6026,2017-02-01,COCO,0.0,5,COCO
19,[584447 602649 622027 752568 754685],5, 18064205 6026,2017-02-01,COCO,0.0,5,COCO
20,[584447 610249 622027 752568 754685],5, 18064205 6033,2017-02-01,COCO,0.0,5,COCO
21,[281283 471775 519887 520708 548624 622027 752568],7, 7445935 6033,2017-02-01,COCO,0.0,7,COCO
22,[135400 158554 263990 332928 514133 543699],6, 5461017 7445935,2017-05-01,COCO,0.09090909090909091,6,COCO
23,[279525 555714 565366 622027 754685],5, 3430026 3450013 6033,2017-05-01,COCO,0.09090909090909091,5,COCO
24,[247730 314234 575459 599279 610249 849812],6, 3430051 3461024,2017-05-01,COCO,0.09090909090909091,6,COCO
25,[187317 489055 552972 553832 863993 911614],6, 7892095 5401004,2017-05-01,COCO,0.09090909090909091,6,COCO
26,[294115 400722 489055 553832 715341 911614],6, 7892095 7476355 6033,2017-05-01,COCO,0.09090909090909091,6,COCO
27,"[134151 274391 294115 400722 489055 510144 553832 566212 715341 863993
 911614]",11, 7892095 7476355,2017-05-01,COCO,0.09090909090909091,11,COCO
28,[294115 428202 489055 519885 553832 587069 715341],7, 7892095 6033 6026,2017-05-01,COCO,0.09090909090909091,7,COCO
29,[294115 400722 428202 489055 519885 553832 587069 715341 911614],9, 7892095 6033,2017-05-01,COCO,0.09090909090909091,9,COCO
30,[294115 428202 489055 519885 552972 553832 587069 715341],8, 7892095 6026,2017-05-01,COCO,0.09090909090909091,8,COCO
31,[124288 544077 734723 754685 913872 939408],6, 3461016 18064205,2017-05-01,COCO,0.09090909090909091,6,COCO
32,[201610 257398 284033 387869 395817 575459 813374],7, 2850269 3461025,2017-05-01,COCO,0.09090909090909091,7,COCO
33,[565366 584447 734723 754685 971894],5, 3461016 3450013 6033,2017-05-01,COCO,0.09090909090909091,5,COCO
34,[565366 584447 734723 754685 913872 971894],6, 3461016 3450013,2017-05-01,COCO,0.09090909090909091,6,COCO
35,[351525 584447 600388 734723 754685],5, 3461016 13600075,2017-05-01,COCO,0.09090909090909091,5,COCO
36,[124288 605409 648155 734723 913872],5, 3450011 18064205,2017-05-01,COCO,0.09090909090909091,5,COCO
37,[118478 603395 616225 734723 913872],5, 3450011 451,2017-05-01,COCO,0.09090909090909091,5,COCO
38,[349380 486023 489055 516496 553832 863993 911614],7, 5401004 7476355,2017-05-01,COCO,0.09090909090909091,7,COCO
39,[313130 349380 363690 471775 516496 531947 695135 863993],8, 5401004 7445935,2017-05-01,COCO,0.09090909090909091,8,COCO
40,[131005 348255 349380 455008 471775 489055 531947 536334 553832 911614],10, 5401004 6033,2017-05-01,COCO,0.09090909090909091,10,COCO
41,[349380 471775 489055 552972 553832 695135],6, 5401004 6026,2017-05-01,COCO,0.09090909090909091,6,COCO
42,[555714 565366 622027 754685 761107],5, 3430026 6027 6026,2017-05-01,COCO,0.09090909090909091,5,COCO
43,[565366 584447 734723 754685 913872],5, 3461016 6027 6026 3450013,2017-05-01,COCO,0.09090909090909091,5,COCO
44,[489055 602649 616225 891279 908778],5, 3461006 3450013,2017-05-01,COCO,0.09090909090909091,5,COCO
45,[494161 555714 622027 754685 849812],5, 3430176 3450013,2017-05-01,COCO,0.09090909090909091,5,COCO
46,"[286391 294115 349380 428202 455008 471775 489055 521885 536334 698767
 971894]",11, 5461012 6033,2017-05-01,COCO,0.09090909090909091,11,COCO
47,[352286 537370 587925 610249 964970],5, 3646779 2066013,2017-05-01,COCO,0.09090909090909091,5,COCO
48,[178271 234742 543699 544077 843216 867332],6, 1073439 583279,2017-05-01,COCO,0.09090909090909091,6,COCO
49,[286391 428202 587069 622013 754685],5, 5450079 6026,2017-05-01,COCO,0.09090909090909091,5,COCO
50,[201253 544077 734723 754685 865290],5, 3461003 18064205,2017-05-01,COCO,0.09090909090909091,5,COCO
51,[247730 406221 734723 754685 865290],5, 3461003 3450013,2017-05-01,COCO,0.09090909090909091,5,COCO
52,[131005 428202 455008 468837 505859 519472 536334 698767 911614],9, 8287519 6033,2017-05-01,COCO,0.09090909090909091,9,COCO
53,[466946 510144 516496 698767 902624 911614],6, 7038427 7476355,2017-05-01,COCO,0.09090909090909091,6,COCO
54,[158554 166279 263990 332928 679482],5, 5450113 5461017,2017-05-01,COCO,0.09090909090909091,5,COCO
55,[277744 279525 555714 610249 734723],5, 3667191 3450013,2017-05-01,COCO,0.09090909090909091,5,COCO
56,[537370 584447 610249 754685 849812],5, 3412025 6027 6026,2017-05-01,COCO,0.09090909090909091,5,COCO
57,[286391 294115 349380 428202 471775 489055 552972],7, 5461012 6026,2017-05-01,COCO,0.09090909090909091,7,COCO
58,[169564 201610 284033 395817 610249 813374 894130],7, 6157591 3461025,2017-05-01,COCO,0.09090909090909091,7,COCO
59,[169564 247730 565366 610249 891279],5, 6157591 3450013,2017-05-01,COCO,0.09090909090909091,5,COCO
60,[160433 257398 472871 545867 555806 813374 913872],7, 2850269 18064205,2017-05-01,COCO,0.09090909090909091,7,COCO
61,[555714 565366 616225 754685 828469],5, 3450105 6027 6026 6033 3450013,2017-05-01,COCO,0.09090909090909091,5,COCO
62,[555714 565366 599279 616225 754685 828469 920997],7, 3450105 3450013,2017-05-01,COCO,0.09090909090909091,7,COCO
63,[349380 455008 471775 489055 536334],5, 5461012 5401004 6033,2017-05-01,COCO,0.09090909090909091,5,COCO
64,[349380 455008 471775 489055 516496 536334 552972],7, 5461012 5401004,2017-05-01,COCO,0.09090909090909091,7,COCO
65,[294115 349380 489055 698767 971894],5, 5461012 7476355 6033,2017-05-01,COCO,0.09090909090909091,5,COCO
66,[294115 349380 469829 489055 516496 698767 971894],7, 5461012 7476355,2017-05-01,COCO,0.09090909090909091,7,COCO
67,[158639 349380 469829 471775 516496 971894],6, 5461012 7445935,2017-05-01,COCO,0.09090909090909091,6,COCO
68,[286391 294115 349380 428202 471775 489055],6, 5461012 6033 6026,2017-05-01,COCO,0.09090909090909091,6,COCO
69,[116969 164467 247730 351525 610249 813374],6, 6157591 3461024,2017-05-01,COCO,0.09090909090909091,6,COCO
70,[140423 160433 545867 555806 575459 813374],6, 2850269 3461024,2017-05-01,COCO,0.09090909090909091,6,COCO
71,[309153 351715 616225 801580 913872],5, 3450011 3450014,2017-05-01,COCO,0.09090909090909091,5,COCO
72,"[169564 189082 245144 257398 277744 342699 544077 610249 734723 813374
 894130]",11, 3461025 18064205,2017-05-01,COCO,0.09090909090909091,11,COCO
73,[349380 399087 471775 519885 545984 578639 695135 715341],8, 7445935 6026,2017-05-01,COCO,0.09090909090909091,8,COCO
74,"[187833 199673 200726 322520 342120 350647 363922 394148 489055 575890
 594666 600388 626162 694502 714833 754685 758595 776745 788356 881166]",20, 4190175 19419902,2017-05-01,COCO,0.09090909090909091,20,COCO
75,[489055 754685 872971 964970 971894],5, 3450013 19419902,2017-05-01,COCO,0.09090909090909091,5,COCO
76,[286391 584447 622027 734723 754685 828469],6, 3450013 6033 13600075 6026,2017-05-01,COCO,0.09090909090909091,6,COCO
77,"[286391 489055 555714 565366 584447 610249 616225 622027 734723 754685
 828469 964970]",12, 3450013 6033 6026,2017-05-01,COCO,0.09090909090909091,12,COCO
78,"[279525 286391 489055 555714 565366 584447 610249 616225 622027 734723
 754685 828469 964970 971894]",14, 3450013 6033,2017-05-01,COCO,0.09090909090909091,14,COCO
79,[286391 584447 622027 734723 754685 828469 849812 908778],8, 3450013 13600075 6026,2017-05-01,COCO,0.09090909090909091,8,COCO
80,"[286391 489055 555714 565366 584447 610249 616225 622027 734723 754685
 828469 849812 908778 913872 964970]",15, 3450013 6026,2017-05-01,COCO,0.09090909090909091,15,COCO
81,"[138296 258366 314647 330295 335918 447294 453193 597096 622143 660059
 681522]",11, 2000 12520039,2017-05-01,COCO,0.09090909090909091,11,COCO
82,[190040 251568 314647 425954 681522],5, 2000 451,2017-05-01,COCO,0.09090909090909091,5,COCO
83,"[349380 399087 471775 519885 519887 521183 531947 542073 545984 578639
 612925 715341 916838 971894]",14, 7445935 6033,2017-05-01,COCO,0.09090909090909091,14,COCO
84,[471775 489055 519885 754685 964970],5, 19419902 6033 6026,2017-05-01,COCO,0.09090909090909091,5,COCO
85,[471775 519885 752568 754685 758595],5, 19419902 13600075 6026,2017-05-01,COCO,0.09090909090909091,5,COCO
86,[471775 519885 600388 752568 754685 758595],6, 19419902 13600075,2017-05-01,COCO,0.09090909090909091,6,COCO
88,[471775 489055 519885 752568 754685 758595 964970],7, 19419902 6026,2017-05-01,COCO,0.09090909090909091,7,COCO
89,[112041 201610 322520 395817 575459 913872],6, 2850269 3450014,2017-05-01,COCO,0.09090909090909091,6,COCO
90,"[286391 294115 349380 399087 428202 471775 489055 505859 519885 537370
 545984 553832 555714 565366 578639 584447 587069 610249 616225 622027
 715341 734723 754685 828469 958765 964970]",26, 6033 6026,2017-05-01,COCO,0.09090909090909091,26,COCO
91,"[286391 294115 348261 363692 415279 421070 471775 519469 519885 521191
 526400 535929 535942 552972 584447 610037 619437 622027 622586 734723
 735292 749414 751356 752568 754685 754772 758595 761107 828469 840055
 849812 902696 908778 923572 931963 957240]",36, 13600075 6026,2017-05-01,COCO,0.09090909090909091,36,COCO
92,"[110899 224365 244827 270220 271779 296486 314647 345803 421137 427096
 432305 464331 485938 573259 602580 603395 616689 681522 739860 751640]",20, 12520039 451,2017-05-01,COCO,0.09090909090909091,20,COCO
93,[415279 428202 526400 537370 548624 616225 619437 734723 903174 913872],10, 451 6026,2017-05-01,COCO,0.09090909090909091,10,COCO
95,[471775 489055 519499 519885 719763 754685 964970 971894],8, 19419902 6033,2017-05-01,COCO,0.09090909090909091,8,COCO
96,[349380 399087 471775 519885 545984 578639 715341],7, 7445935 6033 6026,2017-05-01,COCO,0.09090909090909091,7,COCO
97,[286391 294115 471775 519885 584447 622027 734723 754685 828469],9, 6033 13600075 6026,2017-05-01,COCO,0.09090909090909091,9,COCO
98,[428202 537370 616225 734723 913872],5, 6027 451 6026,2017-05-01,COCO,0.09090909090909091,5,COCO
99,"[428202 519885 537370 555714 565366 584447 610249 616225 622013 622027
 695135 734723 754685 761107 828469 849812 908778 913872]",18, 6027 6026,2017-05-01,COCO,0.09090909090909091,18,COCO
100,[309153 575459 599279 610249 734723 813374],6, 3461025 3461024,2017-05-01,COCO,0.09090909090909091,6,COCO
101,[201610 309153 395817 544077 575459],5, 3461025 3450014,2017-05-01,COCO,0.09090909090909091,5,COCO
102,[169564 277744 555714 599279 610249 622027 734723 791569],8, 3461025 3450013,2017-05-01,COCO,0.09090909090909091,8,COCO
103,[160433 441643 545867 555806 610249 734723 813374],7, 18064205 3461024,2017-05-01,COCO,0.09090909090909091,7,COCO
104,[489055 610249 734723 754685 913872],5, 18064205 3450013 6026,2017-05-01,COCO,0.09090909090909091,5,COCO
105,[169564 277744 441643 489055 610249 734723 754685 865290 913872],9, 18064205 3450013,2017-05-01,COCO,0.09090909090909091,9,COCO
106,[164467 290794 298971 309153 441643 575459],6, 3461024 3450014,2017-05-01,COCO,0.09090909090909091,6,COCO
107,[124738 247730 441643 599279 610249 734723 849812 964970],8, 3461024 3450013,2017-05-01,COCO,0.09090909090909091,8,COCO
108,[349380 399087 545984 578639 715341],5, 7476355 7445935 6033 6026,2017-05-01,COCO,0.09090909090909091,5,COCO
109,[387869 555714 610249 622027 734723],5, 3461025 6027,2017-05-01,COCO,0.09090909090909091,5,COCO
110,"[156096 214134 349380 399087 469829 516496 542073 545984 578639 715341
 863993 902624 916838 971894]",14, 7476355 7445935,2017-05-01,COCO,0.09090909090909091,14,COCO
111,[349380 399087 542073 545984 578639 715341 916838 971894],8, 7476355 7445935 6033,2017-05-01,COCO,0.09090909090909091,8,COCO
112,"[428202 519885 537370 555714 565366 584447 610249 616225 622027 734723
 754685 828469]",12, 6027 6033 6026,2017-05-01,COCO,0.09090909090909091,12,COCO
113,"[555714 565366 584447 610249 616225 622027 734723 754685 828469 849812
 908778 913872]",12, 6027 3450013 6026,2017-05-01,COCO,0.09090909090909091,12,COCO
114,[584447 622027 734723 754685 828469 849812 908778],7, 6027 3450013 13600075 6026,2017-05-01,COCO,0.09090909090909091,7,COCO
115,[519885 584447 622027 734723 754685 828469],6, 6027 6033 13600075 6026,2017-05-01,COCO,0.09090909090909091,6,COCO
116,[584447 622027 734723 754685 828469],5, 6027 3450013 6033 13600075 6026,2017-05-01,COCO,0.09090909090909091,5,COCO
117,"[294115 349380 399087 400722 468837 489055 505859 542073 545984 553832
 578639 698767 715341 754685 911614 916838 971894]",17, 7476355 6033,2017-05-01,COCO,0.09090909090909091,17,COCO
118,[294115 349380 399087 489055 505859 545984 553832 578639 715341 754685],10, 7476355 6033 6026,2017-05-01,COCO,0.09090909090909091,10,COCO
119,[555714 565366 584447 610249 616225 622027 734723 754685 828469],9, 6027 3450013 6033 6026,2017-05-01,COCO,0.09090909090909091,9,COCO
120,[519885 584447 622027 734723 754685 761107 828469 849812 908778],9, 6027 13600075 6026,2017-05-01,COCO,0.09090909090909091,9,COCO
121,[171222 182028 476509 508618 555714 565366 761107 849812 957240],9, 3430026 3450013,2017-08-01,COCO,0.18181818181818182,9,COCO
122,[508618 565366 622027 761107 849812 957240],6, 3430026 6026,2017-08-01,COCO,0.18181818181818182,6,COCO
123,[400722 428202 489055 516496 518902],5, 5461012 7892095 7476355,2017-08-01,COCO,0.18181818181818182,5,COCO
124,[112041 131271 169564 183398 381774],5, 6157591 3450014,2017-08-01,COCO,0.18181818181818182,5,COCO
125,[169564 313509 381774 605409 622013],5, 6157591 18064205,2017-08-01,COCO,0.18181818181818182,5,COCO
126,[143054 169564 204037 476509 622013],5, 6157591 3450013,2017-08-01,COCO,0.18181818181818182,5,COCO
127,[171222 309153 351455 419062 880018],5, 4159045 18064205,2017-08-01,COCO,0.18181818181818182,5,COCO
128,[358583 574136 616225 957240 971894],5, 3430130 3450013,2017-08-01,COCO,0.18181818181818182,5,COCO
129,[400722 428202 468837 471775 489055 518902 521885 572619 971894 993844],10, 5461012 6033,2017-08-01,COCO,0.18181818181818182,10,COCO
130,[400722 428202 471775 489055 516496 518902 971894],7, 5461012 7476355,2017-08-01,COCO,0.18181818181818182,7,COCO
131,[428202 468837 471775 489055 521885 572619 971894 993844],8, 5461012 6033 6026,2017-08-01,COCO,0.18181818181818182,8,COCO
132,[149025 199673 376091 489055 827332 971894],6, 3461030 19419902,2017-08-01,COCO,0.18181818181818182,6,COCO
133,[400722 428202 489055 518902 715341],5, 7892095 7476355 6033,2017-08-01,COCO,0.18181818181818182,5,COCO
134,[397403 400722 428202 489055 516496 518902 606922 715341],8, 7892095 7476355,2017-08-01,COCO,0.18181818181818182,8,COCO
135,[508618 565366 761107 849812 957240],5, 3430026 3450013 6026,2017-08-01,COCO,0.18181818181818182,5,COCO
136,[400722 428202 489055 518902 715341 842240 963615],7, 7892095 6033,2017-08-01,COCO,0.18181818181818182,7,COCO
137,[400722 428202 471775 489055 518902 971894],6, 5461012 7476355 6033,2017-08-01,COCO,0.18181818181818182,6,COCO
138,[508618 555714 565366 622027 761107 957240],6, 3430026 6027,2017-08-01,COCO,0.18181818181818182,6,COCO
139,[565366 616225 622013 622027 965330],5, 2599062 6027,2017-08-01,COCO,0.18181818181818182,5,COCO
140,[508618 555714 565366 761107 957240],5, 3430026 6027 3450013,2017-08-01,COCO,0.18181818181818182,5,COCO
141,[171222 183398 237191 517749 913872],5, 3461016 2850269,2017-08-01,COCO,0.18181818181818182,5,COCO
145,[565366 619437 965330 971894 979705],5, 3450105 6027 6026 3450013,2017-08-01,COCO,0.18181818181818182,5,COCO
146,[352928 565366 619437 965330 971894 979705],6, 3450105 3450013,2017-08-01,COCO,0.18181818181818182,6,COCO
147,[301512 521885 619437 911614 963615],5, 7598035 7445935,2017-08-01,COCO,0.18181818181818182,5,COCO
148,[156096 313130 521885 621499 911614 963615],6, 7770415 7445935,2017-08-01,COCO,0.18181818181818182,6,COCO
149,[358021 565366 616225 622013 965330],5, 2599062 3450013,2017-08-01,COCO,0.18181818181818182,5,COCO
150,[113487 169564 171222 348997 605409],5, 3461023 18064205,2017-08-01,COCO,0.18181818181818182,5,COCO
151,[153009 211249 306257 538455 544077 828654 897079],7, 1073439 583279,2017-08-01,COCO,0.18181818181818182,7,COCO
152,[182028 301512 531947 596875 971894],5, 5450079 7445935,2017-08-01,COCO,0.18181818181818182,5,COCO
153,[221747 352928 616225 865290 965330 971894],6, 3461006 3450013,2017-08-01,COCO,0.18181818181818182,6,COCO
155,[171222 313509 419062 806597 828400 867332],6, 3461003 18064205,2017-08-01,COCO,0.18181818181818182,6,COCO
156,[151017 171222 177806 211249 376091 476509 574136],7, 3461003 3450013,2017-08-01,COCO,0.18181818181818182,7,COCO
158,[508618 565366 622027 761107 957240],5, 3430026 6027 6026,2017-08-01,COCO,0.18181818181818182,5,COCO
159,[616225 622013 842314 913872 971894],5, 3461016 18064205 6027,2017-08-01,COCO,0.18181818181818182,5,COCO
160,[565366 622013 622027 842314 913872 971894],6, 3461016 6027 6026,2017-08-01,COCO,0.18181818181818182,6,COCO
161,[ 171222  544077  616225  622013  842314  913872  971894 1001029],8, 3461016 18064205,2017-08-01,COCO,0.18181818181818182,8,COCO
162,[619437 754685 761107 908778 964774 965330 971440],7, 6027 13600075 6026,2017-08-01,COCO,0.18181818181818182,7,COCO
163,[380150 471775 521885 548624 963615 971894],6, 6033 7445935 6026,2017-08-01,COCO,0.18181818181818182,6,COCO
164,"[380150 418127 471775 482421 520693 521885 531947 548624 563837 596875
 911614 963615 971894]",13, 6033 7445935,2017-08-01,COCO,0.18181818181818182,13,COCO
165,[471775 958765 963615 971440 993844],5, 6033 13600075 6026,2017-08-01,COCO,0.18181818181818182,5,COCO
166,"[380150 428202 468837 471775 489055 521885 548624 572619 828469 842240
 911665 958765 963615 971440 971894 993844]",16, 6033 6026,2017-08-01,COCO,0.18181818181818182,16,COCO
167,[267366 376091 475865 476509 979705],5, 3450013 4190175,2017-08-01,COCO,0.18181818181818182,5,COCO
168,[376091 476509 555714 971894 979705],5, 3450013 19419902,2017-08-01,COCO,0.18181818181818182,5,COCO
169,[489055 555714 964774 971894 979705],5, 6027 19419902,2017-08-01,COCO,0.18181818181818182,5,COCO
170,[619437 752568 761107 849812 965330 975522],6, 3450013 13600075 6026,2017-08-01,COCO,0.18181818181818182,6,COCO
171,"[508618 565366 619437 622013 752568 761107 849812 957240 965330 971894
 975522 979705]",12, 3450013 6026,2017-08-01,COCO,0.18181818181818182,12,COCO
172,[471775 619437 798831 893886 908778 963615],6, 7445935 13600075,2017-08-01,COCO,0.18181818181818182,6,COCO
173,[380150 471775 521885 548624 619437 840247 908778 963615 971894],9, 7445935 6026,2017-08-01,COCO,0.18181818181818182,9,COCO
174,"[112044 123777 156365 195197 263990 278990 305678 306257 322520 339517
 376091 425954 476509 594666 753583 827332 872971 979705]",18, 4190175 19419902,2017-08-01,COCO,0.18181818181818182,18,COCO
175,"[ 471775  519469  519885  561252  574634  619437  719763  734723  735292
  749414  752568  754685  754772  761107  762454  779524  849812  902696
  908778  958765  963615  964774  965330  971440  971686  975522  993844
  994504  995513  995957 1014685]",31, 13600075 6026,2017-08-01,COCO,0.18181818181818182,31,COCO
176,"[123801 143182 217779 269326 287610 325265 437007 452320 460228 485938
 532669 587709 624519 777319 912494]",15, 12520039 451,2017-08-01,COCO,0.18181818181818182,15,COCO
177,[399087 428202 734723 913872 971686 979705 982996],7, 451 6026,2017-08-01,COCO,0.18181818181818182,7,COCO
178,[352928 619437 752568 761107 849812 965330 975522],7, 3450013 13600075,2017-08-01,COCO,0.18181818181818182,7,COCO
179,"[508618 555714 565366 616225 619437 622013 761107 957240 965330 971894
 979705]",11, 6027 3450013,2017-08-01,COCO,0.18181818181818182,11,COCO
180,"[428202 489055 508618 565366 619437 622013 622027 754685 761107 842314
 908778 913872 957240 964774 965330 971440 971894 979705]",18, 6027 6026,2017-08-01,COCO,0.18181818181818182,18,COCO
181,[ 169564  171222  352928  616225  622013  865290  971894 1001029],8, 18064205 3450013,2017-08-01,COCO,0.18181818181818182,8,COCO
182,[ 171222  616225  622013  971894 1001029],5, 3461016 18064205 3450013,2017-08-01,COCO,0.18181818181818182,5,COCO
183,[565366 616225 622013 622027 842314 913872 971894],7, 3461016 6027,2017-08-01,COCO,0.18181818181818182,7,COCO
184,[ 171222  267366  517749  565366  616225  622013  971894 1001029],8, 3461016 3450013,2017-08-01,COCO,0.18181818181818182,8,COCO
185,[387480 489055 563837 798831 975522 984430],6, 7476355 5401004,2017-08-01,COCO,0.18181818181818182,6,COCO
186,[418127 471775 520693 563837 971894],5, 7476355 6033 7445935,2017-08-01,COCO,0.18181818181818182,5,COCO
187,[508618 565366 619437 622013 761107 957240 965330 971894 979705],9, 6027 3450013 6026,2017-08-01,COCO,0.18181818181818182,9,COCO
188,[214134 418127 471775 516496 520693 563837 619437 641614 798831 971894],10, 7476355 7445935,2017-08-01,COCO,0.18181818181818182,10,COCO
189,[471775 619437 798831 975522 984430],5, 7476355 13600075,2017-08-01,COCO,0.18181818181818182,5,COCO
190,[400722 418127 428202 471775 489055 518902 520693 563837 715341 971894],10, 7476355 6033,2017-08-01,COCO,0.18181818181818182,10,COCO
191,[169564 171222 381774 537145 866455],5, 3461025 18064205,2017-08-01,COCO,0.18181818181818182,5,COCO
192,[322520 350647 575459 866455 964774],5, 3461025 19419902,2017-08-01,COCO,0.18181818181818182,5,COCO
193,[380150 482421 489055 548624 563837],5, 5401004 6033,2017-08-01,COCO,0.18181818181818182,5,COCO
194,[111738 241017 263913 357330 380150 482421 548624 563837 798831],9, 5401004 7445935,2017-08-01,COCO,0.18181818181818182,9,COCO
195,[380150 489055 548624 761107 975522],5, 5401004 6026,2017-08-01,COCO,0.18181818181818182,5,COCO
196,[158639 190795 798831 908778 963615 986708],6, 5461017 7445935,2017-08-01,COCO,0.18181818181818182,6,COCO
197,[169564 257154 309153 381774 419062 544077 867332 913872],8, 3450014 18064205,2017-08-01,COCO,0.18181818181818182,8,COCO
198,[428202 471775 489055 619437 971894 975522],6, 7476355 6026,2017-08-01,COCO,0.18181818181818182,6,COCO
199,[211249 211948 263990 344702 538455 544077 575459 618779 867332 906700],10, 583279 1073439,2017-11-01,COCO,0.2727272727272727,10,COCO
200,[211249 263990 344702 538455 575459],5, 7461024 1073439 583279,2017-11-01,COCO,0.2727272727272727,5,COCO
201,[146600 263990 315774 332928 540247 727418],6, 5461018 7445935,2017-11-01,COCO,0.2727272727272727,6,COCO
202,[428202 489055 519887 521885 542075],5, 7587895 6033,2017-11-01,COCO,0.2727272727272727,5,COCO
203,[158639 195642 200726 519887 542075],5, 7587895 7445935,2017-11-01,COCO,0.2727272727272727,5,COCO
204,[ 734723  957240  979705  988692 1014685],5, 2100210 6026,2017-11-01,COCO,0.2727272727272727,5,COCO
205,[192104 222650 241017 263913 263990 737446],6, 5401004 7445935,2017-11-01,COCO,0.2727272727272727,6,COCO
206,[ 754685  849812  965330  993844 1037646],5, 6027 13600075 6026,2017-11-01,COCO,0.2727272727272727,5,COCO
207,"[ 428202  519469  535929  548624  610037  610249  616225  619437  734723
  735292  749414  752568  754685  761107  849812  964774  965330  971440
  975522  979705  988692  993844  994504  998545 1007975 1014685 1034094
 1036452 1037072 1037646 1040091 1043402 1054006]",33, 13600075 6026,2017-11-01,COCO,0.2727272727272727,33,COCO
208,[171222 309153 819320 867332 869865],5, 18064205 3450014,2017-11-01,COCO,0.2727272727272727,5,COCO
209,[169564 171222 263990 309153 393374 575459 819320],7, 18064205 3461025,2017-11-01,COCO,0.2727272727272727,7,COCO
210,[ 169564  322520  485986  575459 1032320],5, 3450059 3461025,2017-11-01,COCO,0.2727272727272727,5,COCO
211,[171222 216620 263990 322520 336921 537145],6, 2850269 3461025,2017-11-01,COCO,0.2727272727272727,6,COCO
212,[171222 309153 322520 538455 819320],5, 3450014 3461025,2017-11-01,COCO,0.2727272727272727,5,COCO
213,"[ 112006  179750  254994  296725  305678  425954  448392  552027  600388
  872971 1037646]",11, 19419902 4190175,2017-11-01,COCO,0.2727272727272727,11,COCO
214,[ 596217  734723  988692  998545 1010502],5, 451 6026,2017-11-01,COCO,0.2727272727272727,5,COCO
215,[ 555714  622013  754685  849812  965330  993844  995513 1037646 1045906],9, 6027 6026,2017-11-01,COCO,0.2727272727272727,9,COCO
216,[151412 182463 263990 374468 526750 538455 568670 600388 696179],9, 583279 1073439,2018-02-01,COCO,0.36363636363636365,9,COCO
217,[277744 453671 555714 597442 819320],5, 3430026 3450013,2018-02-01,COCO,0.36363636363636365,5,COCO
218,[263990 343037 349811 518902 963615],5, 5461018 7445935,2018-02-01,COCO,0.36363636363636365,5,COCO
219,[416219 455008 471775 535929 783477 971894],6, 5401047 6033,2018-02-01,COCO,0.36363636363636365,6,COCO
221,[407802 416219 471775 783477 916245],5, 5401047 7445935,2018-02-01,COCO,0.36363636363636365,5,COCO
222,[112041 113566 208423 284718 320316],5, 3430051 2850269,2018-02-01,COCO,0.36363636363636365,5,COCO
223,[ 114621  416219  476814  591704  963615 1030880],6, 7892095 7445935,2018-02-01,COCO,0.36363636363636365,6,COCO
224,[ 205109  459432  485938  603391 1062047],5, 12520039 451,2018-02-01,CODO,0.36363636363636365,5,CODO
225,[273829 413278 564777 714833 971894],5, 5401047 5401046,2018-02-01,COCO,0.36363636363636365,5,COCO
226,[158639 258405 619437 687512 783477 842240],6, 7587895 7445935,2018-02-01,COCO,0.36363636363636365,6,COCO
227,[ 230856  263990  600388  903640 1014685],5, 3430200 19419902,2018-02-01,COCO,0.36363636363636365,5,COCO
228,[ 143054  309153  357076  746592 1069245],5, 3450010 3450014,2018-02-01,COCO,0.36363636363636365,5,COCO
229,[548350 609958 664517 953725 963615],5, 5450079 7445935,2018-02-01,COCO,0.36363636363636365,5,COCO
230,[277744 309153 381774 862741 973928],5, 3461023 18064205,2018-02-01,COCO,0.36363636363636365,5,COCO
231,[ 171222  419062  448392  552027 1058591],5, 3461028 18064205,2018-02-01,COCO,0.36363636363636365,5,COCO
232,[455008 471775 536334 552972 971894],5, 5461035 6033,2018-02-01,COCO,0.36363636363636365,5,COCO
233,[263990 283502 847660 953725 963615],5, 7770415 7445935,2018-02-01,COCO,0.36363636363636365,5,COCO
235,[ 260419  332078  416219  508660  992292 1014234 1043642],7, 99901 49009,2018-02-01,COCO,0.36363636363636365,7,COCO
236,[151412 182463 374468 394148 526750],5, 7420025 1073439,2018-02-01,COCO,0.36363636363636365,5,COCO
237,[112044 216620 312601 322520 352928 766167],6, 3450059 3461025,2018-02-01,COCO,0.36363636363636365,6,COCO
238,[ 518892  519885  536334  578639  622027  979497 1008376],7, 6027 6026,2018-02-01,COCO,0.36363636363636365,7,COCO
239,[283502 321568 349811 505859 543699 609958 714312 963615 983984],9, 5461017 7445935,2018-02-01,COCO,0.36363636363636365,9,COCO
240,[ 101532  122130  254661  309153  419062 1069245],6, 4159045 3450014,2018-02-01,COCO,0.36363636363636365,6,COCO
241,[171222 254661 263990 309153 419062],5, 4159045 18064205,2018-02-01,COCO,0.36363636363636365,5,COCO
242,[518892 610037 795799 979705 988692],5, 451 6026,2018-02-01,COCO,0.36363636363636365,5,COCO
243,"[ 428202  468837  471775  519469  519885  526400  528700  578639  610037
  616565  619437  735292  749038  749414  752568  910665  913872  964774
  971440  979705  988692  995860  998545 1007975 1014685 1015043 1034094
 1036452 1037646 1043402 1045705 1047955 1048011 1052503 1054006 1058591
 1060608]",37, 13600075 6026,2018-02-01,COCO,0.36363636363636365,37,COCO
244,[110899 308992 425954 464331 903640 957469],6, 19419902 451,2018-02-01,COCO,0.36363636363636365,6,COCO
245,[ 263990  752568 1014685 1036452 1040391],5, 19419902 13600075,2018-02-01,COCO,0.36363636363636365,5,COCO
246,[471775 552972 619437 913872 953725 963615],6, 7445935 6026,2018-02-01,COCO,0.36363636363636365,6,COCO
247,[263990 471775 535413 619437 913872],5, 7445935 13600075,2018-02-01,COCO,0.36363636363636365,5,COCO
248,[263990 309153 358021 510060 575459],5, 4159045 3461039,2018-02-01,COCO,0.36363636363636365,5,COCO
249,"[ 140050  263990  275596  305678  313650  490112  600388  864494  885828
  903640  943432  957469  984430 1014685 1036452]",15, 4190175 19419902,2018-02-01,COCO,0.36363636363636365,15,COCO
250,[518892 552972 619437 714833 971894 979705],6, 5401046 6026,2018-02-01,COCO,0.36363636363636365,6,COCO
251,[114621 263913 334634 518902 552972 591704 619437 910897],8, 5401046 7445935,2018-02-01,COCO,0.36363636363636365,8,COCO
252,[ 171222  263990  538455  986779 1069245],5, 3461025 3450042,2018-02-01,COCO,0.36363636363636365,5,COCO
254,[171222 208423 263990 419062 866455 959410 973928],7, 18064205 3450042,2018-02-01,COCO,0.36363636363636365,7,COCO
255,[216501 254661 309153 327681 363093 381774 419062 544077],8, 18064205 3450014,2018-02-01,COCO,0.36363636363636365,8,COCO
256,[101763 169564 171222 216501 254661 263990 309153 347161 352928],9, 18064205 3461025,2018-02-01,COCO,0.36363636363636365,9,COCO
257,[471775 518892 536334 552972 828469 953725 963615 971440 971894 979705],10, 6033 6026,2018-02-01,COCO,0.36363636363636365,10,COCO
258,"[ 416219  471775  518902  538735  552972  783477  842240  911614  953725
  963615 1001550]",11, 6033 7445935,2018-02-01,COCO,0.36363636363636365,11,COCO
259,[518892 518902 552972 971894 979705],5, 6033 5401046,2018-02-01,COCO,0.36363636363636365,5,COCO
260,[208423 263990 429537 485844 746592],5, 3461039 3450042,2018-02-01,COCO,0.36363636363636365,5,COCO
261,[208423 303934 320316 510060 745257],5, 2850269 3461039,2018-02-01,COCO,0.36363636363636365,5,COCO
262,[ 171222  263990  419062  423513 1069245],5, 4159045 3450042,2018-02-01,COCO,0.36363636363636365,5,COCO
263,[ 171222  254661  263990  309153  575459 1069245],6, 4159045 3461025,2018-02-01,COCO,0.36363636363636365,6,COCO
264,[ 143054  216501  254661  309153 1069245],5, 3461025 3450014,2018-02-01,COCO,0.36363636363636365,5,COCO
265,[ 112041  404419  544077  553188 1152434],5, 3461003 18064205,2018-05-01,COCO,0.45454545454545453,5,COCO
266,[ 553188  578639  600388  749414  791569 1108766],6, 3461003 3450013,2018-05-01,COCO,0.45454545454545453,6,COCO
267,[468837 505859 578639 584447 913872 979705],6, 8287519 6026,2018-05-01,COCO,0.45454545454545453,6,COCO
268,[468837 578639 584447 913872 979705],5, 8287519 13600075 6026,2018-05-01,COCO,0.45454545454545453,5,COCO
269,[ 505859  578639  588730  911614  979705 1001550],6, 8287519 5401047 6033,2018-05-01,COCO,0.45454545454545453,6,COCO
270,[ 468837  490024  505859  578639  584447  588730  911614  979705 1001550],9, 8287519 6033,2018-05-01,COCO,0.45454545454545453,9,COCO
271,[468837 505859 578639 584447 979705],5, 8287519 6033 6026,2018-05-01,COCO,0.45454545454545453,5,COCO
272,[ 505859  578639  588730  911614  942111  979705 1001550],7, 8287519 5401047,2018-05-01,COCO,0.45454545454545453,7,COCO
273,[505859 911614 913872 919731 979705],5, 8287519 7445935,2018-05-01,COCO,0.45454545454545453,5,COCO
274,[ 555714  849812 1014685 1048011 1060608],5, 6157591 13600075 6026,2018-05-01,COCO,0.45454545454545453,5,COCO
275,[ 305003  327034  510060  544077 1109049],5, 3450042 18064205,2018-05-01,COCO,0.45454545454545453,5,COCO
276,[306030 306638 358021 575459 599279],5, 3430051 3461039,2018-05-01,COCO,0.45454545454545453,5,COCO
277,[123777 376091 584447 745257 949836 980801],6, 3461030 4190175 19419902,2018-05-01,COCO,0.45454545454545453,6,COCO
278,[123777 363690 376091 455008 537131 584447 745257 884749 949836 980801],10, 3461030 4190175,2018-05-01,COCO,0.45454545454545453,10,COCO
279,[455008 578639 584447 842314 949836],5, 3461030 6033 6026,2018-05-01,COCO,0.45454545454545453,5,COCO
280,"[ 123777  144164  376091  381294  584447  598957  745257  842314  881061
  914623  949836  980801 1105395]",13, 3461030 19419902,2018-05-01,COCO,0.45454545454545453,13,COCO
281,[455008 578639 584447 842314 949836 971894],6, 3461030 6026,2018-05-01,COCO,0.45454545454545453,6,COCO
282,[ 257398  313130  322520  336921  575459 1069245],6, 3461025 3450129,2018-05-01,COCO,0.45454545454545453,6,COCO
283,[257398 322520 334389 350647 564592 942898],6, 3461025 2850269,2018-05-01,COCO,0.45454545454545453,6,COCO
284,[ 309153  381774  575459  626293 1067387],5, 3461025 3450014,2018-05-01,COCO,0.45454545454545453,5,COCO
285,[ 112041  284033  544077  916106 1048011],5, 3461018 18064205,2018-05-01,COCO,0.45454545454545453,5,COCO
286,[ 100743  103371  164593  225166  314234  521883  525815  919731 1121384],9, 7587895 7445935,2018-05-01,COCO,0.45454545454545453,9,COCO
287,[ 555714  761107  849812 1014685 1048011 1060608],6, 6157591 6026,2018-05-01,COCO,0.45454545454545453,6,COCO
288,[ 225166  314234  849812  942111 1073860],5, 7587895 5401047,2018-05-01,COCO,0.45454545454545453,5,COCO
289,[309153 349360 350647 575459 599279],5, 4152819 3461039,2018-05-01,COCO,0.45454545454545453,5,COCO
290,[113487 269244 348255 842240 963615],5, 7719715 7445935,2018-05-01,COCO,0.45454545454545453,5,COCO
291,[ 257398  303934  322520  353824  560139 1108766],6, 3450129 2850269,2018-05-01,COCO,0.45454545454545453,6,COCO
292,[175596 247754 263913 263990 549238],5, 11420066 11421002,2018-05-01,COCO,0.45454545454545453,5,COCO
293,[112633 269244 283502 464787 911614 963615],6, 7770415 7445935,2018-05-01,COCO,0.45454545454545453,6,COCO
294,[ 308169  348255  553832  979705 1071960 1087572],6, 5462024 5401046,2018-05-01,COCO,0.45454545454545453,6,COCO
295,[ 225166  308169  416219  979705 1099331],5, 5462024 5401047,2018-05-01,COCO,0.45454545454545453,5,COCO
296,[ 348255  416219  553832  979705 1087572 1099331],6, 5462024 6033,2018-05-01,COCO,0.45454545454545453,6,COCO
297,[225166 348255 416219 553832 979705],5, 5462024 7445935,2018-05-01,COCO,0.45454545454545453,5,COCO
298,[ 416219  505859  911614 1001550 1073860],5, 5461035 5401047,2018-05-01,COCO,0.45454545454545453,5,COCO
299,[ 416219  468837  471775  505859  911614 1001550],6, 5461035 6033,2018-05-01,COCO,0.45454545454545453,6,COCO
301,[103371 497651 521883 849812 942111],5, 7587895 5401046,2018-05-01,COCO,0.45454545454545453,5,COCO
302,[140911 312825 532337 842240 911614],5, 5450138 7445935,2018-05-01,COCO,0.45454545454545453,5,COCO
303,[113487 348255 464787 822868 911614 963615 971686],7, 5450141 7445935,2018-05-01,COCO,0.45454545454545453,7,COCO
304,[ 171002  258523  510060  942898 1056623],5, 3461041 3450011,2018-05-01,COCO,0.45454545454545453,5,COCO
305,[284718 306030 518902 575459 599279],5, 3430143 3461039,2018-05-01,COCO,0.45454545454545453,5,COCO
306,[ 313130  564592  575459 1056623 1069245],5, 3430157 3461025,2018-05-01,COCO,0.45454545454545453,5,COCO
307,[ 112041  313130  575459  608169 1069245],5, 3430157 3450129,2018-05-01,COCO,0.45454545454545453,5,COCO
308,[ 183398  343979  544077  575459 1108766],5, 4159045 3450014,2018-05-01,COCO,0.45454545454545453,5,COCO
309,[306030 358021 575459 599279 626293],5, 3412047 3430051,2018-05-01,COCO,0.45454545454545453,5,COCO
310,[284718 306030 358021 575459 599279],5, 3412047 3461039,2018-05-01,COCO,0.45454545454545453,5,COCO
311,[113487 313130 322520 584447 949836],5, 3461023 4190175,2018-05-01,COCO,0.45454545454545453,5,COCO
312,[348255 468837 471775 842240 963615],5, 7719715 6033,2018-05-01,COCO,0.45454545454545453,5,COCO
313,[ 348255  911614  963615  971686 1097861],5, 5450141 6033,2018-05-01,COCO,0.45454545454545453,5,COCO
314,[ 303934  313130  336921  349360  866385 1108766],6, 3450129 3450013,2018-05-01,COCO,0.45454545454545453,6,COCO
315,[208423 309153 349360 575459 827712 923757],6, 3461039 3450014,2018-05-01,COCO,0.45454545454545453,6,COCO
316,[268731 283502 312825 532337 963615],5, 5461017 7445935,2018-05-01,COCO,0.45454545454545453,5,COCO
317,"[ 225166  263913  281283  314234  356182  416219  505859  519887  521931
  563837  842314  911614  916838  958732  979705 1152434]",16, 5401047 7445935,2018-05-01,COCO,0.45454545454545453,16,COCO
318,[ 416219  578639  619437  849812  979705 1097861 1152434],7, 5401047 13600075 6026,2018-05-01,COCO,0.45454545454545453,7,COCO
319,"[ 416219  505859  521931  578639  616225  619437  842314  849812  979705
 1097861 1152434]",11, 5401047 6026,2018-05-01,COCO,0.45454545454545453,11,COCO
321,"[ 117755  123777  199673  376091  425954  445678  472871  584447  745257
  903640  949836  980801 1037646 1071032]",14, 4190175 19419902,2018-05-01,COCO,0.45454545454545453,14,COCO
322,[ 199673  584447  980801 1037646 1086750],5, 4190175 13600075,2018-05-01,COCO,0.45454545454545453,5,COCO
323,[ 455008  584447  949836 1037646 1099219],5, 4190175 6026,2018-05-01,COCO,0.45454545454545453,5,COCO
324,[416219 505859 532337 553832 842240 842314 963615 971686 979705],9, 6033 7445935 6026,2018-05-01,COCO,0.45454545454545453,9,COCO
325,"[281283 348255 416219 469829 505859 519887 521883 531392 532337 542073
 553832 563837 842240 842314 911614 916838 963615 971686 979705]",19, 6033 7445935,2018-05-01,COCO,0.45454545454545453,19,COCO
326,[ 416219  468837  471775  578639  584447  979705  993844 1097861],8, 6033 13600075 6026,2018-05-01,COCO,0.45454545454545453,8,COCO
327,"[ 416219  418129  455008  468837  471775  505859  532337  553832  578639
  584447  719763  842240  842314  949836  963615  971686  979705  993844
 1038493 1097861]",20, 6033 6026,2018-05-01,COCO,0.45454545454545453,20,COCO
328,[156096 172406 387862 547712 993844],5, 12520039 13600075,2018-05-01,COCO,0.45454545454545453,5,COCO
329,[ 416219  913872  979705 1040091 1152434],5, 7445935 13600075 6026,2018-05-01,COCO,0.45454545454545453,5,COCO
330,[ 416219  463858  913872  979705 1040091 1152434],6, 7445935 13600075,2018-05-01,COCO,0.45454545454545453,6,COCO
331,"[ 416219  505859  521931  532337  553832  842240  842314  913872  963615
  971686  979705 1040091 1152434]",13, 7445935 6026,2018-05-01,COCO,0.45454545454545453,13,COCO
332,[ 199673  380551  540247  584447  847693  980801 1037646],7, 19419902 13600075,2018-05-01,COCO,0.45454545454545453,7,COCO
333,[ 548624  584447  761107  842314  949836 1037646],6, 19419902 6026,2018-05-01,COCO,0.45454545454545453,6,COCO
334,"[ 105293  110899  114666  118478  147589  149963  167694  187833  199984
  235297  235462  251568  270220  314647  368080  403445  425954  427096
  427250  432305  451363  459933  464331  573259  588437  602580  604098
  607784  612824  616689  739860  751640  903640  957469 1052581 1095891
 1106546]",37, 12520268 451,2018-05-01,COCO,0.45454545454545453,37,COCO
335,[ 519885  555714  716325  734723  998545 1058591],6, 13600075 451,2018-05-01,COCO,0.45454545454545453,6,COCO
336,"[ 315774  363692  416219  468837  471775  519885  526400  535929  536334
  555714  567971  578639  584447  619437  734723  752568  754776  849812
  860435  913363  913872  957240  979705  979729  988692  989025  993844
  995860  998545 1007975 1008376 1014685 1036452 1037646 1040091 1045705
 1047955 1048011 1058591 1060608 1070069 1082751 1097861 1099716 1101120
 1152434]",46, 13600075 6026,2018-05-01,COCO,0.45454545454545453,46,COCO
337,"[ 519885  555714  556024  616225  616565  734723  998545 1015043 1058591
 1089409]",10, 451 6026,2018-05-01,COCO,0.45454545454545453,10,COCO
338,[ 416219  505859  521931  842314  979705 1152434],6, 5401047 7445935 6026,2018-05-01,COCO,0.45454545454545453,6,COCO
339,"[ 281283  416219  505859  519887  563837  578639  588730  842314  911614
  916838  979705 1001550 1097861 1099331]",14, 5401047 6033,2018-05-01,COCO,0.45454545454545453,14,COCO
340,[ 519885  555714  734723  998545 1058591],5, 13600075 451 6026,2018-05-01,COCO,0.45454545454545453,5,COCO
341,[281283 416219 505859 519887 563837 842314 911614 916838 979705],9, 5401047 6033 7445935,2018-05-01,COCO,0.45454545454545453,9,COCO
342,[ 416219  505859  578639  842314  979705 1097861],6, 5401047 6033 6026,2018-05-01,COCO,0.45454545454545453,6,COCO
344,[400722 505859 578639 584447 719763],5, 6027 6033,2018-05-01,COCO,0.45454545454545453,5,COCO
345,"[ 505859  519885  536334  555714  565366  572285  578639  584447  597442
  610249  719763  754685  971894  972937 1014685 1047955 1048011]",17, 6027 6026,2018-05-01,COCO,0.45454545454545453,17,COCO
346,[ 112041  510060  555714  728035  880018 1060608],6, 3667191 18064205,2018-05-01,COCO,0.45454545454545453,6,COCO
347,[355952 376091 472871 600388 776250],5, 3450013 19419902,2018-05-01,COCO,0.45454545454545453,5,COCO
348,[ 308169  456892  521883  849812  942111  979705 1071960 1075582],8, 7892095 5401046,2018-05-01,COCO,0.45454545454545453,8,COCO
349,[ 308169  416219  563837  797671  849812  942111  979705 1106911],8, 7892095 5401047,2018-05-01,COCO,0.45454545454545453,8,COCO
350,[416219 521883 563837 963615 979705],5, 7892095 6033 7445935,2018-05-01,COCO,0.45454545454545453,5,COCO
351,[ 400722  416219  521883  563837  963615  979705 1075582],7, 7892095 6033,2018-05-01,COCO,0.45454545454545453,7,COCO
352,[ 416219  521883  563837  963615  979705 1040091],6, 7892095 7445935,2018-05-01,COCO,0.45454545454545453,6,COCO
353,[ 519885  536334  555714  578639  584447 1014685 1047955 1048011],8, 6027 13600075 6026,2018-05-01,COCO,0.45454545454545453,8,COCO
354,[ 416219  519885  849812  963615  979705 1040091],6, 7892095 6026,2018-05-01,COCO,0.45454545454545453,6,COCO
355,[ 416219  519885  849812  979705 1040091],5, 7892095 13600075 6026,2018-05-01,COCO,0.45454545454545453,5,COCO
356,[ 352928  555714  798831  880018  980801 1048011 1060608 1152434],8, 18064205 13600075,2018-05-01,COCO,0.45454545454545453,8,COCO
357,"[103371 207287 241017 263913 348255 356182 521883 521931 531392 553832
 863993 913872 958732 979705]",14, 5401046 7445935,2018-05-01,COCO,0.45454545454545453,14,COCO
358,[ 348255  521883  531392  553832  979705 1075582 1087572],7, 5401046 6033,2018-05-01,COCO,0.45454545454545453,7,COCO
359,[ 521931  553832  616225  849812  913872  979705 1082751],7, 5401046 6026,2018-05-01,COCO,0.45454545454545453,7,COCO
360,[263913 308169 356182 364658 521931 616225 849812 942111 958732 979705],10, 5401046 5401047,2018-05-01,COCO,0.45454545454545453,10,COCO
361,[263913 356182 521931 958732 979705],5, 5401046 5401047 7445935,2018-05-01,COCO,0.45454545454545453,5,COCO
362,[313130 349360 404419 428820 575459],5, 3450129 3461039,2018-05-01,COCO,0.45454545454545453,5,COCO
363,[348255 521883 531392 553832 979705],5, 5401046 6033 7445935,2018-05-01,COCO,0.45454545454545453,5,COCO
364,[ 555714  754685 1048011 1060608 1152434],5, 18064205 6026,2018-05-01,COCO,0.45454545454545453,5,COCO
365,[284033 472871 540247 575459 731074 819320 849812],7, 6157591 3461025,2018-08-01,COCO,0.5454545454545454,7,COCO
366,[ 103814  363093  486628  544077  988692  998545 1041531 1152434],8, 3461016 18064205,2018-08-01,COCO,0.5454545454545454,8,COCO
367,[249715 263990 540247 708621 715341 897762 963615],7, 5461018 7445935,2018-08-01,COCO,0.5454545454545454,7,COCO
368,[ 112041  486628  734723 1152434 1165385],5, 3461016 3450011,2018-08-01,COCO,0.5454545454545454,5,COCO
369,[363093 486628 544077 734723 998545],5, 3461016 3450014,2018-08-01,COCO,0.5454545454545454,5,COCO
370,[ 112041  600388  988692  992218  998545 1152434],6, 3461016 19419902,2018-08-01,COCO,0.5454545454545454,6,COCO
371,[ 112041  277744  325831  734723 1155422],5, 3667191 3450011,2018-08-01,COCO,0.5454545454545454,5,COCO
372,[ 254144  307559  539677  540247  963615 1097861],6, 5461018 5450142,2018-08-01,COCO,0.5454545454545454,6,COCO
373,[ 505859  584447  862846  963615  972937 1097861],6, 5450142 6033,2018-08-01,COCO,0.5454545454545454,6,COCO
374,[ 416219  468837  520708  584447  734723  824398  911614  972937 1173969],9, 6027 6033,2018-08-01,COCO,0.5454545454545454,9,COCO
375,"[ 416219  468837  584447  734723  754357  824398  993844 1034094 1037646
 1173969]",10, 6027 6026,2018-08-01,COCO,0.5454545454545454,10,COCO
376,[ 254144  505859  540247  584447  809946  819872  963615 1090818],8, 5450142 7719715,2018-08-01,COCO,0.5454545454545454,8,COCO
377,[505859 540247 754357 809946 963615],5, 5450142 7445935,2018-08-01,COCO,0.5454545454545454,5,COCO
378,[ 264552  505859  543699  963615 1072004],5, 7719715 5461017,2018-08-01,COCO,0.5454545454545454,5,COCO
379,[ 235209  264552  505859  540247  543699  809946  963615 1152434],8, 7719715 7445935,2018-08-01,COCO,0.5454545454545454,8,COCO
380,[ 456892  828865  960142  984430 1066628 1121384],6, 7587895 7892095,2018-08-01,COCO,0.5454545454545454,6,COCO
381,[ 123777  240766  350978  992218  993844 1153425],6, 3461030 19419902,2018-08-01,COCO,0.5454545454545454,6,COCO
382,[ 216979  364658  490024  828865  966582  984430 1066628],7, 7587895 5401046,2018-08-01,COCO,0.5454545454545454,7,COCO
383,[ 416219  468837  584447  734723  824398 1173969],6, 6027 6033 6026,2018-08-01,COCO,0.5454545454545454,6,COCO
384,[ 123777  543642  992218  993844 1013030 1153425],6, 3461030 4190175,2018-08-01,COCO,0.5454545454545454,6,COCO
385,[ 280999  309153  331511  575459 1163180],5, 4159045 3461025,2018-08-01,COCO,0.5454545454545454,5,COCO
386,"[113425 123777 145422 211249 250022 263990 278763 303934 382431 554368
 585878 737348]",12, 583279 1073439,2018-08-01,COCO,0.5454545454545454,12,COCO
388,[204764 306030 358021 575459 697503],5, 3412023 3430051,2018-08-01,COCO,0.5454545454545454,5,COCO
390,[ 226621  416219  549386 1112491 1123126],5, 7739995 5461017,2018-08-01,COCO,0.5454545454545454,5,COCO
391,[344568 358021 526900 575459 599279 697503],6, 3430051 3461039,2018-08-01,COCO,0.5454545454545454,6,COCO
392,[ 216979  540247  619437  966582 1034599],5, 7598035 5401047,2018-08-01,COCO,0.5454545454545454,5,COCO
394,[ 107493  397717  584447  594237 1097861],5, 8125295 5401046,2018-08-01,COCO,0.5454545454545454,5,COCO
395,[ 399107  508618  584447  911665 1097861 1155422],6, 8125295 6033,2018-08-01,COCO,0.5454545454545454,6,COCO
396,[ 107493  165690  397717  399107  508618 1097861 1155422],7, 8125295 5401047,2018-08-01,COCO,0.5454545454545454,7,COCO
397,[ 104790  309153  575459  998545 1108766],5, 4159045 3450014,2018-08-01,COCO,0.5454545454545454,5,COCO
398,[110417 113487 277744 309153 473768],5, 3461023 18064205,2018-08-01,COCO,0.5454545454545454,5,COCO
399,[113487 263990 280999 333120 406989],5, 3461023 2850269,2018-08-01,COCO,0.5454545454545454,5,COCO
400,[211249 263990 280999 309153 849812],5, 3461023 3461025,2018-08-01,COCO,0.5454545454545454,5,COCO
401,[ 490024  550646  584447  594237  984430 1030889 1048518],7, 8287519 5401046,2018-08-01,COCO,0.5454545454545454,7,COCO
402,[ 455008  490024  550646  619437  911614 1048518],6, 8287519 5401047,2018-08-01,COCO,0.5454545454545454,6,COCO
403,[ 708621  897762 1097861 1111411 1177599],5, 5450141 5461018,2018-08-01,COCO,0.5454545454545454,5,COCO
404,[ 508618  563837  737878  862846  911665 1097861 1180032 1181464],8, 5450141 6033,2018-08-01,COCO,0.5454545454545454,8,COCO
406,[584447 911614 971894 992218 993844],5, 3461030 6027,2018-08-01,COCO,0.5454545454545454,5,COCO
408,[ 519885  584447  719763  901480 1097861 1152434],6, 5401046 6033 6026,2018-08-01,COCO,0.5454545454545454,6,COCO
409,[263990 284718 309153 575459 830201],5, 3461039 3461025,2018-08-01,COCO,0.5454545454545454,5,COCO
410,[ 294115  468837  471775  719763  737878  824398  963615 1152434],8, 6033 7445935 6026,2018-08-01,COCO,0.5454545454545454,8,COCO
411,"[ 294115  399107  468837  471775  490024  505859  518902  519887  520708
  521894  545984  563837  715341  719763  737878  824398  963615 1152434]",18, 6033 7445935,2018-08-01,COCO,0.5454545454545454,18,COCO
412,[ 471775  519885  719763  734723  849812 1152434 1155422],7, 6033 13600075 6026,2018-08-01,COCO,0.5454545454545454,7,COCO
413,"[ 294115  381069  416219  428202  468837  471775  519885  584447  719763
  734723  737878  772088  824398  849812  901480  963615 1075356 1097861
 1152434 1155422 1173969]",21, 6033 6026,2018-08-01,COCO,0.5454545454545454,21,COCO
414,[ 294115  363692  471775  719763  824398 1152434],6, 5401047 7445935 6026,2018-08-01,COCO,0.5454545454545454,6,COCO
415,"[ 143238  263913  294115  363692  399107  471775  490024  518902  520708
  540247  545984  550646  563483  715341  719763  824398  916245  966582
 1152434]",19, 5401047 7445935,2018-08-01,COCO,0.5454545454545454,19,COCO
416,[113487 263990 320316 465158 526900 575459 830201],7, 3461039 2850269,2018-08-01,COCO,0.5454545454545454,7,COCO
417,"[ 294115  363692  471775  619437  719763  824398  979497 1097861 1152434
 1155422]",10, 5401047 6026,2018-08-01,COCO,0.5454545454545454,10,COCO
418,[ 614220  993844 1015043 1082751 1153425],5, 4190175 19419902 6026,2018-08-01,COCO,0.5454545454545454,5,COCO
419,"[ 123777  305678  539737  600388  614220  798930  885828  893157  992218
  993844 1015043 1071032 1082751 1150527 1153425 1172145]",16, 4190175 19419902,2018-08-01,COCO,0.5454545454545454,16,COCO
420,[ 614220 1015043 1082751 1153425 1155422],5, 4190175 13600075 6026,2018-08-01,COCO,0.5454545454545454,5,COCO
421,[ 416219  614220  993844 1015043 1082751 1153425 1155422],7, 4190175 6026,2018-08-01,COCO,0.5454545454545454,7,COCO
422,[ 519885  614220  998545 1015043 1048011 1082751 1152434 1153425],8, 19419902 13600075 6026,2018-08-01,COCO,0.5454545454545454,8,COCO
423,"[ 407030  519885  614220  988692  998545 1015043 1048011 1082751 1152434
 1153425]",10, 19419902 13600075,2018-08-01,COCO,0.5454545454545454,10,COCO
424,"[ 519885  614220  993844  998545 1014685 1015043 1048011 1075356 1082751
 1152434 1153425 1173969]",12, 19419902 6026,2018-08-01,COCO,0.5454545454545454,12,COCO
425,"[ 294115  363692  468837  471775  719763  737878  754357  824398  963615
 1152434]",10, 7445935 6026,2018-08-01,COCO,0.5454545454545454,10,COCO
426,"[ 471775  519469  519885  526399  542084  614220  619437  719763  734723
  749038  752568  754776  754789  849812  860435  891917  979497  979705
  995513  995860  998545 1007975 1015043 1037646 1047955 1048011 1058591
 1082751 1113856 1152434 1153425 1155422 1162193 1174591 1179263]",35, 13600075 6026,2018-08-01,COCO,0.5454545454545454,35,COCO
427,[ 555714  734723  995860 1040091 1056623 1058591 1099079 1152434],8, 6026 451,2018-08-01,COCO,0.5454545454545454,8,COCO
428,"[ 108938  114666  118478  127790  130532  133892  149963  162567  167694
  187833  199984  206426  235297  235462  244827  270220  275782  292347
  314647  351686  368080  370988  375021  403445  423574  425954  427096
  427250  432305  438350  445481  449488  451363  460228  464331  483533
  521982  523545  528367  552846  573259  602580  604098  607784  612824
  616689  681522  739860  751640  777319  903640  915181  957469  999796
 1042827 1045120 1061637 1095891 1103098 1106966 1163691 1166148 1167207
 1167617 1168767 1171591 1178295 1180356 1198352 1205586 1214239]",71, 12520268 451,2018-08-01,COCO,0.5454545454545454,71,COCO
429,"[ 294115  399107  400722  455008  471775  490024  496094  508618  518902
  520708  545984  715341  719763  824398  911614 1097861 1152434 1155422]",18, 6033 5401047,2018-08-01,COCO,0.5454545454545454,18,COCO
430,[ 294115  471775  719763  824398 1097861 1152434 1155422],7, 6033 5401047 6026,2018-08-01,COCO,0.5454545454545454,7,COCO
431,[ 471775  619437  719763  979497 1152434 1155422],6, 5401047 13600075 6026,2018-08-01,COCO,0.5454545454545454,6,COCO
432,[ 294115  471775  719763  824398 1152434],5, 6033 5401047 7445935 6026,2018-08-01,COCO,0.5454545454545454,5,COCO
433,"[ 294115  399107  471775  490024  518902  520708  545984  715341  719763
  824398 1152434]",11, 6033 5401047 7445935,2018-08-01,COCO,0.5454545454545454,11,COCO
434,[309153 320316 380828 575459 734723],5, 3461039 3450014,2018-08-01,COCO,0.5454545454545454,5,COCO
435,[ 277744  309153  314253  486628 1152434],5, 18064205 3450011,2018-08-01,COCO,0.5454545454545454,5,COCO
436,[104790 309153 363093 486628 523273 544077 998545],7, 18064205 3450014,2018-08-01,COCO,0.5454545454545454,7,COCO
437,[ 112041  176112  305419  325831 1155422],5, 3450011 2850269,2018-08-01,COCO,0.5454545454545454,5,COCO
438,[ 305419  331511  475865  734723  791569 1152434],6, 3450011 3450013,2018-08-01,COCO,0.5454545454545454,6,COCO
439,[309153 444555 486628 734723 876067],5, 3450011 3450014,2018-08-01,COCO,0.5454545454545454,5,COCO
440,[ 171222  263990  280999  575459  830201 1163180],6, 2850269 3461025,2018-08-01,COCO,0.5454545454545454,6,COCO
441,[309153 322387 523273 575459 819320],5, 3461025 3450014,2018-08-01,COCO,0.5454545454545454,5,COCO
442,[ 113487  512483  526900  599279  734723 1064097],6, 3461039 3450013,2018-08-01,COCO,0.5454545454545454,6,COCO
443,"[ 400722  508618  519885  552972  849812  911665  963615 1152434 1180032
 1181464]",10, 7892095 6033,2018-08-01,COCO,0.5454545454545454,10,COCO
444,"[ 107493  263913  519885  552972  567649  828865  984430 1043581 1066628
 1152434]",10, 7892095 5401046,2018-08-01,COCO,0.5454545454545454,10,COCO
445,"[ 248633  263913  447204  490024  550646  719763  919731  966582 1041531
 1152434]",10, 5401046 7445935,2018-08-01,COCO,0.5454545454545454,10,COCO
446,"[ 107493  216979  263913  397717  490024  550646  719763  966582  979497
 1048518 1097861 1152434]",12, 5401046 5401047,2018-08-01,COCO,0.5454545454545454,12,COCO
447,[ 263913  490024  550646  719763  966582 1152434],6, 5401046 5401047 7445935,2018-08-01,COCO,0.5454545454545454,6,COCO
448,[ 519885  584447  719763  901480  979497 1097861 1152434],7, 5401046 6026,2018-08-01,COCO,0.5454545454545454,7,COCO
449,[226621 263990 264552 468837 505859 543699 963615],7, 5461017 7445935,2018-08-01,COCO,0.5454545454545454,7,COCO
450,[ 107493  165690  263913  400722  508618  844499  886899 1152434],8, 7892095 5401047,2018-08-01,COCO,0.5454545454545454,8,COCO
451,[ 490024  519885  552972  584447  719763  901480 1097861 1152434],8, 5401046 6033,2018-08-01,COCO,0.5454545454545454,8,COCO
452,[ 113487  263913  518911 1058591 1066628 1121384 1179263],7, 5401046 7445935,2018-11-01,COCO,0.6363636363636364,7,COCO
453,[ 988692  998545 1007975 1162193 1173969],5, 6157591 6026,2018-11-01,COCO,0.6363636363636364,5,COCO
454,[ 242913  263913  529805  901480  963615 1066628 1121384],7, 7892095 7445935,2018-11-01,COCO,0.6363636363636364,7,COCO
455,[ 263913  886899  985588 1063076 1066628 1121384],6, 7892095 5401046,2018-11-01,COCO,0.6363636363636364,6,COCO
456,[ 158639  556301  686138  913464 1066628 1121384],6, 7587895 7445935,2018-11-01,COCO,0.6363636363636364,6,COCO
457,[ 616225  734723  998545 1071032 1155422],5, 3450011 4190175,2018-11-01,COCO,0.6363636363636364,5,COCO
458,[ 145422  807828 1090818 1103450 1179385],5, 5450142 7445935,2018-11-01,COCO,0.6363636363636364,5,COCO
459,[ 555714  584447  734723  934189  989025  998545 1007975 1015043 1173969],9, 6027 6026,2018-11-01,COCO,0.6363636363636364,9,COCO
461,[ 584447  734723  998545 1015043 1173969],5, 6027 4190175 6026,2018-11-01,COCO,0.6363636363636364,5,COCO
463,[ 205109  552846  603391 1166148 1205586],5, 12520268 451,2018-11-01,CODO,0.6363636363636364,5,CODO
464,[ 353824  517260  963615 1090818 1166433 1179263],6, 7719715 7445935,2018-11-01,COCO,0.6363636363636364,6,COCO
465,[355952 369654 464787 600388 881754 998545],6, 3450114 3450026,2018-11-01,COCO,0.6363636363636364,6,COCO
467,[ 211249  405080  543699  556301 1049835],5, 583279 1073439,2018-11-01,COCO,0.6363636363636364,5,COCO
469,[ 555714  584447  734723  989025 1007975],5, 6027 13600075 6026,2018-11-01,COCO,0.6363636363636364,5,COCO
471,"[ 103977  112044  123777  179750  216255  364658  376762  456892  584447
  622371  624828  636458  998545 1071032]",14, 4190175 19419902,2018-11-01,COCO,0.6363636363636364,14,COCO
472,[ 383964  400827  510060  881754  903174 1044697],6, 3450042 4159045,2018-11-01,COCO,0.6363636363636364,6,COCO
474,"[ 107030  108938  110899  114666  118478  127760  127790  133892  149963
  154300  155063  156634  161394  187833  199984  235297  235462  244827
  251568  270220  275782  292347  314647  368080  403445  421137  425954
  427096  427250  437004  438350  449529  451363  460228  464331  483533
  521982  523545  552846  567220  573477  600467  602580  603391  604098
  607784  612824  616689  731934  739860  746930  751640  786504  903640
  915181  943482  957469  999796 1045120 1061637 1095891 1163691 1166148
 1167207 1168767 1171591 1180756 1181387 1186493 1196697 1198352 1205586
 1214239 1221607 1234306 1236675 1237802]",77, 451 12520268,2018-11-01,COCO,0.6363636363636364,77,COCO
475,[ 555714  734723  988692  995860 1058591 1103098],6, 13600075 451,2018-11-01,COCO,0.6363636363636364,6,COCO
476,"[ 528700  555714  584447  622027  734723  979705  988692  989025  995860
 1007975 1014685 1034094 1036452 1047955 1048011 1082751 1162193 1179263]",18, 13600075 6026,2018-11-01,COCO,0.6363636363636364,18,COCO
477,[ 584447  616225  734723  998545 1015043 1173969],6, 4190175 6026,2018-11-01,COCO,0.6363636363636364,6,COCO
478,[ 535929  988692  998545 1162193 1179263],5, 5401047 6026,2018-11-01,COCO,0.6363636363636364,5,COCO
479,[ 263913  294115  325873  326485  913464  916245 1162193 1179263 1179385],9, 5401047 7445935,2018-11-01,COCO,0.6363636363636364,9,COCO
480,"[ 545984  616225  719763  734723  772088  963615  979705  988614  988692
  998545 1162193 1173969 1179263]",13, 6033 6026,2018-11-01,COCO,0.6363636363636364,13,COCO
481,[ 545984  934189  963615  988614 1162193 1166433 1179263],7, 7445935 6026,2018-11-01,COCO,0.6363636363636364,7,COCO
482,[ 294115  518911  545984  963615  988614 1162193 1179263 1179385],8, 6033 7445935,2018-11-01,COCO,0.6363636363636364,8,COCO
483,[ 545984  963615  988614 1162193 1179263],5, 6033 7445935 6026,2018-11-01,COCO,0.6363636363636364,5,COCO
484,[ 616225  734723  998545 1155422 1173969],5, 6033 4190175,2018-11-01,COCO,0.6363636363636364,5,COCO
485,[ 294115  972937  988692  998545 1097861 1162193 1179263 1179385],8, 6033 5401047,2018-11-01,COCO,0.6363636363636364,8,COCO
486,[127760 187833 603391 616689 705599],5, 12520046 12520268,2018-11-01,COCO,0.6363636363636364,5,COCO
487,[127760 187833 459432 603391 616689],5, 12520046 451,2018-11-01,COCO,0.6363636363636364,5,COCO
488,[ 204037  351455  518488  540517  881754  903174 1166138],7, 4159045 3450014,2018-11-01,COCO,0.6363636363636364,7,COCO
489,[ 734723  979705  988692 1162193 1179263],5, 6033 13600075 6026,2018-11-01,COCO,0.6363636363636364,5,COCO
490,[326603 332928 468837 526399 526985 545984 963615],7, 7770415 5461017,2019-02-01,COCO,0.7272727272727273,7,COCO
491,[156096 201584 245887 263990 326603 468837 526399 545984 751399 963615],10, 7770415 7445935,2019-02-01,COCO,0.7272727272727273,10,COCO
492,[122130 141642 381774 554079 963615],5, 7719715 5450138,2019-02-01,COCO,0.7272727272727273,5,COCO
493,[204504 247885 278275 718604 791944 947256 963615],7, 7719715 5461017,2019-02-01,COCO,0.7272727272727273,7,COCO
494,[245144 275365 353824 416623 575459],5, 3412051 18064205,2019-02-01,COCO,0.7272727272727273,5,COCO
495,[ 519885  521191  528700  555714  988692 1034094 1123126 1180366],8, 6027 6026,2019-02-01,COCO,0.7272727272727273,8,COCO
496,[ 245144  575459  582622  599279 1238198],5, 3412051 3461039,2019-02-01,COCO,0.7272727272727273,5,COCO
497,[326603 468837 526399 545984 963615],5, 7770415 5461017 7445935,2019-02-01,COCO,0.7272727272727273,5,COCO
498,[ 519885  555714  988692 1058591 1180366],5, 6027 13600075,2019-02-01,COCO,0.7272727272727273,5,COCO
499,[141642 204037 235183 266087 381774 554079 715341],7, 5461018 5450138,2019-02-01,COCO,0.7272727272727273,7,COCO
500,[158939 245887 343979 353824 575459],5, 3461005 18064205,2019-02-01,COCO,0.7272727272727273,5,COCO
501,[ 216255  594239  849340 1040391 1071032],5, 3401042 3401043,2019-02-01,COCO,0.7272727272727273,5,COCO
502,[ 247885  791944  963615 1038069 1075943],5, 5450141 5461017,2019-02-01,COCO,0.7272727272727273,5,COCO
503,[ 469793  505859  535929  988692 1114915],5, 8287519 5401047,2019-02-01,COCO,0.7272727272727273,5,COCO
504,[ 171222  296455  313130  575459 1163180],5, 4159045 3461025,2019-02-01,COCO,0.7272727272727273,5,COCO
505,[ 349380  397717  469793  516496 1179385],5, 5461035 5401047,2019-02-01,COCO,0.7272727272727273,5,COCO
506,[ 521191  616225  988692  998545 1173969],5, 6033 6026,2019-02-01,COCO,0.7272727272727273,5,COCO
507,[119376 211249 490858 789449 988368 996264],6, 583279 1073439,2019-02-01,COCO,0.7272727272727273,6,COCO
508,[ 278275  332928  402552  468837  526399 1090818],6, 5450142 5461017,2019-02-01,COCO,0.7272727272727273,6,COCO
510,[141642 381774 554079 621175 718604],5, 5461018 7719715,2019-02-01,COCO,0.7272727272727273,5,COCO
511,[ 468837  526399  540247  862846 1179385 1211526 1241616],7, 5450142 7445935,2019-02-01,COCO,0.7272727272727273,7,COCO
512,[ 119454  584447  862846  963615 1038069],5, 7699435 7445935,2019-02-01,COCO,0.7272727272727273,5,COCO
513,[ 264552  313130  335544  526900  575459 1044697 1163180],7, 3461025 3450137,2019-02-01,COCO,0.7272727272727273,7,COCO
514,[ 205109  362310  603391 1166148 1205586],5, 12520268 451,2019-02-01,CODO,0.7272727272727273,5,CODO
515,[555714 734723 779524 994488 995860 998545],6, 6026 451,2019-02-01,COCO,0.7272727272727273,6,COCO
516,[ 250204  555714  734723  779524  995860  998545 1058591],7, 13600075 451,2019-02-01,COCO,0.7272727272727273,7,COCO
517,"[ 519885  555714  567971  734723  735292  761107  779524  913363  924254
  988692  995860  998545 1007975 1014685 1080375 1082751 1180366]",17, 13600075 6026,2019-02-01,COCO,0.7272727272727273,17,COCO
518,[555714 734723 779524 995860 998545],5, 13600075 6026 451,2019-02-01,COCO,0.7272727272727273,5,COCO
519,"[ 204504  314234  326603  468837  497696  526399  545984  727418  963615
 1038069]",10, 5461017 7445935,2019-02-01,COCO,0.7272727272727273,10,COCO
520,[ 123777  270220  903640  957469 1061637],5, 19419902 12520268,2019-02-01,COCO,0.7272727272727273,5,COCO
521,"[ 263990  294115  349380  516496  535929  545984  556301  564592  715341
  842314 1179385 1211526]",12, 5401047 7445935,2019-02-01,COCO,0.7272727272727273,12,COCO
522,[264552 381774 425001 819320 849340],5, 3450014 18064205,2019-02-01,COCO,0.7272727272727273,5,COCO
523,[113487 204029 245144 251036 575459],5, 3461039 18064205,2019-02-01,COCO,0.7272727272727273,5,COCO
524,"[ 108938  110899  114666  118478  127760  127790  133070  133113  133892
  155063  156634  187833  199984  205109  235297  244827  270220  273854
  275782  292347  314647  329014  363093  368080  370988  400880  403445
  421137  425954  427096  427250  431819  437007  438350  449531  460228
  464331  483533  552846  554673  573259  588437  602580  604098  607784
  612824  616689  671878  739860  751640  838190  903640  915181  957469
  999796 1045120 1061637 1095891 1103098 1163691 1166148 1167207 1167617
 1168767 1171591 1180756 1198352 1218881 1236675 1237802 1239872]",71, 451 12520268,2019-02-01,COCO,0.7272727272727273,71,COCO
525,[113487 241017 263990 268854 535929 548624 984430],7, 5401046 7445935,2019-02-01,COCO,0.7272727272727273,7,COCO
526,[309153 323859 338042 405080 410819 512483],6, 3461039 3450014,2019-02-01,COCO,0.7272727272727273,6,COCO
527,[ 171222  296455  322520  336921 1163180],5, 3461025 2850269,2019-02-01,COCO,0.7272727272727273,5,COCO
528,[171222 264552 336921 381774 575459],5, 3461025 18064205,2019-02-01,COCO,0.7272727272727273,5,COCO
529,[116969 305419 323859 335544 575459],5, 3450137 3461039,2019-02-01,COCO,0.7272727272727273,5,COCO
530,[ 164593  314234  499566  521885 1121384],5, 7587895 7445935,2019-02-01,COCO,0.7272727272727273,5,COCO
531,[ 113487  114666  171222  336921  425001 1155422 1185744],7, 2850269 18064205,2019-02-01,COCO,0.7272727272727273,7,COCO
532,"[ 123777  480562  608651  823956  849340  866455  903640  953767  957469
 1071032]",10, 4190175 19419902,2019-02-01,COCO,0.7272727272727273,10,COCO
533,[123777 187833 210939 903640 957469],5, 4190175 12520268,2019-02-01,COCO,0.7272727272727273,5,COCO
534,"[ 263990  327457  397717  447204  469793  491449  535929  863993  971894
 1155422]",10, 5401046 5401047,2019-02-01,COCO,0.7272727272727273,10,COCO
535,[ 264552  486628  575459  986779 1155422],5, 3450137 18064205,2019-02-01,COCO,0.7272727272727273,5,COCO
536,[ 153963  576327  719763  911614 1179385],5, 5450142 7445935,2019-05-01,COCO,0.8181818181818182,5,COCO
537,[241593 297075 576327 719763 963615],5, 5461018 7445935,2019-05-01,COCO,0.8181818181818182,5,COCO
538,[ 348255  349380  654138  911614 1121384],5, 7587895 7445935,2019-05-01,COCO,0.8181818181818182,5,COCO
539,[204037 449743 499732 556301 621707 819320],6, 3430026 3461039,2019-05-01,COCO,0.8181818181818182,6,COCO
540,[ 461427  517260  727418  963615 1033353],5, 5450086 5461017,2019-05-01,COCO,0.8181818181818182,5,COCO
541,[ 113487  348261  575459  599279  621707  818643 1219843],7, 3412051 3461039,2019-05-01,COCO,0.8181818181818182,7,COCO
542,[341866 556301 575900 819320 942111],5, 6157591 3450014,2019-05-01,COCO,0.8181818181818182,5,COCO
543,[ 237920  556301  819320 1166433 1238385],5, 6157591 3461039,2019-05-01,COCO,0.8181818181818182,5,COCO
548,[ 112039  594237 1001366 1014685 1016687 1088642],6, 8125295 5401046,2019-05-01,COCO,0.8181818181818182,6,COCO
549,[ 556301  575459  907465 1056623 1219843 1238385],6, 3430051 3461039,2019-05-01,COCO,0.8181818181818182,6,COCO
550,[ 211249  575459  599279 1109049 1219843],5, 3430271 3412051,2019-05-01,COCO,0.8181818181818182,5,COCO
551,[ 213511  419062  600388  954307 1073553 1225196],6, 1073439 583279,2019-05-01,COCO,0.8181818181818182,6,COCO
552,"[ 112633  241593  297075  342631  517260  658850  719763  727418  963615
 1001550]",10, 7770415 7445935,2019-05-01,COCO,0.8181818181818182,10,COCO
554,[ 112039  897079 1014685 1016687 1088642],5, 8125295 5401047,2019-05-01,COCO,0.8181818181818182,5,COCO
555,[105351 391139 488754 541029 552778 560559 679482 830201 963615],9, 7719715 5461017,2019-05-01,COCO,0.8181818181818182,9,COCO
556,[309153 439383 499732 510060 520059],5, 4159045 3461039,2019-05-01,COCO,0.8181818181818182,5,COCO
557,[ 105351  541029  560559  963615 1175856],5, 7719715 7445935,2019-05-01,COCO,0.8181818181818182,5,COCO
558,"[ 107030  108938  110899  114666  118478  127760  127790  133070  133113
  133892  156634  187833  199984  235297  244827  270220  292347  314647
  336730  341990  351686  353175  357025  367609  368080  373743  403445
  421137  425954  427096  427250  438350  447321  460228  464331  483533
  523545  529805  552846  554673  588437  602580  612824  616689  619193
  681522  739860  751640  758478  786504  838190  915181  957469  999796
 1042827 1061637 1095891 1163691 1166148 1167207 1167617 1168767 1171591
 1186493 1189196 1198352 1205586 1206265 1229524 1235206 1237802]",71, 451 12520268,2019-05-01,COCO,0.8181818181818182,71,COCO
559,"[ 453037  471775  488446  542084  552972  605068  693691  733681  988692
  994488  995860 1014685 1034094 1054006 1058591 1099079 1171502 1235206]",18, 13600075 6026,2019-05-01,COCO,0.8181818181818182,18,COCO
560,"[ 123777  294115  456892  518892  532366  556852  622371  836943  849340
 1071032 1081436]",11, 3401043 3401042,2019-05-01,COCO,0.8181818181818182,11,COCO
562,[290794 309153 364345 520059 556301 575459 818643 819320],8, 3461039 3450014,2019-05-01,COCO,0.8181818181818182,8,COCO
563,[ 294115  546839  552972  842314  849883  971894  988692 1180366],8, 6027 6026,2019-05-01,COCO,0.8181818181818182,8,COCO
564,[123777 327681 428820 540247 907465],5, 3450013 3401043,2019-05-01,COCO,0.8181818181818182,5,COCO
565,"[ 112633  156096  294115  416219  535047  576327  916245 1152114 1162193
 1179385]",10, 5401047 7445935,2019-05-01,COCO,0.8181818181818182,10,COCO
566,[ 149838  428820  499732  515778  523273  575459  907465 1166433],8, 3450013 3461039,2019-05-01,COCO,0.8181818181818182,8,COCO
567,"[ 112633  204037  263913  281283  348255  383508  469829  518911 1001366
 1162193]",10, 5401046 7445935,2019-05-01,COCO,0.8181818181818182,10,COCO
568,[ 112039  112633  364658  394148 1014685 1016687 1088642 1162193],8, 5401046 5401047,2019-05-01,COCO,0.8181818181818182,8,COCO
569,[ 105351  269991  517260  541029  560559  727418  963615 1075943],8, 5461017 7445935,2019-05-01,COCO,0.8181818181818182,8,COCO
570,[127760 187833 208629 346289 403196],5, 12520046 12520268,2019-05-01,COCO,0.8181818181818182,5,COCO
571,[149838 171222 263990 320316 353824 536334],6, 2850269 18064205,2019-05-01,COCO,0.8181818181818182,6,COCO
572,[ 148440  149838  171222  263990 1238732],5, 3461025 18064205,2019-05-01,COCO,0.8181818181818182,5,COCO
573,[148440 149838 162055 171222 622027],5, 3450013 18064205,2019-05-01,COCO,0.8181818181818182,5,COCO
574,[148440 149838 171222 189010 575459],5, 3461025 3450013,2019-05-01,COCO,0.8181818181818182,5,COCO
577,[141642 179354 211249 725052 819320],5, 3461025 3450014,2019-08-01,COCO,0.9090909090909091,5,COCO
578,[ 516496  519885  576327  994488 1085922],5, 7892095 5401047,2019-08-01,COCO,0.9090909090909091,5,COCO
579,[ 174204  576327  911614  971894 1179385],5, 5450142 5461035,2019-08-01,COCO,0.9090909090909091,5,COCO
580,[291659 305499 518902 560559 576327 843087],6, 5461018 7445935,2019-08-01,COCO,0.9090909090909091,6,COCO
581,[ 141642  291659  576327  993844 1064451],5, 5461018 5450141,2019-08-01,COCO,0.9090909090909091,5,COCO
582,[209458 294115 521183 576327 586731],5, 3461030 3401042,2019-08-01,COCO,0.9090909090909091,5,COCO
583,[ 455008  516496  576327  715341 1179385],5, 5461035 5401047,2019-08-01,COCO,0.9090909090909091,5,COCO
584,[ 576327  863993 1010670 1085922 1235311],5, 7892095 5401046,2019-08-01,COCO,0.9090909090909091,5,COCO
585,[ 158639  576327  715341  911614 1179385],5, 5461035 7445935,2019-08-01,COCO,0.9090909090909091,5,COCO
587,[ 179354  399087  518902  519887  534026  988692 1235206],7, 7587895 7445935,2019-08-01,COCO,0.9090909090909091,7,COCO
588,[176862 268731 309153 482761 725052 902440],6, 3461039 3450014,2019-08-01,COCO,0.9090909090909091,6,COCO
589,[ 291659  294115  305499  428820  456892  963615 1090134],7, 5461017 7445935,2019-08-01,COCO,0.9090909090909091,7,COCO
590,[ 294115  394148  576327  584447  988692 1085922 1173969],7, 5401046 5401047,2019-08-01,COCO,0.9090909090909091,7,COCO
591,[ 294115  468396  518911  576327  933731  958732  988692 1097861],8, 5401046 7445935,2019-08-01,COCO,0.9090909090909091,8,COCO
592,"[ 156096  294115  400722  416219  421070  518902  540247  547386  576327
  715341  916245  988692 1179385 1235206]",14, 5401047 7445935,2019-08-01,COCO,0.9090909090909091,14,COCO
593,"[ 127790  168079  209458  294115  307921  372970  501817  531947  564710
  586731  602580  792356  876409 1045083 1071032 1124356 1163180 1180366
 1182559]",19, 3401042 3401043,2019-08-01,COCO,0.9090909090909091,19,COCO
594,[ 127790  483161  602580  915181 1061637 1167207],6, 3401043 12520268,2019-08-01,COCO,0.9090909090909091,6,COCO
595,"[ 107030  108938  110899  114666  118478  127760  127790  133892  149963
  156634  187833  235297  244827  270220  275782  292347  314647  336730
  351686  375338  403445  421137  425954  427096  427250  460228  464331
  483533  523545  528367  588437  602580  612824  616689  681522  739860
  751640  838190  957469 1037526 1045120 1061637 1095891 1163691 1167207
 1167617 1168767 1171591 1198352 1206265 1236675 1237802]",52, 451 12520268,2019-08-01,COCO,0.9090909090909091,52,COCO
596,[268572 278763 488821 575459 617055],5, 1073439 583279,2019-08-01,COCO,0.9090909090909091,5,COCO
597,[ 253309  518902  988692  994488 1235206],5, 7587895 5401047,2019-08-01,COCO,0.9090909090909091,5,COCO
598,[ 403184  552846  555432  603391  749584 1205586],6, 12520268 451,2019-08-01,CODO,0.9090909090909091,6,CODO
