,user_ids,support,itemsets,period,property_values,depth,size,DEPARTEMENT
0,[187833 322520 427250 518210 576233 603204],6, 4190175 19419902,2017-02-01,59,0.0,6,59
1,[206078 263990 365536 622027 752568],5, 5461017 7445935,2017-02-01,78,0.0,5,78
2,[428202 602649 622027 752568 754685 908778],6, 6027 6026,2017-02-01,78,0.0,6,78
3,[204029 286729 288846 525249 610249],5, 3461024 18064205,2017-02-01,78,0.0,5,78
4,[584447 602649 622027 752568 754685],5, 18064205 6026,2017-02-01,78,0.0,5,78
5,[471775 519887 548624 622027 752568],5, 7445935 6033 6026,2017-02-01,78,0.0,5,78
6,[584447 610249 622027 752568 754685],5, 18064205 6033,2017-02-01,78,0.0,5,78
7,[428202 531393 548624 555714 565366 584447 752568],7, 6033 13600075 6026,2017-02-01,78,0.0,7,78
8,[363692 428202 531393 548624 555714 565366 584447 752568],8, 6033 13600075,2017-02-01,78,0.0,8,78
9,"[428202 471775 519469 519887 521885 531393 548624 555714 565366 584447
 622027 752568 754685]",13, 6033 6026,2017-02-01,78,0.0,13,78
10,"[428202 518871 531393 535929 548624 555714 565366 574634 584447 602649
 735292 751356 752568 758594 761107 849812 908778]",17, 13600075 6026,2017-02-01,78,0.0,17,78
11,[281283 471775 519887 520708 548624 622027 752568],7, 7445935 6033,2017-02-01,78,0.0,7,78
12,"[134151 274391 294115 400722 489055 510144 553832 566212 715341 863993
 911614]",11, 7892095 7476355,2017-05-01,78,0.09090909090909091,11,78
13,"[286391 294115 349380 428202 455008 471775 489055 521885 536334 698767
 971894]",11, 5461012 6033,2017-05-01,78,0.09090909090909091,11,78
14,[286391 294115 349380 428202 471775 489055 552972],7, 5461012 6026,2017-05-01,78,0.09090909090909091,7,78
15,[187317 489055 552972 553832 863993 911614],6, 7892095 5401004,2017-05-01,78,0.09090909090909091,6,78
16,[294115 400722 489055 553832 715341 911614],6, 7892095 7476355 6033,2017-05-01,78,0.09090909090909091,6,78
17,[294115 428202 489055 519885 553832 587069 715341],7, 7892095 6033 6026,2017-05-01,78,0.09090909090909091,7,78
18,[200726 342120 350647 394148 489055 694502 754685 758595],8, 19419902 4190175,2017-05-01,78,0.09090909090909091,8,78
19,[294115 428202 489055 519885 552972 553832 587069 715341],8, 7892095 6026,2017-05-01,78,0.09090909090909091,8,78
20,[349380 486023 489055 516496 553832 863993 911614],7, 5401004 7476355,2017-05-01,78,0.09090909090909091,7,78
21,[313130 349380 363690 471775 516496 531947 863993],7, 5401004 7445935,2017-05-01,78,0.09090909090909091,7,78
22,[349380 471775 489055 552972 553832],5, 5401004 6026,2017-05-01,78,0.09090909090909091,5,78
23,[286391 294115 349380 428202 471775 489055],6, 5461012 6033 6026,2017-05-01,78,0.09090909090909091,6,78
24,[294115 400722 428202 489055 519885 553832 587069 715341 911614],9, 7892095 6033,2017-05-01,78,0.09090909090909091,9,78
25,[158639 349380 469829 471775 516496 971894],6, 5461012 7445935,2017-05-01,78,0.09090909090909091,6,78
26,[555714 565366 622027 754685 761107],5, 3430026 6027 6026,2017-05-01,78,0.09090909090909091,5,78
27,[294115 349380 489055 698767 971894],5, 5461012 7476355 6033,2017-05-01,78,0.09090909090909091,5,78
28,[349380 455008 471775 489055 516496 536334 552972],7, 5461012 5401004,2017-05-01,78,0.09090909090909091,7,78
29,[349380 455008 471775 489055 536334],5, 5461012 5401004 6033,2017-05-01,78,0.09090909090909091,5,78
30,[279525 555714 565366 622027 754685],5, 3430026 3450013 6033,2017-05-01,78,0.09090909090909091,5,78
31,[471775 519885 752568 754685 758595],5, 19419902 13600075 6026,2017-05-01,78,0.09090909090909091,5,78
32,[158554 263990 332928 514133 543699],5, 5461017 7445935,2017-05-01,78,0.09090909090909091,5,78
33,[494161 555714 622027 754685 849812],5, 3430176 3450013,2017-05-01,78,0.09090909090909091,5,78
34,[160433 441643 545867 610249 813374],5, 18064205 3461024,2017-05-01,78,0.09090909090909091,5,78
35,[189082 245144 342699 610249 813374 894130],6, 3461025 18064205,2017-05-01,78,0.09090909090909091,6,78
36,[131005 428202 455008 468837 505859 519472 536334 698767 911614],9, 8287519 6033,2017-05-01,78,0.09090909090909091,9,78
37,[537370 584447 610249 754685 849812],5, 3412025 6027 6026,2017-05-01,78,0.09090909090909091,5,78
38,[352286 537370 587925 610249 964970],5, 3646779 2066013,2017-05-01,78,0.09090909090909091,5,78
39,[466946 510144 516496 698767 911614],5, 7038427 7476355,2017-05-01,78,0.09090909090909091,5,78
40,[294115 349380 469829 489055 516496 698767 971894],7, 5461012 7476355,2017-05-01,78,0.09090909090909091,7,78
41,[471775 489055 519885 754685 964970],5, 19419902 6033 6026,2017-05-01,78,0.09090909090909091,5,78
42,[131005 348255 349380 455008 471775 489055 531947 536334 553832 911614],10, 5401004 6033,2017-05-01,78,0.09090909090909091,10,78
43,[471775 489055 519885 752568 754685 758595 964970],7, 19419902 6026,2017-05-01,78,0.09090909090909091,7,78
44,"[110899 244827 270220 271779 296486 314647 345803 421137 427096 432305
 464331 485938 573259 602580 603395 616689 681522 739860 751640]",19, 12520039 451,2017-05-01,59,0.09090909090909091,19,59
45,[415279 526400 616225 734723 903174 913872],6, 6026 451,2017-05-01,59,0.09090909090909091,6,59
47,[138296 258366 314647 330295 447294 453193 622143 681522],8, 2000 12520039,2017-05-01,59,0.09090909090909091,8,59
48,"[187833 199673 322520 363922 575890 594666 600388 626162 714833 776745
 788356 881166]",12, 4190175 19419902,2017-05-01,59,0.09090909090909091,12,59
49,[471775 489055 519499 519885 719763 754685 964970 971894],8, 19419902 6033,2017-05-01,78,0.09090909090909091,8,78
50,[616225 622013 734723 828469 913872],5, 6027 6026,2017-05-01,59,0.09090909090909091,5,59
51,[118478 603395 616225 734723 913872],5, 3450011 451,2017-05-01,59,0.09090909090909091,5,59
52,"[286391 294115 349380 399087 428202 471775 489055 505859 519885 537370
 545984 553832 555714 565366 578639 584447 587069 610249 622027 715341
 754685 964970]",22, 6033 6026,2017-05-01,78,0.09090909090909091,22,78
53,"[286391 294115 348261 363692 421070 471775 519469 519885 521191 535929
 535942 552972 584447 619437 622027 622586 735292 749414 751356 752568
 754685 754772 758595 761107 840055 849812 902696 908778 923572 957240]",30, 13600075 6026,2017-05-01,78,0.09090909090909091,30,78
54,[286391 294115 471775 519885 584447 622027 754685],7, 13600075 6033 6026,2017-05-01,78,0.09090909090909091,7,78
55,"[349380 399087 471775 519885 519887 521183 531947 542073 545984 578639
 612925 715341 916838 971894]",14, 7445935 6033,2017-05-01,78,0.09090909090909091,14,78
56,[349380 399087 471775 519885 545984 578639 715341],7, 7445935 6033 6026,2017-05-01,78,0.09090909090909091,7,78
57,"[294115 349380 399087 400722 468837 489055 505859 542073 545984 553832
 578639 698767 715341 754685 911614 916838 971894]",17, 7476355 6033,2017-05-01,78,0.09090909090909091,17,78
58,[415279 526400 610037 734723 828469],5, 13600075 6026,2017-05-01,59,0.09090909090909091,5,59
59,"[156096 214134 349380 399087 469829 516496 542073 545984 578639 715341
 863993 916838 971894]",13, 7476355 7445935,2017-05-01,78,0.09090909090909091,13,78
60,[584447 622027 754685 849812 908778],5, 6027 3450013 13600075 6026,2017-05-01,78,0.09090909090909091,5,78
61,[555714 565366 584447 610249 622027 754685],6, 6027 3450013 6033 6026,2017-05-01,78,0.09090909090909091,6,78
62,[555714 565366 584447 610249 622027 754685 849812 908778],8, 6027 3450013 6026,2017-05-01,78,0.09090909090909091,8,78
63,[519885 584447 622027 754685 761107 849812 908778],7, 6027 13600075 6026,2017-05-01,78,0.09090909090909091,7,78
64,"[428202 519885 537370 555714 565366 584447 610249 622027 754685 761107
 849812 908778]",12, 6027 6026,2017-05-01,78,0.09090909090909091,12,78
65,[428202 519885 537370 555714 565366 584447 610249 622027 754685],9, 6027 6033 6026,2017-05-01,78,0.09090909090909091,9,78
66,[286391 489055 555714 565366 584447 610249 622027 754685 964970],9, 3450013 6033 6026,2017-05-01,78,0.09090909090909091,9,78
67,"[279525 286391 489055 555714 565366 584447 610249 622027 754685 964970
 971894]",11, 3450013 6033,2017-05-01,78,0.09090909090909091,11,78
68,"[286391 489055 555714 565366 584447 610249 622027 754685 849812 908778
 964970]",11, 3450013 6026,2017-05-01,78,0.09090909090909091,11,78
69,[349380 399087 545984 578639 715341],5, 7476355 7445935 6033 6026,2017-05-01,78,0.09090909090909091,5,78
70,[349380 399087 542073 545984 578639 715341 916838 971894],8, 7476355 7445935 6033,2017-05-01,78,0.09090909090909091,8,78
71,[286391 584447 622027 754685 849812 908778],6, 3450013 13600075 6026,2017-05-01,78,0.09090909090909091,6,78
72,[294115 349380 399087 489055 505859 545984 553832 578639 715341 754685],10, 7476355 6033 6026,2017-05-01,78,0.09090909090909091,10,78
73,[400722 428202 489055 518902 715341],5, 7892095 7476355 6033,2017-08-01,78,0.18181818181818182,5,78
74,[428202 468837 471775 489055 521885 572619 971894 993844],8, 5461012 6033 6026,2017-08-01,78,0.18181818181818182,8,78
75,[400722 428202 468837 471775 489055 518902 521885 572619 971894 993844],10, 5461012 6033,2017-08-01,78,0.18181818181818182,10,78
76,[380150 482421 489055 548624 563837],5, 5401004 6033,2017-08-01,78,0.18181818181818182,5,78
77,[400722 428202 489055 518902 715341 842240 963615],7, 7892095 6033,2017-08-01,78,0.18181818181818182,7,78
78,[387480 489055 563837 798831 975522 984430],6, 5401004 7476355,2017-08-01,78,0.18181818181818182,6,78
79,[400722 428202 471775 489055 516496 518902 971894],7, 5461012 7476355,2017-08-01,78,0.18181818181818182,7,78
80,[397403 400722 428202 489055 516496 518902 606922 715341],8, 7892095 7476355,2017-08-01,78,0.18181818181818182,8,78
81,[400722 428202 471775 489055 518902 971894],6, 5461012 7476355 6033,2017-08-01,78,0.18181818181818182,6,78
82,[508618 565366 761107 849812 957240],5, 3430026 3450013 6026,2017-08-01,78,0.18181818181818182,5,78
83,[ 267366  517749  565366  971894 1001029],5, 3461016 3450013,2017-08-01,78,0.18181818181818182,5,78
84,[508618 565366 622027 761107 849812 957240],6, 3430026 6026,2017-08-01,78,0.18181818181818182,6,78
85,[508618 555714 565366 622027 761107 957240],6, 3430026 6027,2017-08-01,78,0.18181818181818182,6,78
86,[508618 565366 622027 761107 957240],5, 3430026 6027 6026,2017-08-01,78,0.18181818181818182,5,78
87,[182028 476509 508618 555714 565366 761107 849812 957240],8, 3430026 3450013,2017-08-01,78,0.18181818181818182,8,78
88,[508618 555714 565366 761107 957240],5, 3430026 3450013 6027,2017-08-01,78,0.18181818181818182,5,78
89,[156096 313130 521885 621499 911614 963615],6, 7770415 7445935,2017-08-01,78,0.18181818181818182,6,78
90,[111738 241017 263913 357330 380150 482421 548624 563837 798831],9, 5401004 7445935,2017-08-01,78,0.18181818181818182,9,78
91,[400722 428202 489055 516496 518902],5, 5461012 7892095 7476355,2017-08-01,78,0.18181818181818182,5,78
92,[380150 489055 548624 761107 975522],5, 5401004 6026,2017-08-01,78,0.18181818181818182,5,78
93,[619437 754685 761107 908778 964774 965330],6, 6027 13600075 6026,2017-08-01,78,0.18181818181818182,6,78
94,[400722 418127 428202 471775 489055 518902 520693 563837 715341 971894],10, 7476355 6033,2017-08-01,78,0.18181818181818182,10,78
96,"[112044 123777 156365 195197 306257 322520 339517 425954 594666 827332
 872971 979705]",12, 4190175 19419902,2017-08-01,59,0.18181818181818182,12,59
97,[123801 384122 396609 437007 460228 871178 912494],7, 12520039 451,2017-08-01,62,0.18181818181818182,7,62
99,"[ 471775  519469  519885  574634  619437  719763  735292  749414  752568
  754685  754772  761107  849812  902696  908778  963615  964774  965330
  971686  975522  993844  994504  995513  995957 1014685]",25, 13600075 6026,2017-08-01,78,0.18181818181818182,25,78
100,[380150 471775 521885 548624 619437 908778 963615 971894],8, 7445935 6026,2017-08-01,78,0.18181818181818182,8,78
101,[471775 619437 798831 893886 908778 963615],6, 7445935 13600075,2017-08-01,78,0.18181818181818182,6,78
102,"[380150 418127 471775 482421 520693 521885 531947 548624 563837 596875
 911614 963615 971894]",13, 6033 7445935,2017-08-01,78,0.18181818181818182,13,78
103,[380150 471775 521885 548624 963615 971894],6, 6033 7445935 6026,2017-08-01,78,0.18181818181818182,6,78
104,"[380150 428202 468837 471775 489055 521885 548624 572619 842240 911665
 963615 971894 993844]",13, 6033 6026,2017-08-01,78,0.18181818181818182,13,78
105,[418127 471775 520693 563837 971894],5, 7476355 6033 7445935,2017-08-01,78,0.18181818181818182,5,78
106,[508618 565366 619437 752568 761107 849812 957240 965330 971894 975522],10, 3450013 6026,2017-08-01,78,0.18181818181818182,10,78
107,[619437 752568 761107 849812 965330 975522],6, 3450013 13600075 6026,2017-08-01,78,0.18181818181818182,6,78
108,[508618 555714 565366 619437 761107 957240 965330 971894],8, 3450013 6027,2017-08-01,78,0.18181818181818182,8,78
109,[508618 565366 619437 761107 957240 965330 971894],7, 3450013 6027 6026,2017-08-01,78,0.18181818181818182,7,78
110,[428202 471775 489055 619437 971894 975522],6, 7476355 6026,2017-08-01,78,0.18181818181818182,6,78
111,[471775 619437 798831 975522 984430],5, 7476355 13600075,2017-08-01,78,0.18181818181818182,5,78
112,[214134 418127 471775 516496 520693 563837 619437 641614 798831 971894],10, 7476355 7445935,2017-08-01,78,0.18181818181818182,10,78
113,"[428202 489055 508618 565366 619437 622027 754685 761107 842314 908778
 957240 964774 965330 971894]",14, 6027 6026,2017-08-01,78,0.18181818181818182,14,78
114,[192104 222650 241017 263913 263990 737446],6, 5401004 7445935,2017-11-01,78,0.2727272727272727,6,78
115,[ 112006  296725  448392  552027 1037646],5, 19419902 4190175,2017-11-01,78,0.2727272727272727,5,78
116,[146600 263990 332928 540247 727418],5, 5461018 7445935,2017-11-01,78,0.2727272727272727,5,78
117,[428202 489055 519887 521885 542075],5, 7587895 6033,2017-11-01,78,0.2727272727272727,5,78
118,[158639 195642 200726 519887 542075],5, 7587895 7445935,2017-11-01,78,0.2727272727272727,5,78
119,[ 754685  849812  965330  993844 1037646],5, 6027 13600075 6026,2017-11-01,78,0.2727272727272727,5,78
120,[ 596217  734723  988692  998545 1010502],5, 6026 451,2017-11-01,59,0.2727272727272727,5,59
121,"[ 428202  519469  535929  548624  610249  619437  735292  749414  752568
  754685  761107  849812  964774  965330  975522  993844  994504 1007975
 1014685 1034094 1036452 1037072 1037646 1043402 1054006]",25, 13600075 6026,2017-11-01,78,0.2727272727272727,25,78
123,[179750 254994 425954 600388 872971],5, 4190175 19419902,2017-11-01,59,0.2727272727272727,5,59
124,[ 610037  616225  734723  971440  979705  988692  998545 1040091],8, 13600075 6026,2017-11-01,59,0.2727272727272727,8,59
125,[ 555714  754685  849812  965330  993844  995513 1037646 1045906],8, 6027 6026,2017-11-01,78,0.2727272727272727,8,78
126,[416219 455008 471775 535929 783477 971894],6, 5401047 6033,2018-02-01,78,0.36363636363636365,6,78
127,[263990 283502 847660 953725 963615],5, 7770415 7445935,2018-02-01,78,0.36363636363636365,5,78
128,[263990 343037 349811 518902 963615],5, 5461018 7445935,2018-02-01,78,0.36363636363636365,5,78
129,[455008 471775 536334 552972 971894],5, 5461035 6033,2018-02-01,78,0.36363636363636365,5,78
130,[ 519885  536334  578639  622027  979497 1008376],6, 6027 6026,2018-02-01,78,0.36363636363636365,6,78
131,[158639 258405 619437 687512 783477 842240],6, 7587895 7445935,2018-02-01,78,0.36363636363636365,6,78
133,[ 263990  943432  984430 1014685 1036452],5, 4190175 19419902,2018-02-01,78,0.36363636363636365,5,78
134,[283502 349811 505859 543699 963615],5, 5461017 7445935,2018-02-01,78,0.36363636363636365,5,78
135,[407802 416219 471775 783477 916245],5, 5401047 7445935,2018-02-01,78,0.36363636363636365,5,78
136,[471775 552972 619437 953725 963615],5, 7445935 6026,2018-02-01,78,0.36363636363636365,5,78
137,[ 114621  416219  476814  591704  963615 1030880],6, 7892095 7445935,2018-02-01,78,0.36363636363636365,6,78
138,[114621 263913 334634 518902 552972 591704 619437],7, 5401046 7445935,2018-02-01,78,0.36363636363636365,7,78
139,"[ 416219  471775  518902  538735  552972  783477  842240  911614  953725
  963615 1001550]",11, 6033 7445935,2018-02-01,78,0.36363636363636365,11,78
140,[471775 536334 552972 953725 963615 971894],6, 6033 6026,2018-02-01,78,0.36363636363636365,6,78
141,"[ 428202  468837  471775  519469  519885  528700  578639  619437  735292
  749414  752568  964774 1007975 1014685 1015043 1034094 1036452 1037646
 1043402 1045705 1047955 1048011 1052503 1054006 1060608]",25, 13600075 6026,2018-02-01,78,0.36363636363636365,25,78
143,[140050 275596 313650 490112 600388 864494 885828 903640 957469],9, 4190175 19419902,2018-02-01,59,0.36363636363636365,9,59
144,[110899 425954 464331 903640 957469],5, 19419902 451,2018-02-01,59,0.36363636363636365,5,59
145,"[ 526400  610037  616565  749038  910665  913872  971440  979705  988692
  998545 1058591]",11, 13600075 6026,2018-02-01,59,0.36363636363636365,11,59
147,[ 100743  103371  164593  225166  314234  521883  525815  919731 1121384],9, 7587895 7445935,2018-05-01,78,0.45454545454545453,9,78
148,[348255 468837 471775 842240 963615],5, 7719715 6033,2018-05-01,78,0.45454545454545453,5,78
149,[113487 269244 348255 842240 963615],5, 7719715 7445935,2018-05-01,78,0.45454545454545453,5,78
150,[400722 416219 521883 563837 963615],5, 7892095 6033,2018-05-01,78,0.45454545454545453,5,78
151,[ 455008  584447  949836 1037646 1099219],5, 4190175 6026,2018-05-01,78,0.45454545454545453,5,78
152,[ 555714  798831  980801 1048011 1060608],5, 18064205 13600075,2018-05-01,78,0.45454545454545453,5,78
153,[ 416219  563837  797671  849812 1106911],5, 7892095 5401047,2018-05-01,78,0.45454545454545453,5,78
154,[ 468837  490024  505859  578639  584447  588730  911614 1001550],8, 8287519 6033,2018-05-01,78,0.45454545454545453,8,78
155,[ 117755  584447  745257  949836  980801 1037646],6, 4190175 19419902,2018-05-01,78,0.45454545454545453,6,78
156,[ 505859  578639  588730  911614 1001550],5, 8287519 5401047 6033,2018-05-01,78,0.45454545454545453,5,78
157,[ 584447  745257  842314  949836  980801 1105395],6, 3461030 19419902,2018-05-01,78,0.45454545454545453,6,78
158,[ 555714  849812 1014685 1048011 1060608],5, 6157591 13600075 6026,2018-05-01,78,0.45454545454545453,5,78
159,[455008 578639 584447 842314 949836 971894],6, 3461030 6026,2018-05-01,78,0.45454545454545453,6,78
160,[455008 578639 584447 842314 949836],5, 3461030 6033 6026,2018-05-01,78,0.45454545454545453,5,78
161,[363690 455008 584447 745257 949836 980801],6, 3461030 4190175,2018-05-01,78,0.45454545454545453,6,78
162,[113487 348255 464787 911614 963615 971686],6, 5450141 7445935,2018-05-01,78,0.45454545454545453,6,78
163,[ 348255  911614  963615  971686 1097861],5, 5450141 6033,2018-05-01,78,0.45454545454545453,5,78
164,[112633 269244 283502 464787 911614 963615],6, 7770415 7445935,2018-05-01,78,0.45454545454545453,6,78
165,[ 416219  468837  471775  505859  911614 1001550],6, 5461035 6033,2018-05-01,78,0.45454545454545453,6,78
166,[ 348255  416219  553832 1087572 1099331],5, 5462024 6033,2018-05-01,78,0.45454545454545453,5,78
167,[263913 364658 521931 849812 958732],5, 5401046 5401047,2018-05-01,78,0.45454545454545453,5,78
168,[ 555714  761107  849812 1014685 1048011 1060608],6, 6157591 6026,2018-05-01,78,0.45454545454545453,6,78
170,"[ 416219  418129  455008  468837  471775  505859  532337  553832  578639
  584447  719763  842240  842314  949836  963615  971686  993844 1097861]",18, 6033 6026,2018-05-01,78,0.45454545454545453,18,78
171,[400722 505859 578639 584447 719763],5, 6027 6033,2018-05-01,78,0.45454545454545453,5,78
172,"[103371 207287 241017 263913 348255 521883 521931 531392 553832 863993
 958732]",11, 5401046 7445935,2018-05-01,78,0.45454545454545453,11,78
173,[ 616225  616565  734723  998545 1058591 1089409],6, 6026 451,2018-05-01,59,0.45454545454545453,6,59
174,"[ 105293  110899  114666  118478  147589  149963  167694  187833  199984
  235297  235462  251568  270220  314647  368080  403445  425954  427096
  427250  432305  451363  459933  464331  573259  588437  602580  604098
  607784  612824  616689  739860  751640  903640  957469 1052581 1095891
 1106546]",37, 12520268 451,2018-05-01,59,0.45454545454545453,37,59
175,"[ 526400  567971  734723  860435  913872  979705  979729  988692  998545
 1040091 1058591 1099716 1101120 1152434]",14, 13600075 6026,2018-05-01,59,0.45454545454545453,14,59
176,[ 123777  199673  425954  445678  472871  903640 1071032],7, 4190175 19419902,2018-05-01,59,0.45454545454545453,7,59
177,[123777 144164 381294 598957 881061 914623],6, 3461030 19419902,2018-05-01,59,0.45454545454545453,6,59
178,[416219 505859 521931 532337 553832 842240 842314 963615 971686],9, 7445935 6026,2018-05-01,78,0.45454545454545453,9,78
179,[ 416219  468837  471775  578639  584447  993844 1097861],7, 6033 13600075 6026,2018-05-01,78,0.45454545454545453,7,78
180,"[281283 348255 416219 469829 505859 519887 521883 531392 532337 542073
 553832 563837 842240 842314 911614 916838 963615 971686]",18, 6033 7445935,2018-05-01,78,0.45454545454545453,18,78
181,[416219 505859 532337 553832 842240 842314 963615 971686],8, 6033 7445935 6026,2018-05-01,78,0.45454545454545453,8,78
182,"[ 363692  416219  468837  471775  519885  535929  536334  555714  578639
  584447  619437  752568  754776  849812  957240  989025  993844 1007975
 1008376 1014685 1036452 1037646 1045705 1047955 1048011 1060608 1082751
 1097861]",28, 13600075 6026,2018-05-01,78,0.45454545454545453,28,78
183,[ 416219  578639  619437  849812 1097861],5, 5401047 13600075 6026,2018-05-01,78,0.45454545454545453,5,78
184,"[225166 263913 281283 314234 416219 505859 519887 521931 563837 842314
 911614 916838 958732]",13, 5401047 7445935,2018-05-01,78,0.45454545454545453,13,78
185,"[ 281283  416219  505859  519887  563837  578639  588730  842314  911614
  916838 1001550 1097861 1099331]",13, 5401047 6033,2018-05-01,78,0.45454545454545453,13,78
186,[ 416219  505859  578639  842314 1097861],5, 5401047 6033 6026,2018-05-01,78,0.45454545454545453,5,78
187,[281283 416219 505859 519887 563837 842314 911614 916838],8, 5401047 6033 7445935,2018-05-01,78,0.45454545454545453,8,78
188,[ 548624  584447  761107  842314  949836 1037646],6, 19419902 6026,2018-05-01,78,0.45454545454545453,6,78
189,[ 540247  584447  847693  980801 1037646],5, 19419902 13600075,2018-05-01,78,0.45454545454545453,5,78
190,"[ 505859  519885  536334  555714  565366  578639  584447  610249  719763
  754685  971894  972937 1014685 1047955 1048011]",15, 6027 6026,2018-05-01,78,0.45454545454545453,15,78
191,[ 416219  505859  521931  578639  619437  842314  849812 1097861],8, 5401047 6026,2018-05-01,78,0.45454545454545453,8,78
192,[ 519885  536334  555714  578639  584447 1014685 1047955 1048011],8, 6027 13600075 6026,2018-05-01,78,0.45454545454545453,8,78
193,[416219 468837 520708 584447 824398 911614 972937],7, 6027 6033,2018-08-01,78,0.5454545454545454,7,78
194,[ 416219  468837  584447  754357  824398  993844 1034094 1037646],8, 6027 6026,2018-08-01,78,0.5454545454545454,8,78
196,[ 107493  263913  519885  552972  567649  984430 1043581],7, 7892095 5401046,2018-08-01,78,0.5454545454545454,7,78
197,"[ 107493  263913  397717  490024  550646  719763  966582  979497 1048518
 1097861]",10, 5401046 5401047,2018-08-01,78,0.5454545454545454,10,78
198,[ 400722  508618  519885  552972  849812  911665  963615 1180032 1181464],9, 7892095 6033,2018-08-01,78,0.5454545454545454,9,78
199,[263913 490024 550646 719763 966582],5, 5401046 5401047 7445935,2018-08-01,78,0.5454545454545454,5,78
200,[264552 505859 540247 543699 963615],5, 7719715 7445935,2018-08-01,78,0.5454545454545454,5,78
201,[ 490024  519885  552972  584447  719763 1097861],6, 5401046 6033,2018-08-01,78,0.5454545454545454,6,78
202,[107493 165690 263913 400722 508618 844499 886899],7, 7892095 5401047,2018-08-01,78,0.5454545454545454,7,78
203,[ 264552  505859  543699  963615 1072004],5, 7719715 5461017,2018-08-01,78,0.5454545454545454,5,78
204,[113425 145422 250022 263990 278763 382431 585878 737348],8, 583279 1073439,2018-08-01,78,0.5454545454545454,8,78
205,[505859 540247 584447 819872 963615],5, 5450142 7719715,2018-08-01,78,0.5454545454545454,5,78
206,[113487 263990 320316 465158 830201],5, 3461039 2850269,2018-08-01,78,0.5454545454545454,5,78
207,[249715 263990 540247 715341 963615],5, 5461018 7445935,2018-08-01,78,0.5454545454545454,5,78
208,[ 455008  490024  550646  619437  911614 1048518],6, 8287519 5401047,2018-08-01,78,0.5454545454545454,6,78
209,[ 490024  550646  584447  984430 1048518],5, 8287519 5401046,2018-08-01,78,0.5454545454545454,5,78
210,[584447 911614 971894 992218 993844],5, 3461030 6027,2018-08-01,78,0.5454545454545454,5,78
212,[ 399107  508618  584447  911665 1097861],5, 8125295 6033,2018-08-01,78,0.5454545454545454,5,78
213,[ 248633  263913  447204  490024  550646  719763  919731  966582 1041531],9, 5401046 7445935,2018-08-01,78,0.5454545454545454,9,78
215,[ 505859  584447  862846  963615  972937 1097861],6, 5450142 6033,2018-08-01,78,0.5454545454545454,6,78
216,[ 519885  584447  719763  979497 1097861],5, 5401046 6026,2018-08-01,78,0.5454545454545454,5,78
218,[ 614220  993844 1015043 1082751 1153425],5, 19419902 4190175 6026,2018-08-01,78,0.5454545454545454,5,78
219,[226621 263990 264552 468837 505859 543699 963615],7, 5461017 7445935,2018-08-01,78,0.5454545454545454,7,78
220,"[ 108938  114666  118478  127790  130532  133892  149963  162567  167694
  187833  199984  235297  235462  244827  270220  275782  288842  292347
  314647  351686  368080  370988  375021  389285  403445  423574  425954
  427096  427250  432305  438350  445481  449488  451363  464331  483533
  521982  523545  528367  573259  602580  604098  607784  612824  616689
  681522  739860  751640  758478  777319  903640  915181  957469  999796
 1042827 1061637 1095891 1103098 1106966 1163691 1167207 1167617 1168767
 1171591 1178295 1180356 1198352]",67, 12520268 451,2018-08-01,59,0.5454545454545454,67,59
221,[ 734723 1040091 1056623 1058591 1099079 1152434],6, 6026 451,2018-08-01,59,0.5454545454545454,6,59
222,"[ 734723  749038  860435  891917  979705  998545 1058591 1152434 1155422
 1162193 1179263]",11, 13600075 6026,2018-08-01,59,0.5454545454545454,11,59
223,[ 123777  539737  600388  798930  885828 1071032 1150527],7, 4190175 19419902,2018-08-01,59,0.5454545454545454,7,59
224,[104790 309153 363093 523273 998545],5, 18064205 3450014,2018-08-01,59,0.5454545454545454,5,59
225,[ 331511  475865  734723  791569 1152434],5, 3450013 3450011,2018-08-01,59,0.5454545454545454,5,59
226,[ 734723  901480 1152434 1155422 1173969],5, 6033 6026,2018-08-01,59,0.5454545454545454,5,59
227,[294115 363692 468837 471775 719763 737878 754357 824398 963615],9, 7445935 6026,2018-08-01,78,0.5454545454545454,9,78
228,"[ 471775  519469  519885  526399  614220  619437  719763  752568  754776
  754789  849812  979497  995513 1007975 1015043 1037646 1047955 1048011
 1082751 1113856 1153425 1174591]",22, 13600075 6026,2018-08-01,78,0.5454545454545454,22,78
229,"[ 294115  416219  428202  468837  471775  519885  584447  719763  737878
  772088  824398  849812  963615 1075356 1097861]",15, 6033 6026,2018-08-01,78,0.5454545454545454,15,78
230,[ 460228  505823  552846 1166148 1205586 1214239],6, 12520268 451,2018-08-01,62,0.5454545454545454,6,62
231,[294115 468837 471775 719763 737878 824398 963615],7, 6033 7445935 6026,2018-08-01,78,0.5454545454545454,7,78
232,[ 614220  893157  992218  993844 1015043 1082751 1153425 1172145],8, 19419902 4190175,2018-08-01,78,0.5454545454545454,8,78
233,"[294115 399107 468837 471775 490024 505859 518902 519887 520708 521894
 545984 563837 715341 719763 737878 824398 963615]",17, 6033 7445935,2018-08-01,78,0.5454545454545454,17,78
234,[ 519885  614220  993844 1014685 1015043 1048011 1075356 1082751 1153425],9, 19419902 6026,2018-08-01,78,0.5454545454545454,9,78
235,[ 416219  614220  993844 1015043 1082751 1153425],6, 4190175 6026,2018-08-01,78,0.5454545454545454,6,78
236,[294115 399107 471775 490024 518902 520708 545984 715341 719763 824398],10, 5401047 6033 7445935,2018-08-01,78,0.5454545454545454,10,78
237,[ 519885  614220 1015043 1048011 1082751 1153425],6, 19419902 13600075 6026,2018-08-01,78,0.5454545454545454,6,78
238,"[ 294115  399107  400722  455008  471775  490024  496094  508618  518902
  520708  545984  715341  719763  824398  911614 1097861]",16, 5401047 6033,2018-08-01,78,0.5454545454545454,16,78
239,[294115 363692 471775 719763 824398],5, 5401047 7445935 6026,2018-08-01,78,0.5454545454545454,5,78
240,"[143238 263913 294115 363692 399107 471775 490024 518902 520708 540247
 545984 550646 563483 715341 719763 824398 916245 966582]",18, 5401047 7445935,2018-08-01,78,0.5454545454545454,18,78
241,[ 294115  363692  471775  619437  719763  824398  979497 1097861],8, 5401047 6026,2018-08-01,78,0.5454545454545454,8,78
242,[ 294115  471775  719763  824398 1097861],5, 5401047 6033 6026,2018-08-01,78,0.5454545454545454,5,78
243,[545984 719763 772088 963615 988614],5, 6033 6026,2018-11-01,78,0.6363636363636364,5,78
245,[ 555714  584447  989025 1007975 1015043],5, 6027 6026,2018-11-01,78,0.6363636363636364,5,78
246,[ 158639  556301  686138  913464 1121384],5, 7587895 7445935,2018-11-01,78,0.6363636363636364,5,78
247,[ 263913  294115  326485  913464  916245 1179385],6, 5401047 7445935,2018-11-01,78,0.6363636363636364,6,78
249,[ 242913  263913  529805  963615 1121384],5, 7892095 7445935,2018-11-01,78,0.6363636363636364,5,78
250,[ 294115  518911  545984  963615  988614 1179385],6, 6033 7445935,2018-11-01,78,0.6363636363636364,6,78
252,[ 103977  112044  123777  179750  376762  622371  636458  998545 1071032],9, 4190175 19419902,2018-11-01,59,0.6363636363636364,9,59
253,"[ 156634  205109  460228  552846  603391  731934  746930 1166148 1186493
 1205586 1214239]",11, 12520268 451,2018-11-01,62,0.6363636363636364,11,62
255,[ 616225  734723  998545 1071032 1155422],5, 3450011 4190175,2018-11-01,59,0.6363636363636364,5,59
256,[ 616225  734723  998545 1155422 1173969],5, 6033 4190175,2018-11-01,59,0.6363636363636364,5,59
257,[ 734723  979705  988692 1162193 1179263],5, 6033 13600075 6026,2018-11-01,59,0.6363636363636364,5,59
258,[ 616225  734723  979705  988692  998545 1162193 1173969 1179263],8, 6033 6026,2018-11-01,59,0.6363636363636364,8,59
259,"[ 107030  108938  110899  114666  118478  127790  133892  149963  154300
  161394  187833  199984  235297  235462  244827  251568  270220  275782
  292347  314647  368080  403445  421137  425954  427096  427250  438350
  449529  451363  464331  483533  521982  523545  567220  602580  604098
  607784  612824  616689  739860  751640  786504  903640  915181  943482
  957469  999796 1061637 1095891 1163691 1167207 1168767 1171591 1180756
 1196697 1198352 1221607 1234306 1236675 1237802]",60, 12520268 451,2018-11-01,59,0.6363636363636364,60,59
260,"[ 528700  555714  584447  622027  989025 1007975 1014685 1034094 1036452
 1047955 1048011 1082751]",12, 13600075 6026,2018-11-01,78,0.6363636363636364,12,78
261,[ 468837  526399  540247  862846 1179385 1211526 1241616],7, 5450142 7445935,2019-02-01,78,0.7272727272727273,7,78
262,[ 164593  314234  499566  521885 1121384],5, 7587895 7445935,2019-02-01,78,0.7272727272727273,5,78
263,[156096 201584 245887 263990 326603 468837 526399 545984 751399 963615],10, 7770415 7445935,2019-02-01,78,0.7272727272727273,10,78
264,[326603 332928 468837 526399 545984 963615],6, 7770415 5461017,2019-02-01,78,0.7272727272727273,6,78
265,[ 349380  397717  469793  516496 1179385],5, 5461035 5401047,2019-02-01,78,0.7272727272727273,5,78
267,[ 519885  521191  528700  555714 1034094],5, 6027 6026,2019-02-01,78,0.7272727272727273,5,78
269,[326603 468837 526399 545984 963615],5, 7770415 5461017 7445935,2019-02-01,78,0.7272727272727273,5,78
270,[263990 397717 447204 469793 491449 535929 863993 971894],8, 5401047 5401046,2019-02-01,78,0.7272727272727273,8,78
271,[ 567971  734723  779524  988692  998545 1180366],6, 13600075 6026,2019-02-01,59,0.7272727272727273,6,59
272,[113487 241017 263990 268854 535929 548624 984430],7, 5401046 7445935,2019-02-01,78,0.7272727272727273,7,78
273,[314234 326603 468837 497696 526399 545984 727418 963615],8, 5461017 7445935,2019-02-01,78,0.7272727272727273,8,78
274,[ 519885  555714  735292  761107  924254 1007975 1014685 1082751],8, 13600075 6026,2019-02-01,78,0.7272727272727273,8,78
276,"[ 133070  156634  205109  329014  429595  437007  460228  505823  552846
  603391 1166148 1205586]",12, 451 12520268,2019-02-01,62,0.7272727272727273,12,62
277,[ 123777  608651  866455  903640  957469 1071032],6, 4190175 19419902,2019-02-01,59,0.7272727272727273,6,59
278,[123777 187833 210939 903640 957469],5, 4190175 12520268,2019-02-01,59,0.7272727272727273,5,59
279,[ 123777  270220  903640  957469 1061637],5, 19419902 12520268,2019-02-01,59,0.7272727272727273,5,59
280,"[ 107030  108938  110899  114666  118478  127790  133113  133892  187833
  199984  206396  235297  244827  270220  275782  292347  314647  355050
  363093  368080  370988  400880  403445  421137  425954  427096  427250
  438350  464331  483533  554673  573259  588437  602580  604098  607784
  612824  616689  681522  739860  751640  838190  903640  915181  957469
  999796 1061637 1095891 1103098 1163691 1167207 1167617 1168767 1171591
 1180756 1198352 1218881 1236675 1237802 1239872]",60, 451 12520268,2019-02-01,59,0.7272727272727273,60,59
281,"[ 263990  294115  349380  516496  535929  545984  556301  564592  715341
  842314 1179385 1211526]",12, 5401047 7445935,2019-02-01,78,0.7272727272727273,12,78
282,[ 348255  349380  654138  911614 1121384],5, 7587895 7445935,2019-05-01,78,0.8181818181818182,5,78
283,[ 112633  241593  342631  658850  719763  727418  963615 1001550],8, 7770415 7445935,2019-05-01,78,0.8181818181818182,8,78
284,[ 153963  576327  719763  911614 1179385],5, 5450142 7445935,2019-05-01,78,0.8181818181818182,5,78
285,[ 112039  112633  364658  394148 1014685 1088642],6, 5401046 5401047,2019-05-01,78,0.8181818181818182,6,78
286,[ 112633  156096  294115  416219  535047  576327  916245 1152114 1179385],9, 5401047 7445935,2019-05-01,78,0.8181818181818182,9,78
287,[ 453037  471775  552972 1014685 1034094 1054006 1171502],7, 13600075 6026,2019-05-01,78,0.8181818181818182,7,78
288,[ 112633  263913  281283  348255  383508  469829  518911 1001366],8, 5401046 7445935,2019-05-01,78,0.8181818181818182,8,78
290,"[ 133070  156634  336730  373743  460228  505823  552846  619193 1166148
 1186493 1205586]",11, 451 12520268,2019-05-01,62,0.8181818181818182,11,62
291,[ 693691  733681  988692  994488 1058591 1099079 1235206],7, 13600075 6026,2019-05-01,59,0.8181818181818182,7,59
292,[ 123777  518892  532366  556852  622371  836943 1071032],7, 3401043 3401042,2019-05-01,59,0.8181818181818182,7,59
293,"[ 107030  108938  110899  114666  118478  127790  133113  133892  187833
  199984  235297  244827  270220  292347  314647  351686  357025  368080
  403445  421137  425954  427096  427250  438350  464331  483533  523545
  554673  588437  602580  612824  616689  681522  739860  751640  758478
  786504  838190  915181  957469  999796 1042827 1061637 1095891 1163691
 1167207 1167617 1168767 1171591 1189196 1198352 1229524 1235206 1237802]",54, 12520268 451,2019-05-01,59,0.8181818181818182,54,59
296,[ 174204  576327  911614  971894 1179385],5, 5450142 5461035,2019-08-01,78,0.9090909090909091,5,78
297,[ 168079  209458  294115  307921  531947  564710  586731 1163180],8, 3401043 3401042,2019-08-01,78,0.9090909090909091,8,78
298,[ 455008  516496  576327  715341 1179385],5, 5461035 5401047,2019-08-01,78,0.9090909090909091,5,78
299,[ 158639  576327  715341  911614 1179385],5, 5461035 7445935,2019-08-01,78,0.9090909090909091,5,78
300,"[ 156096  294115  400722  416219  421070  518902  540247  547386  576327
  715341  916245 1179385]",12, 5401047 7445935,2019-08-01,78,0.9090909090909091,12,78
302,[ 291659  294115  305499  428820  456892  963615 1090134],7, 5461017 7445935,2019-08-01,78,0.9090909090909091,7,78
303,"[ 156634  336730  375338  403184  460228  552846  555432  603391  749584
 1205586]",10, 12520268 451,2019-08-01,62,0.9090909090909091,10,62
304,[ 127790  372970  501817  602580  876409 1045083 1071032 1124356 1180366],9, 3401042 3401043,2019-08-01,59,0.9090909090909091,9,59
305,[ 127790  483161  602580  915181 1061637 1167207],6, 3401043 12520268,2019-08-01,59,0.9090909090909091,6,59
306,"[ 107030  108938  110899  114666  118478  127790  133892  149963  187833
  235297  242171  244827  270220  275782  292347  314647  351686  403445
  418965  421137  425954  427096  427250  445481  464331  483533  523545
  528367  588437  602580  612824  616689  681522  739860  751640  838190
  957469 1037526 1061637 1095891 1163691 1167207 1167617 1168767 1171591
 1198352 1236675 1237802]",48, 12520268 451,2019-08-01,59,0.9090909090909091,48,59
307,[209458 294115 521183 576327 586731],5, 3461030 3401042,2019-08-01,78,0.9090909090909091,5,78
308,[ 294115  468396  518911  576327  933731  958732 1097861],7, 5401046 7445935,2019-08-01,78,0.9090909090909091,7,78
309,[291659 305499 518902 576327 843087],5, 5461018 7445935,2019-08-01,78,0.9090909090909091,5,78
