,user_ids,support,itemsets,period,property_values,depth,size,SEX,itemset_name
0,"[102532, 102746, 105843, 107030, 113797, 114932, 120286, 121128, 121408, 127725, 132519, 141601, 144205, 152797, 158972, 159219, 162167, 162754, 188588, 194668, 216808, 221900, 223786, 224478, 225009, 242618, 245092, 252505, 258533, 271265, 273267, 281377, 291752, 295084, 295601, 295941, 298935, 300136, 309563, 318075, 320843, 325302, 332286, 341101, 344797, 349219, 350768, 355809, 357674, 357820, 377365, 378200, 385660, 399468, 400253, 401082, 401419, 404019, 408216, 410397, 416080, 419136, 422151, 425263, 426807, 430886, 449529, 470805, 473263, 476566, 483211, 486197, 495206, 495684, 499127, 499303, 499991, 502695, 523818, 554521, 560485, 561560, 561915, 567321, 574048, 575523, 578786, 580256, 584126, 591109, 594278, 600407, 609497, 612824, 618347, 637113, 662382, 672310, 688008, 711978, 760359, 794690, 824022, 834357, 844897, 846301, 847910, 872222, 875487, 881662, 881754, 882335, 899788, 904772, 918942, 965178, 974417, 988004, 990333, 997149, 999970, 1007022, 1017619, 1033381, 1033497, 1035277, 1039714, 1063343, 1075480, 1081716, 1085236, 1085639, 1087105, 1099695, 1164229, 1192948, 1210145, 1215832, 1226863]",139, 4112,2019-01-02,M,0.0,139,M,['LAVAGE CLU']
1,"[101392, 102917, 116566, 123949, 125615, 141177, 144205, 152266, 157047, 160433, 171799, 181027, 182238, 188551, 189637, 197039, 204301, 209608, 213322, 220829, 226924, 252704, 262086, 276634, 281971, 284573, 298742, 300473, 303696, 327994, 332068, 341341, 343312, 343449, 349622, 372638, 388801, 404281, 407237, 421796, 422151, 422458, 434444, 435091, 439087, 458921, 462924, 463550, 471461, 473077, 474879, 475803, 476702, 477692, 482699, 493937, 508101, 517784, 519137, 519261, 537872, 541286, 568859, 590237, 594666, 595081, 600624, 616278, 618347, 626163, 648052, 684785, 741484, 743419, 748989, 779663, 794690, 805459, 829256, 829305, 832235, 840183, 860385, 867567, 881662, 893132, 897112, 934224, 976383, 999970, 1039714, 1075341, 1100334, 1107636, 1110941, 1121072, 1158947, 1160568, 1178842, 1210145, 1221377, 1228789, 1232358, 1242917]",104, 4125,2019-01-02,M,0.0,104,M,['RECHARGE LAVAGE TW - A']
2,"[144205, 422151, 618347, 794690, 881662, 999970, 1039714, 1210145]",8, 4125 4112,2019-01-02,M,0.0,8,M,"['RECHARGE LAVAGE TW - A', 'LAVAGE CLU']"
3,"[101389, 109498, 112511, 126059, 128523, 131516, 134631, 136067, 151252, 156644, 183417, 188588, 193056, 197201, 197718, 209659, 211111, 229711, 236734, 239503, 260525, 261240, 261918, 264927, 266177, 281256, 283792, 288366, 288685, 291806, 293965, 295941, 298450, 299637, 305264, 305678, 306100, 325241, 327610, 335156, 340311, 340456, 352527, 362768, 365174, 394624, 400905, 406484, 414193, 443552, 450524, 452331, 454083, 470065, 479553, 495684, 498969, 508067, 540234, 540861, 541273, 547651, 557541, 563064, 565022, 591109, 591897, 592510, 593459, 600407, 604625, 606450, 609497, 623127, 656513, 668724, 703448, 705461, 827039, 834357, 836943, 873063, 888861, 896576, 897112, 966233, 991052, 995709, 1033497, 1039714, 1086227, 1092742, 1107968, 1120037, 1133555, 1212485, 1224008, 1228845, 1231035]",99, 4126,2019-01-02,M,0.0,99,M,['RECHARGE LAVAGE']
4,"[188588, 295941, 495684, 591109, 600407, 609497, 834357, 1033497, 1039714]",9, 4126 4112,2019-01-02,M,0.0,9,M,"['RECHARGE LAVAGE', 'LAVAGE CLU']"
5,"[897112, 1039714]",2, 4126 4125,2019-01-02,M,0.0,2,M,"['RECHARGE LAVAGE', 'RECHARGE LAVAGE TW - A']"
6,"[103914, 107030, 114666, 127760, 127790, 130181, 133892, 154300, 178797, 191304, 203921, 224585, 235297, 244827, 251568, 266488, 267798, 270220, 289246, 292347, 313112, 326598, 345108, 353175, 365174, 368080, 375197, 376802, 395023, 403184, 403445, 423574, 445481, 449529, 470564, 485938, 505613, 519059, 524777, 552846, 567220, 574836, 598520, 604098, 612824, 615164, 616689, 733876, 734723, 738639, 739860, 764017, 787610, 822198, 895649, 903640, 957469, 998703, 1095891, 1097548, 1099347, 1166148, 1168767, 1173625, 1175223, 1177879, 1202494, 1218364, 1234374]",69, 163,2019-01-02,M,0.0,69,M,['product-451']
7,"[107030, 449529, 612824]",3, 163 4112,2019-01-02,M,0.0,3,M,"['product-451', 'LAVAGE CLU']"
8,"[109054, 114666, 118478, 127790, 146208, 235297, 244827, 251568, 270220, 275782, 292347, 308992, 329014, 368080, 378200, 403445, 442885, 449529, 453193, 489993, 552846, 567220, 594666, 603391, 612824, 616689, 739860, 957469, 1095891, 1166148, 1167207, 1168767, 1180756, 1196697, 1205586, 1206265, 1214239]",37, 1538,2019-01-02,M,0.0,37,M,['RECHARGE CAFÉ CLUB 2\x80']
9,"[378200, 449529, 612824]",3, 1538 4112,2019-01-02,M,0.0,3,M,"['RECHARGE CAFÉ CLUB 2\x80', 'LAVAGE CLU']"
10,"[114666, 127790, 235297, 244827, 251568, 270220, 292347, 368080, 403445, 449529, 552846, 567220, 612824, 616689, 739860, 957469, 1095891, 1166148, 1168767]",19, 1538 163,2019-01-02,M,0.0,19,M,"['RECHARGE CAFÉ CLUB 2\x80', 'product-451']"
11,"[449529, 612824]",2, 1538 163 4112,2019-01-02,M,0.0,2,M,"['RECHARGE CAFÉ CLUB 2\x80', 'product-451', 'LAVAGE CLU']"
12,"[107966, 131514, 170729, 185699, 194125, 247515, 256648, 265419, 284372, 303121, 349536, 357674, 401082, 445108, 446878, 495206, 552846, 556657, 568454, 576975, 580153, 794248, 1060752, 1162320]",24, 2368,2019-01-02,M,0.0,24,M,['EVIAN 50CL']
13,"[357674, 401082, 495206]",3, 2368 4112,2019-01-02,M,0.0,3,M,"['EVIAN 50CL', 'LAVAGE CLU']"
14,"[105047, 113794, 165402, 197039, 201118, 211111, 251141, 326190, 390100, 392937, 397316, 482699, 537489, 539054, 541273, 633637, 680679, 756073, 798831, 882335, 912261, 1023819, 1049074, 1089824, 1163690]",25, 2946,2019-01-02,M,0.0,25,M,['TW  LAVE GLACE']
15,"[197039, 482699]",2, 2946 4125,2019-01-02,M,0.0,2,M,"['TW  LAVE GLACE', 'RECHARGE LAVAGE TW - A']"
16,"[211111, 541273]",2, 2946 4126,2019-01-02,M,0.0,2,M,"['TW  LAVE GLACE', 'RECHARGE LAVAGE']"
17,"[106939, 120286, 140093, 284050, 311714, 340329, 355203, 376513, 499991, 643718, 717565, 738149, 778698, 845718, 1009163, 1023595, 1023819, 1051361, 1056258, 1067487, 1189972, 1215438]",22, 4074,2019-01-02,M,0.0,22,M,['BIDON AD BLUE 10L']
18,"[120286, 499991]",2, 4074 4112,2019-01-02,M,0.0,2,M,"['BIDON AD BLUE 10L', 'LAVAGE CLU']"
19,"[105892, 224472, 232159, 271497, 310914, 374511, 386301, 475803, 477056, 481682, 483161, 499147, 516884, 591473, 594666, 837799, 841186, 863803, 1085603]",19, 2968,2019-01-02,M,0.0,19,M,['TW 10 LINGUETTE']
20,"[475803, 594666]",2, 2968 4125,2019-01-02,M,0.0,2,M,"['TW 10 LINGUETTE', 'RECHARGE LAVAGE TW - A']"
21,"[531053, 555714, 616225, 995860, 1014685, 1036452, 1037646, 1047955, 1052503, 1082751, 1161856, 1162191, 1179263]",13, 263,2019-01-02,M,0.0,13,M,['REMISE BUS AUTOROUTE 9\x80']
22,"[198443, 327452, 362058, 440622, 460805, 465370, 477056, 477935, 528869, 580256, 643718, 949285, 977658, 1091502, 1105858, 1207885]",16, 4127,2019-01-02,M,0.0,16,M,['REC LAVAGE PJE  20 U']
23,"[105047, 179988, 343449, 410397, 541286, 585301, 864345, 877469, 1039138, 1045493, 1102967, 1191389]",12, 2975,2019-01-02,M,0.0,12,M,['TW LAVE GLACE DEG. 4L']
24,"[343449, 541286]",2, 2975 4125,2019-01-02,M,0.0,2,M,"['TW LAVE GLACE DEG. 4L', 'RECHARGE LAVAGE TW - A']"
25,"[209598, 249382, 253255, 320242, 341101, 348948, 350965, 357820, 867784, 890276, 980566, 1050089, 1219628]",13, 4136,2019-01-02,M,0.0,13,M,['RECHARGE LAVAGE TW - D']
26,"[341101, 357820]",2, 4136 4112,2019-01-02,M,0.0,2,M,"['RECHARGE LAVAGE TW - D', 'LAVAGE CLU']"
27,"[120286, 266177, 302619, 374511, 476566, 519261, 552770, 662382, 701121, 949285, 983147, 1162191]",12, 2369,2019-01-02,M,0.0,12,M,['EVIAN 1L PET*']
28,"[120286, 476566, 662382]",3, 2369 4112,2019-01-02,M,0.0,3,M,"['EVIAN 1L PET*', 'LAVAGE CLU']"
29,"[120248, 121128, 249904, 310920, 452425, 475440, 677165, 953870, 975853, 1122369]",10, 4132,2019-01-02,M,0.0,10,M,['LAVAGE 3 PLEIN']
30,"[602997, 717234, 1162191]",3, 6969,2019-01-02,M,0.0,3,M,['RED BULL BTE 25CL']
31,"[307210, 416623, 664258, 798831, 979705, 995860, 1047955, 1082751, 1179263]",9, 1547,2019-01-02,M,0.0,9,M,['SAC BOUTIQUE KRAFT']
32,"[995860, 1047955, 1082751, 1179263]",4, 1547 263,2019-01-02,M,0.0,4,M,"['SAC BOUTIQUE KRAFT', 'REMISE BUS AUTOROUTE 9\x80']"
33,"[998545, 1179263]",2, 891,2019-01-02,M,0.0,2,M,['product-5401047']
34,"[123777, 357674, 624828, 626162, 1192299]",5, 1622,2019-01-02,M,0.0,5,M,['CR PAIN AU CHOCOLAT']
35,"[121128, 123777, 128859, 183417, 291752, 484120]",6, 1697,2019-01-02,M,0.0,6,M,['ROCHER LAIT 35G']
36,"[121128, 291752]",2, 1697 4112,2019-01-02,M,0.0,2,M,"['ROCHER LAIT 35G', 'LAVAGE CLU']"
37,"[458836, 502695, 594535, 1092457]",4, 1912,2019-01-02,M,0.0,4,M,['product-210224086']
38,"[127136, 134917, 288466, 312931, 331420, 371866, 642835, 1030971]",8, 4129,2019-01-02,M,0.0,8,M,['REC LAVAGE PJE']
39,"[230124, 626163, 975853, 1105168]",4, 4130,2019-01-02,M,0.0,4,M,['ASPIRATEUR']
40,"[162167, 509007, 541286, 1039138]",4, 2139,2019-01-02,M,0.0,4,M,['TW DEGIVRANT 40']
41,"[541286, 1039138]",2, 2139 2975,2019-01-02,M,0.0,2,M,"['TW DEGIVRANT 40', 'TW LAVE GLACE DEG. 4L']"
42,"[252324, 252704, 594535]",3, 2565,2019-01-02,M,0.0,3,M,['PETIT SUISSE AM']
43,"[454538, 596217, 983577, 992218, 1036452, 1060752]",6, 2797,2019-01-02,M,0.0,6,M,['COCA COLA 50CL PET']
44,"[156121, 191307, 314138, 815181, 1238501]",5, 4131,2019-01-02,M,0.0,5,M,['LAVAGE 2 PLEIN TARIF']
45,"[268921, 276275, 331214, 468288]",4, 228,2019-01-02,M,0.0,4,M,['product-1505']
46,"[901480, 963615, 1049074, 1166433, 1179263]",5, 431,2019-01-02,M,0.0,5,M,['CAFE EXPRESSO']
47,"[262565, 420269, 557128, 945490, 1012250, 1231420]",6, 1531,2019-01-02,M,0.0,6,M,['product-12520039']
48,"[477565, 669786, 976256, 983577, 1179263]",5, 1776,2019-01-02,M,0.0,5,M,"[""NOUGATTI COTE D'OR 30G""]"
49,"[152995, 557128, 596217, 995860]",4, 6723,2019-01-02,M,0.0,4,M,['SAN PELLEGRINO  50CL']
50,"[335400, 1075480]",2, 6796,2019-01-02,M,0.0,2,M,['CHUPA CHUPS  UN']
51,"[114932, 224478, 242913, 526778, 1107928]",5, 2363,2019-01-02,M,0.0,5,M,"['EVIAN 1,5L']"
52,"[114932, 224478]",2, 2363 4112,2019-01-02,M,0.0,2,M,"['EVIAN 1,5L', 'LAVAGE CLU']"
53,"[345803, 575042, 979705, 997163]",4, 3510,2019-01-02,M,0.0,4,M,['CRISTALINE 1.5L']
54,"[102532, 111432, 156121, 1097548, 1160568]",5, 4099,2019-01-02,M,0.0,5,M,['LAVAGE 1 PLEIN']
55,"[305516, 508445, 773826, 1102967, 1192197]",5, 4128,2019-01-02,M,0.0,5,M,['REC LAVAGE PJE 35U']
56,"[519469, 596217, 963615, 992218]",4, 4144,2019-01-02,M,0.0,4,M,['BUS AUTOROUTE']
57,"[596217, 992218]",2, 4144 2797,2019-01-02,M,0.0,2,M,"['BUS AUTOROUTE', 'COCA COLA 50CL PET']"
58,"[296286, 950781, 995860]",3, 5941,2019-01-02,M,0.0,3,M,['COCA COLA SLIM']
59,"[144811, 331214, 433073]",3, 57,2019-01-02,M,0.0,3,M,['product-100']
60,"[153731, 280156, 306257, 344329]",4, 1533,2019-01-02,M,0.0,4,M,['product-12520053']
61,"[217797, 339977, 447576, 594866]",4, 1707,2019-01-02,M,0.0,4,M,['BOUNTY CHOC LAIT 57G']
62,"[454538, 819320, 881754]",3, 1855,2019-01-02,M,0.0,3,M,['CR SANDWICH CLASSIC']
63,"[280850, 385630, 590237, 1170827]",4, 2180,2019-01-02,M,0.0,4,M,['ADBLUE BIDON 5L']
64,"[531053, 734723, 1082751]",3, 4439,2019-01-02,M,0.0,3,M,['product-3502110009449']
65,"[531053, 1082751]",2, 4439 263,2019-01-02,M,0.0,2,M,"['product-3502110009449', 'REMISE BUS AUTOROUTE 9\x80']"
66,"[217797, 339977, 594866]",3, 5631 1707,2019-01-02,M,0.0,3,M,"['TWIX 50G', 'BOUNTY CHOC LAIT 57G']"
67,"[1052503, 1158336, 1164616]",3, 5852,2019-01-02,M,0.0,3,M,['product-5410221506604']
68,"[880018, 1158336]",2, 6382,2019-01-02,M,0.0,2,M,['MILKA PEANUTS C']
69,"[560559, 1166433, 1179263]",3, 1388,2019-01-02,M,0.0,3,M,['BD FLAN NATURE']
70,"[1166433, 1179263]",2, 1388 431,2019-01-02,M,0.0,2,M,"['BD FLAN NATURE', 'CAFE EXPRESSO']"
71,"[560559, 1049074, 1246442]",3, 1391,2019-01-02,M,0.0,3,M,['BD TARTELETTE A']
72,"[560559, 1049074]",2, 1391 1120,2019-01-02,M,0.0,2,M,"['BD TARTELETTE A', 'BD VITTEL PET 5']"
73,"[560559, 1246442]",2, 1391 1133,2019-01-02,M,0.0,2,M,"['BD TARTELETTE A', 'product-5461033']"
74,"[291752, 519469, 1059033]",3, 1698,2019-01-02,M,0.0,3,M,['ROCHER NOIR 35G']
75,"[152370, 217797, 477565]",3, 1703,2019-01-02,M,0.0,3,M,['KIT KAT 45G']
76,"[152370, 594866, 1178623]",3, 1785,2019-01-02,M,0.0,3,M,['KINDER BUENO LAIT 43G']
77,"[147896, 496467, 869065]",3, 1797,2019-01-02,M,0.0,3,M,['MENTOS BOT P.FRESH M 60G']
78,"[176862, 724438]",2, 1825 389,2019-01-02,M,0.0,2,M,"['MALBORO', 'MARLBORO']"
79,"[195260, 357674, 774184]",3, 1862,2019-01-02,M,0.0,3,M,['CR CAFE DOUBLE']
80,"[236734, 325241, 1008326]",3, 2134,2019-01-02,M,0.0,3,M,['TW  LAVE GLACE H 4L']
81,"[236734, 325241]",2, 2134 4126,2019-01-02,M,0.0,2,M,"['TW  LAVE GLACE H 4L', 'RECHARGE LAVAGE']"
82,"[307210, 590237, 602707]",3, 2362,2019-01-02,M,0.0,3,M,['EVIAN FREERIDE 75 CL']
83,"[167428, 798156, 880605]",3, 2367,2019-01-02,M,0.0,3,M,['BADOIT CTR VERT 50CL']
84,"[798831, 827281, 1082751]",3, 2440,2019-01-02,M,0.0,3,M,['FOL EPI 7TR 150G']
85,"[798831, 1082751]",2, 2440 1547,2019-01-02,M,0.0,2,M,"['FOL EPI 7TR 150G', 'SAC BOUTIQUE KRAFT']"
86,"[357674, 447576, 1052503]",3, 2756,2019-01-02,M,0.0,3,M,"[""CHIPS LAY'S BBQ 75G""]"
87,"[1014685, 1052503]",2, 2884 263,2019-01-02,M,0.0,2,M,"['product-3187670002347', 'REMISE BUS AUTOROUTE 9\x80']"
88,"[171711, 864345, 1059033]",3, 2976,2019-01-02,M,0.0,3,M,['product-3217770314238']
89,"[979705, 1036452, 1179263]",3, 3261,2019-01-02,M,0.0,3,M,['FUSILLI FROMAGE 300G']
90,"[1036452, 1179263]",2, 3261 263,2019-01-02,M,0.0,2,M,"['FUSILLI FROMAGE 300G', 'REMISE BUS AUTOROUTE 9\x80']"
91,"[979705, 1179263]",2, 3261 1547,2019-01-02,M,0.0,2,M,"['FUSILLI FROMAGE 300G', 'SAC BOUTIQUE KRAFT']"
92,"[602997, 688065, 1000572]",3, 3509,2019-01-02,M,0.0,3,M,['CRISTALINE 50CL']
93,"[664258, 881754]",2, 3559,2019-01-02,M,0.0,2,M,['MAXI PAIN AU CHOC 75G']
94,"[272549, 317641, 371575]",3, 4103,2019-01-02,M,0.0,3,M,['LAVAGE 5 PLEIN']
95,"[195024, 224522, 546634]",3, 4104,2019-01-02,M,0.0,3,M,['LAVAGE 6 PLEIN TARIF']
96,"[1105168, 1156576]",2, 4135,2019-01-02,M,0.0,2,M,['LAVAGE HP']
97,"[126124, 280850, 1163442]",3, 4137,2019-01-02,M,0.0,3,M,['REC LAVAGE PJE 97 U']
98,"[521885, 774184, 963615]",3, 4145,2019-01-02,M,0.0,3,M,['BUS AUTOROUTE R']
99,"[732056, 798831]",2, 4303,2019-01-02,M,0.0,2,M,['MINI STICKS ROQUEFORT&NOIX 100G']
100,"[117669, 832293, 976256]",3, 4539,2019-01-02,M,0.0,3,M,['STOPTOU REGLISS']
101,"[152370, 217797, 950781]",3, 5470,2019-01-02,M,0.0,3,M,['KIT KAT CHUNKY']
102,"[152370, 217797]",2, 5470 1703,2019-01-02,M,0.0,2,M,"['KIT KAT CHUNKY', 'KIT KAT 45G']"
103,"[339977, 1057511]",2, 5625,2019-01-02,M,0.0,2,M,['MARS  51G']
104,"[305419, 623127]",2, 5640,2019-01-02,M,0.0,2,M,"[""M & M'S 330G""]"
105,"[128859, 344220, 357674]",3, 5752,2019-01-02,M,0.0,3,M,['PRINGLES ORIGIN']
106,"[529602, 584126]",2, 6336,2019-01-02,M,0.0,2,M,['PETIT ECOL.CHOC.LT']
107,"[394148, 1037646]",2, 6729,2019-01-02,M,0.0,2,M,['SAN .PELLEGRINO LIMONATA 33CL']
108,"[1161081, 1218664]",2, 1,2019-01-02,M,0.0,2,M,['product-1']
109,"[230124, 331214]",2, 204,2019-01-02,M,0.0,2,M,['product-750']
110,"[124464, 348101]",2, 285,2019-01-02,M,0.0,2,M,['product-19378']
111,"[338009, 626162]",2, 395,2019-01-02,M,0.0,2,M,['product-1086837']
112,"[405901, 819320]",2, 500,2019-01-02,M,0.0,2,M,['CR TARTE PISTAC']
113,"[405901, 496467]",2, 699,2019-01-02,M,0.0,2,M,['product-3461039']
114,"[930235, 1086750]",2, 720,2019-01-02,M,0.0,2,M,['CR COOKIE CHOCOLAT LAIT 103 GR']
115,"[195260, 624828]",2, 721,2019-01-02,M,0.0,2,M,['BD. PAIN CHOCOLAT PAC']
116,"[362894, 560559]",2, 1063,2019-01-02,M,0.0,2,M,['product-5450126']
117,"[176862, 242913]",2, 1738,2019-01-02,M,0.0,2,M,['CR CAFE EXPRESSO']
118,"[310155, 1196227]",2, 1915,2019-01-02,M,0.0,2,M,['product-270920141']
119,"[416623, 1179263]",2, 2220 1547,2019-01-02,M,0.0,2,M,"['MIKADO LAIT 75G', 'SAC BOUTIQUE KRAFT']"
120,"[442439, 664258]",2, 2249,2019-01-02,M,0.0,2,M,['GALETTES ST MICHEL 130 G']
121,"[734723, 963615]",2, 2284,2019-01-02,M,0.0,2,M,['LINDT EXCELLENC']
122,"[442439, 881754]",2, 2326,2019-01-02,M,0.0,2,M,"['VOLVIC TCHE FRT.CITRON 1,5L']"
123,"[1100334, 1203926]",2, 2643,2019-01-02,M,0.0,2,M,['OASIS TROPICAL']
124,"[167428, 992218]",2, 2754,2019-01-02,M,0.0,2,M,"[""CHIPS LAY'S BBQ""]"
125,"[890211, 1025285]",2, 2826,2019-01-02,M,0.0,2,M,['PETITS MUFFINS']
126,"[444898, 952642]",2, 2851,2019-01-02,M,0.0,2,M,['MADELEINES ST M. 250G']
127,"[876768, 1050089]",2, 2899,2019-01-02,M,0.0,2,M,['TW NET. JANTES SURPUISSANT 500ML']
128,"[253255, 876768]",2, 2901,2019-01-02,M,0.0,2,M,['TW DEMOUST ANTI 500ML']
129,"[1075480, 1085603]",2, 2919,2019-01-02,M,0.0,2,M,['TW MICROFIBRE VITRES']
130,"[340311, 348948]",2, 2922,2019-01-02,M,0.0,2,M,['TW LOT DE 4 MIC']
131,"[450524, 535838]",2, 2966,2019-01-02,M,0.0,2,M,['TW 24 LINGETTES VIT+50%']
132,"[179988, 410397]",2, 2977 2975,2019-01-02,M,0.0,2,M,"['product-3217770314245', 'TW LAVE GLACE DEG. 4L']"
133,"[732056, 804391]",2, 3269,2019-01-02,M,0.0,2,M,['SDW GOUR SAUMON']
134,"[128859, 963615]",2, 3270,2019-01-02,M,0.0,2,M,['SOEBO JMB CRU CHEVRE 190G']
135,"[1000572, 1203926]",2, 3274,2019-01-02,M,0.0,2,M,['SDW.COMP.POULET ROT 125G']
136,"[307210, 1014685]",2, 3437,2019-01-02,M,0.0,2,M,['PITCH CHOCOLAT X4 PASQUIER']
137,"[557128, 930235]",2, 3639,2019-01-02,M,0.0,2,M,['YOP VANILLE 500G']
138,"[344220, 529296]",2, 3753,2019-01-02,M,0.0,2,M,['BAGUETTE JAMBON CRUD 225G DM']
139,"[114995, 201600]",2, 3869,2019-01-02,M,0.0,2,M,['METRE REGLISSE     REGAL']
140,"[454965, 1063252]",2, 4073,2019-01-02,M,0.0,2,M,['QUARTZ ENERGY 9000  0W30 1L']
141,"[258533, 794248]",2, 4087,2019-01-02,M,0.0,2,M,['QUARTZ IN LG LIFE 5W30']
142,"[449529, 988004]",2, 4149 4112,2019-01-02,M,0.0,2,M,"['CADEAU JAUGE TR', 'LAVAGE CLU']"
143,"[253255, 348948]",2, 4638 4136,2019-01-02,M,0.0,2,M,"['NEOCLEAN JANTES', 'RECHARGE LAVAGE TW - D']"
144,"[1158336, 1179263]",2, 4731,2019-01-02,M,0.0,2,M,['SAVANE POCKET X7 189G']
145,"[717234, 869065]",2, 5496,2019-01-02,M,0.0,2,M,['TICTAC DUO T100 49G']
146,"[664258, 744128]",2, 5607,2019-01-02,M,0.0,2,M,['COCA COLA ZERO 50CL PET']
147,"[237469, 1179263]",2, 5740,2019-01-02,M,0.0,2,M,['JUS ORANGE INNO']
148,"[1037646, 1179263]",2, 5749 263,2019-01-02,M,0.0,2,M,"['SMOOTHIE MANGUE P 25CL INNOCENT', 'REMISE BUS AUTOROUTE 9\x80']"
149,"[237469, 950963]",2, 5827,2019-01-02,M,0.0,2,M,['LU PIMS ORANGE 150G']
150,"[798831, 881754]",2, 5929,2019-01-02,M,0.0,2,M,['COCA COLA ZERO']
151,"[128859, 529296]",2, 5952,2019-01-02,M,0.0,2,M,['FUZE TEA MANGUE']
152,"[422151, 540861]",2, 5994,2019-01-02,M,0.0,2,M,['product-5900300518166']
153,"[794690, 995709]",2, 6175,2019-01-02,M,0.0,2,M,['product-6206300138427']
154,"[1121072, 1219628]",2, 6176,2019-01-02,M,0.0,2,M,['product-6206300138922']
155,"[305678, 829305]",2, 6178,2019-01-02,M,0.0,2,M,['product-6206300218860']
156,"[136067, 160433]",2, 6535,2019-01-02,M,0.0,2,M,['product-7822500379676']
157,"[106174, 111809, 111958, 115022, 115606, 120734, 126249, 130019, 136832, 137677, 141943, 142418, 144626, 146390, 147895, 148360, 149302, 149963, 165734, 168379, 168983, 170167, 171799, 172838, 173528, 177767, 191027, 191185, 191463, 192516, 205515, 208256, 224478, 226621, 235297, 236773, 238281, 248627, 254395, 255407, 263293, 274199, 276052, 278491, 278677, 280966, 282426, 292493, 296174, 297431, 297510, 302246, 304554, 312415, 313472, 315504, 316835, 329683, 335469, 338042, 339445, 346289, 355661, 356217, 357876, 371498, 372225, 373699, 377365, 380236, 383585, 384876, 386308, 396088, 397622, 402120, 409352, 410970, 416623, 419058, 419062, 427572, 434088, 437932, 444316, 447321, 451897, 456790, 458323, 463507, 463969, 468383, 474006, 474269, 477807, 482318, 485876, 492488, 494963, 499532, 509218, 510225, 510973, 512400, 515638, 518800, 527838, 528848, 531053, 535243, 537723, 538893, 542288, 544950, 546857, 550874, 551179, 560724, 562758, 562802, 593268, 602861, 610403, 610441, 613367, 731874, 779784, 781499, 825683, 827754, 833945, 841409, 844535, 852354, 870506, 873625, 880760, 881614, 900789, 900910, 901313, 932650, 935922, 955102, 967474, 967500, 969250, 994183, 999737, 1016570, 1019603, 1025065, 1027715, 1037938, 1042458, 1044608, 1062852, 1070572, 1079981, 1080706, 1101837, 1135820, 1158216, 1160093, 1165483, 1174277, 1176435, 1177944, 1177989, 1178150, 1201029]",171, 4112,2019-01-09,M,0.5,171,M,['LAVAGE CLU']
158,"[105047, 111958, 113725, 115022, 115438, 120734, 126277, 132739, 139113, 142372, 147360, 177556, 177933, 195864, 205071, 220439, 229770, 249024, 269603, 277091, 287608, 300069, 306788, 307359, 312415, 317870, 318300, 324178, 338103, 346289, 350390, 350923, 355676, 356791, 359113, 361791, 363046, 370127, 380881, 384876, 390039, 394741, 408988, 410740, 419058, 430438, 435869, 444316, 447321, 455830, 465877, 478556, 490823, 504317, 510479, 520056, 522884, 530805, 539446, 545910, 563748, 563799, 607089, 624828, 666884, 692908, 736787, 784065, 806452, 808909, 819522, 841409, 842170, 864313, 885724, 908504, 925477, 951912, 957231, 985590, 994612, 1026225, 1027715, 1033378, 1037190, 1039534, 1044582, 1044608, 1056136, 1064563, 1080244, 1120799, 1150924, 1160814, 1166747, 1167570, 1199229, 1208418, 1214543, 1225800]",100, 4126,2019-01-09,M,0.5,100,M,['RECHARGE LAVAGE']
159,"[111958, 115022, 120734, 312415, 346289, 384876, 419058, 444316, 447321, 841409, 1027715, 1044608]",12, 4126 4112,2019-01-09,M,0.5,12,M,"['RECHARGE LAVAGE', 'LAVAGE CLU']"
160,"[120734, 139416, 145974, 149886, 152033, 153850, 165324, 181964, 184841, 189637, 191747, 195200, 197939, 202124, 214303, 223220, 225819, 228856, 240151, 241558, 270927, 271256, 278491, 281256, 291564, 313472, 313776, 339445, 345301, 351013, 356160, 372225, 387373, 388999, 400788, 401848, 408597, 434088, 460550, 463969, 492488, 495325, 502556, 503187, 527677, 535243, 563868, 569912, 572123, 579182, 584471, 589526, 592647, 606450, 657021, 675569, 687176, 696493, 719359, 770844, 803876, 814206, 836821, 844897, 864534, 873625, 900910, 901313, 903300, 910334, 923982, 929267, 989279, 1015669, 1016624, 1019603, 1022740, 1037938, 1047905, 1064162, 1067295, 1068315, 1095721, 1098547, 1124305, 1165483, 1193605, 1201029, 1201800, 1228097]",90, 4125,2019-01-09,M,0.5,90,M,['RECHARGE LAVAGE TW - A']
161,"[120734, 278491, 313472, 339445, 372225, 434088, 463969, 492488, 535243, 873625, 900910, 901313, 1019603, 1037938, 1165483, 1201029]",16, 4125 4112,2019-01-09,M,0.5,16,M,"['RECHARGE LAVAGE TW - A', 'LAVAGE CLU']"
162,"[107030, 108938, 111737, 114666, 127790, 130181, 132500, 141964, 149963, 156634, 174585, 178797, 185411, 187833, 191561, 226086, 235297, 235462, 265374, 266488, 324418, 330487, 367609, 373743, 381310, 385713, 423574, 427250, 445481, 459432, 463969, 464331, 469167, 505613, 519059, 523545, 528367, 555714, 574753, 579165, 588437, 602580, 603391, 610798, 612824, 624519, 673209, 681522, 739860, 746930, 764100, 787610, 825378, 903640, 957469, 1020488, 1038860, 1066889, 1095891, 1106966, 1109186, 1163691, 1166148, 1168767, 1171591, 1180756, 1196697, 1198352, 1205093, 1205586, 1221607, 1236675, 1237802]",73, 163,2019-01-09,M,0.5,73,M,['product-451']
163,"[149963, 235297, 463969]",3, 163 4112,2019-01-09,M,0.5,3,M,"['product-451', 'LAVAGE CLU']"
164,"[100194, 114666, 119805, 127790, 146208, 149963, 156634, 187833, 235297, 235462, 270220, 308992, 329014, 346289, 368080, 442885, 453193, 464331, 552846, 602580, 603391, 612824, 739860, 746930, 777319, 867539, 903640, 957469, 1045120, 1095891, 1163691, 1166148, 1168767, 1171591, 1180756, 1196697, 1206265, 1221607, 1237777]",39, 1538,2019-01-09,M,0.5,39,M,['RECHARGE CAFÉ CLUB 2\x80']
165,"[149963, 235297, 346289]",3, 1538 4112,2019-01-09,M,0.5,3,M,"['RECHARGE CAFÉ CLUB 2\x80', 'LAVAGE CLU']"
166,"[114666, 127790, 149963, 156634, 187833, 235297, 235462, 464331, 602580, 603391, 612824, 739860, 746930, 903640, 957469, 1095891, 1163691, 1166148, 1168767, 1171591, 1180756, 1196697, 1221607]",23, 1538 163,2019-01-09,M,0.5,23,M,"['RECHARGE CAFÉ CLUB 2\x80', 'product-451']"
167,"[149963, 235297]",2, 1538 163 4112,2019-01-09,M,0.5,2,M,"['RECHARGE CAFÉ CLUB 2\x80', 'product-451', 'LAVAGE CLU']"
168,"[113875, 124069, 141943, 155862, 157181, 168379, 175673, 203707, 214551, 226302, 238281, 242680, 260993, 280966, 327361, 351013, 364367, 366503, 389628, 397622, 400253, 411452, 412515, 433944, 510669, 522267, 527677, 530814, 538133, 539488, 546857, 597464, 604361, 606739, 711978, 757740, 798317, 847660, 869328, 874415, 1160772, 1163746]",42, 2968,2019-01-09,M,0.5,42,M,['TW 10 LINGUETTE']
169,"[141943, 168379, 238281, 280966, 397622, 546857]",6, 2968 4112,2019-01-09,M,0.5,6,M,"['TW 10 LINGUETTE', 'LAVAGE CLU']"
170,"[351013, 527677]",2, 2968 4125,2019-01-09,M,0.5,2,M,"['TW 10 LINGUETTE', 'RECHARGE LAVAGE TW - A']"
171,"[106203, 124464, 131348, 155496, 168584, 251287, 286104, 287148, 287608, 288685, 309520, 338042, 422847, 439383, 444175, 450648, 521325, 559661, 579539, 757634, 810351, 828186, 844279, 849047, 887624, 929119, 955120, 1000560, 1044423, 1044582, 1056258, 1115415, 1174484, 1178435, 1215438, 1243476]",36, 4074,2019-01-09,M,0.5,36,M,['BIDON AD BLUE 10L']
172,"[287608, 1044582]",2, 4074 4126,2019-01-09,M,0.5,2,M,"['BIDON AD BLUE 10L', 'RECHARGE LAVAGE']"
173,"[126277, 130366, 133397, 170311, 223220, 234017, 287608, 307359, 335321, 356217, 367047, 389961, 422405, 439383, 492488, 528848, 530131, 546857, 614578, 731874, 808622, 827754, 887624, 928890, 946201, 1000560, 1014488, 1067295, 1196346, 1219925, 1233360]",31, 2946,2019-01-09,M,0.5,31,M,['TW  LAVE GLACE']
174,"[356217, 492488, 528848, 546857, 731874, 827754]",6, 2946 4112,2019-01-09,M,0.5,6,M,"['TW  LAVE GLACE', 'LAVAGE CLU']"
175,"[126277, 287608, 307359]",3, 2946 4126,2019-01-09,M,0.5,3,M,"['TW  LAVE GLACE', 'RECHARGE LAVAGE']"
176,"[223220, 492488, 1067295]",3, 2946 4125,2019-01-09,M,0.5,3,M,"['TW  LAVE GLACE', 'RECHARGE LAVAGE TW - A']"
177,"[287608, 439383, 887624, 1000560]",4, 2946 4074,2019-01-09,M,0.5,4,M,"['TW  LAVE GLACE', 'BIDON AD BLUE 10L']"
178,"[101374, 136996, 226621, 238415, 248627, 253749, 345301, 393334, 464781, 499532, 532233, 606739, 633165, 638210, 777319, 814239, 825683, 879166, 946557, 1068315, 1095721, 1120799, 1168259]",23, 2368,2019-01-09,M,0.5,23,M,['EVIAN 50CL']
179,"[226621, 248627, 499532, 825683]",4, 2368 4112,2019-01-09,M,0.5,4,M,"['EVIAN 50CL', 'LAVAGE CLU']"
180,"[345301, 1068315, 1095721]",3, 2368 4125,2019-01-09,M,0.5,3,M,"['EVIAN 50CL', 'RECHARGE LAVAGE TW - A']"
181,"[286391, 531053, 555714, 988692, 989025, 995860, 998545, 1007975, 1014685, 1036452, 1047955, 1052503, 1082751, 1179263]",14, 263,2019-01-09,M,0.5,14,M,['REMISE BUS AUTOROUTE 9\x80']
182,"[115022, 130019, 204431, 296181, 312415, 369718, 388739, 416959, 480899, 483469, 539446, 622174, 838612, 864313, 887891, 899330, 932374, 1160216, 1170752]",19, 2975,2019-01-09,M,0.5,19,M,['TW LAVE GLACE DEG. 4L']
183,"[115022, 130019, 312415]",3, 2975 4112,2019-01-09,M,0.5,3,M,"['TW LAVE GLACE DEG. 4L', 'LAVAGE CLU']"
184,"[115022, 312415, 539446, 864313]",4, 2975 4126,2019-01-09,M,0.5,4,M,"['TW LAVE GLACE DEG. 4L', 'RECHARGE LAVAGE']"
185,"[115022, 312415]",2, 2975 4126 4112,2019-01-09,M,0.5,2,M,"['TW LAVE GLACE DEG. 4L', 'RECHARGE LAVAGE', 'LAVAGE CLU']"
186,"[120734, 156096, 163934, 218262, 257982, 447321, 470042, 491803, 598832, 622174, 625590, 883606, 987792, 1019257, 1069382, 1212683]",16, 4136,2019-01-09,M,0.5,16,M,['RECHARGE LAVAGE TW - D']
187,"[120734, 447321]",2, 4136 4126 4112,2019-01-09,M,0.5,2,M,"['RECHARGE LAVAGE TW - D', 'RECHARGE LAVAGE', 'LAVAGE CLU']"
188,"[129415, 159250, 255407, 286391, 416959, 711978, 789245, 825683, 1034893]",9, 5623,2019-01-09,M,0.5,9,M,['SNICKERS 50G']
189,"[255407, 825683]",2, 5623 4112,2019-01-09,M,0.5,2,M,"['SNICKERS 50G', 'LAVAGE CLU']"
190,"[208744, 318983, 325922, 346950, 380333, 464835, 526727, 1023645, 1101837, 1187405, 1200044]",11, 4127,2019-01-09,M,0.5,11,M,['REC LAVAGE PJE  20 U']
191,"[184841, 527677, 873625, 975853, 1178332]",5, 4130,2019-01-09,M,0.5,5,M,['ASPIRATEUR']
192,"[184841, 527677, 873625]",3, 4130 4125,2019-01-09,M,0.5,3,M,"['ASPIRATEUR', 'RECHARGE LAVAGE TW - A']"
193,"[602997, 714299, 803876, 1038860]",4, 6969,2019-01-09,M,0.5,4,M,['RED BULL BTE 25CL']
194,"[226621, 283016, 326603, 995860, 1047955, 1058591, 1179263, 1182692]",8, 1547,2019-01-09,M,0.5,8,M,['SAC BOUTIQUE KRAFT']
195,"[995860, 1047955, 1179263]",3, 1547 263,2019-01-09,M,0.5,3,M,"['SAC BOUTIQUE KRAFT', 'REMISE BUS AUTOROUTE 9\x80']"
196,"[144666, 283016, 435521, 806597, 1014952, 1067295, 1177989, 1182692, 1203541]",9, 2362,2019-01-09,M,0.5,9,M,['EVIAN FREERIDE 75 CL']
197,"[283016, 1182692]",2, 2362 1547,2019-01-09,M,0.5,2,M,"['EVIAN FREERIDE 75 CL', 'SAC BOUTIQUE KRAFT']"
198,"[170884, 174578, 226537, 378542, 456790, 780673, 825612, 902470, 989279]",9, 2369,2019-01-09,M,0.5,9,M,['EVIAN 1L PET*']
199,"[255407, 262236, 319461, 510208, 711978, 1034893]",6, 5631,2019-01-09,M,0.5,6,M,['TWIX 50G']
200,"[255407, 711978, 1034893]",3, 5631 5623,2019-01-09,M,0.5,3,M,"['TWIX 50G', 'SNICKERS 50G']"
201,"[192516, 393334, 716869, 806597, 828186, 1066889]",6, 1738,2019-01-09,M,0.5,6,M,['CR CAFE EXPRESSO']
202,"[153963, 158639, 326485, 440569, 963615, 1066628, 1099079]",7, 431,2019-01-09,M,0.5,7,M,['CAFE EXPRESSO']
203,"[880018, 998545, 1066889]",3, 1858,2019-01-09,M,0.5,3,M,['CR PART DE TART']
204,"[366803, 483688, 596217, 1036452, 1052503, 1058591]",6, 2797,2019-01-09,M,0.5,6,M,['COCA COLA 50CL PET']
205,"[1036452, 1052503]",2, 2797 263,2019-01-09,M,0.5,2,M,"['COCA COLA 50CL PET', 'REMISE BUS AUTOROUTE 9\x80']"
206,"[195200, 313776, 346289, 387373, 624828, 864313, 1039534]",7, 6178,2019-01-09,M,0.5,7,M,['product-6206300218860']
207,"[346289, 624828, 864313, 1039534]",4, 6178 4126,2019-01-09,M,0.5,4,M,"['product-6206300218860', 'RECHARGE LAVAGE']"
208,"[195200, 313776, 387373]",3, 6178 4125,2019-01-09,M,0.5,3,M,"['product-6206300218860', 'RECHARGE LAVAGE TW - A']"
209,"[101303, 596217, 995860]",3, 6723,2019-01-09,M,0.5,3,M,['SAN PELLEGRINO  50CL']
210,"[170311, 404827, 589776, 1046489, 1110438, 1201800]",6, 1531,2019-01-09,M,0.5,6,M,['product-12520039']
211,"[264205, 508067, 528848, 571960, 842634, 1059033]",6, 2180,2019-01-09,M,0.5,6,M,['ADBLUE BIDON 5L']
212,"[407141, 893080, 940505, 989098, 1239801, 1244906]",6, 3509,2019-01-09,M,0.5,6,M,['CRISTALINE 50CL']
213,"[335544, 372863, 419307, 602861, 1174484, 1192519]",6, 4129,2019-01-09,M,0.5,6,M,['REC LAVAGE PJE']
214,"[531053, 1007975, 1082751]",3, 4439 263,2019-01-09,M,0.5,3,M,"['product-3502110009449', 'REMISE BUS AUTOROUTE 9\x80']"
215,"[326485, 606922, 988692]",3, 891,2019-01-09,M,0.5,3,M,['product-5401047']
216,"[158639, 988692, 1066628]",3, 1378,2019-01-09,M,0.5,3,M,['BD PAIN RAISIN']
217,"[158639, 1066628]",2, 1378 431,2019-01-09,M,0.5,2,M,"['BD PAIN RAISIN', 'CAFE EXPRESSO']"
218,"[148440, 156366, 309153, 600388, 1038860]",5, 1853,2019-01-09,M,0.5,5,M,['CR SANDWICH VOL']
219,"[171002, 309153, 453193, 716869]",4, 1855,2019-01-09,M,0.5,4,M,['CR SANDWICH CLASSIC']
220,"[195808, 779784, 876212]",3, 1912,2019-01-09,M,0.5,3,M,['product-210224086']
221,"[155862, 315168, 366803, 854939, 989098]",5, 2578,2019-01-09,M,0.5,5,M,['DELICHOC LAIT 1']
222,"[126249, 147895, 209276, 437624, 950817]",5, 2945,2019-01-09,M,0.5,5,M,['TW LAVE GLACE H 2L']
223,"[126249, 147895]",2, 2945 4112,2019-01-09,M,0.5,2,M,"['TW LAVE GLACE H 2L', 'LAVAGE CLU']"
224,"[139113, 626162, 822157, 1058591, 1244906]",5, 3274,2019-01-09,M,0.5,5,M,['SDW.COMP.POULET ROT 125G']
225,"[234017, 286391, 988692, 1052503, 1099079]",5, 3876,2019-01-09,M,0.5,5,M,['SDW XXL THON CRUD 230G DAUNAT']
226,"[286391, 988692, 1052503]",3, 3876 263,2019-01-09,M,0.5,3,M,"['SDW XXL THON CRUD 230G DAUNAT', 'REMISE BUS AUTOROUTE 9\x80']"
227,"[146701, 366241, 432995, 614578, 634932]",5, 4128,2019-01-09,M,0.5,5,M,['REC LAVAGE PJE 35U']
228,"[191307, 486524, 640694, 661695, 815181]",5, 4131,2019-01-09,M,0.5,5,M,['LAVAGE 2 PLEIN TARIF']
229,"[367139, 778982, 975853, 1088671, 1171265]",5, 4132,2019-01-09,M,0.5,5,M,['LAVAGE 3 PLEIN']
230,"[531053, 555714, 806597, 1052503]",4, 4420,2019-01-09,M,0.5,4,M,['TROPICANA MULTI']
231,"[531053, 555714, 1052503]",3, 4420 263,2019-01-09,M,0.5,3,M,"['TROPICANA MULTI', 'REMISE BUS AUTOROUTE 9\x80']"
232,"[101303, 149020, 255407, 319461, 711978]",5, 5625,2019-01-09,M,0.5,5,M,['MARS  51G']
233,"[255407, 319461, 711978]",3, 5625 5631,2019-01-09,M,0.5,3,M,"['MARS  51G', 'TWIX 50G']"
234,"[255407, 711978]",2, 5625 5631 5623,2019-01-09,M,0.5,2,M,"['MARS  51G', 'TWIX 50G', 'SNICKERS 50G']"
235,"[557871, 789245, 839184, 998371]",4, 5754,2019-01-09,M,0.5,4,M,['product-5050100000924']
236,"[158388, 339159, 496856, 723615]",4, 1,2019-01-09,M,0.5,4,M,['product-1']
237,"[184731, 893080]",2, 25,2019-01-09,M,0.5,2,M,['product-26']
238,"[276275, 933077, 1234157]",3, 228,2019-01-09,M,0.5,3,M,['product-1505']
239,"[600388, 896272, 998545]",3, 607,2019-01-09,M,0.5,3,M,['CRO SDW PANINI']
240,"[339606, 806597, 1066889]",3, 608,2019-01-09,M,0.5,3,M,['CR SAND PREMIUM']
241,"[806597, 1066889]",2, 608 1738,2019-01-09,M,0.5,2,M,"['CR SAND PREMIUM', 'CR CAFE EXPRESSO']"
242,"[600388, 716869, 738717]",3, 700,2019-01-09,M,0.5,3,M,['product-3461040']
243,"[369718, 444787, 459432, 1204589]",4, 1532,2019-01-09,M,0.5,4,M,['product-12520046']
244,"[393334, 716869, 806597]",3, 1615 1738,2019-01-09,M,0.5,3,M,"['CR FLAN NATURE', 'CR CAFE EXPRESSO']"
245,"[268342, 319461, 495409, 711978]",4, 1707,2019-01-09,M,0.5,4,M,['BOUNTY CHOC LAIT 57G']
246,"[319461, 711978]",2, 1707 5625 5631,2019-01-09,M,0.5,2,M,"['BOUNTY CHOC LAIT 57G', 'MARS  51G', 'TWIX 50G']"
247,"[170884, 226621, 314234, 492488]",4, 1760,2019-01-09,M,0.5,4,M,['COCA COLA CHERRY 50CL PET']
248,"[226621, 492488]",2, 1760 4112,2019-01-09,M,0.5,2,M,"['COCA COLA CHERRY 50CL PET', 'LAVAGE CLU']"
249,"[159219, 170837, 215998, 576981]",4, 1846,2019-01-09,M,0.5,4,M,['product-99990000']
250,"[469360, 839184]",2, 1931,2019-01-09,M,0.5,2,M,['product-2626262626']
251,"[223220, 286391, 1052503, 1088671]",4, 2754,2019-01-09,M,0.5,4,M,"[""CHIPS LAY'S BBQ""]"
252,"[286391, 1052503]",2, 2754 3876 263,2019-01-09,M,0.5,2,M,"[""CHIPS LAY'S BBQ"", 'SDW XXL THON CRUD 230G DAUNAT', 'REMISE BUS AUTOROUTE 9\x80']"
253,"[315504, 910274, 1120799]",3, 2826,2019-01-09,M,0.5,3,M,['PETITS MUFFINS']
254,"[155862, 233569, 548950]",3, 2833,2019-01-09,M,0.5,3,M,['BM CAKE FTS 210G']
255,"[466468, 930679, 1077855, 1187405]",4, 2956,2019-01-09,M,0.5,4,M,['TOTAL ADBLUE BEC V. 5L']
256,"[326603, 940505, 963615, 988692]",4, 3269,2019-01-09,M,0.5,4,M,['SDW GOUR SAUMON']
257,"[283016, 963615, 1181566]",3, 3298,2019-01-09,M,0.5,3,M,['SDW.SUE JAMBON']
258,"[226086, 400788, 836821, 1015669]",4, 4099,2019-01-09,M,0.5,4,M,['LAVAGE 1 PLEIN']
259,"[400788, 836821, 1015669]",3, 4099 4125,2019-01-09,M,0.5,3,M,"['LAVAGE 1 PLEIN', 'RECHARGE LAVAGE TW - A']"
260,"[101105, 131572, 149020, 533587]",4, 4104,2019-01-09,M,0.5,4,M,['LAVAGE 6 PLEIN TARIF']
261,"[172406, 531053]",2, 4525,2019-01-09,M,0.5,2,M,['CANDY UP CHOCOLAT 1L']
262,"[247704, 470752, 1064563]",3, 4638,2019-01-09,M,0.5,3,M,['NEOCLEAN JANTES']
263,"[1014685, 1237777]",2, 5485,2019-01-09,M,0.5,2,M,['RITTER LAIT MAC']
264,"[324178, 346125, 626452]",3, 5530,2019-01-09,M,0.5,3,M,"[""M & M'S CACAHUE""]"
265,"[226537, 880018]",2, 5875,2019-01-09,M,0.5,2,M,['KINDER SCHOKO 125G SCHT']
266,"[253749, 579539]",2, 57,2019-01-09,M,0.5,2,M,['product-100']
267,"[171002, 309153]",2, 699 1855,2019-01-09,M,0.5,2,M,"['product-3461039', 'CR SANDWICH CLASSIC']"
268,"[364658, 828186, 998545]",3, 721,2019-01-09,M,0.5,3,M,['BD. PAIN CHOCOLAT PAC']
269,"[600388, 1066889]",2, 1164,2019-01-09,M,0.5,2,M,['CR TARTE NORMANDE']
270,"[606922, 780673, 1066628]",3, 1394,2019-01-09,M,0.5,3,M,['BD DOUBLE EXPRE']
271,"[622174, 697724]",2, 1708,2019-01-09,M,0.5,2,M,"[""WERTHER'S ORIGI""]"
272,"[147896, 450524, 545944]",3, 1797,2019-01-09,M,0.5,3,M,['MENTOS BOT P.FRESH M 60G']
273,"[998545, 1062852, 1221607]",3, 1868,2019-01-09,M,0.5,3,M,['CR COCA COLA PE']
274,"[610196, 623440, 1196227]",3, 1915,2019-01-09,M,0.5,3,M,['product-270920141']
275,"[101303, 995860]",2, 2230 6723,2019-01-09,M,0.5,2,M,"[""POM'POTE POMME/"", 'SAN PELLEGRINO  50CL']"
276,"[314234, 596217, 998545]",3, 2249,2019-01-09,M,0.5,3,M,['GALETTES ST MICHEL 130 G']
277,"[172406, 825683, 1014735]",3, 2326,2019-01-09,M,0.5,3,M,"['VOLVIC TCHE FRT.CITRON 1,5L']"
278,"[265350, 544203, 907866]",3, 2466,2019-01-09,M,0.5,3,M,['SCHTROUMPFS SAC']
279,"[314234, 315168, 736264]",3, 2483,2019-01-09,M,0.5,3,M,['WORLD MIX 120G']
280,"[296815, 995860]",2, 2641,2019-01-09,M,0.5,2,M,['OASIS TROPICAL 33CL']
281,"[910274, 1014685]",2, 2643,2019-01-09,M,0.5,2,M,['OASIS TROPICAL']
282,"[254395, 527838, 1032321]",3, 2930,2019-01-09,M,0.5,3,M,['TOTAL ANTI CREV']
283,"[254395, 527838]",2, 2930 4112,2019-01-09,M,0.5,2,M,"['TOTAL ANTI CREV', 'LAVAGE CLU']"
284,"[124464, 188537, 257851]",3, 2947,2019-01-09,M,0.5,3,M,['TW  LAVE GLACE -30 4L']
285,"[380881, 396106, 446185]",3, 2965,2019-01-09,M,0.5,3,M,['TW 24 LINGETTES PLAST +50%']
286,"[369718, 864313, 887891]",3, 2977 2975,2019-01-09,M,0.5,3,M,"['product-3217770314245', 'TW LAVE GLACE DEG. 4L']"
287,"[172406, 424865, 1000572]",3, 3265,2019-01-09,M,0.5,3,M,['RADIATORI BOEUF']
288,"[226537, 510973, 1181566]",3, 3268,2019-01-09,M,0.5,3,M,['SDW POULET CAESAR 190G']
289,"[254833, 314652, 1157557]",3, 3625,2019-01-09,M,0.5,3,M,['product-3323726500539']
290,"[825683, 989279, 1205181]",3, 3877,2019-01-09,M,0.5,3,M,['XXL JBON EMM.SALADE  230G']
291,"[366803, 433579]",2, 3881,2019-01-09,M,0.5,2,M,['SDW DAUNAT MINI']
292,"[226621, 780673]",2, 3898,2019-01-09,M,0.5,2,M,['SDW GTX JAMBON']
293,"[114864, 179265, 751017]",3, 4101,2019-01-09,M,0.5,3,M,['LAVAGE 4 PLEIN']
294,"[873625, 1156576]",2, 4135,2019-01-09,M,0.5,2,M,['LAVAGE HP']
295,"[369654, 1181566, 1182692]",3, 4663,2019-01-09,M,0.5,3,M,['AUVE. MIN STICK NAT 100G']
296,"[168379, 403765, 940505]",3, 4883,2019-01-09,M,0.5,3,M,['SCT PAST. VICHY 125G']
297,"[548950, 789482]",2, 5826,2019-01-09,M,0.5,2,M,['BISC SALE TUC L']
298,"[209033, 798831, 1014952]",3, 5929,2019-01-09,M,0.5,3,M,['COCA COLA ZERO']
299,"[286391, 296815, 867553]",3, 6012,2019-01-09,M,0.5,3,M,['ICE TEA PECHE 50CL']
300,"[234017, 545944]",2, 6722,2019-01-09,M,0.5,2,M,['SAN PELLEGRINO 1L']
301,"[399682, 697724]",2, 6800,2019-01-09,M,0.5,2,M,['CHUPA CHUPS 13G']
302,"[316593, 415088]",2, 408,2019-01-09,M,0.5,2,M,['BUTANE MALICE 6']
303,"[1062852, 1221607]",2, 495 1868,2019-01-09,M,0.5,2,M,"['product-3423001', 'CR COCA COLA PE']"
304,"[600388, 738717]",2, 610 700,2019-01-09,M,0.5,2,M,"['CRO HOT DOG BACON CHEESE', 'product-3461040']"
305,"[156366, 600388]",2, 620 1853,2019-01-09,M,0.5,2,M,"['product-3450100', 'CR SANDWICH VOL']"
306,"[156366, 1221607]",2, 720,2019-01-09,M,0.5,2,M,['CR COOKIE CHOCOLAT LAIT 103 GR']
307,"[890518, 979998]",2, 1073,2019-01-09,M,0.5,2,M,['product-5450138']
308,"[963615, 979998]",2, 1391,2019-01-09,M,0.5,2,M,['BD TARTELETTE A']
309,"[133767, 314234]",2, 1533,2019-01-09,M,0.5,2,M,['product-12520053']
310,"[230856, 364658]",2, 1622,2019-01-09,M,0.5,2,M,['CR PAIN AU CHOCOLAT']
311,"[250400, 717621]",2, 1682,2019-01-09,M,0.5,2,M,['HOLLYW.DRAG.MENTHOL. 28G']
312,"[226537, 724438]",2, 1696 385,2019-01-09,M,0.5,2,M,"['product-30169784', 'LUCKY STRIKE']"
313,"[366803, 1182692]",2, 1704,2019-01-09,M,0.5,2,M,['KIT KAT X 3  124.50']
314,"[283016, 818643]",2, 1731,2019-01-09,M,0.5,2,M,['FREEDENT MENTHE']
315,"[319461, 449743]",2, 1785,2019-01-09,M,0.5,2,M,['KINDER BUENO LAIT 43G']
316,"[400916, 545944]",2, 1795,2019-01-09,M,0.5,2,M,['MENTOS BOTTLE MENTHE D. 60G']
317,"[147896, 622174]",2, 1807,2019-01-09,M,0.5,2,M,['MENTOS GUM PURE FRESH CHLORO 60G']
318,"[230856, 562982]",2, 1862,2019-01-09,M,0.5,2,M,['CR CAFE DOUBLE']
319,"[384139, 587703]",2, 1997,2019-01-09,M,0.5,2,M,['product-84600000191']
320,"[449743, 825683]",2, 2317,2019-01-09,M,0.5,2,M,['VOLVIC NATURE 50CL']
321,"[366503, 392301]",2, 2363,2019-01-09,M,0.5,2,M,"['EVIAN 1,5L']"
322,"[827281, 988692]",2, 2440,2019-01-09,M,0.5,2,M,['FOL EPI 7TR 150G']
323,"[544203, 658355]",2, 2481,2019-01-09,M,0.5,2,M,['HARIBO DRAGIBUS']
324,"[492488, 946557]",2, 2538,2019-01-09,M,0.5,2,M,['HARIBO HAPPY LIFE 120G']
325,"[449743, 453193]",2, 2756,2019-01-09,M,0.5,2,M,"[""CHIPS LAY'S BBQ 75G""]"
326,"[424865, 531053]",2, 2759,2019-01-09,M,0.5,2,M,['3DS FROMAGE 85G']
327,"[170884, 1014685]",2, 2778,2019-01-09,M,0.5,2,M,['DORITOS NACH CH']
328,"[209033, 326603]",2, 2825,2019-01-09,M,0.5,2,M,['BN MADELEINES 1']
329,"[1047955, 1058591]",2, 2851 1547,2019-01-09,M,0.5,2,M,"['MADELEINES ST M. 250G', 'SAC BOUTIQUE KRAFT']"
330,"[446185, 1120799]",2, 2899,2019-01-09,M,0.5,2,M,['TW NET. JANTES SURPUISSANT 500ML']
331,"[262236, 1067295]",2, 2948,2019-01-09,M,0.5,2,M,['TOTAL  LIQ.REFR']
332,"[380881, 446185]",2, 2966 2965,2019-01-09,M,0.5,2,M,"['TW 24 LINGETTES VIT+50%', 'TW 24 LINGETTES PLAST +50%']"
333,"[548950, 940505]",2, 3270,2019-01-09,M,0.5,2,M,['SOEBO JMB CRU CHEVRE 190G']
334,"[139113, 780673]",2, 3275,2019-01-09,M,0.5,2,M,['SDW CLA JBON BEURRE 125G']
335,"[371498, 1088671]",2, 3276,2019-01-09,M,0.5,2,M,['SANDW CLAS JAMBON EMENT 145G']
336,"[101303, 369654]",2, 3306,2019-01-09,M,0.5,2,M,['SDW MEGA JB CHE']
337,"[369654, 371498]",2, 3320,2019-01-09,M,0.5,2,M,['SDW MEGA J/E 230G']
338,"[133767, 825683]",2, 3338,2019-01-09,M,0.5,2,M,['SALADE ANTIBES 320G']
339,"[444787, 827281]",2, 3376,2019-01-09,M,0.5,2,M,['BAGUETTE 57CM NEUHEUSER']
340,"[223220, 491803]",2, 3408,2019-01-09,M,0.5,2,M,['CRISTALINE 1L']
341,"[1014685, 1082751]",2, 3437 263,2019-01-09,M,0.5,2,M,"['PITCH CHOCOLAT X4 PASQUIER', 'REMISE BUS AUTOROUTE 9\x80']"
342,"[155862, 326603]",2, 3510,2019-01-09,M,0.5,2,M,['CRISTALINE 1.5L']
343,"[780673, 1182692]",2, 3639,2019-01-09,M,0.5,2,M,['YOP VANILLE 500G']
344,"[172406, 433579]",2, 3882,2019-01-09,M,0.5,2,M,['SDW DAUNAT MIMI']
345,"[286104, 1016624]",2, 4049,2019-01-09,M,0.5,2,M,['TOTAL 7000 D 10W40 1L']
346,"[408597, 596052]",2, 4081,2019-01-09,M,0.5,2,M,['TOTAL ACTIVA 9000 5W40 2L']
347,"[657167, 1171222]",2, 4103,2019-01-09,M,0.5,2,M,['LAVAGE 5 PLEIN']
348,"[797398, 1029676]",2, 4115,2019-01-09,M,0.5,2,M,['LAVAGE HP PISTE']
349,"[403765, 963615]",2, 4144,2019-01-09,M,0.5,2,M,['BUS AUTOROUTE']
350,"[172406, 626162]",2, 4218,2019-01-09,M,0.5,2,M,['BATON BERGER NATURE 80G']
351,"[168379, 444787]",2, 4880,2019-01-09,M,0.5,2,M,['GOMS FRUITS VERGER 140G']
352,"[226621, 540625]",2, 5471,2019-01-09,M,0.5,2,M,['KIT KAT CHUNKY X4 160G']
353,"[195808, 876212]",2, 5532 1912,2019-01-09,M,0.5,2,M,"[""M&M'S CACAHUET BLEU 100G"", 'product-210224086']"
354,"[369654, 424865]",2, 5607,2019-01-09,M,0.5,2,M,['COCA COLA ZERO 50CL PET']
355,"[880018, 1052503]",2, 5640,2019-01-09,M,0.5,2,M,"[""M & M'S 330G""]"
356,"[172406, 1047955]",2, 5741,2019-01-09,M,0.5,2,M,['product-5038862134880']
357,"[283016, 806597]",2, 5793 2362,2019-01-09,M,0.5,2,M,"['TYRRELLS SEA SA', 'EVIAN FREERIDE 75 CL']"
358,"[550268, 585130]",2, 5827,2019-01-09,M,0.5,2,M,['LU PIMS ORANGE 150G']
359,"[283016, 1038860]",2, 5844,2019-01-09,M,0.5,2,M,['GAUFFRE LIEGE CHOCO X5 225G LOTUS']
360,"[998545, 1038860]",2, 5918,2019-01-09,M,0.5,2,M,['COCA COLA 125 C']
361,"[265350, 349522]",2, 6013,2019-01-09,M,0.5,2,M,['SNICKERS 2 PACK 75G']
362,"[268342, 281633]",2, 6238,2019-01-09,M,0.5,2,M,['RICOLA REGLISSE 50G']
363,"[596217, 1017324]",2, 6372,2019-01-09,M,0.5,2,M,['HOLLYW.BLANCH.MENTH. POLAIRE 14G']
364,"[540625, 880018]",2, 6382,2019-01-09,M,0.5,2,M,['MILKA PEANUTS C']
365,"[880018, 910274]",2, 6402,2019-01-09,M,0.5,2,M,['CRISPY SNAC DAI']
366,"[149020, 998371]",2, 6796,2019-01-09,M,0.5,2,M,['CHUPA CHUPS  UN']
367,"[825683, 1182692]",2, 6855,2019-01-09,M,0.5,2,M,"[""CHIPS LAY'S SAL""]"
368,"[108520, 111880, 113875, 114363, 114465, 117912, 118478, 126718, 130700, 132500, 145467, 147504, 151252, 152992, 154289, 161156, 162402, 165344, 168832, 170131, 182361, 184660, 186860, 197718, 212139, 215351, 221843, 224070, 237374, 238481, 240151, 241897, 242618, 245493, 247851, 250963, 251287, 252184, 256626, 258025, 258382, 268921, 269223, 269312, 271497, 274742, 278677, 280766, 280999, 282261, 285450, 287754, 288098, 291317, 299608, 302871, 304487, 305264, 308992, 313731, 317586, 320242, 323762, 333924, 340199, 341341, 346289, 358869, 361741, 361926, 364804, 372038, 373929, 374468, 387532, 388979, 393439, 400916, 401971, 403552, 407955, 415088, 422349, 423878, 425951, 427779, 428793, 434798, 439106, 456040, 460889, 463550, 465285, 465513, 477841, 479256, 480373, 482021, 482512, 487374, 487798, 488258, 497798, 498199, 500021, 502556, 502923, 503579, 503769, 505184, 509218, 511792, 516399, 519306, 519327, 524668, 528757, 529874, 540798, 542397, 544959, 546628, 550155, 552703, 558934, 560724, 566430, 569268, 569528, 572329, 575740, 576712, 580695, 595841, 596920, 597790, 598952, 607278, 637389, 669731, 739371, 739860, 745144, 755092, 784556, 797767, 818839, 821001, 836316, 837373, 844047, 865871, 867332, 867805, 876531, 881847, 887042, 887828, 899788, 911353, 917490, 918855, 933026, 948321, 954690, 956307, 961231, 965417, 1025269, 1026604, 1050540, 1055931, 1056484, 1061637, 1063343, 1073436, 1082527, 1095891, 1108350, 1109301, 1124305, 1149491, 1159078, 1163145, 1170642, 1185643, 1191727, 1195917, 1196227, 1198352, 1203541, 1215438, 1215757, 1216244, 1216869, 1217273]",196, 4112,2019-01-16,M,0.6666666666666666,196,M,['LAVAGE CLU']
369,"[109363, 132253, 142373, 144205, 147772, 155710, 184070, 188482, 189419, 195349, 199194, 203487, 215374, 238881, 240151, 245072, 252901, 257663, 269558, 274742, 279979, 285626, 288714, 294576, 296219, 329769, 331273, 344157, 355838, 372038, 380944, 387644, 400992, 401971, 425951, 429092, 456040, 459345, 461997, 466493, 473727, 480373, 491523, 502923, 507197, 511792, 524668, 549038, 553151, 554567, 558934, 583156, 598391, 605207, 608982, 697825, 711253, 712041, 727800, 732484, 748250, 762882, 778017, 784556, 815942, 833102, 892510, 901879, 901985, 930308, 954473, 1001746, 1055722, 1056066, 1066626, 1085236, 1166865, 1170642, 1216244, 1241171, 1242017]",81, 4125,2019-01-16,M,0.6666666666666666,81,M,['RECHARGE LAVAGE TW - A']
370,"[240151, 274742, 372038, 401971, 425951, 456040, 480373, 502923, 511792, 524668, 558934, 784556, 1170642, 1216244]",14, 4125 4112,2019-01-16,M,0.6666666666666666,14,M,"['RECHARGE LAVAGE TW - A', 'LAVAGE CLU']"
371,"[111828, 113875, 132253, 171090, 175370, 184660, 194411, 200047, 230440, 237374, 259881, 262444, 280999, 284995, 287754, 289246, 305744, 306042, 323762, 327351, 329667, 367552, 369660, 380689, 381313, 382985, 415447, 418815, 422349, 422901, 442178, 453834, 468493, 480562, 487798, 520056, 521837, 526488, 529761, 539879, 545865, 550293, 553151, 576712, 580717, 607833, 712041, 732484, 747952, 762882, 775002, 779784, 793919, 806299, 875200, 920328, 942083, 959369, 964075, 966445, 970021, 987415, 999728, 1030310, 1039249, 1067245, 1089306, 1094458, 1108350, 1109301, 1109853, 1152014, 1168051, 1213074, 1217273, 1230067, 1239144, 1239448]",78, 4126,2019-01-16,M,0.6666666666666666,78,M,['RECHARGE LAVAGE']
372,"[113875, 184660, 237374, 280999, 287754, 323762, 422349, 487798, 576712, 1108350, 1109301, 1217273]",12, 4126 4112,2019-01-16,M,0.6666666666666666,12,M,"['RECHARGE LAVAGE', 'LAVAGE CLU']"
373,"[132253, 553151, 712041, 732484, 762882]",5, 4126 4125,2019-01-16,M,0.6666666666666666,5,M,"['RECHARGE LAVAGE', 'RECHARGE LAVAGE TW - A']"
374,"[107030, 113700, 114666, 118478, 123801, 127790, 130181, 133892, 156634, 191561, 199984, 205109, 235297, 261384, 266488, 270220, 368080, 389285, 400880, 403445, 410726, 421137, 427096, 427250, 459432, 460228, 483533, 485938, 516578, 522769, 551228, 552846, 555714, 607784, 612824, 616689, 681522, 739860, 751640, 988472, 988692, 1025942, 1036517, 1046422, 1095891, 1106966, 1109186, 1166148, 1167207, 1168767, 1171370, 1171591, 1172616, 1174643, 1175223, 1180756, 1186493, 1191682, 1192664, 1198352, 1236675]",61, 163,2019-01-16,M,0.6666666666666666,61,M,['product-451']
375,"[100194, 107030, 114666, 118478, 127790, 133892, 140480, 146208, 147410, 156634, 187833, 205109, 235297, 244827, 270220, 280999, 296343, 308992, 325309, 346289, 368080, 421137, 427096, 427250, 427779, 453193, 489993, 552846, 556062, 573477, 603391, 606762, 607784, 612824, 616689, 705599, 739860, 751640, 1061637, 1095891, 1163691, 1166148, 1167207, 1168767, 1171591, 1180756, 1196697, 1198352, 1205586]",49, 1538,2019-01-16,M,0.6666666666666666,49,M,['RECHARGE CAFÉ CLUB 2\x80']
376,"[118478, 280999, 308992, 346289, 427779, 739860, 1061637, 1095891, 1198352]",9, 1538 4112,2019-01-16,M,0.6666666666666666,9,M,"['RECHARGE CAFÉ CLUB 2\x80', 'LAVAGE CLU']"
377,"[107030, 114666, 118478, 127790, 133892, 156634, 205109, 235297, 270220, 368080, 421137, 427096, 427250, 552846, 607784, 612824, 616689, 739860, 751640, 1095891, 1166148, 1167207, 1168767, 1171591, 1180756, 1198352]",26, 1538 163,2019-01-16,M,0.6666666666666666,26,M,"['RECHARGE CAFÉ CLUB 2\x80', 'product-451']"
378,"[118478, 739860, 1095891, 1198352]",4, 1538 163 4112,2019-01-16,M,0.6666666666666666,4,M,"['RECHARGE CAFÉ CLUB 2\x80', 'product-451', 'LAVAGE CLU']"
379,"[109302, 127136, 163869, 216329, 218498, 249449, 277301, 315575, 344157, 345337, 358331, 372038, 374485, 399691, 407270, 457624, 498529, 501153, 582622, 596052, 625131, 656513, 773493, 833102, 845965, 885531, 964536, 1009010, 1013535, 1077855, 1113092, 1159078, 1221464]",33, 2975,2019-01-16,M,0.6666666666666666,33,M,['TW LAVE GLACE DEG. 4L']
380,"[372038, 1159078]",2, 2975 4112,2019-01-16,M,0.6666666666666666,2,M,"['TW LAVE GLACE DEG. 4L', 'LAVAGE CLU']"
381,"[344157, 372038, 833102]",3, 2975 4125,2019-01-16,M,0.6666666666666666,3,M,"['TW LAVE GLACE DEG. 4L', 'RECHARGE LAVAGE TW - A']"
382,"[137871, 152797, 159082, 229572, 249189, 253734, 261502, 340199, 348948, 350054, 364804, 369391, 371498, 461997, 499303, 522268, 542397, 549038, 573366, 576712, 596052, 599279, 616924, 704970, 736264, 878785, 948321, 950781, 961949, 1071331, 1196711, 1241233]",32, 2946,2019-01-16,M,0.6666666666666666,32,M,['TW  LAVE GLACE']
383,"[340199, 364804, 542397, 576712, 948321]",5, 2946 4112,2019-01-16,M,0.6666666666666666,5,M,"['TW  LAVE GLACE', 'LAVAGE CLU']"
384,"[461997, 549038]",2, 2946 4125,2019-01-16,M,0.6666666666666666,2,M,"['TW  LAVE GLACE', 'RECHARGE LAVAGE TW - A']"
385,"[130532, 131514, 140465, 171396, 192639, 204060, 208883, 229065, 282533, 287308, 287468, 289065, 307966, 336115, 347680, 358958, 399691, 411215, 422349, 498303, 499303, 549634, 601966, 749584, 876531, 963091, 1056258, 1096121, 1176487]",29, 4074,2019-01-16,M,0.6666666666666666,29,M,['BIDON AD BLUE 10L']
386,"[422349, 876531]",2, 4074 4112,2019-01-16,M,0.6666666666666666,2,M,"['BIDON AD BLUE 10L', 'LAVAGE CLU']"
387,"[286391, 518759, 531053, 555714, 596217, 596222, 616225, 616635, 680791, 752568, 979705, 988692, 989025, 995860, 1007975, 1014685, 1036452, 1082751, 1179263, 1180366]",20, 263,2019-01-16,M,0.6666666666666666,20,M,['REMISE BUS AUTOROUTE 9\x80']
388,"[555714, 988692]",2, 263 163,2019-01-16,M,0.6666666666666666,2,M,"['REMISE BUS AUTOROUTE 9\x80', 'product-451']"
389,"[115880, 129105, 132500, 158123, 192058, 251924, 252901, 261542, 280686, 360750, 392321, 460889, 465591, 483161, 501153, 509386, 516100, 517711, 539879, 562198, 603391, 615259, 749584, 751942, 1060176]",25, 2368,2019-01-16,M,0.6666666666666666,25,M,['EVIAN 50CL']
390,"[132500, 460889]",2, 2368 4112,2019-01-16,M,0.6666666666666666,2,M,"['EVIAN 50CL', 'LAVAGE CLU']"
391,"[127739, 148601, 164308, 223831, 226924, 279979, 328351, 383035, 422349, 473727, 483161, 490898, 502923, 556224, 572511, 615259, 624122, 833186, 879125, 997717, 1109301, 1183766]",22, 2968,2019-01-16,M,0.6666666666666666,22,M,['TW 10 LINGUETTE']
392,"[422349, 502923, 1109301]",3, 2968 4112,2019-01-16,M,0.6666666666666666,3,M,"['TW 10 LINGUETTE', 'LAVAGE CLU']"
393,"[279979, 473727, 502923]",3, 2968 4125,2019-01-16,M,0.6666666666666666,3,M,"['TW 10 LINGUETTE', 'RECHARGE LAVAGE TW - A']"
394,"[422349, 1109301]",2, 2968 4126 4112,2019-01-16,M,0.6666666666666666,2,M,"['TW 10 LINGUETTE', 'RECHARGE LAVAGE', 'LAVAGE CLU']"
395,"[483161, 615259]",2, 2968 2368,2019-01-16,M,0.6666666666666666,2,M,"['TW 10 LINGUETTE', 'EVIAN 50CL']"
396,"[132454, 214272, 276094, 341023, 392366, 449026, 616909, 652195, 1026604, 1063727, 1193813, 1204589]",12, 5625,2019-01-16,M,0.6666666666666666,12,M,['MARS  51G']
397,"[110754, 121192, 154184, 186860, 252184, 261502, 269882, 281555, 348948, 387660, 434234, 466214, 470752, 518375, 887828, 961949, 1080578]",17, 4136,2019-01-16,M,0.6666666666666666,17,M,['RECHARGE LAVAGE TW - D']
398,"[186860, 252184, 887828]",3, 4136 4112,2019-01-16,M,0.6666666666666666,3,M,"['RECHARGE LAVAGE TW - D', 'LAVAGE CLU']"
399,"[261502, 348948, 961949]",3, 4136 2946,2019-01-16,M,0.6666666666666666,3,M,"['RECHARGE LAVAGE TW - D', 'TW  LAVE GLACE']"
400,"[138965, 155913, 268529, 384261, 390199, 410824, 532306, 573223, 680791, 740786, 755092, 1165427, 1188682, 1191605, 1238156]",15, 2369,2019-01-16,M,0.6666666666666666,15,M,['EVIAN 1L PET*']
401,"[109302, 468467, 478556, 510669, 573366, 595081, 598391, 599279, 658129, 704970, 1178133]",11, 2139,2019-01-16,M,0.6666666666666666,11,M,['TW DEGIVRANT 40']
402,"[573366, 599279, 704970]",3, 2139 2946,2019-01-16,M,0.6666666666666666,3,M,"['TW DEGIVRANT 40', 'TW  LAVE GLACE']"
403,"[113487, 263913, 315579, 517260, 518911, 556301, 560139, 686138, 899638, 900464, 913464]",11, 431,2019-01-16,M,0.6666666666666666,11,M,['CAFE EXPRESSO']
404,"[111211, 152797, 173319, 238881, 320242, 545072, 565546, 665395, 911353, 1139380]",10, 4750,2019-01-16,M,0.6666666666666666,10,M,['GANTS MANUTENTION']
405,"[320242, 911353]",2, 4750 4112,2019-01-16,M,0.6666666666666666,2,M,"['GANTS MANUTENTION', 'LAVAGE CLU']"
406,"[220158, 456892, 494061, 622371, 636458]",5, 721,2019-01-16,M,0.6666666666666666,5,M,['BD. PAIN CHOCOLAT PAC']
407,"[344702, 468426, 995860, 1016894, 1036452, 1058591, 1082751, 1191605]",8, 1547,2019-01-16,M,0.6666666666666666,8,M,['SAC BOUTIQUE KRAFT']
408,"[995860, 1036452, 1082751]",3, 1547 263,2019-01-16,M,0.6666666666666666,3,M,"['SAC BOUTIQUE KRAFT', 'REMISE BUS AUTOROUTE 9\x80']"
409,"[164597, 180230, 194411, 252901, 267463, 369660, 380689, 436127, 519861, 953133]",10, 2945,2019-01-16,M,0.6666666666666666,10,M,['TW LAVE GLACE H 2L']
410,"[194411, 369660, 380689]",3, 2945 4126,2019-01-16,M,0.6666666666666666,3,M,"['TW LAVE GLACE H 2L', 'RECHARGE LAVAGE']"
411,"[218498, 229065, 249449, 344157, 345337, 372038, 399691, 501153, 582622]",9, 2977,2019-01-16,M,0.6666666666666666,9,M,['product-3217770314245']
412,"[218498, 249449, 344157, 345337, 372038, 399691, 501153, 582622]",8, 2977 2975,2019-01-16,M,0.6666666666666666,8,M,"['product-3217770314245', 'TW LAVE GLACE DEG. 4L']"
413,"[344157, 372038]",2, 2977 2975 4125,2019-01-16,M,0.6666666666666666,2,M,"['product-3217770314245', 'TW LAVE GLACE DEG. 4L', 'RECHARGE LAVAGE TW - A']"
414,"[229065, 399691]",2, 2977 4074,2019-01-16,M,0.6666666666666666,2,M,"['product-3217770314245', 'BIDON AD BLUE 10L']"
415,"[107844, 207105, 229065, 400992, 401551, 505184, 554667, 606762, 1030310]",9, 2947,2019-01-16,M,0.6666666666666666,9,M,['TW  LAVE GLACE -30 4L']
416,"[155231, 213120, 363786, 390427, 449026, 482021, 844279, 1188282]",8, 5754,2019-01-16,M,0.6666666666666666,8,M,['product-5050100000924']
417,"[206236, 376177, 408811, 589776, 950781, 995860]",6, 5941,2019-01-16,M,0.6666666666666666,6,M,['COCA COLA SLIM']
418,"[363786, 482021, 551221, 865871, 1161406, 1197149]",6, 6796,2019-01-16,M,0.6666666666666666,6,M,['CHUPA CHUPS  UN']
419,"[482021, 865871]",2, 6796 4112,2019-01-16,M,0.6666666666666666,2,M,"['CHUPA CHUPS  UN', 'LAVAGE CLU']"
420,"[363786, 482021]",2, 6796 5754,2019-01-16,M,0.6666666666666666,2,M,"['CHUPA CHUPS  UN', 'product-5050100000924']"
421,"[252184, 416555, 531398, 588965, 594535, 608176, 740786, 899638]",8, 1531,2019-01-16,M,0.6666666666666666,8,M,['product-12520039']
422,"[120672, 603391, 616689, 705599, 955102, 1016894, 1086227]",7, 1532,2019-01-16,M,0.6666666666666666,7,M,['product-12520046']
423,"[603391, 616689, 705599]",3, 1532 1538,2019-01-16,M,0.6666666666666666,3,M,"['product-12520046', 'RECHARGE CAFÉ CLUB 2\x80']"
424,"[123777, 880018, 964762]",3, 1858,2019-01-16,M,0.6666666666666666,3,M,['CR PART DE TART']
425,"[494061, 531398, 1016894, 1036452, 1043111]",5, 2797,2019-01-16,M,0.6666666666666666,5,M,['COCA COLA 50CL PET']
426,"[1016894, 1036452]",2, 2797 1547,2019-01-16,M,0.6666666666666666,2,M,"['COCA COLA 50CL PET', 'SAC BOUTIQUE KRAFT']"
427,"[341023, 602997, 1238217]",3, 6969,2019-01-16,M,0.6666666666666666,3,M,['RED BULL BTE 25CL']
428,"[155879, 240766, 399691, 457287, 989025, 1060176, 1065158]",7, 1738,2019-01-16,M,0.6666666666666666,7,M,['CR CAFE EXPRESSO']
429,"[156096, 301402, 352539, 428651, 869865, 997163, 1225976]",7, 2180,2019-01-16,M,0.6666666666666666,7,M,['ADBLUE BIDON 5L']
430,"[194561, 363786, 449026, 551221, 865871, 1063727, 1204589]",7, 5623,2019-01-16,M,0.6666666666666666,7,M,['SNICKERS 50G']
431,"[449026, 1063727, 1204589]",3, 5623 5625,2019-01-16,M,0.6666666666666666,3,M,"['SNICKERS 50G', 'MARS  51G']"
432,"[363786, 449026]",2, 5623 5754,2019-01-16,M,0.6666666666666666,2,M,"['SNICKERS 50G', 'product-5050100000924']"
433,"[363786, 551221, 865871]",3, 5623 6796,2019-01-16,M,0.6666666666666666,3,M,"['SNICKERS 50G', 'CHUPA CHUPS  UN']"
434,"[101105, 366974, 424321, 429748, 787610, 1036212]",6, 4104,2019-01-16,M,0.6666666666666666,6,M,['LAVAGE 6 PLEIN TARIF']
435,"[149350, 181642, 521201, 524978, 908701, 976105]",6, 4127,2019-01-16,M,0.6666666666666666,6,M,['REC LAVAGE PJE  20 U']
436,"[286173, 300175, 975853, 1178332]",4, 4130,2019-01-16,M,0.6666666666666666,4,M,['ASPIRATEUR']
437,"[180273, 191835, 415088, 510086, 599279, 1053328]",6, 4137,2019-01-16,M,0.6666666666666666,6,M,['REC LAVAGE PJE 97 U']
438,"[220158, 531053, 1082751, 1179263]",4, 4420,2019-01-16,M,0.6666666666666666,4,M,['TROPICANA MULTI']
439,"[531053, 1082751, 1179263]",3, 4420 263,2019-01-16,M,0.6666666666666666,3,M,"['TROPICANA MULTI', 'REMISE BUS AUTOROUTE 9\x80']"
440,"[199194, 518759, 596217, 680791, 910238, 964536]",6, 5607,2019-01-16,M,0.6666666666666666,6,M,['COCA COLA ZERO 50CL PET']
441,"[518759, 596217, 680791]",3, 5607 263,2019-01-16,M,0.6666666666666666,3,M,"['COCA COLA ZERO 50CL PET', 'REMISE BUS AUTOROUTE 9\x80']"
442,"[227267, 277744, 607833, 625131, 890821, 1080578]",6, 5839,2019-01-16,M,0.6666666666666666,6,M,['BATON LAIT NOISETTE  45G']
443,"[596217, 796448, 1202978]",3, 6369,2019-01-16,M,0.6666666666666666,3,M,['HOLLYW.GREEN D.S/S GREEN FRESH 14G']
444,"[456892, 528415, 622371, 636458, 1095891]",5, 1622,2019-01-16,M,0.6666666666666666,5,M,['CR PAIN AU CHOCOLAT']
445,"[456892, 622371, 636458]",3, 1622 721,2019-01-16,M,0.6666666666666666,3,M,"['CR PAIN AU CHOCOLAT', 'BD. PAIN CHOCOLAT PAC']"
446,"[350390, 393439, 865871, 871654]",4, 1685,2019-01-16,M,0.6666666666666666,4,M,['CHEW GUM HOLLY']
447,"[393439, 865871]",2, 1685 4112,2019-01-16,M,0.6666666666666666,2,M,"['CHEW GUM HOLLY', 'LAVAGE CLU']"
448,"[117157, 152992, 287754, 551221]",4, 1703,2019-01-16,M,0.6666666666666666,4,M,['KIT KAT 45G']
449,"[152992, 287754]",2, 1703 4112,2019-01-16,M,0.6666666666666666,2,M,"['KIT KAT 45G', 'LAVAGE CLU']"
450,"[287754, 350390, 607833, 687773]",4, 1912,2019-01-16,M,0.6666666666666666,4,M,['product-210224086']
451,"[287754, 607833]",2, 1912 4126,2019-01-16,M,0.6666666666666666,2,M,"['product-210224086', 'RECHARGE LAVAGE']"
452,"[351040, 361741, 890821, 1179103]",4, 2635,2019-01-16,M,0.6666666666666666,4,M,['OASIS POM.CAS.F']
453,"[199194, 450524, 712041]",3, 2855,2019-01-16,M,0.6666666666666666,3,M,['PERRIER PET 50CL']
454,"[199194, 712041]",2, 2855 4125,2019-01-16,M,0.6666666666666666,2,M,"['PERRIER PET 50CL', 'RECHARGE LAVAGE TW - A']"
455,"[752568, 1007975, 1082751]",3, 3437 263,2019-01-16,M,0.6666666666666666,3,M,"['PITCH CHOCOLAT X4 PASQUIER', 'REMISE BUS AUTOROUTE 9\x80']"
456,"[113787, 138794, 716095, 1159705]",4, 4099,2019-01-16,M,0.6666666666666666,4,M,['LAVAGE 1 PLEIN']
457,"[249189, 346415, 482512, 988859, 1000212]",5, 4129,2019-01-16,M,0.6666666666666666,5,M,['REC LAVAGE PJE']
458,"[206236, 449026, 566577, 1063727, 1161406]",5, 5631,2019-01-16,M,0.6666666666666666,5,M,['TWIX 50G']
459,"[449026, 1063727]",2, 5631 5623 5625,2019-01-16,M,0.6666666666666666,2,M,"['TWIX 50G', 'SNICKERS 50G', 'MARS  51G']"
460,"[310155, 333577, 555653, 561354]",4, 6259,2019-01-16,M,0.6666666666666666,4,M,['ARBRE MAGIQUE VANILLE']
461,"[113487, 518911, 1063076, 1152114]",4, 890,2019-01-16,M,0.6666666666666666,4,M,['product-5401046']
462,"[113487, 518911]",2, 890 431,2019-01-16,M,0.6666666666666666,2,M,"['product-5401046', 'CAFE EXPRESSO']"
463,"[274330, 567649, 636458, 659160]",4, 1533,2019-01-16,M,0.6666666666666666,4,M,['product-12520053']
464,"[246440, 366974, 366994, 408811]",4, 1846,2019-01-16,M,0.6666666666666666,4,M,['product-99990000']
465,"[286391, 376177, 901480]",3, 2216,2019-01-16,M,0.6666666666666666,3,M,['LU BARQUETTE FRAISE 120G']
466,"[588965, 1161406]",2, 2640,2019-01-16,M,0.6666666666666666,2,M,['ORANGINA 33CL']
467,"[122976, 229572, 417564, 555753]",4, 2930,2019-01-16,M,0.6666666666666666,4,M,['TOTAL ANTI CREV']
468,"[279941, 528415, 594535, 721265]",4, 3510,2019-01-16,M,0.6666666666666666,4,M,['CRISTALINE 1.5L']
469,"[191307, 300175, 910448]",3, 4131,2019-01-16,M,0.6666666666666666,3,M,['LAVAGE 2 PLEIN TARIF']
470,"[282533, 579893, 975853, 1220283]",4, 4132,2019-01-16,M,0.6666666666666666,4,M,['LAVAGE 3 PLEIN']
471,"[535929, 596217, 963615]",3, 4144,2019-01-16,M,0.6666666666666666,3,M,['BUS AUTOROUTE']
472,"[346289, 551221, 603391, 616689]",4, 4149,2019-01-16,M,0.6666666666666666,4,M,['CADEAU JAUGE TR']
473,"[346289, 603391, 616689]",3, 4149 1538,2019-01-16,M,0.6666666666666666,3,M,"['CADEAU JAUGE TR', 'RECHARGE CAFÉ CLUB 2\x80']"
474,"[603391, 616689]",2, 4149 1532 1538,2019-01-16,M,0.6666666666666666,2,M,"['CADEAU JAUGE TR', 'product-12520046', 'RECHARGE CAFÉ CLUB 2\x80']"
475,"[531053, 1082751]",2, 4439 263 4420,2019-01-16,M,0.6666666666666666,2,M,"['product-3502110009449', 'REMISE BUS AUTOROUTE 9\x80', 'TROPICANA MULTI']"
476,"[179267, 410824, 427408]",3, 5925,2019-01-16,M,0.6666666666666666,3,M,['COCA COLA  1L']
477,"[596217, 619453, 995860]",3, 6723,2019-01-16,M,0.6666666666666666,3,M,['SAN PELLEGRINO  50CL']
478,"[596217, 995860]",2, 6723 263,2019-01-16,M,0.6666666666666666,2,M,"['SAN PELLEGRINO  50CL', 'REMISE BUS AUTOROUTE 9\x80']"
479,"[464167, 589104, 723615]",3, 1,2019-01-16,M,0.6666666666666666,3,M,['product-1']
480,"[153673, 502923, 595081]",3, 13,2019-01-16,M,0.6666666666666666,3,M,['product-13']
481,"[517260, 900464]",2, 1162 431,2019-01-16,M,0.6666666666666666,2,M,"['BD - - - A EMPO', 'CAFE EXPRESSO']"
482,"[556301, 686138, 913464]",3, 1378 431,2019-01-16,M,0.6666666666666666,3,M,"['BD PAIN RAISIN', 'CAFE EXPRESSO']"
483,"[263913, 567649, 1063076]",3, 1394,2019-01-16,M,0.6666666666666666,3,M,['BD DOUBLE EXPRE']
484,"[487374, 566577, 1063727]",3, 1707,2019-01-16,M,0.6666666666666666,3,M,['BOUNTY CHOC LAIT 57G']
485,"[566577, 1063727]",2, 1707 5631,2019-01-16,M,0.6666666666666666,2,M,"['BOUNTY CHOC LAIT 57G', 'TWIX 50G']"
486,"[625131, 910238, 1202978]",3, 1743,2019-01-16,M,0.6666666666666666,3,M,['LION UNITE 42G']
487,"[131320, 504878]",2, 1750,2019-01-16,M,0.6666666666666666,2,M,"[""FISHERMAN'S EUC""]"
488,"[273829, 338619]",2, 1760,2019-01-16,M,0.6666666666666666,2,M,['COCA COLA CHERRY 50CL PET']
489,"[107305, 616909]",2, 1785,2019-01-16,M,0.6666666666666666,2,M,['KINDER BUENO LAIT 43G']
490,"[348085, 502923, 1017324]",3, 1795,2019-01-16,M,0.6666666666666666,3,M,['MENTOS BOTTLE MENTHE D. 60G']
491,"[256229, 531053, 995860]",3, 2236,2019-01-16,M,0.6666666666666666,3,M,['product-3021760403891']
492,"[531053, 995860]",2, 2236 263,2019-01-16,M,0.6666666666666666,2,M,"['product-3021760403891', 'REMISE BUS AUTOROUTE 9\x80']"
493,"[396894, 652195]",2, 2250,2019-01-16,M,0.6666666666666666,2,M,['ROUDOR ST MICHEL 150G']
494,"[152992, 1163442, 1179263]",3, 2317,2019-01-16,M,0.6666666666666666,3,M,['VOLVIC NATURE 50CL']
495,"[344702, 1006578]",2, 2325,2019-01-16,M,0.6666666666666666,2,M,['VOLVIC ZEST CIT']
496,"[146201, 697825, 1049074]",3, 2363,2019-01-16,M,0.6666666666666666,3,M,"['EVIAN 1,5L']"
497,"[138965, 435521, 827281]",3, 2440,2019-01-16,M,0.6666666666666666,3,M,['FOL EPI 7TR 150G']
498,"[444898, 478167, 680791]",3, 2754,2019-01-16,M,0.6666666666666666,3,M,"[""CHIPS LAY'S BBQ""]"
499,"[325026, 721265]",2, 2820,2019-01-16,M,0.6666666666666666,2,M,['COCOTTES CHOCOL']
500,"[173319, 201118, 1045791]",3, 2956,2019-01-16,M,0.6666666666666666,3,M,['TOTAL ADBLUE BEC V. 5L']
501,"[384301, 461997, 773493]",3, 2976,2019-01-16,M,0.6666666666666666,3,M,['product-3217770314238']
502,"[686138, 950781]",2, 3324,2019-01-16,M,0.6666666666666666,2,M,['SDW MEAG THON 230G']
503,"[458323, 961231, 963372]",3, 3625,2019-01-16,M,0.6666666666666666,3,M,['product-3323726500539']
504,"[344702, 734723, 988692]",3, 3737,2019-01-16,M,0.6666666666666666,3,M,['TRANC MIMO 200G DM']
505,"[580695, 901480, 1191605]",3, 3875,2019-01-16,M,0.6666666666666666,3,M,['TRIANGLE JAMBOM']
506,"[123501, 518759, 1070333]",3, 3876,2019-01-16,M,0.6666666666666666,3,M,['SDW XXL THON CRUD 230G DAUNAT']
507,"[518911, 521183, 1152114]",3, 4145,2019-01-16,M,0.6666666666666666,3,M,['BUS AUTOROUTE R']
508,"[518911, 1152114]",2, 4145 890,2019-01-16,M,0.6666666666666666,2,M,"['BUS AUTOROUTE R', 'product-5401046']"
509,"[265630, 468426]",2, 5795,2019-01-16,M,0.6666666666666666,2,M,['CHIPS TYRELLS MELANGE LEG 40G']
510,"[387532, 400916, 562434]",3, 5929,2019-01-16,M,0.6666666666666666,3,M,['COCA COLA ZERO']
511,"[387532, 400916]",2, 5929 4112,2019-01-16,M,0.6666666666666666,2,M,"['COCA COLA ZERO', 'LAVAGE CLU']"
512,"[175370, 466214, 511792]",3, 6183,2019-01-16,M,0.6666666666666666,3,M,['product-6206300390603']
513,"[201584, 203556, 922012]",3, 6336,2019-01-16,M,0.6666666666666666,3,M,['PETIT ECOL.CHOC.LT']
514,"[297113, 519306, 1219646]",3, 6346,2019-01-16,M,0.6666666666666666,3,M,['PRINCE GRANOLA LAIT 200 G']
515,"[208285, 360593, 829955]",3, 6356 269,2019-01-16,M,0.6666666666666666,3,M,"['GRANOLA BROWNIE', 'product-8860']"
516,"[218498, 576712]",2, 6894,2019-01-16,M,0.6666666666666666,2,M,['LAMPE H7 12V 55W PREMIU']
517,"[392698, 950781, 1219646]",3, 6971,2019-01-16,M,0.6666666666666666,3,M,['RED BULL 355ML']
518,"[433073, 579539]",2, 57,2019-01-16,M,0.6666666666666666,2,M,['product-100']
519,"[268921, 579539]",2, 63,2019-01-16,M,0.6666666666666666,2,M,['product-106']
520,"[142659, 762882]",2, 171,2019-01-16,M,0.6666666666666666,2,M,['product-463']
521,"[305264, 541417]",2, 233,2019-01-16,M,0.6666666666666666,2,M,['product-1964']
522,"[1159098, 1238156]",2, 604,2019-01-16,M,0.6666666666666666,2,M,['CR SANDWICH CAP']
523,"[113566, 123777]",2, 650,2019-01-16,M,0.6666666666666666,2,M,['product-3450138']
524,"[277744, 989025]",2, 688,2019-01-16,M,0.6666666666666666,2,M,['CR EVIAN PET 50CL']
525,"[240766, 457287]",2, 699 1738 500,2019-01-16,M,0.6666666666666666,2,M,"['product-3461039', 'CR CAFE EXPRESSO', 'CR TARTE PISTAC']"
526,"[277744, 881754]",2, 709,2019-01-16,M,0.6666666666666666,2,M,['CR TARTE CITRON MERINGUÉET']
527,"[521183, 560139]",2, 1073,2019-01-16,M,0.6666666666666666,2,M,['product-5450138']
528,"[315579, 517260]",2, 1120 431,2019-01-16,M,0.6666666666666666,2,M,"['BD VITTEL PET 5', 'CAFE EXPRESSO']"
529,"[560139, 1152114]",2, 1152,2019-01-16,M,0.6666666666666666,2,M,['product-5462021']
530,"[263913, 567649]",2, 1381 1394,2019-01-16,M,0.6666666666666666,2,M,"['BD MAXI CHOCO', 'BD DOUBLE EXPRE']"
531,"[358394, 521183]",2, 1391,2019-01-16,M,0.6666666666666666,2,M,['BD TARTELETTE A']
532,"[819872, 1212304]",2, 1400,2019-01-16,M,0.6666666666666666,2,M,['BD GRAND CREME']
533,"[227267, 287754]",2, 1704,2019-01-16,M,0.6666666666666666,2,M,['KIT KAT X 3  124.50']
534,"[285090, 988692]",2, 1791,2019-01-16,M,0.6666666666666666,2,M,['TIC TAC MENTHE EXT F 18G']
535,"[607833, 1060176]",2, 1801,2019-01-16,M,0.6666666666666666,2,M,['KINDER BUENO WHITE 39G']
536,"[908659, 1202978]",2, 1829,2019-01-16,M,0.6666666666666666,2,M,['MENTOS RAINBOW 38G']
537,"[110297, 964762]",2, 1853,2019-01-16,M,0.6666666666666666,2,M,['CR SANDWICH VOL']
538,"[433889, 570444]",2, 1997,2019-01-16,M,0.6666666666666666,2,M,['product-84600000191']
539,"[203556, 396894]",2, 2214,2019-01-16,M,0.6666666666666666,2,M,['LU PALMITO 100G']
540,"[612953, 979705]",2, 2362,2019-01-16,M,0.6666666666666666,2,M,['EVIAN FREERIDE 75 CL']
541,"[344702, 1058591]",2, 2446 1547,2019-01-16,M,0.6666666666666666,2,M,"['product-3095758863011', 'SAC BOUTIQUE KRAFT']"
542,"[866605, 1163442]",2, 2461,2019-01-16,M,0.6666666666666666,2,M,['HARI SACHET 120']
543,"[361741, 712041]",2, 2645,2019-01-16,M,0.6666666666666666,2,M,['PULCO CITRONNADE 50CL']
544,"[884176, 922012]",2, 2755,2019-01-16,M,0.6666666666666666,2,M,"[""CHIPS SEL  LAY'S 75G""]"
545,"[107305, 865871]",2, 2756,2019-01-16,M,0.6666666666666666,2,M,"[""CHIPS LAY'S BBQ 75G""]"
546,"[286391, 963615]",2, 2853,2019-01-16,M,0.6666666666666666,2,M,['PERRIER CITRON']
547,"[153673, 262444]",2, 2911,2019-01-16,M,0.6666666666666666,2,M,['TW 16 LINGETTES PLASTIQUES']
548,"[478556, 510669]",2, 2927 2139,2019-01-16,M,0.6666666666666666,2,M,"['GRATTE GIVRE BL', 'TW DEGIVRANT 40']"
549,"[192639, 596052]",2, 2948,2019-01-16,M,0.6666666666666666,2,M,['TOTAL  LIQ.REFR']
550,"[988692, 1058591]",2, 3137,2019-01-16,M,0.6666666666666666,2,M,['LAIT 1/2 ECREME']
551,"[478167, 594535]",2, 3177,2019-01-16,M,0.6666666666666666,2,M,['product-3222477003972']
552,"[286391, 588965]",2, 3269,2019-01-16,M,0.6666666666666666,2,M,['SDW GOUR SAUMON']
553,"[265630, 589776]",2, 3274,2019-01-16,M,0.6666666666666666,2,M,['SDW.COMP.POULET ROT 125G']
554,"[575827, 884176]",2, 3517,2019-01-16,M,0.6666666666666666,2,M,['CROIBLEU SEVE PIN 100G']
555,"[963615, 1070333]",2, 3873,2019-01-16,M,0.6666666666666666,2,M,['SDW THON CRUD 160G DAUNAT']
556,"[619453, 964536]",2, 3874,2019-01-16,M,0.6666666666666666,2,M,['SDW TRI POULET MAY 160G DAUNAT']
557,"[596222, 1179103]",2, 3877,2019-01-16,M,0.6666666666666666,2,M,['XXL JBON EMM.SALADE  230G']
558,"[153673, 1221464]",2, 4081,2019-01-16,M,0.6666666666666666,2,M,['TOTAL ACTIVA 9000 5W40 2L']
559,"[189043, 212139]",2, 4101,2019-01-16,M,0.6666666666666666,2,M,['LAVAGE 4 PLEIN']
560,"[121128, 371575]",2, 4103,2019-01-16,M,0.6666666666666666,2,M,['LAVAGE 5 PLEIN']
561,"[333496, 1076431]",2, 4128,2019-01-16,M,0.6666666666666666,2,M,['REC LAVAGE PJE 35U']
562,"[348085, 616635]",2, 4218,2019-01-16,M,0.6666666666666666,2,M,['BATON BERGER NATURE 80G']
563,"[492650, 653292]",2, 4877,2019-01-16,M,0.6666666666666666,2,M,['CARAMBAR PIECE']
564,"[392698, 616909]",2, 5470,2019-01-16,M,0.6666666666666666,2,M,['KIT KAT CHUNKY']
565,"[285090, 910238]",2, 5496,2019-01-16,M,0.6666666666666666,2,M,['TICTAC DUO T100 49G']
566,"[152992, 155231]",2, 5530,2019-01-16,M,0.6666666666666666,2,M,"[""M & M'S CACAHUE""]"
567,"[191426, 361741]",2, 5531,2019-01-16,M,0.6666666666666666,2,M,['BOUNTY LAIT 3BO']
568,"[282112, 519306]",2, 5532,2019-01-16,M,0.6666666666666666,2,M,"[""M&M'S CACAHUET BLEU 100G""]"
569,"[227267, 315579]",2, 5634,2019-01-16,M,0.6666666666666666,2,M,['MARS 2 PACKS 78.8G']
570,"[622174, 1238217]",2, 5752,2019-01-16,M,0.6666666666666666,2,M,['PRINGLES ORIGIN']
571,"[167298, 740276]",2, 5772,2019-01-16,M,0.6666666666666666,2,M,['PRINGLES CREME O 175G']
572,"[179267, 910238]",2, 5827,2019-01-16,M,0.6666666666666666,2,M,['LU PIMS ORANGE 150G']
573,"[732484, 1110941]",2, 6273,2019-01-16,M,0.6666666666666666,2,M,['product-7612720208920']
574,"[206236, 950781]",2, 6306 5941,2019-01-16,M,0.6666666666666666,2,M,"['CRUNCH SNACK 33G', 'COCA COLA SLIM']"
575,"[867539, 897203]",2, 6337,2019-01-16,M,0.6666666666666666,2,M,['PETIT ECOLIER P']
576,"[183978, 487374]",2, 6357,2019-01-16,M,0.6666666666666666,2,M,['HOLLYWOOD POWER FRESH 96']
577,"[244198, 1158336]",2, 6388,2019-01-16,M,0.6666666666666666,2,M,['MILKA DAIM 37G']
578,"[244198, 866605]",2, 6972,2019-01-16,M,0.6666666666666666,2,M,['RED BULL 473ML']
579,"[109220, 1080578]",2, 6985,2019-01-16,M,0.6666666666666666,2,M,['PAGO ACE 33CL P']
580,"[106500, 107174, 107874, 109076, 114811, 116188, 118554, 124291, 130640, 132014, 136064, 138682, 139568, 145230, 150337, 150382, 159219, 162796, 163869, 167823, 169206, 170884, 175596, 178222, 178285, 180952, 189014, 190085, 193333, 199911, 203657, 203819, 206416, 215782, 220492, 227132, 230440, 241230, 244827, 245076, 249865, 259132, 259945, 275978, 281956, 286890, 291899, 292709, 306731, 312801, 312955, 318075, 331786, 332432, 332635, 356806, 359007, 361281, 363005, 369391, 369654, 371444, 381808, 382530, 389312, 400840, 406056, 407610, 414738, 421208, 424865, 430778, 433003, 437974, 446535, 447717, 449743, 450548, 451301, 454219, 461624, 466822, 470752, 473077, 473727, 498529, 500694, 501187, 501913, 504878, 517260, 518488, 523099, 524978, 525889, 533525, 536487, 540517, 541453, 542559, 543430, 545368, 551633, 557541, 560724, 563868, 576981, 580987, 600607, 601654, 616790, 618219, 658494, 684214, 711308, 715453, 731462, 794611, 833102, 838634, 842634, 869865, 879068, 885525, 888764, 898398, 905119, 915084, 919299, 934626, 947685, 948247, 984547, 985588, 1017395, 1027715, 1030140, 1037084, 1046200, 1049044, 1069071, 1088671, 1089136, 1105632, 1109186, 1150667, 1163691, 1167570, 1171591, 1180306, 1191297, 1198602, 1207494, 1229161]",154, 4112,2019-01-23,M,0.75,154,M,['LAVAGE CLU']
581,"[108938, 111737, 114666, 118478, 130181, 133892, 145875, 156634, 179742, 187715, 198674, 205109, 235462, 244827, 261384, 266488, 270220, 282396, 328934, 353175, 354333, 368080, 368496, 395023, 403184, 421137, 423574, 427250, 437004, 445481, 449488, 456209, 474673, 482998, 483533, 485938, 523545, 524777, 530862, 554580, 573259, 603391, 607784, 612824, 616689, 734723, 739860, 746930, 747609, 752912, 868266, 903640, 905130, 957469, 995860, 999796, 1103098, 1106966, 1163691, 1166148, 1167207, 1167617, 1168767, 1171370, 1171591, 1172616, 1198352, 1205586, 1218364, 1221607, 1226398, 1226798, 1234306, 1237802]",74, 163,2019-01-23,M,0.75,74,M,['product-451']
582,"[108938, 116759, 118478, 127303, 133892, 146208, 156634, 205109, 244827, 261384, 270220, 308992, 329014, 368080, 381555, 421137, 427096, 427250, 427921, 437004, 453193, 460228, 468541, 483533, 489993, 512485, 523545, 552846, 556062, 603391, 607784, 612824, 616689, 739860, 746930, 903640, 957469, 971143, 999796, 1095891, 1163691, 1166148, 1167207, 1168767, 1171591, 1196697, 1198352, 1205586, 1206265, 1234306, 1236675]",51, 1538,2019-01-23,M,0.75,51,M,['RECHARGE CAFÉ CLUB 2\x80']
583,"[108938, 118478, 133892, 156634, 205109, 244827, 261384, 270220, 368080, 421137, 427250, 437004, 483533, 523545, 603391, 607784, 612824, 616689, 739860, 746930, 903640, 957469, 999796, 1163691, 1166148, 1167207, 1168767, 1171591, 1198352, 1205586, 1234306]",31, 1538 163,2019-01-23,M,0.75,31,M,"['RECHARGE CAFÉ CLUB 2\x80', 'product-451']"
584,"[244827, 1163691, 1171591]",3, 1538 163 4112,2019-01-23,M,0.75,3,M,"['RECHARGE CAFÉ CLUB 2\x80', 'product-451', 'LAVAGE CLU']"
585,"[106129, 115111, 120768, 121128, 134483, 138682, 154890, 156705, 166603, 183878, 193333, 193465, 198355, 199285, 207483, 229252, 231893, 245076, 308273, 315579, 329649, 332635, 339822, 394947, 406056, 406750, 410921, 428887, 431743, 433003, 434197, 446169, 447717, 451301, 454013, 458615, 470752, 472493, 472871, 475180, 481859, 497223, 500694, 538471, 598952, 618550, 626343, 651048, 711308, 765382, 868830, 876615, 890216, 911353, 932650, 953088, 970436, 1001810, 1027715, 1037370, 1072489, 1178568, 1202876, 1214860, 1234579, 1234768]",66, 4126,2019-01-23,M,0.75,66,M,['RECHARGE LAVAGE']
586,"[138682, 193333, 245076, 332635, 406056, 433003, 447717, 451301, 470752, 500694, 711308, 1027715]",12, 4126 4112,2019-01-23,M,0.75,12,M,"['RECHARGE LAVAGE', 'LAVAGE CLU']"
587,"[101165, 107874, 113725, 143331, 144626, 145017, 150817, 159082, 194077, 218744, 231629, 234220, 239081, 253255, 261715, 276372, 291752, 293992, 303422, 329819, 346333, 373230, 383124, 384443, 406750, 430886, 432122, 434234, 437974, 439261, 451301, 480366, 512147, 521549, 524222, 548830, 554234, 564535, 596052, 598623, 741709, 794978, 827712, 834283, 835212, 845834, 887379, 919805, 937696, 957568, 999259, 1040391, 1047235, 1059122, 1151882, 1234579]",56, 2946,2019-01-23,M,0.75,56,M,['TW  LAVE GLACE']
588,"[107874, 437974, 451301]",3, 2946 4112,2019-01-23,M,0.75,3,M,"['TW  LAVE GLACE', 'LAVAGE CLU']"
589,"[406750, 451301, 1234579]",3, 2946 4126,2019-01-23,M,0.75,3,M,"['TW  LAVE GLACE', 'RECHARGE LAVAGE']"
590,"[107874, 118554, 125815, 146201, 150382, 178285, 182238, 194077, 249602, 315579, 318322, 321180, 327874, 339428, 361281, 392769, 401551, 421208, 429719, 448660, 454219, 457865, 471841, 477520, 479474, 506632, 510699, 524978, 536722, 538955, 543430, 590488, 796552, 828186, 874911, 881500, 895064, 899574, 911353, 912051, 913899, 915084, 955102, 1005938, 1014432, 1037370, 1057209, 1085225, 1089775, 1115407, 1166865, 1236905]",52, 4125,2019-01-23,M,0.75,52,M,['RECHARGE LAVAGE TW - A']
591,"[107874, 118554, 150382, 178285, 361281, 421208, 454219, 524978, 543430, 915084]",10, 4125 4112,2019-01-23,M,0.75,10,M,"['RECHARGE LAVAGE TW - A', 'LAVAGE CLU']"
592,"[315579, 911353, 1037370]",3, 4125 4126,2019-01-23,M,0.75,3,M,"['RECHARGE LAVAGE TW - A', 'RECHARGE LAVAGE']"
593,"[107874, 194077]",2, 4125 2946,2019-01-23,M,0.75,2,M,"['RECHARGE LAVAGE TW - A', 'TW  LAVE GLACE']"
594,"[105498, 150817, 157833, 164313, 209599, 219965, 276372, 287148, 329426, 409421, 437974, 450648, 506632, 528757, 535686, 543423, 544364, 579539, 590914, 612518, 717565, 732440, 749584, 769710, 778698, 807093, 894344, 959459, 989996, 1056258, 1150209, 1158305, 1197766, 1215438, 1216886]",35, 4074,2019-01-23,M,0.75,35,M,['BIDON AD BLUE 10L']
595,"[150817, 276372, 437974]",3, 4074 2946,2019-01-23,M,0.75,3,M,"['BIDON AD BLUE 10L', 'TW  LAVE GLACE']"
596,"[107463, 120768, 145422, 152186, 184045, 218865, 234661, 236292, 320498, 322776, 337921, 361281, 381808, 433003, 477413, 535249, 594142, 744146, 753583, 832721, 839435, 869888, 912051, 1049044]",24, 2368,2019-01-23,M,0.75,24,M,['EVIAN 50CL']
597,"[361281, 381808, 433003, 1049044]",4, 2368 4112,2019-01-23,M,0.75,4,M,"['EVIAN 50CL', 'LAVAGE CLU']"
598,"[120768, 433003]",2, 2368 4126,2019-01-23,M,0.75,2,M,"['EVIAN 50CL', 'RECHARGE LAVAGE']"
599,"[361281, 912051]",2, 2368 4125,2019-01-23,M,0.75,2,M,"['EVIAN 50CL', 'RECHARGE LAVAGE TW - A']"
600,"[129151, 140093, 148590, 152186, 169206, 173528, 176862, 241682, 305419, 305678, 320498, 401551, 406987, 477520, 510225, 514668, 795191, 875200, 952954, 964983, 989745, 989996]",22, 2975,2019-01-23,M,0.75,22,M,['TW LAVE GLACE DEG. 4L']
601,"[152186, 320498]",2, 2975 2368,2019-01-23,M,0.75,2,M,"['TW LAVE GLACE DEG. 4L', 'EVIAN 50CL']"
602,"[512485, 531053, 574634, 596217, 989025, 995860, 998545, 1014685, 1082751, 1162191, 1179263]",11, 263,2019-01-23,M,0.75,11,M,['REMISE BUS AUTOROUTE 9\x80']
603,"[156974, 240304, 419983, 449743, 518398, 588342, 734723, 776007, 988692, 989025, 995860, 1014685, 1058591, 1082751, 1103098, 1179263, 1181716, 1213768]",18, 1547,2019-01-23,M,0.75,18,M,['SAC BOUTIQUE KRAFT']
604,"[734723, 995860, 1103098]",3, 1547 163,2019-01-23,M,0.75,3,M,"['SAC BOUTIQUE KRAFT', 'product-451']"
605,"[989025, 995860, 1014685, 1082751, 1179263]",5, 1547 263,2019-01-23,M,0.75,5,M,"['SAC BOUTIQUE KRAFT', 'REMISE BUS AUTOROUTE 9\x80']"
606,"[113895, 125034, 271349, 312801, 349959, 354353, 354401, 383984, 441047, 443780, 447321, 484507, 516711, 545368, 717621, 908982, 931866, 1013535, 1112722]",19, 4136,2019-01-23,M,0.75,19,M,['RECHARGE LAVAGE TW - D']
607,"[312801, 545368]",2, 4136 4112,2019-01-23,M,0.75,2,M,"['RECHARGE LAVAGE TW - D', 'LAVAGE CLU']"
608,"[221882, 287131, 387297, 397953, 461322, 506632, 510699, 555398, 588498, 598623, 711308, 808422, 884508, 1046018, 1048870, 1066844, 1068315, 1203042]",18, 2968,2019-01-23,M,0.75,18,M,['TW 10 LINGUETTE']
609,"[506632, 510699]",2, 2968 4125,2019-01-23,M,0.75,2,M,"['TW 10 LINGUETTE', 'RECHARGE LAVAGE TW - A']"
610,"[146201, 228704, 242195, 272307, 298245, 339524, 344415, 357957, 366593, 369391, 404019, 539813, 543323, 560724, 824022]",15, 4750,2019-01-23,M,0.75,15,M,['GANTS MANUTENTION']
611,"[369391, 560724]",2, 4750 4112,2019-01-23,M,0.75,2,M,"['GANTS MANUTENTION', 'LAVAGE CLU']"
612,"[165229, 295397, 332924, 480623, 554904, 561920, 596052, 744146, 819872, 959459, 1013535, 1056258]",12, 2947,2019-01-23,M,0.75,12,M,['TW  LAVE GLACE -30 4L']
613,"[959459, 1056258]",2, 2947 4074,2019-01-23,M,0.75,2,M,"['TW  LAVE GLACE -30 4L', 'BIDON AD BLUE 10L']"
614,"[355387, 391139, 427096, 427250, 491536, 520041, 535454, 578301, 588342, 866385, 1037370, 1059459, 1090029]",13, 2369,2019-01-23,M,0.75,13,M,['EVIAN 1L PET*']
615,"[427096, 427250]",2, 2369 1538,2019-01-23,M,0.75,2,M,"['EVIAN 1L PET*', 'RECHARGE CAFÉ CLUB 2\x80']"
616,"[113014, 162796, 284052, 422871, 424597, 449925, 451658, 523099, 804528, 897154, 1113008, 1158446, 1191682]",13, 4127,2019-01-23,M,0.75,13,M,['REC LAVAGE PJE  20 U']
617,"[162796, 523099]",2, 4127 4112,2019-01-23,M,0.75,2,M,"['REC LAVAGE PJE  20 U', 'LAVAGE CLU']"
618,"[392698, 473077, 602997]",3, 6969,2019-01-23,M,0.75,3,M,['RED BULL BTE 25CL']
619,"[140093, 169206, 176862, 241682, 305419, 305678, 401551, 477520, 510225, 795191, 964983]",11, 2977 2975,2019-01-23,M,0.75,11,M,"['product-3217770314245', 'TW LAVE GLACE DEG. 4L']"
620,"[401551, 477520]",2, 2977 4125 2975,2019-01-23,M,0.75,2,M,"['product-3217770314245', 'RECHARGE LAVAGE TW - A', 'TW LAVE GLACE DEG. 4L']"
621,"[145422, 325873, 517260, 613804, 916245, 963615, 971894, 1243675]",8, 431,2019-01-23,M,0.75,8,M,['CAFE EXPRESSO']
622,"[325873, 466946, 535929, 916245, 998545]",5, 891,2019-01-23,M,0.75,5,M,['product-5401047']
623,"[171664, 199673, 239835, 350593, 387660, 744146, 1048276]",7, 2139,2019-01-23,M,0.75,7,M,['TW DEGIVRANT 40']
624,"[220023, 464167, 723615, 1044423, 1157333]",5, 1,2019-01-23,M,0.75,5,M,['product-1']
625,"[110731, 223161, 339822, 391083, 899725]",5, 1703,2019-01-23,M,0.75,5,M,['KIT KAT 45G']
626,"[397953, 578902, 585069]",3, 1912,2019-01-23,M,0.75,3,M,['product-210224086']
627,"[148590, 160153, 331786, 463030, 534555, 913899, 1029987]",7, 2945,2019-01-23,M,0.75,7,M,['TW LAVE GLACE H 2L']
628,"[116759, 419062, 518488, 540517, 1040391, 1063483]",6, 720,2019-01-23,M,0.75,6,M,['CR COOKIE CHOCOLAT LAIT 103 GR']
629,"[448040, 578301]",2, 1622,2019-01-23,M,0.75,2,M,['CR PAIN AU CHOCOLAT']
630,"[358021, 601306, 1178332]",3, 2265,2019-01-23,M,0.75,3,M,['SUNDY 36G']
631,"[563837, 734723]",2, 2284,2019-01-23,M,0.75,2,M,['LINDT EXCELLENC']
632,"[325873, 339822, 491536, 544364, 916245]",5, 3510,2019-01-23,M,0.75,5,M,['CRISTALINE 1.5L']
633,"[325873, 916245]",2, 3510 891 431,2019-01-23,M,0.75,2,M,"['CRISTALINE 1.5L', 'product-5401047', 'CAFE EXPRESSO']"
634,"[568886, 804528, 1178332]",3, 4130,2019-01-23,M,0.75,3,M,['ASPIRATEUR']
635,"[531053, 1082751, 1162191]",3, 4439 263,2019-01-23,M,0.75,3,M,"['product-3502110009449', 'REMISE BUS AUTOROUTE 9\x80']"
636,"[110731, 934626]",2, 5625,2019-01-23,M,0.75,2,M,['MARS  51G']
637,"[346333, 998545]",2, 2249,2019-01-23,M,0.75,2,M,['GALETTES ST MICHEL 130 G']
638,"[261752, 387459, 406056, 449743, 989025]",5, 2362,2019-01-23,M,0.75,5,M,['EVIAN FREERIDE 75 CL']
639,"[406056, 449743]",2, 2362 4112,2019-01-23,M,0.75,2,M,"['EVIAN FREERIDE 75 CL', 'LAVAGE CLU']"
640,"[449743, 989025]",2, 2362 1547,2019-01-23,M,0.75,2,M,"['EVIAN FREERIDE 75 CL', 'SAC BOUTIQUE KRAFT']"
641,"[170884, 574634, 1014685]",3, 3437,2019-01-23,M,0.75,3,M,['PITCH CHOCOLAT X4 PASQUIER']
642,"[574634, 1014685]",2, 3437 263,2019-01-23,M,0.75,2,M,"['PITCH CHOCOLAT X4 PASQUIER', 'REMISE BUS AUTOROUTE 9\x80']"
643,"[111432, 339428, 394121, 563868, 913899]",5, 4099,2019-01-23,M,0.75,5,M,['LAVAGE 1 PLEIN']
644,"[339428, 913899]",2, 4099 4125,2019-01-23,M,0.75,2,M,"['LAVAGE 1 PLEIN', 'RECHARGE LAVAGE TW - A']"
645,"[521885, 535929, 862846, 963615, 971894]",5, 4145,2019-01-23,M,0.75,5,M,['BUS AUTOROUTE R']
646,"[963615, 971894]",2, 4145 431,2019-01-23,M,0.75,2,M,"['BUS AUTOROUTE R', 'CAFE EXPRESSO']"
647,"[369654, 424865, 431746, 554234, 1042216]",5, 5607,2019-01-23,M,0.75,5,M,['COCA COLA ZERO 50CL PET']
648,"[369654, 424865]",2, 5607 4112,2019-01-23,M,0.75,2,M,"['COCA COLA ZERO 50CL PET', 'LAVAGE CLU']"
649,"[232805, 281956]",2, 5623,2019-01-23,M,0.75,2,M,['SNICKERS 50G']
650,"[240304, 776007]",2, 6336 1547,2019-01-23,M,0.75,2,M,"['PETIT ECOL.CHOC.LT', 'SAC BOUTIQUE KRAFT']"
651,"[397953, 424865, 761035, 776007]",4, 6346,2019-01-23,M,0.75,4,M,['PRINCE GRANOLA LAIT 200 G']
652,"[156974, 281956, 995860, 1213768]",4, 6723,2019-01-23,M,0.75,4,M,['SAN PELLEGRINO  50CL']
653,"[156974, 995860, 1213768]",3, 6723 1547,2019-01-23,M,0.75,3,M,"['SAN PELLEGRINO  50CL', 'SAC BOUTIQUE KRAFT']"
654,"[289065, 369769, 463787]",3, 3,2019-01-23,M,0.75,3,M,['product-3']
655,"[203657, 352539, 497620, 1014415]",4, 24,2019-01-23,M,0.75,4,M,['product-25']
656,"[579539, 1022090, 1205733]",3, 57,2019-01-23,M,0.75,3,M,['product-100']
657,"[199656, 205109, 638666, 674374]",4, 1532,2019-01-23,M,0.75,4,M,['product-12520046']
658,"[100497, 322776, 326485, 1001837]",4, 1738,2019-01-23,M,0.75,4,M,['CR CAFE EXPRESSO']
659,"[392698, 518488, 540517, 903640]",4, 1855,2019-01-23,M,0.75,4,M,['CR SANDWICH CLASSIC']
660,"[518488, 540517]",2, 1855 720 4112,2019-01-23,M,0.75,2,M,"['CR SANDWICH CLASSIC', 'CR COOKIE CHOCOLAT LAIT 103 GR', 'LAVAGE CLU']"
661,"[124464, 196232, 691998]",3, 2134,2019-01-23,M,0.75,3,M,['TW  LAVE GLACE H 4L']
662,"[776007, 1014685, 1162191]",3, 2225,2019-01-23,M,0.75,3,M,['GRANOLA COOKIES']
663,"[1014685, 1162191]",2, 2225 263,2019-01-23,M,0.75,2,M,"['GRANOLA COOKIES', 'REMISE BUS AUTOROUTE 9\x80']"
664,"[776007, 1014685]",2, 2225 1547,2019-01-23,M,0.75,2,M,"['GRANOLA COOKIES', 'SAC BOUTIQUE KRAFT']"
665,"[339822, 995860]",2, 2641,2019-01-23,M,0.75,2,M,['OASIS TROPICAL 33CL']
666,"[202075, 482953]",2, 2853,2019-01-23,M,0.75,2,M,['PERRIER CITRON']
667,"[292885, 988692, 1014685]",3, 3261,2019-01-23,M,0.75,3,M,['FUSILLI FROMAGE 300G']
668,"[988692, 1014685]",2, 3261 1547,2019-01-23,M,0.75,2,M,"['FUSILLI FROMAGE 300G', 'SAC BOUTIQUE KRAFT']"
669,"[262090, 305678, 369654, 571624]",4, 3878,2019-01-23,M,0.75,4,M,['XXL PLET ROTI CRUD. 230G']
670,"[156974, 419983, 512485, 554164]",4, 3881,2019-01-23,M,0.75,4,M,['SDW DAUNAT MINI']
671,"[156974, 419983]",2, 3881 1547,2019-01-23,M,0.75,2,M,"['SDW DAUNAT MINI', 'SAC BOUTIQUE KRAFT']"
672,"[224522, 248106, 280693, 1036212]",4, 4104,2019-01-23,M,0.75,4,M,['LAVAGE 6 PLEIN TARIF']
673,"[397953, 1158336]",2, 5631,2019-01-23,M,0.75,2,M,['TWIX 50G']
674,"[441739, 995860]",2, 5941,2019-01-23,M,0.75,2,M,['COCA COLA SLIM']
675,"[303419, 607850]",2, 221,2019-01-23,M,0.75,2,M,['product-1234']
676,"[734723, 988692]",2, 277 1547,2019-01-23,M,0.75,2,M,"['product-11679', 'SAC BOUTIQUE KRAFT']"
677,"[124913, 416684, 485052]",3, 285,2019-01-23,M,0.75,3,M,['product-19378']
678,"[112041, 419062, 575459]",3, 608,2019-01-23,M,0.75,3,M,['CR SAND PREMIUM']
679,"[869865, 1001837]",2, 610,2019-01-23,M,0.75,2,M,['CRO HOT DOG BACON CHEESE']
680,"[145422, 862846, 963873]",3, 1076,2019-01-23,M,0.75,3,M,['product-5450141']
681,"[521885, 535929, 971894]",3, 1135 4145,2019-01-23,M,0.75,3,M,"['product-5461035', 'BUS AUTOROUTE R']"
682,"[183228, 1033136]",2, 1234,2019-01-23,M,0.75,2,M,['RE. EXPRESSO AVEC NAPOLITTIN']
683,"[176862, 520041, 1060176]",3, 1531,2019-01-23,M,0.75,3,M,['product-12520039']
684,"[229076, 557871, 1236845]",3, 1846,2019-01-23,M,0.75,3,M,['product-99990000']
685,"[275978, 381294, 528757]",3, 2180,2019-01-23,M,0.75,3,M,['ADBLUE BIDON 5L']
686,"[449743, 884508, 1213768]",3, 2211,2019-01-23,M,0.75,3,M,['KINDER BUENO 86G']
687,"[449743, 1213768]",2, 2211 1547,2019-01-23,M,0.75,2,M,"['KINDER BUENO 86G', 'SAC BOUTIQUE KRAFT']"
688,"[339822, 776007]",2, 2220,2019-01-23,M,0.75,2,M,['MIKADO LAIT 75G']
689,"[536398, 715453, 1072489]",3, 2631,2019-01-23,M,0.75,3,M,['ORANGINA PET 50']
690,"[1014685, 1042216, 1221607]",3, 2797,2019-01-23,M,0.75,3,M,['COCA COLA 50CL PET']
691,"[106150, 125815, 574855]",3, 2914,2019-01-23,M,0.75,3,M,['TW DEGIVRANT 500ML']
692,"[175596, 209659, 490823]",3, 2956,2019-01-23,M,0.75,3,M,['TOTAL ADBLUE BEC V. 5L']
693,"[369654, 916245]",2, 3264,2019-01-23,M,0.75,2,M,['RADIATORI CARBONARA 400G XTREM']
694,"[315631, 620502, 977296]",3, 3625,2019-01-23,M,0.75,3,M,['product-3323726500539']
695,"[555714, 1179263]",2, 3649,2019-01-23,M,0.75,2,M,['YOP VANILLE 850G']
696,"[322977, 391139, 498022]",3, 3898,2019-01-23,M,0.75,3,M,['SDW GTX JAMBON']
697,"[493696, 797398, 1029676]",3, 4115,2019-01-23,M,0.75,3,M,['LAVAGE HP PISTE']
698,"[241230, 588498, 1241572]",3, 4137,2019-01-23,M,0.75,3,M,['REC LAVAGE PJE 97 U']
699,"[776007, 984547, 1221607]",3, 4218,2019-01-23,M,0.75,3,M,['BATON BERGER NATURE 80G']
700,"[180952, 232805, 594753]",3, 5754,2019-01-23,M,0.75,3,M,['product-5050100000924']
701,"[267391, 346333, 776007]",3, 5844,2019-01-23,M,0.75,3,M,['GAUFFRE LIEGE CHOCO X5 225G LOTUS']
702,"[488635, 1040391]",2, 5975,2019-01-23,M,0.75,2,M,['STARBUCKS DOUBL']
703,"[339428, 477520, 881500]",3, 6175 4125,2019-01-23,M,0.75,3,M,"['product-6206300138427', 'RECHARGE LAVAGE TW - A']"
704,"[544364, 578301, 984547]",3, 6341,2019-01-23,M,0.75,3,M,['PRINCE CHOCO 300G LU']
705,"[451658, 1179263]",2, 6367,2019-01-23,M,0.75,2,M,['HOLLYW. STYLE C']
706,"[828186, 1095891]",2, 452,2019-01-23,M,0.75,2,M,['product-3401040']
707,"[374468, 575459]",2, 502,2019-01-23,M,0.75,2,M,['CRO SALADE DE F']
708,"[540517, 1001837]",2, 676,2019-01-23,M,0.75,2,M,['CR. COCA COLA Z']
709,"[112041, 374468]",2, 682,2019-01-23,M,0.75,2,M,['CR COCA COLA ZERO PET 50CL']
710,"[419062, 1063483]",2, 691 720,2019-01-23,M,0.75,2,M,"['CRO OASIS TROPICAL BTE 33 CL', 'CR COOKIE CHOCOLAT LAIT 103 GR']"
711,"[599365, 985588]",2, 890,2019-01-23,M,0.75,2,M,['product-5401046']
712,"[963615, 1243675]",2, 970 431,2019-01-23,M,0.75,2,M,"['product-5430201', 'CAFE EXPRESSO']"
713,"[794639, 1243675]",2, 1047,2019-01-23,M,0.75,2,M,['BD LE CIABATTA MIXTE']
714,"[145422, 862846]",2, 1077 1076,2019-01-23,M,0.75,2,M,"['product-5450142', 'product-5450141']"
715,"[517260, 963615]",2, 1119 431,2019-01-23,M,0.75,2,M,"['BD SAN PELLEGRI', 'CAFE EXPRESSO']"
716,"[963615, 963873]",2, 1391,2019-01-23,M,0.75,2,M,['BD TARTELETTE A']
717,"[466946, 985588]",2, 1394,2019-01-23,M,0.75,2,M,['BD DOUBLE EXPRE']
718,"[985588, 998545]",2, 1399,2019-01-23,M,0.75,2,M,['BD TROPICANA VERRE 20CL']
719,"[395250, 594239]",2, 1533,2019-01-23,M,0.75,2,M,['product-12520053']
720,"[150382, 588342]",2, 1705,2019-01-23,M,0.75,2,M,['DRAG SS CHLORO']
721,"[415088, 488635]",2, 1716,2019-01-23,M,0.75,2,M,['FREEDENT WH MF']
722,"[358021, 453834]",2, 1746,2019-01-23,M,0.75,2,M,['EAT NATURAL ABR']
723,"[256735, 391083]",2, 1751,2019-01-23,M,0.75,2,M,['FISHERMAN V.MENT.S/S 25G']
724,"[113206, 281956]",2, 1791,2019-01-23,M,0.75,2,M,['TIC TAC MENTHE EXT F 18G']
725,"[585069, 819859]",2, 1796,2019-01-23,M,0.75,2,M,['MENTOS BOT MENTHE V. 60G']
726,"[282261, 293147]",2, 1797,2019-01-23,M,0.75,2,M,['MENTOS BOT P.FRESH M 60G']
727,"[176862, 724438]",2, 1825 389,2019-01-23,M,0.75,2,M,"['MALBORO', 'MARLBORO']"
728,"[518398, 828186]",2, 1862,2019-01-23,M,0.75,2,M,['CR CAFE DOUBLE']
729,"[423302, 753439]",2, 1937,2019-01-23,M,0.75,2,M,['product-7711238976']
730,"[531053, 995860]",2, 2236 263,2019-01-23,M,0.75,2,M,"['product-3021760403891', 'REMISE BUS AUTOROUTE 9\x80']"
731,"[145422, 322776]",2, 2320 2368,2019-01-23,M,0.75,2,M,"['VOLVIC BOUCHON', 'EVIAN 50CL']"
732,"[193333, 776007]",2, 2363,2019-01-23,M,0.75,2,M,"['EVIAN 1,5L']"
733,"[322977, 419983]",2, 2366,2019-01-23,M,0.75,2,M,['BADOIT PET 50 CL']
734,"[869865, 899725]",2, 2387,2019-01-23,M,0.75,2,M,['product-3068320120287']
735,"[715453, 1090029]",2, 2466,2019-01-23,M,0.75,2,M,['SCHTROUMPFS SAC']
736,"[266716, 1088671]",2, 2634,2019-01-23,M,0.75,2,M,['SCHWEPPES AGRUMES 50CL PET']
737,"[518398, 1014685]",2, 2643 1547,2019-01-23,M,0.75,2,M,"['OASIS TROPICAL', 'SAC BOUTIQUE KRAFT']"
738,"[667914, 1162191]",2, 2754,2019-01-23,M,0.75,2,M,"[""CHIPS LAY'S BBQ""]"
739,"[156974, 266716]",2, 2832,2019-01-23,M,0.75,2,M,['BM QUATRE QUART']
740,"[574634, 1082751]",2, 2851 263,2019-01-23,M,0.75,2,M,"['MADELEINES ST M. 250G', 'REMISE BUS AUTOROUTE 9\x80']"
741,"[381808, 500694]",2, 2899 4112,2019-01-23,M,0.75,2,M,"['TW NET. JANTES SURPUISSANT 500ML', 'LAVAGE CLU']"
742,"[206416, 989394]",2, 2934,2019-01-23,M,0.75,2,M,['TOTAL NET. INJECTEUR DIESEL 250ML']
743,"[159082, 185156]",2, 2949,2019-01-23,M,0.75,2,M,['TOTAL LIQ.REFROID. UNIVERSEL -26C 5L']
744,"[145422, 424865]",2, 3030 2646,2019-01-23,M,0.75,2,M,"['BLANC DE POULET 2TR 80G', 'ORANGINA JAUNE ZERO 50CL']"
745,"[262090, 963615]",2, 3269,2019-01-23,M,0.75,2,M,['SDW GOUR SAUMON']
746,"[554164, 1125216]",2, 3275,2019-01-23,M,0.75,2,M,['SDW CLA JBON BEURRE 125G']
747,"[170884, 199656]",2, 3309,2019-01-23,M,0.75,2,M,['SDW MEGA THON OE TOM 270G']
748,"[554164, 776007]",2, 3404,2019-01-23,M,0.75,2,M,['20 MADELEINES L. CHOCO 250G']
749,"[536398, 830062]",2, 3405,2019-01-23,M,0.75,2,M,['20 MADELEINES L.RAISIN 250G']
750,"[251708, 374468]",2, 3509,2019-01-23,M,0.75,2,M,['CRISTALINE 50CL']
751,"[310155, 515731]",2, 3517,2019-01-23,M,0.75,2,M,['CROIBLEU SEVE PIN 100G']
752,"[266716, 998545]",2, 3876,2019-01-23,M,0.75,2,M,['SDW XXL THON CRUD 230G DAUNAT']
753,"[305678, 369654]",2, 3877 3878,2019-01-23,M,0.75,2,M,"['XXL JBON EMM.SALADE  230G', 'XXL PLET ROTI CRUD. 230G']"
754,"[419983, 1125216]",2, 3882,2019-01-23,M,0.75,2,M,['SDW DAUNAT MIMI']
755,"[290667, 391139]",2, 3922,2019-01-23,M,0.75,2,M,['FLAN PATISSIER 120G DAUNAT']
756,"[758197, 847910]",2, 4061,2019-01-23,M,0.75,2,M,['TOTAL 7000 D 10W40 5L']
757,"[127111, 544364]",2, 4065,2019-01-23,M,0.75,2,M,['TOTAL 7000 D 10W40 2L']
758,"[391139, 888764]",2, 4067,2019-01-23,M,0.75,2,M,['ACTIVA 9000E 1L']
759,"[737667, 1102967]",2, 4128,2019-01-23,M,0.75,2,M,['REC LAVAGE PJE 35U']
760,"[314138, 671210]",2, 4131,2019-01-23,M,0.75,2,M,['LAVAGE 2 PLEIN TARIF']
761,"[341102, 645406]",2, 4132,2019-01-23,M,0.75,2,M,['LAVAGE 3 PLEIN']
762,"[369654, 778855]",2, 4223,2019-01-23,M,0.75,2,M,['BATON DE BERGER']
763,"[156974, 240304]",2, 5339 1547,2019-01-23,M,0.75,2,M,"['YAOURT VANILLE', 'SAC BOUTIQUE KRAFT']"
764,"[110731, 281956]",2, 5530,2019-01-23,M,0.75,2,M,"[""M & M'S CACAHUE""]"
765,"[346333, 451658]",2, 5531,2019-01-23,M,0.75,2,M,['BOUNTY LAIT 3BO']
766,"[401082, 776007]",2, 5592,2019-01-23,M,0.75,2,M,['PILES LR03 X4 S']
767,"[424865, 989025]",2, 5752,2019-01-23,M,0.75,2,M,['PRINGLES ORIGIN']
768,"[562434, 1057197]",2, 5867,2019-01-23,M,0.75,2,M,['LG TTS SAISONS -10  5L']
769,"[1070069, 1158336]",2, 5918,2019-01-23,M,0.75,2,M,['COCA COLA 125 C']
770,"[240304, 472871]",2, 5929,2019-01-23,M,0.75,2,M,['COCA COLA ZERO']
771,"[199656, 401551]",2, 5995,2019-01-23,M,0.75,2,M,['product-5900300518203']
772,"[520041, 828186]",2, 6068,2019-01-23,M,0.75,2,M,['product-5946800712772']
773,"[361281, 454219]",2, 6176 4112 4125,2019-01-23,M,0.75,2,M,"['product-6206300138922', 'LAVAGE CLU', 'RECHARGE LAVAGE TW - A']"
774,"[222640, 869865]",2, 6241,2019-01-23,M,0.75,2,M,['RICOLA MENTHE D']
775,"[106150, 1090029]",2, 6666,2019-01-23,M,0.75,2,M,['TIC TAC MENTHE EXT F T100']
776,"[273947, 1014685]",2, 6729,2019-01-23,M,0.75,2,M,['SAN .PELLEGRINO LIMONATA 33CL']
777,"[110731, 1081768]",2, 6850,2019-01-23,M,0.75,2,M,['NUTS NOISETTE 42G UNITE']
778,"[488635, 737878]",2, 6972,2019-01-23,M,0.75,2,M,['RED BULL 473ML']
