,user_ids,groups_ids,property_values,period,depth,size
1471,[5636, 5706, 5652, 5684, 5705, 5689]",[124044, 124052]",0,2000-05-16,0.0,6
1478,[5706, 5722, 5700, 5726, 5689, 5724]",[124447, 125136]",0,2000-05-16,0.0,6
1528,[5700, 5722, 5645, 5647, 5689, 5664]",[129114, 130140]",0,2000-05-16,0.0,6
1532,[5705, 5645, 5730, 5689, 5662, 5720]",[129290, 129456]",0,2000-05-16,0.0,6
1533,[5720, 5716, 5705, 5730, 5689, 5662]",[129297, 129298, 173803]",0,2000-05-16,0.0,6
1534,[5655, 5645, 5705, 5704, 5689, 5763]",[129299, 145386]",0,2000-05-16,0.0,6
1541,[5636, 5700, 5684, 5705, 5689, 5664]",[129403, 145203]",0,2000-05-16,0.0,6
1548,[5629, 5722, 5684, 5730, 5689, 5720]",[129741, 156473]",0,2000-05-16,0.0,6
1550,[5722, 5645, 5705, 5763, 5689, 5664]",[130144, 145220]",0,2000-05-16,0.0,6
1569,[5683, 5726, 5684, 5645, 5659, 5689]",[132363, 135352]",0,2000-05-16,0.0,6
1601,[5785, 5684, 5662, 5705, 5689, 5720]",[135253, 135457]",0,2000-05-16,0.0,6
1605,[5706, 5736, 5671, 5726, 5705, 5689]",[137837, 137947]",0,2000-05-16,0.0,6
1612,[5706, 5644, 5717, 5705, 5689, 5763]",[142593, 142594, 142595]",0,2000-05-16,0.0,6
1613,[5706, 5705, 5717, 5662, 5689, 5763]",[142612, 142801]",0,2000-05-16,0.0,6
1615,[5676, 5684, 5705, 5662, 5689, 5664]",[142761, 142762, 201204]",0,2000-05-16,0.0,6
1624,[5710, 5706, 5645, 5717, 5730, 5689]",[144126, 144153]",0,2000-05-16,0.0,6
1627,[5706, 5634, 5654, 5649, 5717, 5689]",[144332, 144945]",0,2000-05-16,0.0,6
1650,[5677, 5684, 5726, 5730, 5689, 5724]",[156588, 156614]",0,2000-05-16,0.0,6
1654,[5701, 5682, 5646, 5689, 5648, 5720]",[157760, 157944]",0,2000-05-16,0.0,6
1655,[5645, 5717, 5724, 5763, 5689, 5664]",[157909, 158053]",0,2000-05-16,0.0,6
1659,[5706, 5665, 5661, 5645, 5717, 5689]",[159473, 159474, 159475, 159476]",0,2000-05-16,0.0,6
1661,[5716, 5665, 5659, 5730, 5704, 5689]",[159689, 159696]",0,2000-05-16,0.0,6
1663,[5677, 5649, 5647, 5730, 5670, 5689]",[159826, 159828]",0,2000-05-16,0.0,6
1665,[5785, 5677, 5647, 5717, 5659, 5689]",[159836, 159837]",0,2000-05-16,0.0,6
1666,[5710, 5665, 5649, 5647, 5730, 5689]",[159846, 161711]",0,2000-05-16,0.0,6
1734,[5676, 5684, 5647, 5646, 5730, 5689]",[167510, 167664]",0,2000-05-16,0.0,6
1736,[5706, 5676, 5717, 5646, 5730, 5689]",[167888, 168146]",0,2000-05-16,0.0,6
1737,[5706, 5654, 5684, 5730, 5689, 5664]",[167909, 167919]",0,2000-05-16,0.0,6
1738,[5706, 5654, 5647, 5717, 5730, 5689]",[167913, 167923]",0,2000-05-16,0.0,6
1756,[5706, 5642, 5717, 5646, 5705, 5689]",[169260, 200421]",0,2000-05-16,0.0,6
1757,[5684, 5645, 5647, 5646, 5689, 5724]",[169438, 170809]",0,2000-05-16,0.0,6
1761,[5665, 5654, 5647, 5661, 5717, 5677, 5689, 5649]",[169497, 169619, 169642, 169644, 169648, 169652, 169658, 169659, 169660, 169661, 169670, 172920]",0,2000-05-16,0.0,8
1764,[5665, 5677, 5647, 5649, 5717, 5689, 5661]",[169643, 169644, 169646, 169658, 169658, 169659, 169660, 169661, 169670]",0,2000-05-16,0.0,7
1765,[5716, 5665, 5647, 5649, 5717, 5661, 5689, 5720]",[169655, 169656, 169658, 169659, 169660, 169661, 169673, 205094, 205095, 205096, 205102, 205164, 205166]",0,2000-05-16,0.0,8
1770,[5720, 5661, 5645, 5704, 5689, 5763]",[170427, 170428, 170469]",0,2000-05-16,0.0,6
1772,[5676, 5684, 5645, 5717, 5704, 5689]",[170461, 170652]",0,2000-05-16,0.0,6
1774,[5677, 5661, 5717, 5671, 5704, 5689]",[170626, 170627, 201483]",0,2000-05-16,0.0,6
1776,[5744, 5645, 5717, 5704, 5689, 5720]",[170649, 170654]",0,2000-05-16,0.0,6
1786,[5676, 5684, 5645, 5661, 5689, 5720]",[171556, 172932]",0,2000-05-16,0.0,6
1787,[5710, 5654, 5705, 5689, 5661, 5720]",[171753, 171886]",0,2000-05-16,0.0,6
1788,[5654, 5701, 5659, 5705, 5689, 5720]",[171778, 172639]",0,2000-05-16,0.0,6
1789,[5710, 5716, 5654, 5634, 5689, 5720]",[171933, 172121]",0,2000-05-16,0.0,6
1791,[5710, 5654, 5645, 5717, 5689, 5661]",[172558, 172603]",0,2000-05-16,0.0,6
1792,[5710, 5654, 5634, 5647, 5682, 5689]",[172569, 172570, 172571]",0,2000-05-16,0.0,6
1794,[5710, 5634, 5647, 5717, 5730, 5689]",[172581, 173214]",0,2000-05-16,0.0,6
1795,[5716, 5654, 5647, 5661, 5717, 5689]",[172918, 172919, 172920]",0,2000-05-16,0.0,6
1797,[5666, 5652, 5684, 5717, 5730, 5689]",[173177, 173232]",0,2000-05-16,0.0,6
1800,[5652, 5649, 5647, 5671, 5730, 5689]",[173286, 173287]",0,2000-05-16,0.0,6
1801,[5647, 5649, 5717, 5638, 5730, 5689]",[173289, 173297]",0,2000-05-16,0.0,6
1804,[5730, 5689, 5685, 5717, 5720]",[173496],0,2000-05-16,0.0,5
1805,[5706, 5647, 5649, 5717, 5671, 5689]",[173517, 192908]",0,2000-05-16,0.0,6
1810,[5710, 5706, 5784, 5730, 5689, 5720]",[173795, 173796]",0,2000-05-16,0.0,6
1815,[5655, 5710, 5716, 5689, 5648, 5720]",[173847, 173873]",0,2000-05-16,0.0,6
1816,[5677, 5647, 5730, 5689, 5648, 5720]",[173853, 173912]",0,2000-05-16,0.0,6
1817,[5710, 5706, 5647, 5682, 5730, 5689]",[173863, 173864]",0,2000-05-16,0.0,6
1825,[5655, 5730, 5689, 5716, 5720]",[173955],0,2000-05-16,0.0,5
1827,[5710, 5655, 5716, 5659, 5689, 5720]",[173966, 173970]",0,2000-05-16,0.0,6
1844,[5636, 5647, 5715, 5705, 5632, 5689]",[174907, 174908]",0,2000-05-16,0.0,6
1845,[5647, 5715, 5705, 5632, 5689, 5763]",[174912, 174914]",0,2000-05-16,0.0,6
1851,[5701, 5645, 5647, 5726, 5689, 5720]",[175197, 175322]",0,2000-05-16,0.0,6
1854,[5659, 5689, 5636, 5647, 5632]",[175433],0,2000-05-16,0.0,5
1861,[5688, 5710, 5641, 5684, 5689, 5720]",[176389, 176390]",0,2000-05-16,0.0,6
1863,[5710, 5706, 5661, 5646, 5689, 5720]",[176592, 176626]",0,2000-05-16,0.0,6
1865,[5716, 5677, 5684, 5646, 5689, 5720]",[176801, 176803]",0,2000-05-16,0.0,6
1866,[5684, 5647, 5671, 5646, 5689, 5720]",[176805, 176834]",0,2000-05-16,0.0,6
1918,[5636, 5677, 5654, 5717, 5705, 5689]",[181388, 181389]",0,2000-05-16,0.0,6
1919,[5636, 5649, 5717, 5705, 5689, 5644]",[181390, 181451]",0,2000-05-16,0.0,6
1920,[5716, 5705, 5654, 5730, 5704, 5689]",[181393, 181397, 181445]",0,2000-05-16,0.0,6
1921,[5636, 5716, 5654, 5649, 5689, 5648]",[181405, 181429]",0,2000-05-16,0.0,6
1930,[5716, 5677, 5654, 5717, 5689, 5648]",[181434, 181447]",0,2000-05-16,0.0,6
1933,[5636, 5641, 5717, 5705, 5689, 5644]",[181452, 181579]",0,2000-05-16,0.0,6
1934,[5636, 5677, 5649, 5717, 5689, 5648]",[181453, 181577]",0,2000-05-16,0.0,6
1937,[5716, 5641, 5717, 5730, 5704, 5689]",[181584, 181585]",0,2000-05-16,0.0,6
1938,[5716, 5649, 5717, 5730, 5704, 5689]",[181586, 181587]",0,2000-05-16,0.0,6
1940,[5706, 5716, 5654, 5685, 5730, 5689]",[181603, 201048]",0,2000-05-16,0.0,6
1941,[5716, 5677, 5717, 5705, 5704, 5689]",[181607, 181608]",0,2000-05-16,0.0,6
1942,[5716, 5677, 5654, 5649, 5717, 5689]",[181609, 181610]",0,2000-05-16,0.0,6
1943,[5636, 5652, 5649, 5717, 5730, 5689]",[181612, 181613]",0,2000-05-16,0.0,6
1986,[5677, 5661, 5717, 5671, 5638, 5689]",[185544, 201483]",0,2000-05-16,0.0,6
1997,[5684, 5649, 5705, 5689, 5648, 5763]",[186333, 186512]",0,2000-05-16,0.0,6
1999,[5677, 5684, 5682, 5689, 5648, 5720]",[186582, 201576]",0,2000-05-16,0.0,6
2000,[5664, 5659, 5705, 5632, 5689, 5763]",[186605, 198862]",0,2000-05-16,0.0,6
2001,[5710, 5634, 5645, 5632, 5689, 5720]",[186735, 201724]",0,2000-05-16,0.0,6
2005,[5649, 5689, 5677, 5705, 5648]",[186790],0,2000-05-16,0.0,5
2037,[5706, 5716, 5682, 5659, 5689, 5720]",[192200, 203769]",0,2000-05-16,0.0,6
2040,[5706, 5720, 5701, 5645, 5689, 5664]",[192391, 202194]",0,2000-05-16,0.0,6
2194,[5684, 5645, 5717, 5671, 5646, 5689]",[200474, 200515]",0,2000-05-16,0.0,6
2195,[5677, 5684, 5645, 5705, 5637, 5689]",[200600, 200602]",0,2000-05-16,0.0,6
2196,[5677, 5684, 5645, 5682, 5705, 5689]",[200607, 200621]",0,2000-05-16,0.0,6
2262,[5629, 5717, 5671, 5724, 5689, 5720]",[201438, 201492]",0,2000-05-16,0.0,6
2263,[5629, 5677, 5717, 5671, 5659, 5689]",[201441, 201462]",0,2000-05-16,0.0,6
2265,[5634, 5661, 5717, 5671, 5689, 5720]",[201476, 201509]",0,2000-05-16,0.0,6
2268,[5677, 5676, 5682, 5659, 5689, 5720]",[201577, 202528]",0,2000-05-16,0.0,6
2271,[5684, 5682, 5689, 5677, 5634]",[201635],0,2000-05-16,0.0,5
2273,[5785, 5645, 5717, 5662, 5689, 5720]",[201649, 201661]",0,2000-05-16,0.0,6
2275,[5636, 5649, 5717, 5662, 5689, 5720]",[201653, 201685]",0,2000-05-16,0.0,6
2279,[5655, 5710, 5785, 5717, 5689, 5720]",[201679, 201696]",0,2000-05-16,0.0,6
2282,[5785, 5634, 5649, 5717, 5689, 5720]",[201689, 201691]",0,2000-05-16,0.0,6
2283,[5785, 5677, 5649, 5717, 5689, 5720]",[201690, 201691]",0,2000-05-16,0.0,6
2284,[5710, 5634, 5645, 5717, 5689, 5649]",[201692, 201693, 201722]",0,2000-05-16,0.0,6
2286,[5655, 5710, 5636, 5645, 5689, 5720]",[201719, 201720]",0,2000-05-16,0.0,6
2287,[5655, 5689, 5710, 5677, 5720]",[201725],0,2000-05-16,0.0,5
2288,[5785, 5677, 5634, 5649, 5689, 5720]",[201728, 201745]",0,2000-05-16,0.0,6
2290,[5641, 5689, 5636, 5677, 5717]",[201737],0,2000-05-16,0.0,5
2293,[5677, 5634, 5645, 5717, 5689, 5720]",[201759, 201760]",0,2000-05-16,0.0,6
2299,[5706, 5692, 5701, 5717, 5689, 5720]",[202113, 202198]",0,2000-05-16,0.0,6
2302,[5688, 5706, 5684, 5646, 5689, 5720]",[202349, 202350]",0,2000-05-16,0.0,6
2305,[5688, 5860, 5684, 5664, 5689, 5720]",[202406, 202452]",0,2000-05-16,0.0,6
2308,[5860, 5634, 5684, 5717, 5646, 5689]",[202454, 204136]",0,2000-05-16,0.0,6
2359,[5716, 5701, 5717, 5730, 5689, 5662]",[203421, 203467]",0,2000-05-16,0.0,6
2362,[5684, 5717, 5730, 5689, 5648, 5662]",[203532, 203584]",0,2000-05-16,0.0,6
2363,[5717, 5701, 5682, 5730, 5689, 5648]",[203614, 203632]",0,2000-05-16,0.0,6
2364,[5684, 5717, 5682, 5730, 5689, 5664]",[203648, 203649, 203650]",0,2000-05-16,0.0,6
2365,[5716, 5717, 5682, 5730, 5689, 5648]",[203651, 203655]",0,2000-05-16,0.0,6
2368,[5701, 5717, 5662, 5689, 5648, 5664]",[203678, 203692]",0,2000-05-16,0.0,6
2372,[5684, 5682, 5689, 5717, 5724]",[203704],0,2000-05-16,0.0,5
2374,[5720, 5716, 5634, 5682, 5689, 5664]",[203765, 203767]",0,2000-05-16,0.0,6
2381,[5720, 5716, 5684, 5682, 5689, 5664]",[203824, 203827]",0,2000-05-16,0.0,6
2390,[5677, 5654, 5647, 5646, 5689, 5664]",[204165, 204171]",0,2000-05-16,0.0,6
2391,[5702, 5716, 5654, 5646, 5689, 5664]",[204180, 204214]",0,2000-05-16,0.0,6
2394,[5722, 5665, 5647, 5664, 5689, 5720]",[204210, 204220]",0,2000-05-16,0.0,6
2396,[5722, 5677, 5665, 5647, 5646, 5689]",[204221, 204234]",0,2000-05-16,0.0,6
2397,[5716, 5665, 5654, 5677, 5647, 5689]",[204240, 204241]",0,2000-05-16,0.0,6
2398,[5702, 5716, 5677, 5647, 5646, 5689]",[204242, 204261]",0,2000-05-16,0.0,6
2399,[5720, 5716, 5654, 5647, 5689, 5664]",[204258, 204259]",0,2000-05-16,0.0,6
2400,[5720, 5716, 5677, 5647, 5689, 5664]",[204264, 204271]",0,2000-05-16,0.0,6
2404,[5722, 5720, 5701, 5646, 5689, 5664]",[204279, 204291]",0,2000-05-16,0.0,6
2412,[5684, 5717, 5668, 5689, 5648, 5763]",[204635, 204657]",0,2000-05-16,0.0,6
2414,[5706, 5684, 5717, 5763, 5689, 5720]",[204717, 204889]",0,2000-05-16,0.0,6
2418,[5706, 5684, 5717, 5689, 5648, 5720]",[204776, 204889]",0,2000-05-16,0.0,6
2419,[5706, 5720, 5717, 5726, 5689, 5664]",[204886, 204888]",0,2000-05-16,0.0,6
2420,[5706, 5684, 5717, 5689, 5648, 5664]",[204903, 204908]",0,2000-05-16,0.0,6
2422,[5726, 5684, 5645, 5681, 5689, 5664]",[204912, 204969, 204972]",0,2000-05-16,0.0,6
2424,[5722, 5684, 5645, 5717, 5689, 5664]",[205058, 205062]",0,2000-05-16,0.0,6
2425,[5860, 5684, 5645, 5717, 5689, 5664]",[205063, 205070]",0,2000-05-16,0.0,6
2428,[5684, 5689, 5664, 5716, 5717]",[205077],0,2000-05-16,0.0,5
2431,[5647, 5649, 5717, 5670, 5689, 5720]",[205107, 205166]",0,2000-05-16,0.0,6
2432,[5659, 5670, 5689, 5647, 5705]",[205169],0,2000-05-16,0.0,5
2434,[5649, 5689, 5716, 5717, 5705]",[205181],0,2000-05-16,0.0,5
2437,[5716, 5684, 5717, 5659, 5689, 5720]",[205196, 205212]",0,2000-05-16,0.0,6
2439,[5684, 5670, 5689, 5716, 5720]",[205215],0,2000-05-16,0.0,5
2440,[5636, 5716, 5654, 5684, 5632, 5689]",[205223, 205262]",0,2000-05-16,0.0,6
2441,[5636, 5716, 5654, 5684, 5645, 5689]",[205230, 205262]",0,2000-05-16,0.0,6
2445,[5654, 5684, 5659, 5689, 5636]",[205263],0,2000-05-16,0.0,5
2529,[5563, 5627, 5614, 5689, 5535, 5555]",[266244, 266256]",0,2000-05-23,0.002849002849002849,6
2530,[5565, 5627, 5574, 5614, 5689, 5555]",[266257, 270138]",0,2000-05-23,0.002849002849002849,6
2571,[5623, 5627, 5614, 5689, 5598, 5561]",[276268, 276270]",0,2000-05-23,0.002849002849002849,6
2572,[5543, 5623, 5565, 5627, 5621, 5689]",[276299, 278623]",0,2000-05-23,0.002849002849002849,6
2594,[5614, 5627, 5605, 5524, 5689, 5535]",[278605, 283926]",0,2000-05-23,0.002849002849002849,6
2743,[5636, 5759, 5627, 5614, 5689, 5763]",[287009, 287019]",0,2000-05-23,0.002849002849002849,6
3019,[5636, 5535, 5627, 5614, 5689, 5625]",[294158, 294171]",0,2000-05-23,0.002849002849002849,6
3020,[5535, 5627, 5585, 5570, 5614, 5689, 5625, 5763]",[294175, 294176, 294178, 294179, 294180, 294181, 294182, 294276, 294277, 294278, 294279, 294283, 296394]",0,2000-05-23,0.002849002849002849,8
3021,[5636, 5627, 5570, 5614, 5689, 5535]",[294177, 294282]",0,2000-05-23,0.002849002849002849,6
3070,[5623, 5614, 5627, 5610, 5689, 5555]",[294920, 294925]",0,2000-05-23,0.002849002849002849,6
3071,[5555, 5623, 5627, 5614, 5689, 5763]",[294930, 294931]",0,2000-05-23,0.002849002849002849,6
3072,[5623, 5627, 5605, 5614, 5689, 5555]",[294932, 294933]",0,2000-05-23,0.002849002849002849,6
3073,[5614, 5627, 5605, 5610, 5689, 5555]",[294936, 294937]",0,2000-05-23,0.002849002849002849,6
3074,[5555, 5614, 5605, 5610, 5689, 5763]",[294938, 294939]",0,2000-05-23,0.002849002849002849,6
3266,[5689, 5636, 5627, 5614, 5555]",[296481],0,2000-05-23,0.002849002849002849,5
3512,[5458, 5522, 5412, 5453, 5451, 5460]",[218405, 218406, 218407, 218408]",0,2000-05-30,0.005698005698005698,6
3669,[5458, 5468, 5453, 5501, 5451, 5522]",[236285, 236287]",0,2000-05-30,0.005698005698005698,6
3735,[5458, 5468, 5457, 5455, 5418, 5445]",[240558, 240615]",0,2000-05-30,0.005698005698005698,6
3745,[5468, 5482, 5458, 5455, 5536, 5425]",[241533, 246249]",0,2000-05-30,0.005698005698005698,6
4548,[5458, 5390, 5404, 5359, 5366, 5367]",[182980, 182987]",0,2000-06-06,0.008547008547008548,6
4549,[5458, 5368, 5364, 5367, 5390, 5359]",[182985, 182990]",0,2000-06-06,0.008547008547008548,6
4554,[5376, 5458, 5367, 5369, 5359, 5353]",[183347, 183363]",0,2000-06-06,0.008547008547008548,6
4700,[5367, 5404, 5371, 5369, 5689, 5326]",[190738, 190794]",0,2000-06-06,0.008547008547008548,6
4715,[5329, 5367, 5404, 5371, 5689, 5359]",[190935, 190943]",0,2000-06-06,0.008547008547008548,6
4717,[5689, 5364, 5367, 5371, 5347, 5365]",[190944, 191307]",0,2000-06-06,0.008547008547008548,6
4718,[5345, 5364, 5367, 5369, 5689, 5386]",[190956, 190959]",0,2000-06-06,0.008547008547008548,6
4829,[5345, 5341, 5364, 5367, 5371, 5689]",[194160, 194162]",0,2000-06-06,0.008547008547008548,6
4912,[5333, 5367, 5404, 5390, 5359, 5689]",[196912, 196913]",0,2000-06-06,0.008547008547008548,6
4953,[5333, 5689, 5367, 5404, 5347, 5365]",[197438, 197442]",0,2000-06-06,0.008547008547008548,6
4955,[5387, 5333, 5367, 5404, 5689, 5353]",[197445, 198709]",0,2000-06-06,0.008547008547008548,6
4982,[5345, 5333, 5689, 5367, 5347, 5335]",[197815, 198338]",0,2000-06-06,0.008547008547008548,6
5029,[5345, 5689, 5386, 5367, 5347, 5365]",[198517, 198537]",0,2000-06-06,0.008547008547008548,6
5058,[5345, 5689, 5367, 5347, 5359, 5763]",[198738, 198930]",0,2000-06-06,0.008547008547008548,6
5108,[5312, 5244, 5321, 5317, 5282, 5306]",[101661, 101716]",0,2000-06-13,0.011396011396011397,6
5111,[5312, 5305, 5282, 5256, 5306, 5264]",[101879, 102152]",0,2000-06-13,0.011396011396011397,6
5115,[5327, 5312, 5316, 5282, 5306, 5264]",[102146, 102161]",0,2000-06-13,0.011396011396011397,6
5117,[5327, 5312, 5236, 5232, 5306, 5264]",[102174, 103308]",0,2000-06-13,0.011396011396011397,6
5124,[5300, 5269, 5312, 5285, 5282, 5317]",[103200, 110400]",0,2000-06-13,0.011396011396011397,6
5126,[5293, 5312, 5271, 5394, 5232, 5264]",[103326, 103344]",0,2000-06-13,0.011396011396011397,6
5127,[5293, 5312, 5271, 5321, 5233, 5254]",[103347, 104554]",0,2000-06-13,0.011396011396011397,6
5136,[5293, 5312, 5236, 5233, 5324, 5264]",[104548, 104558]",0,2000-06-13,0.011396011396011397,6
5138,[5284, 5293, 5312, 5321, 5306, 5264]",[104732, 104783]",0,2000-06-13,0.011396011396011397,6
5141,[5327, 5270, 5312, 5321, 5282, 5306]",[104844, 104857, 104888]",0,2000-06-13,0.011396011396011397,6
5144,[5284, 5312, 5321, 5236, 5233, 5306]",[105064, 105065]",0,2000-06-13,0.011396011396011397,6
5145,[5284, 5312, 5236, 5233, 5256, 5324]",[105066, 108117]",0,2000-06-13,0.011396011396011397,6
5146,[5293, 5312, 5268, 5394, 5232, 5306]",[105111, 105112]",0,2000-06-13,0.011396011396011397,6
5150,[5312, 5271, 5251, 5232, 5319, 5306]",[105617, 105664]",0,2000-06-13,0.011396011396011397,6
5152,[5272, 5312, 5271, 5305, 5236, 5306]",[105704, 105706]",0,2000-06-13,0.011396011396011397,6
5153,[5269, 5312, 5305, 5236, 5256, 5306]",[105707, 105825]",0,2000-06-13,0.011396011396011397,6
5154,[5272, 5312, 5329, 5317, 5246, 5306]",[105801, 110532]",0,2000-06-13,0.011396011396011397,6
5157,[5300, 5269, 5312, 5321, 5306, 5264]",[106191, 106250, 106259]",0,2000-06-13,0.011396011396011397,6
5169,[5272, 5312, 5256, 5321, 5246, 5324]",[106690, 106706]",0,2000-06-13,0.011396011396011397,6
5170,[5300, 5290, 5312, 5321, 5246, 5264]",[106694, 106703]",0,2000-06-13,0.011396011396011397,6
5193,[5242, 5306, 5283, 5312, 5244, 5282]",[107266],0,2000-06-13,0.011396011396011397,6
5194,[5312, 5271, 5244, 5282, 5246, 5306]",[107267, 107268]",0,2000-06-13,0.011396011396011397,6
5196,[5284, 5268, 5312, 5236, 5282, 5306]",[107304, 107306]",0,2000-06-13,0.011396011396011397,6
5206,[5269, 5284, 5312, 5271, 5256, 5306]",[107856, 108148]",0,2000-06-13,0.011396011396011397,6
5209,[5283, 5312, 5271, 5234, 5319, 5264]",[107965, 108280]",0,2000-06-13,0.011396011396011397,6
5214,[5284, 5312, 5294, 5271, 5236, 5306]",[108162, 110543]",0,2000-06-13,0.011396011396011397,6
5217,[5300, 5312, 5234, 5282, 5317, 5264]",[108266, 108277]",0,2000-06-13,0.011396011396011397,6
5218,[5312, 5271, 5316, 5282, 5319, 5264]",[108282, 108283]",0,2000-06-13,0.011396011396011397,6
5222,[5269, 5312, 5246, 5301, 5319, 5264]",[108323, 108325]",0,2000-06-13,0.011396011396011397,6
5223,[5269, 5312, 5301, 5319, 5324, 5264]",[108328, 108329]",0,2000-06-13,0.011396011396011397,6
5262,[5269, 5293, 5312, 5256, 5236, 5319]",[110418, 110420]",0,2000-06-13,0.011396011396011397,6
5264,[5300, 5312, 5271, 5246, 5282, 5319]",[110429, 110602]",0,2000-06-13,0.011396011396011397,6
5266,[5329, 5312, 5271, 5321, 5246, 5317]",[110516, 110517, 110598]",0,2000-06-13,0.011396011396011397,6
5267,[5329, 5312, 5246, 5394, 5319, 5306]",[110563, 110603]",0,2000-06-13,0.011396011396011397,6
5269,[5300, 5329, 5312, 5271, 5246, 5317]",[110597, 110598]",0,2000-06-13,0.011396011396011397,6
5271,[5300, 5312, 5271, 5236, 5394, 5256]",[110639, 110644]",0,2000-06-13,0.011396011396011397,6
5272,[5312, 5271, 5282, 5394, 5319, 5317]",[110648, 117284]",0,2000-06-13,0.011396011396011397,6
5278,[5312, 5275, 5271, 5256, 5321, 5475]",[111061, 112321]",0,2000-06-13,0.011396011396011397,6
5291,[5312, 5301, 5268, 5256, 5306, 5255]",[111522, 111538]",0,2000-06-13,0.011396011396011397,6
5292,[5312, 5299, 5268, 5282, 5232, 5306]",[111534, 111535]",0,2000-06-13,0.011396011396011397,6
5293,[5283, 5312, 5299, 5268, 5232, 5306]",[111536, 111548]",0,2000-06-13,0.011396011396011397,6
5294,[5312, 5302, 5256, 5301, 5319, 5306]",[111542, 111549]",0,2000-06-13,0.011396011396011397,6
5298,[5312, 5294, 5321, 5236, 5281, 5264]",[112116, 112117]",0,2000-06-13,0.011396011396011397,6
5300,[5312, 5294, 5321, 5236, 5319, 5281]",[112134, 112148]",0,2000-06-13,0.011396011396011397,6
5302,[5312, 5294, 5271, 5321, 5236, 5319]",[112152, 112153]",0,2000-06-13,0.011396011396011397,6
5304,[5293, 5312, 5257, 5324, 5317, 5306]",[112168, 112603]",0,2000-06-13,0.011396011396011397,6
5315,[5312, 5294, 5256, 5324, 5246, 5306]",[112604, 112620]",0,2000-06-13,0.011396011396011397,6
5319,[5300, 5312, 5236, 5282, 5394, 5256]",[112647, 112651, 112652]",0,2000-06-13,0.011396011396011397,6
5320,[5282, 5293, 5312, 5236, 5394, 5256]",[112650, 112651]",0,2000-06-13,0.011396011396011397,6
5321,[5300, 5312, 5294, 5236, 5317, 5306]",[112656, 112657]",0,2000-06-13,0.011396011396011397,6
5322,[5300, 5312, 5256, 5236, 5246, 5306]",[112663, 112669]",0,2000-06-13,0.011396011396011397,6
5324,[5300, 5312, 5246, 5236, 5256, 5317]",[112676, 112679]",0,2000-06-13,0.011396011396011397,6
5325,[5293, 5312, 5324, 5394, 5256, 5306]",[112692, 112695]",0,2000-06-13,0.011396011396011397,6
5353,[5272, 5312, 5275, 5271, 5256, 5317]",[113114, 113120]",0,2000-06-13,0.011396011396011397,6
5368,[5312, 5297, 5268, 5318, 5256, 5264]",[113645, 113697]",0,2000-06-13,0.011396011396011397,6
5370,[5312, 5294, 5268, 5256, 5306, 5264]",[113812, 114229]",0,2000-06-13,0.011396011396011397,6
5382,[5312, 5236, 5232, 5244, 5319, 5306]",[114249, 114253]",0,2000-06-13,0.011396011396011397,6
5385,[5269, 5312, 5256, 5319, 5254, 5306]",[114288, 114407]",0,2000-06-13,0.011396011396011397,6
5417,[5312, 5299, 5256, 5268, 5319, 5306]",[115709, 116386]",0,2000-06-13,0.011396011396011397,6
5426,[5475, 5312, 5321, 5256, 5254, 5306]",[115938, 115948]",0,2000-06-13,0.011396011396011397,6
5433,[5242, 5269, 5312, 5234, 5321, 5264]",[116013, 116015, 116017]",0,2000-06-13,0.011396011396011397,6
5434,[5269, 5312, 5305, 5234, 5321, 5264]",[116014, 116015]",0,2000-06-13,0.011396011396011397,6
5446,[5256, 5706, 5312, 5243, 5319, 5306]",[116365, 116381]",0,2000-06-13,0.011396011396011397,6
5447,[5312, 5243, 5268, 5319, 5306, 5307]",[116382, 116384]",0,2000-06-13,0.011396011396011397,6
5448,[5387, 5312, 5243, 5256, 5306, 5307]",[116385, 120199]",0,2000-06-13,0.011396011396011397,6
5450,[5237, 5283, 5312, 5318, 5256, 5306]",[116392, 117198]",0,2000-06-13,0.011396011396011397,6
5457,[5312, 5271, 5437, 5256, 5254, 5306]",[116759, 116778]",0,2000-06-13,0.011396011396011397,6
5458,[5312, 5268, 5297, 5256, 5254, 5306]",[116770, 116772]",0,2000-06-13,0.011396011396011397,6
5459,[5312, 5271, 5297, 5256, 5254, 5306]",[116777, 116778]",0,2000-06-13,0.011396011396011397,6
5467,[5269, 5312, 5233, 5282, 5256, 5306]",[116912, 116921, 116922]",0,2000-06-13,0.011396011396011397,6
5468,[5300, 5269, 5312, 5281, 5256, 5306]",[116923, 116924]",0,2000-06-13,0.011396011396011397,6
5469,[5269, 5300, 5312, 5268, 5256, 5306]",[116925, 116926, 116927]",0,2000-06-13,0.011396011396011397,6
5480,[5312, 5302, 5317, 5394, 5256, 5306]",[117291, 117297]",0,2000-06-13,0.011396011396011397,6
5523,[5300, 5321, 5319, 5306, 5312]",[118260],0,2000-06-13,0.011396011396011397,5
5576,[5312, 5256, 5236, 5394, 5319, 5324]",[119255, 119260, 119266, 121655]",0,2000-06-13,0.011396011396011397,6
5580,[5268, 5312, 5321, 5236, 5256, 5324]",[119275, 119276, 119277]",0,2000-06-13,0.011396011396011397,6
5593,[5283, 5312, 5232, 5318, 5319, 5307]",[119515, 119516]",0,2000-06-13,0.011396011396011397,6
5598,[5312, 5294, 5244, 5318, 5232, 5306]",[119543, 119547]",0,2000-06-13,0.011396011396011397,6
5599,[5283, 5312, 5318, 5232, 5306, 5264]",[119548, 120127]",0,2000-06-13,0.011396011396011397,6
5602,[5312, 5294, 5321, 5268, 5254, 5306]",[119576, 119577]",0,2000-06-13,0.011396011396011397,6
5644,[5312, 5294, 5254, 5319, 5306, 5307]",[119908, 119909]",0,2000-06-13,0.011396011396011397,6
5657,[5270, 5312, 5235, 5232, 5306, 5264]",[120109, 120115]",0,2000-06-13,0.011396011396011397,6
5658,[5312, 5232, 5319, 5306, 5264, 5235]",[120117, 120128]",0,2000-06-13,0.011396011396011397,6
5682,[5491, 5312, 5302, 5271, 5256, 5306]",[120450, 120458]",0,2000-06-13,0.011396011396011397,6
5692,[5293, 5312, 5271, 5236, 5256, 5317]",[120546, 120558]",0,2000-06-13,0.011396011396011397,6
5693,[5293, 5312, 5236, 5317, 5256, 5306]",[120556, 120557, 120558, 120563]",0,2000-06-13,0.011396011396011397,6
5694,[5312, 5271, 5256, 5317, 5475, 5306]",[120570, 121050]",0,2000-06-13,0.011396011396011397,6
5695,[5312, 5275, 5281, 5324, 5256, 5306]",[120573, 120574]",0,2000-06-13,0.011396011396011397,6
5697,[5312, 5256, 5282, 5319, 5296, 5306]",[120580, 120903]",0,2000-06-13,0.011396011396011397,6
5724,[5293, 5312, 5271, 5236, 5394, 5306]",[120758, 120764]",0,2000-06-13,0.011396011396011397,6
5725,[5312, 5271, 5236, 5319, 5254, 5306]",[120761, 120763]",0,2000-06-13,0.011396011396011397,6
5781,[5312, 5271, 5321, 5268, 5394, 5306]",[121374, 121420]",0,2000-06-13,0.011396011396011397,6
5790,[5312, 5271, 5279, 5268, 5317, 5306]",[121424, 121426]",0,2000-06-13,0.011396011396011397,6
5807,[5269, 5312, 5256, 5324, 5475, 5306]",[121537, 121538]",0,2000-06-13,0.011396011396011397,6
5822,[5683, 5306, 5269, 5312, 5256]",[121670],0,2000-06-13,0.011396011396011397,5
5847,[5269, 5387, 5312, 5268, 5256, 5306]",[121881, 121924]",0,2000-06-13,0.011396011396011397,6
5865,[5706, 5312, 5256, 5268, 5319, 5307]",[121994, 121995]",0,2000-06-13,0.011396011396011397,6
5866,[5269, 5283, 5312, 5232, 5306, 5307]",[121996, 121997]",0,2000-06-13,0.011396011396011397,6
5867,[5491, 5312, 5302, 5268, 5256, 5306]",[121998, 122004]",0,2000-06-13,0.011396011396011397,6
5870,[5312, 5232, 5268, 5256, 5306, 5307]",[122010, 122080]",0,2000-06-13,0.011396011396011397,6
5889,[5283, 5312, 5256, 5319, 5306, 5307]",[122084, 122154]",0,2000-06-13,0.011396011396011397,6
5893,[5283, 5312, 5243, 5282, 5319, 5270]",[122090, 122091]",0,2000-06-13,0.011396011396011397,6
5895,[5312, 5302, 5271, 5268, 5282, 5256]",[122093, 122134]",0,2000-06-13,0.011396011396011397,6
5913,[5319, 5306, 5706, 5312, 5268]",[122145],0,2000-06-13,0.011396011396011397,5
5917,[5271, 5394, 5306, 5312, 5324]",[122149],0,2000-06-13,0.011396011396011397,5
5946,[5161, 5187, 5199, 5205, 5217, 5689]",[67581, 68616]",0,2000-06-20,0.014245014245014245,6
5956,[5161, 5199, 5158, 5194, 5689, 5167]",[68140, 71146]",0,2000-06-20,0.014245014245014245,6
5965,[5230, 5161, 5251, 5205, 5220, 5689]",[68568, 68597]",0,2000-06-20,0.014245014245014245,6
5990,[5225, 5194, 5198, 5220, 5689, 5208]",[69135, 70177]",0,2000-06-20,0.014245014245014245,6
6004,[5230, 5219, 5205, 5220, 5689, 5208]",[69469, 69478]",0,2000-06-20,0.014245014245014245,6
6018,[5237, 5158, 5205, 5220, 5689, 5167]",[70005, 70010]",0,2000-06-20,0.014245014245014245,6
6020,[5151, 5170, 5158, 5205, 5220, 5689]",[70016, 70031]",0,2000-06-20,0.014245014245014245,6
6029,[5161, 5158, 5217, 5277, 5198, 5220]",[70145, 70183]",0,2000-06-20,0.014245014245014245,6
6031,[5140, 5161, 5187, 5217, 5220, 5689]",[70292, 70302]",0,2000-06-20,0.014245014245014245,6
6032,[5141, 5187, 5219, 5220, 5689, 5167]",[70303, 70310]",0,2000-06-20,0.014245014245014245,6
6035,[5161, 5138, 5217, 5219, 5689, 5167]",[70324, 70326]",0,2000-06-20,0.014245014245014245,6
6045,[5161, 5138, 5158, 5194, 5220, 5689]",[70465, 71159]",0,2000-06-20,0.014245014245014245,6
6069,[5689, 5208, 5161, 5199, 5205]",[70657],0,2000-06-20,0.014245014245014245,5
6070,[5140, 5161, 5138, 5205, 5689, 5208]",[70660, 70665]",0,2000-06-20,0.014245014245014245,6
6099,[5170, 5161, 5225, 5194, 5220, 5689]",[71128, 71137]",0,2000-06-20,0.014245014245014245,6
6100,[5161, 5194, 5198, 5220, 5689, 5167]",[71149, 72022]",0,2000-06-20,0.014245014245014245,6
6139,[5161, 5709, 5187, 5219, 5220, 5689]",[71930, 71932]",0,2000-06-20,0.014245014245014245,6
6140,[5230, 5153, 5161, 5158, 5220, 5689]",[71931, 71934]",0,2000-06-20,0.014245014245014245,6
6174,[5140, 5153, 5709, 5222, 5220, 5689]",[72371, 72375]",0,2000-06-20,0.014245014245014245,6
6175,[5153, 5161, 5709, 5222, 5220, 5689]",[72380, 72863]",0,2000-06-20,0.014245014245014245,6
6203,[5211, 5187, 5142, 5205, 5220, 5689]",[72810, 72812]",0,2000-06-20,0.014245014245014245,6
6220,[5151, 5217, 5194, 5220, 5689, 5208]",[72871, 72872]",0,2000-06-20,0.014245014245014245,6
6249,[5140, 5138, 5158, 5220, 5689, 5167]",[73104, 73106]",0,2000-06-20,0.014245014245014245,6
6250,[5151, 5138, 5158, 5220, 5689, 5167]",[73107, 73780]",0,2000-06-20,0.014245014245014245,6
6261,[5173, 5138, 5225, 5277, 5222, 5220]",[73168, 73481]",0,2000-06-20,0.014245014245014245,6
6284,[5227, 5709, 5142, 5222, 5220, 5689]",[73269, 73270]",0,2000-06-20,0.014245014245014245,6
6317,[5161, 5138, 5225, 5222, 5220, 5689]",[73485, 73486]",0,2000-06-20,0.014245014245014245,6
6324,[5153, 5140, 5138, 5222, 5220, 5689]",[73515, 73516, 73787]",0,2000-06-20,0.014245014245014245,6
6334,[5153, 5161, 5211, 5138, 5277, 5222]",[73572, 73712]",0,2000-06-20,0.014245014245014245,6
6362,[5227, 5220, 5689, 5230, 5198]",[73704],0,2000-06-20,0.014245014245014245,5
6393,[4977, 5011, 5034, 5096, 5131, 4932, 5000, 5136, 4982, 5026, 5053, 5312, 5002, 5102, 4959, 5046]",[11593, 11594]",0,2000-06-27,0.017094017094017096,16
6580,[5026, 5312, 5074, 5086, 5025, 4959, 4950, 5134, 5046]",[431344, 431352, 431361, 431362]",0,2000-06-27,0.017094017094017096,9
6600,[5065, 5131, 4932, 5000, 5312, 5102, 5074, 5070, 5046]",[433440],0,2000-06-27,0.017094017094017096,9
9497,[4705, 5397, 5312, 4732, 4742]",[261786],0,2000-07-11,0.019943019943019943,5
9581,[4632, 5785, 4591, 5277, 4626]",[301977],0,2000-07-18,0.022792022792022793,5
9628,[4632, 4626, 4591, 5277, 4609, 4596]",[303462, 303463]",0,2000-07-18,0.022792022792022793,6
9633,[4635, 4626, 4591, 4592, 5277, 4596]",[303508, 303512]",0,2000-07-18,0.022792022792022793,6
9658,[4635, 4578, 4596, 4592, 5277, 4626]",[304348, 304349]",0,2000-07-18,0.022792022792022793,6
9928,[5785, 4607, 4591, 5277, 4609, 4596]",[310137, 310138]",0,2000-07-18,0.022792022792022793,6
9965,[4632, 4578, 4591, 4592, 5277, 4609]",[310892, 310920]",0,2000-07-18,0.022792022792022793,6
9966,[4632, 4655, 5277, 4609, 4621, 4591]",[310894, 310896]",0,2000-07-18,0.022792022792022793,6
9967,[4578, 4655, 4592, 5277, 4609, 4621]",[310895, 310900]",0,2000-07-18,0.022792022792022793,6
10062,[4578, 4611, 4596, 5277, 5614, 4626]",[311903, 312414]",0,2000-07-18,0.022792022792022793,6
10113,[4658, 4607, 4592, 5277, 4626, 4591]",[312334, 312338]",0,2000-07-18,0.022792022792022793,6
10114,[4607, 4591, 4592, 5277, 4626, 4655]",[312335, 312339]",0,2000-07-18,0.022792022792022793,6
10510,[4523, 4509, 4507, 5277, 4489, 4560]",[499025, 499030]",0,2000-07-25,0.02564102564102564,6
10561,[4523, 4524, 4547, 4507, 5277, 4560]",[500678, 500683]",0,2000-07-25,0.02564102564102564,6
10564,[4523, 4524, 4480, 4485, 5277, 4560]",[500693, 500695]",0,2000-07-25,0.02564102564102564,6
10859,[4535, 4523, 4524, 4541, 5277, 4518]",[508187, 508192]",0,2000-07-25,0.02564102564102564,6
11144,[4523, 4524, 4460, 5277, 4508, 4560]",[512228, 512537]",0,2000-07-25,0.02564102564102564,6
11186,[4523, 4491, 4524, 4552, 5277, 4508]",[512538, 512551]",0,2000-07-25,0.02564102564102564,6
11206,[4535, 4451, 4480, 5277, 4508, 4560]",[512784, 513060]",0,2000-07-25,0.02564102564102564,6
11211,[4501, 4509, 4507, 5277, 4508, 4532]",[512812, 512822]",0,2000-07-25,0.02564102564102564,6
11254,[4461, 4535, 4509, 4507, 5277, 4508]",[513210, 513211]",0,2000-07-25,0.02564102564102564,6
11273,[4524, 5312, 4451, 4480, 4508, 4543]",[513349, 513444]",0,2000-07-25,0.02564102564102564,6
11307,[4535, 5140, 5312, 4451, 4480, 4543]",[513494, 513495]",0,2000-07-25,0.02564102564102564,6
11345,[5140, 4508, 4524, 5312, 4480]",[513594],0,2000-07-25,0.02564102564102564,5
14754,[3314, 5458, 3371, 3389, 3308, 3337]",[1002995, 1002998]",0,2000-08-29,0.02849002849002849,6
14771,[3327, 5458, 3320, 3370, 3389, 3391]",[1004538, 1004569]",0,2000-08-29,0.02849002849002849,6
14871,[3302, 3327, 5458, 3389, 3308, 3391]",[1010219, 1010257]",0,2000-08-29,0.02849002849002849,6
14874,[3327, 5458, 3349, 3389, 3299, 3391]",[1010267, 1014459]",0,2000-08-29,0.02849002849002849,6
15046,[3327, 5458, 3371, 3341, 3312, 3391]",[1016468, 1016505]",0,2000-08-29,0.02849002849002849,6
16055,[3320, 5277, 3193, 3280, 3265, 3224]",[1072658, 1072678]",0,2000-09-05,0.03133903133903134,6
16056,[3320, 3265, 3280, 3221, 3209, 5277]",[1072695, 1073648]",0,2000-09-05,0.03133903133903134,6
16938,[3095, 3118, 3075, 3101, 3081, 5277]",[767906, 767959]",0,2000-09-19,0.03418803418803419,6
17014,[3154, 3118, 3110, 3101, 3081, 5277]",[769272, 769273]",0,2000-09-19,0.03418803418803419,6
28134,[204, 5458, 48, 18, 15, 8]",[1462741, 1462742, 1467376]",0,2000-12-26,0.037037037037037035,6
28358,[53, 5458, 48, 18, 15, 8]",[1467374, 1467375, 1467376]",0,2000-12-26,0.037037037037037035,6
28450,[48, 5458, 15, 53, 9]",[1468232],0,2000-12-26,0.037037037037037035,5
