,user_ids,support,itemsets,period,property_values,depth,size,a,itemset_name
0,<generator object read_lcm_output_total.<locals>.<lambda>.<locals>.<genexpr> at 0x7fa5ef531c50>,1180, 4248,2018-09-01,1,0.0,0,1,['LAVAGE CLU']
5,<generator object read_lcm_output_total.<locals>.<lambda>.<locals>.<genexpr> at 0x7fa5ef4d2850>,9, 3529,2018-09-01,1,0.0,0,1,['CRISTALINE 1L']
7,<generator object read_lcm_output_total.<locals>.<lambda>.<locals>.<genexpr> at 0x7fa5ef4d2950>,11, 5332,2018-09-01,1,0.0,0,1,['ADBLUE 5L']
8,<generator object read_lcm_output_total.<locals>.<lambda>.<locals>.<genexpr> at 0x7fa5ef4d29d0>,10, 5821,2018-09-01,1,0.0,0,1,['MMS PEANUT JNE 200G']
14,<generator object read_lcm_output_total.<locals>.<lambda>.<locals>.<genexpr> at 0x7fa5ef4d2cd0>,7, 512,2018-09-01,1,0.0,0,1,['CR TARTE PISTAC']
17,<generator object read_lcm_output_total.<locals>.<lambda>.<locals>.<genexpr> at 0x7fa5ef4d2e50>,8, 702,2018-09-01,1,0.0,0,1,['CRO EAU DE SOURCE 50CL PET']
33,<generator object read_lcm_output_total.<locals>.<lambda>.<locals>.<genexpr> at 0x7fa5ef466dd0>,12, 6677,2018-09-01,1,0.0,0,1,[]
35,<generator object read_lcm_output_total.<locals>.<lambda>.<locals>.<genexpr> at 0x7fa5ef466e50>,5, 6677 4248,2018-09-01,1,0.0,0,1,['LAVAGE CLU']
38,<generator object read_lcm_output_total.<locals>.<lambda>.<locals>.<genexpr> at 0x7fa5ef4d20d0>,11, 7078,2018-09-01,1,0.0,0,1,['NUTS NOISETTE 42G UNITE']
39,<generator object read_lcm_output_total.<locals>.<lambda>.<locals>.<genexpr> at 0x7fa5ef4d2150>,8, 7221,2018-09-01,1,0.0,0,1,['PAGO ACE 33CL P']
45,<generator object read_lcm_output_total.<locals>.<lambda>.<locals>.<genexpr> at 0x7fa5ef466ed0>,7, 6677 4266,2018-09-01,1,0.0,0,1,['RECHARGE LAVAGE TW - A']
52,<generator object read_lcm_output_total.<locals>.<lambda>.<locals>.<genexpr> at 0x7fa5ef4ba150>,7, 6754,2018-09-01,1,0.0,0,1,[]
55,<generator object read_lcm_output_total.<locals>.<lambda>.<locals>.<genexpr> at 0x7fa5ef4ba2d0>,6, 25,2018-09-01,1,0.0,0,1,[]
65,<generator object read_lcm_output_total.<locals>.<lambda>.<locals>.<genexpr> at 0x7fa5ef4ba7d0>,9, 1791,2018-09-01,1,0.0,0,1,['COCA COLA CHERRY 50CL PET']
67,<generator object read_lcm_output_total.<locals>.<lambda>.<locals>.<genexpr> at 0x7fa5ef4ba8d0>,7, 1847,2018-09-01,1,0.0,0,1,['MENTOS FRESH MTH EUCALY 60G']
81,<generator object read_lcm_output_total.<locals>.<lambda>.<locals>.<genexpr> at 0x7fa5ef4c66d0>,7, 2915,2018-09-01,1,0.0,0,1,['CANDY UP CHOCOLAT 50CL']
88,<generator object read_lcm_output_total.<locals>.<lambda>.<locals>.<genexpr> at 0x7fa5ef4c6a50>,9, 3436,2018-09-01,1,0.0,0,1,['SDW MEGA J/E 230G']
101,<generator object read_lcm_output_total.<locals>.<lambda>.<locals>.<genexpr> at 0x7fa5ef48c5d0>,7, 4598,2018-09-01,1,0.0,0,1,['LIPTON GREEN']
104,<generator object read_lcm_output_total.<locals>.<lambda>.<locals>.<genexpr> at 0x7fa5ef48c750>,12, 5742,2018-09-01,1,0.0,0,1,[]
109,<generator object read_lcm_output_total.<locals>.<lambda>.<locals>.<genexpr> at 0x7fa5ef48c9d0>,13, 6676,2018-09-01,1,0.0,0,1,[]
110,<generator object read_lcm_output_total.<locals>.<lambda>.<locals>.<genexpr> at 0x7fa5ef48ca50>,7, 6676 4266,2018-09-01,1,0.0,0,1,['RECHARGE LAVAGE TW - A']
117,<generator object read_lcm_output_total.<locals>.<lambda>.<locals>.<genexpr> at 0x7fa5ef48cdd0>,14, 3054,2018-09-01,1,0.0,0,1,['TW LAVE GLACE H 2L']
123,<generator object read_lcm_output_total.<locals>.<lambda>.<locals>.<genexpr> at 0x7fa5ef4207d0>,13, 6225,2018-09-01,1,0.0,0,1,['SNICKERS 2 PACK 75G']
128,<generator object read_lcm_output_total.<locals>.<lambda>.<locals>.<genexpr> at 0x7fa5ef420a50>,14, 6009,2018-09-01,1,0.0,0,1,['MONSTER ENERGY BTE 50CL']
145,<generator object read_lcm_output_total.<locals>.<lambda>.<locals>.<genexpr> at 0x7fa5ef48ced0>,11, 3454,2018-09-01,1,0.0,0,1,['SALADE ANTIBES 320G']
146,<generator object read_lcm_output_total.<locals>.<lambda>.<locals>.<genexpr> at 0x7fa5ef47d050>,13, 4050,2018-09-01,1,0.0,0,1,['FLAN PATISSIER 120G DAUNAT']
151,<generator object read_lcm_output_total.<locals>.<lambda>.<locals>.<genexpr> at 0x7fa5ef47df50>,6, 7226,2018-09-01,1,0.0,0,1,['PAGO FRAISE 33C']
152,<generator object read_lcm_output_total.<locals>.<lambda>.<locals>.<genexpr> at 0x7fa5ef466050>,10, 1693,2018-09-01,1,0.0,0,1,[]
163,<generator object read_lcm_output_total.<locals>.<lambda>.<locals>.<genexpr> at 0x7fa5ef4665d0>,12, 3012,2018-09-01,1,0.0,0,1,['TW 16 LINGETTES VITRES']
180,<generator object read_lcm_output_total.<locals>.<lambda>.<locals>.<genexpr> at 0x7fa5ef47d550>,13, 613,2018-09-01,1,0.0,0,1,['CR SANDWHICH PARISIEN']
181,<generator object read_lcm_output_total.<locals>.<lambda>.<locals>.<genexpr> at 0x7fa5ef47d5d0>,10, 717,2018-09-01,1,0.0,0,1,[]
182,<generator object read_lcm_output_total.<locals>.<lambda>.<locals>.<genexpr> at 0x7fa5ef47d650>,9, 737,2018-09-01,1,0.0,0,1,[]
186,<generator object read_lcm_output_total.<locals>.<lambda>.<locals>.<genexpr> at 0x7fa5ef47d850>,12, 2387,2018-09-01,1,0.0,0,1,[]
190,<generator object read_lcm_output_total.<locals>.<lambda>.<locals>.<genexpr> at 0x7fa5ef47da50>,7, 3126,2018-09-01,1,0.0,0,1,[]
192,<generator object read_lcm_output_total.<locals>.<lambda>.<locals>.<genexpr> at 0x7fa5ef48cf50>,6, 3454 263,2018-09-01,1,0.0,0,1,['SALADE ANTIBES 320G']
203,<generator object read_lcm_output_total.<locals>.<lambda>.<locals>.<genexpr> at 0x7fa5ef3c3f50>,6, 2393,2018-09-01,1,0.0,0,1,['VOLVIC FRUITS EXOTIQUES 50CL']
223,<generator object read_lcm_output_total.<locals>.<lambda>.<locals>.<genexpr> at 0x7fa5ef3c30d0>,7, 4411,2018-09-01,1,0.0,0,1,['YRT VANILLE MNO']
238,<generator object read_lcm_output_total.<locals>.<lambda>.<locals>.<genexpr> at 0x7fa5ef3c3850>,5, 7208,2018-09-01,1,0.0,0,1,['RED BULL BLUE EDITION']
240,<generator object read_lcm_output_total.<locals>.<lambda>.<locals>.<genexpr> at 0x7fa5ef3c3950>,6, 491,2018-09-01,1,0.0,0,1,[]
249,<generator object read_lcm_output_total.<locals>.<lambda>.<locals>.<genexpr> at 0x7fa5ef3ab750>,5, 3616,2018-09-01,1,0.0,0,1,['EVOLUTION FULL-']
251,<generator object read_lcm_output_total.<locals>.<lambda>.<locals>.<genexpr> at 0x7fa5ef3ab850>,5, 3999,2018-09-01,1,0.0,0,1,['SDW THON CRUD 160G DAUNAT']
256,<generator object read_lcm_output_total.<locals>.<lambda>.<locals>.<genexpr> at 0x7fa5ef3abad0>,5, 4829,2018-09-01,1,0.0,0,1,"[""MINI'STICKS CHORIZO 100G""]"
269,<generator object read_lcm_output_total.<locals>.<lambda>.<locals>.<genexpr> at 0x7fa5ef3b3850>,6, 4412,2018-09-01,1,0.0,0,1,[]
271,<generator object read_lcm_output_total.<locals>.<lambda>.<locals>.<genexpr> at 0x7fa5ef3b3950>,5, 5658,2018-09-01,1,0.0,0,1,['KIT KAT CHUNKY']
277,<generator object read_lcm_output_total.<locals>.<lambda>.<locals>.<genexpr> at 0x7fa5ef3b3c50>,6, 6053,2018-09-01,1,0.0,0,1,['LOTUS GAUFRES L']
286,<generator object read_lcm_output_total.<locals>.<lambda>.<locals>.<genexpr> at 0x7fa5ef3ab150>,5, 691,2018-09-01,1,0.0,0,1,['CR. COCA COLA Z']
304,<generator object read_lcm_output_total.<locals>.<lambda>.<locals>.<genexpr> at 0x7fa5ef4addd0>,6, 2276,2018-09-01,1,0.0,0,1,['LU BARQUETTE FRAISE 120G']
309,<generator object read_lcm_output_total.<locals>.<lambda>.<locals>.<genexpr> at 0x7fa5ef3b7150>,7, 3005,2018-09-01,1,0.0,0,1,[]
311,<generator object read_lcm_output_total.<locals>.<lambda>.<locals>.<genexpr> at 0x7fa5ef3b7250>,6, 3149,2018-09-01,1,0.0,0,1,['BRIE PASTEURISE 60%MG 188G ENV']
316,<generator object read_lcm_output_total.<locals>.<lambda>.<locals>.<genexpr> at 0x7fa5ef4ad7d0>,7, 6507,2018-09-01,1,0.0,0,1,['LION PEANUT 2 PACK 62G']
317,<generator object read_lcm_output_total.<locals>.<lambda>.<locals>.<genexpr> at 0x7fa5ef4ad750>,9, 6472,2018-09-01,1,0.0,0,1,['ARBRE MAGIQUE VANILLE']
324,<generator object read_lcm_output_total.<locals>.<lambda>.<locals>.<genexpr> at 0x7fa5ef4baed0>,7, 3079,2018-09-01,1,0.0,0,1,['TOTAL LINGET CU']
327,<generator object read_lcm_output_total.<locals>.<lambda>.<locals>.<genexpr> at 0x7fa5ef4ad150>,7, 3422,2018-09-01,1,0.0,0,1,['SDW MEGA JB CHE']
337,<generator object read_lcm_output_total.<locals>.<lambda>.<locals>.<genexpr> at 0x7fa5ef4ad650>,8, 5832,2018-09-01,1,0.0,0,1,['BOUNTY LAIT X 6']
342,<generator object read_lcm_output_total.<locals>.<lambda>.<locals>.<genexpr> at 0x7fa5ef3b7550>,6, 4072,2018-09-01,1,0.0,0,1,['SDW MINI EMMENT']
347,<generator object read_lcm_output_total.<locals>.<lambda>.<locals>.<genexpr> at 0x7fa5ef3cb4d0>,6, 2178,2018-09-01,1,0.0,0,1,['TW  LAVE GLACE H 4L']
353,<generator object read_lcm_output_total.<locals>.<lambda>.<locals>.<genexpr> at 0x7fa5ef3cb750>,7, 2531,2018-09-01,1,0.0,0,1,['HARI SACHET 120']
360,<generator object read_lcm_output_total.<locals>.<lambda>.<locals>.<genexpr> at 0x7fa5ef3cbb50>,7, 3089 3087,2018-09-01,1,0.0,0,1,['TW LAVE GLACE DEG. 4L']
364,<generator object read_lcm_output_total.<locals>.<lambda>.<locals>.<genexpr> at 0x7fa5ef3cb1d0>,7, 1092,2018-09-01,1,0.0,0,1,[]
366,<generator object read_lcm_output_total.<locals>.<lambda>.<locals>.<genexpr> at 0x7fa5ef3cb0d0>,7, 716,2018-09-01,1,0.0,0,1,[]
367,<generator object read_lcm_output_total.<locals>.<lambda>.<locals>.<genexpr> at 0x7fa5ef3b75d0>,8, 4196,2018-09-01,1,0.0,0,1,['TOTAL 7000 D 10W40 2L']
370,<generator object read_lcm_output_total.<locals>.<lambda>.<locals>.<genexpr> at 0x7fa5ef3b7750>,6, 4427,2018-09-01,1,0.0,0,1,[]
371,<generator object read_lcm_output_total.<locals>.<lambda>.<locals>.<genexpr> at 0x7fa5ef3b77d0>,7, 4715,2018-09-01,1,0.0,0,1,[]
375,<generator object read_lcm_output_total.<locals>.<lambda>.<locals>.<genexpr> at 0x7fa5ef3b79d0>,8, 6165,2018-09-01,1,0.0,0,1,['FUZE TEA MANGUE']
382,<generator object read_lcm_output_total.<locals>.<lambda>.<locals>.<genexpr> at 0x7fa5ef3b7d50>,6, 7222,2018-09-01,1,0.0,0,1,['PAGO MULTI PUR JUS 33CL']
384,<generator object read_lcm_output_total.<locals>.<lambda>.<locals>.<genexpr> at 0x7fa5ef3b7e50>,5, 23,2018-09-01,1,0.0,0,1,[]
390,<generator object read_lcm_output_total.<locals>.<lambda>.<locals>.<genexpr> at 0x7fa5ef4ad0d0>,8, 3376,2018-09-01,1,0.0,0,1,['FUSILLI CARBONARA 300G']
392,<generator object read_lcm_output_total.<locals>.<lambda>.<locals>.<genexpr> at 0x7fa5ef386c50>,69, 1557,2018-09-01,1,0.0,0,1,[]
396,<generator object read_lcm_output_total.<locals>.<lambda>.<locals>.<genexpr> at 0x7fa5ef386e50>,50, 3643,2018-09-01,1,0.0,0,1,[]
397,<generator object read_lcm_output_total.<locals>.<lambda>.<locals>.<genexpr> at 0x7fa5ef386ed0>,9, 3643 263,2018-09-01,1,0.0,0,1,[]
398,<generator object read_lcm_output_total.<locals>.<lambda>.<locals>.<genexpr> at 0x7fa5ef386f50>,5, 3643 1574,2018-09-01,1,0.0,0,1,['SAC BOUTIQUE KRAFT']
399,<generator object read_lcm_output_total.<locals>.<lambda>.<locals>.<genexpr> at 0x7fa5ef377050>,45, 4273,2018-09-01,1,0.0,0,1,[]
403,<generator object read_lcm_output_total.<locals>.<lambda>.<locals>.<genexpr> at 0x7fa5ef377250>,57, 2435,2018-09-01,1,0.0,0,1,[]
412,<generator object read_lcm_output_total.<locals>.<lambda>.<locals>.<genexpr> at 0x7fa5ef3771d0>,5, 4273 3080,2018-09-01,1,0.0,0,1,['TW 10 LINGUETTE']
418,<generator object read_lcm_output_total.<locals>.<lambda>.<locals>.<genexpr> at 0x7fa5ef386150>,59, 1772,2018-09-01,1,0.0,0,1,['CR CAFE EXPRESSO']
423,<generator object read_lcm_output_total.<locals>.<lambda>.<locals>.<genexpr> at 0x7fa5ef3863d0>,8, 1772 1373,2018-09-01,1,0.0,0,1,['CR CAFE EXPRESSO']
429,<generator object read_lcm_output_total.<locals>.<lambda>.<locals>.<genexpr> at 0x7fa5ef3866d0>,70, 3053,2018-09-01,1,0.0,0,1,['TW  LAVE GLACE DEMOUSTIQUEUR 4L']
432,<generator object read_lcm_output_total.<locals>.<lambda>.<locals>.<genexpr> at 0x7fa5ef386850>,6, 3053 3066,2018-09-01,1,0.0,0,1,"['TOTAL ADBLUE 10L', 'TW  LAVE GLACE DEMOUSTIQUEUR 4L']"
433,<generator object read_lcm_output_total.<locals>.<lambda>.<locals>.<genexpr> at 0x7fa5ef3868d0>,6, 3053 3057,2018-09-01,1,0.0,0,1,['TW  LAVE GLACE DEMOUSTIQUEUR 4L']
447,<generator object read_lcm_output_total.<locals>.<lambda>.<locals>.<genexpr> at 0x7fa5ef364950>,36, 1558,2018-09-01,1,0.0,0,1,[]
448,<generator object read_lcm_output_total.<locals>.<lambda>.<locals>.<genexpr> at 0x7fa5ef3649d0>,39, 3056,2018-09-01,1,0.0,0,1,['TW  LAVE GLACE -30 4L']
450,<generator object read_lcm_output_total.<locals>.<lambda>.<locals>.<genexpr> at 0x7fa5ef364a50>,6, 3056 3080,2018-09-01,1,0.0,0,1,"['TW  LAVE GLACE -30 4L', 'TW 10 LINGUETTE']"
456,<generator object read_lcm_output_total.<locals>.<lambda>.<locals>.<genexpr> at 0x7fa5ef364d50>,17, 4239,2018-09-01,1,0.0,0,1,['LAVAGE 6 PLEIN TARIF']
460,<generator object read_lcm_output_total.<locals>.<lambda>.<locals>.<genexpr> at 0x7fa5ef364ad0>,33, 6391,2018-09-01,1,0.0,0,1,[]
461,<generator object read_lcm_output_total.<locals>.<lambda>.<locals>.<genexpr> at 0x7fa5ef3644d0>,7, 1696 1772,2018-09-01,1,0.0,0,1,"['CR CAFE EXPRESSO', 'CR PAIN AUX RAISINS']"
467,<generator object read_lcm_output_total.<locals>.<lambda>.<locals>.<genexpr> at 0x7fa5ef377a50>,47, 4270,2018-09-01,1,0.0,0,1,['REC LAVAGE PJE 35U']
477,<generator object read_lcm_output_total.<locals>.<lambda>.<locals>.<genexpr> at 0x7fa5ef377f50>,47, 3087,2018-09-01,1,0.0,0,1,['TW LAVE GLACE DEG. 4L']
479,<generator object read_lcm_output_total.<locals>.<lambda>.<locals>.<genexpr> at 0x7fa5ef3640d0>,7, 3087 3080,2018-09-01,1,0.0,0,1,"['TW 10 LINGUETTE', 'TW LAVE GLACE DEG. 4L']"
483,<generator object read_lcm_output_total.<locals>.<lambda>.<locals>.<genexpr> at 0x7fa5ef3642d0>,18, 1696,2018-09-01,1,0.0,0,1,['CR PAIN AUX RAISINS']
486,<generator object read_lcm_output_total.<locals>.<lambda>.<locals>.<genexpr> at 0x7fa5ef65bed0>,7, 1649 163,2018-09-01,1,0.0,0,1,['CR PAIN AU CHOCOLAT']
487,<generator object read_lcm_output_total.<locals>.<lambda>.<locals>.<genexpr> at 0x7fa5ef65be50>,46, 1649,2018-09-01,1,0.0,0,1,['CR PAIN AU CHOCOLAT']
488,<generator object read_lcm_output_total.<locals>.<lambda>.<locals>.<genexpr> at 0x7fa5ef65bdd0>,13, 1373 263,2018-09-01,1,0.0,0,1,[]
489,<generator object read_lcm_output_total.<locals>.<lambda>.<locals>.<genexpr> at 0x7fa5ef59aa50>,6, 4267 3080 4248,2018-09-01,1,0.0,0,1,"['LAVAGE CLU', 'TW 10 LINGUETTE']"
491,<generator object read_lcm_output_total.<locals>.<lambda>.<locals>.<genexpr> at 0x7fa5ef59ab50>,17, 4267 4268,2018-09-01,1,0.0,0,1,['RECHARGE LAVAGE']
492,<generator object read_lcm_output_total.<locals>.<lambda>.<locals>.<genexpr> at 0x7fa5ef59abd0>,101, 263,2018-09-01,1,0.0,0,1,[]
493,<generator object read_lcm_output_total.<locals>.<lambda>.<locals>.<genexpr> at 0x7fa5ef59ac50>,250, 3055,2018-09-01,1,0.0,0,1,['TW  LAVE GLACE']
494,<generator object read_lcm_output_total.<locals>.<lambda>.<locals>.<genexpr> at 0x7fa5ef59acd0>,33, 3055 4248,2018-09-01,1,0.0,0,1,"['LAVAGE CLU', 'TW  LAVE GLACE']"
495,<generator object read_lcm_output_total.<locals>.<lambda>.<locals>.<genexpr> at 0x7fa5ef59ad50>,18, 3055 4266,2018-09-01,1,0.0,0,1,"['RECHARGE LAVAGE TW - A', 'TW  LAVE GLACE']"
496,<generator object read_lcm_output_total.<locals>.<lambda>.<locals>.<genexpr> at 0x7fa5ef59add0>,25, 3055 3080,2018-09-01,1,0.0,0,1,"['TW  LAVE GLACE', 'TW 10 LINGUETTE']"
497,<generator object read_lcm_output_total.<locals>.<lambda>.<locals>.<genexpr> at 0x7fa5ef59ae50>,5, 3055 3080 4248,2018-09-01,1,0.0,0,1,"['LAVAGE CLU', 'TW  LAVE GLACE', 'TW 10 LINGUETTE']"
498,<generator object read_lcm_output_total.<locals>.<lambda>.<locals>.<genexpr> at 0x7fa5ef59a9d0>,33, 4267 3080,2018-09-01,1,0.0,0,1,['TW 10 LINGUETTE']
499,<generator object read_lcm_output_total.<locals>.<lambda>.<locals>.<genexpr> at 0x7fa5ef59aed0>,25, 3055 4268,2018-09-01,1,0.0,0,1,"['RECHARGE LAVAGE', 'TW  LAVE GLACE']"
500,<generator object read_lcm_output_total.<locals>.<lambda>.<locals>.<genexpr> at 0x7fa5ef62f050>,13, 3055 4267,2018-09-01,1,0.0,0,1,['TW  LAVE GLACE']
501,<generator object read_lcm_output_total.<locals>.<lambda>.<locals>.<genexpr> at 0x7fa5ef62f0d0>,195, 3066,2018-09-01,1,0.0,0,1,['TOTAL ADBLUE 10L']
502,<generator object read_lcm_output_total.<locals>.<lambda>.<locals>.<genexpr> at 0x7fa5ef62f150>,30, 3066 4248,2018-09-01,1,0.0,0,1,"['LAVAGE CLU', 'TOTAL ADBLUE 10L']"
503,<generator object read_lcm_output_total.<locals>.<lambda>.<locals>.<genexpr> at 0x7fa5ef62f1d0>,12, 3066 4266,2018-09-01,1,0.0,0,1,"['RECHARGE LAVAGE TW - A', 'TOTAL ADBLUE 10L']"
504,<generator object read_lcm_output_total.<locals>.<lambda>.<locals>.<genexpr> at 0x7fa5ef62f250>,11, 3066 3080,2018-09-01,1,0.0,0,1,"['TOTAL ADBLUE 10L', 'TW 10 LINGUETTE']"
505,<generator object read_lcm_output_total.<locals>.<lambda>.<locals>.<genexpr> at 0x7fa5ef62f2d0>,11, 3066 163,2018-09-01,1,0.0,0,1,['TOTAL ADBLUE 10L']
506,<generator object read_lcm_output_total.<locals>.<lambda>.<locals>.<genexpr> at 0x7fa5ef62f350>,8, 3066 1564,2018-09-01,1,0.0,0,1,"['RECHARGE CAFÉ CLUB 2\x80', 'TOTAL ADBLUE 10L']"
508,<generator object read_lcm_output_total.<locals>.<lambda>.<locals>.<genexpr> at 0x7fa5ef62f450>,8, 3066 4267,2018-09-01,1,0.0,0,1,['TOTAL ADBLUE 10L']
511,<generator object read_lcm_output_total.<locals>.<lambda>.<locals>.<genexpr> at 0x7fa5ef59a8d0>,30, 4267 4266,2018-09-01,1,0.0,0,1,['RECHARGE LAVAGE TW - A']
512,<generator object read_lcm_output_total.<locals>.<lambda>.<locals>.<genexpr> at 0x7fa5ef59a850>,43, 4267 4248,2018-09-01,1,0.0,0,1,['LAVAGE CLU']
513,<generator object read_lcm_output_total.<locals>.<lambda>.<locals>.<genexpr> at 0x7fa5ef531d50>,815, 4266,2018-09-01,1,0.0,0,1,['RECHARGE LAVAGE TW - A']
514,<generator object read_lcm_output_total.<locals>.<lambda>.<locals>.<genexpr> at 0x7fa5ef531dd0>,79, 4266 4248,2018-09-01,1,0.0,0,1,"['LAVAGE CLU', 'RECHARGE LAVAGE TW - A']"
515,<generator object read_lcm_output_total.<locals>.<lambda>.<locals>.<genexpr> at 0x7fa5ef531e50>,1035, 3080,2018-09-01,1,0.0,0,1,['TW 10 LINGUETTE']
516,<generator object read_lcm_output_total.<locals>.<lambda>.<locals>.<genexpr> at 0x7fa5ef531ed0>,161, 3080 4248,2018-09-01,1,0.0,0,1,"['LAVAGE CLU', 'TW 10 LINGUETTE']"
517,<generator object read_lcm_output_total.<locals>.<lambda>.<locals>.<genexpr> at 0x7fa5ef531f50>,60, 3080 4266,2018-09-01,1,0.0,0,1,"['RECHARGE LAVAGE TW - A', 'TW 10 LINGUETTE']"
518,<generator object read_lcm_output_total.<locals>.<lambda>.<locals>.<genexpr> at 0x7fa5ef59a050>,7, 3080 4266 4248,2018-09-01,1,0.0,0,1,"['LAVAGE CLU', 'RECHARGE LAVAGE TW - A', 'TW 10 LINGUETTE']"
519,<generator object read_lcm_output_total.<locals>.<lambda>.<locals>.<genexpr> at 0x7fa5ef59a0d0>,414, 163,2018-09-01,1,0.0,0,1,[]
520,<generator object read_lcm_output_total.<locals>.<lambda>.<locals>.<genexpr> at 0x7fa5ef59a150>,12, 163 4248,2018-09-01,1,0.0,0,1,['LAVAGE CLU']
523,<generator object read_lcm_output_total.<locals>.<lambda>.<locals>.<genexpr> at 0x7fa5ef59a2d0>,192, 1564,2018-09-01,1,0.0,0,1,['RECHARGE CAFÉ CLUB 2\x80']
524,<generator object read_lcm_output_total.<locals>.<lambda>.<locals>.<genexpr> at 0x7fa5ef59a350>,16, 1564 4248,2018-09-01,1,0.0,0,1,"['LAVAGE CLU', 'RECHARGE CAFÉ CLUB 2\x80']"
525,<generator object read_lcm_output_total.<locals>.<lambda>.<locals>.<genexpr> at 0x7fa5ef59a3d0>,9, 1564 3080,2018-09-01,1,0.0,0,1,"['RECHARGE CAFÉ CLUB 2\x80', 'TW 10 LINGUETTE']"
526,<generator object read_lcm_output_total.<locals>.<lambda>.<locals>.<genexpr> at 0x7fa5ef59a450>,79, 1564 163,2018-09-01,1,0.0,0,1,['RECHARGE CAFÉ CLUB 2\x80']
527,<generator object read_lcm_output_total.<locals>.<lambda>.<locals>.<genexpr> at 0x7fa5ef59a4d0>,7, 1564 163 4248,2018-09-01,1,0.0,0,1,"['LAVAGE CLU', 'RECHARGE CAFÉ CLUB 2\x80']"
528,<generator object read_lcm_output_total.<locals>.<lambda>.<locals>.<genexpr> at 0x7fa5ef59a550>,505, 4268,2018-09-01,1,0.0,0,1,['RECHARGE LAVAGE']
529,<generator object read_lcm_output_total.<locals>.<lambda>.<locals>.<genexpr> at 0x7fa5ef59a5d0>,68, 4268 4248,2018-09-01,1,0.0,0,1,"['LAVAGE CLU', 'RECHARGE LAVAGE']"
530,<generator object read_lcm_output_total.<locals>.<lambda>.<locals>.<genexpr> at 0x7fa5ef59a650>,21, 4268 4266,2018-09-01,1,0.0,0,1,"['RECHARGE LAVAGE', 'RECHARGE LAVAGE TW - A']"
531,<generator object read_lcm_output_total.<locals>.<lambda>.<locals>.<genexpr> at 0x7fa5ef59a6d0>,44, 4268 3080,2018-09-01,1,0.0,0,1,"['RECHARGE LAVAGE', 'TW 10 LINGUETTE']"
533,<generator object read_lcm_output_total.<locals>.<lambda>.<locals>.<genexpr> at 0x7fa5ef59a7d0>,399, 4267,2018-09-01,1,0.0,0,1,[]
534,<generator object read_lcm_output_total.<locals>.<lambda>.<locals>.<genexpr> at 0x7fa5ef62f4d0>,11, 3066 3055,2018-09-01,1,0.0,0,1,"['TOTAL ADBLUE 10L', 'TW  LAVE GLACE']"
537,<generator object read_lcm_output_total.<locals>.<lambda>.<locals>.<genexpr> at 0x7fa5ef62f650>,27, 4280 4248,2018-09-01,1,0.0,0,1,"['LAVAGE CLU', 'RECHARGE LAVAGE TW - D']"
538,<generator object read_lcm_output_total.<locals>.<lambda>.<locals>.<genexpr> at 0x7fa5ef65b3d0>,8, 3057 3066,2018-09-01,1,0.0,0,1,['TOTAL ADBLUE 10L']
540,<generator object read_lcm_output_total.<locals>.<lambda>.<locals>.<genexpr> at 0x7fa5ef65b4d0>,95, 4271,2018-09-01,1,0.0,0,1,['REC LAVAGE PJE']
542,<generator object read_lcm_output_total.<locals>.<lambda>.<locals>.<genexpr> at 0x7fa5ef65b5d0>,6, 4271 4269,2018-09-01,1,0.0,0,1,"['REC LAVAGE PJE', 'REC LAVAGE PJE  20 U']"
543,<generator object read_lcm_output_total.<locals>.<lambda>.<locals>.<genexpr> at 0x7fa5ef65b650>,89, 3067,2018-09-01,1,0.0,0,1,['TOTAL ADBLUE BEC V. 5L']
544,<generator object read_lcm_output_total.<locals>.<lambda>.<locals>.<genexpr> at 0x7fa5ef65b6d0>,18, 3067 4248,2018-09-01,1,0.0,0,1,"['LAVAGE CLU', 'TOTAL ADBLUE BEC V. 5L']"
545,<generator object read_lcm_output_total.<locals>.<lambda>.<locals>.<genexpr> at 0x7fa5ef65b750>,5, 3067 4266,2018-09-01,1,0.0,0,1,"['RECHARGE LAVAGE TW - A', 'TOTAL ADBLUE BEC V. 5L']"
546,<generator object read_lcm_output_total.<locals>.<lambda>.<locals>.<genexpr> at 0x7fa5ef65b7d0>,5, 3067 3080,2018-09-01,1,0.0,0,1,"['TOTAL ADBLUE BEC V. 5L', 'TW 10 LINGUETTE']"
547,<generator object read_lcm_output_total.<locals>.<lambda>.<locals>.<genexpr> at 0x7fa5ef65b350>,13, 3057 3055,2018-09-01,1,0.0,0,1,['TW  LAVE GLACE']
548,<generator object read_lcm_output_total.<locals>.<lambda>.<locals>.<genexpr> at 0x7fa5ef65b850>,6, 3067 4268,2018-09-01,1,0.0,0,1,"['RECHARGE LAVAGE', 'TOTAL ADBLUE BEC V. 5L']"
549,<generator object read_lcm_output_total.<locals>.<lambda>.<locals>.<genexpr> at 0x7fa5ef65b950>,10, 3067 3066,2018-09-01,1,0.0,0,1,"['TOTAL ADBLUE 10L', 'TOTAL ADBLUE BEC V. 5L']"
550,<generator object read_lcm_output_total.<locals>.<lambda>.<locals>.<genexpr> at 0x7fa5ef65b9d0>,58, 4206,2018-09-01,1,0.0,0,1,['TOTAL ADBLUE 10 L']
552,<generator object read_lcm_output_total.<locals>.<lambda>.<locals>.<genexpr> at 0x7fa5ef65bad0>,7, 4206 3080,2018-09-01,1,0.0,0,1,"['TOTAL ADBLUE 10 L', 'TW 10 LINGUETTE']"
553,<generator object read_lcm_output_total.<locals>.<lambda>.<locals>.<genexpr> at 0x7fa5ef65bb50>,38, 4274,2018-09-01,1,0.0,0,1,['LAVAGE 2 PLEIN TARIF']
554,<generator object read_lcm_output_total.<locals>.<lambda>.<locals>.<genexpr> at 0x7fa5ef65bbd0>,5, 4274 4248,2018-09-01,1,0.0,0,1,"['LAVAGE 2 PLEIN TARIF', 'LAVAGE CLU']"
556,<generator object read_lcm_output_total.<locals>.<lambda>.<locals>.<genexpr> at 0x7fa5ef65bcd0>,55, 1373,2018-09-01,1,0.0,0,1,[]
558,<generator object read_lcm_output_total.<locals>.<lambda>.<locals>.<genexpr> at 0x7fa5ef65b8d0>,6, 3067 3055,2018-09-01,1,0.0,0,1,"['TOTAL ADBLUE BEC V. 5L', 'TW  LAVE GLACE']"
560,<generator object read_lcm_output_total.<locals>.<lambda>.<locals>.<genexpr> at 0x7fa5ef65b250>,10, 3057 3080,2018-09-01,1,0.0,0,1,['TW 10 LINGUETTE']
562,<generator object read_lcm_output_total.<locals>.<lambda>.<locals>.<genexpr> at 0x7fa5ef62f6d0>,14, 4280 3080,2018-09-01,1,0.0,0,1,"['RECHARGE LAVAGE TW - D', 'TW 10 LINGUETTE']"
564,<generator object read_lcm_output_total.<locals>.<lambda>.<locals>.<genexpr> at 0x7fa5ef62f7d0>,16, 4280 3055,2018-09-01,1,0.0,0,1,"['RECHARGE LAVAGE TW - D', 'TW  LAVE GLACE']"
565,<generator object read_lcm_output_total.<locals>.<lambda>.<locals>.<genexpr> at 0x7fa5ef62f850>,5, 4280 3055 3080,2018-09-01,1,0.0,0,1,"['RECHARGE LAVAGE TW - D', 'TW  LAVE GLACE', 'TW 10 LINGUETTE']"
566,<generator object read_lcm_output_total.<locals>.<lambda>.<locals>.<genexpr> at 0x7fa5ef62f8d0>,8, 4280 3066,2018-09-01,1,0.0,0,1,"['RECHARGE LAVAGE TW - D', 'TOTAL ADBLUE 10L']"
567,<generator object read_lcm_output_total.<locals>.<lambda>.<locals>.<genexpr> at 0x7fa5ef62f950>,79, 1574,2018-09-01,1,0.0,0,1,['SAC BOUTIQUE KRAFT']
568,<generator object read_lcm_output_total.<locals>.<lambda>.<locals>.<genexpr> at 0x7fa5ef62f9d0>,26, 1574 263,2018-09-01,1,0.0,0,1,['SAC BOUTIQUE KRAFT']
574,<generator object read_lcm_output_total.<locals>.<lambda>.<locals>.<genexpr> at 0x7fa5ef62fcd0>,92, 4269,2018-09-01,1,0.0,0,1,['REC LAVAGE PJE  20 U']
581,<generator object read_lcm_output_total.<locals>.<lambda>.<locals>.<genexpr> at 0x7fa5ef65b0d0>,92, 3057,2018-09-01,1,0.0,0,1,[]
582,<generator object read_lcm_output_total.<locals>.<lambda>.<locals>.<genexpr> at 0x7fa5ef65b150>,18, 3057 4248,2018-09-01,1,0.0,0,1,['LAVAGE CLU']
583,<generator object read_lcm_output_total.<locals>.<lambda>.<locals>.<genexpr> at 0x7fa5ef62f5d0>,162, 4280,2018-09-01,1,0.0,0,1,['RECHARGE LAVAGE TW - D']
584,<generator object read_lcm_output_total.<locals>.<lambda>.<locals>.<genexpr> at 0x7fa5ef5120d0>,7, 909 263,2018-09-01,1,0.0,0,1,[]
585,<generator object read_lcm_output_total.<locals>.<lambda>.<locals>.<genexpr> at 0x7fa5ef512050>,26, 909,2018-09-01,1,0.0,0,1,[]
586,<generator object read_lcm_output_total.<locals>.<lambda>.<locals>.<genexpr> at 0x7fa5ef5121d0>,8, 909 1373,2018-09-01,1,0.0,0,1,[]
587,<generator object read_lcm_output_total.<locals>.<lambda>.<locals>.<genexpr> at 0x7fa5ef4411d0>,18, 3450,2018-09-01,1,0.0,0,1,['SALADE MANHATTA']
589,<generator object read_lcm_output_total.<locals>.<lambda>.<locals>.<genexpr> at 0x7fa5ef4412d0>,16, 4008,2018-09-01,1,0.0,0,1,['SDW DAUNAT MIMI']
590,<generator object read_lcm_output_total.<locals>.<lambda>.<locals>.<genexpr> at 0x7fa5ef441350>,6, 4008 1574,2018-09-01,1,0.0,0,1,"['SAC BOUTIQUE KRAFT', 'SDW DAUNAT MIMI']"
603,<generator object read_lcm_output_total.<locals>.<lambda>.<locals>.<genexpr> at 0x7fa5ef4419d0>,14, 1401,2018-09-01,1,0.0,0,1,['BD PAIN RAISIN']
604,<generator object read_lcm_output_total.<locals>.<lambda>.<locals>.<genexpr> at 0x7fa5ef441a50>,6, 1401 1373,2018-09-01,1,0.0,0,1,['BD PAIN RAISIN']
605,<generator object read_lcm_output_total.<locals>.<lambda>.<locals>.<genexpr> at 0x7fa5ef441ad0>,6, 1401 909,2018-09-01,1,0.0,0,1,['BD PAIN RAISIN']
616,<generator object read_lcm_output_total.<locals>.<lambda>.<locals>.<genexpr> at 0x7fa5ef459750>,6, 3497,2018-09-01,1,0.0,0,1,['CHAUSSON AUX POMMES NEUHAUSER']
617,<generator object read_lcm_output_total.<locals>.<lambda>.<locals>.<genexpr> at 0x7fa5ef4597d0>,19, 4001,2018-09-01,1,0.0,0,1,['TRIANGLE JAMBOM']
623,<generator object read_lcm_output_total.<locals>.<lambda>.<locals>.<genexpr> at 0x7fa5ef459ad0>,23, 6388,2018-09-01,1,0.0,0,1,[]
625,<generator object read_lcm_output_total.<locals>.<lambda>.<locals>.<genexpr> at 0x7fa5ef459bd0>,6, 6388 4268,2018-09-01,1,0.0,0,1,['RECHARGE LAVAGE']
627,<generator object read_lcm_output_total.<locals>.<lambda>.<locals>.<genexpr> at 0x7fa5ef459cd0>,15, 1411,2018-09-01,1,0.0,0,1,['BD FLAN NATURE']
628,<generator object read_lcm_output_total.<locals>.<lambda>.<locals>.<genexpr> at 0x7fa5ef459d50>,7, 1411 1373,2018-09-01,1,0.0,0,1,['BD FLAN NATURE']
629,<generator object read_lcm_output_total.<locals>.<lambda>.<locals>.<genexpr> at 0x7fa5ef459dd0>,5, 1411 1138,2018-09-01,1,0.0,0,1,"['BD FLAN NATURE', 'BD SAN PELLEGRI']"
633,<generator object read_lcm_output_total.<locals>.<lambda>.<locals>.<genexpr> at 0x7fa5ef512150>,5, 909 1574,2018-09-01,1,0.0,0,1,['SAC BOUTIQUE KRAFT']
635,<generator object read_lcm_output_total.<locals>.<lambda>.<locals>.<genexpr> at 0x7fa5ef441d50>,17, 4276,2018-09-01,1,0.0,0,1,[]
648,<generator object read_lcm_output_total.<locals>.<lambda>.<locals>.<genexpr> at 0x7fa5ef420150>,13, 1804,2018-09-01,1,0.0,0,1,['CRO BAGUETTE FR']
650,<generator object read_lcm_output_total.<locals>.<lambda>.<locals>.<genexpr> at 0x7fa5ef420250>,12, 2816,2018-09-01,1,0.0,0,1,['MINI CAPRICE D/DIEUX 50G']
653,<generator object read_lcm_output_total.<locals>.<lambda>.<locals>.<genexpr> at 0x7fa5ef4203d0>,16, 3078,2018-09-01,1,0.0,0,1,['TW 24 LINGETTES VIT+50%']
658,<generator object read_lcm_output_total.<locals>.<lambda>.<locals>.<genexpr> at 0x7fa5ef42a950>,12, 3377,2018-09-01,1,0.0,0,1,['FUSILLI FROMAGE 300G']
659,<generator object read_lcm_output_total.<locals>.<lambda>.<locals>.<genexpr> at 0x7fa5ef42a8d0>,12, 2390,2018-09-01,1,0.0,0,1,"['VOLVIC TCHE FRT.CITRON 1,5L']"
662,<generator object read_lcm_output_total.<locals>.<lambda>.<locals>.<genexpr> at 0x7fa5ef441ed0>,16, 5333,2018-09-01,1,0.0,0,1,[]
668,<generator object read_lcm_output_total.<locals>.<lambda>.<locals>.<genexpr> at 0x7fa5ef42a250>,16, 5722,2018-09-01,1,0.0,0,1,['BOUNTY LAIT 3BO']
673,<generator object read_lcm_output_total.<locals>.<lambda>.<locals>.<genexpr> at 0x7fa5ef42a4d0>,13, 664,2018-09-01,1,0.0,0,1,[]
675,<generator object read_lcm_output_total.<locals>.<lambda>.<locals>.<genexpr> at 0x7fa5ef42a5d0>,13, 1424,2018-09-01,1,0.0,0,1,['BD GRAND CREME']
676,<generator object read_lcm_output_total.<locals>.<lambda>.<locals>.<genexpr> at 0x7fa5ef42a650>,5, 1424 263,2018-09-01,1,0.0,0,1,['BD GRAND CREME']
677,<generator object read_lcm_output_total.<locals>.<lambda>.<locals>.<genexpr> at 0x7fa5ef42a6d0>,6, 1424 1574,2018-09-01,1,0.0,0,1,"['BD GRAND CREME', 'SAC BOUTIQUE KRAFT']"
679,<generator object read_lcm_output_total.<locals>.<lambda>.<locals>.<genexpr> at 0x7fa5ef42a7d0>,8, 1424 909,2018-09-01,1,0.0,0,1,['BD GRAND CREME']
682,<generator object read_lcm_output_total.<locals>.<lambda>.<locals>.<genexpr> at 0x7fa5ef4593d0>,5, 1184 617,2018-09-01,1,0.0,0,1,['CR TARTE NORMANDE']
685,<generator object read_lcm_output_total.<locals>.<lambda>.<locals>.<genexpr> at 0x7fa5ef512ed0>,25, 1882,2018-09-01,1,0.0,0,1,[]
686,<generator object read_lcm_output_total.<locals>.<lambda>.<locals>.<genexpr> at 0x7fa5ef512f50>,27, 2432,2018-09-01,1,0.0,0,1,['EVIAN 50CL']
689,<generator object read_lcm_output_total.<locals>.<lambda>.<locals>.<genexpr> at 0x7fa5ef502150>,20, 1418,2018-09-01,1,0.0,0,1,['BD DOUBLE EXPRE']
691,<generator object read_lcm_output_total.<locals>.<lambda>.<locals>.<genexpr> at 0x7fa5ef502250>,9, 1418 909,2018-09-01,1,0.0,0,1,['BD DOUBLE EXPRE']
695,<generator object read_lcm_output_total.<locals>.<lambda>.<locals>.<genexpr> at 0x7fa5ef5023d0>,14, 1138,2018-09-01,1,0.0,0,1,['BD SAN PELLEGRI']
696,<generator object read_lcm_output_total.<locals>.<lambda>.<locals>.<genexpr> at 0x7fa5ef5024d0>,25, 3084,2018-09-01,1,0.0,0,1,['TXW LAVE GLACE']
697,<generator object read_lcm_output_total.<locals>.<lambda>.<locals>.<genexpr> at 0x7fa5ef502550>,5, 3084 3055,2018-09-01,1,0.0,0,1,"['TW  LAVE GLACE', 'TXW LAVE GLACE']"
700,<generator object read_lcm_output_total.<locals>.<lambda>.<locals>.<genexpr> at 0x7fa5ef5026d0>,18, 704,2018-09-01,1,0.0,0,1,['CR EVIAN PET 50CL']
701,<generator object read_lcm_output_total.<locals>.<lambda>.<locals>.<genexpr> at 0x7fa5ef502750>,6, 704 1772,2018-09-01,1,0.0,0,1,"['CR CAFE EXPRESSO', 'CR EVIAN PET 50CL']"
702,<generator object read_lcm_output_total.<locals>.<lambda>.<locals>.<genexpr> at 0x7fa5ef5027d0>,5, 704 434,2018-09-01,1,0.0,0,1,['CR EVIAN PET 50CL']
703,<generator object read_lcm_output_total.<locals>.<lambda>.<locals>.<genexpr> at 0x7fa5ef502850>,25, 4007,2018-09-01,1,0.0,0,1,['SDW DAUNAT MINI']
704,<generator object read_lcm_output_total.<locals>.<lambda>.<locals>.<genexpr> at 0x7fa5ef459350>,5, 1184 1772,2018-09-01,1,0.0,0,1,"['CR CAFE EXPRESSO', 'CR TARTE NORMANDE']"
705,<generator object read_lcm_output_total.<locals>.<lambda>.<locals>.<genexpr> at 0x7fa5ef502450>,6, 1138 1373,2018-09-01,1,0.0,0,1,['BD SAN PELLEGRI']
706,<generator object read_lcm_output_total.<locals>.<lambda>.<locals>.<genexpr> at 0x7fa5ef512dd0>,6, 1725 4248,2018-09-01,1,0.0,0,1,"['LAVAGE CLU', 'ROCHER LAIT 35G']"
707,<generator object read_lcm_output_total.<locals>.<lambda>.<locals>.<genexpr> at 0x7fa5ef512d50>,17, 1725,2018-09-01,1,0.0,0,1,['ROCHER LAIT 35G']
708,<generator object read_lcm_output_total.<locals>.<lambda>.<locals>.<genexpr> at 0x7fa5ef512cd0>,6, 434 1772,2018-09-01,1,0.0,0,1,['CR CAFE EXPRESSO']
709,<generator object read_lcm_output_total.<locals>.<lambda>.<locals>.<genexpr> at 0x7fa5ef512250>,5, 909 1772,2018-09-01,1,0.0,0,1,['CR CAFE EXPRESSO']
713,<generator object read_lcm_output_total.<locals>.<lambda>.<locals>.<genexpr> at 0x7fa5ef512450>,23, 617,2018-09-01,1,0.0,0,1,[]
714,<generator object read_lcm_output_total.<locals>.<lambda>.<locals>.<genexpr> at 0x7fa5ef5124d0>,5, 617 1772,2018-09-01,1,0.0,0,1,['CR CAFE EXPRESSO']
721,<generator object read_lcm_output_total.<locals>.<lambda>.<locals>.<genexpr> at 0x7fa5ef512850>,33, 4281,2018-09-01,1,0.0,0,1,['REC LAVAGE PJE 97 U']
722,<generator object read_lcm_output_total.<locals>.<lambda>.<locals>.<genexpr> at 0x7fa5ef5128d0>,33, 6390,2018-09-01,1,0.0,0,1,[]
725,<generator object read_lcm_output_total.<locals>.<lambda>.<locals>.<genexpr> at 0x7fa5ef512a50>,6, 6390 4267,2018-09-01,1,0.0,0,1,[]
729,<generator object read_lcm_output_total.<locals>.<lambda>.<locals>.<genexpr> at 0x7fa5ef512c50>,26, 434,2018-09-01,1,0.0,0,1,[]
733,<generator object read_lcm_output_total.<locals>.<lambda>.<locals>.<genexpr> at 0x7fa5ef502ad0>,16, 625,2018-09-01,1,0.0,0,1,['CRO HOT DOG BACON CHEESE']
739,<generator object read_lcm_output_total.<locals>.<lambda>.<locals>.<genexpr> at 0x7fa5ef4edad0>,20, 1,2018-09-01,1,0.0,0,1,[]
741,<generator object read_lcm_output_total.<locals>.<lambda>.<locals>.<genexpr> at 0x7fa5ef4edbd0>,21, 614,2018-09-01,1,0.0,0,1,[]
745,<generator object read_lcm_output_total.<locals>.<lambda>.<locals>.<genexpr> at 0x7fa5ef4eddd0>,5, 715 617,2018-09-01,1,0.0,0,1,[]
746,<generator object read_lcm_output_total.<locals>.<lambda>.<locals>.<genexpr> at 0x7fa5ef4ede50>,5, 715 616,2018-09-01,1,0.0,0,1,['CR SANDWHICH OCEANIQUE (NEW)']
751,<generator object read_lcm_output_total.<locals>.<lambda>.<locals>.<genexpr> at 0x7fa5ef459150>,19, 1184,2018-09-01,1,0.0,0,1,['CR TARTE NORMANDE']
754,<generator object read_lcm_output_total.<locals>.<lambda>.<locals>.<genexpr> at 0x7fa5ef4edd50>,18, 715,2018-09-01,1,0.0,0,1,[]
756,<generator object read_lcm_output_total.<locals>.<lambda>.<locals>.<genexpr> at 0x7fa5ef4ed7d0>,22, 1643,2018-09-01,1,0.0,0,1,['CR FLAN NATURE']
761,<generator object read_lcm_output_total.<locals>.<lambda>.<locals>.<genexpr> at 0x7fa5ef502cd0>,24, 6387,2018-09-01,1,0.0,0,1,[]
763,<generator object read_lcm_output_total.<locals>.<lambda>.<locals>.<genexpr> at 0x7fa5ef502dd0>,5, 6387 3080,2018-09-01,1,0.0,0,1,['TW 10 LINGUETTE']
764,<generator object read_lcm_output_total.<locals>.<lambda>.<locals>.<genexpr> at 0x7fa5ef502e50>,8, 6387 4268,2018-09-01,1,0.0,0,1,['RECHARGE LAVAGE']
766,<generator object read_lcm_output_total.<locals>.<lambda>.<locals>.<genexpr> at 0x7fa5ef4ed6d0>,14, 57,2018-09-01,1,0.0,0,1,[]
767,<generator object read_lcm_output_total.<locals>.<lambda>.<locals>.<genexpr> at 0x7fa5ef4ed050>,5, 738 617,2018-09-01,1,0.0,0,1,['CR COOKIE CHOCOLAT LAIT 103 GR']
768,<generator object read_lcm_output_total.<locals>.<lambda>.<locals>.<genexpr> at 0x7fa5ef502f50>,17, 738,2018-09-01,1,0.0,0,1,['CR COOKIE CHOCOLAT LAIT 103 GR']
772,<generator object read_lcm_output_total.<locals>.<lambda>.<locals>.<genexpr> at 0x7fa5ef4ed2d0>,20, 7205,2018-09-01,1,0.0,0,1,['RED BULL 355ML']
774,<generator object read_lcm_output_total.<locals>.<lambda>.<locals>.<genexpr> at 0x7fa5ef4ed3d0>,21, 616,2018-09-01,1,0.0,0,1,['CR SANDWHICH OCEANIQUE (NEW)']
779,<generator object read_lcm_output_total.<locals>.<lambda>.<locals>.<genexpr> at 0x7fa5ef4ed0d0>,5, 738 434,2018-09-01,1,0.0,0,1,['CR COOKIE CHOCOLAT LAIT 103 GR']
780,<generator object read_lcm_output_total.<locals>.<lambda>.<locals>.<genexpr> at 0x7fa5ef419350>,10, 4219,2018-12-01,1,0.3333333333333333,0,1,['QUARTZ IN LG LIFE 5W30']
781,<generator object read_lcm_output_total.<locals>.<lambda>.<locals>.<genexpr> at 0x7fa5ef4194d0>,6, 5742,2018-12-01,1,0.3333333333333333,0,1,[]
782,<generator object read_lcm_output_total.<locals>.<lambda>.<locals>.<genexpr> at 0x7fa5ef419450>,9, 4213,2018-12-01,1,0.3333333333333333,0,1,['TOTAL ACTIVA 9000 5W40 2L']
783,<generator object read_lcm_output_total.<locals>.<lambda>.<locals>.<genexpr> at 0x7fa5ef4193d0>,7, 4427,2018-12-01,1,0.3333333333333333,0,1,[]
784,<generator object read_lcm_output_total.<locals>.<lambda>.<locals>.<genexpr> at 0x7fa5ef4192d0>,12, 6436,2018-12-01,1,0.3333333333333333,0,1,[]
785,<generator object read_lcm_output_total.<locals>.<lambda>.<locals>.<genexpr> at 0x7fa5ef419550>,5, 3039,2018-12-01,1,0.3333333333333333,0,1,['TOTAL ANTI CREV']
786,<generator object read_lcm_output_total.<locals>.<lambda>.<locals>.<genexpr> at 0x7fa5ef4191d0>,18, 704,2018-12-01,1,0.3333333333333333,0,1,['CR EVIAN PET 50CL']
787,<generator object read_lcm_output_total.<locals>.<lambda>.<locals>.<genexpr> at 0x7fa5ef419150>,40, 4206,2018-12-01,1,0.3333333333333333,0,1,['TOTAL ADBLUE 10 L']
788,<generator object read_lcm_output_total.<locals>.<lambda>.<locals>.<genexpr> at 0x7fa5ef4190d0>,82, 5333,2018-12-01,1,0.3333333333333333,0,1,[]
789,<generator object read_lcm_output_total.<locals>.<lambda>.<locals>.<genexpr> at 0x7fa5ef419050>,135, 3066,2018-12-01,1,0.3333333333333333,0,1,['TOTAL ADBLUE 10L']
790,<generator object read_lcm_output_total.<locals>.<lambda>.<locals>.<genexpr> at 0x7fa5ef3abf50>,228, 2432,2018-12-01,1,0.3333333333333333,0,1,['EVIAN 50CL']
792,<generator object read_lcm_output_total.<locals>.<lambda>.<locals>.<genexpr> at 0x7fa5ef243750>,9, 726,2019-02-01,1,0.6666666666666666,0,1,['CR TARTE CITRON MERINGUÉET']
799,<generator object read_lcm_output_total.<locals>.<lambda>.<locals>.<genexpr> at 0x7fa5ef243ad0>,8, 2024,2019-02-01,1,0.6666666666666666,0,1,['DOLE PECHE SIRO']
804,<generator object read_lcm_output_total.<locals>.<lambda>.<locals>.<genexpr> at 0x7fa5ef2436d0>,6, 378 399,2019-02-01,1,0.6666666666666666,0,1,"['LU POMMES FRITES', 'LUN SALADE ACCUEIL']"
815,<generator object read_lcm_output_total.<locals>.<lambda>.<locals>.<genexpr> at 0x7fa5ef243550>,7, 6589,2019-02-01,1,0.6666666666666666,0,1,['HOLLYW.BLANCH.MENTH. POLAIRE 14G']
818,<generator object read_lcm_output_total.<locals>.<lambda>.<locals>.<genexpr> at 0x7fa5ef238ad0>,7, 3376,2019-02-01,1,0.6666666666666666,0,1,['FUSILLI CARBONARA 300G']
826,<generator object read_lcm_output_total.<locals>.<lambda>.<locals>.<genexpr> at 0x7fa5ef2435d0>,10, 6677,2019-02-01,1,0.6666666666666666,0,1,[]
827,<generator object read_lcm_output_total.<locals>.<lambda>.<locals>.<genexpr> at 0x7fa5ef238ed0>,6, 4698,2019-02-01,1,0.6666666666666666,0,1,[]
832,<generator object read_lcm_output_total.<locals>.<lambda>.<locals>.<genexpr> at 0x7fa5ef243250>,8, 6047,2019-02-01,1,0.6666666666666666,0,1,['BATON LAIT NOISETTE  45G']
837,<generator object read_lcm_output_total.<locals>.<lambda>.<locals>.<genexpr> at 0x7fa5ef24d1d0>,6, 4090,2019-02-01,1,0.6666666666666666,0,1,['POMME GOLDEN X1  90G V&D']
839,<generator object read_lcm_output_total.<locals>.<lambda>.<locals>.<genexpr> at 0x7fa5ef24d250>,8, 4213,2019-02-01,1,0.6666666666666666,0,1,['TOTAL ACTIVA 9000 5W40 2L']
845,<generator object read_lcm_output_total.<locals>.<lambda>.<locals>.<genexpr> at 0x7fa5ef2562d0>,5, 2950,2019-02-01,1,0.6666666666666666,0,1,['MADELEINES ST M. 250G']
846,<generator object read_lcm_output_total.<locals>.<lambda>.<locals>.<genexpr> at 0x7fa5ef256350>,8, 3068,2019-02-01,1,0.6666666666666666,0,1,[]
850,<generator object read_lcm_output_total.<locals>.<lambda>.<locals>.<genexpr> at 0x7fa5ef256550>,8, 4369,2019-02-01,1,0.6666666666666666,0,1,['BATON DE BERGER']
851,<generator object read_lcm_output_total.<locals>.<lambda>.<locals>.<genexpr> at 0x7fa5ef2565d0>,5, 4427,2019-02-01,1,0.6666666666666666,0,1,[]
853,<generator object read_lcm_output_total.<locals>.<lambda>.<locals>.<genexpr> at 0x7fa5ef2566d0>,8, 5742,2019-02-01,1,0.6666666666666666,0,1,[]
856,<generator object read_lcm_output_total.<locals>.<lambda>.<locals>.<genexpr> at 0x7fa5ef256850>,7, 6436,2019-02-01,1,0.6666666666666666,0,1,[]
860,<generator object read_lcm_output_total.<locals>.<lambda>.<locals>.<genexpr> at 0x7fa5ef256a50>,6, 6613,2019-02-01,1,0.6666666666666666,0,1,"[""COTE D'OR LAIT""]"
862,<generator object read_lcm_output_total.<locals>.<lambda>.<locals>.<genexpr> at 0x7fa5ef256b50>,8, 6753,2019-02-01,1,0.6666666666666666,0,1,[]
863,<generator object read_lcm_output_total.<locals>.<lambda>.<locals>.<genexpr> at 0x7fa5ef2560d0>,5, 2913,2019-02-01,1,0.6666666666666666,0,1,[]
867,<generator object read_lcm_output_total.<locals>.<lambda>.<locals>.<genexpr> at 0x7fa5ef24d450>,9, 5827,2019-02-01,1,0.6666666666666666,0,1,['MARS X 3 135G']
873,<generator object read_lcm_output_total.<locals>.<lambda>.<locals>.<genexpr> at 0x7fa5ef24d750>,7, 63,2019-02-01,1,0.6666666666666666,0,1,[]
883,<generator object read_lcm_output_total.<locals>.<lambda>.<locals>.<genexpr> at 0x7fa5ef24dc50>,9, 2235,2019-02-01,1,0.6666666666666666,0,1,['TOTAL LAVE GLACE DEP 4L']
885,<generator object read_lcm_output_total.<locals>.<lambda>.<locals>.<genexpr> at 0x7fa5ef24dd50>,6, 2296,2019-02-01,1,0.6666666666666666,0,1,['MA PAUSE FRUIT POM MIRAB 120G']
911,<generator object read_lcm_output_total.<locals>.<lambda>.<locals>.<genexpr> at 0x7fa5ef224c50>,13, 512,2019-02-01,1,0.6666666666666666,0,1,['CR TARTE PISTAC']
913,<generator object read_lcm_output_total.<locals>.<lambda>.<locals>.<genexpr> at 0x7fa5ef224250>,5, 514 715,2019-02-01,1,0.6666666666666666,0,1,['CRO SALADE DE F']
915,<generator object read_lcm_output_total.<locals>.<lambda>.<locals>.<genexpr> at 0x7fa5ef2241d0>,8, 514,2019-02-01,1,0.6666666666666666,0,1,['CRO SALADE DE F']
921,<generator object read_lcm_output_total.<locals>.<lambda>.<locals>.<genexpr> at 0x7fa5ef2977d0>,13, 4573,2019-02-01,1,0.6666666666666666,0,1,['TROPICANA MULTI']
923,<generator object read_lcm_output_total.<locals>.<lambda>.<locals>.<genexpr> at 0x7fa5ef2978d0>,7, 4573 1574,2019-02-01,1,0.6666666666666666,0,1,"['SAC BOUTIQUE KRAFT', 'TROPICANA MULTI']"
925,<generator object read_lcm_output_total.<locals>.<lambda>.<locals>.<genexpr> at 0x7fa5ef2979d0>,6, 4573 4593 1574,2019-02-01,1,0.6666666666666666,0,1,"['SAC BOUTIQUE KRAFT', 'TROPICANA MULTI']"
928,<generator object read_lcm_output_total.<locals>.<lambda>.<locals>.<genexpr> at 0x7fa5ef297b50>,16, 5832,2019-02-01,1,0.6666666666666666,0,1,['BOUNTY LAIT X 6']
930,<generator object read_lcm_output_total.<locals>.<lambda>.<locals>.<genexpr> at 0x7fa5ef297c50>,9, 278,2019-02-01,1,0.6666666666666666,0,1,[]
937,<generator object read_lcm_output_total.<locals>.<lambda>.<locals>.<genexpr> at 0x7fa5ef224050>,10, 3996,2019-02-01,1,0.6666666666666666,0,1,['METRE REGLISSE     REGAL']
944,<generator object read_lcm_output_total.<locals>.<lambda>.<locals>.<genexpr> at 0x7fa5ef22edd0>,12, 3012,2019-02-01,1,0.6666666666666666,0,1,['TW 16 LINGETTES VITRES']
950,<generator object read_lcm_output_total.<locals>.<lambda>.<locals>.<genexpr> at 0x7fa5ef238150>,11, 4050,2019-02-01,1,0.6666666666666666,0,1,['FLAN PATISSIER 120G DAUNAT']
956,<generator object read_lcm_output_total.<locals>.<lambda>.<locals>.<genexpr> at 0x7fa5ef238450>,12, 6075,2019-02-01,1,0.6666666666666666,0,1,['LG TTS SAISONS -10  5L']
960,<generator object read_lcm_output_total.<locals>.<lambda>.<locals>.<genexpr> at 0x7fa5ef238650>,7, 399,2019-02-01,1,0.6666666666666666,0,1,['LU POMMES FRITES']
961,<generator object read_lcm_output_total.<locals>.<lambda>.<locals>.<genexpr> at 0x7fa5ef2386d0>,8, 738,2019-02-01,1,0.6666666666666666,0,1,['CR COOKIE CHOCOLAT LAIT 103 GR']
970,<generator object read_lcm_output_total.<locals>.<lambda>.<locals>.<genexpr> at 0x7fa5ef22e150>,13, 3000,2019-02-01,1,0.6666666666666666,0,1,['TW DEMOUST ANTI 500ML']
971,<generator object read_lcm_output_total.<locals>.<lambda>.<locals>.<genexpr> at 0x7fa5ef22e1d0>,5, 3000 4280,2019-02-01,1,0.6666666666666666,0,1,"['RECHARGE LAVAGE TW - D', 'TW DEMOUST ANTI 500ML']"
983,<generator object read_lcm_output_total.<locals>.<lambda>.<locals>.<genexpr> at 0x7fa5ef22e7d0>,10, 7222,2019-02-01,1,0.6666666666666666,0,1,['PAGO MULTI PUR JUS 33CL']
984,<generator object read_lcm_output_total.<locals>.<lambda>.<locals>.<genexpr> at 0x7fa5ef22e850>,5, 431,2019-02-01,1,0.6666666666666666,0,1,[]
1002,<generator object read_lcm_output_total.<locals>.<lambda>.<locals>.<genexpr> at 0x7fa5ef2043d0>,5, 3544,2019-02-01,1,0.6666666666666666,0,1,['CARRES F.AMANDE X6 280G']
1007,<generator object read_lcm_output_total.<locals>.<lambda>.<locals>.<genexpr> at 0x7fa5ef204650>,6, 4092,2019-02-01,1,0.6666666666666666,0,1,['BANANE X2 200G']
1011,<generator object read_lcm_output_total.<locals>.<lambda>.<locals>.<genexpr> at 0x7fa5ef204850>,6, 4598,2019-02-01,1,0.6666666666666666,0,1,['LIPTON GREEN']
1013,<generator object read_lcm_output_total.<locals>.<lambda>.<locals>.<genexpr> at 0x7fa5ef204950>,5, 5052,2019-02-01,1,0.6666666666666666,0,1,['GOMS FRUITS VERGER 140G']
1032,<generator object read_lcm_output_total.<locals>.<lambda>.<locals>.<genexpr> at 0x7fa5ef1fc950>,5, 2660,2019-02-01,1,0.6666666666666666,0,1,['ARLEQUIN 150G']
1062,<generator object read_lcm_output_total.<locals>.<lambda>.<locals>.<genexpr> at 0x7fa5ef216350>,5, 6748,2019-02-01,1,0.6666666666666666,0,1,[]
1079,<generator object read_lcm_output_total.<locals>.<lambda>.<locals>.<genexpr> at 0x7fa5ef20d150>,5, 708,2019-02-01,1,0.6666666666666666,0,1,['CRO OASIS TROPICAL PET  50 CL']
1083,<generator object read_lcm_output_total.<locals>.<lambda>.<locals>.<genexpr> at 0x7fa5ef20d3d0>,5, 1274,2019-02-01,1,0.6666666666666666,0,1,[]
1106,<generator object read_lcm_output_total.<locals>.<lambda>.<locals>.<genexpr> at 0x7fa5ef1ea150>,5, 6165,2019-02-01,1,0.6666666666666666,0,1,['FUZE TEA MANGUE']
1111,<generator object read_lcm_output_total.<locals>.<lambda>.<locals>.<genexpr> at 0x7fa5ef1ea3d0>,7, 691,2019-02-01,1,0.6666666666666666,0,1,['CR. COCA COLA Z']
1112,<generator object read_lcm_output_total.<locals>.<lambda>.<locals>.<genexpr> at 0x7fa5ef1ea450>,5, 691 1643,2019-02-01,1,0.6666666666666666,0,1,"['CR FLAN NATURE', 'CR. COCA COLA Z']"
1113,<generator object read_lcm_output_total.<locals>.<lambda>.<locals>.<genexpr> at 0x7fa5ef1ea4d0>,7, 705,2019-02-01,1,0.6666666666666666,0,1,['CRO VOLVIC TOUCHE DE FRUIT CITRON 50CL']
1120,<generator object read_lcm_output_total.<locals>.<lambda>.<locals>.<genexpr> at 0x7fa5ef256e50>,8, 702,2019-02-01,1,0.6666666666666666,0,1,['CRO EAU DE SOURCE 50CL PET']
1126,<generator object read_lcm_output_total.<locals>.<lambda>.<locals>.<genexpr> at 0x7fa5ef1e01d0>,6, 1739 391,2019-02-01,1,0.6666666666666666,0,1,"['CAMEL FILTERS BOX EN 20', 'CAMEL RIGIDE       SERV']"
1128,<generator object read_lcm_output_total.<locals>.<lambda>.<locals>.<genexpr> at 0x7fa5ef1e02d0>,8, 2178,2019-02-01,1,0.6666666666666666,0,1,['TW  LAVE GLACE H 4L']
1142,<generator object read_lcm_output_total.<locals>.<lambda>.<locals>.<genexpr> at 0x7fa5ef1ea6d0>,6, 1699,2019-02-01,1,0.6666666666666666,0,1,['CR ECLAIR PARFUM CHOCOLAT 70 GR']
1155,<generator object read_lcm_output_total.<locals>.<lambda>.<locals>.<genexpr> at 0x7fa5ef1f4ad0>,7, 6490,2019-02-01,1,0.6666666666666666,0,1,[]
1160,<generator object read_lcm_output_total.<locals>.<lambda>.<locals>.<genexpr> at 0x7fa5ef1f4d50>,6, 7210,2019-02-01,1,0.6666666666666666,0,1,['RED BULL GREEN EDITION 250ML']
1165,<generator object read_lcm_output_total.<locals>.<lambda>.<locals>.<genexpr> at 0x7fa5ef1f44d0>,7, 4426,2019-02-01,1,0.6666666666666666,0,1,[]
1171,<generator object read_lcm_output_total.<locals>.<lambda>.<locals>.<genexpr> at 0x7fa5ef1ea8d0>,7, 2387,2019-02-01,1,0.6666666666666666,0,1,[]
1178,<generator object read_lcm_output_total.<locals>.<lambda>.<locals>.<genexpr> at 0x7fa5ef1eac50>,6, 3008,2019-02-01,1,0.6666666666666666,0,1,['TW ENTR. PLAST. FINITION BRILLANTE 400ML']
1179,<generator object read_lcm_output_total.<locals>.<lambda>.<locals>.<genexpr> at 0x7fa5ef1fc0d0>,6, 716,2019-02-01,1,0.6666666666666666,0,1,[]
1193,<generator object read_lcm_output_total.<locals>.<lambda>.<locals>.<genexpr> at 0x7fa5ef419850>,27, 1564 4266,2019-02-01,1,0.6666666666666666,0,1,"['RECHARGE CAFÉ CLUB 2\x80', 'RECHARGE LAVAGE TW - A']"
1195,<generator object read_lcm_output_total.<locals>.<lambda>.<locals>.<genexpr> at 0x7fa5ef31c6d0>,6, 2893 163,2019-02-01,1,0.6666666666666666,0,1,['COCA COLA 50CL PET']
1198,<generator object read_lcm_output_total.<locals>.<lambda>.<locals>.<genexpr> at 0x7fa5ef31c850>,56, 2432,2019-02-01,1,0.6666666666666666,0,1,['EVIAN 50CL']
1202,<generator object read_lcm_output_total.<locals>.<lambda>.<locals>.<genexpr> at 0x7fa5ef31ca50>,53, 1772,2019-02-01,1,0.6666666666666666,0,1,['CR CAFE EXPRESSO']
1206,<generator object read_lcm_output_total.<locals>.<lambda>.<locals>.<genexpr> at 0x7fa5ef31cc50>,40, 4273,2019-02-01,1,0.6666666666666666,0,1,[]
1207,<generator object read_lcm_output_total.<locals>.<lambda>.<locals>.<genexpr> at 0x7fa5ef31ccd0>,10, 4273 4248,2019-02-01,1,0.6666666666666666,0,1,['LAVAGE CLU']
1208,<generator object read_lcm_output_total.<locals>.<lambda>.<locals>.<genexpr> at 0x7fa5ef31cd50>,19, 4273 4266,2019-02-01,1,0.6666666666666666,0,1,['RECHARGE LAVAGE TW - A']
1209,<generator object read_lcm_output_total.<locals>.<lambda>.<locals>.<genexpr> at 0x7fa5ef31cdd0>,65, 2161,2019-02-01,1,0.6666666666666666,0,1,[]
1210,<generator object read_lcm_output_total.<locals>.<lambda>.<locals>.<genexpr> at 0x7fa5ef31ce50>,14, 2161 4248,2019-02-01,1,0.6666666666666666,0,1,['LAVAGE CLU']
1211,<generator object read_lcm_output_total.<locals>.<lambda>.<locals>.<genexpr> at 0x7fa5ef31ced0>,6, 2161 4266,2019-02-01,1,0.6666666666666666,0,1,['RECHARGE LAVAGE TW - A']
1215,<generator object read_lcm_output_total.<locals>.<lambda>.<locals>.<genexpr> at 0x7fa5ef2ab150>,24, 2161 4267,2019-02-01,1,0.6666666666666666,0,1,[]
1216,<generator object read_lcm_output_total.<locals>.<lambda>.<locals>.<genexpr> at 0x7fa5ef31c650>,6, 2893 1564,2019-02-01,1,0.6666666666666666,0,1,"['COCA COLA 50CL PET', 'RECHARGE CAFÉ CLUB 2\x80']"
1217,<generator object read_lcm_output_total.<locals>.<lambda>.<locals>.<genexpr> at 0x7fa5ef2ab1d0>,6, 2161 4267 4248,2019-02-01,1,0.6666666666666666,0,1,['LAVAGE CLU']
1220,<generator object read_lcm_output_total.<locals>.<lambda>.<locals>.<genexpr> at 0x7fa5ef30a9d0>,82, 3053,2019-02-01,1,0.6666666666666666,0,1,['TW  LAVE GLACE DEMOUSTIQUEUR 4L']
1221,<generator object read_lcm_output_total.<locals>.<lambda>.<locals>.<genexpr> at 0x7fa5ef30aa50>,10, 3053 4248,2019-02-01,1,0.6666666666666666,0,1,"['LAVAGE CLU', 'TW  LAVE GLACE DEMOUSTIQUEUR 4L']"
1222,<generator object read_lcm_output_total.<locals>.<lambda>.<locals>.<genexpr> at 0x7fa5ef30aad0>,7, 3053 4266,2019-02-01,1,0.6666666666666666,0,1,"['RECHARGE LAVAGE TW - A', 'TW  LAVE GLACE DEMOUSTIQUEUR 4L']"
1223,<generator object read_lcm_output_total.<locals>.<lambda>.<locals>.<genexpr> at 0x7fa5ef30ab50>,11, 3053 4268,2019-02-01,1,0.6666666666666666,0,1,"['RECHARGE LAVAGE', 'TW  LAVE GLACE DEMOUSTIQUEUR 4L']"
1226,<generator object read_lcm_output_total.<locals>.<lambda>.<locals>.<genexpr> at 0x7fa5ef30acd0>,83, 3057,2019-02-01,1,0.6666666666666666,0,1,[]
1227,<generator object read_lcm_output_total.<locals>.<lambda>.<locals>.<genexpr> at 0x7fa5ef30ad50>,11, 3057 4248,2019-02-01,1,0.6666666666666666,0,1,['LAVAGE CLU']
1228,<generator object read_lcm_output_total.<locals>.<lambda>.<locals>.<genexpr> at 0x7fa5ef30add0>,12, 3057 4268,2019-02-01,1,0.6666666666666666,0,1,['RECHARGE LAVAGE']
1229,<generator object read_lcm_output_total.<locals>.<lambda>.<locals>.<genexpr> at 0x7fa5ef30ae50>,6, 3057 4280,2019-02-01,1,0.6666666666666666,0,1,['RECHARGE LAVAGE TW - D']
1230,<generator object read_lcm_output_total.<locals>.<lambda>.<locals>.<genexpr> at 0x7fa5ef30aed0>,7, 3057 3084,2019-02-01,1,0.6666666666666666,0,1,['TXW LAVE GLACE']
1231,<generator object read_lcm_output_total.<locals>.<lambda>.<locals>.<genexpr> at 0x7fa5ef30af50>,7, 3057 5332,2019-02-01,1,0.6666666666666666,0,1,['ADBLUE 5L']
1232,<generator object read_lcm_output_total.<locals>.<lambda>.<locals>.<genexpr> at 0x7fa5ef31c050>,33, 4274,2019-02-01,1,0.6666666666666666,0,1,['LAVAGE 2 PLEIN TARIF']
1233,<generator object read_lcm_output_total.<locals>.<lambda>.<locals>.<genexpr> at 0x7fa5ef31c0d0>,6, 4274 4248,2019-02-01,1,0.6666666666666666,0,1,"['LAVAGE 2 PLEIN TARIF', 'LAVAGE CLU']"
1235,<generator object read_lcm_output_total.<locals>.<lambda>.<locals>.<genexpr> at 0x7fa5ef31c1d0>,49, 4275,2019-02-01,1,0.6666666666666666,0,1,['LAVAGE 3 PLEIN']
1236,<generator object read_lcm_output_total.<locals>.<lambda>.<locals>.<genexpr> at 0x7fa5ef31c250>,9, 4275 4248,2019-02-01,1,0.6666666666666666,0,1,"['LAVAGE 3 PLEIN', 'LAVAGE CLU']"
1237,<generator object read_lcm_output_total.<locals>.<lambda>.<locals>.<genexpr> at 0x7fa5ef31c2d0>,5, 4275 4268,2019-02-01,1,0.6666666666666666,0,1,"['LAVAGE 3 PLEIN', 'RECHARGE LAVAGE']"
1238,<generator object read_lcm_output_total.<locals>.<lambda>.<locals>.<genexpr> at 0x7fa5ef31c350>,5, 4275 4274,2019-02-01,1,0.6666666666666666,0,1,"['LAVAGE 2 PLEIN TARIF', 'LAVAGE 3 PLEIN']"
1239,<generator object read_lcm_output_total.<locals>.<lambda>.<locals>.<genexpr> at 0x7fa5ef31c3d0>,72, 3055,2019-02-01,1,0.6666666666666666,0,1,['TW  LAVE GLACE']
1240,<generator object read_lcm_output_total.<locals>.<lambda>.<locals>.<genexpr> at 0x7fa5ef31c450>,18, 3055 4248,2019-02-01,1,0.6666666666666666,0,1,"['LAVAGE CLU', 'TW  LAVE GLACE']"
1241,<generator object read_lcm_output_total.<locals>.<lambda>.<locals>.<genexpr> at 0x7fa5ef31c550>,59, 2893,2019-02-01,1,0.6666666666666666,0,1,['COCA COLA 50CL PET']
1245,<generator object read_lcm_output_total.<locals>.<lambda>.<locals>.<genexpr> at 0x7fa5ef2bc0d0>,42, 3067,2019-02-01,1,0.6666666666666666,0,1,['TOTAL ADBLUE BEC V. 5L']
1246,<generator object read_lcm_output_total.<locals>.<lambda>.<locals>.<genexpr> at 0x7fa5ef2bc150>,9, 3067 4248,2019-02-01,1,0.6666666666666666,0,1,"['LAVAGE CLU', 'TOTAL ADBLUE BEC V. 5L']"
1251,<generator object read_lcm_output_total.<locals>.<lambda>.<locals>.<genexpr> at 0x7fa5ef2bc3d0>,29, 1643,2019-02-01,1,0.6666666666666666,0,1,['CR FLAN NATURE']
1252,<generator object read_lcm_output_total.<locals>.<lambda>.<locals>.<genexpr> at 0x7fa5ef2bc450>,7, 1643 1772,2019-02-01,1,0.6666666666666666,0,1,"['CR CAFE EXPRESSO', 'CR FLAN NATURE']"
1253,<generator object read_lcm_output_total.<locals>.<lambda>.<locals>.<genexpr> at 0x7fa5ef2bc4d0>,40, 4281,2019-02-01,1,0.6666666666666666,0,1,['REC LAVAGE PJE 97 U']
1254,<generator object read_lcm_output_total.<locals>.<lambda>.<locals>.<genexpr> at 0x7fa5ef2bc550>,5, 4281 4280,2019-02-01,1,0.6666666666666666,0,1,"['REC LAVAGE PJE 97 U', 'RECHARGE LAVAGE TW - D']"
1258,<generator object read_lcm_output_total.<locals>.<lambda>.<locals>.<genexpr> at 0x7fa5ef2bc750>,33, 3450,2019-02-01,1,0.6666666666666666,0,1,['SALADE MANHATTA']
1259,<generator object read_lcm_output_total.<locals>.<lambda>.<locals>.<genexpr> at 0x7fa5ef2bc7d0>,5, 3450 1574,2019-02-01,1,0.6666666666666666,0,1,"['SAC BOUTIQUE KRAFT', 'SALADE MANHATTA']"
1261,<generator object read_lcm_output_total.<locals>.<lambda>.<locals>.<genexpr> at 0x7fa5ef2bc8d0>,39, 4270,2019-02-01,1,0.6666666666666666,0,1,['REC LAVAGE PJE 35U']
1263,<generator object read_lcm_output_total.<locals>.<lambda>.<locals>.<genexpr> at 0x7fa5ef2bc9d0>,14, 4593,2019-02-01,1,0.6666666666666666,0,1,[]
1265,<generator object read_lcm_output_total.<locals>.<lambda>.<locals>.<genexpr> at 0x7fa5ef2bcad0>,9, 4593 1574,2019-02-01,1,0.6666666666666666,0,1,['SAC BOUTIQUE KRAFT']
1274,<generator object read_lcm_output_total.<locals>.<lambda>.<locals>.<genexpr> at 0x7fa5ef2ab5d0>,49, 4206,2019-02-01,1,0.6666666666666666,0,1,['TOTAL ADBLUE 10 L']
1282,<generator object read_lcm_output_total.<locals>.<lambda>.<locals>.<genexpr> at 0x7fa5ef2ab9d0>,45, 3643,2019-02-01,1,0.6666666666666666,0,1,[]
1291,<generator object read_lcm_output_total.<locals>.<lambda>.<locals>.<genexpr> at 0x7fa5ef2abed0>,22, 4239,2019-02-01,1,0.6666666666666666,0,1,['LAVAGE 6 PLEIN TARIF']
1292,<generator object read_lcm_output_total.<locals>.<lambda>.<locals>.<genexpr> at 0x7fa5ef30a8d0>,64, 1373,2019-02-01,1,0.6666666666666666,0,1,[]
1295,<generator object read_lcm_output_total.<locals>.<lambda>.<locals>.<genexpr> at 0x7fa5ef3592d0>,463, 3080,2019-02-01,1,0.6666666666666666,0,1,['TW 10 LINGUETTE']
1296,<generator object read_lcm_output_total.<locals>.<lambda>.<locals>.<genexpr> at 0x7fa5ef359350>,106, 3080 4248,2019-02-01,1,0.6666666666666666,0,1,"['LAVAGE CLU', 'TW 10 LINGUETTE']"
1301,<generator object read_lcm_output_total.<locals>.<lambda>.<locals>.<genexpr> at 0x7fa5ef3595d0>,18, 3080 4268,2019-02-01,1,0.6666666666666666,0,1,"['RECHARGE LAVAGE', 'TW 10 LINGUETTE']"
1306,<generator object read_lcm_output_total.<locals>.<lambda>.<locals>.<genexpr> at 0x7fa5ef359850>,219, 4280,2019-02-01,1,0.6666666666666666,0,1,['RECHARGE LAVAGE TW - D']
1307,<generator object read_lcm_output_total.<locals>.<lambda>.<locals>.<genexpr> at 0x7fa5ef3598d0>,41, 4280 4248,2019-02-01,1,0.6666666666666666,0,1,"['LAVAGE CLU', 'RECHARGE LAVAGE TW - D']"
1308,<generator object read_lcm_output_total.<locals>.<lambda>.<locals>.<genexpr> at 0x7fa5ef359950>,9, 4280 1564,2019-02-01,1,0.6666666666666666,0,1,"['RECHARGE CAFÉ CLUB 2\x80', 'RECHARGE LAVAGE TW - D']"
1311,<generator object read_lcm_output_total.<locals>.<lambda>.<locals>.<genexpr> at 0x7fa5ef359ad0>,181, 3066,2019-02-01,1,0.6666666666666666,0,1,['TOTAL ADBLUE 10L']
1312,<generator object read_lcm_output_total.<locals>.<lambda>.<locals>.<genexpr> at 0x7fa5ef359b50>,36, 3066 4248,2019-02-01,1,0.6666666666666666,0,1,"['LAVAGE CLU', 'TOTAL ADBLUE 10L']"
1313,<generator object read_lcm_output_total.<locals>.<lambda>.<locals>.<genexpr> at 0x7fa5ef359bd0>,15, 3066 4266,2019-02-01,1,0.6666666666666666,0,1,"['RECHARGE LAVAGE TW - A', 'TOTAL ADBLUE 10L']"
1314,<generator object read_lcm_output_total.<locals>.<lambda>.<locals>.<genexpr> at 0x7fa5ef359c50>,16, 3066 1564,2019-02-01,1,0.6666666666666666,0,1,"['RECHARGE CAFÉ CLUB 2\x80', 'TOTAL ADBLUE 10L']"
1315,<generator object read_lcm_output_total.<locals>.<lambda>.<locals>.<genexpr> at 0x7fa5ef359cd0>,6, 3066 1564 4248,2019-02-01,1,0.6666666666666666,0,1,"['LAVAGE CLU', 'RECHARGE CAFÉ CLUB 2\x80', 'TOTAL ADBLUE 10L']"
1317,<generator object read_lcm_output_total.<locals>.<lambda>.<locals>.<genexpr> at 0x7fa5ef359d50>,9, 3066 163,2019-02-01,1,0.6666666666666666,0,1,['TOTAL ADBLUE 10L']
1320,<generator object read_lcm_output_total.<locals>.<lambda>.<locals>.<genexpr> at 0x7fa5ef4195d0>,1492, 4248,2019-02-01,1,0.6666666666666666,0,1,['LAVAGE CLU']
1321,<generator object read_lcm_output_total.<locals>.<lambda>.<locals>.<genexpr> at 0x7fa5ef419650>,819, 4266,2019-02-01,1,0.6666666666666666,0,1,['RECHARGE LAVAGE TW - A']
1322,<generator object read_lcm_output_total.<locals>.<lambda>.<locals>.<genexpr> at 0x7fa5ef4196d0>,121, 4266 4248,2019-02-01,1,0.6666666666666666,0,1,"['LAVAGE CLU', 'RECHARGE LAVAGE TW - A']"
1323,<generator object read_lcm_output_total.<locals>.<lambda>.<locals>.<genexpr> at 0x7fa5ef419750>,428, 1564,2019-02-01,1,0.6666666666666666,0,1,['RECHARGE CAFÉ CLUB 2\x80']
1324,<generator object read_lcm_output_total.<locals>.<lambda>.<locals>.<genexpr> at 0x7fa5ef4197d0>,91, 1564 4248,2019-02-01,1,0.6666666666666666,0,1,"['LAVAGE CLU', 'RECHARGE CAFÉ CLUB 2\x80']"
1327,<generator object read_lcm_output_total.<locals>.<lambda>.<locals>.<genexpr> at 0x7fa5ef419950>,327, 163,2019-02-01,1,0.6666666666666666,0,1,[]
1330,<generator object read_lcm_output_total.<locals>.<lambda>.<locals>.<genexpr> at 0x7fa5ef419ad0>,79, 163 1564,2019-02-01,1,0.6666666666666666,0,1,['RECHARGE CAFÉ CLUB 2\x80']
1331,<generator object read_lcm_output_total.<locals>.<lambda>.<locals>.<genexpr> at 0x7fa5ef419b50>,575, 4268,2019-02-01,1,0.6666666666666666,0,1,['RECHARGE LAVAGE']
1332,<generator object read_lcm_output_total.<locals>.<lambda>.<locals>.<genexpr> at 0x7fa5ef419bd0>,105, 4268 4248,2019-02-01,1,0.6666666666666666,0,1,"['LAVAGE CLU', 'RECHARGE LAVAGE']"
1335,<generator object read_lcm_output_total.<locals>.<lambda>.<locals>.<genexpr> at 0x7fa5ef419d50>,15, 4268 1564,2019-02-01,1,0.6666666666666666,0,1,"['RECHARGE CAFÉ CLUB 2\x80', 'RECHARGE LAVAGE']"
1336,<generator object read_lcm_output_total.<locals>.<lambda>.<locals>.<genexpr> at 0x7fa5ef419dd0>,414, 4267,2019-02-01,1,0.6666666666666666,0,1,[]
1337,<generator object read_lcm_output_total.<locals>.<lambda>.<locals>.<genexpr> at 0x7fa5ef419e50>,66, 4267 4248,2019-02-01,1,0.6666666666666666,0,1,['LAVAGE CLU']
1338,<generator object read_lcm_output_total.<locals>.<lambda>.<locals>.<genexpr> at 0x7fa5ef419ed0>,26, 4267 4266,2019-02-01,1,0.6666666666666666,0,1,['RECHARGE LAVAGE TW - A']
1340,<generator object read_lcm_output_total.<locals>.<lambda>.<locals>.<genexpr> at 0x7fa5ef359050>,18, 4267 1564,2019-02-01,1,0.6666666666666666,0,1,['RECHARGE CAFÉ CLUB 2\x80']
1341,<generator object read_lcm_output_total.<locals>.<lambda>.<locals>.<genexpr> at 0x7fa5ef359150>,5, 4267 163,2019-02-01,1,0.6666666666666666,0,1,[]
1342,<generator object read_lcm_output_total.<locals>.<lambda>.<locals>.<genexpr> at 0x7fa5ef359dd0>,5, 3066 163 1564,2019-02-01,1,0.6666666666666666,0,1,"['RECHARGE CAFÉ CLUB 2\x80', 'TOTAL ADBLUE 10L']"
1343,<generator object read_lcm_output_total.<locals>.<lambda>.<locals>.<genexpr> at 0x7fa5ef359e50>,14, 3066 4268,2019-02-01,1,0.6666666666666666,0,1,"['RECHARGE LAVAGE', 'TOTAL ADBLUE 10L']"
1344,<generator object read_lcm_output_total.<locals>.<lambda>.<locals>.<genexpr> at 0x7fa5ef359ed0>,8, 3066 4267,2019-02-01,1,0.6666666666666666,0,1,['TOTAL ADBLUE 10L']
1346,<generator object read_lcm_output_total.<locals>.<lambda>.<locals>.<genexpr> at 0x7fa5ef2f6d50>,64, 1574,2019-02-01,1,0.6666666666666666,0,1,['SAC BOUTIQUE KRAFT']
1347,<generator object read_lcm_output_total.<locals>.<lambda>.<locals>.<genexpr> at 0x7fa5ef2f6dd0>,8, 1574 163,2019-02-01,1,0.6666666666666666,0,1,['SAC BOUTIQUE KRAFT']
1350,<generator object read_lcm_output_total.<locals>.<lambda>.<locals>.<genexpr> at 0x7fa5ef2f6f50>,98, 5332,2019-02-01,1,0.6666666666666666,0,1,['ADBLUE 5L']
1351,<generator object read_lcm_output_total.<locals>.<lambda>.<locals>.<genexpr> at 0x7fa5ef30a050>,23, 5332 4248,2019-02-01,1,0.6666666666666666,0,1,"['ADBLUE 5L', 'LAVAGE CLU']"
1355,<generator object read_lcm_output_total.<locals>.<lambda>.<locals>.<genexpr> at 0x7fa5ef30a250>,5, 5332 3066,2019-02-01,1,0.6666666666666666,0,1,"['ADBLUE 5L', 'TOTAL ADBLUE 10L']"
1356,<generator object read_lcm_output_total.<locals>.<lambda>.<locals>.<genexpr> at 0x7fa5ef30a2d0>,8, 5332 3084,2019-02-01,1,0.6666666666666666,0,1,"['ADBLUE 5L', 'TXW LAVE GLACE']"
1357,<generator object read_lcm_output_total.<locals>.<lambda>.<locals>.<genexpr> at 0x7fa5ef30a350>,85, 4269,2019-02-01,1,0.6666666666666666,0,1,['REC LAVAGE PJE  20 U']
1361,<generator object read_lcm_output_total.<locals>.<lambda>.<locals>.<genexpr> at 0x7fa5ef30a550>,94, 4271,2019-02-01,1,0.6666666666666666,0,1,['REC LAVAGE PJE']
1362,<generator object read_lcm_output_total.<locals>.<lambda>.<locals>.<genexpr> at 0x7fa5ef30a5d0>,12, 4271 4248,2019-02-01,1,0.6666666666666666,0,1,"['LAVAGE CLU', 'REC LAVAGE PJE']"
1364,<generator object read_lcm_output_total.<locals>.<lambda>.<locals>.<genexpr> at 0x7fa5ef30a6d0>,79, 2435,2019-02-01,1,0.6666666666666666,0,1,[]
1370,<generator object read_lcm_output_total.<locals>.<lambda>.<locals>.<genexpr> at 0x7fa5ef359f50>,8, 3066 3080,2019-02-01,1,0.6666666666666666,0,1,"['TOTAL ADBLUE 10L', 'TW 10 LINGUETTE']"
1371,<generator object read_lcm_output_total.<locals>.<lambda>.<locals>.<genexpr> at 0x7fa5ef2f6050>,7, 3066 4280,2019-02-01,1,0.6666666666666666,0,1,"['RECHARGE LAVAGE TW - D', 'TOTAL ADBLUE 10L']"
1372,<generator object read_lcm_output_total.<locals>.<lambda>.<locals>.<genexpr> at 0x7fa5ef2f60d0>,217, 3084,2019-02-01,1,0.6666666666666666,0,1,['TXW LAVE GLACE']
1373,<generator object read_lcm_output_total.<locals>.<lambda>.<locals>.<genexpr> at 0x7fa5ef2f6150>,50, 3084 4248,2019-02-01,1,0.6666666666666666,0,1,"['LAVAGE CLU', 'TXW LAVE GLACE']"
1375,<generator object read_lcm_output_total.<locals>.<lambda>.<locals>.<genexpr> at 0x7fa5ef2f6250>,8, 3084 1564,2019-02-01,1,0.6666666666666666,0,1,"['RECHARGE CAFÉ CLUB 2\x80', 'TXW LAVE GLACE']"
1376,<generator object read_lcm_output_total.<locals>.<lambda>.<locals>.<genexpr> at 0x7fa5ef2f62d0>,7, 3084 163,2019-02-01,1,0.6666666666666666,0,1,['TXW LAVE GLACE']
1378,<generator object read_lcm_output_total.<locals>.<lambda>.<locals>.<genexpr> at 0x7fa5ef2f63d0>,16, 3084 4267,2019-02-01,1,0.6666666666666666,0,1,['TXW LAVE GLACE']
1379,<generator object read_lcm_output_total.<locals>.<lambda>.<locals>.<genexpr> at 0x7fa5ef2f6450>,19, 3084 4280,2019-02-01,1,0.6666666666666666,0,1,"['RECHARGE LAVAGE TW - D', 'TXW LAVE GLACE']"
1380,<generator object read_lcm_output_total.<locals>.<lambda>.<locals>.<genexpr> at 0x7fa5ef2bcb50>,5, 4593 1574 163,2019-02-01,1,0.6666666666666666,0,1,['SAC BOUTIQUE KRAFT']
1381,<generator object read_lcm_output_total.<locals>.<lambda>.<locals>.<genexpr> at 0x7fa5ef2f64d0>,8, 3084 4280 4248,2019-02-01,1,0.6666666666666666,0,1,"['LAVAGE CLU', 'RECHARGE LAVAGE TW - D', 'TXW LAVE GLACE']"
1382,<generator object read_lcm_output_total.<locals>.<lambda>.<locals>.<genexpr> at 0x7fa5ef2f65d0>,115, 5333,2019-02-01,1,0.6666666666666666,0,1,[]
1384,<generator object read_lcm_output_total.<locals>.<lambda>.<locals>.<genexpr> at 0x7fa5ef2f66d0>,10, 5333 4266,2019-02-01,1,0.6666666666666666,0,1,['RECHARGE LAVAGE TW - A']
1385,<generator object read_lcm_output_total.<locals>.<lambda>.<locals>.<genexpr> at 0x7fa5ef2f6750>,5, 5333 163,2019-02-01,1,0.6666666666666666,0,1,[]
1386,<generator object read_lcm_output_total.<locals>.<lambda>.<locals>.<genexpr> at 0x7fa5ef2f67d0>,5, 5333 3080,2019-02-01,1,0.6666666666666666,0,1,['TW 10 LINGUETTE']
1387,<generator object read_lcm_output_total.<locals>.<lambda>.<locals>.<genexpr> at 0x7fa5ef2f6850>,6, 5333 3066,2019-02-01,1,0.6666666666666666,0,1,['TOTAL ADBLUE 10L']
1389,<generator object read_lcm_output_total.<locals>.<lambda>.<locals>.<genexpr> at 0x7fa5ef2f6950>,35, 7203,2019-02-01,1,0.6666666666666666,0,1,['RED BULL BTE 25CL']
1392,<generator object read_lcm_output_total.<locals>.<lambda>.<locals>.<genexpr> at 0x7fa5ef2f6550>,9, 3084 3066,2019-02-01,1,0.6666666666666666,0,1,"['TOTAL ADBLUE 10L', 'TXW LAVE GLACE']"
1394,<generator object read_lcm_output_total.<locals>.<lambda>.<locals>.<genexpr> at 0x7fa5ef2bcc50>,40, 6391,2019-02-01,1,0.6666666666666666,0,1,[]
1396,<generator object read_lcm_output_total.<locals>.<lambda>.<locals>.<genexpr> at 0x7fa5ef272e50>,21, 3011,2019-02-01,1,0.6666666666666666,0,1,['TW 16 LINGETTES PLASTIQUES']
1398,<generator object read_lcm_output_total.<locals>.<lambda>.<locals>.<genexpr> at 0x7fa5ef272f50>,17, 4008,2019-02-01,1,0.6666666666666666,0,1,['SDW DAUNAT MIMI']
1399,<generator object read_lcm_output_total.<locals>.<lambda>.<locals>.<genexpr> at 0x7fa5ef27f050>,14, 4796,2019-02-01,1,0.6666666666666666,0,1,['NET.JANTE 500ML NEOCLEAN']
1402,<generator object read_lcm_output_total.<locals>.<lambda>.<locals>.<genexpr> at 0x7fa5ef27f1d0>,15, 2284,2019-02-01,1,0.6666666666666666,0,1,['GRANOLA CHOCO 184G']
1407,<generator object read_lcm_output_total.<locals>.<lambda>.<locals>.<genexpr> at 0x7fa5ef27f450>,11, 1696,2019-02-01,1,0.6666666666666666,0,1,['CR PAIN AUX RAISINS']
1423,<generator object read_lcm_output_total.<locals>.<lambda>.<locals>.<genexpr> at 0x7fa5ef2722d0>,19, 3454,2019-02-01,1,0.6666666666666666,0,1,['SALADE ANTIBES 320G']
1426,<generator object read_lcm_output_total.<locals>.<lambda>.<locals>.<genexpr> at 0x7fa5ef272450>,6, 3454 3450,2019-02-01,1,0.6666666666666666,0,1,"['SALADE ANTIBES 320G', 'SALADE MANHATTA']"
1434,<generator object read_lcm_output_total.<locals>.<lambda>.<locals>.<genexpr> at 0x7fa5ef272850>,10, 7226,2019-02-01,1,0.6666666666666666,0,1,['PAGO FRAISE 33C']
1445,<generator object read_lcm_output_total.<locals>.<lambda>.<locals>.<genexpr> at 0x7fa5ef27fad0>,20, 4219,2019-02-01,1,0.6666666666666666,0,1,['QUARTZ IN LG LIFE 5W30']
1447,<generator object read_lcm_output_total.<locals>.<lambda>.<locals>.<genexpr> at 0x7fa5ef28b950>,17, 5722,2019-02-01,1,0.6666666666666666,0,1,['BOUNTY LAIT 3BO']
1454,<generator object read_lcm_output_total.<locals>.<lambda>.<locals>.<genexpr> at 0x7fa5ef28bcd0>,7, 2390,2019-02-01,1,0.6666666666666666,0,1,"['VOLVIC TCHE FRT.CITRON 1,5L']"
1475,<generator object read_lcm_output_total.<locals>.<lambda>.<locals>.<genexpr> at 0x7fa5ef27fd50>,14, 625,2019-02-01,1,0.6666666666666666,0,1,['CRO HOT DOG BACON CHEESE']
1489,<generator object read_lcm_output_total.<locals>.<lambda>.<locals>.<genexpr> at 0x7fa5ef28b4d0>,15, 2958,2019-02-01,1,0.6666666666666666,0,1,[]
1490,<generator object read_lcm_output_total.<locals>.<lambda>.<locals>.<genexpr> at 0x7fa5ef28b550>,17, 3054,2019-02-01,1,0.6666666666666666,0,1,['TW LAVE GLACE H 2L']
1497,<generator object read_lcm_output_total.<locals>.<lambda>.<locals>.<genexpr> at 0x7fa5ef2cca50>,20, 1882,2019-02-01,1,0.6666666666666666,0,1,[]
1498,<generator object read_lcm_output_total.<locals>.<lambda>.<locals>.<genexpr> at 0x7fa5ef2ccad0>,5, 1882 4206,2019-02-01,1,0.6666666666666666,0,1,['TOTAL ADBLUE 10 L']
1499,<generator object read_lcm_output_total.<locals>.<lambda>.<locals>.<genexpr> at 0x7fa5ef2ccb50>,25, 4276,2019-02-01,1,0.6666666666666666,0,1,[]
1501,<generator object read_lcm_output_total.<locals>.<lambda>.<locals>.<genexpr> at 0x7fa5ef2ccc50>,6, 4276 4266,2019-02-01,1,0.6666666666666666,0,1,['RECHARGE LAVAGE TW - A']
1502,<generator object read_lcm_output_total.<locals>.<lambda>.<locals>.<genexpr> at 0x7fa5ef2cccd0>,25, 715,2019-02-01,1,0.6666666666666666,0,1,[]
1503,<generator object read_lcm_output_total.<locals>.<lambda>.<locals>.<genexpr> at 0x7fa5ef2ccd50>,7, 715 617,2019-02-01,1,0.6666666666666666,0,1,[]
1512,<generator object read_lcm_output_total.<locals>.<lambda>.<locals>.<genexpr> at 0x7fa5ef2d9250>,17, 1,2019-02-01,1,0.6666666666666666,0,1,[]
1513,<generator object read_lcm_output_total.<locals>.<lambda>.<locals>.<genexpr> at 0x7fa5ef2d92d0>,23, 434,2019-02-01,1,0.6666666666666666,0,1,[]
1514,<generator object read_lcm_output_total.<locals>.<lambda>.<locals>.<genexpr> at 0x7fa5ef2d9350>,6, 434 1643,2019-02-01,1,0.6666666666666666,0,1,['CR FLAN NATURE']
1515,<generator object read_lcm_output_total.<locals>.<lambda>.<locals>.<genexpr> at 0x7fa5ef2d93d0>,6, 434 715,2019-02-01,1,0.6666666666666666,0,1,[]
1521,<generator object read_lcm_output_total.<locals>.<lambda>.<locals>.<genexpr> at 0x7fa5ef2cc850>,8, 7221,2019-02-01,1,0.6666666666666666,0,1,['PAGO ACE 33CL P']
1522,<generator object read_lcm_output_total.<locals>.<lambda>.<locals>.<genexpr> at 0x7fa5ef2bcd50>,11, 6391 4268,2019-02-01,1,0.6666666666666666,0,1,['RECHARGE LAVAGE']
1530,<generator object read_lcm_output_total.<locals>.<lambda>.<locals>.<genexpr> at 0x7fa5ef2cc1d0>,25, 617,2019-02-01,1,0.6666666666666666,0,1,[]
1531,<generator object read_lcm_output_total.<locals>.<lambda>.<locals>.<genexpr> at 0x7fa5ef2cc250>,5, 617 1564,2019-02-01,1,0.6666666666666666,0,1,['RECHARGE CAFÉ CLUB 2\x80']
1532,<generator object read_lcm_output_total.<locals>.<lambda>.<locals>.<genexpr> at 0x7fa5ef2cc2d0>,15, 1649,2019-02-01,1,0.6666666666666666,0,1,['CR PAIN AU CHOCOLAT']
1537,<generator object read_lcm_output_total.<locals>.<lambda>.<locals>.<genexpr> at 0x7fa5ef2cc550>,26, 2455,2019-02-01,1,0.6666666666666666,0,1,[]
1538,<generator object read_lcm_output_total.<locals>.<lambda>.<locals>.<genexpr> at 0x7fa5ef2cc5d0>,23, 467,2019-02-01,1,0.6666666666666666,0,1,[]
1539,<generator object read_lcm_output_total.<locals>.<lambda>.<locals>.<genexpr> at 0x7fa5ef2cc650>,21, 5822,2019-02-01,1,0.6666666666666666,0,1,['MARS  51G']
1555,<generator object read_lcm_output_total.<locals>.<lambda>.<locals>.<genexpr> at 0x7fa5ef2668d0>,9, 57,2019-02-01,1,0.6666666666666666,0,1,[]
1556,<generator object read_lcm_output_total.<locals>.<lambda>.<locals>.<genexpr> at 0x7fa5ef266950>,22, 616,2019-02-01,1,0.6666666666666666,0,1,['CR SANDWHICH OCEANIQUE (NEW)']
1558,<generator object read_lcm_output_total.<locals>.<lambda>.<locals>.<genexpr> at 0x7fa5ef266a50>,23, 664,2019-02-01,1,0.6666666666666666,0,1,[]
1559,<generator object read_lcm_output_total.<locals>.<lambda>.<locals>.<genexpr> at 0x7fa5ef266ad0>,5, 664 1643,2019-02-01,1,0.6666666666666666,0,1,['CR FLAN NATURE']
1560,<generator object read_lcm_output_total.<locals>.<lambda>.<locals>.<genexpr> at 0x7fa5ef266b50>,5, 664 434,2019-02-01,1,0.6666666666666666,0,1,[]
1574,<generator object read_lcm_output_total.<locals>.<lambda>.<locals>.<genexpr> at 0x7fa5ef2d9850>,18, 704,2019-02-01,1,0.6666666666666666,0,1,['CR EVIAN PET 50CL']
1575,<generator object read_lcm_output_total.<locals>.<lambda>.<locals>.<genexpr> at 0x7fa5ef2d98d0>,23, 4001,2019-02-01,1,0.6666666666666666,0,1,['TRIANGLE JAMBOM']
1576,<generator object read_lcm_output_total.<locals>.<lambda>.<locals>.<genexpr> at 0x7fa5ef2d9950>,5, 4001 1574,2019-02-01,1,0.6666666666666666,0,1,"['SAC BOUTIQUE KRAFT', 'TRIANGLE JAMBOM']"
1577,<generator object read_lcm_output_total.<locals>.<lambda>.<locals>.<genexpr> at 0x7fa5ef2d99d0>,20, 1401,2019-02-01,1,0.6666666666666666,0,1,['BD PAIN RAISIN']
1584,<generator object read_lcm_output_total.<locals>.<lambda>.<locals>.<genexpr> at 0x7fa5ef2d9d50>,27, 6387,2019-02-01,1,0.6666666666666666,0,1,[]
1586,<generator object read_lcm_output_total.<locals>.<lambda>.<locals>.<genexpr> at 0x7fa5ef2d9e50>,5, 6387 4268,2019-02-01,1,0.6666666666666666,0,1,['RECHARGE LAVAGE']
1588,<generator object read_lcm_output_total.<locals>.<lambda>.<locals>.<genexpr> at 0x7fa5ef2d9f50>,18, 491,2019-02-01,1,0.6666666666666666,0,1,[]
1589,<generator object read_lcm_output_total.<locals>.<lambda>.<locals>.<genexpr> at 0x7fa5ef266050>,5, 491 1643,2019-02-01,1,0.6666666666666666,0,1,['CR FLAN NATURE']
1590,<generator object read_lcm_output_total.<locals>.<lambda>.<locals>.<genexpr> at 0x7fa5ef2660d0>,7, 491 715,2019-02-01,1,0.6666666666666666,0,1,[]
