,user_ids,support,itemsets,period,property_values,depth,size,AGE,itemset_name
4,"[122584, 187833, 239757, 449488, 464331, 604098]",6, 2797 163,2017-04-01,50-65,0.0,6,50-65,[]
9,"[110899, 235462, 292347, 427096, 460228, 592390, 663289]",7, 2797 163,2017-04-01,35-49,0.0,7,35-49,[]
19,"[294115, 619437, 622027, 622586, 751356, 840055]",6, 1547 263,2017-05-01,35-49,0.030303030303030304,6,35-49,[]
22,"[418129, 565366, 616565, 619437, 622586]",5, 263 2797,2017-05-01,35-49,0.030303030303030304,5,35-49,[]
25,"[348261, 610037, 619437, 749414, 849812, 902696, 923572]",7, 1547 263,2017-06-01,35-49,0.06060606060606061,7,35-49,[]
29,"[555714, 565366, 622027, 734723, 754685, 828469]",6, 602 263,2017-06-01,35-49,0.06060606060606061,6,35-49,[]
37,"[109551, 131348, 280880, 305678, 470752]",5, 2944 4126,2017-07-01,50-65,0.09090909090909091,5,50-65,['MINI POSTER ABE']
39,"[270220, 271779, 296486, 347715, 464331, 579124, 681522, 864160]",8, 163 1531,2017-07-01,50-65,0.09090909090909091,8,50-65,[]
45,"[200047, 270220, 295879, 374383, 391197, 392030, 413440, 474879, 497674, 567787, 589776, 589811]",12, 1531 4916,2017-07-01,50-65,0.09090909090909091,12,50-65,['TASSE OFFERT CO']
48,"[118606, 120745, 123777, 154544, 200047, 200375, 220933, 239799, 240661, 240683, 258366, 266667, 269187, 274400, 295879, 311176, 353385, 366711, 421479, 464331, 512305, 529805, 551013, 563799, 606283, 660059, 800468, 822437, 864160]",29, 1531 4917,2017-07-01,50-65,0.09090909090909091,29,50-65,[]
56,"[307536, 314647, 404535, 582695, 597096, 600263, 870598, 886524]",8, 1531 4916,2017-07-01,<35,0.09090909090909091,8,<35,['TASSE OFFERT CO']
60,"[314647, 330295, 698237, 718506, 961026]",5, 236 4918,2017-07-01,<35,0.09090909090909091,5,<35,['GANTS MANUTENTION']
64,"[314647, 330295, 481067, 602580, 739860, 740042, 755417, 872971]",8, 1531 4918,2017-07-01,<35,0.09090909090909091,8,<35,['GANTS MANUTENTION']
70,"[163930, 314647, 326027, 417564, 510225, 597230, 614286, 698237, 718506, 775182]",10, 4918 4916,2017-07-01,<35,0.09090909090909091,10,<35,"['GANTS MANUTENTION', 'TASSE OFFERT CO']"
75,"[165402, 225099, 408070, 470752, 477133]",5, 4136 2944,2017-07-01,50-65,0.09090909090909091,5,50-65,['CREPES X4 CHOCOLAT 248G COLAS']
86,"[110119, 149358, 199285, 213874, 256229, 257400, 263361, 297364, 307192, 318300, 332160, 335918, 350143, 361022, 369654, 387117, 408175, 413192, 427096, 431759, 447294, 447368, 453193, 523626, 592296, 603395, 751640]",27, 1531 4916,2017-07-01,35-49,0.09090909090909091,27,35-49,['TASSE OFFERT CO']
87,"[101024, 101205, 146208, 155647, 244827, 249608, 272202, 272609, 399542, 413192, 413942, 415605, 419711, 421137, 432305, 445147, 447294, 453193, 501066, 510973, 527677, 554519, 561007, 607089, 616689, 622990, 793957, 874415, 880786, 886814]",30, 1531 4917,2017-07-01,35-49,0.09090909090909091,30,35-49,[]
88,"[166603, 288098, 298450, 335616, 354730, 377365, 419033, 454083, 467594, 521461, 732484]",11, 4126 4918,2017-07-01,35-49,0.09090909090909091,11,35-49,"['GANTS MANUTENTION', 'MINI POSTER ABE']"
89,"[138252, 166926, 275145, 354419, 358497, 359909, 419594, 438169, 447321, 485901]",10, 4126 4915,2017-07-01,35-49,0.09090909090909091,10,35-49,"['MINI POSTER ABE', 'MUG OFFERT COMPTOIR DES AROMES']"
91,"[145215, 152806, 164753, 295601, 445147, 463253, 562907, 577267, 607089, 617647, 715934, 716902, 756856]",13, 4126 4917,2017-07-01,35-49,0.09090909090909091,13,35-49,['MINI POSTER ABE']
92,"[148200, 170455, 216179, 355203, 367316, 470106, 732484]",7, 4125 4918,2017-07-01,35-49,0.09090909090909091,7,35-49,"['GANTS MANUTENTION', 'MINI POSTER MUL']"
94,"[199285, 298450, 318300, 354419, 445147, 607089]",6, 1531 4126,2017-07-01,35-49,0.09090909090909091,6,35-49,['MINI POSTER ABE']
107,"[145875, 244827, 261384, 421137, 432305, 616689, 896048]",7, 163 4917,2017-07-01,35-49,0.09090909090909091,7,35-49,[]
109,"[110899, 244827, 407134, 421137, 427096, 432305, 573259, 603395, 616689, 751640]",10, 163 1531,2017-07-01,35-49,0.09090909090909091,10,35-49,[]
111,"[565366, 734723, 754685, 913872, 971894]",5, 1868 602,2017-07-01,35-49,0.09090909090909091,5,35-49,['MENTOS GREEN AP']
113,"[286391, 519885, 610037, 734723, 754685, 828469, 840055, 957240]",8, 1547 263,2017-07-01,35-49,0.09090909090909091,8,35-49,[]
114,"[286391, 610249, 616225, 734723, 971894]",5, 264 602,2017-07-01,35-49,0.09090909090909091,5,35-49,['REMISE BUS AUTOROUTE 9\x80']
115,"[286391, 553832, 578639, 610249, 616225, 734723, 828469, 958765]",8, 264 263,2017-07-01,35-49,0.09090909090909091,8,35-49,['REMISE BUS AUTOROUTE 9\x80']
116,"[286391, 565366, 610249, 616225, 622027, 734723, 754685, 849812, 913872]",9, 602 263,2017-07-01,35-49,0.09090909090909091,9,35-49,[]
119,"[425954, 427096, 543214, 603395, 751640]",5, 163 4916,2017-07-01,35-49,0.09090909090909091,5,35-49,['TASSE OFFERT CO']
130,"[256318, 319150, 335918, 336921, 383544, 401053, 415967, 425954, 432121, 436693, 447294, 453193, 468751, 511179, 760865, 794448, 905810, 910803]",18, 236 4916,2017-07-01,35-49,0.09090909090909091,18,35-49,['TASSE OFFERT CO']
139,"[619437, 749414, 754685, 849812, 971440]",5, 1547 263,2017-08-01,35-49,0.12121212121212122,5,35-49,[]
144,"[223220, 309947, 407307, 483818, 732484]",5, 4126 4125,2017-08-01,35-49,0.12121212121212122,5,35-49,"['MINI POSTER ABE', 'MINI POSTER MUL']"
146,"[616225, 619437, 849812, 957240, 971894, 975522]",6, 602 263,2017-08-01,35-49,0.12121212121212122,6,35-49,[]
147,"[574634, 619437, 734723, 779524, 849812]",5, 1547 263,2017-09-01,35-49,0.15151515151515152,5,35-49,[]
149,"[619437, 734723, 779524, 975522, 998545]",5, 3261 263,2017-09-01,35-49,0.15151515151515152,5,35-49,['JAMBON SUP DD 2']
156,"[519885, 619437, 719763, 734723, 754685, 779524, 902696, 958765, 971440, 975522, 995513]",11, 1547 263,2017-10-01,35-49,0.18181818181818182,11,35-49,[]
160,"[253734, 355402, 419058, 507911, 508067, 585369, 594063, 607089, 608653, 844535]",10, 4126 4112,2017-10-01,35-49,0.18181818181818182,10,35-49,['MINI POSTER ABE']
162,"[126551, 194842, 408070, 470752, 519320, 622174, 734827]",7, 4136 4112,2017-11-01,50-65,0.21212121212121213,7,50-65,['CREPES X4 CHOCOLAT 248G COLAS']
167,"[191561, 204037, 253171, 270220, 276676, 513268]",6, 163 5623,2017-11-01,50-65,0.21212121212121213,6,50-65,[]
168,"[113036, 118478, 127790, 189538, 270517, 296486, 398681, 551228, 579124, 600143]",10, 163 5625,2017-11-01,50-65,0.21212121212121213,10,50-65,[]
187,"[314647, 441628, 602580, 612824, 739860]",5, 163 5623,2017-11-01,<35,0.21212121212121213,5,<35,[]
191,"[251654, 433003, 454838, 510627, 519383, 522169, 549049, 897112]",8, 4126 4112,2017-11-01,<35,0.21212121212121213,8,<35,['MINI POSTER ABE']
197,"[251654, 307536, 446817, 742338, 897112]",5, 4125 4112,2017-11-01,<35,0.21212121212121213,5,<35,['MINI POSTER MUL']
199,"[141778, 144223, 156003, 162284, 250342, 270754, 289065, 293992, 297420, 298368, 310184, 312106, 315504, 319952, 327681, 339606, 341628, 347996, 353824, 356393, 369391, 378008, 390982, 397622, 411787, 415088, 426430, 431759, 476814, 479797, 487043, 492152, 492770, 498529, 510062, 518075, 539813, 543563, 548967, 563889, 563904, 567649, 594027, 596160, 603359, 621358, 622269, 761471, 795192, 836821, 936731, 938188, 942245, 969035]",54, 5623 4112,2017-11-01,35-49,0.21212121212121213,54,35-49,[]
201,"[179113, 275365, 295086, 298450, 309554, 480255, 520846, 607089, 625943, 730004, 884245, 964983]",12, 4126 1707,2017-11-01,35-49,0.21212121212121213,12,35-49,"['MINI POSTER ABE', 'NEWS ROUGE EN 2']"
202,"[130769, 199285, 344106, 375544, 419594, 425686, 540379, 546403, 549209, 732484]",10, 4126 5625,2017-11-01,35-49,0.21212121212121213,10,35-49,['MINI POSTER ABE']
204,"[156003, 166603, 193677, 235302, 298368, 341628, 347996, 393938, 398255, 447321, 454083, 513907, 517640, 543053, 543563, 954512]",16, 4126 5623,2017-11-01,35-49,0.21212121212121213,16,35-49,['MINI POSTER ABE']
208,"[154248, 156003, 197718, 270415, 296815, 298368, 313472, 341628, 347996, 359007, 419594, 429530, 430340, 475601, 480255, 504102, 531067, 543563, 545590, 590436, 607089, 617647, 625943, 732484, 832733, 883223]",26, 4126 4112,2017-11-01,35-49,0.21212121212121213,26,35-49,['MINI POSTER ABE']
209,"[101392, 130464, 146201, 309947, 380569, 433360, 457865, 459228, 502923, 511792, 574409, 598391, 609478, 732484, 902470, 966062]",16, 4125 5625,2017-11-01,35-49,0.21212121212121213,16,35-49,['MINI POSTER MUL']
210,"[207999, 378008, 407307, 480366, 511716, 546140, 550293, 560736, 562494, 586233, 836821]",11, 4125 5623,2017-11-01,35-49,0.21212121212121213,11,35-49,['MINI POSTER MUL']
212,"[101205, 127319, 153963, 193333, 247735, 286890, 291343, 317644, 324605, 330312, 341648, 358331, 372468, 376043, 379504, 383912, 419573, 420381, 423494, 428499, 447368, 450043, 458098, 472067, 480255, 482531, 497798, 498041, 499303, 501913, 548336, 564686, 570723, 579398, 607089, 622767, 625943, 756427, 765800, 794611, 876531, 916885, 927136]",43, 1707 4112,2017-11-01,35-49,0.21212121212121213,43,35-49,['NEWS ROUGE EN 2']
213,"[124784, 156096, 160378, 161010, 243136, 274330, 288764, 336921, 346834, 361695, 368624, 371519, 374511, 374604, 380881, 381808, 419594, 425263, 463903, 466468, 481388, 502556, 502604, 502923, 516402, 523772, 545867, 550149, 560291, 566585, 579353, 598811, 732484, 756204, 816743, 824022, 828612, 837831, 844535, 898398]",40, 5625 4112,2017-11-01,35-49,0.21212121212121213,40,35-49,[]
216,"[162055, 324104, 351686, 389285, 421137, 422933, 425954, 451363, 460228, 460441, 489886, 574836, 607784, 616689, 751640]",15, 163 5625,2017-11-01,35-49,0.21212121212121213,15,35-49,[]
217,"[330312, 378008, 419573, 458921, 476652, 480524, 502923, 564686, 732484, 836821, 980578, 984551]",12, 4125 4112,2017-11-01,35-49,0.21212121212121213,12,35-49,['MINI POSTER MUL']
221,"[622013, 622027, 758594, 975522, 1007975]",5, 6320 263,2017-11-01,35-49,0.21212121212121213,5,35-49,[]
222,"[619437, 734723, 975522, 988692, 998545]",5, 3261 1547 263,2017-11-01,35-49,0.21212121212121213,5,35-49,['JAMBON SUP DD 2']
223,"[619437, 734723, 779524, 975522, 988692, 998545]",6, 3261 263,2017-11-01,35-49,0.21212121212121213,6,35-49,['JAMBON SUP DD 2']
225,"[214182, 390756, 447321, 561007, 956935]",5, 4136 5623,2017-11-01,35-49,0.21212121212121213,5,35-49,['CREPES X4 CHOCOLAT 248G COLAS']
227,"[109954, 111209, 112979, 113797, 114258, 120768, 123517, 132848, 141636, 141887, 155725, 183500, 190844, 231331, 242452, 242802, 249553, 250153, 250163, 269492, 275596, 288466, 293965, 307659, 311524, 321730, 339905, 340253, 343805, 369302, 380287, 384017, 394813, 395636, 400749, 416080, 443377, 444007, 444161, 470752, 476566, 480061, 497722, 528757, 536398, 541417, 544090, 560935, 561615, 567840, 572511, 575459, 577925, 759286, 917858, 973987]",56, 1707 4112,2017-11-01,50-65,0.21212121212121213,56,50-65,['NEWS ROUGE EN 2']
230,"[610037, 610249, 619437, 734723, 754685, 849812, 975522, 988692, 998545]",9, 1547 263,2017-11-01,35-49,0.21212121212121213,9,35-49,[]
246,"[619437, 849812, 924254, 1007975, 1034094]",5, 2216 263,2017-12-01,35-49,0.24242424242424243,5,35-49,[]
247,"[112384, 218711, 247851, 447321, 490874, 558934, 718818, 757685, 836821, 911475]",10, 4125 4112,2017-12-01,35-49,0.24242424242424243,10,35-49,['MINI POSTER MUL']
248,"[149094, 282261, 291344, 342699, 359007, 381830, 392166, 445147, 485312, 488496, 501066, 543323, 548135, 607089, 757685, 869865, 984803]",17, 4126 4112,2017-12-01,35-49,0.24242424242424243,17,35-49,['MINI POSTER ABE']
251,"[610037, 616225, 619437, 734723, 754685, 971440, 975522, 988692, 998545, 1007975, 1034094, 1036452, 1037072]",13, 1547 263,2017-12-01,35-49,0.24242424242424243,13,35-49,[]
263,"[749414, 1007975, 1036452, 1043402, 1045906]",5, 6792 263,2018-01-01,35-49,0.2727272727272727,5,35-49,[]
265,"[140231, 152806, 166603, 184277, 269982, 293992, 299397, 322207, 352108, 380689, 435281, 447321, 464842, 492413, 501066, 536854, 543323, 554132, 576981, 595074, 607089, 829768, 890216, 953727, 956686, 979326]",26, 4126 4112,2018-01-01,35-49,0.2727272727272727,26,35-49,['MINI POSTER ABE']
266,"[183627, 184277, 184841, 188482, 241558, 322207, 330312, 357905, 368624, 384624, 388999, 412414, 437689, 447321, 458549, 458921, 460608, 480524, 502923, 506588, 604591, 682624, 840115, 867719, 917953, 958301]",26, 4125 4112,2018-01-01,35-49,0.2727272727272727,26,35-49,['MINI POSTER MUL']
270,"[616225, 734723, 749414, 849812, 971440, 975522, 988692, 1034094, 1036452, 1043402]",10, 1547 263,2018-01-01,35-49,0.2727272727272727,10,35-49,[]
271,"[247704, 439115, 447321, 575826, 590436]",5, 4136 4112,2018-01-01,35-49,0.2727272727272727,5,35-49,['CREPES X4 CHOCOLAT 248G COLAS']
277,"[588730, 610037, 913872, 998545, 1036452]",5, 5925 263,2018-02-01,35-49,0.30303030303030304,5,35-49,[]
280,"[610037, 619437, 749414, 971440, 988692, 998545, 1007975, 1034094, 1043402]",9, 1547 263,2018-02-01,35-49,0.30303030303030304,9,35-49,[]
283,"[425783, 506588, 553151, 570723, 732484]",5, 4126 4125,2018-02-01,35-49,0.30303030303030304,5,35-49,"['MINI POSTER ABE', 'MINI POSTER MUL']"
284,"[300450, 315504, 352108, 359007, 430340, 440924, 461604, 521461, 562758, 577371, 607089, 767438, 845834, 892868]",14, 4126 4112,2018-02-01,35-49,0.30303030303030304,14,35-49,['MINI POSTER ABE']
285,"[188482, 274742, 365510, 365690, 453918, 473077, 482352, 550746, 558934, 836821]",10, 4125 4112,2018-02-01,35-49,0.30303030303030304,10,35-49,['MINI POSTER MUL']
292,"[129525, 131348, 177933, 270446, 421226, 470752]",6, 2946 4126,2018-03-01,50-65,0.3333333333333333,6,50-65,['MINI POSTER ABE']
293,"[205683, 288466, 405901, 443377, 470752, 542549, 616924]",7, 2946 4112,2018-03-01,50-65,0.3333333333333333,7,50-65,[]
296,"[143826, 200047, 318678, 328202, 332635, 379576, 406056, 416080, 470752, 486197, 493464, 496456, 505693, 545910, 866133, 867699, 956675]",17, 4126 4112,2018-03-01,50-65,0.3333333333333333,17,50-65,['MINI POSTER ABE']
299,"[519885, 619437, 910665, 913872, 1007975]",5, 1547 263,2018-03-01,35-49,0.3333333333333333,5,35-49,[]
301,"[145215, 270415, 428148, 553151, 732484]",5, 4125 4126,2018-03-01,35-49,0.3333333333333333,5,35-49,"['MINI POSTER ABE', 'MINI POSTER MUL']"
302,"[247851, 282802, 390982, 414485, 451082, 473077, 484914, 502556, 585369, 823514, 833102, 836821, 966062]",13, 4125 4112,2018-03-01,35-49,0.3333333333333333,13,35-49,['MINI POSTER MUL']
303,"[111670, 154248, 173576, 193056, 199285, 306100, 306474, 327452, 350390, 353509, 359007, 384413, 419594, 502974, 508067, 527840, 545590, 545865, 575732, 584185, 756856, 981371]",22, 4126 4112,2018-03-01,35-49,0.3333333333333333,22,35-49,['MINI POSTER ABE']
311,"[108938, 127790, 193696, 222001, 267391, 588437]",6, 6855 2797,2018-04-01,50-65,0.36363636363636365,6,50-65,[]
313,"[106214, 200047, 235232, 297431, 309563, 317089, 341173, 346289, 387532, 469254, 470752, 544950, 644632, 813375, 973987]",15, 338 4126,2018-04-01,50-65,0.36363636363636365,15,50-65,['MINI POSTER ABE']
315,"[108938, 127790, 222001, 252444, 381585, 588437]",6, 5842 6855,2018-04-01,50-65,0.36363636363636365,6,50-65,"[""M&M'S BLEU BLANC ROUGE""]"
316,"[108938, 127790, 222001, 224585, 464331, 588437]",6, 5842 2797,2018-04-01,50-65,0.36363636363636365,6,50-65,"[""M&M'S BLEU BLANC ROUGE""]"
317,"[108938, 127790, 224585, 464331, 588437]",5, 5842 2797 163,2018-04-01,50-65,0.36363636363636365,5,50-65,"[""M&M'S BLEU BLANC ROUGE""]"
325,"[108938, 193696, 222001, 675318, 896272]",5, 3877 2797,2018-04-01,50-65,0.36363636363636365,5,50-65,['BAGUETTE POULET CRUD 250G']
330,"[142122, 146574, 164453, 289246, 296815, 304298, 318300, 339606, 377365, 428148, 450623, 467594, 479753, 491803, 500694, 567321, 577399, 594063, 607089, 608653, 615241, 746498, 890216, 933462, 979326, 1001471]",26, 4112 4126,2018-04-01,35-49,0.36363636363636365,26,35-49,['MINI POSTER ABE']
331,"[140965, 141181, 242201, 296686, 390982, 419573, 428148, 456040, 486023, 502923, 588268, 607453, 678188, 836821, 914974, 929431, 1010656, 1025324]",18, 4125 4112,2018-04-01,35-49,0.36363636363636365,18,35-49,['MINI POSTER MUL']
332,"[166603, 408605, 479753, 543323, 549038, 577640, 589028, 607089, 611397, 619574, 827344, 917073, 959369]",13, 2968 4126,2018-04-01,35-49,0.36363636363636365,13,35-49,"['CHEESE BURGER 1', 'MINI POSTER ABE']"
337,"[468837, 519885, 578639, 616565, 619437, 1007975, 1036452, 1048011]",8, 1547 263,2018-04-01,35-49,0.36363636363636365,8,35-49,[]
339,"[156096, 305549, 315504, 316591, 327554, 346745, 363138, 379534, 408175, 412247, 419573, 460069, 470754, 479753, 518075, 530055, 607089, 828865, 994612, 1025269]",20, 2968 4112,2018-04-01,35-49,0.36363636363636365,20,35-49,['CHEESE BURGER 1']
340,"[565366, 913872, 971894, 1007975, 1036452]",5, 5925 263,2018-04-01,35-49,0.36363636363636365,5,35-49,[]
341,"[112041, 166603, 223802, 322207, 324352, 339606, 356320, 378650, 404347, 405080, 443070, 445147, 447321, 472871, 549038, 593459, 619574, 724769, 748933, 976826]",20, 338 4126,2018-04-01,35-49,0.36363636363636365,20,35-49,['MINI POSTER ABE']
342,"[157314, 170782, 433174, 453193, 607784, 832102]",6, 5842 2754,2018-04-01,35-49,0.36363636363636365,6,35-49,"[""M&M'S BLEU BLANC ROUGE""]"
343,"[114666, 157314, 433174, 607784, 832102]",5, 5842 2797,2018-04-01,35-49,0.36363636363636365,5,35-49,"[""M&M'S BLEU BLANC ROUGE""]"
350,"[112161, 224478, 242000, 328019, 470752, 494174, 975853]",7, 2972 4112,2018-05-01,50-65,0.3939393939393939,7,50-65,['CACOLAC BTE 25 CL']
354,"[217160, 270220, 347715, 603391, 604098]",5, 2797 163,2018-05-01,50-65,0.3939393939393939,5,50-65,[]
362,"[131494, 348948, 470752, 541417, 622174]",5, 4136 4112,2018-05-01,50-65,0.3939393939393939,5,50-65,['CREPES X4 CHOCOLAT 248G COLAS']
367,"[121128, 125579, 204764, 242000, 264020, 351599, 376431, 410856, 470752, 578038]",10, 4126 4112,2018-05-01,50-65,0.3939393939393939,10,50-65,['MINI POSTER ABE']
373,"[118478, 513268, 588437, 970438, 1030087]",5, 163 5625 5951,2018-05-01,50-65,0.3939393939393939,5,50-65,[]
375,"[110518, 118478, 125579, 133707, 137845, 149020, 200887, 215168, 217162, 227837, 234478, 240151, 287308, 303718, 310155, 348948, 354216, 366994, 369769, 379359, 389328, 407955, 414662, 437007, 460711, 479302, 482021, 513268, 518130, 519950, 551221, 557637, 560614, 568859, 570702, 588437, 589044, 594114, 751190, 752568, 765564, 852354, 899049, 970438, 1030087, 1057511]",46, 5625 5951,2018-05-01,50-65,0.3939393939393939,46,50-65,[]
380,"[118478, 205109, 217160, 242883, 253171, 438350, 513268, 588437, 604098, 970438, 1003119, 1030087]",12, 163 5951,2018-05-01,50-65,0.3939393939393939,12,50-65,[]
386,"[132253, 409846, 448585, 489485, 502470, 544498, 589121, 615774, 794869, 839968, 868830, 897112, 970021, 1005776, 1027715, 1057667, 1064451]",17, 4126 5951,2018-05-01,<35,0.3939393939393939,17,<35,['MINI POSTER ABE']
389,"[515602, 873625, 897112, 1003499, 1050419]",5, 4126 4125,2018-05-01,<35,0.3939393939393939,5,<35,"['MINI POSTER ABE', 'MINI POSTER MUL']"
391,"[199094, 307536, 468848, 488638, 567223, 584471, 620532, 711515, 897112]",9, 4125 5951,2018-05-01,<35,0.3939393939393939,9,<35,['MINI POSTER MUL']
394,"[314647, 429748, 499476, 533587, 878894, 975791, 992699, 995076, 1010419]",9, 5625 5951,2018-05-01,<35,0.3939393939393939,9,<35,[]
416,"[212581, 236355, 270220, 548624, 842314]",5, 1622 1738,2018-05-01,50-65,0.3939393939393939,5,50-65,['LUCKY STRIKE RE']
430,"[242281, 292347, 423574, 451363, 751640]",5, 163 2968,2018-05-01,35-49,0.3939393939393939,5,35-49,['CHEESE BURGER 1']
431,"[145875, 242281, 304391, 324104, 362310, 746930, 751640, 832102, 957469]",9, 163 5952,2018-05-01,35-49,0.3939393939393939,9,35-49,[]
432,"[110899, 114666, 123801, 325265, 422933, 423574, 427250, 451363, 460228, 607784, 750189]",11, 163 5951,2018-05-01,35-49,0.3939393939393939,11,35-49,[]
438,"[105649, 139446, 165303, 242281, 288039, 291899, 293451, 306911, 326750, 328183, 330991, 337630, 381808, 383930, 390982, 416910, 444898, 499991, 508045, 517691, 525806, 540428, 551627, 568169, 582160, 616767, 748770, 751640, 820747, 835212, 963894, 984551]",32, 2968 5952,2018-05-01,35-49,0.3939393939393939,32,35-49,['CHEESE BURGER 1']
439,"[101205, 149358, 172631, 198525, 293451, 340311, 368624, 458452, 607089, 619437, 924491]",11, 5952 5951,2018-05-01,35-49,0.3939393939393939,11,35-49,[]
440,"[101205, 110552, 138017, 172631, 173410, 179724, 192058, 204013, 209988, 212834, 225819, 250963, 304712, 312163, 322207, 325265, 328876, 340373, 347169, 350390, 350965, 359007, 363564, 378563, 382944, 385979, 387117, 387373, 394811, 400788, 407307, 419594, 419983, 421214, 426964, 431759, 443105, 451669, 461078, 461875, 480106, 489718, 492313, 502923, 505787, 506632, 513098, 552904, 571180, 578455, 579398, 581768, 588339, 599279, 607089, 609538, 615114, 744093, 823716, 827754, 833102, 884542, 886811, 898398, 932372, 967612, 993325, 1016700, 1017619, 1042675]",70, 4112 5951,2018-05-01,35-49,0.3939393939393939,70,35-49,[]
441,"[101205, 105649, 152024, 165303, 172631, 180207, 191463, 192624, 241558, 247822, 269417, 286215, 286554, 288039, 288540, 291899, 293305, 293992, 297341, 311282, 330991, 339606, 339880, 371498, 390982, 397622, 400520, 440924, 441117, 448108, 448590, 452286, 461473, 464842, 469167, 490454, 491154, 499303, 502556, 503081, 517691, 520071, 532387, 563904, 581043, 582160, 595004, 601806, 607089, 761035, 769479, 827344, 880018, 880754, 883606, 895064, 974536, 1009849]",58, 4112 5952,2018-05-01,35-49,0.3939393939393939,58,35-49,[]
442,"[127960, 137251, 166603, 199285, 215998, 237374, 322207, 350390, 359007, 382944, 391816, 395357, 413973, 445147, 447717, 457077, 461078, 468745, 492536, 507911, 531554, 550893, 576281, 605844, 607089, 625753, 723407, 956992, 964983, 1030310, 1039249, 1048120]",32, 4126 5951,2018-05-01,35-49,0.3939393939393939,32,35-49,['MINI POSTER ABE']
443,"[105377, 145215, 209850, 235302, 245092, 286035, 298450, 299397, 308273, 359909, 383930, 440924, 460839, 461473, 464842, 500694, 517691, 607089, 748914, 883223, 899788, 1057085]",22, 4126 5952,2018-05-01,35-49,0.3939393939393939,22,35-49,['MINI POSTER ABE']
444,"[322207, 350390, 359007, 382944, 440924, 456150, 461078, 461473, 464842, 480255, 511860, 517691, 526488, 582952, 601588, 607089]",16, 4126 4112,2018-05-01,35-49,0.3939393939393939,16,35-49,['MINI POSTER ABE']
446,"[322207, 350390, 359007, 382944, 461078, 607089]",6, 4126 4112 5951,2018-05-01,35-49,0.3939393939393939,6,35-49,['MINI POSTER ABE']
449,"[225819, 293992, 387373, 442103, 461875, 497798, 502556, 502923, 614578, 833102, 836821, 876788, 881662, 895064, 934931, 1066872]",16, 4125 4112,2018-05-01,35-49,0.3939393939393939,16,35-49,['MINI POSTER MUL']
451,"[105377, 553151, 732484, 1030310, 1043027]",5, 4125 4126,2018-05-01,35-49,0.3939393939393939,5,35-49,"['MINI POSTER ABE', 'MINI POSTER MUL']"
453,"[440924, 461473, 464842, 517691, 607089]",5, 4126 4112 5952,2018-05-01,35-49,0.3939393939393939,5,35-49,['MINI POSTER ABE']
471,"[130464, 156634, 374158, 387862, 615570, 961337]",6, 2461 5951,2018-05-01,35-49,0.3939393939393939,6,35-49,['LEERDAMER 8TR 160G']
477,"[134691, 332924, 374454, 374604, 402221, 607089, 756427, 761035, 1031701]",9, 6346 5952,2018-05-01,35-49,0.3939393939393939,9,35-49,[]
478,"[212834, 276878, 287867, 486524, 607089, 761035, 823716]",7, 6346 4112,2018-05-01,35-49,0.3939393939393939,7,35-49,[]
481,"[114666, 149358, 237374, 491304, 599279, 875212, 898398, 1007010]",8, 6969 5951,2018-05-01,35-49,0.3939393939393939,8,35-49,[]
482,"[128843, 183978, 212834, 422933, 432122, 473825, 607089, 823716, 889816, 948321, 999021]",11, 6346 5951,2018-05-01,35-49,0.3939393939393939,11,35-49,[]
484,"[100186, 109730, 123499, 216882, 321965, 322486, 391816, 407307, 460228, 653292, 898398, 999021]",12, 2458 5951,2018-05-01,35-49,0.3939393939393939,12,35-49,['MINI BABYBEL X4 RGE 88G']
486,"[187589, 374454, 619437, 752586, 964818]",5, 1547 5952,2018-05-01,35-49,0.3939393939393939,5,35-49,[]
487,"[619437, 734723, 849812, 913872, 979729, 988692, 1048011, 1082751]",8, 1547 263,2018-05-01,35-49,0.3939393939393939,8,35-49,[]
496,"[132253, 666223, 873625, 897112, 1092681]",5, 4125 4126,2018-06-01,<35,0.42424242424242425,5,<35,"['MINI POSTER ABE', 'MINI POSTER MUL']"
497,"[281256, 428793, 497191, 888898, 905659]",5, 4112 4125,2018-06-01,<35,0.42424242424242425,5,<35,['MINI POSTER MUL']
505,"[129757, 170102, 186079, 382985, 447321, 448076, 472493, 500694, 501066, 525960, 532781, 562199, 607089, 626070, 829768, 917073, 932650, 1054186]",18, 4126 4112,2018-06-01,35-49,0.42424242424242425,18,35-49,['MINI POSTER ABE']
506,"[126718, 269417, 281956, 284689, 303808, 316835, 351712, 430018, 447321, 626070, 749724, 806691, 824284, 879507, 884176, 1018648, 1021980, 1035440]",18, 2968 4112,2018-06-01,35-49,0.42424242424242425,18,35-49,['CHEESE BURGER 1']
507,"[369660, 447321, 459155, 626070, 703679]",5, 2968 4126,2018-06-01,35-49,0.42424242424242425,5,35-49,"['CHEESE BURGER 1', 'MINI POSTER ABE']"
508,"[177989, 390982, 487798, 488496, 523099, 565802, 579243, 579353, 594278, 610931, 616541, 756856, 836821, 864313, 1019603]",15, 4125 4112,2018-06-01,35-49,0.42424242424242425,15,35-49,['MINI POSTER MUL']
510,"[315774, 957240, 1007975, 1036452, 1082751]",5, 1547 263,2018-06-01,35-49,0.42424242424242425,5,35-49,[]
519,"[118560, 131514, 172457, 220023, 236154, 277301, 470752, 528757, 588699, 623497, 711978, 837799, 866133, 883603, 1048518]",15, 4112 4143,2018-07-01,50-65,0.45454545454545453,15,50-65,[]
521,"[130532, 187833, 199984, 464331, 604098, 681522, 864160]",7, 163 4921,2018-07-01,50-65,0.45454545454545453,7,50-65,[]
522,"[138707, 145163, 158939, 171090, 287831, 323804, 470752, 535047, 581042, 866133, 917858, 973987, 1099507]",13, 4112 4126,2018-07-01,50-65,0.45454545454545453,13,50-65,['MINI POSTER ABE']
528,"[100388, 130640, 167209, 187833, 196079, 197892, 227723, 273864, 287831, 294838, 317586, 389914, 413215, 522871, 582720, 875771, 958708, 972364, 1030140]",19, 4112 4921,2018-07-01,50-65,0.45454545454545453,19,50-65,[]
544,"[118606, 125579, 174617, 249680, 274953, 298245, 309563, 351599, 384261, 470752, 520424, 535916, 563799, 866133, 920439, 966233, 1024511]",17, 4126 4143,2018-07-01,50-65,0.45454545454545453,17,50-65,['MINI POSTER ABE']
548,"[131514, 134163, 170158, 178794, 470752, 623497, 817083]",7, 4136 4112,2018-07-01,50-65,0.45454545454545453,7,50-65,['CREPES X4 CHOCOLAT 248G COLAS']
550,"[438276, 448585, 482827, 868830, 897112, 930557, 1064451, 1069829]",8, 4126 4921,2018-07-01,<35,0.45454545454545453,8,<35,['MINI POSTER ABE']
554,"[281256, 326027, 339428, 465110, 591620, 1046200]",6, 4112 4143,2018-07-01,<35,0.45454545454545453,6,<35,[]
561,"[314647, 403445, 602580, 612824, 739860]",5, 1538 163,2018-07-01,<35,0.45454545454545453,5,<35,[]
568,"[125579, 131514, 257982, 470752, 623497]",5, 4136 4143,2018-07-01,50-65,0.45454545454545453,5,50-65,['CREPES X4 CHOCOLAT 248G COLAS']
574,"[105293, 118478, 167694, 186490, 915181]",5, 1538 4142,2018-07-01,50-65,0.45454545454545453,5,50-65,['FAR PRUNEAUX INDIVIDUEL 210G COLAS']
575,"[149963, 187833, 199984, 307173, 464331, 604098]",6, 1538 4921,2018-07-01,50-65,0.45454545454545453,6,50-65,[]
576,"[105293, 118478, 167694, 187833, 199984, 270220, 368080, 464331, 588437, 604098]",10, 1538 163,2018-07-01,50-65,0.45454545454545453,10,50-65,[]
587,"[152992, 193056, 238481, 298450, 315504, 335616, 353820, 441047, 447321, 450623, 463601, 479797, 506580, 507911, 735561, 832733, 1080244]",17, 4126 4143,2018-07-01,35-49,0.45454545454545453,17,35-49,['MINI POSTER ABE']
590,"[101392, 137060, 195200, 349622, 404347, 502556, 542113, 560291, 560369, 563531, 719939, 830708, 836821, 1010656, 1040750, 1093208]",16, 4125 4142,2018-07-01,35-49,0.45454545454545453,16,35-49,"['FAR PRUNEAUX INDIVIDUEL 210G COLAS', 'MINI POSTER MUL']"
593,"[113875, 148590, 159219, 257995, 300450, 359909, 415447, 467594, 496238, 503496, 510479, 532369, 545865, 557579, 562031, 890216, 979928, 1030310, 1031335]",19, 4126 4919,2018-07-01,35-49,0.45454545454545453,19,35-49,['MINI POSTER ABE']
600,"[183834, 198355, 257995, 325450, 352108, 381313, 392099, 415447, 432995, 450524, 467594, 479753, 607089, 795277, 890216, 912919, 979928, 1010656]",18, 4112 4126,2018-07-01,35-49,0.45454545454545453,18,35-49,['MINI POSTER ABE']
603,"[112006, 198355, 203819, 230440, 243852, 299397, 355402, 419033, 430340, 430600, 438754, 472574, 506019, 607089, 618550, 763902, 839227, 849063, 884018, 1010656]",20, 4126 4142,2018-07-01,35-49,0.45454545454545453,20,35-49,"['FAR PRUNEAUX INDIVIDUEL 210G COLAS', 'MINI POSTER ABE']"
621,"[198355, 227626, 229137, 247735, 287925, 313650, 329426, 332850, 347897, 476652, 564534, 607089, 756427, 760240, 828612, 836821, 949782, 998226, 1010656, 1073949]",20, 4112 4142,2018-07-01,35-49,0.45454545454545453,20,35-49,['FAR PRUNEAUX INDIVIDUEL 210G COLAS']
622,"[110899, 140168, 147589, 261384, 351686, 460228, 483533, 555714, 567220, 607784, 1031512]",11, 163 4143,2018-07-01,35-49,0.45454545454545453,11,35-49,[]
626,"[468837, 519885, 555714, 567971, 578639, 754776, 860435, 998545, 1007975, 1082751, 1097861, 1152434]",12, 1547 263,2018-07-01,35-49,0.45454545454545453,12,35-49,[]
628,"[342226, 397187, 473077, 528271, 597681, 836821, 844535, 884303, 1010656, 1066872, 1076586]",11, 4112 4125,2018-07-01,35-49,0.45454545454545453,11,35-49,['MINI POSTER MUL']
629,"[110899, 114666, 147589, 235462, 425954, 427096, 427250, 432305, 451363, 607784, 616689, 751640, 957469, 1052581, 1095891, 1106546]",16, 1538 163,2018-07-01,35-49,0.45454545454545453,16,35-49,[]
638,"[110899, 147589, 193871, 319630, 453193, 607784]",6, 1538 4143,2018-07-01,35-49,0.45454545454545453,6,35-49,[]
641,"[342688, 425954, 433654, 435229, 453193, 573259, 1052581, 1095891]",8, 1538 4142,2018-07-01,35-49,0.45454545454545453,8,35-49,['FAR PRUNEAUX INDIVIDUEL 210G COLAS']
642,"[244827, 373006, 451363, 770195, 943482, 1042827]",6, 163 4920,2018-07-01,35-49,0.45454545454545453,6,35-49,[]
654,"[320144, 488496, 490737, 567280, 607089, 837554, 884542, 949439]",8, 4074 4142,2018-07-01,35-49,0.45454545454545453,8,35-49,['FAR PRUNEAUX INDIVIDUEL 210G COLAS']
667,"[132253, 281256, 356945, 385630, 482313, 596414, 893132, 1015669, 1053853]",9, 4125 4112,2018-08-01,<35,0.48484848484848486,9,<35,['MINI POSTER MUL']
668,"[132253, 281256, 616355, 897112, 968700, 1003499]",6, 4126 4125,2018-08-01,<35,0.48484848484848486,6,<35,"['MINI POSTER ABE', 'MINI POSTER MUL']"
671,"[118478, 167694, 187833, 199984, 604098, 681522, 1167617, 1171591]",8, 1538 163,2018-08-01,50-65,0.48484848484848486,8,50-65,[]
675,"[130769, 251365, 325450, 336968, 424114, 436333, 486113, 532781, 534156, 585130, 817595, 979326, 1063946, 1103163]",14, 4112 4126,2018-08-01,35-49,0.48484848484848486,14,35-49,['MINI POSTER ABE']
677,"[171393, 397035, 452545, 485901, 667778, 829305, 833102, 836821, 895023]",9, 2968 4125,2018-08-01,35-49,0.48484848484848486,9,35-49,"['CHEESE BURGER 1', 'MINI POSTER MUL']"
678,"[266879, 319484, 375587, 485901, 487176, 493372, 583146, 817595, 818839, 836821, 864036, 1049197, 1072004]",13, 2968 4112,2018-08-01,35-49,0.48484848484848486,13,35-49,['CHEESE BURGER 1']
680,"[519885, 542084, 619437, 754776, 860435, 891917, 1007975, 1082751, 1152434, 1155422]",10, 1547 263,2018-08-01,35-49,0.48484848484848486,10,35-49,[]
681,"[252539, 401963, 473077, 479474, 481388, 482352, 485901, 558934, 836821]",9, 4112 4125,2018-08-01,35-49,0.48484848484848486,9,35-49,['MINI POSTER MUL']
683,"[114666, 292347, 351686, 425954, 427096, 427250, 528367, 751640, 777319, 1095891, 1163691, 1168767]",12, 1538 163,2018-08-01,35-49,0.48484848484848486,12,35-49,[]
684,"[519885, 988692, 998545, 1082751, 1152434]",5, 1622 1547,2018-08-01,35-49,0.48484848484848486,5,35-49,[]
687,"[519885, 893157, 988692, 998545, 1082751]",5, 1738 1622,2018-08-01,35-49,0.48484848484848486,5,35-49,['LUCKY STRIKE RE']
689,"[108938, 118478, 133892, 167694, 187833, 199984, 270220, 368080, 438350, 464331, 604098, 1167617, 1171591]",13, 1538 163,2018-09-01,50-65,0.5151515151515151,13,50-65,[]
690,"[125579, 252184, 348948, 386756, 408070, 470752, 558440]",7, 4136 4112,2018-09-01,50-65,0.5151515151515151,7,50-65,['CREPES X4 CHOCOLAT 248G COLAS']
692,"[137677, 339905, 383170, 447658, 470752]",5, 2944 4112,2018-09-01,50-65,0.5151515151515151,5,50-65,[]
695,"[281256, 599919, 686919, 897112, 916300]",5, 4125 4126,2018-09-01,<35,0.5151515151515151,5,<35,"['MINI POSTER ABE', 'MINI POSTER MUL']"
696,"[281256, 305516, 332286, 482649, 515602, 578147, 609205, 958036]",8, 4112 4126,2018-09-01,<35,0.5151515151515151,8,<35,['MINI POSTER ABE']
698,"[314647, 403445, 602580, 612824, 903640, 1061637, 1166148]",7, 1538 163,2018-09-01,<35,0.5151515151515151,7,<35,[]
702,"[125579, 155907, 209677, 231893, 245076, 269944, 274953, 285334, 383170, 470752, 525441, 618708, 866133]",13, 4126 4112,2018-09-01,50-65,0.5151515151515151,13,50-65,['MINI POSTER ABE']
706,"[105649, 330312, 366567, 390982, 502556, 519290, 606741, 836821, 897326, 911256, 941598]",11, 4125 4112,2018-09-01,35-49,0.5151515151515151,11,35-49,['MINI POSTER MUL']
710,"[124396, 146585, 160378, 188482, 193871, 244550, 312856, 323034, 352108, 352527, 359007, 376147, 447321, 450776, 537965, 604625, 607089, 911475]",18, 4112 4126,2018-09-01,35-49,0.5151515151515151,18,35-49,['MINI POSTER ABE']
711,"[526399, 719763, 734723, 849812, 995513, 998545, 1048011, 1152434, 1155422, 1174591]",10, 1547 263,2018-09-01,35-49,0.5151515151515151,10,35-49,[]
715,"[114666, 235462, 244827, 292347, 389285, 425954, 427250, 432305, 451363, 483533, 521982, 523545, 607784, 616689, 751640, 957469, 1095891, 1163691, 1167207, 1168767, 1198352]",21, 1538 163,2018-09-01,35-49,0.5151515151515151,21,35-49,[]
717,"[108938, 118478, 127790, 133892, 149963, 162567, 187833, 206426, 235297, 270220, 275782, 368080, 375021, 445481, 464331, 1045120, 1106966, 1171591]",18, 1538 163,2018-10-01,50-65,0.5454545454545454,18,50-65,[]
718,"[125579, 270690, 470752, 622174, 895429]",5, 4136 4112,2018-10-01,50-65,0.5454545454545454,5,50-65,['CREPES X4 CHOCOLAT 248G COLAS']
720,"[281256, 515047, 542513, 549049, 600407, 609205, 614173, 742338, 901399]",9, 4112 4126,2018-10-01,<35,0.5454545454545454,9,<35,['MINI POSTER ABE']
721,"[281256, 298742, 447143, 626163, 716095, 964485, 1193377]",7, 4125 4112,2018-10-01,<35,0.5454545454545454,7,<35,['MINI POSTER MUL']
722,"[314647, 403445, 552846, 612824, 739860, 903640, 1061637, 1103098, 1166148, 1205586, 1214239]",11, 1538 163,2018-10-01,<35,0.5454545454545454,11,<35,[]
726,"[281256, 686919, 897112, 1050419, 1161081]",5, 4125 4126,2018-10-01,<35,0.5454545454545454,5,<35,"['MINI POSTER ABE', 'MINI POSTER MUL']"
730,"[126718, 176162, 327452, 405310, 461875, 481388, 486023, 497798, 532781, 558934, 622767, 836821, 879507, 1068315]",14, 4125 4112,2018-10-01,35-49,0.5454545454545454,14,35-49,['MINI POSTER MUL']
731,"[130464, 339822, 410397, 506588, 553151, 732484, 1009063, 1027170, 1115724]",9, 4126 4125,2018-10-01,35-49,0.5454545454545454,9,35-49,"['MINI POSTER ABE', 'MINI POSTER MUL']"
734,"[255972, 261384, 304712, 369359, 460228]",5, 1538 4112,2018-10-01,35-49,0.5454545454545454,5,35-49,[]
735,"[113297, 300450, 324441, 358331, 375121, 376147, 397295, 408799, 419058, 429379, 521418, 545865, 580123, 607089, 742861, 899788, 979326, 1072489, 1175910]",19, 4126 4112,2018-10-01,35-49,0.5454545454545454,19,35-49,['MINI POSTER ABE']
739,"[114666, 244827, 261384, 292347, 370988, 423574, 425954, 427096, 427250, 432305, 451363, 460228, 483533, 607784, 751640, 957469, 999796, 1042827, 1095891, 1163691, 1167207, 1168767, 1178295]",23, 1538 163,2018-10-01,35-49,0.5454545454545454,23,35-49,[]
740,"[120768, 125579, 257886, 274953, 275763, 462697, 470752, 818420]",8, 4126 4112,2018-10-01,50-65,0.5454545454545454,8,50-65,['MINI POSTER ABE']
743,"[314647, 552846, 602580, 612824, 739860, 1061637, 1166148, 1196697, 1205586]",9, 1538 163,2018-11-01,<35,0.5757575757575758,9,<35,[]
744,"[281256, 578715, 597370, 616355, 897112, 968700, 1003499, 1159127]",8, 4126 4125,2018-11-01,<35,0.5757575757575758,8,<35,"['MINI POSTER ABE', 'MINI POSTER MUL']"
746,"[164382, 291345, 470752, 975449, 1212318]",5, 4074 2946,2018-11-01,50-65,0.5757575757575758,5,50-65,[]
747,"[118478, 127790, 133892, 161394, 187833, 199984, 205109, 235297, 270220, 368080, 464331, 604098, 731934, 1171591]",14, 1538 163,2018-11-01,50-65,0.5757575757575758,14,50-65,[]
748,"[287608, 470752, 489263, 541273, 896576]",5, 2946 4126,2018-11-01,50-65,0.5757575757575758,5,50-65,['MINI POSTER ABE']
749,"[112161, 137677, 252606, 321198, 375744, 470752, 734827, 807430]",8, 2946 4112,2018-11-01,50-65,0.5757575757575758,8,50-65,[]
750,"[133917, 172838, 185183, 256540, 266177, 272454, 470752, 508797, 570365, 578038]",10, 4126 4112,2018-11-01,50-65,0.5757575757575758,10,50-65,['MINI POSTER ABE']
751,"[124069, 131320, 204046, 220201, 222012, 234914, 254833, 289259, 310155, 321198, 470752, 476566, 519802, 598769, 723615, 837799, 1038025]",17, 4112 2968,2018-11-01,50-65,0.5757575757575758,17,50-65,['CHEESE BURGER 1']
752,"[616225, 734723, 998545, 1071032, 1155422]",5, 1853 721,2018-11-01,35-49,0.5757575757575758,5,35-49,['MEZ MAX SCE 4 F']
753,"[531554, 643227, 835212, 890216, 979326, 1044697]",6, 2946 4126,2018-11-01,35-49,0.5757575757575758,6,35-49,['MINI POSTER ABE']
754,"[114666, 156634, 244827, 261384, 425954, 427096, 427250, 451363, 460228, 521982, 523545, 600467, 607784, 616689, 746930, 751640, 786504, 1163691, 1167207, 1168767, 1180756, 1198352]",22, 1538 163,2018-11-01,35-49,0.5757575757575758,22,35-49,[]
758,"[132262, 235302, 325450, 353820, 359007, 382985, 429530, 463711, 545865, 601405]",10, 4126 4112,2018-11-01,35-49,0.5757575757575758,10,35-49,['MINI POSTER ABE']
761,"[123708, 286963, 495076, 496594, 538133, 580987, 591465, 749246]",8, 2968 4112,2018-12-01,50-65,0.6060606060606061,8,50-65,['CHEESE BURGER 1']
762,"[108938, 118478, 127790, 133892, 187833, 205109, 235297, 270220, 275782, 368080, 438350, 464331, 603391, 915181, 1045120, 1171591]",16, 1538 163,2018-12-01,50-65,0.6060606060606061,16,50-65,[]
763,"[101583, 176713, 180808, 452726, 619880, 821181, 881754, 1006301, 1008762, 1115172]",10, 2882 1533,2018-12-01,50-65,0.6060606060606061,10,50-65,['BDG OASIS TROPI']
764,"[176216, 180808, 213412, 259705, 311351, 332610, 387532, 420269, 619880, 912470, 1221607]",11, 381 2882,2018-12-01,50-65,0.6060606060606061,11,50-65,[]
765,"[176216, 213412, 259705, 332610, 387532, 420269, 912470, 1221607]",8, 381 2882 1531,2018-12-01,50-65,0.6060606060606061,8,50-65,[]
766,"[461571, 541950, 565124, 881238, 1103089, 1238732]",6, 1532 2883,2018-12-01,50-65,0.6060606060606061,6,50-65,[]
767,"[314647, 403445, 552846, 602580, 612824, 739860, 1061637, 1166148, 1205586]",9, 1538 163,2018-12-01,<35,0.6060606060606061,9,<35,[]
768,"[281256, 339428, 511013, 716095, 741484, 875601, 895812, 974216, 1015669, 1018623, 1030188, 1051361, 1062112, 1153136]",14, 4125 4112,2018-12-01,<35,0.6060606060606061,14,<35,['MINI POSTER MUL']
769,"[281256, 578365, 600407, 832718, 1030188, 1113184, 1176580]",7, 4126 4112,2018-12-01,<35,0.6060606060606061,7,<35,['MINI POSTER ABE']
770,"[281256, 361353, 686919, 897112, 1003499, 1030188, 1037370]",7, 4126 4125,2018-12-01,<35,0.6060606060606061,7,<35,"['MINI POSTER ABE', 'MINI POSTER MUL']"
771,"[284538, 454794, 600365, 1109301, 1113184]",5, 2946 4126,2018-12-01,<35,0.6060606060606061,5,<35,['MINI POSTER ABE']
772,"[102136, 173559, 425149, 606450, 929267]",5, 4125 4126,2018-12-01,50-65,0.6060606060606061,5,50-65,"['MINI POSTER ABE', 'MINI POSTER MUL']"
773,"[102156, 459432, 468467, 486102, 1185433]",5, 2977 2975,2018-12-01,50-65,0.6060606060606061,5,50-65,['LUSTREUSE NENETTE METAL']
774,"[176750, 197678, 372638, 422871, 498326, 511024, 536074, 538133, 818420, 1025791]",10, 4125 4112,2018-12-01,50-65,0.6060606060606061,10,50-65,['MINI POSTER MUL']
775,"[116610, 376468, 468467, 1028259, 1185433]",5, 2975 4112,2018-12-01,50-65,0.6060606060606061,5,50-65,['LUSTREUSE NENETTE METAL']
776,"[295084, 401512, 489543, 576301, 703679, 794248, 889462, 916865]",8, 2977 2975,2018-12-01,35-49,0.6060606060606061,8,35-49,['LUSTREUSE NENETTE METAL']
777,"[105649, 209010, 327452, 344970, 363045, 366177, 400788, 413547, 476652, 908076]",10, 4125 4112,2018-12-01,35-49,0.6060606060606061,10,35-49,['MINI POSTER MUL']
778,"[259947, 329029, 350390, 359007, 377365, 419058, 422146, 436155, 516806, 545865, 594866, 901011, 911475, 942254, 1152822]",15, 4126 4112,2018-12-01,35-49,0.6060606060606061,15,35-49,['MINI POSTER ABE']
779,"[110899, 114666, 156634, 292347, 421137, 427096, 460228, 607784, 616689, 751640, 943482, 957469, 1095891, 1168767, 1180756, 1198352]",16, 1538 163,2018-12-01,35-49,0.6060606060606061,16,35-49,[]
780,"[209010, 295084, 304298, 329029, 849076, 890216, 923782]",7, 2975 4112,2018-12-01,35-49,0.6060606060606061,7,35-49,['LUSTREUSE NENETTE METAL']
781,"[147071, 209010, 380569, 438131, 526976]",5, 2975 4125,2018-12-01,35-49,0.6060606060606061,5,35-49,"['LUSTREUSE NENETTE METAL', 'MINI POSTER MUL']"
782,"[358021, 371498, 419058, 911475, 989745]",5, 2946 4112,2018-12-01,35-49,0.6060606060606061,5,35-49,[]
783,"[203373, 289822, 329426, 337814, 409690, 419979, 467975, 901011]",8, 2968 4112,2018-12-01,35-49,0.6060606060606061,8,35-49,['CHEESE BURGER 1']
784,"[555714, 734723, 988692, 1007975, 1034094]",5, 1547 263,2018-12-01,35-49,0.6060606060606061,5,35-49,[]
785,"[283278, 400788, 836821, 981371, 988331]",5, 4099 4125,2018-12-01,35-49,0.6060606060606061,5,35-49,"['MINI POSTER MUL', 'NECTA JAUNE 2 FRUITS V&D']"
786,"[115022, 195864, 274953, 298591, 299637, 335322, 340149, 365367, 372572, 462132, 470752, 496602, 552657, 616924, 867699, 882282, 917858, 973987]",18, 4126 4112,2018-12-01,50-65,0.6060606060606061,18,50-65,['MINI POSTER ABE']
787,"[154737, 307210, 316343, 319895, 351455, 585878, 898005]",7, 381 2882,2018-12-01,35-49,0.6060606060606061,7,35-49,[]
788,"[369567, 462819, 511792, 522905, 1006775]",5, 6175 4125,2018-12-01,35-49,0.6060606060606061,5,35-49,['MINI POSTER MUL']
789,"[347996, 360281, 397289, 419058, 456775, 473831, 911475, 1088894]",8, 2946 4126,2018-12-01,35-49,0.6060606060606061,8,35-49,['MINI POSTER ABE']
797,"[252184, 312801, 341101, 357820, 376207, 470752, 734827]",7, 4136 4112,2019-01-01,50-65,0.6363636363636364,7,50-65,['CREPES X4 CHOCOLAT 248G COLAS']
798,"[132253, 281256, 416480, 762882, 897112, 1037370]",6, 4126 4125,2019-01-01,<35,0.6363636363636364,6,<35,"['MINI POSTER ABE', 'MINI POSTER MUL']"
804,"[108938, 118478, 127760, 127790, 133892, 149963, 187833, 205109, 235297, 270220, 368080, 438350, 449529, 464331, 603391, 1171591, 1221607]",17, 1538 163,2019-01-01,50-65,0.6363636363636364,17,50-65,[]
805,"[403445, 552846, 602580, 612824, 739860, 903640, 1166148, 1181387, 1196697, 1205586, 1236675]",11, 163 1538,2019-01-01,<35,0.6363636363636364,11,<35,[]
808,"[118478, 149963, 235297, 346289, 378200, 438350, 449529, 1171591]",8, 1538 4112,2019-01-01,50-65,0.6363636363636364,8,50-65,[]
809,"[118478, 149963, 235297, 438350, 449529, 1171591]",6, 1538 163 4112,2019-01-01,50-65,0.6363636363636364,6,50-65,[]
811,"[118478, 132500, 149963, 235297, 438350, 449529, 1171591]",7, 163 4112,2019-01-01,50-65,0.6363636363636364,7,50-65,[]
813,"[315579, 553151, 712041, 732484, 911353, 987379]",6, 4125 4126,2019-01-01,35-49,0.6363636363636364,6,35-49,"['MINI POSTER ABE', 'MINI POSTER MUL']"
814,"[107030, 244827, 1095891, 1109186, 1163691, 1198352]",6, 163 4112,2019-01-01,35-49,0.6363636363636364,6,35-49,[]
815,"[107030, 244827, 280999, 308992, 427779, 1095891, 1163691, 1198352]",8, 1538 4112,2019-01-01,35-49,0.6363636363636364,8,35-49,[]
816,"[107030, 114666, 156634, 235462, 244827, 261384, 292347, 421137, 427096, 427250, 437004, 460228, 483533, 523545, 567220, 607784, 616689, 746930, 751640, 957469, 999796, 1095891, 1163691, 1167207, 1168767, 1180756, 1198352, 1234306]",28, 1538 163,2019-01-01,35-49,0.6363636363636364,28,35-49,[]
817,"[107030, 244827, 1095891, 1163691, 1198352]",5, 1538 163 4112,2019-01-01,35-49,0.6363636363636364,5,35-49,[]
819,"[105047, 184838, 201704, 211111, 347996, 352980, 406750, 451301, 835212, 979326]",10, 2946 4126,2019-01-01,35-49,0.6363636363636364,10,35-49,['MINI POSTER ABE']
820,"[111958, 113875, 193333, 197718, 230440, 237374, 280999, 295941, 305264, 323762, 347996, 414193, 419058, 422349, 447321, 447717, 450776, 451301, 461473, 474380, 487798, 500694, 591109, 595074, 598952, 768277, 779784, 821296, 832733, 841409, 911353, 915497, 932650, 1044608, 1102327, 1167570, 1217273]",37, 4126 4112,2019-01-01,35-49,0.6363636363636364,37,35-49,['MINI POSTER ABE']
825,"[115022, 121128, 138682, 151252, 184660, 188588, 245076, 287754, 312415, 332635, 346289, 384876, 397005, 406056, 444316, 470752, 495684, 557541, 711308, 866133, 1033497, 1039714]",22, 4126 4112,2019-01-01,50-65,0.6363636363636364,22,50-65,['MINI POSTER ABE']
829,"[186860, 376613, 447321, 545368, 887828]",5, 4136 4112,2019-01-01,35-49,0.6363636363636364,5,35-49,['CREPES X4 CHOCOLAT 248G COLAS']
834,"[100194, 108938, 186835, 253363, 429688, 432898, 915181]",7, 1538 4112,2019-02-01,50-65,0.6666666666666666,7,50-65,[]
835,"[108938, 118478, 127790, 133892, 187833, 205109, 235297, 329014, 437007, 438350, 464331, 603391, 1171591]",13, 163 1538,2019-02-01,50-65,0.6666666666666666,13,50-65,[]
845,"[403445, 552846, 602580, 612824, 739860, 1166148, 1205586]",7, 163 1538,2019-02-01,<35,0.6666666666666666,7,<35,[]
850,"[141536, 193871, 340311, 342699, 351078, 352108, 361328, 368969, 397295, 422146, 426406, 426511, 426653, 434135, 447321, 450524, 457077, 464842, 467594, 475601, 504975, 543323, 545865, 550893, 561292, 588320, 591109, 607089, 796483, 927592, 959369, 1020856, 1200272]",33, 4126 4112,2019-02-01,35-49,0.6666666666666666,33,35-49,['MINI POSTER ABE']
857,"[109730, 181607, 244827, 397222, 956393, 957469, 1015718, 1206265]",8, 1538 4112,2019-02-01,35-49,0.6666666666666666,8,35-49,[]
858,"[107030, 114666, 156634, 292347, 421137, 425954, 427096, 427250, 460228, 483533, 607784, 616689, 751640, 957469, 999796, 1095891, 1167207, 1168767, 1198352]",19, 163 1538,2019-02-01,35-49,0.6666666666666666,19,35-49,[]
866,"[924254, 988692, 998545, 1082751, 1180366]",5, 1547 263,2019-02-01,35-49,0.6666666666666666,5,35-49,[]
867,"[823956, 849340, 866455, 957469, 1071032]",5, 1622 721,2019-02-01,35-49,0.6666666666666666,5,35-49,['MEZ MAX SCE 4 F']
869,"[392937, 539054, 548152, 867342, 911475, 946201, 979326, 1031553, 1158916, 1214469]",10, 2946 4126,2019-02-01,35-49,0.6666666666666666,10,35-49,['MINI POSTER ABE']
873,"[108938, 118478, 127760, 127790, 133892, 187833, 205109, 206396, 235297, 270220, 355050, 368080, 464331, 671878, 1045120, 1171591]",16, 163 1538,2019-03-01,50-65,0.696969696969697,16,50-65,[]
879,"[132253, 281256, 896292, 897112, 1027715, 1058749]",6, 4126 4125,2019-03-01,<35,0.696969696969697,6,<35,"['MINI POSTER ABE', 'MINI POSTER MUL']"
881,"[403445, 612824, 739860, 903640, 1061637]",5, 163 1538,2019-03-01,<35,0.696969696969697,5,<35,[]
885,"[175203, 312163, 369391, 382344, 480366, 498529, 979326]",7, 2946 4112,2019-03-01,35-49,0.696969696969697,7,35-49,[]
886,"[171740, 422670, 608289, 798464, 836821]",5, 4099 4125,2019-03-01,35-49,0.696969696969697,5,35-49,"['MINI POSTER MUL', 'NECTA JAUNE 2 FRUITS V&D']"
887,"[262440, 289682, 326163, 350390, 370568, 388905, 393462, 426511, 450524, 474380, 500694, 508560, 545865, 830896, 890276, 979326, 1063971, 1199738]",18, 4126 4112,2019-03-01,35-49,0.696969696969697,18,35-49,['MINI POSTER ABE']
889,"[130464, 576981, 732484, 899176, 987379, 1063971]",6, 4125 4126,2019-03-01,35-49,0.696969696969697,6,35-49,"['MINI POSTER ABE', 'MINI POSTER MUL']"
890,"[127538, 136688, 147480, 179724, 202124, 204068, 254395, 304419, 359909, 382344, 383197, 385337, 395989, 413192, 420953, 428345, 464167, 484511, 545865, 546948, 592157, 601994, 700038, 739868, 771876, 836966, 865625, 936316, 961048, 1170504, 1180455, 1202978, 1211928]",33, 2968 4112,2019-03-01,35-49,0.696969696969697,33,35-49,['CHEESE BURGER 1']
891,"[506588, 511228, 543323, 545865, 576981, 1046665]",6, 2968 4126,2019-03-01,35-49,0.696969696969697,6,35-49,"['CHEESE BURGER 1', 'MINI POSTER ABE']"
893,"[457692, 483533, 545865, 549950, 771876, 931348, 1183011, 1226863]",8, 1538 4112,2019-03-01,35-49,0.696969696969697,8,35-49,[]
897,"[211111, 397272, 542397, 725594, 835212, 979326, 1074308]",7, 2946 4126,2019-03-01,35-49,0.696969696969697,7,35-49,['MINI POSTER ABE']
899,"[555714, 567971, 998545, 1007975, 1082751]",5, 1547 263,2019-03-01,35-49,0.696969696969697,5,35-49,[]
900,"[244827, 421137, 425954, 427250, 483533, 607784, 616689, 751640, 838190, 957469, 999796, 1095891, 1163691, 1167207, 1168767, 1180756, 1198352, 1218881, 1237802]",19, 163 1538,2019-03-01,35-49,0.696969696969697,19,35-49,[]
902,"[108938, 127790, 133070, 133892, 187833, 199984, 235297, 270220, 275782, 329014, 464331, 588437, 604098, 681522, 915181, 1167617, 1171591]",17, 163 1538,2019-04-01,50-65,0.7272727272727273,17,50-65,[]
905,"[107216, 108805, 134163, 218262, 291218, 470752, 720705]",7, 4136 4112,2019-04-01,50-65,0.7272727272727273,7,50-65,['CREPES X4 CHOCOLAT 248G COLAS']
909,"[132253, 281256, 686919, 896292, 897112, 937365, 1003499, 1187387, 1192624]",9, 4126 4125,2019-04-01,<35,0.7272727272727273,9,<35,"['MINI POSTER ABE', 'MINI POSTER MUL']"
910,"[314647, 403445, 552846, 554673, 602580, 612824, 739860, 903640, 1061637, 1103098, 1166148, 1236675]",12, 163 1538,2019-04-01,<35,0.7272727272727273,12,<35,[]
911,"[143826, 172457, 188588, 197752, 208423, 217726, 259866, 274953, 285334, 325066, 338288, 470752, 490823, 495424, 540247, 560864, 616924]",17, 4126 4112,2019-04-01,50-65,0.7272727272727273,17,50-65,['MINI POSTER ABE']
913,"[127790, 131514, 171103, 188766, 199576, 267198, 267737, 280966, 297113, 373882, 374383, 459070, 509386, 805158, 1107311, 1242175]",16, 1538 4112,2019-04-01,50-65,0.7272727272727273,16,50-65,[]
915,"[519885, 734723, 779524, 988692, 998545, 1082751]",6, 1547 263,2019-04-01,35-49,0.7272727272727273,6,35-49,[]
918,"[141648, 164225, 223220, 258025, 286306, 299397, 315504, 318300, 327015, 416537, 462890, 545865, 553151, 573766, 576281, 579194, 607089, 619106, 756209, 756856, 899788, 911475, 979326, 1009063, 1095220, 1111303]",26, 4126 4112,2019-04-01,35-49,0.7272727272727273,26,35-49,['MINI POSTER ABE']
926,"[429826, 451669, 518843, 551179, 581622, 607089, 922108, 1213236]",8, 2968 4112,2019-04-01,35-49,0.7272727272727273,8,35-49,['CHEESE BURGER 1']
927,"[107030, 114666, 156634, 244827, 261384, 292347, 362310, 370988, 400880, 421137, 425954, 427096, 427250, 460228, 483533, 607784, 616689, 751640, 838190, 957469, 999796, 1095891, 1163691, 1167207, 1168767, 1198352, 1237802, 1239872]",28, 163 1538,2019-04-01,35-49,0.7272727272727273,28,35-49,[]
928,"[108938, 118478, 127760, 127790, 133892, 187833, 235297, 270220, 353175, 464331, 619193, 681522, 1167617, 1171591]",14, 163 1538,2019-05-01,50-65,0.7575757575757576,14,50-65,[]
929,"[113725, 121128, 138663, 187930, 188588, 239147, 252547, 287831, 422901, 470752, 545910, 570365, 614909, 787211, 831848]",15, 4126 4112,2019-05-01,50-65,0.7575757575757576,15,50-65,['MINI POSTER ABE']
934,"[314647, 403445, 552846, 602580, 612824, 739860, 1061637, 1166148, 1205586, 1229524]",10, 1538 163,2019-05-01,<35,0.7575757575757576,10,<35,[]
936,"[281256, 433003, 438276, 484669, 601965, 614173, 844497, 1005793, 1176580]",9, 4126 4112,2019-05-01,<35,0.7575757575757576,9,<35,['MINI POSTER ABE']
937,"[281256, 422118, 711515, 873625, 1014384, 1240460]",6, 4125 4112,2019-05-01,<35,0.7575757575757576,6,<35,['MINI POSTER MUL']
938,"[132253, 281256, 762882, 897112, 1003499, 1037370]",6, 4125 4126,2019-05-01,<35,0.7575757575757576,6,<35,"['MINI POSTER ABE', 'MINI POSTER MUL']"
944,"[450524, 472493, 979326, 1054186, 1080209]",5, 2944 4126,2019-05-01,35-49,0.7575757575757576,5,35-49,['MINI POSTER ABE']
945,"[109730, 162055, 308992, 483533, 613162]",5, 4149 1538,2019-05-01,35-49,0.7575757575757576,5,35-49,[]
947,"[131862, 188482, 298450, 389100, 447321, 579353]",6, 1538 4126,2019-05-01,35-49,0.7575757575757576,6,35-49,['MINI POSTER ABE']
950,"[110899, 114666, 156634, 421137, 425954, 427096, 427250, 483533, 616689, 751640, 838190, 957469, 1095891, 1163691, 1167207, 1168767, 1198352, 1237802]",18, 163 1538,2019-05-01,35-49,0.7575757575757576,18,35-49,[]
951,"[180587, 184049, 261226, 267440, 269982, 325208, 363138, 369359, 450524, 465364, 475637, 496238, 513229, 545865, 567321, 576694, 577914, 622767, 844535, 966445, 979326, 1026225, 1063946]",23, 4126 4112,2019-05-01,35-49,0.7575757575757576,23,35-49,['MINI POSTER ABE']
953,"[127538, 234495, 290337, 317870, 327610, 341253, 365510, 447321, 472493, 475855, 483161, 497223, 536854, 591109, 622767, 835212, 869139, 904772, 1000212, 1021980, 1042524, 1063971, 1158650]",23, 2121 4126,2019-05-01,35-49,0.7575757575757576,23,35-49,['MINI POSTER ABE']
954,"[164245, 364068, 447321, 453207, 509350, 873816]",6, 2121 4136,2019-05-01,35-49,0.7575757575757576,6,35-49,['CREPES X4 CHOCOLAT 248G COLAS']
956,"[179988, 339606, 450524, 580123, 979326]",5, 2944 4112,2019-05-01,35-49,0.7575757575757576,5,35-49,[]
958,"[118478, 127760, 127790, 133070, 133892, 187833, 199984, 235297, 270220, 464331, 915181, 1171591, 1186493]",13, 163 1538,2019-06-01,50-65,0.7878787878787878,13,50-65,[]
965,"[314647, 373743, 403445, 554673, 602580, 612824, 739860, 1061637, 1166148, 1205586]",10, 1538 163,2019-06-01,<35,0.7878787878787878,10,<35,[]
967,"[295041, 296174, 375519, 470752, 1109874]",5, 4136 4112,2019-06-01,50-65,0.7878787878787878,5,50-65,['CREPES X4 CHOCOLAT 248G COLAS']
968,"[132739, 133917, 157246, 158939, 188588, 217726, 276667, 323804, 407187, 470752, 474598, 517452, 541453, 570365, 593807, 976575, 1082849]",17, 4126 4112,2019-06-01,50-65,0.7878787878787878,17,50-65,['MINI POSTER ABE']
971,"[124681, 235302, 319861, 329029, 359007, 404152, 414485, 433209, 474380, 482999, 487798, 503181, 508067, 526976, 582952, 607089, 625753, 745144, 832733, 1191389, 1209302, 1211584]",22, 4126 4112,2019-06-01,35-49,0.7878787878787878,22,35-49,['MINI POSTER ABE']
972,"[133035, 288685, 289246, 447321, 596160, 997960]",6, 163 4126,2019-06-01,35-49,0.7878787878787878,6,35-49,['MINI POSTER ABE']
974,"[107030, 114666, 156634, 341990, 427096, 460228, 483533, 523545, 616689, 751640, 838190, 957469, 1042827, 1095891, 1163691, 1167207, 1168767, 1237802]",18, 1538 163,2019-06-01,35-49,0.7878787878787878,18,35-49,[]
984,"[106150, 121730, 155907, 172838, 174447, 177933, 188588, 204764, 204804, 212029, 274953, 334799, 372572, 390199, 392833, 420839, 454478, 470752, 917858, 973987, 1027135, 1067245]",22, 4126 4112,2019-07-01,50-65,0.8181818181818182,22,50-65,['MINI POSTER ABE']
986,"[130700, 188588, 212029, 390726, 470752, 831848, 1105362]",7, 4126 4158,2019-07-01,50-65,0.8181818181818182,7,50-65,['MINI POSTER ABE']
990,"[133070, 187833, 464331, 529805, 588437, 1171591]",6, 163 4157,2019-07-01,50-65,0.8181818181818182,6,50-65,['GAUFRE CHOCO CA']
991,"[138923, 199984, 464331, 681522, 758846, 1159132]",6, 1538 4158,2019-07-01,50-65,0.8181818181818182,6,50-65,[]
992,"[133113, 147410, 222204, 245247, 307158, 327605, 346289, 403196, 740276, 1171591]",10, 1538 4156,2019-07-01,50-65,0.8181818181818182,10,50-65,['GAUFRES LIEGEOISE 275G LES RENARDISES']
995,"[133070, 136654, 138923, 187833, 464331, 588437, 668785, 804991, 1171591]",9, 1538 4157,2019-07-01,50-65,0.8181818181818182,9,50-65,['GAUFRE CHOCO CA']
996,"[100194, 127790, 138923, 149963, 235297, 523011, 1186493]",7, 1538 4155,2019-07-01,50-65,0.8181818181818182,7,50-65,['GAUFRES FANTASI']
997,"[108938, 118478, 127790, 133070, 133113, 133892, 187833, 235297, 368080, 464331, 588437, 681522, 1167617, 1171591]",14, 1538 163,2019-07-01,50-65,0.8181818181818182,14,50-65,[]
998,"[133070, 187833, 464331, 588437, 1171591]",5, 1538 163 4157,2019-07-01,50-65,0.8181818181818182,5,50-65,['GAUFRE CHOCO CA']
1007,"[141519, 211671, 470752, 496594, 1212318]",5, 4074 4112,2019-07-01,50-65,0.8181818181818182,5,50-65,[]
1013,"[125615, 137165, 141519, 153899, 158639, 177158, 186505, 188588, 189906, 199673, 200082, 200898, 212029, 237303, 258440, 280433, 349466, 378965, 411679, 412127, 457599, 470752, 490919, 530327, 568132, 592024, 625958, 906631, 1030140, 1131965, 1159132]",31, 4158 4112,2019-07-01,50-65,0.8181818181818182,31,50-65,[]
1015,"[343805, 347553, 447972, 469049, 731766, 768034, 941316, 1171591, 1177294]",9, 4157 4156,2019-07-01,50-65,0.8181818181818182,9,50-65,"['GAUFRE CHOCO CA', 'GAUFRES LIEGEOISE 275G LES RENARDISES']"
1017,"[114811, 117321, 138923, 305678, 343805, 447972, 464331, 525242, 936719, 1177294]",10, 4157 4158,2019-07-01,50-65,0.8181818181818182,10,50-65,['GAUFRE CHOCO CA']
1020,"[136654, 259221, 262442, 355952, 525242, 566430, 1171591, 1177294]",8, 4159 4157,2019-07-01,50-65,0.8181818181818182,8,50-65,"['CARRE FOURRE AMANDE 275G', 'GAUFRE CHOCO CA']"
1032,"[106261, 113036, 141519, 187495, 209038, 470752, 787610]",7, 4074 4158,2019-07-01,50-65,0.8181818181818182,7,50-65,[]
1048,"[281256, 515602, 616355, 896292, 897112, 1057667, 1058749]",7, 4125 4126,2019-07-01,<35,0.8181818181818182,7,<35,"['MINI POSTER ABE', 'MINI POSTER MUL']"
1052,"[449227, 476509, 619257, 897112, 950885, 1031480, 1064451, 1163442]",8, 4159 4126,2019-07-01,<35,0.8181818181818182,8,<35,"['CARRE FOURRE AMANDE 275G', 'MINI POSTER ABE']"
1054,"[314647, 403445, 552846, 554673, 602580, 612824, 739860, 1061637, 1205586]",9, 1538 163,2019-07-01,<35,0.8181818181818182,9,<35,[]
1068,"[108805, 171614, 184045, 348948, 470752, 622174, 895429]",7, 4136 4112,2019-07-01,50-65,0.8181818181818182,7,50-65,['CREPES X4 CHOCOLAT 248G COLAS']
1090,"[330084, 351078, 397187, 413973, 425951, 458921, 477692, 598989, 732484, 805459, 930308, 1009849, 1176543]",13, 4125 4158,2019-07-01,35-49,0.8181818181818182,13,35-49,['MINI POSTER MUL']
1101,"[247822, 453193, 453834, 493372, 541099, 550893, 665704, 751640, 756427, 771204, 1203072, 1227849]",12, 4159 4156,2019-07-01,35-49,0.8181818181818182,12,35-49,"['CARRE FOURRE AMANDE 275G', 'GAUFRES LIEGEOISE 275G LES RENARDISES']"
1103,"[309787, 401241, 453193, 453834, 493372, 510208, 541473, 557537, 751640, 897154, 1170991, 1227849]",12, 4159 4157,2019-07-01,35-49,0.8181818181818182,12,35-49,"['CARRE FOURRE AMANDE 275G', 'GAUFRE CHOCO CA']"
1104,"[453193, 453834, 493372, 751640, 1227849]",5, 4159 4157 4156,2019-07-01,35-49,0.8181818181818182,5,35-49,"['CARRE FOURRE AMANDE 275G', 'GAUFRE CHOCO CA', 'GAUFRES LIEGEOISE 275G LES RENARDISES']"
1111,"[342524, 456150, 463813, 475601, 493372, 536854, 539054, 543323, 545865, 550893, 954060, 983313, 1030971]",13, 4159 4126,2019-07-01,35-49,0.8181818181818182,13,35-49,"['CARRE FOURRE AMANDE 275G', 'MINI POSTER ABE']"
1120,"[145827, 159219, 159748, 212031, 236862, 253749, 286315, 359007, 378116, 408799, 416581, 447331, 478484, 493372, 541029, 546875, 575625, 576867, 599279, 599725, 838634, 891209, 1016700, 1050237, 1064077, 1164616, 1170504, 1177137, 1203072]",29, 4112 4156,2019-07-01,35-49,0.8181818181818182,29,35-49,['GAUFRES LIEGEOISE 275G LES RENARDISES']
1122,"[407077, 453193, 453834, 464208, 483161, 493372, 495617, 526047, 712021, 751640, 877522, 893721, 928374, 949677, 973080, 1107772, 1227849]",17, 4157 4156,2019-07-01,35-49,0.8181818181818182,17,35-49,"['GAUFRE CHOCO CA', 'GAUFRES LIEGEOISE 275G LES RENARDISES']"
1126,"[106845, 108294, 129710, 152918, 179724, 236862, 238407, 274391, 282261, 292347, 310914, 358331, 371498, 376854, 440924, 446878, 550149, 563904, 599725, 765780, 956307, 1003141, 1035440, 1203072, 1217590]",25, 4158 4112,2019-07-01,35-49,0.8181818181818182,25,35-49,[]
1130,"[247066, 274391, 299083, 307363, 310914, 334431, 336514, 426430, 464842, 468383, 468493, 493372, 496885, 500652, 537237, 556243, 567321, 594866, 783849, 879619, 891209, 892868, 950589, 979326, 1017619, 1041694, 1052083, 1053904, 1067318, 1177744, 1198151, 1207053]",32, 4155 4112,2019-07-01,35-49,0.8181818181818182,32,35-49,['GAUFRES FANTASI']
1134,"[112041, 176187, 183834, 275145, 397295, 411787, 412068, 422146, 439261, 445147, 447321, 454083, 467594, 487798, 497223, 526976, 545671, 549038, 550893, 573823, 584126, 690889, 784065, 904772, 1009063]",25, 4126 2051,2019-07-01,35-49,0.8181818181818182,25,35-49,['MINI POSTER ABE']
1136,"[183834, 316138, 322207, 397295, 422146, 439261, 464842, 465434, 467594, 474380, 493372, 497223, 500652, 534156, 584126, 783849, 784065, 954060, 979326, 983313, 1019957, 1030971, 1217590]",23, 4126 4112,2019-07-01,35-49,0.8181818181818182,23,35-49,['MINI POSTER ABE']
1138,"[145215, 289773, 305264, 324352, 349914, 360024, 377424, 470042, 506632, 545598, 547328, 607089, 684214, 732484, 881021, 907616, 1030310, 1096487, 1217590]",19, 4126 4158,2019-07-01,35-49,0.8181818181818182,19,35-49,['MINI POSTER ABE']
1139,"[214828, 352108, 375542, 381808, 464842, 472574, 493372, 500652, 549759, 550893, 558271, 705461, 783849, 967612, 979326, 1080821]",16, 4126 4155,2019-07-01,35-49,0.8181818181818182,16,35-49,"['GAUFRES FANTASI', 'MINI POSTER ABE']"
1140,"[464842, 493372, 500652, 783849, 979326]",5, 4126 4155 4112,2019-07-01,35-49,0.8181818181818182,5,35-49,"['GAUFRES FANTASI', 'MINI POSTER ABE']"
1151,"[140168, 152918, 253749, 274391, 358331, 359007, 426430, 446878, 468493, 492336, 560369, 563904, 589952, 892868, 1073589, 1198788]",16, 1531 4112,2019-07-01,35-49,0.8181818181818182,16,35-49,[]
1171,"[253749, 359007, 468525, 541099, 561007, 924723, 985443, 1210893, 1233360]",9, 1531 4156,2019-07-01,35-49,0.8181818181818182,9,35-49,['GAUFRES LIEGEOISE 275G LES RENARDISES']
1173,"[109730, 351686, 410741, 453193, 460228, 751640, 1095891, 1198352]",8, 1538 4156,2019-07-01,35-49,0.8181818181818182,8,35-49,['GAUFRES LIEGEOISE 275G LES RENARDISES']
1174,"[103585, 266657, 292347, 299083, 304353, 308992, 310914, 525815, 621743, 888184]",10, 1538 4112,2019-07-01,35-49,0.8181818181818182,10,35-49,[]
1175,"[244827, 308992, 352255, 453193, 465145, 616689, 751640, 758478, 840637, 957469, 1036866, 1125095, 1206265, 1237802]",14, 1538 4157,2019-07-01,35-49,0.8181818181818182,14,35-49,['GAUFRE CHOCO CA']
1176,"[107030, 146208, 292347, 310914, 351078, 418716, 421137, 453193, 487176, 838190, 1237802]",11, 1538 4158,2019-07-01,35-49,0.8181818181818182,11,35-49,[]
1179,"[103585, 156634, 296343, 453193, 751640, 1073949, 1167207]",7, 1538 4159,2019-07-01,35-49,0.8181818181818182,7,35-49,['CARRE FOURRE AMANDE 275G']
1180,"[351686, 460228, 557602, 751640, 1095891, 1198352]",6, 163 4156,2019-07-01,35-49,0.8181818181818182,6,35-49,['GAUFRES LIEGEOISE 275G LES RENARDISES']
1181,"[244827, 509809, 616689, 751640, 758478, 957469, 1206265, 1237802]",8, 163 4157,2019-07-01,35-49,0.8181818181818182,8,35-49,['GAUFRE CHOCO CA']
1182,"[292347, 421137, 838190, 1109186, 1237802]",5, 163 4158,2019-07-01,35-49,0.8181818181818182,5,35-49,[]
1183,"[140168, 156634, 567649, 751640, 1167207]",5, 163 4159,2019-07-01,35-49,0.8181818181818182,5,35-49,['CARRE FOURRE AMANDE 275G']
1184,"[144223, 299083, 310914, 418716, 453193, 499712, 1163691]",7, 1538 4155,2019-07-01,35-49,0.8181818181818182,7,35-49,['GAUFRES FANTASI']
1185,"[351686, 460228, 751640, 1095891, 1198352]",5, 163 1538 4156,2019-07-01,35-49,0.8181818181818182,5,35-49,['GAUFRES LIEGEOISE 275G LES RENARDISES']
1187,"[110899, 114666, 156634, 244827, 292347, 336730, 351686, 357025, 421137, 427096, 460228, 483533, 616689, 751640, 758478, 786504, 838190, 957469, 999796, 1095891, 1163691, 1167207, 1168767, 1189196, 1198352, 1206265, 1237802]",27, 163 1538,2019-07-01,35-49,0.8181818181818182,27,35-49,[]
1195,"[244827, 616689, 751640, 758478, 957469, 1206265, 1237802]",7, 163 1538 4157,2019-07-01,35-49,0.8181818181818182,7,35-49,['GAUFRE CHOCO CA']
1200,"[294115, 517522, 542084, 576327, 988692]",5, 431 4145,2019-08-01,35-49,0.8484848484848485,5,35-49,['CREPES X2 CARAM']
1202,"[171740, 400788, 454299, 836821, 981371, 1068315]",6, 4099 4125,2019-08-01,35-49,0.8484848484848485,6,35-49,"['MINI POSTER MUL', 'NECTA JAUNE 2 FRUITS V&D']"
1204,"[281256, 460955, 873567, 1015669, 1203960]",5, 4125 4112,2019-08-01,<35,0.8484848484848485,5,<35,['MINI POSTER MUL']
1207,"[127790, 187833, 235297, 445481, 588437, 1045120, 1171591]",7, 1538 163,2019-08-01,50-65,0.8484848484848485,7,50-65,[]
1208,"[281256, 328376, 332286, 458700, 515602, 745446, 977640, 1176580, 1196398]",9, 4126 4112,2019-08-01,<35,0.8484848484848485,9,<35,['MINI POSTER ABE']
1209,"[314647, 403445, 552846, 602580, 612824, 1037526, 1061637, 1205586, 1236675]",9, 1538 163,2019-08-01,<35,0.8484848484848485,9,<35,[]
1213,"[176162, 379021, 508445, 1039669, 1168767]",5, 4159 4112,2019-08-01,35-49,0.8484848484848485,5,35-49,['CARRE FOURRE AMANDE 275G']
1218,"[308992, 340938, 382233, 490250, 1098035, 1168767, 1237802]",7, 1538 4112,2019-08-01,35-49,0.8484848484848485,7,35-49,[]
1219,"[107030, 114666, 156634, 421137, 425954, 427096, 460228, 483533, 523545, 528367, 616689, 751640, 838190, 957469, 1095891, 1163691, 1168767, 1198352, 1237802]",19, 1538 163,2019-08-01,35-49,0.8484848484848485,19,35-49,[]
1225,"[334438, 490375, 605261, 625100, 665107, 745144, 979326, 1044697]",8, 2944 4126,2019-08-01,35-49,0.8484848484848485,8,35-49,['MINI POSTER ABE']
1232,"[108938, 118478, 127790, 133892, 149963, 187833, 235297, 270220, 275782, 403184, 464331, 555432, 603391, 681522, 1045120, 1167617, 1171591]",17, 1538 163,2019-09-01,50-65,0.8787878787878788,17,50-65,[]
1236,"[281256, 307536, 523515, 716095, 1105168]",5, 4125 4112,2019-09-01,<35,0.8787878787878788,5,<35,['MINI POSTER MUL']
1237,"[127790, 346289, 671878, 804991, 1045120]",5, 4149 1538,2019-09-01,50-65,0.8787878787878788,5,50-65,[]
1239,"[314647, 403445, 552846, 612824, 739860, 1061637, 1236675]",7, 1538 163,2019-09-01,<35,0.8787878787878788,7,<35,[]
1243,"[294115, 518911, 576327, 911614, 988692]",5, 431 4145,2019-09-01,35-49,0.8787878787878788,5,35-49,['CREPES X2 CARAM']
1244,"[251114, 265391, 277301, 351599, 470752, 482512, 541453, 558940, 570365, 578038, 730652, 1168051]",12, 4126 4112,2019-09-01,50-65,0.8787878787878788,12,50-65,['MINI POSTER ABE']
1246,"[486791, 500694, 553151, 732484, 908239, 1063971]",6, 4125 4126,2019-09-01,35-49,0.8787878787878788,6,35-49,"['MINI POSTER ABE', 'MINI POSTER MUL']"
1248,"[121607, 460228, 558934, 577469, 616689]",5, 1538 4112,2019-09-01,35-49,0.8787878787878788,5,35-49,[]
1249,"[107030, 114666, 156634, 292347, 421137, 425954, 427096, 427250, 460228, 483533, 616689, 749584, 751640, 838190, 957469, 1095891, 1163691, 1167207, 1168767, 1198352, 1206265, 1237802]",22, 1538 163,2019-09-01,35-49,0.8787878787878788,22,35-49,[]
1250,"[156003, 205668, 289822, 304298, 335469, 500694, 515009, 545865, 550893, 589952, 607089, 903423, 1209542]",13, 4112 4126,2019-09-01,35-49,0.8787878787878788,13,35-49,['MINI POSTER ABE']
1255,"[108938, 118478, 127790, 133892, 187833, 235297, 270220, 445481, 464331, 603391, 1045120, 1171591]",12, 1538 163,2019-10-01,50-65,0.9090909090909091,12,50-65,[]
1257,"[314647, 403445, 602580, 612824, 739860, 1236675]",6, 1538 163,2019-10-01,<35,0.9090909090909091,6,<35,[]
1258,"[281256, 540798, 557034, 762882, 897112, 1047587, 1058749]",7, 4125 4126,2019-10-01,<35,0.9090909090909091,7,<35,"['MINI POSTER ABE', 'MINI POSTER MUL']"
1264,"[159035, 204804, 258382, 343869, 347067, 415126, 470752, 1039714]",8, 4074 4126,2019-10-01,50-65,0.9090909090909091,8,50-65,['MINI POSTER ABE']
1269,"[185297, 247304, 369391, 714981, 773493, 979326]",6, 2946 4112,2019-10-01,35-49,0.9090909090909091,6,35-49,[]
1270,"[107493, 179988, 184838, 321348, 979326, 982856]",6, 2946 4126,2019-10-01,35-49,0.9090909090909091,6,35-49,['MINI POSTER ABE']
1272,"[114666, 162055, 308992, 369391, 450776, 621627]",6, 1538 4112,2019-10-01,35-49,0.9090909090909091,6,35-49,[]
1273,"[110899, 114666, 156634, 244827, 336730, 351686, 418965, 425954, 427096, 427250, 616689, 751640, 957469, 1095891, 1163691, 1168767, 1198352]",17, 1538 163,2019-10-01,35-49,0.9090909090909091,17,35-49,[]
1275,"[157047, 372863, 433464, 435267, 462736, 472493, 497894, 504975, 529602, 547635, 607089, 979326, 1041523, 1106306]",14, 4112 4126,2019-10-01,35-49,0.9090909090909091,14,35-49,['MINI POSTER ABE']
1277,"[140183, 185339, 192454, 243783, 341101, 374485, 405901, 465285, 470752, 808909, 1177294]",11, 4126 4112,2019-11-01,50-65,0.9393939393939394,11,50-65,['MINI POSTER ABE']
1289,"[108938, 118478, 127760, 127790, 133070, 133892, 149963, 187833, 235297, 270220, 403184, 464331, 603391, 1167617, 1171591]",15, 1538 163,2019-11-01,50-65,0.9393939393939394,15,50-65,[]
1294,"[116290, 201704, 309206, 335616, 347996, 442907, 490190, 496929, 506632, 529783, 548780, 602068, 605261, 835212, 927343, 979326, 1044697, 1151232, 1205694]",19, 2946 4126,2019-11-01,35-49,0.9393939393939394,19,35-49,['MINI POSTER ABE']
1295,"[110899, 145436, 145875, 156634, 367609, 421137, 427096, 483533, 517916, 751640, 832102, 838190, 957469, 1095891, 1168767, 1198352, 1237802]",17, 1538 163,2019-11-01,35-49,0.9393939393939394,17,35-49,[]
1296,"[112041, 157267, 168797, 171975, 289307, 359007, 389725, 467594, 474380, 529783, 607089, 881409, 1021980, 1030971, 1043027, 1225683]",16, 4126 4112,2019-11-01,35-49,0.9393939393939394,16,35-49,['MINI POSTER ABE']
1297,"[359007, 496929, 517640, 881409, 1044582, 1167570]",6, 4074 4126,2019-11-01,35-49,0.9393939393939394,6,35-49,['MINI POSTER ABE']
1302,"[219957, 291344, 316209, 359007, 371751, 439714, 482352, 599725, 657916, 881409, 888764, 1035567, 1134152]",13, 4074 4112,2019-11-01,35-49,0.9393939393939394,13,35-49,[]
1305,"[281256, 897112, 992594, 1047587, 1149164]",5, 4126 4125,2019-12-01,<35,0.9696969696969697,5,<35,"['MINI POSTER ABE', 'MINI POSTER MUL']"
1309,"[108938, 118478, 127790, 187833, 235297, 270220, 445481, 464331, 681522, 808787, 1171591]",11, 1538 163,2019-12-01,50-65,0.9696969696969697,11,50-65,[]
1313,"[114666, 156634, 332078, 351686, 421137, 531587, 751640, 1163691]",8, 1538 163,2019-12-01,35-49,0.9696969696969697,8,35-49,[]
1317,"[257995, 367523, 407974, 409174, 414193, 460481, 480366, 490190, 703448, 718423, 817595, 902440, 979326, 1030310, 1074308]",15, 2975 4126,2019-12-01,35-49,0.9696969696969697,15,35-49,"['LUSTREUSE NENETTE METAL', 'MINI POSTER ABE']"
1321,"[112041, 124681, 165358, 350390, 464842, 493372, 532277, 556245, 581043, 607089, 979326, 1035440, 1102967, 1167570, 1197850]",15, 4112 4126,2019-12-01,35-49,0.9696969696969697,15,35-49,['MINI POSTER ABE']
1322,"[409174, 486791, 581043, 732484, 1009063, 1030310, 1035440, 1052351]",8, 4125 4126,2019-12-01,35-49,0.9696969696969697,8,35-49,"['MINI POSTER ABE', 'MINI POSTER MUL']"
