,user_ids,support,itemsets,period,property_values,depth,size,a,itemset_name
0,"[101749, 169447, 221900, 261240, 274953, 520056]",6, 4126,2017-03-01,1,0.0,6,1,['RECHARGE LAVAGE']
1,"[115022, 118606, 186654, 221900, 264679, 285365, 365101, 410571, 428273, 438454, 478530, 561973, 730825, 866133]",14, 4126,2017-04-01,1,0.029411764705882353,14,1,['RECHARGE LAVAGE']
2,"[116517, 150269, 176750, 178285, 226924, 226985, 288714, 343202, 432898, 585456]",10, 4125,2017-04-01,1,0.029411764705882353,10,1,['RECHARGE LAVAGE TW - A']
3,"[110455, 147287, 149886, 178285, 223109, 226924, 273864, 288714, 301967, 303696, 432898, 474879, 580829, 913899]",14, 4125,2017-05-01,1,0.058823529411764705,14,1,['RECHARGE LAVAGE TW - A']
4,"[115022, 145478, 164308, 231893, 290496, 347942, 482512]",7, 4126,2017-05-01,1,0.058823529411764705,7,1,['RECHARGE LAVAGE']
5,"[145747, 146032, 149886, 154132, 176750, 226924, 263042, 264679, 273864, 303696, 317586, 328105, 472947, 474879, 923982]",15, 4125,2017-06-01,1,0.08823529411764706,15,1,['RECHARGE LAVAGE TW - A']
6,"[101749, 132519, 202428, 274953, 428273, 498303, 508797, 642259, 894316]",9, 4126,2017-06-01,1,0.08823529411764706,9,1,['RECHARGE LAVAGE']
7,"[145747, 195808, 209218, 384542, 416627, 561973, 580829]",7, 4918,2017-07-01,1,0.11764705882352941,7,1,['SERVIT.BILL PAP ETE 2017']
8,"[147287, 150269, 191681, 226924, 252704, 273864, 303696, 343202, 432898, 474879, 585456, 923982]",12, 4125,2017-07-01,1,0.11764705882352941,12,1,['RECHARGE LAVAGE TW - A']
9,"[110073, 264679, 273864, 347548, 437974, 474879, 598886, 874591]",8, 4916,2017-07-01,1,0.11764705882352941,8,1,['SERVIT.MARSU PA']
10,"[145478, 199021, 221900, 264679, 274953, 280880, 355661, 476566, 478530, 482512, 498303, 721386, 740464, 810467, 866133, 876768]",16, 4126,2017-07-01,1,0.11764705882352941,16,1,['RECHARGE LAVAGE']
11,"[114932, 132519, 153213, 158672, 168953, 197752, 221900, 244320, 251114, 285090, 332635, 355812, 380236, 397953, 411159, 432898, 452425, 465308, 480726, 574109, 575523, 585456, 599789, 717621, 866133]",25, 4915,2017-07-01,1,0.11764705882352941,25,1,['SERVIT.MARSUPILAMI PAP ETE 2017']
12,"[109220, 118606, 119521, 176750, 193191, 274132, 315018, 386192, 390199, 406959, 410571, 440514, 482512, 498303, 538133, 624145]",16, 4917,2017-07-01,1,0.11764705882352941,16,1,['SERVIT.GASTON P']
13,"[178285, 266177, 273864, 303696, 317586, 472947, 913899]",7, 4125,2017-08-01,1,0.14705882352941177,7,1,['RECHARGE LAVAGE TW - A']
14,"[200898, 244544, 264679, 397621, 478530, 534619, 866133]",7, 4126,2017-08-01,1,0.14705882352941177,7,1,['RECHARGE LAVAGE']
15,"[149886, 150269, 152633, 226924, 278491, 343202, 432898, 468551, 472947, 810074, 923982]",11, 4125,2017-09-01,1,0.17647058823529413,11,1,['RECHARGE LAVAGE TW - A']
16,"[105126, 137685, 244544, 250176, 262442, 321135, 332635, 482512, 866133]",9, 4126,2017-09-01,1,0.17647058823529413,9,1,['RECHARGE LAVAGE']
17,"[114170, 118067, 176750, 180230, 188309, 195078, 221900, 275835, 293771, 365101, 432898, 438114, 465308, 483211, 711978]",15, 4112,2017-10-01,1,0.20588235294117646,15,1,['LAVAGE CLU']
18,"[147287, 176750, 215374, 245059, 273864, 275835, 288714, 303696, 343202, 411724, 432898, 516389, 832235, 913899]",14, 4125,2017-10-01,1,0.20588235294117646,14,1,['RECHARGE LAVAGE TW - A']
19,"[180230, 186625, 261240, 264679, 274953, 478530, 534619, 535838, 866133]",9, 4126,2017-10-01,1,0.20588235294117646,9,1,['RECHARGE LAVAGE']
20,"[118606, 189283, 191293, 193191, 380236, 402831, 519327, 624174, 717621, 876768, 887117]",11, 5623,2017-11-01,1,0.23529411764705882,11,1,['SNICKERS 50G']
21,"[119521, 183500, 301967, 416890, 436127, 476566, 575523]",7, 1707,2017-11-01,1,0.23529411764705882,7,1,['BOUNTY CHOC LAIT 57G']
22,"[149886, 176750, 215374, 226924, 264679, 303696, 472947, 923982]",8, 4125,2017-11-01,1,0.23529411764705882,8,1,['RECHARGE LAVAGE TW - A']
23,"[194561, 221900, 273864, 280880, 460243, 835363, 874591]",7, 5625 4112,2017-11-01,1,0.23529411764705882,7,1,"['LAVAGE CLU', 'MARS  51G']"
24,"[106174, 114932, 123000, 132519, 134977, 149797, 151260, 168956, 188309, 193102, 195808, 200898, 202428, 206416, 226924, 264679, 274132, 321135, 332635, 365367, 438454, 465004, 499127, 503579, 532504, 565442, 574109, 615324, 957568, 964386]",30, 5631,2017-11-01,1,0.23529411764705882,30,1,['TWIX 50G']
25,"[106174, 132519, 151260, 206416, 321135, 465004, 532504, 957568]",8, 5631 4112,2017-11-01,1,0.23529411764705882,8,1,"['LAVAGE CLU', 'TWIX 50G']"
26,"[106174, 132519, 151260, 183500, 194561, 205800, 206416, 210628, 221900, 262442, 273864, 274953, 280880, 312415, 321135, 412666, 427150, 460243, 465004, 465308, 476566, 530327, 532504, 563195, 625091, 835363, 863705, 874591, 957568]",29, 4112,2017-11-01,1,0.23529411764705882,29,1,['LAVAGE CLU']
27,"[110073, 120286, 147391, 158032, 159554, 168953, 176750, 194561, 221900, 223786, 261752, 273864, 280880, 285090, 293771, 330859, 355812, 390199, 460243, 498400, 537723, 582720, 598886, 619157, 835363, 874591, 886537, 915090]",28, 5625,2017-11-01,1,0.23529411764705882,28,1,['MARS  51G']
28,"[107216, 130184, 147391, 180230, 223788, 242680, 273864, 274953, 280880, 321135, 345624, 503579, 532504, 598886, 711978, 835363, 837950, 874591, 923982, 957568]",20, 4112,2017-12-01,1,0.2647058823529412,20,1,['LAVAGE CLU']
29,"[149886, 215374, 226924, 226985, 252704, 273864, 285365, 303696, 345624, 432898, 516389, 585456, 913899, 923982]",14, 4125,2017-12-01,1,0.2647058823529412,14,1,['RECHARGE LAVAGE TW - A']
30,"[118606, 164308, 221900, 287754, 321135, 335332, 397621, 440533, 478530, 498303, 645215, 866133]",12, 4126,2017-12-01,1,0.2647058823529412,12,1,['RECHARGE LAVAGE']
31,"[118606, 189283, 200898, 275425, 345624, 416657, 631244, 957568, 1023595]",9, 2971,2017-12-01,1,0.2647058823529412,9,1,['LAVE  GLACE DEG']
32,"[120286, 176911, 180008, 219353, 631244, 717621]",6, 4074,2018-01-01,1,0.29411764705882354,6,1,['BIDON AD BLUE 10L']
33,"[101749, 145478, 164308, 192709, 228634, 321135, 332635, 338288, 347942, 408096, 478530, 717621, 866133]",13, 4126,2018-01-01,1,0.29411764705882354,13,1,['RECHARGE LAVAGE']
34,"[176750, 215374, 226924, 226985, 227628, 303696, 343202, 432898, 472947, 516389, 900950, 913899, 915090, 923982]",14, 4125,2018-01-01,1,0.29411764705882354,14,1,['RECHARGE LAVAGE TW - A']
35,"[120086, 120286, 130527, 183500, 184629, 189283, 226617, 250176, 262442, 262728, 274953, 288714, 355661, 382812, 390199, 397621, 397953, 412666, 416657, 416890, 417444, 438114, 440514, 530327, 578902, 585456, 598886, 615324, 711978, 820248, 824262, 866133, 900950, 923982]",34, 4112,2018-01-01,1,0.29411764705882354,34,1,['LAVAGE CLU']
36,"[105524, 109220, 116628, 131516, 188588, 231893, 251114, 274953, 347322, 402831, 475859, 476566, 478530, 483211, 911734, 915090, 997163]",17, 4112,2018-02-01,1,0.3235294117647059,17,1,['LAVAGE CLU']
37,"[149886, 176750, 191681, 226924, 266177, 288714, 303696, 472947, 474879, 626547, 913899, 923982, 967128]",13, 4125,2018-02-01,1,0.3235294117647059,13,1,['RECHARGE LAVAGE TW - A']
38,"[140566, 145073, 147391, 157287, 158032, 176750, 188309, 188588, 209276, 280880, 332635, 332665, 345624, 406056, 465308, 545910, 624174, 835363, 866133]",19, 4112,2018-03-01,1,0.35294117647058826,19,1,['LAVAGE CLU']
39,"[115022, 148461, 194411, 195808, 231893, 270966, 274953, 275425, 332635, 336247, 403177, 406056, 499734, 545910, 717621, 866133, 915090, 957568, 1005767, 1021208]",20, 4126,2018-03-01,1,0.35294117647058826,20,1,['RECHARGE LAVAGE']
40,"[149886, 176750, 215374, 223109, 303696, 317586, 472947, 580829, 913899, 923982]",10, 4125,2018-03-01,1,0.35294117647058826,10,1,['RECHARGE LAVAGE TW - A']
41,"[157287, 176911, 219353, 280880, 631244, 876768]",6, 4074,2018-04-01,1,0.38235294117647056,6,1,['BIDON AD BLUE 10L']
42,"[108228, 147391, 148461, 157287, 199476, 269567, 285090, 482512, 911734, 997163]",10, 4112,2018-04-01,1,0.38235294117647056,10,1,['LAVAGE CLU']
43,"[101749, 131516, 133917, 164308, 177693, 199476, 329506, 332635, 355661, 391758, 478530, 482512, 534619, 717621, 866133, 959199, 1005767, 1059459]",18, 4126,2018-04-01,1,0.38235294117647056,18,1,['RECHARGE LAVAGE']
44,"[115022, 116517, 149886, 215374, 222204, 245059, 285365, 288714, 303696, 317586, 343202, 390199, 913899]",13, 4125,2018-04-01,1,0.38235294117647056,13,1,['RECHARGE LAVAGE TW - A']
45,"[103240, 114932, 149886, 180008, 183500, 193191, 197394, 202428, 206676, 264679, 274132, 285365, 287754, 288714, 307158, 384542, 390199, 423878, 438114, 443706, 519327, 574109, 578902, 621094, 717621, 749466, 805158, 863705, 867805, 874591, 911734, 915090, 976245]",33, 5951,2018-05-01,1,0.4117647058823529,33,1,['FUZE TEA PECHE 40CL']
46,"[103240, 129415, 131516, 132519, 137685, 151531, 180230, 188588, 201553, 210628, 273864, 301967, 307158, 355812, 438114, 572643, 711978, 717621, 971477, 976245]",20, 4112,2018-05-01,1,0.4117647058823529,20,1,['LAVAGE CLU']
47,"[131516, 142030, 158032, 159554, 194561, 210628, 215849, 226924, 286161, 301967, 373929, 380236, 445292, 570477, 711978, 866133, 971477]",17, 5952,2018-05-01,1,0.4117647058823529,17,1,['FUZE TEA MANGUE']
48,"[149886, 154132, 176750, 226924, 264679, 273864, 288714, 317586, 423611, 472947, 626547, 913899, 923982]",13, 4125,2018-05-01,1,0.4117647058823529,13,1,['RECHARGE LAVAGE TW - A']
49,"[108228, 158032, 194411, 264679, 280508, 408096, 437974, 478530, 584045, 645215, 866133, 999452]",12, 4126,2018-05-01,1,0.4117647058823529,12,1,['RECHARGE LAVAGE']
50,"[132519, 147391, 157246, 188309, 205800, 280880, 289781, 309886, 312415, 465308, 496109, 863705, 866133, 890874, 911734, 997163]",16, 4112,2018-06-01,1,0.4411764705882353,16,1,['LAVAGE CLU']
51,"[116517, 149886, 154132, 176750, 215374, 222204, 226924, 226985, 273864, 317586, 335036, 423611, 468551, 538133, 624174, 647915, 913899, 923982]",18, 4125,2018-06-01,1,0.4411764705882353,18,1,['RECHARGE LAVAGE TW - A']
52,"[115022, 132519, 264679, 386709, 476566, 478530, 483622, 498303, 534619, 866133, 1005767, 1059459]",12, 4126,2018-06-01,1,0.4411764705882353,12,1,['RECHARGE LAVAGE']
53,"[156295, 186625, 215849, 219353, 223788, 416890, 580829, 584045, 874591, 997163]",10, 2968,2018-07-01,1,0.47058823529411764,10,1,['TW 10 LINGUETTE']
54,"[262442, 422921, 912398, 997163, 1059459, 1107311]",6, 4074,2018-07-01,1,0.47058823529411764,6,1,['BIDON AD BLUE 10L']
55,"[134163, 222204, 223788, 273864, 317586, 332635, 390199, 397953, 582720, 711978, 866133, 997163, 1030140]",13, 4112,2018-07-01,1,0.47058823529411764,13,1,['LAVAGE CLU']
56,"[118606, 118849, 140566, 149886, 150269, 152685, 157246, 262442, 274953, 355812, 380236, 381297, 538133, 575523, 711978, 806369, 866133, 1011324, 1070534]",19, 4143,2018-07-01,1,0.47058823529411764,19,1,['BOUT.ISOTHERME']
57,"[118606, 145478, 148931, 180230, 188309, 188588, 274953, 297752, 354853, 355661, 417444, 460243, 535838, 545953, 866133, 959199, 1005767, 1059459]",18, 4126,2018-07-01,1,0.47058823529411764,18,1,['RECHARGE LAVAGE']
58,"[106174, 107216, 110073, 116517, 118080, 120248, 134163, 154386, 180874, 193240, 210628, 244544, 280508, 285090, 286963, 297752, 354853, 402831, 411159, 416890, 432687, 465004, 524668, 525022, 535838, 717621, 749466, 820248, 843577, 912398, 959199, 1031383, 1066967]",33, 4142,2018-07-01,1,0.47058823529411764,33,1,['SERVIET.IDEFIX']
59,"[140387, 148461, 158672, 168953, 181642, 206676, 209276, 266177, 270966, 273864, 301967, 317586, 345624, 365367, 423878, 476566, 522268, 580829, 582720, 598886, 642259, 805158, 911734, 1030140]",24, 4921,2018-07-01,1,0.47058823529411764,24,1,['SERVIET.FALBALA']
60,"[109220, 126277, 132519, 145747, 147391, 176911, 193191, 205800, 206416, 215849, 219353, 222204, 228634, 231893, 257484, 278491, 285365, 319243, 332635, 355661, 411724, 412666, 416657, 516389, 533708, 603020, 874591, 906775, 911318, 913899, 950963, 957568, 967128]",33, 4920,2018-07-01,1,0.47058823529411764,33,1,['SERVIET.OBELIX']
61,"[114932, 117622, 131516, 145478, 180230, 188309, 200898, 214177, 226924, 243039, 251114, 274211, 309886, 330859, 336247, 343142, 386709, 390199, 397953, 452425, 460243, 499127, 502622, 519327, 574109, 578902, 615324, 623370, 763292, 766708, 814129, 867805, 991727, 1005767]",34, 4919,2018-07-01,1,0.47058823529411764,34,1,['SERVIET.ASTERIX']
62,"[116517, 149886, 150269, 176750, 222204, 226924, 278491, 317586, 343202, 347942, 454815, 465004, 533708, 538133, 626547, 763292, 766708, 913899, 923982, 967128]",20, 4125,2018-07-01,1,0.47058823529411764,20,1,['RECHARGE LAVAGE TW - A']
63,"[111342, 120286, 168956, 176750, 203511, 338288, 352703, 384542, 771232, 890874]",10, 4920,2018-08-01,1,0.5,10,1,['SERVIET.OBELIX']
64,"[105126, 227628, 264938, 274132, 329506, 436127, 508797, 626547, 801187, 804972, 1004644]",11, 4919,2018-08-01,1,0.5,11,1,['SERVIET.ASTERIX']
65,"[101749, 148931, 231893, 261240, 273229, 391758, 476566, 478530, 482512, 508797, 534619, 599789, 866133]",13, 4126,2018-08-01,1,0.5,13,1,['RECHARGE LAVAGE']
66,"[120286, 129415, 168956, 179416, 188588, 262442, 309886, 345624, 412666, 530327, 540251, 804972, 874591, 890874, 911734, 912398, 957568]",17, 4112,2018-08-01,1,0.5,17,1,['LAVAGE CLU']
67,"[116517, 146032, 149886, 154132, 178285, 215374, 223109, 273864, 303696, 317586, 423611, 468551, 538133, 626547, 913899, 923982]",16, 4125,2018-08-01,1,0.5,16,1,['RECHARGE LAVAGE TW - A']
68,"[101749, 126249, 188588, 189769, 191293, 215374, 223109, 258194, 273229, 293771, 423611, 465308, 478530, 479332, 481954, 631244, 911734, 1071254]",18, 4142,2018-08-01,1,0.5,18,1,['SERVIET.IDEFIX']
69,"[115334, 119521, 164308, 176750, 179416, 180230, 188588, 206416, 231893, 263042, 274953, 280880, 309886, 343202, 438114, 476566, 598886, 624174, 711978, 811951, 866133, 886537, 906775, 1066967]",24, 4112,2018-09-01,1,0.5294117647058824,24,1,['LAVAGE CLU']
70,"[115334, 149886, 176750, 178285, 215374, 225614, 226924, 226985, 236344, 273864, 275835, 317586, 472947, 538133, 763292, 766708, 913899, 923982]",18, 4125,2018-09-01,1,0.5294117647058824,18,1,['RECHARGE LAVAGE TW - A']
71,"[108228, 120086, 133917, 189769, 231893, 274953, 337358, 417444, 428273, 631244, 717621, 866133]",12, 4126,2018-09-01,1,0.5294117647058824,12,1,['RECHARGE LAVAGE']
72,"[118606, 188309, 206676, 270966, 336005, 428273, 923982, 991727]",8, 2968,2018-09-01,1,0.5294117647058824,8,1,['TW 10 LINGUETTE']
73,"[114423, 115022, 119521, 223788, 262442, 273864, 274953, 317586, 390199, 412666, 530327, 598886, 730825, 874591, 874653, 1004644, 1030140, 1062335]",18, 4112,2018-10-01,1,0.5588235294117647,18,1,['LAVAGE CLU']
74,"[149886, 191681, 215374, 226924, 236344, 274953, 282315, 303696, 317586, 468551, 538133, 547913, 647915, 890874, 913899, 923982]",16, 4125,2018-10-01,1,0.5588235294117647,16,1,['RECHARGE LAVAGE TW - A']
75,"[105126, 186625, 274953, 332635, 478530, 534619]",6, 4126,2018-10-01,1,0.5588235294117647,6,1,['RECHARGE LAVAGE']
76,"[168956, 176750, 468551, 470165, 476566, 499127, 522268, 599789, 711978]",9, 2968,2018-11-01,1,0.5882352941176471,9,1,['TW 10 LINGUETTE']
77,"[120248, 130184, 131516, 133917, 216386, 266177, 465308, 476566, 482512, 508797, 997163, 1029987]",12, 4112,2018-11-01,1,0.5882352941176471,12,1,['LAVAGE CLU']
78,"[116517, 149886, 215374, 226924, 227628, 273864, 288714, 294601, 343202, 923982]",10, 4125,2018-11-01,1,0.5882352941176471,10,1,['RECHARGE LAVAGE TW - A']
79,"[133917, 134914, 266177, 274953, 355661, 417444, 478530, 508797]",8, 4126,2018-11-01,1,0.5882352941176471,8,1,['RECHARGE LAVAGE']
80,"[120086, 124755, 437974, 481954, 717621, 876768, 1215832]",7, 4074,2018-12-01,1,0.6176470588235294,7,1,['BIDON AD BLUE 10L']
81,"[101749, 343202, 403177, 416657, 535838, 1163901]",6, 2946,2018-12-01,1,0.6176470588235294,6,1,['TW  LAVE GLACE']
82,"[193191, 250176, 336873, 373929, 397621, 863705, 881579]",7, 1912,2018-12-01,1,0.6176470588235294,7,1,[]
83,"[115022, 145478, 262728, 274953, 365367, 437974, 438454, 478530, 1021208]",9, 4126,2018-12-01,1,0.6176470588235294,9,1,['RECHARGE LAVAGE']
84,"[149886, 176750, 222204, 226924, 273864, 303696, 317586, 390199, 538133, 580829, 923982, 1055920]",12, 4125,2018-12-01,1,0.6176470588235294,12,1,['RECHARGE LAVAGE TW - A']
85,"[115022, 115334, 116610, 147391, 151260, 167976, 168956, 176750, 193191, 227628, 231629, 259132, 262442, 274953, 286963, 301967, 343202, 365367, 421033, 482512, 538133, 574109, 771232, 820248, 835363, 881579, 965178, 1004644, 1199522]",29, 4112,2018-12-01,1,0.6176470588235294,29,1,['LAVAGE CLU']
86,"[155862, 164308, 226924, 242680, 397953, 538133, 711978]",7, 2968,2019-01-01,1,0.6470588235294118,7,1,['TW 10 LINGUETTE']
87,"[126277, 133397, 231629, 437974, 522268, 957568, 1196711]",7, 2946,2019-01-01,1,0.6470588235294118,7,1,['TW  LAVE GLACE']
88,"[120286, 155913, 266177, 390199, 410824, 476566, 701121, 866133, 1059459]",9, 2369,2019-01-01,1,0.6470588235294118,9,1,['EVIAN 1L PET*']
89,"[195808, 287754, 397953, 458836, 578902, 876212, 1092457]",7, 1912,2019-01-01,1,0.6470588235294118,7,1,[]
90,"[126249, 180230, 194411, 209276, 436127, 913899, 1029987]",7, 2945,2019-01-01,1,0.6470588235294118,7,1,['TW LAVE GLACE H 2L']
91,"[116517, 149886, 178285, 215374, 226924, 252704, 278491, 288714, 303696, 474879, 524668, 832235, 844897, 913899, 923982, 1109294, 1216244]",17, 4125,2019-01-01,1,0.6470588235294118,17,1,['RECHARGE LAVAGE TW - A']
92,"[115022, 188588, 287754, 312415, 332635, 406056, 866133]",7, 4126 4112,2019-01-01,1,0.6470588235294118,7,1,"['LAVAGE CLU', 'RECHARGE LAVAGE']"
93,"[105126, 115022, 126277, 131516, 188588, 194411, 231893, 261240, 266177, 287754, 312415, 332635, 406056, 417444, 475180, 520056, 545910, 866133]",18, 4126,2019-01-01,1,0.6470588235294118,18,1,['RECHARGE LAVAGE']
94,"[106174, 114932, 115022, 120286, 126249, 132519, 178285, 188588, 206416, 221900, 223786, 259132, 274132, 278491, 285450, 287754, 312415, 317586, 332635, 355661, 357876, 373929, 380236, 393439, 406056, 423878, 437974, 476566, 482512, 483211, 499127, 503579, 519327, 524668, 537723, 575523, 623370, 711978, 844897, 866133, 867805, 965178, 997163, 1030140, 1085639, 1089136, 1109294, 1207494, 1215832, 1216244]",50, 4112,2019-01-01,1,0.6470588235294118,50,1,['LAVAGE CLU']
95,"[178285, 278491, 524668, 844897, 1109294, 1216244]",6, 4125 4112,2019-01-01,1,0.6470588235294118,6,1,"['LAVAGE CLU', 'RECHARGE LAVAGE TW - A']"
96,"[119521, 120086, 120286, 130184, 132519, 133917, 145257, 146032, 149886, 157246, 169447, 179416, 188588, 209276, 228458, 231629, 252547, 261752, 273864, 285090, 343142, 384542, 428273, 432898, 437424, 437974, 443706, 482512, 482580, 508797, 535838, 625091, 631244, 763292, 873360, 1004644, 1029987, 1102006, 1163901, 1168652, 1199118, 1199522]",42, 4112,2019-02-01,1,0.6764705882352942,42,1,['LAVAGE CLU']
97,"[133917, 155913, 180230, 206416, 273864, 278491, 285090, 355661, 365367, 373929, 402831, 475180, 498303, 503579, 524668, 809144, 876768, 957568]",18, 2968,2019-02-01,1,0.6764705882352942,18,1,['TW 10 LINGUETTE']
98,"[149886, 176750, 178285, 215374, 226924, 236344, 274953, 278491, 288714, 303696, 317586, 432898, 538133, 923982]",14, 4125,2019-02-01,1,0.6764705882352942,14,1,['RECHARGE LAVAGE TW - A']
99,"[120086, 188588, 226617, 231629, 231893, 252547, 273864, 274953, 312415, 390199, 428273, 478530, 498303, 508797]",14, 4126,2019-02-01,1,0.6764705882352942,14,1,['RECHARGE LAVAGE']
100,"[120086, 188588, 231629, 252547, 273864, 428273, 508797]",7, 4126 4112,2019-02-01,1,0.6764705882352942,7,1,"['LAVAGE CLU', 'RECHARGE LAVAGE']"
101,"[147287, 168223, 169447, 176911, 416890, 1173623]",6, 4074,2019-02-01,1,0.6764705882352942,6,1,['BIDON AD BLUE 10L']
102,"[118606, 286161, 416890, 625091, 717621, 876768, 906775, 1107311, 1168652]",9, 4074,2019-03-01,1,0.7058823529411765,9,1,['BIDON AD BLUE 10L']
103,"[259132, 273864, 524668, 530327, 538133, 721306, 1030140, 1196711]",8, 1538,2019-03-01,1,0.7058823529411765,8,1,['RECHARGE CAFÉ CLUB 2\x80']
104,"[164308, 231893, 262442, 482512, 508797, 642259]",6, 4126 4112,2019-03-01,1,0.7058823529411765,6,1,"['LAVAGE CLU', 'RECHARGE LAVAGE']"
105,"[226985, 227628, 273229, 274132, 336247, 338288, 721306, 763292, 911318]",9, 2968,2019-03-01,1,0.7058823529411765,9,1,['TW 10 LINGUETTE']
106,"[116517, 146032, 149886, 176750, 191681, 215374, 226985, 266994, 273864, 317586, 436127, 465004, 538133, 625091, 642259, 843577, 923982, 1216244]",18, 4125,2019-03-01,1,0.7058823529411765,18,1,['RECHARGE LAVAGE TW - A']
107,"[164308, 188588, 189769, 231893, 262442, 332635, 338288, 417444, 460243, 476566, 482512, 508797, 642259, 645406, 937658, 959463, 1021208, 1059459]",18, 4126,2019-03-01,1,0.7058823529411765,18,1,['RECHARGE LAVAGE']
108,"[120248, 132519, 145478, 154386, 164231, 164308, 168285, 176750, 179416, 181642, 209276, 218431, 226924, 226985, 231629, 231893, 252704, 259132, 262442, 273229, 280880, 350354, 364137, 376277, 386709, 389609, 432898, 438114, 465308, 482512, 508797, 520056, 522268, 530327, 556943, 625091, 626547, 642259, 843577, 863705, 871913, 911318, 912398, 949491, 997163, 1033300, 1064103, 1107311, 1178337, 1196711]",50, 4112,2019-03-01,1,0.7058823529411765,50,1,['LAVAGE CLU']
109,"[107216, 134163, 157246, 188588, 189283, 192635, 197752, 205800, 219353, 221900, 231629, 246348, 273864, 274953, 285090, 286161, 336247, 338288, 378965, 432898, 437974, 482580, 533708, 560864, 625091, 711978, 721306, 805158, 874591, 876693, 965178, 1030140, 1031383, 1038786, 1055191, 1107311, 1242175]",37, 4112,2019-04-01,1,0.7352941176470589,37,1,['LAVAGE CLU']
110,"[149886, 177693, 215374, 226924, 273864, 278491, 288714, 317586, 336830, 343202, 516389, 538133, 556943, 580829, 645406, 832235, 923982, 1216244]",18, 4125,2019-04-01,1,0.7352941176470589,18,1,['RECHARGE LAVAGE TW - A']
111,"[115334, 131516, 164231, 195808, 215849, 223786, 268558, 273229, 430868, 535838, 580829, 805158, 1107311, 1163901, 1176921, 1242175]",16, 1538,2019-04-01,1,0.7352941176470589,16,1,['RECHARGE CAFÉ CLUB 2\x80']
112,"[107727, 118606, 134914, 188588, 197752, 257373, 274953, 312415, 338288, 355661, 404670, 478530, 530327, 532504, 560864, 717621]",16, 4126,2019-04-01,1,0.7352941176470589,16,1,['RECHARGE LAVAGE']
113,"[157246, 355661, 416890, 437974, 805158, 1216244]",6, 4074,2019-04-01,1,0.7352941176470589,6,1,['BIDON AD BLUE 10L']
114,"[108228, 134163, 192635, 197752, 312415, 535838]",6, 2972,2019-04-01,1,0.7352941176470589,6,1,['TXW LAVE GLACE']
115,"[108228, 138663, 145478, 157503, 188588, 252547, 287754, 347322, 428273, 520056, 545910, 1163901, 1177294]",13, 4126,2019-05-01,1,0.7647058823529411,13,1,['RECHARGE LAVAGE']
116,"[156346, 170804, 209218, 805158, 838788, 964386]",6, 4074,2019-05-01,1,0.7647058823529411,6,1,['BIDON AD BLUE 10L']
117,"[119521, 127802, 130184, 133917, 138663, 147391, 152857, 157246, 188588, 193191, 203511, 252547, 259132, 280880, 285090, 309886, 345624, 403177, 483211, 545910, 625091, 711978, 721306, 923982, 997163, 1048334, 1168652]",27, 4112,2019-05-01,1,0.7647058823529411,27,1,['LAVAGE CLU']
118,"[149886, 176750, 178285, 273864, 278491, 303696, 538133, 618337, 625091, 631244, 843577, 1031383]",12, 4125,2019-05-01,1,0.7647058823529411,12,1,['RECHARGE LAVAGE TW - A']
119,"[115334, 120286, 126277, 133917, 137685, 157246, 176750, 180230, 188588, 189906, 192709, 209276, 223109, 259132, 261752, 273864, 274953, 280880, 309886, 343202, 476566, 520056, 750974, 820248, 912398, 1029987, 1062335, 1107311, 1177294, 1199522]",30, 4112,2019-06-01,1,0.7941176470588235,30,1,['LAVAGE CLU']
120,"[149886, 150269, 176750, 223109, 225614, 226924, 236344, 272472, 273864, 317586, 343202, 432898, 465004, 474879, 538133, 556943, 623370, 626547, 923982]",19, 4125,2019-06-01,1,0.7941176470588235,19,1,['RECHARGE LAVAGE TW - A']
121,"[133917, 157246, 188588, 189769, 195808, 337358, 390199, 393439, 478530, 717621, 876768, 937249, 1005767, 1028559]",14, 4126,2019-06-01,1,0.7941176470588235,14,1,['RECHARGE LAVAGE']
122,"[118606, 261240, 317586, 355661, 416890, 498303, 805158, 876693, 1107311]",9, 4074,2019-06-01,1,0.7941176470588235,9,1,['BIDON AD BLUE 10L']
123,"[188309, 192709, 209276, 273864, 416657, 1163901]",6, 2972,2019-06-01,1,0.7941176470588235,6,1,['TXW LAVE GLACE']
124,"[145478, 168953, 179416, 181642, 189283, 211671, 262442, 538133, 764005, 834533, 1029987, 1163901, 1177294]",13, 4159,2019-07-01,1,0.8235294117647058,13,1,[]
125,"[105193, 109075, 146032, 259132, 274953, 645406]",6, 1531,2019-07-01,1,0.8235294117647058,6,1,[]
126,"[145478, 164308, 188588, 212029, 251114, 274953, 321135, 390199, 397621, 937249]",10, 4126,2019-07-01,1,0.8235294117647058,10,1,['RECHARGE LAVAGE']
127,"[140387, 211671, 403177, 436127, 498303, 557131, 964386, 1023595, 1216244]",9, 4074,2019-07-01,1,0.8235294117647058,9,1,['BIDON AD BLUE 10L']
128,"[118606, 176404, 191293, 192034, 226985, 242680, 262442, 454300, 482512, 711978, 1177294]",11, 4157,2019-07-01,1,0.8235294117647058,11,1,[]
129,"[155913, 192034, 252820, 274132, 287202, 416657, 436127, 452425, 465308, 556703, 560048, 560864, 871913, 964386]",14, 4154,2019-07-01,1,0.8235294117647058,14,1,[]
130,"[106174, 114932, 115022, 132519, 140387, 146032, 147391, 206416, 221900, 259132, 262442, 397621, 524668, 624145, 843577, 874591, 997163]",17, 4155,2019-07-01,1,0.8235294117647058,17,1,[]
131,"[120286, 149886, 164308, 173174, 180230, 185342, 192034, 250176, 257373, 257484, 271489, 274953, 301967, 336247, 345624, 347942, 355661, 390199, 437424, 440514, 460243, 499734, 519327, 535838, 557131, 618337, 625091, 626547, 642259, 771232, 805158, 820248, 867805, 923982, 1029987, 1196711, 1215832]",37, 2051,2019-07-01,1,0.8235294117647058,37,1,[]
132,"[188588, 189906, 200898, 212029, 237303, 378965, 457599, 530327, 1030140]",9, 4158 4112,2019-07-01,1,0.8235294117647058,9,1,['LAVAGE CLU']
133,"[119521, 133917, 145257, 154386, 182475, 188588, 189906, 200898, 212029, 237303, 273864, 285365, 338288, 355812, 366458, 378965, 384542, 457599, 530327, 758846, 810467, 921601, 1005729, 1005767, 1030140, 1048334, 1163901, 1177294, 1236038, 1242175]",30, 4158,2019-07-01,1,0.8235294117647058,30,1,[]
134,"[105193, 120248, 176750, 177693, 193191, 219870, 222204, 226924, 239451, 251114, 270966, 286161, 307158, 332665, 376277, 380236, 402831, 416890, 454815, 482580, 498303, 537723, 560048, 574109, 578902, 580829, 717621, 835017, 886537, 957568, 1039029, 1062318, 1066967, 1177294]",34, 4156,2019-07-01,1,0.8235294117647058,34,1,[]
135,"[173174, 271489, 274953, 345624, 390199, 1029987]",6, 4112 2051,2019-07-01,1,0.8235294117647058,6,1,['LAVAGE CLU']
136,"[105193, 147391, 173174, 179416, 188588, 189906, 200898, 206416, 211671, 212029, 221900, 222204, 237303, 259132, 271489, 274953, 285090, 307158, 345624, 378965, 390199, 437974, 452425, 457599, 465567, 530327, 585456, 711978, 835363, 871913, 874653, 1029987, 1030140]",33, 4112,2019-07-01,1,0.8235294117647058,33,1,['LAVAGE CLU']
137,"[146032, 149886, 176750, 177693, 194904, 226924, 226985, 273864, 274953, 278491, 285365, 288714, 347942, 436127, 465004, 530327, 538133, 585456, 592345, 923982, 1216244]",21, 4125,2019-07-01,1,0.8235294117647058,21,1,['RECHARGE LAVAGE TW - A']
138,"[108228, 140566, 145478, 189769, 214066, 215849, 223786, 285090, 301967, 389609, 393439, 402831, 411159, 432898, 452975, 499127, 500865, 532933, 565442, 645215, 749466, 814129, 843580, 873360, 894316, 949491, 952256, 1003223, 1031383, 1059452, 1164511, 1168652, 1177294]",33, 4156,2019-08-01,1,0.8529411764705882,33,1,[]
139,"[140566, 147391, 179416, 197752, 209276, 251350, 280880, 309886, 317586, 332635, 391758, 427150, 438114, 498626, 532933, 575523, 645215, 844897, 846796, 949491]",20, 4112,2019-08-01,1,0.8529411764705882,20,1,['LAVAGE CLU']
140,"[115022, 133917, 180230, 188588, 189769, 244544, 251114, 251350, 262442, 274871, 274953, 285365, 332635, 338288, 355661, 391758, 403177, 410571, 498303, 520056, 642259, 1177294]",22, 4126,2019-08-01,1,0.8529411764705882,22,1,['RECHARGE LAVAGE']
141,"[116517, 146032, 149886, 176750, 194904, 214066, 226924, 273864, 278491, 288714, 303696, 317586, 347942, 423611, 432898, 923982, 1031383]",17, 4125,2019-08-01,1,0.8529411764705882,17,1,['RECHARGE LAVAGE TW - A']
142,"[116517, 118606, 209276, 215374, 387857, 416890, 457599, 457688, 532933, 844897, 997163]",11, 1531,2019-08-01,1,0.8529411764705882,11,1,[]
143,"[118606, 119521, 189283, 403177, 452975, 508797, 625091, 1168652]",8, 4074,2019-08-01,1,0.8529411764705882,8,1,['BIDON AD BLUE 10L']
144,"[386629, 387857, 423611, 423878, 443706, 520056, 844897, 1177294]",8, 4155,2019-08-01,1,0.8529411764705882,8,1,[]
145,"[217903, 242680, 407312, 416890, 876768, 997163, 1033518]",7, 4074,2019-09-01,1,0.8823529411764706,7,1,['BIDON AD BLUE 10L']
146,"[118606, 188588, 251114, 482512, 535838, 717621, 1005767, 1059459]",8, 4126,2019-09-01,1,0.8823529411764706,8,1,['RECHARGE LAVAGE']
147,"[119521, 131516, 199021, 251114, 336873, 423611, 432898, 482512, 625091, 844897, 876768, 949491, 1033518]",13, 4112,2019-09-01,1,0.8823529411764706,13,1,['LAVAGE CLU']
148,"[116517, 149886, 215374, 226924, 303696, 317586, 335036, 423611, 538133, 626547, 923982]",11, 4125,2019-09-01,1,0.8823529411764706,11,1,['RECHARGE LAVAGE TW - A']
149,"[146032, 149886, 176750, 199835, 226924, 273864, 288714, 289781, 347942, 474879, 511074, 626547, 730825, 923982]",14, 4125,2019-10-01,1,0.9117647058823529,14,1,['RECHARGE LAVAGE TW - A']
150,"[118606, 250176, 261240, 286161, 416890, 498303, 805158, 1216244]",8, 4074,2019-10-01,1,0.9117647058823529,8,1,['BIDON AD BLUE 10L']
151,"[131511, 274953, 393439, 406056, 432898, 505454, 543612, 711978, 1107311]",9, 4112,2019-10-01,1,0.9117647058823529,9,1,['LAVAGE CLU']
152,"[103240, 114932, 119521, 131511, 158032, 253055, 301967, 432898]",8, 1530,2019-10-01,1,0.9117647058823529,8,1,[]
153,"[108228, 280880, 386629, 511074, 1028559, 1031383]",6, 1531,2019-10-01,1,0.9117647058823529,6,1,[]
154,"[120286, 262442, 460243, 626547, 876693, 1039029]",6, 2180,2019-10-01,1,0.9117647058823529,6,1,['ADBLUE BIDON 5L']
155,"[145478, 186625, 188588, 274953, 381297, 478530, 498303, 876693, 1177294]",9, 4126,2019-11-01,1,0.9411764705882353,9,1,['RECHARGE LAVAGE']
156,"[189283, 205800, 218431, 416657, 416890, 1163901]",6, 2946,2019-11-01,1,0.9411764705882353,6,1,['TW  LAVE GLACE']
157,"[192635, 262442, 288714, 410571, 440514, 764005, 863705, 876693, 1023595]",9, 1531,2019-11-01,1,0.9411764705882353,9,1,[]
158,"[170804, 355661, 498303, 530327, 626547, 805158, 876768, 1023595, 1107311]",9, 4074,2019-11-01,1,0.9411764705882353,9,1,['BIDON AD BLUE 10L']
159,"[146032, 149886, 150269, 215374, 223109, 226924, 236344, 278491, 288714, 335036, 530327, 538133, 626547, 923982, 1216244]",15, 4125,2019-11-01,1,0.9411764705882353,15,1,['RECHARGE LAVAGE TW - A']
160,"[192635, 205800, 280880, 285090, 390199, 410571, 438114, 1030140, 1066967, 1177294, 1242175]",11, 4112,2019-11-01,1,0.9411764705882353,11,1,['LAVAGE CLU']
161,"[120248, 197752, 545953, 625091, 642259, 711978, 1216244]",7, 1531,2019-12-01,1,0.9705882352941176,7,1,[]
162,"[116517, 146032, 149886, 176750, 215374, 226924, 227628, 236344, 289974, 317586, 538133, 545953, 626547, 923982]",14, 4125,2019-12-01,1,0.9705882352941176,14,1,['RECHARGE LAVAGE TW - A']
163,"[105126, 118606, 132519, 133917, 134914, 188588, 189769, 257373, 262442, 274953, 303696, 337358, 960839, 1059459]",14, 4126,2019-12-01,1,0.9705882352941176,14,1,['RECHARGE LAVAGE']
164,"[114170, 147391, 197166, 197752, 386629, 517885, 1004644, 1107311]",8, 4112,2019-12-01,1,0.9705882352941176,8,1,['LAVAGE CLU']
165,"[261240, 416890, 436127, 964386, 1033518, 1107311]",6, 4074,2019-12-01,1,0.9705882352941176,6,1,['BIDON AD BLUE 10L']
