
property product_loyalty

svl clean info: [temporary] svl001_formula_inline

svl clean info: [temporary] svl001_formula_inline.mcl

svl clean info: [temporary] svl001_formula_inline.xm

"svl001_formula_inline.mcl" =
    macro QUERY () =
        (
    	G .
    	(not { SELF ... })* .
    	{ SELF ?C0:String ?P0:String !":2018-12-01" }.
    	not { SELF ... } .
    	{ SELF ?C1:String ?P1:String !":2019-02-01" where
    	    (inter (string2natset (P0), string2natset (":3461025:7461024:")) <> empty)
    	    and
    	    (inter (string2natset (P1), string2natset (":3461025:7461024:")) <> empty)
    	    and
    	    (inter (string2natset (P0), string2natset (P1)) <> empty)
    	    and
    	    (inter (string2natset (C0), string2natset (C1)) <> empty)
    	}
        )
    end_macro
    
    
    [
        QUERY
    ] print (
        inter (string2natset (C0), string2natset (C1)),
        " ",
        inter (inter (string2natset (P0),string2natset (P1)), string2natset (":3461025:7461024:")),
        " ",
        ":2018-12-01",
        "\n"
    )

verify "svl001_formula_inline.mcl" in "../graph/bcg/9M-5-[1-2001]-[a]-lcm.bcg"

svl clean info: [temporary] evaluator4

svl clean info: [temporary] evaluator4.o

% bcg_open   "../graph/bcg/9M-5-[1-2001]-[a]-lcm.bcg"  evaluator4 -source "product_loyalty.svl:6" -dfs   "svl001_formula_inline.mcl"

svl clean info: [temporary] svl000_stdout
bcg_open: using ``/home/abdelouahab/cadp//bin.x64/evaluator4.a''
bcg_open: running ``evaluator4 -source product_loyalty.svl:6 -dfs svl001_formula_inline.mcl'' for ``../graph/bcg/9M-5-[1-2001]-[a]-lcm.bcg''
[575459] [3461025] :2018-12-01
[575459] [3461025] :2018-12-01
[575459, 1044697, 1163180] [3461025] :2018-12-01
[575459] [3461025] :2018-12-01
[575459, 1044697, 1163180] [3461025] :2018-12-01
[575459] [3461025] :2018-12-01
[575459] [3461025] :2018-12-01
[575459] [3461025] :2018-12-01
[1044697] [3461025] :2018-12-01
[575459] [3461025] :2018-12-01
[575459] [3461025] :2018-12-01
[211249] [7461024] :2018-12-01

TRUE
command exit with status 0

