source,target,user_id
0,157,"377365,224478"
0,160,844897
0,162,"107030,612824"
0,164,612824
0,166,612824
0,168,"400253,711978"
0,188,711978
0,199,711978
0,200,711978
0,232,711978
0,233,711978
0,234,711978
0,245,711978
0,246,711978
0,249,159219
1,157,171799
1,160,189637
3,160,"606450,281256"
3,171,288685
3,211,508067
3,272,450524
6,157,235297
6,162,"107030,787610,903640,739860,1166148,519059,445481,266488,127790,1168767,423574,505613,235297,1095891,612824,178797,957469,130181,114666"
6,163,235297
6,164,"903640,739860,1166148,552846,127790,1168767,235297,1095891,612824,957469,368080,270220,114666"
6,165,235297
6,166,"903640,739860,1166148,127790,1168767,235297,1095891,612824,957469,114666"
6,167,235297
7,162,"107030,612824"
7,164,612824
7,166,612824
8,157,235297
8,162,"1196697,1180756,1205586,739860,1166148,127790,603391,1168767,235297,1095891,612824,957469,114666"
8,163,235297
8,164,"442885,1196697,1180756,329014,1206265,739860,453193,1166148,552846,127790,603391,1168767,308992,235297,1095891,612824,146208,957469,368080,270220,114666"
8,165,235297
8,166,"1196697,1180756,739860,1166148,127790,603391,1168767,235297,1095891,612824,957469,114666"
8,167,235297
8,219,453193
8,325,453193
9,162,612824
9,164,612824
9,166,612824
10,157,235297
10,162,"739860,1166148,127790,1168767,235297,1095891,612824,957469,114666"
10,163,235297
10,164,"739860,1166148,552846,127790,1168767,235297,1095891,612824,957469,368080,270220,114666"
10,165,235297
10,166,"739860,1166148,127790,1168767,235297,1095891,612824,957469,114666"
10,167,235297
11,162,612824
11,164,612824
11,166,612824
12,164,552846
14,158,105047
14,298,798831
17,171,"1215438,1056258"
21,157,531053
21,162,555714
21,181,"1082751,1052503,1036452,995860,531053,555714,1014685,1047955,1179263"
21,194,"995860,1047955,1179263"
21,195,"995860,1047955,1179263"
21,204,"1052503,1036452"
21,205,"1052503,1036452"
21,209,995860
21,214,"1082751,531053"
21,225,1052503
21,226,1052503
21,230,"1052503,531053,555714"
21,231,"1052503,531053,555714"
21,251,1052503
21,252,1052503
21,261,531053
21,263,1014685
21,275,995860
21,280,995860
21,281,1014685
21,326,531053
21,327,1014685
21,329,1047955
21,341,"1082751,1014685"
21,355,1052503
21,356,1047955
23,158,105047
29,191,975853
29,229,975853
30,193,602997
31,157,416623
31,181,"1082751,995860,1047955,1179263"
31,194,"995860,1047955,1179263"
31,195,"995860,1047955,1179263"
31,209,995860
31,214,1082751
31,275,995860
31,280,995860
31,298,798831
31,329,1047955
31,341,1082751
31,356,1047955
32,181,"1082751,995860,1047955,1179263"
32,194,"995860,1047955,1179263"
32,195,"995860,1047955,1179263"
32,209,995860
32,214,1082751
32,275,995860
32,280,995860
32,329,1047955
32,341,1082751
32,356,1047955
33,181,"998545,1179263"
33,194,1179263
33,195,1179263
33,203,998545
33,239,998545
33,268,998545
33,273,998545
33,276,998545
33,360,998545
34,158,624828
34,206,624828
34,207,624828
34,224,626162
34,350,626162
39,191,975853
39,229,975853
43,181,1036452
43,204,"1036452,596217"
43,205,1036452
43,209,596217
43,276,596217
43,363,596217
44,228,"191307,815181"
45,238,276275
46,181,1179263
46,194,1179263
46,195,1179263
46,202,963615
46,256,963615
46,257,963615
46,308,963615
46,349,963615
48,181,1179263
48,194,1179263
48,195,1179263
49,181,995860
49,194,995860
49,195,995860
49,204,596217
49,209,"995860,596217"
49,275,995860
49,276,596217
49,280,995860
49,363,596217
51,157,224478
52,157,224478
56,202,963615
56,204,596217
56,209,596217
56,256,963615
56,257,963615
56,276,596217
56,308,963615
56,349,963615
56,363,596217
57,204,596217
57,209,596217
57,276,596217
57,363,596217
58,181,995860
58,194,995860
58,195,995860
58,209,995860
58,275,995860
58,280,995860
64,157,531053
64,181,"1082751,531053"
64,214,"1082751,531053"
64,230,531053
64,231,531053
64,261,531053
64,326,531053
64,341,1082751
65,157,531053
65,181,"1082751,531053"
65,214,"1082751,531053"
65,230,531053
65,231,531053
65,261,531053
65,326,531053
65,341,1082751
67,181,1052503
67,204,1052503
67,205,1052503
67,225,1052503
67,226,1052503
67,230,1052503
67,231,1052503
67,251,1052503
67,252,1052503
67,355,1052503
68,203,880018
68,265,880018
68,355,880018
68,364,880018
68,365,880018
69,181,1179263
69,194,1179263
69,195,1179263
70,181,1179263
70,194,1179263
70,195,1179263
74,211,1059033
77,272,147896
77,317,147896
78,312,724438
84,181,1082751
84,214,1082751
84,298,798831
84,322,827281
84,339,827281
84,341,1082751
85,181,1082751
85,214,1082751
85,298,798831
85,341,1082751
86,181,1052503
86,204,1052503
86,205,1052503
86,225,1052503
86,226,1052503
86,230,1052503
86,231,1052503
86,251,1052503
86,252,1052503
86,355,1052503
87,181,"1052503,1014685"
87,204,1052503
87,205,1052503
87,225,1052503
87,226,1052503
87,230,1052503
87,231,1052503
87,251,1052503
87,252,1052503
87,263,1014685
87,281,1014685
87,327,1014685
87,341,1014685
87,355,1052503
88,211,1059033
89,181,"1036452,1179263"
89,194,1179263
89,195,1179263
89,204,1036452
89,205,1036452
90,181,"1036452,1179263"
90,194,1179263
90,195,1179263
90,204,1036452
90,205,1036452
91,181,1179263
91,194,1179263
91,195,1179263
92,193,602997
92,287,1000572
96,294,1156576
98,202,963615
98,256,963615
98,257,963615
98,308,963615
98,349,963615
99,298,798831
110,171,124464
110,284,124464
111,224,626162
111,350,626162
115,158,624828
115,206,624828
115,207,624828
118,274,1196227
119,157,416623
119,181,1179263
119,194,1179263
119,195,1179263
121,202,963615
121,256,963615
121,257,963615
121,308,963615
121,349,963615
131,272,450524
134,202,963615
134,256,963615
134,257,963615
134,308,963615
134,349,963615
135,287,1000572
136,181,1014685
136,263,1014685
136,281,1014685
136,327,1014685
136,341,1014685
144,181,1179263
144,194,1179263
144,195,1179263
147,181,1179263
147,194,1179263
147,195,1179263
148,181,1179263
148,194,1179263
148,195,1179263
150,298,798831
0,368,"1063343,899788,242618"
0,369,"144205,1085236"
0,382,"152797,499303"
0,385,499303
0,404,152797
0,526,881754
0,560,121128
1,368,"463550,341341"
1,369,144205
1,391,226924
1,401,595081
1,480,595081
1,573,1110941
2,369,144205
3,368,"305264,197718,151252"
3,379,656513
3,422,1086227
3,521,305264
6,371,289246
6,374,"616689,485938,133892,1175223,403445"
6,375,"616689,133892,244827"
6,377,"616689,133892"
6,422,616689
6,423,616689
6,472,616689
6,473,616689
6,474,616689
6,504,734723
8,368,118478
8,374,"616689,118478,1167207,403445"
8,375,"616689,489993,244827,118478,1167207"
8,376,118478
8,377,"616689,118478,1167207"
8,378,118478
8,422,616689
8,423,616689
8,472,616689
8,473,616689
8,474,616689
10,374,"616689,403445"
10,375,"616689,244827"
10,377,616689
10,422,616689
10,423,616689
10,472,616689
10,473,616689
10,474,616689
12,385,131514
14,496,1049074
14,500,201118
19,368,271497
19,389,483161
19,391,483161
19,395,483161
21,387,616225
25,368,320242
25,382,348948
25,397,348948
25,399,348948
25,404,320242
25,405,320242
29,560,121128
31,387,979705
31,540,979705
34,424,123777
34,523,123777
35,424,123777
35,523,123777
35,560,121128
36,560,121128
37,421,594535
37,468,594535
37,551,594535
38,379,127136
42,421,594535
42,468,594535
42,551,594535
45,368,268921
45,519,268921
46,465,901480
46,496,1049074
46,505,901480
53,387,979705
53,429,997163
53,540,979705
58,382,950781
58,417,950781
58,502,950781
58,517,950781
58,574,950781
59,518,433073
62,526,881754
64,504,734723
67,577,1158336
68,577,1158336
71,496,1049074
72,496,1049074
89,387,979705
89,540,979705
91,387,979705
91,540,979705
93,526,881754
94,560,371575
97,494,1163442
97,542,1163442
101,382,950781
101,417,950781
101,502,950781
101,517,950781
101,574,950781
118,460,310155
121,504,734723
122,526,881754
126,498,444898
130,382,348948
130,397,348948
130,399,348948
143,382,348948
143,397,348948
143,399,348948
144,577,1158336
150,526,881754
157,368,"278677,346289,509218,560724"
157,371,779784
157,374,235297
157,375,"346289,235297"
157,376,346289
157,377,235297
157,382,371498
157,387,531053
157,422,955102
157,438,531053
157,439,531053
157,472,346289
157,473,346289
157,475,531053
157,491,531053
157,492,531053
157,503,458323
158,368,346289
158,371,520056
158,375,346289
158,376,346289
158,401,478556
158,446,350390
158,450,350390
158,472,346289
158,473,346289
158,548,478556
159,368,346289
159,375,346289
159,376,346289
159,472,346289
159,473,346289
160,368,"240151,502556,1124305"
160,369,240151
160,370,240151
162,368,"1095891,1198352,739860,132500"
162,374,"1171591,1095891,266488,1198352,612824,739860,107030,459432,555714,127790,1166148,156634,1106966,191561,1180756,130181,1109186,427250,1168767,681522,1236675,235297,114666"
162,375,"1171591,1095891,1198352,1163691,612824,739860,107030,1196697,127790,1166148,156634,1180756,427250,603391,1205586,1168767,187833,235297,114666"
162,376,"1095891,1198352,739860"
162,377,"1171591,1095891,1198352,612824,739860,107030,127790,1166148,156634,1180756,427250,1168767,235297,114666"
162,378,"1095891,1198352,739860"
162,387,555714
162,388,555714
162,389,"603391,132500"
162,390,132500
162,422,603391
162,423,603391
162,434,787610
162,444,1095891
162,472,603391
162,473,603391
162,474,603391
163,374,235297
163,375,235297
163,377,235297
164,368,"346289,1095891,739860,308992"
164,374,"1171591,1095891,612824,739860,127790,1166148,156634,1180756,1168767,368080,235297,270220,552846,114666"
164,375,"1171591,346289,1095891,1163691,612824,739860,453193,1196697,146208,127790,1166148,156634,1180756,603391,1168767,187833,368080,308992,235297,100194,270220,552846,114666"
164,376,"346289,1095891,739860,308992"
164,377,"1171591,1095891,612824,739860,127790,1166148,156634,1180756,1168767,368080,235297,270220,552846,114666"
164,378,"1095891,739860"
164,389,603391
164,422,603391
164,423,603391
164,444,1095891
164,472,"346289,603391"
164,473,"346289,603391"
164,474,603391
164,575,867539
165,368,346289
165,374,235297
165,375,"346289,235297"
165,376,346289
165,377,235297
165,472,346289
165,473,346289
166,368,"1095891,739860"
166,374,"1171591,1095891,612824,739860,127790,1166148,156634,1180756,1168767,235297,114666"
166,375,"1171591,1095891,1163691,612824,739860,1196697,127790,1166148,156634,1180756,603391,1168767,187833,235297,114666"
166,376,"1095891,739860"
166,377,"1171591,1095891,612824,739860,127790,1166148,156634,1180756,1168767,235297,114666"
166,378,"1095891,739860"
166,389,603391
166,422,603391
166,423,603391
166,444,1095891
166,472,603391
166,473,603391
166,474,603391
167,374,235297
167,375,235297
167,377,235297
168,368,113875
168,371,113875
168,372,113875
168,401,510669
168,548,510669
171,368,"1215438,251287"
171,385,1056258
171,416,844279
171,518,579539
171,519,579539
181,374,"555714,988692"
181,387,"1036452,1007975,995860,531053,555714,1014685,1082751,988692,1179263,286391,989025"
181,388,"555714,988692"
181,407,"1036452,995860,1082751"
181,408,"1036452,995860,1082751"
181,417,995860
181,425,1036452
181,426,1036452
181,428,989025
181,438,"531053,1082751,1179263"
181,439,"531053,1082751,1179263"
181,455,"1007975,1082751"
181,465,286391
181,475,"531053,1082751"
181,477,995860
181,478,995860
181,491,"995860,531053"
181,492,"995860,531053"
181,494,1179263
181,504,988692
181,524,989025
181,534,988692
181,546,286391
181,550,988692
181,552,286391
182,570,622174
186,429,156096
186,570,622174
188,387,286391
188,465,286391
188,546,286391
188,552,286391
191,436,"1178332,975853"
191,470,975853
193,427,602997
194,387,"995860,1179263"
194,407,"995860,1058591"
194,408,995860
194,417,995860
194,438,1179263
194,439,1179263
194,477,995860
194,478,995860
194,491,995860
194,492,995860
194,494,1179263
194,541,1058591
194,550,1058591
195,387,"995860,1179263"
195,407,995860
195,408,995860
195,417,995860
195,438,1179263
195,439,1179263
195,477,995860
195,478,995860
195,491,995860
195,492,995860
195,494,1179263
196,368,1203541
196,497,435521
202,471,963615
202,546,963615
202,555,963615
203,424,880018
204,387,"1036452,596217"
204,407,"1036452,1058591"
204,408,1036452
204,425,1036452
204,426,1036452
204,440,596217
204,441,596217
204,443,596217
204,471,596217
204,477,596217
204,478,596217
204,541,1058591
204,550,1058591
205,387,1036452
205,407,1036452
205,408,1036452
205,425,1036452
205,426,1036452
206,368,346289
206,375,346289
206,376,346289
206,472,346289
206,473,346289
207,368,346289
207,375,346289
207,376,346289
207,472,346289
207,473,346289
209,387,"596217,995860"
209,407,995860
209,408,995860
209,417,995860
209,440,596217
209,441,596217
209,443,596217
209,471,596217
209,477,"596217,995860"
209,478,"596217,995860"
209,491,995860
209,492,995860
210,417,589776
210,553,589776
214,387,"1007975,531053,1082751"
214,407,1082751
214,408,1082751
214,438,"531053,1082751"
214,439,"531053,1082751"
214,455,"1007975,1082751"
214,475,"531053,1082751"
214,491,531053
214,492,531053
215,374,988692
215,387,988692
215,388,988692
215,504,988692
215,534,988692
215,550,988692
216,374,988692
216,387,988692
216,388,988692
216,504,988692
216,534,988692
216,550,988692
219,375,453193
220,371,779784
224,407,1058591
224,541,1058591
224,550,1058591
225,374,988692
225,387,"988692,286391"
225,388,988692
225,465,286391
225,504,988692
225,534,988692
225,546,286391
225,550,988692
225,552,286391
226,374,988692
226,387,"988692,286391"
226,388,988692
226,465,286391
226,504,988692
226,534,988692
226,546,286391
226,550,988692
226,552,286391
228,469,191307
229,436,975853
229,470,975853
230,374,555714
230,387,"531053,555714"
230,388,555714
230,438,531053
230,439,531053
230,475,531053
230,491,531053
230,492,531053
231,374,555714
231,387,"531053,555714"
231,388,555714
231,438,531053
231,439,531053
231,475,531053
231,491,531053
231,492,531053
236,479,723615
243,374,459432
243,396,1204589
243,430,1204589
243,431,1204589
251,387,286391
251,465,286391
251,546,286391
251,552,286391
252,387,286391
252,465,286391
252,546,286391
252,552,286391
255,379,1077855
256,374,988692
256,387,988692
256,388,988692
256,471,963615
256,504,988692
256,534,988692
256,546,963615
256,550,988692
256,555,963615
257,471,963615
257,546,963615
257,555,963615
260,434,101105
261,387,531053
261,438,531053
261,439,531053
261,475,531053
261,491,531053
261,492,531053
262,397,470752
263,387,1014685
265,424,880018
266,518,579539
266,519,579539
271,570,622174
272,453,450524
274,368,1196227
275,387,995860
275,407,995860
275,408,995860
275,417,995860
275,477,995860
275,478,995860
275,491,995860
275,492,995860
276,387,596217
276,440,596217
276,441,596217
276,443,596217
276,471,596217
276,477,596217
276,478,596217
279,382,736264
280,387,995860
280,407,995860
280,408,995860
280,417,995860
280,477,995860
280,478,995860
280,491,995860
280,492,995860
281,387,1014685
299,387,286391
299,465,286391
299,546,286391
299,552,286391
302,368,415088
302,437,415088
308,471,963615
308,546,963615
308,555,963615
316,368,400916
316,510,400916
316,511,400916
317,570,622174
322,374,988692
322,387,988692
322,388,988692
322,497,827281
322,504,988692
322,534,988692
322,550,988692
325,375,453193
326,387,531053
326,438,531053
326,439,531053
326,475,531053
326,491,531053
326,492,531053
327,387,1014685
329,407,1058591
329,541,1058591
329,550,1058591
335,382,371498
337,382,371498
339,497,827281
341,387,"1014685,1082751"
341,407,1082751
341,408,1082751
341,438,1082751
341,439,1082751
341,455,1082751
341,475,1082751
346,379,596052
346,382,596052
346,549,596052
349,471,963615
349,546,963615
349,555,963615
355,424,880018
363,387,596217
363,440,596217
363,441,596217
363,443,596217
363,471,596217
363,477,596217
363,478,596217
363,490,1017324
364,424,880018
365,424,880018
0,580,318075
0,587,"430886,291752"
0,610,"404019,824022"
0,756,847910
0,766,401082
1,580,473077
1,590,182238
1,618,473077
3,580,557541
3,600,305678
3,619,305678
3,669,305678
3,692,209659
3,753,305678
6,581,"524777,353175,403184,395023,1218364"
12,766,401082
13,766,401082
17,594,"778698,717565"
17,600,140093
17,619,140093
21,602,1162191
21,635,1162191
21,662,1162191
21,663,1162191
21,738,1162191
23,759,1102967
25,587,253255
27,602,1162191
27,635,1162191
27,662,1162191
27,663,1162191
27,738,1162191
30,602,1162191
30,635,1162191
30,662,1162191
30,663,1162191
30,738,1162191
35,587,291752
36,587,291752
44,760,314138
54,643,111432
55,759,1102967
74,587,291752
78,600,176862
78,619,176862
78,683,176862
78,727,176862
95,672,224522
98,645,521885
98,681,521885
104,600,305419
104,619,305419
117,600,176862
117,619,176862
117,683,176862
117,727,176862
128,587,253255
143,587,253255
155,600,305678
155,619,305678
155,669,305678
155,753,305678
157,580,1027715
157,585,"932650,1027715"
157,586,1027715
157,587,144626
157,600,"510225,173528"
157,606,447321
157,619,510225
157,628,419062
157,678,419062
157,710,419062
158,580,"1167570,1027715"
158,585,1027715
158,586,1027715
158,587,113725
158,606,447321
158,692,490823
159,580,1027715
159,585,1027715
159,586,1027715
159,606,447321
160,580,563868
160,608,1068315
160,643,563868
162,581,"108938,903640,1237802,1221607,957469,445481,111737,523545,746930,423574,235462"
162,582,"108938,903640,957469,523545,746930"
162,583,"108938,903640,957469,523545,746930"
162,659,903640
162,690,1221607
162,699,1221607
164,581,"903640,1221607,957469,746930,235462"
164,582,"903640,1206265,957469,329014,746930"
164,583,"903640,957469,746930"
164,659,903640
164,690,1221607
164,699,1221607
166,581,"903640,1221607,957469,746930,235462"
166,582,"903640,957469,746930"
166,583,"903640,957469,746930"
166,659,903640
166,690,1221607
166,699,1221607
171,590,828186
171,594,"450648,287148"
171,624,1044423
171,661,124464
171,706,828186
171,728,828186
171,772,828186
178,608,1068315
180,608,1068315
181,602,998545
181,622,998545
181,637,998545
181,718,998545
181,752,998545
186,606,447321
187,606,447321
198,580,170884
198,641,170884
198,747,170884
201,590,828186
201,706,828186
201,728,828186
201,772,828186
202,658,326485
203,602,998545
203,622,998545
203,637,998545
203,718,998545
203,752,998545
211,580,842634
215,658,326485
229,580,1088671
229,736,1088671
235,684,557871
239,602,998545
239,622,998545
239,637,998545
239,718,998545
239,752,998545
247,580,170884
247,641,170884
247,747,170884
249,580,"576981,159219"
251,580,1088671
251,736,1088671
268,590,828186
268,602,998545
268,622,998545
268,637,998545
268,706,828186
268,718,998545
268,728,828186
268,752,998545
268,772,828186
273,581,1221607
273,602,998545
273,622,998545
273,637,998545
273,690,1221607
273,699,1221607
273,718,998545
273,752,998545
276,602,998545
276,622,998545
276,637,998545
276,718,998545
276,752,998545
284,661,124464
287,580,424865
287,647,424865
287,648,424865
287,651,424865
287,744,424865
287,767,424865
295,580,369654
295,647,369654
295,648,369654
295,669,369654
295,693,369654
295,753,369654
295,762,369654
303,581,1221607
303,690,1221607
303,699,1221607
306,581,1221607
306,690,1221607
306,699,1221607
311,606,717621
312,727,724438
315,580,449743
315,603,449743
315,638,449743
315,639,449743
315,640,449743
315,686,449743
315,687,449743
320,580,449743
320,603,449743
320,638,449743
320,639,449743
320,640,449743
320,686,449743
320,687,449743
325,580,449743
325,603,449743
325,638,449743
325,639,449743
325,640,449743
325,686,449743
325,687,449743
326,580,424865
326,647,424865
326,648,424865
326,651,424865
326,744,424865
326,767,424865
327,580,170884
327,641,170884
327,747,170884
335,580,1088671
335,736,1088671
336,580,369654
336,647,369654
336,648,369654
336,669,369654
336,693,369654
336,753,369654
336,762,369654
337,580,369654
337,647,369654
337,648,369654
337,669,369654
337,693,369654
337,753,369654
337,762,369654
348,697,"797398,1029676"
354,580,"424865,369654"
354,647,"424865,369654"
354,648,"424865,369654"
354,651,424865
354,669,369654
354,693,369654
354,744,424865
354,753,369654
354,762,369654
354,767,424865
360,602,998545
360,622,998545
360,637,998545
360,718,998545
360,752,998545
368,580,560724
368,581,"1198352,739860,118478"
368,582,"1095891,1198352,739860,118478,308992"
368,583,"1198352,739860,118478"
368,585,"598952,911353"
368,590,911353
368,592,911353
368,594,"528757,1215438"
368,610,560724
368,611,560724
368,685,528757
368,706,1095891
368,707,374468
368,709,374468
368,721,415088
368,726,282261
368,750,374468
369,580,"473727,833102"
369,590,1166865
371,580,230440
371,600,875200
371,722,453834
374,580,"1171591,1109186"
374,581,"1171591,483533,616689,266488,1198352,205109,612824,739860,485938,133892,1166148,156634,1106966,130181,1172616,427250,261384,421137,1168767,368080,607784,118478,1167207,270220,1171370,114666"
374,582,"1171591,483533,1095891,616689,1198352,205109,612824,739860,133892,1166148,156634,427096,427250,261384,421137,1168767,460228,368080,607784,1236675,118478,1167207,270220,552846"
374,583,"1171591,483533,616689,1198352,205109,612824,739860,133892,1166148,156634,427250,261384,421137,1168767,368080,607784,118478,1167207,270220"
374,584,1171591
374,603,988692
374,614,"427096,427250"
374,615,"427096,427250"
374,616,1191682
374,657,205109
374,667,988692
374,668,988692
374,676,988692
374,695,555714
374,706,1095891
375,580,"1171591,1163691,244827"
375,581,"1171591,616689,1198352,205109,1163691,612824,739860,133892,1166148,156634,244827,427250,603391,421137,1205586,1168767,368080,607784,118478,1167207,270220,114666"
375,582,"1171591,1095891,616689,1198352,205109,1163691,612824,489993,739860,453193,1196697,133892,146208,1166148,156634,556062,427096,244827,427250,603391,421137,1205586,1168767,368080,607784,118478,308992,1167207,270220,552846"
375,583,"1171591,616689,1198352,205109,1163691,612824,739860,133892,1166148,156634,244827,427250,603391,421137,1205586,1168767,368080,607784,118478,1167207,270220"
375,584,"1171591,1163691,244827"
375,614,"427096,427250"
375,615,"427096,427250"
375,657,205109
375,706,1095891
376,581,"1198352,739860,118478"
376,582,"1095891,1198352,739860,118478,308992"
376,583,"1198352,739860,118478"
376,706,1095891
377,580,1171591
377,581,"1171591,616689,1198352,205109,612824,739860,133892,1166148,156634,427250,421137,1168767,368080,607784,118478,1167207,270220,114666"
377,582,"1171591,1095891,616689,1198352,205109,612824,739860,133892,1166148,156634,427096,427250,421137,1168767,368080,607784,118478,1167207,270220,552846"
377,583,"1171591,616689,1198352,205109,612824,739860,133892,1166148,156634,427250,421137,1168767,368080,607784,118478,1167207,270220"
377,584,1171591
377,614,"427096,427250"
377,615,"427096,427250"
377,657,205109
377,706,1095891
378,581,"1198352,739860,118478"
378,582,"1095891,1198352,739860,118478"
378,583,"1198352,739860,118478"
378,706,1095891
379,580,"163869,498529,833102"
379,587,596052
379,606,1013535
379,612,"596052,1013535"
381,580,833102
382,580,369391
382,587,"596052,159082"
382,610,369391
382,611,369391
382,612,596052
382,743,159082
385,594,"749584,749584,1056258"
385,612,1056258
385,613,1056258
385,654,289065
387,581,995860
387,602,"596217,995860,531053,1014685,1082751,1179263,989025"
387,603,"995860,1014685,1082751,988692,1179263,989025"
387,604,995860
387,605,"995860,1014685,1082751,1179263,989025"
387,635,"531053,1082751"
387,638,989025
387,640,989025
387,641,1014685
387,642,1014685
387,652,995860
387,653,995860
387,662,1014685
387,663,1014685
387,664,1014685
387,665,995860
387,667,"1014685,988692"
387,668,"1014685,988692"
387,674,995860
387,676,988692
387,690,1014685
387,695,"555714,1179263"
387,705,1179263
387,730,"995860,531053"
387,737,1014685
387,740,1082751
387,767,989025
387,776,1014685
388,603,988692
388,667,988692
388,668,988692
388,676,988692
388,695,555714
389,581,603391
389,582,603391
389,583,603391
389,594,"749584,749584"
389,683,1060176
391,580,473727
393,580,473727
397,580,470752
397,585,470752
397,586,470752
397,587,434234
397,623,387660
403,580,517260
403,585,315579
403,590,315579
403,592,315579
403,621,517260
403,715,517260
404,585,911353
404,590,911353
404,592,911353
405,585,911353
405,590,911353
405,592,911353
407,581,995860
407,602,"995860,1082751"
407,603,"995860,1082751,1058591"
407,604,995860
407,605,"995860,1082751"
407,635,1082751
407,652,995860
407,653,995860
407,665,995860
407,674,995860
407,730,995860
407,740,1082751
408,581,995860
408,602,"995860,1082751"
408,603,"995860,1082751"
408,604,995860
408,605,"995860,1082751"
408,635,1082751
408,652,995860
408,653,995860
408,665,995860
408,674,995860
408,730,995860
408,740,1082751
415,590,401551
415,600,401551
415,619,401551
415,620,401551
415,771,401551
417,581,995860
417,602,995860
417,603,995860
417,604,995860
417,605,995860
417,652,995860
417,653,995860
417,665,995860
417,674,995860
417,730,995860
422,581,"616689,603391"
422,582,"616689,603391"
422,583,"616689,603391"
422,590,955102
423,581,"616689,603391"
423,582,"616689,603391"
423,583,"616689,603391"
427,618,602997
428,602,989025
428,603,989025
428,605,989025
428,638,989025
428,640,989025
428,683,1060176
428,767,989025
429,580,869865
429,655,352539
429,679,869865
429,734,869865
429,774,869865
434,672,1036212
435,580,524978
435,590,524978
435,591,524978
436,630,1178332
436,634,1178332
437,721,415088
438,602,"531053,1082751,1179263"
438,603,"1082751,1179263"
438,605,"1082751,1179263"
438,635,"531053,1082751"
438,695,1179263
438,705,1179263
438,730,531053
438,740,1082751
439,602,"531053,1082751,1179263"
439,603,"1082751,1179263"
439,605,"1082751,1179263"
439,635,"531053,1082751"
439,695,1179263
439,705,1179263
439,730,531053
439,740,1082751
440,602,596217
441,602,596217
443,602,596217
444,582,1095891
444,706,1095891
455,602,1082751
455,603,1082751
455,605,1082751
455,635,1082751
455,740,1082751
460,751,310155
471,602,596217
471,621,963615
471,622,535929
471,645,"963615,535929"
471,646,963615
471,681,535929
471,712,963615
471,715,963615
471,716,963615
471,745,963615
472,581,"616689,603391"
472,582,"616689,603391"
472,583,"616689,603391"
473,581,"616689,603391"
473,582,"616689,603391"
473,583,"616689,603391"
474,581,"616689,603391"
474,582,"616689,603391"
474,583,"616689,603391"
475,602,"531053,1082751"
475,603,1082751
475,605,1082751
475,635,"531053,1082751"
475,730,531053
475,740,1082751
477,581,995860
477,602,"596217,995860"
477,603,995860
477,604,995860
477,605,995860
477,652,995860
477,653,995860
477,665,995860
477,674,995860
477,730,995860
478,581,995860
478,602,"596217,995860"
478,603,995860
478,604,995860
478,605,995860
478,652,995860
478,653,995860
478,665,995860
478,674,995860
478,730,995860
479,624,"723615,464167"
481,580,517260
481,621,517260
481,715,517260
487,580,504878
491,581,995860
491,602,"995860,531053"
491,603,995860
491,604,995860
491,605,995860
491,635,531053
491,652,995860
491,653,995860
491,665,995860
491,674,995860
491,730,"995860,531053"
492,581,995860
492,602,"995860,531053"
492,603,995860
492,604,995860
492,605,995860
492,635,531053
492,652,995860
492,653,995860
492,665,995860
492,674,995860
492,730,"995860,531053"
494,602,1179263
494,603,1179263
494,605,1179263
494,695,1179263
494,705,1179263
496,590,146201
496,610,146201
504,581,734723
504,603,"734723,988692"
504,604,734723
504,631,734723
504,667,988692
504,668,988692
504,676,"734723,988692"
510,768,562434
517,618,392698
517,659,392698
518,594,579539
518,656,579539
519,594,579539
519,656,579539
524,602,989025
524,603,989025
524,605,989025
524,638,989025
524,640,989025
524,767,989025
528,580,517260
528,585,315579
528,590,315579
528,592,315579
528,621,517260
528,715,517260
532,612,819872
534,603,988692
534,667,988692
534,668,988692
534,676,988692
535,683,1060176
541,603,1058591
546,621,963615
546,645,963615
546,646,963615
546,712,963615
546,715,963615
546,716,963615
546,745,963615
549,587,596052
549,612,596052
550,603,"988692,1058591"
550,667,988692
550,668,988692
550,676,988692
555,621,963615
555,645,963615
555,646,963615
555,712,963615
555,715,963615
555,716,963615
555,745,963615
560,585,121128
564,618,392698
564,659,392698
569,585,315579
569,590,315579
569,592,315579
577,673,1158336
577,769,1158336
